Iteration 1
1	deque([(('109_0', 'h'), ('87_2', 't')), (('87_2', 'h'), ('114_0', 't')), (('114_0', 'h'), ('109_0', 't'))])

Chosen seed at iteration 1: 1
Chosen chr at iteration 1


Iteration 2
2	deque([(('109_0', 'h'), ('87_2', 't')), (('87_2', 'h'), ('114_1', 't')), (('114_1', 'h'), ('109_0', 't'))])

Chosen seed at iteration 2: 1
Chosen chr at iteration 2


Iteration 3
3	deque([(('109_0', 'h'), ('87_1', 't')), (('87_1', 'h'), ('114_3', 't')), (('114_3', 'h'), ('109_0', 't'))])

Chosen seed at iteration 3: 1
Chosen chr at iteration 3


Iteration 4
Iteration 1
Iteration 1
1	deque([(('167_9', 'h'), ('126_8', 'h')), (('133_5', 'h'), ('126_8', 't')), (('120_7', 'h'), ('133_5', 't')), (('144_1', 'h'), ('120_7', 't')), (('172_8', 'h'), ('144_1', 't')), (('158_4', 'h'), ('172_8', 't')), (('158_4', 't'), ('154_0', 't')), (('154_0', 'h'), ('65_0', 'h')), (('156_4', 'h'), ('65_0', 't')), (('156_4', 't'), ('150_1', 't')), (('150_1', 'h'), ('144_2', 't')), (('144_2', 'h'), ('121_1', 'h')), (('135_0', 't'), ('121_1', 't')), (('135_0', 'h'), ('124_4', 't')), (('124_4', 'h'), ('125_0', 't')), (('125_0', 'h'), ('148_0', 't')), (('153_0', 'h'), ('148_0', 'h')), (('147_7', 'h'), ('153_0', 't')), (('177_3', 't'), ('147_7', 't')), (('177_3', 'h'), ('141_5', 't')), (('141_5', 'h'), ('111_9', 't')), (('111_9', 'h'), ('112_1', 't')), (('112_1', 'h'), ('91_0', 'h')), (('139_2', 'h'), ('91_0', 't')), (('166_1', 'h'), ('139_2', 't')), (('169_7', 'h'), ('166_1', 't')), (('169_7', 't'), ('167_9', 't'))])

Chosen seed at iteration 1: 1
Chosen chr at iteration 1


Iteration 2
Iteration 1
Iteration 1
Iteration 1
Iteration 1
Iteration 1
1	deque([(('153_3', 'h'), ('25_0', 'h')), (('128_0', 't'), ('25_0', 't')), (('128_0', 'h'), ('67_1', 't')), (('100_3', 'h'), ('67_1', 'h')), (('73_8', 'h'), ('100_3', 't')), (('170_0', 'h'), ('73_8', 't')), (('146_1', 'h'), ('170_0', 't')), (('146_1', 't'), ('34_1', 't')), (('112_3', 'h'), ('34_1', 'h')), (('111_0', 'h'), ('112_3', 't')), (('140_2', 'h'), ('111_0', 't')), (('177_2', 'h'), ('140_2', 't')), (('177_2', 't'), ('147_5', 't')), (('147_5', 'h'), ('153_3', 't'))])

Chosen seed at iteration 1: 1
Chosen chr at iteration 1


Iteration 2
2	deque([(('146_0', 'h'), ('170_1', 't')), (('170_1', 'h'), ('73_0', 't')), (('73_0', 'h'), ('100_1', 't')), (('100_1', 'h'), ('67_1', 'h')), (('128_0', 'h'), ('67_1', 't')), (('128_0', 't'), ('25_0', 't')), (('153_3', 'h'), ('25_0', 'h')), (('147_8', 'h'), ('153_3', 't')), (('177_2', 't'), ('147_8', 't')), (('177_2', 'h'), ('141_3', 't')), (('141_3', 'h'), ('111_1', 't')), (('111_1', 'h'), ('112_3', 't')), (('112_3', 'h'), ('34_1', 'h')), (('146_0', 't'), ('34_1', 't'))])

Chosen seed at iteration 2: 1
Chosen chr at iteration 2


Iteration 3
3	deque([(('128_0', 't'), ('25_0', 't')), (('128_0', 'h'), ('67_8', 't')), (('100_1', 'h'), ('67_8', 'h')), (('73_0', 'h'), ('100_1', 't')), (('170_1', 'h'), ('73_0', 't')), (('146_1', 'h'), ('170_1', 't')), (('146_1', 't'), ('34_0', 't')), (('112_2', 'h'), ('34_0', 'h')), (('111_7', 'h'), ('112_2', 't')), (('141_1', 'h'), ('111_7', 't')), (('177_2', 'h'), ('141_1', 't')), (('177_2', 't'), ('147_9', 't')), (('147_9', 'h'), ('153_5', 't')), (('153_5', 'h'), ('25_0', 'h'))])

Chosen seed at iteration 3: 1
Chosen chr at iteration 3


Iteration 4
4	deque([(('140_2', 'h'), ('111_10', 't')), (('111_10', 'h'), ('112_3', 't')), (('112_3', 'h'), ('34_1', 'h')), (('146_2', 't'), ('34_1', 't')), (('146_2', 'h'), ('170_1', 't')), (('170_1', 'h'), ('73_1', 't')), (('73_1', 'h'), ('100_2', 't')), (('100_2', 'h'), ('67_9', 'h')), (('128_3', 'h'), ('67_9', 't')), (('128_3', 't'), ('25_0', 't')), (('153_3', 'h'), ('25_0', 'h')), (('147_5', 'h'), ('153_3', 't')), (('177_5', 't'), ('147_5', 't')), (('177_5', 'h'), ('140_2', 't'))])

Chosen seed at iteration 4: 1
Chosen chr at iteration 4


Iteration 1
Iteration 1
Iteration 1
Iteration 1
Iteration 1
Iteration 1
Iteration 1
Iteration 1
Iteration 1
Iteration 1
Iteration 1
Iteration 1
Iteration 1
Iteration 1
Iteration 1
Iteration 1
Iteration 1
Iteration 1
Iteration 1
Iteration 1
Iteration 1
Iteration 1
Iteration 1
Iteration 1
Iteration 1
