Iteration 1
1	deque([(('161_0', 'h'), ('150_2', 't')), (('161_0', 't'), ('130_0', 't')), (('130_0', 'h'), ('161_1', 't')), (('161_1', 'h'), ('150_2', 'h'))])
1	deque([(('183_2', 'h'), ('296_0', 't')), (('235_1', 'h'), ('183_2', 't')), (('245_2', 'h'), ('235_1', 't')), (('90_1', 'h'), ('245_2', 't')), (('111_2', 't'), ('90_1', 't')), (('111_2', 'h'), ('60_0', 't')), (('134_5', 'h'), ('60_0', 'h')), (('75_1', 'h'), ('134_5', 't')), (('128_0', 't'), ('75_1', 't')), (('134_3', 'h'), ('128_0', 'h')), (('134_3', 't'), ('104_0', 't')), (('104_0', 'h'), ('134_4', 't')), (('287_0', 'h'), ('134_4', 'h')), (('128_1', 'h'), ('287_0', 't')), (('76_1', 'h'), ('128_1', 't')), (('134_1', 'h'), ('76_1', 't')), (('134_1', 't'), ('73_0', 't')), (('73_0', 'h'), ('248_9', 't')), (('248_9', 'h'), ('235_0', 't')), (('235_0', 'h'), ('326_1', 't')), (('326_1', 'h'), ('264_0', 't')), (('264_0', 'h'), ('120_1', 't')), (('120_1', 'h'), ('95_1', 'h')), (('101_1', 'h'), ('95_1', 't')), (('187_1', 'h'), ('101_1', 't')), (('269_0', 't'), ('187_1', 't')), (('269_0', 'h'), ('200_0', 'h')), (('200_0', 't'), ('105_1', 't')), (('105_1', 'h'), ('304_0', 't')), (('304_0', 'h'), ('83_0', 't')), (('83_0', 'h'), ('279_7', 't')), (('316_0', 'h'), ('279_7', 'h')), (('100_3', 'h'), ('316_0', 't')), (('296_0', 'h'), ('100_3', 't'))])
1	deque([(('166_5', 't'), ('121_0', 't')), (('121_0', 'h'), ('48_1', 't')), (('48_1', 'h'), ('121_4', 't')), (('121_4', 'h'), ('91_1', 'h')), (('166_5', 'h'), ('91_1', 't'))])

Chosen seed at iteration 1: 1
Chosen chr at iteration 1



Chosen seed at iteration 2: 2
Chosen chr at iteration 2



Chosen seed at iteration 3: 3
Chosen chr at iteration 3


Iteration 4
4	deque([(('134_2', 'h'), ('76_1', 't')), (('76_1', 'h'), ('128_1', 't')), (('134_1', 'h'), ('128_1', 'h')), (('134_1', 't'), ('104_1', 't')), (('104_1', 'h'), ('134_4', 't')), (('134_4', 'h'), ('60_0', 'h')), (('111_3', 'h'), ('60_0', 't')), (('111_3', 't'), ('90_1', 't')), (('90_1', 'h'), ('245_2', 't')), (('245_2', 'h'), ('235_1', 't')), (('235_1', 'h'), ('183_2', 't')), (('183_2', 'h'), ('296_1', 't')), (('296_1', 'h'), ('100_0', 't')), (('100_0', 'h'), ('316_0', 't')), (('316_0', 'h'), ('279_9', 'h')), (('83_0', 'h'), ('279_9', 't')), (('304_2', 'h'), ('83_0', 't')), (('105_1', 'h'), ('304_2', 't')), (('200_1', 't'), ('105_1', 't')), (('269_0', 'h'), ('200_1', 'h')), (('269_0', 't'), ('187_1', 't')), (('187_1', 'h'), ('101_0', 't')), (('101_0', 'h'), ('95_0', 't')), (('120_0', 'h'), ('95_0', 'h')), (('264_1', 'h'), ('120_0', 't')), (('326_1', 'h'), ('264_1', 't')), (('235_0', 'h'), ('326_1', 't')), (('248_0', 'h'), ('235_0', 't')), (('73_0', 'h'), ('248_0', 't')), (('134_5', 't'), ('73_0', 't')), (('287_0', 'h'), ('134_5', 'h')), (('128_0', 'h'), ('287_0', 't')), (('128_0', 't'), ('75_1', 't')), (('75_1', 'h'), ('134_2', 't'))])
4	deque([(('166_0', 't'), ('121_1', 't')), (('121_1', 'h'), ('48_1', 't')), (('48_1', 'h'), ('121_3', 't')), (('121_3', 'h'), ('91_1', 'h')), (('166_0', 'h'), ('91_1', 't'))])
4	deque([(('130_0', 'h'), ('161_0', 't')), (('161_1', 't'), ('130_0', 't')), (('161_1', 'h'), ('150_0', 'h')), (('161_0', 'h'), ('150_0', 't'))])

Chosen seed at iteration 4: 1
Chosen chr at iteration 4



Chosen seed at iteration 5: 2
Chosen chr at iteration 5



Chosen seed at iteration 6: 3
Chosen chr at iteration 6


Iteration 1
1	deque([(('134_0', 'h'), ('76_0', 't')), (('76_0', 'h'), ('128_2', 't')), (('134_3', 'h'), ('128_2', 'h')), (('104_0', 'h'), ('134_3', 't')), (('134_0', 't'), ('104_0', 't'))])
1	deque([(('294_0', 'h'), ('195_0', 'h')), (('131_0', 'h'), ('294_0', 't')), (('131_0', 't'), ('89_0', 't')), (('167_1', 'h'), ('89_0', 'h')), (('151_0', 'h'), ('167_1', 't')), (('208_0', 't'), ('151_0', 't')), (('250_2', 'h'), ('208_0', 'h')), (('288_1', 'h'), ('250_2', 't')), (('32_0', 'h'), ('288_1', 't')), (('279_2', 't'), ('32_0', 't')), (('316_1', 'h'), ('279_2', 'h')), (('100_1', 'h'), ('316_1', 't')), (('321_2', 'h'), ('100_1', 't')), (('205_0', 'h'), ('321_2', 't')), (('205_0', 't'), ('195_0', 't'))])
1	deque([(('101_1', 'h'), ('95_1', 't')), (('148_0', 'h'), ('101_1', 't')), (('148_0', 't'), ('105_0', 't')), (('105_0', 'h'), ('304_1', 't')), (('304_1', 'h'), ('68_0', 't')), (('68_0', 'h'), ('264_2', 't')), (('264_2', 'h'), ('120_3', 't')), (('120_3', 'h'), ('95_1', 'h'))])
1	deque([(('48_0', 'h'), ('121_4', 't')), (('121_4', 'h'), ('91_0', 'h')), (('166_2', 'h'), ('91_0', 't')), (('166_2', 't'), ('121_5', 't')), (('121_5', 'h'), ('48_0', 't'))])

Chosen seed at iteration 1: 1
Chosen chr at iteration 1



Chosen seed at iteration 2: 2
Chosen chr at iteration 2



Chosen seed at iteration 3: 3
Chosen chr at iteration 3



Chosen seed at iteration 4: 4
Chosen chr at iteration 4


Iteration 1
Iteration 1
1	deque([(('120_2', 'h'), ('183_1', 't')), (('264_3', 'h'), ('120_2', 't')), (('72_0', 'h'), ('264_3', 't')), (('112_0', 'h'), ('72_0', 't')), (('145_0', 'h'), ('112_0', 't')), (('138_1', 'h'), ('145_0', 't')), (('189_0', 't'), ('138_1', 't')), (('189_0', 'h'), ('254_0', 't')), (('254_0', 'h'), ('159_0', 'h')), (('273_0', 'h'), ('159_0', 't')), (('273_0', 't'), ('107_0', 't')), (('144_0', 'h'), ('107_0', 'h')), (('144_0', 't'), ('142_7', 't')), (('142_7', 'h'), ('270_1', 't')), (('270_1', 'h'), ('29_0', 't')), (('113_2', 'h'), ('29_0', 'h')), (('106_0', 'h'), ('113_2', 't')), (('179_2', 't'), ('106_0', 't')), (('179_2', 'h'), ('74_0', 'h')), (('210_0', 'h'), ('74_0', 't')), (('244_1', 'h'), ('210_0', 't')), (('222_1', 'h'), ('244_1', 't')), (('222_1', 't'), ('196_1', 't')), (('196_1', 'h'), ('58_0', 't')), (('58_0', 'h'), ('288_2', 't')), (('288_2', 'h'), ('250_0', 't')), (('250_0', 'h'), ('208_1', 'h')), (('208_1', 't'), ('151_3', 't')), (('151_3', 'h'), ('160_1', 't')), (('301_1', 'h'), ('160_1', 'h')), (('183_1', 'h'), ('301_1', 't'))])

Chosen seed at iteration 1: 1
Chosen chr at iteration 1


Iteration 2
2	deque([(('189_0', 't'), ('138_1', 't')), (('189_0', 'h'), ('254_1', 't')), (('254_1', 'h'), ('159_0', 'h')), (('273_0', 'h'), ('159_0', 't')), (('273_0', 't'), ('107_0', 't')), (('144_0', 'h'), ('107_0', 'h')), (('144_0', 't'), ('142_7', 't')), (('142_7', 'h'), ('270_3', 't')), (('270_3', 'h'), ('29_0', 't')), (('113_0', 'h'), ('29_0', 'h')), (('106_1', 'h'), ('113_0', 't')), (('179_1', 't'), ('106_1', 't')), (('179_1', 'h'), ('74_1', 'h')), (('210_0', 'h'), ('74_1', 't')), (('244_1', 'h'), ('210_0', 't')), (('222_1', 'h'), ('244_1', 't')), (('222_1', 't'), ('196_0', 't')), (('196_0', 'h'), ('58_0', 't')), (('58_0', 'h'), ('288_0', 't')), (('288_0', 'h'), ('250_1', 't')), (('250_1', 'h'), ('208_1', 'h')), (('208_1', 't'), ('151_1', 't')), (('151_1', 'h'), ('160_0', 't')), (('301_1', 'h'), ('160_0', 'h')), (('183_1', 'h'), ('301_1', 't')), (('120_2', 'h'), ('183_1', 't')), (('264_3', 'h'), ('120_2', 't')), (('72_0', 'h'), ('264_3', 't')), (('112_1', 'h'), ('72_0', 't')), (('145_0', 'h'), ('112_1', 't')), (('138_1', 'h'), ('145_0', 't'))])

Chosen seed at iteration 2: 1
Chosen chr at iteration 2


Iteration 3
3	deque([(('179_2', 't'), ('106_1', 't')), (('106_1', 'h'), ('113_1', 't')), (('113_1', 'h'), ('29_0', 'h')), (('270_1', 'h'), ('29_0', 't')), (('142_7', 'h'), ('270_1', 't')), (('144_0', 't'), ('142_7', 't')), (('144_0', 'h'), ('107_0', 'h')), (('273_0', 't'), ('107_0', 't')), (('273_0', 'h'), ('159_0', 't')), (('254_0', 'h'), ('159_0', 'h')), (('189_0', 'h'), ('254_0', 't')), (('189_0', 't'), ('138_0', 't')), (('138_0', 'h'), ('145_0', 't')), (('145_0', 'h'), ('112_1', 't')), (('112_1', 'h'), ('72_0', 't')), (('72_0', 'h'), ('264_3', 't')), (('264_3', 'h'), ('120_2', 't')), (('120_2', 'h'), ('183_1', 't')), (('183_1', 'h'), ('301_1', 't')), (('301_1', 'h'), ('160_0', 'h')), (('151_1', 'h'), ('160_0', 't')), (('208_1', 't'), ('151_1', 't')), (('250_1', 'h'), ('208_1', 'h')), (('288_0', 'h'), ('250_1', 't')), (('58_1', 'h'), ('288_0', 't')), (('196_0', 'h'), ('58_1', 't')), (('222_1', 't'), ('196_0', 't')), (('222_1', 'h'), ('244_1', 't')), (('244_1', 'h'), ('210_0', 't')), (('210_0', 'h'), ('74_0', 't')), (('179_2', 'h'), ('74_0', 'h'))])

Chosen seed at iteration 3: 1
Chosen chr at iteration 3


Iteration 4
4	deque([(('196_0', 'h'), ('58_0', 't')), (('58_0', 'h'), ('288_0', 't')), (('288_0', 'h'), ('250_0', 't')), (('250_0', 'h'), ('208_1', 'h')), (('208_1', 't'), ('151_3', 't')), (('151_3', 'h'), ('160_0', 't')), (('301_0', 'h'), ('160_0', 'h')), (('183_1', 'h'), ('301_0', 't')), (('120_2', 'h'), ('183_1', 't')), (('264_3', 'h'), ('120_2', 't')), (('72_0', 'h'), ('264_3', 't')), (('112_0', 'h'), ('72_0', 't')), (('145_0', 'h'), ('112_0', 't')), (('138_1', 'h'), ('145_0', 't')), (('189_0', 't'), ('138_1', 't')), (('189_0', 'h'), ('254_1', 't')), (('254_1', 'h'), ('159_0', 'h')), (('273_0', 'h'), ('159_0', 't')), (('273_0', 't'), ('107_0', 't')), (('144_0', 'h'), ('107_0', 'h')), (('144_0', 't'), ('142_0', 't')), (('142_0', 'h'), ('270_7', 't')), (('270_7', 'h'), ('29_0', 't')), (('113_2', 'h'), ('29_0', 'h')), (('106_1', 'h'), ('113_2', 't')), (('179_2', 't'), ('106_1', 't')), (('179_2', 'h'), ('74_1', 'h')), (('210_0', 'h'), ('74_1', 't')), (('244_1', 'h'), ('210_0', 't')), (('222_1', 'h'), ('244_1', 't')), (('222_1', 't'), ('196_0', 't'))])

Chosen seed at iteration 4: 1
Chosen chr at iteration 4


Iteration 1
Iteration 1
Iteration 1
1	deque([(('180_0', 'h'), ('240_0', 't')), (('240_0', 'h'), ('180_0', 't'))])

Chosen seed at iteration 1: 1
Chosen chr at iteration 1


Iteration 2
Iteration 1
1	deque([(('329_5', 'h'), ('317_2', 't')), (('268_0', 'h'), ('329_5', 't')), (('283_2', 'h'), ('268_0', 't')), (('283_2', 't'), ('41_1', 't')), (('41_1', 'h'), ('142_5', 't')), (('142_5', 'h'), ('270_5', 't')), (('270_5', 'h'), ('12_0', 'h')), (('192_5', 'h'), ('12_0', 't')), (('278_5', 'h'), ('192_5', 't')), (('317_2', 'h'), ('278_5', 't'))])

Chosen seed at iteration 1: 1
Chosen chr at iteration 1


Iteration 2
2	deque([(('278_5', 'h'), ('192_5', 't')), (('317_0', 'h'), ('278_5', 't')), (('329_0', 'h'), ('317_0', 't')), (('268_3', 'h'), ('329_0', 't')), (('283_3', 'h'), ('268_3', 't')), (('283_3', 't'), ('41_0', 't')), (('41_0', 'h'), ('142_6', 't')), (('142_6', 'h'), ('270_4', 't')), (('270_4', 'h'), ('12_0', 'h')), (('192_5', 'h'), ('12_0', 't'))])
2	deque([(('329_1', 'h'), ('317_0', 't'))])
2	deque([(('268_3', 'h'), ('329_1', 't'))])

Chosen seed at iteration 2: 1
Chosen chr at iteration 2



Chosen seed at iteration 3: 2
Chosen chr at iteration 3



Chosen seed at iteration 4: 3
Chosen chr at iteration 4


Iteration 1
Iteration 1
Iteration 1
1	deque([(('283_0', 'h'), ('268_4', 't')), (('283_0', 't'), ('41_1', 't')), (('41_1', 'h'), ('142_1', 't')), (('142_1', 'h'), ('270_0', 't')), (('270_0', 'h'), ('12_1', 'h')), (('192_3', 'h'), ('12_1', 't')), (('278_2', 'h'), ('192_3', 't')), (('317_5', 'h'), ('278_2', 't')), (('329_2', 'h'), ('317_5', 't')), (('268_4', 'h'), ('329_2', 't'))])

Chosen seed at iteration 1: 1
Chosen chr at iteration 1


Iteration 2
2	deque([(('278_3', 'h'), ('192_3', 't')), (('317_1', 'h'), ('278_3', 't')), (('329_3', 'h'), ('317_1', 't')), (('268_1', 'h'), ('329_3', 't')), (('283_2', 'h'), ('268_1', 't')), (('283_2', 't'), ('41_1', 't')), (('41_1', 'h'), ('142_5', 't')), (('142_5', 'h'), ('270_0', 't')), (('270_0', 'h'), ('12_1', 'h')), (('192_3', 'h'), ('12_1', 't'))])

Chosen seed at iteration 2: 1
Chosen chr at iteration 2


Iteration 3
3	deque([(('317_1', 'h'), ('278_1', 't')), (('329_2', 'h'), ('317_1', 't')), (('268_1', 'h'), ('329_2', 't')), (('283_2', 'h'), ('268_1', 't')), (('283_2', 't'), ('41_1', 't')), (('41_1', 'h'), ('142_5', 't')), (('142_5', 'h'), ('270_0', 't')), (('270_0', 'h'), ('12_1', 'h')), (('192_3', 'h'), ('12_1', 't')), (('278_1', 'h'), ('192_3', 't'))])

Chosen seed at iteration 3: 1
Chosen chr at iteration 3


Iteration 4
4	deque([(('192_8', 'h'), ('12_1', 't')), (('278_3', 'h'), ('192_8', 't')), (('317_4', 'h'), ('278_3', 't')), (('329_2', 'h'), ('317_4', 't')), (('268_2', 'h'), ('329_2', 't')), (('283_0', 'h'), ('268_2', 't')), (('283_0', 't'), ('41_1', 't')), (('41_1', 'h'), ('142_1', 't')), (('142_1', 'h'), ('270_5', 't')), (('270_5', 'h'), ('12_1', 'h'))])

Chosen seed at iteration 4: 1
Chosen chr at iteration 4


Iteration 1
Iteration 1
Iteration 1
Iteration 1
Iteration 1
Iteration 1
Iteration 1
Iteration 1
Iteration 1
Iteration 1
Iteration 1
Iteration 1
Iteration 1
1	deque([(('315_1', 'h'), ('312_1', 'h')), (('312_1', 't'), ('46_0', 't')), (('46_0', 'h'), ('291_8', 't')), (('291_8', 'h'), ('143_7', 'h'))])
1	deque([(('315_2', 'h'), ('313_1', 'h'))])

Chosen seed at iteration 1: 1
Chosen chr at iteration 1



Chosen seed at iteration 2: 2
Chosen chr at iteration 2


Iteration 3
3	deque([(('312_0', 't'), ('46_0', 't')), (('46_0', 'h'), ('291_0', 't'))])
3	deque([(('143_5', 'h'), ('315_2', 't'))])
3	deque([(('315_2', 'h'), ('312_0', 'h'))])
3	deque([(('291_3', 't'), ('16_1', 't'))])

Chosen seed at iteration 3: 1
Chosen chr at iteration 3



Chosen seed at iteration 4: 2
Chosen chr at iteration 4



Chosen seed at iteration 5: 3
Chosen chr at iteration 5



Chosen seed at iteration 6: 4
Chosen chr at iteration 6


Iteration 1
Iteration 1
1	deque([(('46_0', 'h'), ('291_9', 't')), (('312_2', 't'), ('46_0', 't')), (('315_3', 'h'), ('312_2', 'h')), (('143_13', 'h'), ('315_3', 't'))])
1	deque([(('143_7', 'h'), ('315_5', 't'))])
1	deque([(('291_9', 'h'), ('143_2', 'h'))])

Chosen seed at iteration 1: 1
Chosen chr at iteration 1



Chosen seed at iteration 2: 2
Chosen chr at iteration 2



Chosen seed at iteration 3: 3
Chosen chr at iteration 3


Iteration 4
Iteration 1
Iteration 1
Iteration 1
Iteration 1
Iteration 1
Iteration 1
Iteration 1
Iteration 1
Iteration 1
Iteration 1
Iteration 1
Iteration 1
Iteration 1
Iteration 1
Iteration 1
Iteration 1
