Iteration 1
1	deque([(('136_0', 'h'), ('68_1', 't')), (('68_1', 'h'), ('136_0', 't'))])
1	deque([(('203_11', 'h'), ('100_0', 'h')), (('252_11', 'h'), ('203_11', 't')), (('206_2', 'h'), ('252_11', 't')), (('197_1', 'h'), ('206_2', 't')), (('212_0', 't'), ('197_1', 't')), (('212_0', 'h'), ('189_0', 't')), (('189_0', 'h'), ('141_0', 'h')), (('201_24', 'h'), ('141_0', 't')), (('227_0', 't'), ('201_24', 't')), (('227_0', 'h'), ('100_5', 'h')), (('85_0', 'h'), ('100_5', 't')), (('100_0', 't'), ('85_0', 't'))])
1	deque([(('78_1', 'h'), ('78_1', 't'))])

Chosen seed at iteration 1: 1
Chosen chr at iteration 1



Chosen seed at iteration 2: 2
Chosen chr at iteration 2



Chosen seed at iteration 3: 3
Chosen chr at iteration 3


Iteration 4
4	deque([(('246_0', 'h'), ('91_3', 'h')), (('163_1', 'h'), ('91_3', 't')), (('163_1', 't'), ('133_2', 't')), (('160_1', 'h'), ('133_2', 'h')), (('143_1', 'h'), ('160_1', 't')), (('246_0', 't'), ('143_1', 't'))])
4	deque([(('158_3', 'h'), ('170_6', 't')), (('115_1', 'h'), ('158_3', 't')), (('73_2', 'h'), ('115_1', 't')), (('127_1', 't'), ('73_2', 't')), (('191_3', 'h'), ('127_1', 'h')), (('191_3', 't'), ('144_1', 't')), (('144_1', 'h'), ('253_2', 't')), (('253_2', 'h'), ('103_2', 't')), (('153_1', 'h'), ('103_2', 'h')), (('116_3', 'h'), ('153_1', 't')), (('116_3', 't'), ('98_2', 't')), (('98_2', 'h'), ('132_4', 't')), (('132_4', 'h'), ('96_0', 't')), (('96_0', 'h'), ('229_3', 't')), (('229_3', 'h'), ('168_15', 't')), (('168_15', 'h'), ('135_23', 't')), (('224_23', 'h'), ('135_23', 'h')), (('88_0', 'h'), ('224_23', 't')), (('88_0', 't'), ('87_1', 't')), (('149_5', 'h'), ('87_1', 'h')), (('157_1', 'h'), ('149_5', 't')), (('118_4', 'h'), ('157_1', 't')), (('216_0', 'h'), ('118_4', 't')), (('245_2', 'h'), ('216_0', 't')), (('69_0', 'h'), ('245_2', 't')), (('87_0', 'h'), ('69_0', 't')), (('140_4', 'h'), ('87_0', 't')), (('268_0', 'h'), ('140_4', 't')), (('243_19', 'h'), ('268_0', 't')), (('203_13', 'h'), ('243_19', 't')), (('252_20', 'h'), ('203_13', 't')), (('206_21', 'h'), ('252_20', 't')), (('197_18', 'h'), ('206_21', 't')), (('212_1', 't'), ('197_18', 't')), (('212_1', 'h'), ('189_0', 't')), (('189_0', 'h'), ('141_0', 'h')), (('201_21', 'h'), ('141_0', 't')), (('227_0', 't'), ('201_21', 't')), (('227_0', 'h'), ('100_0', 'h')), (('85_0', 'h'), ('100_0', 't')), (('100_2', 't'), ('85_0', 't')), (('203_21', 'h'), ('100_2', 'h')), (('263_1', 't'), ('203_21', 't')), (('263_1', 'h'), ('213_0', 't')), (('259_0', 'h'), ('213_0', 'h')), (('197_16', 'h'), ('259_0', 't')), (('209_16', 'h'), ('197_16', 't')), (('188_9', 'h'), ('209_16', 't')), (('150_7', 'h'), ('188_9', 't')), (('251_20', 'h'), ('150_7', 't')), (('208_20', 'h'), ('251_20', 't')), (('201_12', 'h'), ('208_20', 't')), (('218_16', 'h'), ('201_12', 't')), (('218_16', 't'), ('111_1', 't')), (('151_3', 'h'), ('111_1', 'h')), (('151_3', 't'), ('149_4', 't')), (('266_2', 'h'), ('149_4', 'h')), (('140_3', 'h'), ('266_2', 't')), (('235_3', 't'), ('140_3', 't')), (('235_3', 'h'), ('43_0', 'h')), (('166_6', 'h'), ('43_0', 't')), (('247_8', 'h'), ('166_6', 't')), (('170_6', 'h'), ('247_8', 't'))])
4	deque([(('103_3', 'h'), ('146_1', 't')), (('103_3', 't'), ('79_1', 't')), (('242_3', 'h'), ('79_1', 'h')), (('242_3', 't'), ('104_2', 't')), (('104_2', 'h'), ('120_1', 't')), (('120_1', 'h'), ('105_0', 'h')), (('146_1', 'h'), ('105_0', 't'))])
4	deque([(('173_1', 't'), ('148_1', 't')), (('173_1', 'h'), ('55_1', 't')), (('221_2', 'h'), ('55_1', 'h')), (('148_1', 'h'), ('221_2', 't'))])
4	deque([(('116_0', 'h'), ('81_2', 'h')), (('132_2', 'h'), ('81_2', 't')), (('93_0', 'h'), ('132_2', 't')), (('116_0', 't'), ('93_0', 't'))])
4	deque([(('136_0', 'h'), ('68_0', 't')), (('68_0', 'h'), ('136_0', 't'))])
4	deque([(('86_0', 'h'), ('86_0', 't'))])
4	deque([(('78_3', 'h'), ('78_3', 't'))])

Chosen seed at iteration 4: 1
Chosen chr at iteration 4



Chosen seed at iteration 5: 2
Chosen chr at iteration 5



Chosen seed at iteration 6: 3
Chosen chr at iteration 6



Chosen seed at iteration 7: 4
Chosen chr at iteration 7



Chosen seed at iteration 8: 5
Chosen chr at iteration 8



Chosen seed at iteration 9: 6
Chosen chr at iteration 9



Chosen seed at iteration 10: 7
Chosen chr at iteration 10



Chosen seed at iteration 11: 8
Chosen chr at iteration 11


Iteration 1
1	deque([(('116_1', 't'), ('98_1', 't')), (('116_1', 'h'), ('153_0', 't')), (('153_0', 'h'), ('103_0', 'h')), (('253_0', 'h'), ('103_0', 't')), (('144_0', 'h'), ('253_0', 't')), (('191_2', 't'), ('144_0', 't')), (('191_2', 'h'), ('127_0', 'h')), (('127_0', 't'), ('73_0', 't')), (('73_0', 'h'), ('115_0', 't')), (('115_0', 'h'), ('158_7', 't')), (('158_7', 'h'), ('170_1', 't')), (('170_1', 'h'), ('247_4', 't')), (('247_4', 'h'), ('166_9', 't')), (('206_13', 'h'), ('166_9', 'h')), (('197_20', 'h'), ('206_13', 't')), (('209_5', 'h'), ('197_20', 't')), (('188_1', 'h'), ('209_5', 't')), (('150_3', 'h'), ('188_1', 't')), (('251_29', 'h'), ('150_3', 't')), (('210_1', 'h'), ('251_29', 't')), (('201_27', 'h'), ('210_1', 't')), (('218_4', 'h'), ('201_27', 't')), (('71_1', 'h'), ('218_4', 't')), (('138_3', 't'), ('71_1', 't')), (('138_3', 'h'), ('179_3', 't')), (('179_3', 'h'), ('134_2', 't')), (('134_2', 'h'), ('125_0', 't')), (('125_0', 'h'), ('175_2', 't')), (('175_2', 'h'), ('155_0', 't')), (('155_0', 'h'), ('119_0', 'h')), (('119_0', 't'), ('54_1', 't')), (('128_2', 'h'), ('54_1', 'h')), (('38_1', 'h'), ('128_2', 't')), (('101_1', 'h'), ('38_1', 't')), (('221_1', 'h'), ('101_1', 't')), (('148_3', 'h'), ('221_1', 't')), (('173_2', 't'), ('148_3', 't')), (('173_2', 'h'), ('133_3', 'h')), (('162_0', 't'), ('133_3', 't')), (('162_0', 'h'), ('91_1', 't')), (('246_1', 'h'), ('91_1', 'h')), (('246_1', 't'), ('143_0', 't')), (('143_0', 'h'), ('160_2', 't')), (('160_2', 'h'), ('133_0', 'h')), (('163_0', 't'), ('133_0', 't')), (('163_0', 'h'), ('91_0', 't')), (('91_0', 'h'), ('117_0', 't')), (('190_1', 'h'), ('117_0', 'h')), (('53_1', 'h'), ('190_1', 't')), (('167_2', 't'), ('53_1', 't')), (('167_2', 'h'), ('165_2', 't')), (('165_2', 'h'), ('161_0', 't')), (('161_0', 'h'), ('123_2', 't')), (('123_2', 'h'), ('118_0', 't')), (('118_0', 'h'), ('157_2', 't')), (('157_2', 'h'), ('149_3', 't')), (('149_3', 'h'), ('87_3', 'h')), (('88_1', 't'), ('87_3', 't')), (('88_1', 'h'), ('224_3', 't')), (('224_3', 'h'), ('135_24', 'h')), (('168_6', 'h'), ('135_24', 't')), (('229_8', 'h'), ('168_6', 't')), (('96_2', 'h'), ('229_8', 't')), (('132_0', 'h'), ('96_2', 't')), (('93_1', 'h'), ('132_0', 't')), (('116_4', 't'), ('93_1', 't')), (('116_4', 'h'), ('81_0', 'h')), (('132_1', 'h'), ('81_0', 't')), (('98_1', 'h'), ('132_1', 't'))])
1	deque([(('136_1', 'h'), ('68_1', 't')), (('68_1', 'h'), ('136_1', 't'))])
1	deque([(('78_2', 'h'), ('78_2', 't'))])
1	deque([(('86_3', 'h'), ('86_3', 't'))])

Chosen seed at iteration 1: 1
Chosen chr at iteration 1



Chosen seed at iteration 2: 2
Chosen chr at iteration 2



Chosen seed at iteration 3: 3
Chosen chr at iteration 3



Chosen seed at iteration 4: 4
Chosen chr at iteration 4


Iteration 1
1	deque([(('252_3', 'h'), ('31_0', 'h')), (('206_18', 'h'), ('252_3', 't')), (('197_13', 'h'), ('206_18', 't')), (('209_9', 'h'), ('197_13', 't')), (('188_18', 'h'), ('209_9', 't')), (('150_27', 'h'), ('188_18', 't')), (('251_0', 'h'), ('150_27', 't')), (('210_8', 'h'), ('251_0', 't')), (('201_23', 'h'), ('210_8', 't')), (('218_1', 'h'), ('201_23', 't')), (('71_0', 'h'), ('218_1', 't')), (('138_1', 't'), ('71_0', 't')), (('138_1', 'h'), ('179_2', 't')), (('179_2', 'h'), ('134_0', 't')), (('134_0', 'h'), ('62_1', 't')), (('166_8', 'h'), ('62_1', 'h')), (('247_1', 'h'), ('166_8', 't')), (('170_2', 'h'), ('247_1', 't')), (('158_5', 'h'), ('170_2', 't')), (('45_1', 'h'), ('158_5', 't')), (('256_1', 'h'), ('45_1', 't')), (('256_1', 't'), ('184_4', 't')), (('184_4', 'h'), ('228_0', 't')), (('228_0', 'h'), ('240_0', 't')), (('240_0', 'h'), ('97_7', 'h')), (('232_0', 't'), ('97_7', 't')), (('232_0', 'h'), ('186_1', 't')), (('186_1', 'h'), ('159_0', 't')), (('159_0', 'h'), ('82_7', 'h')), (('194_1', 'h'), ('82_7', 't')), (('234_0', 'h'), ('194_1', 't')), (('185_1', 'h'), ('234_0', 't')), (('185_1', 't'), ('147_0', 't')), (('151_0', 'h'), ('147_0', 'h')), (('265_0', 'h'), ('151_0', 't')), (('265_0', 't'), ('244_1', 't')), (('244_1', 'h'), ('216_4', 't')), (('216_4', 'h'), ('118_1', 't')), (('118_1', 'h'), ('157_0', 't')), (('157_0', 'h'), ('149_2', 't')), (('149_2', 'h'), ('87_2', 'h')), (('140_2', 'h'), ('87_2', 't')), (('235_0', 't'), ('140_2', 't')), (('235_0', 'h'), ('31_0', 't'))])
1	deque([(('132_3', 'h'), ('81_1', 't')), (('116_2', 'h'), ('81_1', 'h')), (('116_2', 't'), ('98_3', 't')), (('98_3', 'h'), ('132_3', 't'))])
1	deque([(('78_1', 'h'), ('78_1', 't'))])
1	deque([(('86_4', 'h'), ('86_4', 't'))])

Chosen seed at iteration 1: 1
Chosen chr at iteration 1



Chosen seed at iteration 2: 2
Chosen chr at iteration 2



Chosen seed at iteration 3: 3
Chosen chr at iteration 3



Chosen seed at iteration 4: 4
Chosen chr at iteration 4


Iteration 1
1	deque([(('173_0', 't'), ('148_2', 't')), (('173_0', 'h'), ('55_0', 't')), (('221_3', 'h'), ('55_0', 'h')), (('148_2', 'h'), ('221_3', 't'))])
1	deque([(('170_4', 'h'), ('247_9', 't')), (('247_9', 'h'), ('166_4', 't')), (('166_4', 'h'), ('29_0', 't')), (('29_0', 'h'), ('158_8', 't')), (('158_8', 'h'), ('170_4', 't'))])
1	deque([(('78_0', 'h'), ('78_0', 't'))])
1	deque([(('86_1', 'h'), ('86_1', 't'))])

Chosen seed at iteration 1: 1
Chosen chr at iteration 1



Chosen seed at iteration 2: 2
Chosen chr at iteration 2



Chosen seed at iteration 3: 3
Chosen chr at iteration 3



Chosen seed at iteration 4: 4
Chosen chr at iteration 4


Iteration 1
1	deque([(('86_2', 'h'), ('86_2', 't'))])

Chosen seed at iteration 1: 1
Chosen chr at iteration 1


Iteration 2
Iteration 1
1	deque([(('240_2', 'h'), ('97_0', 'h')), (('193_0', 'h'), ('97_0', 't')), (('262_2', 't'), ('193_0', 't')), (('262_2', 'h'), ('220_0', 't')), (('220_0', 'h'), ('82_0', 'h')), (('194_2', 'h'), ('82_0', 't')), (('234_2', 'h'), ('194_2', 't')), (('185_8', 'h'), ('234_2', 't')), (('185_8', 't'), ('39_0', 't')), (('166_3', 'h'), ('39_0', 'h')), (('247_7', 'h'), ('166_3', 't')), (('170_9', 'h'), ('247_7', 't')), (('158_0', 'h'), ('170_9', 't')), (('45_0', 'h'), ('158_0', 't')), (('256_3', 'h'), ('45_0', 't')), (('256_3', 't'), ('184_0', 't')), (('184_0', 'h'), ('228_1', 't')), (('228_1', 'h'), ('240_2', 't'))])
1	deque([(('86_2', 'h'), ('86_2', 't'))])

Chosen seed at iteration 1: 1
Chosen chr at iteration 1



Chosen seed at iteration 2: 2
Chosen chr at iteration 2


Iteration 3
3	deque([(('185_8', 'h'), ('234_1', 't')), (('185_8', 't'), ('39_0', 't')), (('166_1', 'h'), ('39_0', 'h')), (('247_7', 'h'), ('166_1', 't')), (('170_3', 'h'), ('247_7', 't')), (('158_0', 'h'), ('170_3', 't')), (('45_0', 'h'), ('158_0', 't')), (('256_2', 'h'), ('45_0', 't')), (('256_2', 't'), ('184_1', 't')), (('184_1', 'h'), ('228_1', 't')), (('228_1', 'h'), ('240_1', 't')), (('240_1', 'h'), ('97_0', 'h')), (('193_0', 'h'), ('97_0', 't')), (('262_0', 't'), ('193_0', 't')), (('262_0', 'h'), ('220_0', 't')), (('220_0', 'h'), ('82_1', 'h')), (('194_2', 'h'), ('82_1', 't')), (('234_1', 'h'), ('194_2', 't'))])

Chosen seed at iteration 3: 1
Chosen chr at iteration 3


Iteration 4
4	deque([(('228_1', 'h'), ('240_2', 't')), (('240_2', 'h'), ('97_3', 'h')), (('193_0', 'h'), ('97_3', 't')), (('262_0', 't'), ('193_0', 't')), (('262_0', 'h'), ('220_5', 't')), (('220_5', 'h'), ('82_0', 'h')), (('194_0', 'h'), ('82_0', 't')), (('234_2', 'h'), ('194_0', 't')), (('185_5', 'h'), ('234_2', 't')), (('185_5', 't'), ('39_1', 't')), (('166_1', 'h'), ('39_1', 'h')), (('247_3', 'h'), ('166_1', 't')), (('170_9', 'h'), ('247_3', 't')), (('158_6', 'h'), ('170_9', 't')), (('45_0', 'h'), ('158_6', 't')), (('256_2', 'h'), ('45_0', 't')), (('256_2', 't'), ('184_3', 't')), (('184_3', 'h'), ('228_1', 't'))])

Chosen seed at iteration 4: 1
Chosen chr at iteration 4


Iteration 1
1	deque([(('86_2', 'h'), ('86_2', 't'))])

Chosen seed at iteration 1: 1
Chosen chr at iteration 1


Iteration 2
Iteration 1
1	deque([(('60_0', 'h'), ('158_9', 't')), (('218_13', 't'), ('60_0', 't')), (('218_13', 'h'), ('201_13', 't')), (('201_13', 'h'), ('210_5', 't')), (('210_5', 'h'), ('251_14', 't')), (('251_14', 'h'), ('150_0', 't')), (('150_0', 'h'), ('188_27', 't')), (('188_27', 'h'), ('209_27', 't')), (('209_27', 'h'), ('197_0', 't')), (('197_0', 'h'), ('206_9', 't')), (('206_9', 'h'), ('166_5', 'h')), (('247_0', 'h'), ('166_5', 't')), (('170_0', 'h'), ('247_0', 't')), (('158_9', 'h'), ('170_0', 't'))])
1	deque([(('86_2', 'h'), ('86_2', 't'))])
1	deque([(('224_9', 't'), ('192_3', 't')), (('224_9', 'h'), ('135_10', 'h')), (('168_13', 'h'), ('135_10', 't')), (('229_4', 'h'), ('168_13', 't')), (('192_3', 'h'), ('229_4', 't'))])

Chosen seed at iteration 1: 1
Chosen chr at iteration 1



Chosen seed at iteration 2: 2
Chosen chr at iteration 2



Chosen seed at iteration 3: 3
Chosen chr at iteration 3


Iteration 4
4	deque([(('192_0', 'h'), ('229_2', 't')), (('224_4', 't'), ('192_0', 't')), (('224_4', 'h'), ('135_12', 'h')), (('168_3', 'h'), ('135_12', 't')), (('229_2', 'h'), ('168_3', 't'))])
4	deque([(('218_10', 't'), ('60_0', 't')), (('60_0', 'h'), ('158_9', 't')), (('158_9', 'h'), ('170_3', 't')), (('170_3', 'h'), ('247_2', 't')), (('247_2', 'h'), ('166_5', 't')), (('206_4', 'h'), ('166_5', 'h')), (('197_12', 'h'), ('206_4', 't')), (('209_3', 'h'), ('197_12', 't')), (('188_10', 'h'), ('209_3', 't')), (('150_19', 'h'), ('188_10', 't')), (('251_18', 'h'), ('150_19', 't')), (('210_5', 'h'), ('251_18', 't')), (('201_11', 'h'), ('210_5', 't')), (('218_10', 'h'), ('201_11', 't'))])

Chosen seed at iteration 4: 1
Chosen chr at iteration 4



Chosen seed at iteration 5: 2
Chosen chr at iteration 5


Iteration 1
1	deque([(('86_2', 'h'), ('86_2', 't'))])

Chosen seed at iteration 1: 1
Chosen chr at iteration 1


Iteration 2
Iteration 1
1	deque([(('86_2', 'h'), ('86_2', 't'))])

Chosen seed at iteration 1: 1
Chosen chr at iteration 1


Iteration 2
2	deque([(('197_2', 'h'), ('206_10', 't')), (('206_10', 'h'), ('252_7', 't')), (('252_7', 'h'), ('203_0', 't')), (('203_0', 'h'), ('243_4', 't')), (('243_4', 'h'), ('18_0', 't')), (('18_0', 'h'), ('158_10', 't')), (('158_10', 'h'), ('170_10', 't')), (('170_10', 'h'), ('247_0', 't')), (('247_0', 'h'), ('166_3', 't')), (('166_3', 'h'), ('135_19', 'h')), (('168_13', 'h'), ('135_19', 't')), (('264_3', 'h'), ('168_13', 't')), (('195_1', 'h'), ('264_3', 't')), (('177_4', 'h'), ('195_1', 't')), (('118_6', 'h'), ('177_4', 't')), (('216_1', 'h'), ('118_6', 't')), (('245_3', 'h'), ('216_1', 't')), (('83_0', 'h'), ('245_3', 't')), (('218_8', 't'), ('83_0', 't')), (('218_8', 'h'), ('201_28', 't')), (('201_28', 'h'), ('210_2', 't')), (('210_2', 'h'), ('251_3', 't')), (('251_3', 'h'), ('150_24', 't')), (('150_24', 'h'), ('188_6', 't')), (('211_1', 'h'), ('188_6', 'h')), (('211_1', 't'), ('197_2', 't'))])

Chosen seed at iteration 2: 1
Chosen chr at iteration 2


Iteration 3
3	deque([(('170_10', 'h'), ('247_0', 't')), (('247_0', 'h'), ('166_3', 't')), (('166_3', 'h'), ('135_2', 'h')), (('168_19', 'h'), ('135_2', 't')), (('264_3', 'h'), ('168_19', 't')), (('195_0', 'h'), ('264_3', 't')), (('177_0', 'h'), ('195_0', 't')), (('118_3', 'h'), ('177_0', 't')), (('216_2', 'h'), ('118_3', 't')), (('245_1', 'h'), ('216_2', 't')), (('83_1', 'h'), ('245_1', 't')), (('218_9', 't'), ('83_1', 't')), (('218_9', 'h'), ('201_28', 't')), (('201_28', 'h'), ('210_2', 't')), (('210_2', 'h'), ('251_13', 't')), (('251_13', 'h'), ('150_28', 't')), (('150_28', 'h'), ('188_22', 't')), (('211_1', 'h'), ('188_22', 'h')), (('211_1', 't'), ('197_14', 't')), (('197_14', 'h'), ('206_14', 't')), (('206_14', 'h'), ('252_10', 't')), (('252_10', 'h'), ('203_15', 't')), (('203_15', 'h'), ('243_17', 't')), (('243_17', 'h'), ('18_0', 't')), (('18_0', 'h'), ('158_1', 't')), (('158_1', 'h'), ('170_10', 't'))])

Chosen seed at iteration 3: 1
Chosen chr at iteration 3


Iteration 4
Iteration 1
1	deque([(('86_2', 'h'), ('86_2', 't'))])
1	deque([(('224_20', 't'), ('192_3', 't')), (('224_20', 'h'), ('135_5', 'h')), (('168_5', 'h'), ('135_5', 't')), (('229_9', 'h'), ('168_5', 't')), (('192_3', 'h'), ('229_9', 't'))])

Chosen seed at iteration 1: 1
Chosen chr at iteration 1



Chosen seed at iteration 2: 2
Chosen chr at iteration 2


Iteration 3
Iteration 1
1	deque([(('46_1', 'h'), ('229_5', 't')), (('224_6', 't'), ('46_1', 't')), (('224_6', 'h'), ('135_10', 'h')), (('168_4', 'h'), ('135_10', 't')), (('229_5', 'h'), ('168_4', 't'))])
1	deque([(('86_2', 'h'), ('86_2', 't'))])

Chosen seed at iteration 1: 1
Chosen chr at iteration 1



Chosen seed at iteration 2: 2
Chosen chr at iteration 2


Iteration 3
3	deque([(('46_0', 'h'), ('229_9', 't')), (('229_9', 'h'), ('168_11', 't')), (('168_11', 'h'), ('135_17', 't')), (('224_9', 'h'), ('135_17', 'h')), (('224_9', 't'), ('46_0', 't'))])
3	deque([(('224_9', 't'), ('46_1', 't')), (('46_1', 'h'), ('229_9', 't'))])

Chosen seed at iteration 3: 1
Chosen chr at iteration 3



Chosen seed at iteration 4: 2
Chosen chr at iteration 4


Iteration 1
1	deque([(('168_2', 'h'), ('135_20', 't')), (('229_4', 'h'), ('168_2', 't')), (('46_1', 'h'), ('229_4', 't')), (('224_5', 't'), ('46_1', 't')), (('224_5', 'h'), ('135_20', 'h')), (('168_4', 'h'), ('135_20', 't')), (('229_4', 'h'), ('168_4', 't'))])
1	deque([(('86_2', 'h'), ('86_2', 't'))])

Chosen seed at iteration 1: 1
Chosen chr at iteration 1



Chosen seed at iteration 2: 2
Chosen chr at iteration 2


Iteration 3
3	deque([(('229_11', 'h'), ('168_16', 't')), (('46_1', 'h'), ('229_11', 't')), (('224_20', 't'), ('46_1', 't')), (('224_20', 'h'), ('135_10', 'h')), (('168_16', 'h'), ('135_10', 't'))])

Chosen seed at iteration 3: 1
Chosen chr at iteration 3


Iteration 4
4	deque([(('46_1', 'h'), ('229_11', 't')), (('229_11', 'h'), ('168_16', 't')), (('168_16', 'h'), ('135_22', 't')), (('224_5', 'h'), ('135_22', 'h')), (('224_5', 't'), ('46_1', 't'))])

Chosen seed at iteration 4: 1
Chosen chr at iteration 4


Iteration 1
1	deque([(('86_2', 'h'), ('86_2', 't'))])

Chosen seed at iteration 1: 1
Chosen chr at iteration 1


Iteration 2
Iteration 1
1	deque([(('86_2', 'h'), ('86_2', 't'))])

Chosen seed at iteration 1: 1
Chosen chr at iteration 1


Iteration 2
Iteration 1
1	deque([(('86_2', 'h'), ('86_2', 't'))])

Chosen seed at iteration 1: 1
Chosen chr at iteration 1


Iteration 2
Iteration 1
1	deque([(('86_2', 'h'), ('86_2', 't'))])

Chosen seed at iteration 1: 1
Chosen chr at iteration 1


Iteration 2
2	deque([(('76_1', 'h'), ('76_1', 't'))])

Chosen seed at iteration 2: 1
Chosen chr at iteration 2


Iteration 3
3	deque([(('76_0', 'h'), ('76_0', 't'))])

Chosen seed at iteration 3: 1
Chosen chr at iteration 3


Iteration 4
4	deque([(('76_2', 'h'), ('76_2', 't'))])

Chosen seed at iteration 4: 1
Chosen chr at iteration 4


Iteration 1
1	deque([(('86_2', 'h'), ('86_2', 't'))])

Chosen seed at iteration 1: 1
Chosen chr at iteration 1


Iteration 2
2	deque([(('76_1', 'h'), ('76_1', 't'))])

Chosen seed at iteration 2: 1
Chosen chr at iteration 2


Iteration 3
3	deque([(('76_0', 'h'), ('76_0', 't'))])

Chosen seed at iteration 3: 1
Chosen chr at iteration 3


Iteration 4
4	deque([(('66_2', 'h'), ('66_2', 't'))])

Chosen seed at iteration 4: 1
Chosen chr at iteration 4


Iteration 1
1	deque([(('86_2', 'h'), ('86_2', 't'))])

Chosen seed at iteration 1: 1
Chosen chr at iteration 1


Iteration 2
Iteration 1
1	deque([(('86_2', 'h'), ('86_2', 't'))])

Chosen seed at iteration 1: 1
Chosen chr at iteration 1


Iteration 2
Iteration 1
1	deque([(('86_2', 'h'), ('86_2', 't'))])

Chosen seed at iteration 1: 1
Chosen chr at iteration 1


Iteration 2
Iteration 1
1	deque([(('86_2', 'h'), ('86_2', 't'))])

Chosen seed at iteration 1: 1
Chosen chr at iteration 1


Iteration 2
Iteration 1
1	deque([(('86_2', 'h'), ('86_2', 't'))])

Chosen seed at iteration 1: 1
Chosen chr at iteration 1


Iteration 2
Iteration 1
1	deque([(('86_2', 'h'), ('86_2', 't'))])

Chosen seed at iteration 1: 1
Chosen chr at iteration 1


Iteration 2
Iteration 1
1	deque([(('86_2', 'h'), ('86_2', 't'))])

Chosen seed at iteration 1: 1
Chosen chr at iteration 1


Iteration 2
2	deque([(('224_22', 'h'), ('135_19', 'h')), (('270_2', 'h'), ('224_22', 't'))])
2	deque([(('49_0', 'h'), ('158_1', 't')), (('182_2', 't'), ('49_0', 't')), (('182_2', 'h'), ('250_4', 't'))])
2	deque([(('269_0', 'h'), ('186_3', 't'))])
2	deque([(('226_5', 'h'), ('261_7', 't'))])
2	deque([(('261_7', 'h'), ('82_1', 't'))])
2	deque([(('269_0', 't'), ('233_2', 't'))])

Chosen seed at iteration 2: 1
Chosen chr at iteration 2



Chosen seed at iteration 3: 2
Chosen chr at iteration 3



Chosen seed at iteration 4: 3
Chosen chr at iteration 4



Chosen seed at iteration 5: 4
Chosen chr at iteration 5



Chosen seed at iteration 6: 5
Chosen chr at iteration 6



Chosen seed at iteration 7: 6
Chosen chr at iteration 7


Iteration 1
1	deque([(('86_2', 'h'), ('86_2', 't'))])

Chosen seed at iteration 1: 1
Chosen chr at iteration 1


Iteration 2
Iteration 1
1	deque([(('86_2', 'h'), ('86_2', 't'))])

Chosen seed at iteration 1: 1
Chosen chr at iteration 1


Iteration 2
Iteration 1
1	deque([(('86_2', 'h'), ('86_2', 't'))])

Chosen seed at iteration 1: 1
Chosen chr at iteration 1


Iteration 2
Iteration 1
1	deque([(('86_2', 'h'), ('86_2', 't'))])

Chosen seed at iteration 1: 1
Chosen chr at iteration 1


Iteration 2
Iteration 1
1	deque([(('86_2', 'h'), ('86_2', 't'))])

Chosen seed at iteration 1: 1
Chosen chr at iteration 1


Iteration 2
Iteration 1
1	deque([(('86_2', 'h'), ('86_2', 't'))])
1	deque([(('76_0', 'h'), ('76_0', 't'))])

Chosen seed at iteration 1: 1
Chosen chr at iteration 1



Chosen seed at iteration 2: 2
Chosen chr at iteration 2


Iteration 3
Iteration 1
1	deque([(('86_2', 'h'), ('86_2', 't'))])

Chosen seed at iteration 1: 1
Chosen chr at iteration 1


Iteration 2
Iteration 1
1	deque([(('86_2', 'h'), ('86_2', 't'))])

Chosen seed at iteration 1: 1
Chosen chr at iteration 1


Iteration 2
Iteration 1
1	deque([(('86_2', 'h'), ('86_2', 't'))])

Chosen seed at iteration 1: 1
Chosen chr at iteration 1


Iteration 2
Iteration 1
Iteration 1
Iteration 1
Iteration 1
Iteration 1
Iteration 1
Iteration 1
Iteration 1
Iteration 1
Iteration 1
Iteration 1
Iteration 1
Iteration 1
