Iteration 1
1	deque([(('97_5', 'h'), ('91_1', 'h')), (('64_0', 'h'), ('97_5', 't')), (('64_0', 't'), ('61_2', 't')), (('83_8', 'h'), ('61_2', 'h')), (('62_0', 'h'), ('83_8', 't')), (('65_1', 't'), ('62_0', 't')), (('65_1', 'h'), ('60_3', 'h')), (('74_0', 'h'), ('60_3', 't')), (('58_1', 'h'), ('74_0', 't')), (('83_14', 't'), ('58_1', 't')), (('83_14', 'h'), ('48_0', 't')), (('66_1', 'h'), ('48_0', 'h')), (('33_2', 'h'), ('66_1', 't')), (('61_0', 't'), ('33_2', 't')), (('61_0', 'h'), ('77_1', 't')), (('77_1', 'h'), ('83_10', 't')), (('83_10', 'h'), ('63_2', 't')), (('63_2', 'h'), ('67_0', 't')), (('67_0', 'h'), ('83_0', 't')), (('83_0', 'h'), ('57_1', 'h')), (('83_5', 't'), ('57_1', 't')), (('83_5', 'h'), ('56_0', 'h')), (('83_2', 'h'), ('56_0', 't')), (('83_2', 't'), ('76_0', 't')), (('76_0', 'h'), ('65_2', 't')), (('72_2', 'h'), ('65_2', 'h')), (('74_2', 'h'), ('72_2', 't')), (('74_2', 't'), ('23_1', 't')), (('70_0', 'h'), ('23_1', 'h')), (('91_1', 't'), ('70_0', 't'))])
1	deque([(('85_0', 'h'), ('90_1', 't'))])
1	deque([(('102_0', 'h'), ('90_1', 'h'))])

Chosen seed at iteration 1: 1
Chosen chr at iteration 1



Chosen seed at iteration 2: 2
Chosen chr at iteration 2



Chosen seed at iteration 3: 3
Chosen chr at iteration 3


Iteration 4
4	deque([(('61_1', 't'), ('33_0', 't')), (('33_0', 'h'), ('66_2', 't')), (('66_2', 'h'), ('48_0', 'h')), (('83_12', 'h'), ('48_0', 't')), (('83_12', 't'), ('76_2', 't')), (('76_2', 'h'), ('65_3', 't')), (('72_2', 'h'), ('65_3', 'h')), (('74_4', 'h'), ('72_2', 't')), (('58_1', 'h'), ('74_4', 't')), (('83_7', 't'), ('58_1', 't')), (('83_7', 'h'), ('57_1', 'h')), (('83_13', 't'), ('57_1', 't')), (('83_13', 'h'), ('56_0', 'h')), (('83_2', 'h'), ('56_0', 't')), (('62_1', 'h'), ('83_2', 't')), (('65_0', 't'), ('62_1', 't')), (('65_0', 'h'), ('60_2', 'h')), (('74_1', 'h'), ('60_2', 't')), (('74_1', 't'), ('23_1', 't')), (('70_0', 'h'), ('23_1', 'h')), (('91_0', 't'), ('70_0', 't')), (('97_5', 'h'), ('91_0', 'h')), (('64_1', 'h'), ('97_5', 't')), (('64_1', 't'), ('61_0', 't')), (('83_4', 'h'), ('61_0', 'h')), (('77_0', 'h'), ('83_4', 't')), (('61_1', 'h'), ('77_0', 't'))])
4	deque([(('83_1', 'h'), ('63_2', 't')), (('67_1', 'h'), ('83_1', 't')), (('63_2', 'h'), ('67_1', 't'))])

Chosen seed at iteration 4: 1
Chosen chr at iteration 4



Chosen seed at iteration 5: 2
Chosen chr at iteration 5


Iteration 1
1	deque([(('33_2', 'h'), ('66_0', 't')), (('66_0', 'h'), ('48_1', 'h')), (('83_3', 'h'), ('48_1', 't')), (('67_2', 'h'), ('83_3', 't')), (('63_0', 'h'), ('67_2', 't')), (('83_11', 'h'), ('63_0', 't')), (('77_1', 'h'), ('83_11', 't')), (('61_2', 'h'), ('77_1', 't')), (('64_0', 't'), ('61_2', 't')), (('64_0', 'h'), ('97_0', 't')), (('97_0', 'h'), ('91_2', 'h')), (('91_2', 't'), ('70_2', 't')), (('70_2', 'h'), ('23_2', 'h')), (('74_2', 't'), ('23_2', 't')), (('74_2', 'h'), ('60_3', 't')), (('65_2', 'h'), ('60_3', 'h')), (('76_0', 'h'), ('65_2', 't')), (('83_9', 't'), ('76_0', 't')), (('83_9', 'h'), ('56_1', 't')), (('83_0', 'h'), ('56_1', 'h')), (('83_0', 't'), ('58_0', 't')), (('58_0', 'h'), ('74_0', 't')), (('74_0', 'h'), ('72_0', 't')), (('72_0', 'h'), ('65_1', 'h')), (('65_1', 't'), ('62_0', 't')), (('62_0', 'h'), ('83_6', 't')), (('83_6', 'h'), ('61_3', 'h')), (('61_3', 't'), ('33_2', 't'))])
1	deque([(('83_8', 't'), ('57_0', 't')), (('83_8', 'h'), ('57_0', 'h'))])

Chosen seed at iteration 1: 1
Chosen chr at iteration 1



Chosen seed at iteration 2: 2
Chosen chr at iteration 2


Iteration 3
3	deque([(('63_0', 'h'), ('67_2', 't')), (('67_2', 'h'), ('83_0', 't')), (('83_0', 'h'), ('63_0', 't'))])
3	deque([(('82_0', 't'), ('50_0', 't')), (('50_0', 'h'), ('82_1', 't')), (('82_1', 'h'), ('97_0', 't')), (('97_0', 'h'), ('91_1', 'h'))])
3	deque([(('85_0', 'h'), ('90_1', 't')), (('102_1', 'h'), ('90_1', 'h'))])
3	deque([(('83_5', 'h'), ('57_0', 'h')), (('83_5', 't'), ('57_0', 't'))])

Chosen seed at iteration 3: 1
Chosen chr at iteration 3



Chosen seed at iteration 4: 2
Chosen chr at iteration 4



Chosen seed at iteration 5: 3
Chosen chr at iteration 5



Chosen seed at iteration 6: 4
Chosen chr at iteration 6


Iteration 1
1	deque([(('63_1', 'h'), ('67_0', 't')), (('67_0', 'h'), ('83_10', 't')), (('83_10', 'h'), ('63_1', 't'))])
1	deque([(('32_2', 'h'), ('32_2', 't'))])

Chosen seed at iteration 1: 1
Chosen chr at iteration 1



Chosen seed at iteration 2: 2
Chosen chr at iteration 2


Iteration 3
3	deque([(('83_14', 'h'), ('63_1', 't')), (('67_0', 'h'), ('83_14', 't')), (('63_1', 'h'), ('67_0', 't'))])
3	deque([(('32_0', 'h'), ('32_0', 't'))])

Chosen seed at iteration 3: 1
Chosen chr at iteration 3



Chosen seed at iteration 4: 2
Chosen chr at iteration 4


Iteration 1
1	deque([(('32_2', 'h'), ('32_2', 't'))])

Chosen seed at iteration 1: 1
Chosen chr at iteration 1


Iteration 2
2	deque([(('32_1', 'h'), ('32_1', 't'))])

Chosen seed at iteration 2: 1
Chosen chr at iteration 2


Iteration 3
Iteration 1
1	deque([(('32_1', 'h'), ('32_1', 't'))])

Chosen seed at iteration 1: 1
Chosen chr at iteration 1


Iteration 2
2	deque([(('32_2', 'h'), ('32_2', 't'))])

Chosen seed at iteration 2: 1
Chosen chr at iteration 2


Iteration 3
Iteration 1
1	deque([(('32_2', 'h'), ('32_2', 't'))])

Chosen seed at iteration 1: 1
Chosen chr at iteration 1


Iteration 2
2	deque([(('37_1', 'h'), ('37_1', 't'))])
2	deque([(('32_1', 'h'), ('32_1', 't'))])

Chosen seed at iteration 2: 1
Chosen chr at iteration 2



Chosen seed at iteration 3: 2
Chosen chr at iteration 3


Iteration 4
Iteration 1
1	deque([(('37_1', 'h'), ('37_1', 't'))])
1	deque([(('32_1', 'h'), ('32_1', 't'))])

Chosen seed at iteration 1: 1
Chosen chr at iteration 1



Chosen seed at iteration 2: 2
Chosen chr at iteration 2


Iteration 3
3	deque([(('32_2', 'h'), ('32_2', 't'))])

Chosen seed at iteration 3: 1
Chosen chr at iteration 3


Iteration 4
Iteration 1
1	deque([(('32_1', 'h'), ('32_1', 't'))])

Chosen seed at iteration 1: 1
Chosen chr at iteration 1


Iteration 2
2	deque([(('32_2', 'h'), ('32_2', 't'))])

Chosen seed at iteration 2: 1
Chosen chr at iteration 2


Iteration 3
Iteration 1
Iteration 1
Iteration 1
Iteration 1
Iteration 1
Iteration 1
Iteration 1
Iteration 1
Iteration 1
Iteration 1
Iteration 1
Iteration 1
Iteration 1
Iteration 1
Iteration 1
Iteration 1
Iteration 1
Iteration 1
Iteration 1
Iteration 1
Iteration 1
