Iteration 1
Iteration 1
1	deque([(('327_1', 't'), ('119_3', 't')), (('334_0', 'h'), ('327_1', 'h')), (('334_0', 't'), ('274_3', 't')), (('274_3', 'h'), ('268_4', 't')), (('268_4', 'h'), ('395_1', 't')), (('395_1', 'h'), ('190_0', 'h')), (('239_9', 't'), ('190_0', 't')), (('421_2', 'h'), ('239_9', 'h')), (('421_2', 't'), ('356_1', 't')), (('356_1', 'h'), ('177_2', 'h')), (('77_1', 'h'), ('177_2', 't')), (('111_0', 'h'), ('77_1', 't')), (('119_3', 'h'), ('111_0', 't'))])
1	deque([(('423_0', 't'), ('102_0', 't')), (('423_0', 'h'), ('295_9', 't')), (('295_9', 'h'), ('419_9', 't')), (('419_9', 'h'), ('350_4', 't')), (('350_4', 'h'), ('380_2', 't')), (('380_2', 'h'), ('263_5', 'h')), (('296_5', 't'), ('263_5', 't')), (('296_5', 'h'), ('102_0', 'h'))])

Chosen seed at iteration 1: 1
Chosen chr at iteration 1



Chosen seed at iteration 2: 2
Chosen chr at iteration 2


Iteration 3
Iteration 1
1	deque([(('296_5', 'h'), ('66_0', 'h')), (('351_2', 't'), ('66_0', 't')), (('351_2', 'h'), ('317_1', 't')), (('338_47', 'h'), ('317_1', 'h')), (('343_4', 'h'), ('338_47', 't')), (('422_0', 't'), ('343_4', 't')), (('422_0', 'h'), ('295_3', 't')), (('295_3', 'h'), ('419_13', 't')), (('419_13', 'h'), ('350_5', 't')), (('350_5', 'h'), ('380_2', 't')), (('380_2', 'h'), ('263_10', 'h')), (('296_5', 't'), ('263_10', 't'))])

Chosen seed at iteration 1: 1
Chosen chr at iteration 1


Iteration 2
2	deque([(('295_9', 'h'), ('419_10', 't')), (('419_10', 'h'), ('350_6', 't')), (('350_6', 'h'), ('380_1', 't')), (('380_1', 'h'), ('263_2', 'h')), (('296_2', 't'), ('263_2', 't')), (('296_2', 'h'), ('66_1', 'h')), (('351_5', 't'), ('66_1', 't')), (('351_5', 'h'), ('317_1', 't')), (('338_28', 'h'), ('317_1', 'h')), (('343_0', 'h'), ('338_28', 't')), (('422_0', 't'), ('343_0', 't')), (('422_0', 'h'), ('295_9', 't'))])

Chosen seed at iteration 2: 1
Chosen chr at iteration 2


Iteration 3
3	deque([(('98_2', 'h'), ('67_0', 'h')), (('445_3', 't'), ('98_2', 't')), (('445_3', 'h'), ('429_2', 'h')), (('304_2', 'h'), ('429_2', 't')), (('304_2', 't'), ('240_7', 't')), (('349_31', 'h'), ('240_7', 'h')), (('286_32', 'h'), ('349_31', 't')), (('328_25', 't'), ('286_32', 't')), (('328_25', 'h'), ('338_53', 't')), (('338_53', 'h'), ('317_10', 'h')), (('351_4', 'h'), ('317_10', 't')), (('351_4', 't'), ('66_0', 't')), (('296_2', 'h'), ('66_0', 'h')), (('296_2', 't'), ('263_4', 't')), (('380_0', 'h'), ('263_4', 'h')), (('350_1', 'h'), ('380_0', 't')), (('419_0', 'h'), ('350_1', 't')), (('295_9', 'h'), ('419_0', 't')), (('422_2', 'h'), ('295_9', 't')), (('422_2', 't'), ('343_6', 't')), (('343_6', 'h'), ('338_23', 't')), (('338_23', 'h'), ('265_11', 't')), (('265_11', 'h'), ('427_7', 't')), (('427_7', 'h'), ('101_1', 't')), (('101_1', 'h'), ('177_0', 't')), (('177_0', 'h'), ('137_2', 't')), (('137_2', 'h'), ('388_4', 't')), (('388_4', 'h'), ('239_7', 'h')), (('75_0', 'h'), ('239_7', 't')), (('267_0', 'h'), ('75_0', 't')), (('266_1', 'h'), ('267_0', 't')), (('301_0', 'h'), ('266_1', 't')), (('243_1', 'h'), ('301_0', 't')), (('243_1', 't'), ('219_3', 't')), (('219_3', 'h'), ('67_0', 't'))])

Chosen seed at iteration 3: 1
Chosen chr at iteration 3


Iteration 4
4	deque([(('350_10', 'h'), ('380_2', 't')), (('380_2', 'h'), ('263_7', 'h')), (('296_2', 't'), ('263_7', 't')), (('296_2', 'h'), ('66_1', 'h')), (('351_2', 't'), ('66_1', 't')), (('351_2', 'h'), ('317_6', 't')), (('338_0', 'h'), ('317_6', 'h')), (('343_3', 'h'), ('338_0', 't')), (('422_3', 't'), ('343_3', 't')), (('422_3', 'h'), ('295_3', 't')), (('295_3', 'h'), ('419_7', 't')), (('419_7', 'h'), ('350_10', 't'))])

Chosen seed at iteration 4: 1
Chosen chr at iteration 4


Iteration 1
Iteration 1
Iteration 1
Iteration 1
Iteration 1
Iteration 1
Iteration 1
1	deque([(('328_13', 'h'), ('338_11', 't')), (('328_13', 't'), ('286_30', 't')), (('286_30', 'h'), ('349_10', 't')), (('349_10', 'h'), ('240_22', 'h')), (('304_1', 't'), ('240_22', 't')), (('304_1', 'h'), ('429_6', 't')), (('429_6', 'h'), ('294_1', 't')), (('439_0', 'h'), ('294_1', 'h')), (('439_0', 't'), ('430_11', 't')), (('430_11', 'h'), ('265_34', 'h')), (('338_11', 'h'), ('265_34', 't'))])

Chosen seed at iteration 1: 1
Chosen chr at iteration 1


Iteration 2
2	deque([(('328_36', 't'), ('286_18', 't')), (('328_36', 'h'), ('338_31', 't')), (('338_31', 'h'), ('265_25', 't')), (('430_20', 'h'), ('265_25', 'h')), (('237_1', 'h'), ('430_20', 't')), (('161_0', 'h'), ('237_1', 't')), (('429_25', 'h'), ('161_0', 't')), (('304_42', 'h'), ('429_25', 't')), (('304_42', 't'), ('240_15', 't')), (('349_13', 'h'), ('240_15', 'h')), (('286_18', 'h'), ('349_13', 't'))])

Chosen seed at iteration 2: 1
Chosen chr at iteration 2


Iteration 3
3	deque([(('430_24', 'h'), ('265_25', 'h')), (('338_7', 'h'), ('265_25', 't')), (('328_30', 'h'), ('338_7', 't')), (('328_30', 't'), ('286_36', 't')), (('286_36', 'h'), ('349_31', 't')), (('349_31', 'h'), ('240_5', 'h')), (('304_29', 't'), ('240_5', 't')), (('304_29', 'h'), ('429_36', 't')), (('429_36', 'h'), ('161_0', 't')), (('161_0', 'h'), ('237_0', 't')), (('237_0', 'h'), ('430_24', 't'))])

Chosen seed at iteration 3: 1
Chosen chr at iteration 3


Iteration 4
4	deque([(('304_34', 'h'), ('429_36', 't')), (('304_34', 't'), ('240_1', 't')), (('349_12', 'h'), ('240_1', 'h')), (('286_19', 'h'), ('349_12', 't')), (('328_17', 't'), ('286_19', 't')), (('328_17', 'h'), ('338_62', 't')), (('338_62', 'h'), ('265_1', 't')), (('430_11', 'h'), ('265_1', 'h')), (('237_0', 'h'), ('430_11', 't')), (('161_2', 'h'), ('237_0', 't')), (('429_33', 'h'), ('161_2', 't')), (('304_34', 'h'), ('429_33', 't'))])
4	deque([(('429_36', 'h'), ('161_2', 't'))])

Chosen seed at iteration 4: 1
Chosen chr at iteration 4



Chosen seed at iteration 5: 2
Chosen chr at iteration 5


Iteration 1
1	deque([(('237_1', 'h'), ('430_4', 't')), (('430_4', 'h'), ('265_23', 'h')), (('338_49', 'h'), ('265_23', 't')), (('328_6', 'h'), ('338_49', 't')), (('328_6', 't'), ('286_28', 't')), (('286_28', 'h'), ('349_33', 't')), (('349_33', 'h'), ('240_4', 'h')), (('304_22', 't'), ('240_4', 't')), (('304_22', 'h'), ('429_41', 't')), (('429_41', 'h'), ('161_0', 't')), (('161_0', 'h'), ('237_1', 't'))])

Chosen seed at iteration 1: 1
Chosen chr at iteration 1


Iteration 2
2	deque([(('304_17', 't'), ('240_11', 't')), (('349_3', 'h'), ('240_11', 'h')), (('286_22', 'h'), ('349_3', 't')), (('328_23', 't'), ('286_22', 't')), (('328_23', 'h'), ('338_63', 't')), (('338_63', 'h'), ('265_12', 't')), (('430_5', 'h'), ('265_12', 'h')), (('237_1', 'h'), ('430_5', 't')), (('161_1', 'h'), ('237_1', 't')), (('429_16', 'h'), ('161_1', 't')), (('304_17', 'h'), ('429_16', 't'))])

Chosen seed at iteration 2: 1
Chosen chr at iteration 2


Iteration 3
3	deque([(('304_5', 't'), ('240_6', 't')), (('304_5', 'h'), ('429_31', 't')), (('429_31', 'h'), ('161_0', 't')), (('161_0', 'h'), ('237_1', 't')), (('237_1', 'h'), ('430_13', 't')), (('430_13', 'h'), ('265_5', 'h')), (('338_63', 'h'), ('265_5', 't')), (('328_31', 'h'), ('338_63', 't')), (('328_31', 't'), ('286_35', 't')), (('286_35', 'h'), ('349_4', 't')), (('349_4', 'h'), ('240_6', 'h'))])

Chosen seed at iteration 3: 1
Chosen chr at iteration 3


Iteration 4
4	deque([(('304_7', 'h'), ('429_28', 't')), (('304_7', 't'), ('240_19', 't')), (('349_7', 'h'), ('240_19', 'h')), (('286_32', 'h'), ('349_7', 't')), (('328_24', 't'), ('286_32', 't')), (('328_24', 'h'), ('338_31', 't')), (('338_31', 'h'), ('265_11', 't')), (('430_22', 'h'), ('265_11', 'h')), (('439_2', 't'), ('430_22', 't')), (('439_2', 'h'), ('294_1', 'h')), (('429_28', 'h'), ('294_1', 't'))])

Chosen seed at iteration 4: 1
Chosen chr at iteration 4


Iteration 1
1	deque([(('429_10', 'h'), ('161_0', 't')), (('304_36', 'h'), ('429_10', 't')), (('304_36', 't'), ('240_16', 't')), (('349_2', 'h'), ('240_16', 'h')), (('286_6', 'h'), ('349_2', 't')), (('328_25', 't'), ('286_6', 't')), (('328_25', 'h'), ('338_47', 't')), (('338_47', 'h'), ('265_27', 't')), (('430_4', 'h'), ('265_27', 'h')), (('237_1', 'h'), ('430_4', 't')), (('161_0', 'h'), ('237_1', 't'))])

Chosen seed at iteration 1: 1
Chosen chr at iteration 1


Iteration 2
Iteration 1
1	deque([(('439_0', 'h'), ('294_0', 'h')), (('439_0', 't'), ('430_2', 't')), (('430_2', 'h'), ('265_6', 'h')), (('338_21', 'h'), ('265_6', 't')), (('328_22', 'h'), ('338_21', 't')), (('328_22', 't'), ('286_26', 't')), (('286_26', 'h'), ('349_6', 't')), (('349_6', 'h'), ('240_26', 'h')), (('304_27', 't'), ('240_26', 't')), (('304_27', 'h'), ('429_0', 't')), (('429_0', 'h'), ('294_0', 't'))])

Chosen seed at iteration 1: 1
Chosen chr at iteration 1


Iteration 2
2	deque([(('286_26', 'h'), ('349_6', 't')), (('349_6', 'h'), ('240_31', 'h')), (('304_29', 't'), ('240_31', 't')), (('304_29', 'h'), ('429_16', 't')), (('429_16', 'h'), ('294_0', 't')), (('439_0', 'h'), ('294_0', 'h')), (('439_0', 't'), ('430_24', 't')), (('430_24', 'h'), ('265_34', 'h')), (('338_21', 'h'), ('265_34', 't')), (('328_5', 'h'), ('338_21', 't')), (('328_5', 't'), ('286_26', 't'))])

Chosen seed at iteration 2: 1
Chosen chr at iteration 2


Iteration 3
3	deque([(('429_30', 'h'), ('294_0', 't')), (('439_0', 'h'), ('294_0', 'h')), (('439_0', 't'), ('430_9', 't')), (('430_9', 'h'), ('265_27', 'h')), (('338_19', 'h'), ('265_27', 't')), (('328_6', 'h'), ('338_19', 't')), (('328_6', 't'), ('286_14', 't')), (('286_14', 'h'), ('349_13', 't')), (('349_13', 'h'), ('240_12', 'h')), (('304_27', 't'), ('240_12', 't')), (('304_27', 'h'), ('429_30', 't'))])

Chosen seed at iteration 3: 1
Chosen chr at iteration 3


Iteration 4
Iteration 1
Iteration 1
Iteration 1
1	deque([(('328_18', 't'), ('286_16', 't')), (('328_18', 'h'), ('338_50', 't')), (('338_50', 'h'), ('265_17', 't')), (('430_24', 'h'), ('265_17', 'h')), (('430_24', 't'), ('259_1', 't')), (('278_1', 'h'), ('259_1', 'h')), (('209_4', 'h'), ('278_1', 't')), (('199_2', 'h'), ('209_4', 't')), (('416_1', 'h'), ('199_2', 't')), (('429_42', 'h'), ('416_1', 't')), (('304_13', 'h'), ('429_42', 't')), (('304_13', 't'), ('240_3', 't')), (('349_3', 'h'), ('240_3', 'h')), (('286_16', 'h'), ('349_3', 't'))])

Chosen seed at iteration 1: 1
Chosen chr at iteration 1


Iteration 2
Iteration 1
Iteration 1
Iteration 1
1	deque([(('349_27', 'h'), ('240_10', 'h')), (('304_36', 't'), ('240_10', 't'))])
1	deque([(('430_9', 'h'), ('265_0', 'h')), (('338_57', 'h'), ('265_0', 't')), (('328_33', 'h'), ('338_57', 't')), (('328_33', 't'), ('286_3', 't')), (('286_3', 'h'), ('349_27', 't'))])
1	deque([(('429_15', 'h'), ('103_1', 'h')), (('430_9', 't'), ('103_1', 't'))])

Chosen seed at iteration 1: 1
Chosen chr at iteration 1



Chosen seed at iteration 2: 2
Chosen chr at iteration 2



Chosen seed at iteration 3: 3
Chosen chr at iteration 3


Iteration 4
Iteration 1
Iteration 1
Iteration 1
Iteration 1
1	deque([(('286_11', 'h'), ('349_15', 't'))])
1	deque([(('349_21', 'h'), ('240_7', 'h')), (('304_24', 't'), ('240_7', 't'))])
1	deque([(('286_11', 'h'), ('349_9', 't')), (('349_9', 'h'), ('240_7', 'h'))])
1	deque([(('349_15', 'h'), ('240_7', 'h'))])
1	deque([(('286_11', 'h'), ('349_21', 't'))])

Chosen seed at iteration 1: 1
Chosen chr at iteration 1



Chosen seed at iteration 2: 2
Chosen chr at iteration 2



Chosen seed at iteration 3: 3
Chosen chr at iteration 3



Chosen seed at iteration 4: 4
Chosen chr at iteration 4



Chosen seed at iteration 5: 5
Chosen chr at iteration 5


Iteration 1
Iteration 1
1	deque([(('328_2', 'h'), ('338_32', 't')), (('328_2', 't'), ('286_14', 't')), (('286_14', 'h'), ('349_24', 't')), (('349_24', 'h'), ('240_22', 'h')), (('304_15', 't'), ('240_22', 't'))])
1	deque([(('338_32', 'h'), ('265_17', 't'))])

Chosen seed at iteration 1: 1
Chosen chr at iteration 1



Chosen seed at iteration 2: 2
Chosen chr at iteration 2


Iteration 3
Iteration 1
Iteration 1
Iteration 1
1	deque([(('430_13', 'h'), ('265_0', 'h')), (('446_1', 'h'), ('430_13', 't')), (('446_1', 't'), ('89_0', 't')), (('429_3', 'h'), ('89_0', 'h'))])
1	deque([(('338_60', 'h'), ('265_0', 't')), (('328_35', 'h'), ('338_60', 't'))])

Chosen seed at iteration 1: 1
Chosen chr at iteration 1



Chosen seed at iteration 2: 2
Chosen chr at iteration 2


Iteration 3
Iteration 1
Iteration 1
Iteration 1
Iteration 1
Iteration 1
1	deque([(('328_37', 'h'), ('338_51', 't'))])

Chosen seed at iteration 1: 1
Chosen chr at iteration 1


Iteration 2
Iteration 1
Iteration 1
Iteration 1
Iteration 1
Iteration 1
Iteration 1
Iteration 1
Iteration 1
Iteration 1
Iteration 1
Iteration 1
1	deque([(('336_0', 'h'), ('235_3', 'h')), (('336_0', 't'), ('326_2', 't')), (('326_2', 'h'), ('179_1', 'h')), (('202_0', 't'), ('179_1', 't')), (('394_0', 'h'), ('202_0', 'h')), (('311_2', 'h'), ('394_0', 't')), (('193_1', 'h'), ('311_2', 't')), (('272_1', 'h'), ('193_1', 't')), (('447_1', 't'), ('272_1', 't')), (('447_1', 'h'), ('213_0', 't')), (('213_0', 'h'), ('168_0', 'h')), (('104_0', 'h'), ('168_0', 't')), (('133_0', 't'), ('104_0', 't')), (('141_2', 'h'), ('133_0', 'h')), (('227_2', 't'), ('141_2', 't')), (('227_2', 'h'), ('216_1', 't')), (('360_0', 'h'), ('216_1', 'h')), (('360_0', 't'), ('228_3', 't')), (('228_3', 'h'), ('124_1', 't')), (('127_2', 'h'), ('124_1', 'h')), (('414_0', 't'), ('127_2', 't')), (('414_0', 'h'), ('224_0', 'h')), (('321_1', 't'), ('224_0', 't')), (('321_1', 'h'), ('341_0', 't')), (('341_0', 'h'), ('153_0', 't')), (('280_0', 'h'), ('153_0', 'h')), (('280_0', 't'), ('174_0', 't')), (('196_3', 'h'), ('174_0', 'h'))])
1	deque([(('186_2', 'h'), ('150_0', 'h')), (('186_2', 't'), ('169_0', 't')), (('283_0', 'h'), ('169_0', 'h')), (('283_0', 't'), ('113_0', 't')), (('113_0', 'h'), ('121_2', 't')), (('208_0', 'h'), ('121_2', 'h')), (('199_3', 'h'), ('208_0', 't')), (('415_1', 'h'), ('199_3', 't')), (('163_1', 'h'), ('415_1', 't')), (('235_3', 't'), ('163_1', 't'))])
1	deque([(('304_2', 'h'), ('429_18', 't'))])
1	deque([(('161_1', 'h'), ('150_0', 't'))])
1	deque([(('429_18', 'h'), ('161_1', 't'))])

Chosen seed at iteration 1: 1
Chosen chr at iteration 1



Chosen seed at iteration 2: 2
Chosen chr at iteration 2



Chosen seed at iteration 3: 3
Chosen chr at iteration 3



Chosen seed at iteration 4: 4
Chosen chr at iteration 4



Chosen seed at iteration 5: 5
Chosen chr at iteration 5


Iteration 1
Iteration 1
Iteration 1
Iteration 1
Iteration 1
Iteration 1
Iteration 1
Iteration 1
Iteration 1
Iteration 1
Iteration 1
Iteration 1
Iteration 1
Iteration 1
Iteration 1
Iteration 1
Iteration 1
Iteration 1
Iteration 1
Iteration 1
Iteration 1
Iteration 1
Iteration 1
Iteration 1
Iteration 1
