Iteration 1
1	deque([(('36_0', 'h'), ('18_1', 'h')), (('36_0', 't'), ('18_1', 't'))])

Chosen seed at iteration 1: 1
Chosen chr at iteration 1


Iteration 2
2	deque([(('36_1', 't'), ('18_1', 't')), (('36_1', 'h'), ('18_1', 'h'))])

Chosen seed at iteration 2: 1
Chosen chr at iteration 2


Iteration 3
Iteration 1
1	deque([(('14_0', 'h'), ('14_0', 't'))])

Chosen seed at iteration 1: 1
Chosen chr at iteration 1


Iteration 2
2	deque([(('14_1', 'h'), ('14_1', 't'))])

Chosen seed at iteration 2: 1
Chosen chr at iteration 2


Iteration 3
3	deque([(('36_1', 'h'), ('18_0', 'h')), (('36_1', 't'), ('18_0', 't'))])

Chosen seed at iteration 3: 1
Chosen chr at iteration 3


Iteration 4
Iteration 1
1	deque([(('14_0', 'h'), ('14_0', 't'))])

Chosen seed at iteration 1: 1
Chosen chr at iteration 1


Iteration 2
2	deque([(('14_1', 'h'), ('14_1', 't'))])

Chosen seed at iteration 2: 1
Chosen chr at iteration 2


Iteration 3
Iteration 1
Iteration 1
Iteration 1
