Iteration 1
1	deque([(('31_2', 'h'), ('30_3', 't')), (('22_0', 'h'), ('31_2', 't')), (('43_0', 'h'), ('22_0', 't')), (('59_0', 'h'), ('43_0', 't')), (('52_3', 'h'), ('59_0', 't')), (('56_1', 'h'), ('52_3', 't')), (('64_2', 't'), ('56_1', 't')), (('64_2', 'h'), ('39_1', 'h')), (('30_3', 'h'), ('39_1', 't'))])

Chosen seed at iteration 1: 1
Chosen chr at iteration 1


Iteration 2
2	deque([(('45_5', 't'), ('17_1', 't')), (('105_2', 'h'), ('45_5', 'h')), (('31_3', 'h'), ('105_2', 't')), (('17_1', 'h'), ('31_3', 't'))])

Chosen seed at iteration 2: 1
Chosen chr at iteration 2


Iteration 3
3	deque([(('56_0', 'h'), ('52_0', 't')), (('64_2', 't'), ('56_0', 't')), (('64_2', 'h'), ('39_1', 'h')), (('30_1', 'h'), ('39_1', 't')), (('45_3', 't'), ('30_1', 't')), (('45_3', 'h'), ('28_0', 'h')), (('43_2', 'h'), ('28_0', 't')), (('59_0', 'h'), ('43_2', 't')), (('52_0', 'h'), ('59_0', 't'))])

Chosen seed at iteration 3: 1
Chosen chr at iteration 3


Iteration 4
4	deque([(('64_0', 'h'), ('39_0', 'h')), (('30_0', 'h'), ('39_0', 't')), (('45_3', 't'), ('30_0', 't')), (('45_3', 'h'), ('28_0', 'h')), (('43_1', 'h'), ('28_0', 't')), (('59_1', 'h'), ('43_1', 't')), (('52_1', 'h'), ('59_1', 't')), (('56_1', 'h'), ('52_1', 't')), (('64_0', 't'), ('56_1', 't'))])

Chosen seed at iteration 4: 1
Chosen chr at iteration 4


Iteration 1
1	deque([(('31_3', 'h'), ('30_3', 't')), (('22_2', 'h'), ('31_3', 't')), (('43_0', 'h'), ('22_2', 't')), (('59_0', 'h'), ('43_0', 't')), (('52_2', 'h'), ('59_0', 't')), (('55_0', 'h'), ('52_2', 't')), (('64_2', 't'), ('55_0', 't')), (('64_2', 'h'), ('34_1', 'h')), (('30_3', 'h'), ('34_1', 't'))])

Chosen seed at iteration 1: 1
Chosen chr at iteration 1


Iteration 2
2	deque([(('64_2', 't'), ('56_0', 't')), (('56_0', 'h'), ('52_2', 't')), (('52_2', 'h'), ('59_0', 't')), (('59_0', 'h'), ('43_3', 't')), (('43_3', 'h'), ('22_2', 't')), (('22_2', 'h'), ('31_1', 't')), (('31_1', 'h'), ('30_1', 't')), (('30_1', 'h'), ('39_1', 't')), (('64_2', 'h'), ('39_1', 'h'))])
2	deque([(('52_0', 'h'), ('58_1', 't')), (('55_1', 'h'), ('52_0', 't')), (('64_1', 't'), ('55_1', 't')), (('64_1', 'h'), ('34_1', 'h')), (('30_3', 'h'), ('34_1', 't')), (('45_4', 't'), ('30_3', 't')), (('45_4', 'h'), ('28_1', 'h')), (('43_0', 'h'), ('28_1', 't')), (('58_1', 'h'), ('43_0', 't'))])

Chosen seed at iteration 2: 1
Chosen chr at iteration 2



Chosen seed at iteration 3: 2
Chosen chr at iteration 3


Iteration 4
4	deque([(('52_2', 'h'), ('59_0', 't')), (('59_0', 'h'), ('43_0', 't')), (('43_0', 'h'), ('22_1', 't')), (('22_1', 'h'), ('31_1', 't')), (('31_1', 'h'), ('30_3', 't')), (('30_3', 'h'), ('39_1', 't')), (('64_2', 'h'), ('39_1', 'h')), (('64_2', 't'), ('56_0', 't')), (('56_0', 'h'), ('52_0', 't')), (('52_0', 'h'), ('58_1', 't')), (('58_1', 'h'), ('43_3', 't')), (('43_3', 'h'), ('28_1', 't')), (('45_6', 'h'), ('28_1', 'h')), (('45_6', 't'), ('30_1', 't')), (('30_1', 'h'), ('34_1', 't')), (('64_1', 'h'), ('34_1', 'h')), (('64_1', 't'), ('55_0', 't')), (('55_0', 'h'), ('52_2', 't'))])

Chosen seed at iteration 4: 1
Chosen chr at iteration 4


Iteration 1
1	deque([(('107_0', 't'), ('72_1', 't')), (('107_0', 'h'), ('78_1', 't')), (('78_1', 'h'), ('32_0', 'h')), (('72_0', 'h'), ('32_0', 't')), (('107_1', 't'), ('72_0', 't')), (('107_1', 'h'), ('78_1', 't'))])
1	deque([(('70_0', 'h'), ('48_0', 't')), (('48_0', 'h'), ('70_0', 't'))])
1	deque([(('72_1', 'h'), ('32_0', 't'))])

Chosen seed at iteration 1: 1
Chosen chr at iteration 1



Chosen seed at iteration 2: 2
Chosen chr at iteration 2



Chosen seed at iteration 3: 3
Chosen chr at iteration 3


Iteration 4
Iteration 1
Iteration 1
Iteration 1
Iteration 1
Iteration 1
Iteration 1
Iteration 1
Iteration 1
Iteration 1
