Iteration 1
1	deque([(('222_0', 'h'), ('186_1', 't')), (('186_1', 'h'), ('70_1', 'h')), (('103_1', 't'), ('70_1', 't')), (('213_0', 'h'), ('103_1', 'h')), (('213_0', 't'), ('144_0', 't')), (('146_0', 'h'), ('144_0', 'h')), (('112_1', 'h'), ('146_0', 't')), (('112_1', 't'), ('90_0', 't')), (('90_0', 'h'), ('130_0', 't')), (('130_0', 'h'), ('114_1', 't')), (('114_1', 'h'), ('206_0', 't')), (('206_0', 'h'), ('167_0', 'h')), (('167_0', 't'), ('122_1', 't')), (('122_1', 'h'), ('169_1', 't')), (('169_1', 'h'), ('63_0', 'h')), (('143_1', 'h'), ('63_0', 't')), (('69_1', 'h'), ('143_1', 't')), (('172_0', 'h'), ('69_1', 't')), (('172_0', 't'), ('164_0', 't')), (('164_0', 'h'), ('143_0', 'h')), (('189_0', 'h'), ('143_0', 't')), (('113_0', 'h'), ('189_0', 't')), (('156_0', 't'), ('113_0', 't')), (('260_1', 'h'), ('156_0', 'h')), (('260_1', 't'), ('222_0', 't'))])
1	deque([(('232_3', 'h'), ('145_0', 'h')), (('232_11', 't'), ('145_0', 't')), (('232_11', 'h'), ('83_9', 't')), (('83_9', 'h'), ('232_3', 't'))])

Chosen seed at iteration 1: 1
Chosen chr at iteration 1



Chosen seed at iteration 2: 2
Chosen chr at iteration 2


Iteration 3
3	deque([(('232_12', 'h'), ('145_1', 'h')), (('83_5', 'h'), ('232_12', 't')), (('232_0', 'h'), ('83_5', 't')), (('232_0', 't'), ('145_1', 't'))])
3	deque([(('261_5', 't'), ('96_0', 't')), (('170_0', 'h'), ('96_0', 'h')), (('261_5', 'h'), ('170_0', 't'))])

Chosen seed at iteration 3: 1
Chosen chr at iteration 3



Chosen seed at iteration 4: 2
Chosen chr at iteration 4


Iteration 1
1	deque([(('156_1', 't'), ('113_1', 't')), (('113_1', 'h'), ('189_2', 't')), (('189_2', 'h'), ('143_6', 't')), (('143_6', 'h'), ('63_1', 't')), (('169_0', 'h'), ('63_1', 'h')), (('122_0', 'h'), ('169_0', 't')), (('167_0', 't'), ('122_0', 't')), (('207_0', 'h'), ('167_0', 'h')), (('114_1', 'h'), ('207_0', 't')), (('130_0', 'h'), ('114_1', 't')), (('90_1', 'h'), ('130_0', 't')), (('112_1', 't'), ('90_1', 't')), (('139_0', 'h'), ('112_1', 'h')), (('144_0', 'h'), ('139_0', 't')), (('213_0', 't'), ('144_0', 't')), (('213_0', 'h'), ('103_1', 'h')), (('103_1', 't'), ('70_0', 't')), (('186_1', 'h'), ('70_0', 'h')), (('222_1', 'h'), ('186_1', 't')), (('260_1', 't'), ('222_1', 't')), (('260_1', 'h'), ('156_1', 'h'))])
1	deque([(('280_8', 'h'), ('86_0', 't')), (('86_0', 'h'), ('279_2', 't')), (('279_2', 'h'), ('237_0', 'h')), (('268_0', 'h'), ('237_0', 't')), (('268_0', 't'), ('188_1', 't')), (('188_1', 'h'), ('280_8', 't'))])
1	deque([(('243_7', 'h'), ('94_16', 't')), (('94_16', 'h'), ('243_7', 't'))])
1	deque([(('288_0', 't'), ('158_1', 't')), (('288_0', 'h'), ('170_6', 'h')), (('261_1', 'h'), ('170_6', 't')), (('242_0', 'h'), ('261_1', 't')), (('158_1', 'h'), ('242_0', 't'))])
1	deque([(('232_2', 'h'), ('145_8', 'h')), (('232_2', 't'), ('145_8', 't'))])
1	deque([(('232_5', 'h'), ('83_8', 't')), (('83_8', 'h'), ('232_5', 't'))])

Chosen seed at iteration 1: 1
Chosen chr at iteration 1



Chosen seed at iteration 2: 2
Chosen chr at iteration 2



Chosen seed at iteration 3: 3
Chosen chr at iteration 3



Chosen seed at iteration 4: 4
Chosen chr at iteration 4



Chosen seed at iteration 5: 5
Chosen chr at iteration 5



Chosen seed at iteration 6: 6
Chosen chr at iteration 6


Iteration 1
1	deque([(('83_11', 'h'), ('232_8', 't')), (('232_8', 'h'), ('145_0', 'h')), (('232_14', 't'), ('145_0', 't')), (('232_14', 'h'), ('83_11', 't'))])
1	deque([(('143_3', 'h'), ('189_0', 't')), (('189_0', 'h'), ('143_3', 't'))])
1	deque([(('243_13', 'h'), ('94_2', 't')), (('94_2', 'h'), ('243_13', 't'))])

Chosen seed at iteration 1: 1
Chosen chr at iteration 1



Chosen seed at iteration 2: 2
Chosen chr at iteration 2



Chosen seed at iteration 3: 3
Chosen chr at iteration 3


Iteration 4
4	deque([(('143_0', 'h'), ('189_0', 't')), (('189_0', 'h'), ('143_0', 't'))])
4	deque([(('232_9', 't'), ('145_0', 't')), (('232_9', 'h'), ('145_0', 'h'))])
4	deque([(('94_18', 'h'), ('243_21', 't')), (('243_21', 'h'), ('94_18', 't'))])
4	deque([(('232_10', 'h'), ('83_3', 't')), (('83_3', 'h'), ('232_10', 't'))])

Chosen seed at iteration 4: 1
Chosen chr at iteration 4



Chosen seed at iteration 5: 2
Chosen chr at iteration 5



Chosen seed at iteration 6: 3
Chosen chr at iteration 6



Chosen seed at iteration 7: 4
Chosen chr at iteration 7


Iteration 1
1	deque([(('83_0', 'h'), ('232_15', 't')), (('232_15', 'h'), ('83_0', 't'))])
1	deque([(('143_4', 'h'), ('189_1', 't')), (('189_1', 'h'), ('143_4', 't'))])
1	deque([(('217_4', 'h'), ('24_1', 'h')), (('191_0', 'h'), ('24_1', 't')), (('248_0', 't'), ('191_0', 't')), (('248_0', 'h'), ('244_1', 'h')), (('128_1', 'h'), ('244_1', 't')), (('128_1', 't'), ('100_0', 't')), (('204_0', 'h'), ('100_0', 'h')), (('228_0', 't'), ('204_0', 't')), (('228_0', 'h'), ('61_0', 't')), (('173_5', 'h'), ('61_0', 'h')), (('37_0', 'h'), ('173_5', 't')), (('157_6', 't'), ('37_0', 't')), (('157_6', 'h'), ('226_3', 't')), (('226_3', 'h'), ('217_4', 't'))])
1	deque([(('232_7', 't'), ('145_6', 't')), (('232_7', 'h'), ('145_6', 'h'))])

Chosen seed at iteration 1: 1
Chosen chr at iteration 1



Chosen seed at iteration 2: 2
Chosen chr at iteration 2



Chosen seed at iteration 3: 3
Chosen chr at iteration 3



Chosen seed at iteration 4: 4
Chosen chr at iteration 4


Iteration 1
1	deque([(('94_4', 'h'), ('243_20', 't')), (('243_20', 'h'), ('94_4', 't'))])
1	deque([(('232_8', 'h'), ('83_1', 't')), (('83_1', 'h'), ('232_8', 't'))])
1	deque([(('189_4', 'h'), ('143_3', 't')), (('143_3', 'h'), ('189_4', 't'))])
1	deque([(('232_14', 'h'), ('145_9', 'h')), (('232_14', 't'), ('145_9', 't'))])

Chosen seed at iteration 1: 1
Chosen chr at iteration 1



Chosen seed at iteration 2: 2
Chosen chr at iteration 2



Chosen seed at iteration 3: 3
Chosen chr at iteration 3



Chosen seed at iteration 4: 4
Chosen chr at iteration 4


Iteration 1
1	deque([(('232_1', 'h'), ('83_2', 't')), (('83_2', 'h'), ('232_1', 't'))])
1	deque([(('232_4', 't'), ('145_7', 't')), (('232_4', 'h'), ('145_7', 'h'))])
1	deque([(('94_3', 'h'), ('243_16', 't')), (('243_16', 'h'), ('94_3', 't'))])

Chosen seed at iteration 1: 1
Chosen chr at iteration 1



Chosen seed at iteration 2: 2
Chosen chr at iteration 2



Chosen seed at iteration 3: 3
Chosen chr at iteration 3


Iteration 4
4	deque([(('232_4', 'h'), ('83_9', 't')), (('83_9', 'h'), ('232_4', 't'))])
4	deque([(('94_7', 'h'), ('243_8', 't')), (('243_8', 'h'), ('94_7', 't'))])
4	deque([(('232_3', 't'), ('145_5', 't')), (('232_3', 'h'), ('145_5', 'h'))])

Chosen seed at iteration 4: 1
Chosen chr at iteration 4



Chosen seed at iteration 5: 2
Chosen chr at iteration 5



Chosen seed at iteration 6: 3
Chosen chr at iteration 6


Iteration 1
1	deque([(('232_6', 'h'), ('83_2', 't')), (('83_2', 'h'), ('232_6', 't'))])
1	deque([(('243_28', 'h'), ('94_0', 't')), (('94_0', 'h'), ('243_28', 't'))])
1	deque([(('232_1', 't'), ('145_2', 't')), (('232_1', 'h'), ('145_2', 'h'))])

Chosen seed at iteration 1: 1
Chosen chr at iteration 1



Chosen seed at iteration 2: 2
Chosen chr at iteration 2



Chosen seed at iteration 3: 3
Chosen chr at iteration 3


Iteration 4
4	deque([(('232_13', 't'), ('145_4', 't')), (('232_13', 'h'), ('83_2', 't')), (('83_2', 'h'), ('232_11', 't')), (('232_11', 'h'), ('145_4', 'h'))])
4	deque([(('94_1', 'h'), ('243_13', 't')), (('243_13', 'h'), ('94_1', 't'))])

Chosen seed at iteration 4: 1
Chosen chr at iteration 4



Chosen seed at iteration 5: 2
Chosen chr at iteration 5


Iteration 1
1	deque([(('232_1', 'h'), ('145_7', 'h')), (('232_1', 't'), ('145_7', 't'))])
1	deque([(('243_0', 'h'), ('94_15', 't')), (('94_15', 'h'), ('243_0', 't'))])
1	deque([(('232_6', 'h'), ('83_6', 't')), (('83_6', 'h'), ('232_6', 't'))])

Chosen seed at iteration 1: 1
Chosen chr at iteration 1



Chosen seed at iteration 2: 2
Chosen chr at iteration 2



Chosen seed at iteration 3: 3
Chosen chr at iteration 3


Iteration 4
4	deque([(('232_6', 'h'), ('83_6', 't')), (('83_6', 'h'), ('232_1', 't')), (('232_1', 'h'), ('145_2', 'h')), (('232_6', 't'), ('145_2', 't'))])
4	deque([(('94_0', 'h'), ('243_26', 't')), (('243_26', 'h'), ('94_0', 't'))])

Chosen seed at iteration 4: 1
Chosen chr at iteration 4



Chosen seed at iteration 5: 2
Chosen chr at iteration 5


Iteration 1
1	deque([(('243_11', 'h'), ('94_10', 't')), (('94_10', 'h'), ('243_11', 't'))])

Chosen seed at iteration 1: 1
Chosen chr at iteration 1


Iteration 2
2	deque([(('243_23', 'h'), ('94_15', 't')), (('94_15', 'h'), ('243_23', 't'))])
2	deque([(('138_2', 'h'), ('198_0', 't')), (('174_1', 't'), ('138_2', 't'))])

Chosen seed at iteration 2: 1
Chosen chr at iteration 2



Chosen seed at iteration 3: 2
Chosen chr at iteration 3


Iteration 4
4	deque([(('94_12', 'h'), ('243_19', 't')), (('243_19', 'h'), ('94_12', 't'))])

Chosen seed at iteration 4: 1
Chosen chr at iteration 4


Iteration 1
1	deque([(('243_22', 'h'), ('94_6', 't')), (('94_6', 'h'), ('243_22', 't'))])

Chosen seed at iteration 1: 1
Chosen chr at iteration 1


Iteration 2
2	deque([(('243_15', 'h'), ('94_9', 't')), (('94_9', 'h'), ('243_15', 't'))])

Chosen seed at iteration 2: 1
Chosen chr at iteration 2


Iteration 3
3	deque([(('243_5', 'h'), ('94_9', 't')), (('94_9', 'h'), ('243_5', 't'))])

Chosen seed at iteration 3: 1
Chosen chr at iteration 3


Iteration 4
4	deque([(('243_17', 'h'), ('94_17', 't')), (('94_17', 'h'), ('243_17', 't'))])

Chosen seed at iteration 4: 1
Chosen chr at iteration 4


Iteration 1
1	deque([(('243_14', 'h'), ('94_6', 't')), (('94_6', 'h'), ('243_14', 't'))])

Chosen seed at iteration 1: 1
Chosen chr at iteration 1


Iteration 2
2	deque([(('243_12', 'h'), ('94_19', 't')), (('94_19', 'h'), ('243_12', 't'))])

Chosen seed at iteration 2: 1
Chosen chr at iteration 2


Iteration 3
3	deque([(('243_28', 'h'), ('94_13', 't')), (('94_13', 'h'), ('243_28', 't'))])

Chosen seed at iteration 3: 1
Chosen chr at iteration 3


Iteration 4
4	deque([(('243_0', 'h'), ('94_9', 't')), (('94_9', 'h'), ('243_0', 't'))])

Chosen seed at iteration 4: 1
Chosen chr at iteration 4


Iteration 1
1	deque([(('94_11', 'h'), ('243_2', 't')), (('243_2', 'h'), ('94_11', 't'))])

Chosen seed at iteration 1: 1
Chosen chr at iteration 1


Iteration 2
2	deque([(('243_28', 'h'), ('94_2', 't')), (('94_2', 'h'), ('243_28', 't'))])

Chosen seed at iteration 2: 1
Chosen chr at iteration 2


Iteration 3
3	deque([(('94_13', 'h'), ('243_2', 't')), (('243_2', 'h'), ('94_13', 't'))])

Chosen seed at iteration 3: 1
Chosen chr at iteration 3


Iteration 4
4	deque([(('243_2', 'h'), ('94_2', 't')), (('94_2', 'h'), ('243_2', 't'))])

Chosen seed at iteration 4: 1
Chosen chr at iteration 4


Iteration 1
1	deque([(('94_5', 'h'), ('243_1', 't')), (('243_1', 'h'), ('94_5', 't'))])

Chosen seed at iteration 1: 1
Chosen chr at iteration 1


Iteration 2
2	deque([(('94_3', 'h'), ('243_1', 't')), (('243_1', 'h'), ('94_3', 't'))])

Chosen seed at iteration 2: 1
Chosen chr at iteration 2


Iteration 3
3	deque([(('243_28', 'h'), ('94_15', 't')), (('94_15', 'h'), ('243_28', 't'))])

Chosen seed at iteration 3: 1
Chosen chr at iteration 3


Iteration 4
4	deque([(('243_4', 'h'), ('94_13', 't')), (('94_13', 'h'), ('243_4', 't'))])

Chosen seed at iteration 4: 1
Chosen chr at iteration 4


Iteration 1
1	deque([(('94_14', 'h'), ('243_5', 't')), (('243_5', 'h'), ('94_14', 't'))])

Chosen seed at iteration 1: 1
Chosen chr at iteration 1


Iteration 2
2	deque([(('94_15', 'h'), ('243_12', 't')), (('243_12', 'h'), ('94_15', 't'))])

Chosen seed at iteration 2: 1
Chosen chr at iteration 2


Iteration 3
3	deque([(('94_10', 'h'), ('243_6', 't')), (('243_6', 'h'), ('94_10', 't'))])

Chosen seed at iteration 3: 1
Chosen chr at iteration 3


Iteration 4
4	deque([(('243_11', 'h'), ('94_19', 't')), (('94_19', 'h'), ('243_11', 't'))])

Chosen seed at iteration 4: 1
Chosen chr at iteration 4


Iteration 1
1	deque([(('243_9', 'h'), ('94_5', 't')), (('94_5', 'h'), ('243_9', 't'))])

Chosen seed at iteration 1: 1
Chosen chr at iteration 1


Iteration 2
2	deque([(('243_18', 'h'), ('94_10', 't')), (('94_10', 'h'), ('243_18', 't'))])

Chosen seed at iteration 2: 1
Chosen chr at iteration 2


Iteration 3
3	deque([(('243_18', 'h'), ('94_15', 't')), (('94_15', 'h'), ('243_18', 't'))])

Chosen seed at iteration 3: 1
Chosen chr at iteration 3


Iteration 4
4	deque([(('243_18', 'h'), ('94_3', 't')), (('94_3', 'h'), ('243_18', 't'))])

Chosen seed at iteration 4: 1
Chosen chr at iteration 4


Iteration 1
1	deque([(('243_14', 'h'), ('94_11', 't')), (('94_11', 'h'), ('243_14', 't'))])

Chosen seed at iteration 1: 1
Chosen chr at iteration 1


Iteration 2
2	deque([(('243_22', 'h'), ('94_6', 't')), (('94_6', 'h'), ('243_22', 't'))])

Chosen seed at iteration 2: 1
Chosen chr at iteration 2


Iteration 3
3	deque([(('243_27', 'h'), ('94_15', 't')), (('94_15', 'h'), ('243_27', 't'))])

Chosen seed at iteration 3: 1
Chosen chr at iteration 3


Iteration 4
4	deque([(('243_12', 'h'), ('94_8', 't')), (('94_8', 'h'), ('243_12', 't'))])

Chosen seed at iteration 4: 1
Chosen chr at iteration 4


Iteration 1
1	deque([(('94_11', 'h'), ('243_25', 't')), (('243_25', 'h'), ('94_11', 't'))])

Chosen seed at iteration 1: 1
Chosen chr at iteration 1


Iteration 2
2	deque([(('94_5', 'h'), ('243_6', 't')), (('243_6', 'h'), ('94_5', 't'))])

Chosen seed at iteration 2: 1
Chosen chr at iteration 2


Iteration 3
3	deque([(('243_1', 'h'), ('94_10', 't')), (('94_10', 'h'), ('243_1', 't'))])

Chosen seed at iteration 3: 1
Chosen chr at iteration 3


Iteration 4
4	deque([(('94_11', 'h'), ('243_27', 't')), (('243_27', 'h'), ('94_11', 't'))])

Chosen seed at iteration 4: 1
Chosen chr at iteration 4


Iteration 1
1	deque([(('243_9', 'h'), ('94_5', 't')), (('94_5', 'h'), ('243_9', 't'))])

Chosen seed at iteration 1: 1
Chosen chr at iteration 1


Iteration 2
2	deque([(('94_14', 'h'), ('243_23', 't')), (('243_23', 'h'), ('94_14', 't'))])

Chosen seed at iteration 2: 1
Chosen chr at iteration 2


Iteration 3
3	deque([(('94_14', 'h'), ('243_1', 't')), (('243_1', 'h'), ('94_14', 't'))])

Chosen seed at iteration 3: 1
Chosen chr at iteration 3


Iteration 4
4	deque([(('94_15', 'h'), ('243_15', 't')), (('243_15', 'h'), ('94_15', 't'))])

Chosen seed at iteration 4: 1
Chosen chr at iteration 4


Iteration 1
1	deque([(('243_10', 'h'), ('94_14', 't')), (('94_14', 'h'), ('243_10', 't'))])

Chosen seed at iteration 1: 1
Chosen chr at iteration 1


Iteration 2
2	deque([(('243_24', 'h'), ('94_14', 't')), (('94_14', 'h'), ('243_24', 't'))])

Chosen seed at iteration 2: 1
Chosen chr at iteration 2


Iteration 3
3	deque([(('94_14', 'h'), ('243_16', 't')), (('243_16', 'h'), ('94_14', 't'))])

Chosen seed at iteration 3: 1
Chosen chr at iteration 3


Iteration 4
4	deque([(('243_3', 'h'), ('94_6', 't')), (('94_6', 'h'), ('243_3', 't'))])

Chosen seed at iteration 4: 1
Chosen chr at iteration 4


Iteration 1
1	deque([(('243_25', 'h'), ('94_14', 't')), (('94_14', 'h'), ('243_25', 't'))])

Chosen seed at iteration 1: 1
Chosen chr at iteration 1


Iteration 2
2	deque([(('243_25', 'h'), ('94_10', 't')), (('94_10', 'h'), ('243_25', 't'))])

Chosen seed at iteration 2: 1
Chosen chr at iteration 2


Iteration 3
3	deque([(('94_5', 'h'), ('243_22', 't')), (('243_22', 'h'), ('94_5', 't'))])

Chosen seed at iteration 3: 1
Chosen chr at iteration 3


Iteration 4
4	deque([(('94_5', 'h'), ('243_9', 't')), (('243_9', 'h'), ('94_5', 't'))])

Chosen seed at iteration 4: 1
Chosen chr at iteration 4


Iteration 1
1	deque([(('94_10', 'h'), ('243_1', 't')), (('243_1', 'h'), ('94_10', 't'))])

Chosen seed at iteration 1: 1
Chosen chr at iteration 1


Iteration 2
2	deque([(('243_5', 'h'), ('94_10', 't')), (('94_10', 'h'), ('243_5', 't'))])

Chosen seed at iteration 2: 1
Chosen chr at iteration 2


Iteration 3
3	deque([(('243_23', 'h'), ('94_10', 't')), (('94_10', 'h'), ('243_23', 't'))])

Chosen seed at iteration 3: 1
Chosen chr at iteration 3


Iteration 4
4	deque([(('243_14', 'h'), ('94_14', 't')), (('94_14', 'h'), ('243_14', 't'))])

Chosen seed at iteration 4: 1
Chosen chr at iteration 4


Iteration 1
1	deque([(('243_1', 'h'), ('94_10', 't')), (('94_10', 'h'), ('243_1', 't'))])

Chosen seed at iteration 1: 1
Chosen chr at iteration 1


Iteration 2
2	deque([(('94_10', 'h'), ('243_5', 't')), (('243_5', 'h'), ('94_10', 't'))])

Chosen seed at iteration 2: 1
Chosen chr at iteration 2


Iteration 3
3	deque([(('243_29', 'h'), ('94_10', 't')), (('94_10', 'h'), ('243_29', 't'))])

Chosen seed at iteration 3: 1
Chosen chr at iteration 3


Iteration 4
4	deque([(('243_10', 'h'), ('94_10', 't')), (('94_10', 'h'), ('243_10', 't'))])

Chosen seed at iteration 4: 1
Chosen chr at iteration 4


Iteration 1
Iteration 1
Iteration 1
Iteration 1
Iteration 1
Iteration 1
Iteration 1
Iteration 1
Iteration 1
Iteration 1
Iteration 1
Iteration 1
Iteration 1
Iteration 1
Iteration 1
Iteration 1
Iteration 1
Iteration 1
Iteration 1
Iteration 1
Iteration 1
Iteration 1
Iteration 1
Iteration 1
Iteration 1
Iteration 1
Iteration 1
Iteration 1
Iteration 1
Iteration 1
Iteration 1
Iteration 1
Iteration 1
Iteration 1
Iteration 1
Iteration 1
Iteration 1
Iteration 1
Iteration 1
Iteration 1
Iteration 1
Iteration 1
Iteration 1
Iteration 1
Iteration 1
Iteration 1
Iteration 1
Iteration 1
Iteration 1
Iteration 1
Iteration 1
Iteration 1
Iteration 1
Iteration 1
Iteration 1
Iteration 1
Iteration 1
Iteration 1
Iteration 1
Iteration 1
Iteration 1
