Iteration 1
1	deque([(('439_2', 't'), ('178_1', 't')), (('439_2', 'h'), ('392_1', 'h')), (('392_1', 't'), ('227_7', 't')), (('227_7', 'h'), ('383_7', 't')), (('383_7', 'h'), ('359_1', 'h')), (('318_4', 'h'), ('359_1', 't')), (('467_3', 't'), ('318_4', 't')), (('467_3', 'h'), ('294_3', 't')), (('294_3', 'h'), ('258_1', 't')), (('278_7', 'h'), ('258_1', 'h')), (('375_10', 'h'), ('278_7', 't')), (('457_3', 'h'), ('375_10', 't')), (('197_11', 'h'), ('457_3', 't')), (('325_4', 'h'), ('197_11', 't')), (('178_1', 'h'), ('325_4', 't'))])
1	deque([(('424_4', 't'), ('181_3', 't')), (('181_3', 'h'), ('460_4', 't')), (('460_4', 'h'), ('309_5', 'h')), (('368_1', 't'), ('309_5', 't')), (('368_1', 'h'), ('225_6', 't')), (('424_4', 'h'), ('225_6', 'h'))])
1	deque([(('166_53', 'h'), ('165_0', 't')), (('80_4', 'h'), ('166_53', 't')), (('414_0', 't'), ('80_4', 't')), (('414_0', 'h'), ('130_4', 'h')), (('109_3', 'h'), ('130_4', 't')), (('462_11', 'h'), ('109_3', 't')), (('462_11', 't'), ('166_31', 't')), (('166_31', 'h'), ('134_0', 'h')), (('166_16', 'h'), ('134_0', 't')), (('459_0', 't'), ('166_16', 't')), (('459_0', 'h'), ('191_6', 't')), (('191_6', 'h'), ('323_2', 't')), (('344_7', 'h'), ('323_2', 'h')), (('94_2', 'h'), ('344_7', 't')), (('343_0', 'h'), ('94_2', 't')), (('323_5', 'h'), ('343_0', 't')), (('190_0', 'h'), ('323_5', 't')), (('211_4', 'h'), ('190_0', 't')), (('431_2', 'h'), ('211_4', 't')), (('160_2', 'h'), ('431_2', 't')), (('166_36', 'h'), ('160_2', 't')), (('202_2', 't'), ('166_36', 't')), (('202_2', 'h'), ('95_0', 'h')), (('165_0', 'h'), ('95_0', 't'))])
1	deque([(('199_6', 'h'), ('283_17', 't')), (('203_11', 'h'), ('199_6', 't')), (('203_11', 't'), ('163_27', 't')), (('163_27', 'h'), ('304_2', 't')), (('304_2', 'h'), ('145_1', 't')), (('283_17', 'h'), ('145_1', 'h'))])
1	deque([(('452_3', 'h'), ('166_46', 'h')), (('293_3', 'h'), ('166_46', 't')), (('293_3', 't'), ('130_1', 't')), (('130_1', 'h'), ('415_4', 't')), (('415_4', 'h'), ('96_3', 't')), (('96_3', 'h'), ('452_3', 't'))])
1	deque([(('409_1', 'h'), ('115_7', 'h')), (('132_5', 'h'), ('115_7', 't')), (('409_1', 't'), ('132_5', 't'))])
1	deque([(('120_12', 'h'), ('120_12', 't'))])
1	deque([(('121_23', 'h'), ('121_23', 't'))])

Chosen seed at iteration 1: 1
Chosen chr at iteration 1



Chosen seed at iteration 2: 2
Chosen chr at iteration 2



Chosen seed at iteration 3: 3
Chosen chr at iteration 3



Chosen seed at iteration 4: 4
Chosen chr at iteration 4



Chosen seed at iteration 5: 5
Chosen chr at iteration 5



Chosen seed at iteration 6: 6
Chosen chr at iteration 6



Chosen seed at iteration 7: 7
Chosen chr at iteration 7



Chosen seed at iteration 8: 8
Chosen chr at iteration 8


Iteration 1
1	deque([(('351_12', 't'), ('151_1', 't')), (('351_12', 'h'), ('114_1', 't')), (('405_8', 'h'), ('114_1', 'h')), (('198_0', 'h'), ('405_8', 't')), (('324_5', 'h'), ('198_0', 't')), (('418_1', 't'), ('324_5', 't')), (('418_1', 'h'), ('408_1', 't')), (('408_1', 'h'), ('321_0', 'h')), (('192_0', 'h'), ('321_0', 't')), (('285_1', 'h'), ('192_0', 't')), (('291_1', 't'), ('285_1', 't')), (('338_1', 'h'), ('291_1', 'h')), (('338_1', 't'), ('133_0', 't')), (('336_1', 'h'), ('133_0', 'h')), (('251_6', 'h'), ('336_1', 't')), (('210_3', 'h'), ('251_6', 't')), (('225_0', 't'), ('210_3', 't')), (('225_0', 'h'), ('156_5', 'h')), (('265_8', 't'), ('156_5', 't')), (('265_8', 'h'), ('177_4', 't')), (('458_0', 'h'), ('177_4', 'h')), (('458_0', 't'), ('166_9', 't')), (('166_9', 'h'), ('165_4', 't')), (('165_4', 'h'), ('95_9', 't')), (('202_0', 'h'), ('95_9', 'h')), (('202_0', 't'), ('166_55', 't')), (('452_2', 'h'), ('166_55', 'h')), (('96_2', 'h'), ('452_2', 't')), (('414_4', 't'), ('96_2', 't')), (('414_4', 'h'), ('130_0', 'h')), (('293_2', 't'), ('130_0', 't')), (('293_2', 'h'), ('166_10', 't')), (('166_10', 'h'), ('88_3', 'h')), (('348_8', 't'), ('88_3', 't')), (('348_8', 'h'), ('413_0', 't')), (('413_0', 'h'), ('265_1', 't')), (('265_1', 'h'), ('166_33', 't')), (('166_33', 'h'), ('134_1', 'h')), (('166_58', 'h'), ('134_1', 't')), (('459_2', 't'), ('166_58', 't')), (('459_2', 'h'), ('191_5', 't')), (('191_5', 'h'), ('323_0', 't')), (('344_4', 'h'), ('323_0', 'h')), (('94_1', 'h'), ('344_4', 't')), (('343_3', 'h'), ('94_1', 't')), (('323_4', 'h'), ('343_3', 't')), (('190_3', 'h'), ('323_4', 't')), (('211_1', 'h'), ('190_3', 't')), (('431_1', 'h'), ('211_1', 't')), (('135_2', 'h'), ('431_1', 't')), (('166_44', 'h'), ('135_2', 't')), (('107_1', 'h'), ('166_44', 't')), (('166_57', 'h'), ('107_1', 't')), (('462_8', 't'), ('166_57', 't')), (('462_8', 'h'), ('50_1', 't')), (('50_1', 'h'), ('283_12', 't')), (('283_12', 'h'), ('145_18', 'h')), (('304_22', 'h'), ('145_18', 't')), (('163_15', 'h'), ('304_22', 't')), (('203_27', 't'), ('163_15', 't')), (('203_27', 'h'), ('199_0', 't')), (('199_0', 'h'), ('283_9', 't')), (('356_2', 'h'), ('283_9', 'h')), (('185_1', 'h'), ('356_2', 't')), (('93_0', 'h'), ('185_1', 't')), (('222_0', 'h'), ('93_0', 't')), (('307_0', 't'), ('222_0', 't')), (('307_0', 'h'), ('150_0', 'h')), (('151_1', 'h'), ('150_0', 't'))])
1	deque([(('409_2', 't'), ('132_3', 't')), (('132_3', 'h'), ('115_6', 't')), (('409_2', 'h'), ('115_6', 'h'))])
1	deque([(('368_3', 't'), ('309_9', 't')), (('460_2', 'h'), ('309_9', 'h')), (('181_4', 'h'), ('460_2', 't')), (('424_5', 't'), ('181_4', 't')), (('424_5', 'h'), ('225_11', 'h')), (('368_3', 'h'), ('225_11', 't'))])
1	deque([(('121_17', 'h'), ('121_17', 't'))])
1	deque([(('120_8', 'h'), ('120_8', 't'))])

Chosen seed at iteration 1: 1
Chosen chr at iteration 1



Chosen seed at iteration 2: 2
Chosen chr at iteration 2



Chosen seed at iteration 3: 3
Chosen chr at iteration 3



Chosen seed at iteration 4: 4
Chosen chr at iteration 4



Chosen seed at iteration 5: 5
Chosen chr at iteration 5


Iteration 1
1	deque([(('324_2', 'h'), ('286_1', 't')), (('324_2', 't'), ('260_11', 't')), (('260_11', 'h'), ('289_1', 't')), (('289_1', 'h'), ('149_0', 'h')), (('353_0', 't'), ('149_0', 't')), (('353_0', 'h'), ('159_7', 't')), (('159_7', 'h'), ('406_3', 't')), (('406_3', 'h'), ('178_5', 't')), (('178_5', 'h'), ('325_8', 't')), (('325_8', 'h'), ('197_5', 't')), (('197_5', 'h'), ('440_3', 't')), (('440_3', 'h'), ('207_1', 't')), (('207_1', 'h'), ('195_2', 't')), (('195_2', 'h'), ('77_0', 't')), (('310_3', 'h'), ('77_0', 'h')), (('303_5', 'h'), ('310_3', 't')), (('435_2', 'h'), ('303_5', 't')), (('271_4', 'h'), ('435_2', 't')), (('464_6', 't'), ('271_4', 't')), (('464_6', 'h'), ('329_17', 't')), (('329_17', 'h'), ('297_7', 't')), (('297_7', 'h'), ('358_7', 't')), (('358_7', 'h'), ('278_6', 'h')), (('375_1', 'h'), ('278_6', 't')), (('375_1', 't'), ('73_0', 't')), (('157_2', 'h'), ('73_0', 'h')), (('157_2', 't'), ('67_1', 't')), (('67_1', 'h'), ('450_4', 't')), (('450_4', 'h'), ('161_6', 't')), (('161_6', 'h'), ('218_3', 't')), (('398_3', 'h'), ('218_3', 'h')), (('346_4', 'h'), ('398_3', 't')), (('224_5', 'h'), ('346_4', 't')), (('433_2', 't'), ('224_5', 't')), (('433_2', 'h'), ('281_1', 'h')), (('321_2', 'h'), ('281_1', 't')), (('361_0', 't'), ('321_2', 't')), (('361_0', 'h'), ('289_12', 't')), (('289_12', 'h'), ('300_5', 't')), (('422_3', 'h'), ('300_5', 'h')), (('286_1', 'h'), ('422_3', 't'))])
1	deque([(('293_0', 'h'), ('166_40', 't')), (('293_0', 't'), ('130_5', 't')), (('414_2', 'h'), ('130_5', 'h')), (('414_2', 't'), ('80_2', 't')), (('80_2', 'h'), ('166_13', 't')), (('166_13', 'h'), ('134_3', 't')), (('166_39', 'h'), ('134_3', 'h')), (('107_3', 'h'), ('166_39', 't')), (('166_6', 'h'), ('107_3', 't')), (('459_1', 't'), ('166_6', 't')), (('459_1', 'h'), ('191_7', 't')), (('191_7', 'h'), ('323_10', 't')), (('323_10', 'h'), ('343_1', 't')), (('343_1', 'h'), ('94_0', 't')), (('94_0', 'h'), ('344_6', 't')), (('344_6', 'h'), ('323_9', 'h')), (('190_2', 'h'), ('323_9', 't')), (('211_5', 'h'), ('190_2', 't')), (('431_3', 'h'), ('211_5', 't')), (('160_0', 'h'), ('431_3', 't')), (('166_4', 'h'), ('160_0', 't')), (('462_12', 't'), ('166_4', 't')), (('462_12', 'h'), ('109_0', 't')), (('109_0', 'h'), ('130_2', 't')), (('130_2', 'h'), ('415_0', 't')), (('415_0', 'h'), ('96_1', 't')), (('96_1', 'h'), ('452_0', 't')), (('452_0', 'h'), ('166_56', 'h')), (('202_1', 't'), ('166_56', 't')), (('202_1', 'h'), ('95_1', 'h')), (('255_1', 't'), ('95_1', 't')), (('255_1', 'h'), ('182_2', 't')), (('182_2', 'h'), ('110_0', 'h')), (('388_5', 'h'), ('110_0', 't')), (('388_5', 't'), ('355_0', 't')), (('355_0', 'h'), ('430_0', 't')), (('430_0', 'h'), ('385_1', 't')), (('385_1', 'h'), ('362_1', 'h')), (('362_1', 't'), ('227_1', 't')), (('227_1', 'h'), ('383_3', 't')), (('383_3', 'h'), ('359_0', 'h')), (('318_5', 'h'), ('359_0', 't')), (('305_2', 'h'), ('318_5', 't')), (('305_2', 't'), ('172_0', 't')), (('172_0', 'h'), ('339_0', 't')), (('339_0', 'h'), ('335_1', 'h')), (('335_1', 't'), ('285_2', 't')), (('285_2', 'h'), ('63_2', 't')), (('111_3', 'h'), ('63_2', 'h')), (('419_3', 'h'), ('111_3', 't')), (('284_3', 'h'), ('419_3', 't')), (('386_3', 't'), ('284_3', 't')), (('386_3', 'h'), ('302_2', 't')), (('329_10', 'h'), ('302_2', 'h')), (('468_2', 'h'), ('329_10', 't')), (('341_1', 'h'), ('468_2', 't')), (('341_1', 't'), ('337_7', 't')), (('337_7', 'h'), ('420_4', 't')), (('420_4', 'h'), ('382_2', 't')), (('382_2', 'h'), ('266_8', 'h')), (('162_1', 'h'), ('266_8', 't')), (('319_2', 'h'), ('162_1', 't')), (('123_1', 'h'), ('319_2', 't')), (('95_4', 'h'), ('123_1', 't')), (('165_1', 'h'), ('95_4', 't')), (('166_3', 'h'), ('165_1', 't')), (('458_6', 't'), ('166_3', 't')), (('458_6', 'h'), ('177_0', 'h')), (('265_10', 'h'), ('177_0', 't')), (('265_10', 't'), ('156_1', 't')), (('225_4', 'h'), ('156_1', 'h')), (('225_4', 't'), ('210_1', 't')), (('210_1', 'h'), ('251_2', 't')), (('251_2', 'h'), ('166_40', 'h'))])
1	deque([(('203_28', 'h'), ('199_12', 't')), (('203_28', 't'), ('163_8', 't')), (('163_8', 'h'), ('304_3', 't')), (('304_3', 'h'), ('145_13', 't')), (('283_16', 'h'), ('145_13', 'h')), (('199_12', 'h'), ('283_16', 't'))])
1	deque([(('369_3', 'h'), ('391_2', 't')), (('391_2', 'h'), ('83_0', 't')), (('330_2', 'h'), ('83_0', 'h')), (('267_2', 'h'), ('330_2', 't')), (('267_2', 't'), ('253_0', 't')), (('253_0', 'h'), ('434_2', 't')), (('434_2', 'h'), ('223_3', 't')), (('223_3', 'h'), ('377_2', 't')), (('377_2', 'h'), ('369_3', 't'))])
1	deque([(('348_6', 'h'), ('413_2', 't')), (('348_6', 't'), ('88_2', 't')), (('166_48', 'h'), ('88_2', 'h')), (('265_3', 'h'), ('166_48', 't')), (('413_2', 'h'), ('265_3', 't'))])
1	deque([(('351_3', 't'), ('173_15', 't')), (('173_15', 'h'), ('203_26', 't')), (('203_26', 'h'), ('143_0', 'h')), (('304_4', 'h'), ('143_0', 't')), (('316_8', 't'), ('304_4', 't')), (('316_8', 'h'), ('405_2', 't')), (('405_2', 'h'), ('114_8', 'h')), (('351_3', 'h'), ('114_8', 't'))])
1	deque([(('120_4', 'h'), ('120_4', 't'))])
1	deque([(('387_9', 'h'), ('159_19', 'h')), (('354_9', 'h'), ('159_19', 't')), (('354_9', 't'), ('148_1', 't')), (('148_1', 'h'), ('387_9', 't'))])
1	deque([(('424_1', 't'), ('181_7', 't')), (('181_7', 'h'), ('460_3', 't')), (('460_3', 'h'), ('309_3', 'h')), (('368_2', 't'), ('309_3', 't')), (('368_2', 'h'), ('225_8', 't')), (('424_1', 'h'), ('225_8', 'h'))])
1	deque([(('121_4', 'h'), ('121_4', 't'))])

Chosen seed at iteration 1: 1
Chosen chr at iteration 1



Chosen seed at iteration 2: 2
Chosen chr at iteration 2



Chosen seed at iteration 3: 3
Chosen chr at iteration 3



Chosen seed at iteration 4: 4
Chosen chr at iteration 4



Chosen seed at iteration 5: 5
Chosen chr at iteration 5



Chosen seed at iteration 6: 6
Chosen chr at iteration 6



Chosen seed at iteration 7: 7
Chosen chr at iteration 7



Chosen seed at iteration 8: 8
Chosen chr at iteration 8



Chosen seed at iteration 9: 9
Chosen chr at iteration 9



Chosen seed at iteration 10: 10
Chosen chr at iteration 10


Iteration 1
1	deque([(('424_3', 'h'), ('225_12', 'h')), (('424_3', 't'), ('181_8', 't')), (('230_7', 'h'), ('181_8', 'h')), (('156_4', 'h'), ('230_7', 't')), (('265_2', 't'), ('156_4', 't')), (('265_2', 'h'), ('166_23', 't')), (('166_23', 'h'), ('105_1', 'h')), (('95_10', 'h'), ('105_1', 't')), (('165_3', 'h'), ('95_10', 't')), (('166_34', 'h'), ('165_3', 't')), (('293_1', 'h'), ('166_34', 't')), (('293_1', 't'), ('130_3', 't')), (('414_1', 'h'), ('130_3', 'h')), (('414_1', 't'), ('80_1', 't')), (('80_1', 'h'), ('166_0', 't')), (('166_0', 'h'), ('160_1', 't')), (('160_1', 'h'), ('431_0', 't')), (('431_0', 'h'), ('211_2', 't')), (('211_2', 'h'), ('190_1', 't')), (('190_1', 'h'), ('323_7', 't')), (('344_3', 'h'), ('323_7', 'h')), (('446_3', 't'), ('344_3', 't')), (('446_3', 'h'), ('137_0', 'h')), (('171_2', 'h'), ('137_0', 't')), (('115_0', 'h'), ('171_2', 't')), (('132_0', 'h'), ('115_0', 't')), (('132_0', 't'), ('56_2', 't')), (('141_3', 'h'), ('56_2', 'h')), (('168_1', 'h'), ('141_3', 't')), (('391_1', 'h'), ('168_1', 't')), (('369_1', 'h'), ('391_1', 't')), (('377_3', 'h'), ('369_1', 't')), (('223_2', 'h'), ('377_3', 't')), (('327_1', 'h'), ('223_2', 't')), (('327_1', 't'), ('78_0', 't')), (('215_3', 'h'), ('78_0', 'h')), (('244_1', 'h'), ('215_3', 't')), (('244_1', 't'), ('136_1', 't')), (('136_1', 'h'), ('241_1', 't')), (('241_1', 'h'), ('196_4', 'h')), (('196_4', 't'), ('86_0', 't')), (('86_0', 'h'), ('141_2', 't')), (('141_2', 'h'), ('75_0', 't')), (('75_0', 'h'), ('353_4', 't')), (('353_4', 'h'), ('159_0', 't')), (('159_0', 'h'), ('406_1', 't')), (('406_1', 'h'), ('178_14', 't')), (('178_14', 'h'), ('325_10', 't')), (('325_10', 'h'), ('197_9', 't')), (('197_9', 'h'), ('440_7', 't')), (('440_7', 'h'), ('49_1', 'h')), (('170_1', 'h'), ('49_1', 't')), (('296_5', 'h'), ('170_1', 't')), (('129_3', 'h'), ('296_5', 't')), (('300_4', 'h'), ('129_3', 't')), (('289_7', 'h'), ('300_4', 't')), (('260_3', 'h'), ('289_7', 't')), (('324_3', 't'), ('260_3', 't')), (('324_3', 'h'), ('198_1', 't')), (('198_1', 'h'), ('405_15', 't')), (('405_15', 'h'), ('114_2', 'h')), (('351_18', 'h'), ('114_2', 't')), (('351_18', 't'), ('151_2', 't')), (('151_2', 'h'), ('150_3', 't')), (('307_5', 'h'), ('150_3', 'h')), (('307_5', 't'), ('222_1', 't')), (('222_1', 'h'), ('93_2', 't')), (('93_2', 'h'), ('185_0', 't')), (('185_0', 'h'), ('356_1', 't')), (('356_1', 'h'), ('283_1', 'h')), (('50_0', 'h'), ('283_1', 't')), (('462_4', 'h'), ('50_0', 't')), (('462_4', 't'), ('166_26', 't')), (('166_26', 'h'), ('107_2', 't')), (('107_2', 'h'), ('166_18', 't')), (('251_1', 'h'), ('166_18', 'h')), (('210_2', 'h'), ('251_1', 't')), (('225_12', 't'), ('210_2', 't'))])
1	deque([(('388_6', 't'), ('355_6', 't')), (('388_6', 'h'), ('153_2', 't')), (('362_3', 'h'), ('153_2', 'h')), (('362_3', 't'), ('227_4', 't')), (('227_4', 'h'), ('383_5', 't')), (('383_5', 'h'), ('359_3', 'h')), (('318_1', 'h'), ('359_3', 't')), (('305_0', 'h'), ('318_1', 't')), (('430_2', 'h'), ('305_0', 't')), (('355_6', 'h'), ('430_2', 't'))])
1	deque([(('199_18', 'h'), ('283_10', 't')), (('203_4', 'h'), ('199_18', 't')), (('203_4', 't'), ('163_26', 't')), (('163_26', 'h'), ('304_11', 't')), (('304_11', 'h'), ('145_6', 't')), (('283_10', 'h'), ('145_6', 'h'))])
1	deque([(('354_3', 'h'), ('159_8', 't')), (('354_3', 't'), ('148_4', 't')), (('148_4', 'h'), ('387_6', 't')), (('387_6', 'h'), ('159_8', 'h'))])
1	deque([(('326_2', 'h'), ('180_6', 't')), (('295_6', 'h'), ('180_6', 'h')), (('295_6', 't'), ('55_1', 't')), (('55_1', 'h'), ('306_8', 't')), (('306_8', 'h'), ('326_2', 't'))])

Chosen seed at iteration 1: 1
Chosen chr at iteration 1



Chosen seed at iteration 2: 2
Chosen chr at iteration 2



Chosen seed at iteration 3: 3
Chosen chr at iteration 3



Chosen seed at iteration 4: 4
Chosen chr at iteration 4



Chosen seed at iteration 5: 5
Chosen chr at iteration 5


Iteration 1
1	deque([(('166_43', 'h'), ('165_6', 't')), (('165_6', 'h'), ('95_6', 't')), (('95_6', 'h'), ('105_2', 't')), (('166_5', 'h'), ('105_2', 'h')), (('458_3', 't'), ('166_5', 't')), (('458_3', 'h'), ('84_0', 't')), (('303_2', 'h'), ('84_0', 'h')), (('435_0', 'h'), ('303_2', 't')), (('271_0', 'h'), ('435_0', 't')), (('468_4', 't'), ('271_0', 't')), (('468_4', 'h'), ('329_5', 't')), (('329_5', 'h'), ('297_11', 't')), (('297_11', 'h'), ('358_10', 't')), (('358_10', 'h'), ('278_0', 'h')), (('375_8', 'h'), ('278_0', 't')), (('74_2', 'h'), ('375_8', 't')), (('388_4', 'h'), ('74_2', 't')), (('388_4', 't'), ('355_7', 't')), (('355_7', 'h'), ('294_7', 'h')), (('467_2', 'h'), ('294_7', 't')), (('467_2', 't'), ('318_2', 't')), (('318_2', 'h'), ('359_5', 't')), (('383_4', 'h'), ('359_5', 'h')), (('227_5', 'h'), ('383_4', 't')), (('227_5', 't'), ('90_0', 't')), (('90_0', 'h'), ('404_4', 't')), (('404_4', 'h'), ('114_0', 'h')), (('101_1', 'h'), ('114_0', 't')), (('240_3', 't'), ('101_1', 't')), (('240_3', 'h'), ('296_7', 't')), (('296_7', 'h'), ('48_2', 't')), (('447_1', 'h'), ('48_2', 'h')), (('462_21', 'h'), ('447_1', 't')), (('462_21', 't'), ('166_45', 't')), (('251_0', 'h'), ('166_45', 'h')), (('210_6', 'h'), ('251_0', 't')), (('225_1', 't'), ('210_6', 't')), (('424_2', 'h'), ('225_1', 'h')), (('424_2', 't'), ('158_4', 't')), (('158_4', 'h'), ('348_3', 't')), (('348_3', 'h'), ('413_4', 't')), (('413_4', 'h'), ('265_5', 't')), (('265_5', 'h'), ('166_42', 't')), (('166_42', 'h'), ('107_4', 't')), (('107_4', 'h'), ('166_43', 't'))])
1	deque([(('351_22', 'h'), ('114_13', 't')), (('351_22', 't'), ('173_0', 't')), (('173_0', 'h'), ('203_9', 't')), (('203_9', 'h'), ('199_9', 't')), (('199_9', 'h'), ('283_14', 't')), (('283_14', 'h'), ('145_15', 'h')), (('304_12', 'h'), ('145_15', 't')), (('163_12', 'h'), ('304_12', 't')), (('203_16', 't'), ('163_12', 't')), (('203_16', 'h'), ('143_3', 'h')), (('304_15', 'h'), ('143_3', 't')), (('316_5', 't'), ('304_15', 't')), (('316_5', 'h'), ('405_17', 't')), (('405_17', 'h'), ('114_13', 'h'))])
1	deque([(('289_2', 'h'), ('300_0', 't')), (('422_2', 'h'), ('300_0', 'h')), (('286_2', 'h'), ('422_2', 't')), (('324_6', 'h'), ('286_2', 't')), (('324_6', 't'), ('260_8', 't')), (('260_8', 'h'), ('289_2', 't'))])
1	deque([(('306_1', 'h'), ('326_1', 't')), (('326_1', 'h'), ('180_2', 't')), (('295_3', 'h'), ('180_2', 'h')), (('295_3', 't'), ('55_2', 't')), (('55_2', 'h'), ('306_1', 't'))])
1	deque([(('120_7', 'h'), ('120_7', 't'))])
1	deque([(('327_2', 'h'), ('223_5', 't')), (('223_5', 'h'), ('377_4', 't')), (('377_4', 'h'), ('369_2', 't')), (('369_2', 'h'), ('391_3', 't')), (('391_3', 'h'), ('89_2', 'h')), (('327_2', 't'), ('89_2', 't'))])
1	deque([(('409_3', 'h'), ('115_3', 'h')), (('409_3', 't'), ('132_4', 't')), (('132_4', 'h'), ('115_3', 't'))])
1	deque([(('225_1', 't'), ('210_8', 't'))])
1	deque([(('121_12', 'h'), ('121_12', 't'))])
1	deque([(('210_8', 'h'), ('251_0', 't'))])

Chosen seed at iteration 1: 1
Chosen chr at iteration 1



Chosen seed at iteration 2: 2
Chosen chr at iteration 2



Chosen seed at iteration 3: 3
Chosen chr at iteration 3



Chosen seed at iteration 4: 4
Chosen chr at iteration 4



Chosen seed at iteration 5: 5
Chosen chr at iteration 5



Chosen seed at iteration 6: 6
Chosen chr at iteration 6



Chosen seed at iteration 7: 7
Chosen chr at iteration 7



Chosen seed at iteration 8: 8
Chosen chr at iteration 8



Chosen seed at iteration 9: 9
Chosen chr at iteration 9



Chosen seed at iteration 10: 10
Chosen chr at iteration 10


Iteration 1
1	deque([(('173_2', 'h'), ('203_30', 't')), (('203_30', 'h'), ('199_8', 't')), (('199_8', 'h'), ('283_2', 't')), (('283_2', 'h'), ('145_9', 'h')), (('304_1', 'h'), ('145_9', 't')), (('163_9', 'h'), ('304_1', 't')), (('203_12', 't'), ('163_9', 't')), (('203_12', 'h'), ('143_13', 'h')), (('304_9', 'h'), ('143_13', 't')), (('316_9', 't'), ('304_9', 't')), (('316_9', 'h'), ('405_1', 't')), (('405_1', 'h'), ('114_3', 'h')), (('351_9', 'h'), ('114_3', 't')), (('351_9', 't'), ('173_2', 't'))])
1	deque([(('121_11', 'h'), ('121_11', 't'))])
1	deque([(('327_0', 'h'), ('223_4', 't')), (('223_4', 'h'), ('377_5', 't')), (('377_5', 'h'), ('369_5', 't')), (('369_5', 'h'), ('391_0', 't')), (('391_0', 'h'), ('89_0', 'h')), (('327_0', 't'), ('89_0', 't'))])
1	deque([(('210_0', 'h'), ('251_3', 't')), (('225_3', 't'), ('210_0', 't')), (('424_0', 'h'), ('225_3', 'h')), (('424_0', 't'), ('181_2', 't')), (('181_2', 'h'), ('460_1', 't')), (('460_1', 'h'), ('309_4', 'h')), (('118_2', 'h'), ('309_4', 't')), (('166_21', 'h'), ('118_2', 't')), (('462_15', 't'), ('166_21', 't')), (('462_15', 'h'), ('53_0', 't')), (('53_0', 'h'), ('166_54', 't')), (('251_3', 'h'), ('166_54', 'h'))])
1	deque([(('326_6', 'h'), ('180_1', 't')), (('306_11', 'h'), ('326_6', 't')), (('55_0', 'h'), ('306_11', 't')), (('295_0', 't'), ('55_0', 't')), (('295_0', 'h'), ('180_1', 'h'))])
1	deque([(('409_0', 't'), ('132_2', 't')), (('132_2', 'h'), ('115_1', 't')), (('409_0', 'h'), ('115_1', 'h'))])
1	deque([(('166_41', 'h'), ('88_1', 'h')), (('265_7', 'h'), ('166_41', 't')), (('413_3', 'h'), ('265_7', 't')), (('348_2', 'h'), ('413_3', 't')), (('348_2', 't'), ('88_1', 't'))])
1	deque([(('120_20', 'h'), ('120_20', 't'))])

Chosen seed at iteration 1: 1
Chosen chr at iteration 1



Chosen seed at iteration 2: 2
Chosen chr at iteration 2



Chosen seed at iteration 3: 3
Chosen chr at iteration 3



Chosen seed at iteration 4: 4
Chosen chr at iteration 4



Chosen seed at iteration 5: 5
Chosen chr at iteration 5



Chosen seed at iteration 6: 6
Chosen chr at iteration 6



Chosen seed at iteration 7: 7
Chosen chr at iteration 7



Chosen seed at iteration 8: 8
Chosen chr at iteration 8


Iteration 1
1	deque([(('424_6', 'h'), ('225_5', 'h')), (('424_6', 't'), ('181_0', 't')), (('181_0', 'h'), ('460_0', 't')), (('460_0', 'h'), ('309_7', 'h')), (('118_3', 'h'), ('309_7', 't')), (('166_50', 'h'), ('118_3', 't')), (('39_1', 'h'), ('166_50', 't')), (('165_2', 't'), ('39_1', 't')), (('165_2', 'h'), ('95_3', 't')), (('95_3', 'h'), ('81_0', 'h')), (('166_52', 'h'), ('81_0', 't')), (('458_9', 't'), ('166_52', 't')), (('458_9', 'h'), ('177_2', 'h')), (('265_4', 'h'), ('177_2', 't')), (('413_5', 'h'), ('265_4', 't')), (('348_7', 'h'), ('413_5', 't')), (('348_7', 't'), ('88_0', 't')), (('166_27', 'h'), ('88_0', 'h')), (('53_2', 'h'), ('166_27', 't')), (('462_5', 'h'), ('53_2', 't')), (('462_5', 't'), ('166_32', 't')), (('251_5', 'h'), ('166_32', 'h')), (('210_10', 'h'), ('251_5', 't')), (('225_5', 't'), ('210_10', 't'))])
1	deque([(('360_4', 'h'), ('416_0', 't')), (('416_0', 'h'), ('342_3', 't')), (('342_3', 'h'), ('294_6', 't')), (('355_4', 'h'), ('294_6', 'h')), (('388_0', 't'), ('355_4', 't')), (('388_0', 'h'), ('153_0', 't')), (('362_7', 'h'), ('153_0', 'h')), (('362_7', 't'), ('227_0', 't')), (('227_0', 'h'), ('383_2', 't')), (('383_2', 'h'), ('360_4', 't'))])
1	deque([(('95_11', 't'), ('76_1', 't')), (('95_11', 'h'), ('76_1', 'h'))])
1	deque([(('316_10', 'h'), ('405_5', 't')), (('405_5', 'h'), ('114_9', 'h')), (('351_13', 'h'), ('114_9', 't')), (('351_13', 't'), ('173_6', 't')), (('173_6', 'h'), ('203_2', 't')), (('203_2', 'h'), ('143_4', 'h')), (('304_18', 'h'), ('143_4', 't')), (('316_10', 't'), ('304_18', 't'))])
1	deque([(('289_0', 'h'), ('149_2', 'h')), (('260_1', 'h'), ('289_0', 't')), (('324_1', 't'), ('260_1', 't')), (('324_1', 'h'), ('139_3', 't')), (('139_3', 'h'), ('354_5', 't')), (('354_5', 'h'), ('159_2', 't')), (('387_7', 'h'), ('159_2', 'h')), (('387_7', 't'), ('52_1', 't')), (('52_1', 'h'), ('375_0', 't')), (('375_0', 'h'), ('278_14', 't')), (('358_0', 'h'), ('278_14', 'h')), (('297_10', 'h'), ('358_0', 't')), (('329_4', 'h'), ('297_10', 't')), (('464_14', 'h'), ('329_4', 't')), (('464_14', 't'), ('271_5', 't')), (('271_5', 'h'), ('436_3', 't')), (('436_3', 'h'), ('303_0', 't')), (('303_0', 'h'), ('310_4', 't')), (('310_4', 'h'), ('77_1', 'h')), (('195_3', 'h'), ('77_1', 't')), (('207_2', 'h'), ('195_3', 't')), (('440_1', 'h'), ('207_2', 't')), (('197_0', 'h'), ('440_1', 't')), (('325_0', 'h'), ('197_0', 't')), (('178_11', 'h'), ('325_0', 't')), (('406_5', 'h'), ('178_11', 't')), (('159_5', 'h'), ('406_5', 't')), (('353_9', 'h'), ('159_5', 't')), (('353_9', 't'), ('149_2', 't'))])
1	deque([(('199_2', 'h'), ('283_18', 't')), (('283_18', 'h'), ('145_7', 'h')), (('304_24', 'h'), ('145_7', 't')), (('163_24', 'h'), ('304_24', 't')), (('203_0', 't'), ('163_24', 't')), (('203_0', 'h'), ('199_2', 't'))])
1	deque([(('120_11', 'h'), ('120_11', 't'))])
1	deque([(('121_0', 'h'), ('121_0', 't'))])

Chosen seed at iteration 1: 1
Chosen chr at iteration 1



Chosen seed at iteration 2: 2
Chosen chr at iteration 2



Chosen seed at iteration 3: 3
Chosen chr at iteration 3



Chosen seed at iteration 4: 4
Chosen chr at iteration 4



Chosen seed at iteration 5: 5
Chosen chr at iteration 5



Chosen seed at iteration 6: 6
Chosen chr at iteration 6



Chosen seed at iteration 7: 7
Chosen chr at iteration 7



Chosen seed at iteration 8: 8
Chosen chr at iteration 8


Iteration 1
1	deque([(('388_3', 'h'), ('153_1', 't')), (('362_0', 'h'), ('153_1', 'h')), (('362_0', 't'), ('227_2', 't')), (('227_2', 'h'), ('383_1', 't')), (('383_1', 'h'), ('360_1', 't')), (('360_1', 'h'), ('416_1', 't')), (('416_1', 'h'), ('342_2', 't')), (('342_2', 'h'), ('294_5', 't')), (('355_2', 'h'), ('294_5', 'h')), (('388_3', 't'), ('355_2', 't'))])
1	deque([(('166_19', 'h'), ('46_3', 'h')), (('53_1', 'h'), ('166_19', 't')), (('462_14', 'h'), ('53_1', 't')), (('462_14', 't'), ('166_2', 't')), (('166_2', 'h'), ('81_2', 't')), (('95_7', 'h'), ('81_2', 'h')), (('95_7', 't'), ('76_0', 't')), (('95_8', 'h'), ('76_0', 'h')), (('44_1', 'h'), ('95_8', 't')), (('387_8', 't'), ('44_1', 't')), (('387_8', 'h'), ('159_11', 'h')), (('354_2', 'h'), ('159_11', 't')), (('139_2', 'h'), ('354_2', 't')), (('324_10', 'h'), ('139_2', 't')), (('324_10', 't'), ('260_2', 't')), (('260_2', 'h'), ('289_4', 't')), (('289_4', 'h'), ('149_1', 'h')), (('353_7', 't'), ('149_1', 't')), (('353_7', 'h'), ('159_12', 't')), (('159_12', 'h'), ('406_2', 't')), (('406_2', 'h'), ('178_7', 't')), (('178_7', 'h'), ('325_11', 't')), (('325_11', 'h'), ('197_1', 't')), (('197_1', 'h'), ('457_2', 't')), (('457_2', 'h'), ('375_2', 't')), (('375_2', 'h'), ('278_2', 't')), (('358_3', 'h'), ('278_2', 'h')), (('297_4', 'h'), ('358_3', 't')), (('329_9', 'h'), ('297_4', 't')), (('464_2', 'h'), ('329_9', 't')), (('464_2', 't'), ('271_3', 't')), (('271_3', 'h'), ('436_4', 't')), (('436_4', 'h'), ('303_1', 't')), (('303_1', 'h'), ('84_1', 'h')), (('458_4', 'h'), ('84_1', 't')), (('458_4', 't'), ('166_1', 't')), (('166_1', 'h'), ('118_0', 't')), (('118_0', 'h'), ('309_1', 't')), (('309_1', 'h'), ('46_3', 't'))])
1	deque([(('120_0', 'h'), ('120_0', 't'))])
1	deque([(('304_16', 'h'), ('145_3', 't')), (('283_3', 'h'), ('145_3', 'h')), (('199_16', 'h'), ('283_3', 't')), (('203_1', 'h'), ('199_16', 't')), (('173_11', 'h'), ('203_1', 't')), (('351_15', 't'), ('173_11', 't')), (('351_15', 'h'), ('114_16', 't')), (('405_16', 'h'), ('114_16', 'h')), (('316_3', 'h'), ('405_16', 't')), (('316_3', 't'), ('304_16', 't'))])
1	deque([(('121_2', 'h'), ('121_2', 't'))])
1	deque([(('163_1', 'h'), ('304_0', 't')), (('203_15', 't'), ('163_1', 't')), (('203_15', 'h'), ('143_11', 'h')), (('304_0', 'h'), ('143_11', 't'))])

Chosen seed at iteration 1: 1
Chosen chr at iteration 1



Chosen seed at iteration 2: 2
Chosen chr at iteration 2



Chosen seed at iteration 3: 3
Chosen chr at iteration 3



Chosen seed at iteration 4: 4
Chosen chr at iteration 4



Chosen seed at iteration 5: 5
Chosen chr at iteration 5



Chosen seed at iteration 6: 6
Chosen chr at iteration 6


Iteration 1
1	deque([(('173_5', 'h'), ('203_6', 't')), (('351_0', 't'), ('173_5', 't')), (('351_0', 'h'), ('114_5', 't')), (('405_7', 'h'), ('114_5', 'h')), (('316_11', 'h'), ('405_7', 't')), (('316_11', 't'), ('304_17', 't')), (('304_17', 'h'), ('145_12', 't')), (('283_7', 'h'), ('145_12', 'h')), (('199_19', 'h'), ('283_7', 't')), (('203_6', 'h'), ('199_19', 't'))])
1	deque([(('121_1', 'h'), ('121_1', 't'))])
1	deque([(('304_7', 'h'), ('143_10', 't')), (('203_22', 'h'), ('143_10', 'h')), (('203_22', 't'), ('163_7', 't')), (('163_7', 'h'), ('304_7', 't'))])
1	deque([(('148_0', 'h'), ('387_0', 't')), (('387_0', 'h'), ('159_18', 'h')), (('354_1', 'h'), ('159_18', 't')), (('354_1', 't'), ('148_0', 't'))])
1	deque([(('120_1', 'h'), ('120_1', 't'))])

Chosen seed at iteration 1: 1
Chosen chr at iteration 1



Chosen seed at iteration 2: 2
Chosen chr at iteration 2



Chosen seed at iteration 3: 3
Chosen chr at iteration 3



Chosen seed at iteration 4: 4
Chosen chr at iteration 4



Chosen seed at iteration 5: 5
Chosen chr at iteration 5


Iteration 1
1	deque([(('462_2', 'h'), ('447_3', 't')), (('447_3', 'h'), ('264_0', 'h')), (('334_3', 't'), ('264_0', 't')), (('334_3', 'h'), ('72_1', 'h')), (('334_1', 'h'), ('72_1', 't')), (('164_1', 'h'), ('334_1', 't')), (('333_0', 'h'), ('164_1', 't')), (('333_0', 't'), ('147_1', 't')), (('147_1', 'h'), ('315_1', 't')), (('315_1', 'h'), ('154_1', 'h')), (('353_5', 't'), ('154_1', 't')), (('353_5', 'h'), ('159_9', 't')), (('159_9', 'h'), ('406_0', 't')), (('406_0', 'h'), ('178_9', 't')), (('178_9', 'h'), ('325_5', 't')), (('325_5', 'h'), ('197_12', 't')), (('197_12', 'h'), ('457_0', 't')), (('457_0', 'h'), ('375_3', 't')), (('375_3', 'h'), ('278_4', 't')), (('358_5', 'h'), ('278_4', 'h')), (('297_2', 'h'), ('358_5', 't')), (('329_1', 'h'), ('297_2', 't')), (('464_9', 'h'), ('329_1', 't')), (('464_9', 't'), ('271_2', 't')), (('271_2', 'h'), ('436_0', 't')), (('436_0', 'h'), ('303_6', 't')), (('303_6', 'h'), ('310_1', 't')), (('310_1', 'h'), ('77_2', 'h')), (('195_1', 'h'), ('77_2', 't')), (('195_1', 't'), ('58_1', 't')), (('166_28', 'h'), ('58_1', 'h')), (('462_2', 't'), ('166_28', 't'))])
1	deque([(('203_5', 'h'), ('199_14', 't')), (('173_13', 'h'), ('203_5', 't')), (('351_17', 't'), ('173_13', 't')), (('351_17', 'h'), ('114_7', 't')), (('405_6', 'h'), ('114_7', 'h')), (('316_1', 'h'), ('405_6', 't')), (('316_1', 't'), ('304_14', 't')), (('304_14', 'h'), ('143_6', 't')), (('203_18', 'h'), ('143_6', 'h')), (('203_18', 't'), ('163_23', 't')), (('163_23', 'h'), ('304_20', 't')), (('304_20', 'h'), ('145_19', 't')), (('283_5', 'h'), ('145_19', 'h')), (('199_14', 'h'), ('283_5', 't'))])
1	deque([(('354_10', 't'), ('148_3', 't')), (('354_10', 'h'), ('159_17', 't')), (('387_5', 'h'), ('159_17', 'h')), (('148_3', 'h'), ('387_5', 't'))])
1	deque([(('120_27', 'h'), ('120_27', 't'))])
1	deque([(('121_14', 'h'), ('121_14', 't'))])

Chosen seed at iteration 1: 1
Chosen chr at iteration 1



Chosen seed at iteration 2: 2
Chosen chr at iteration 2



Chosen seed at iteration 3: 3
Chosen chr at iteration 3



Chosen seed at iteration 4: 4
Chosen chr at iteration 4



Chosen seed at iteration 5: 5
Chosen chr at iteration 5


Iteration 1
1	deque([(('203_14', 'h'), ('199_15', 't')), (('173_4', 'h'), ('203_14', 't')), (('351_6', 't'), ('173_4', 't')), (('351_6', 'h'), ('114_4', 't')), (('405_11', 'h'), ('114_4', 'h')), (('316_2', 'h'), ('405_11', 't')), (('316_2', 't'), ('304_21', 't')), (('304_21', 'h'), ('145_10', 't')), (('283_13', 'h'), ('145_10', 'h')), (('199_15', 'h'), ('283_13', 't'))])
1	deque([(('354_8', 't'), ('148_2', 't')), (('354_8', 'h'), ('159_13', 't')), (('387_1', 'h'), ('159_13', 'h')), (('148_2', 'h'), ('387_1', 't'))])
1	deque([(('203_13', 't'), ('163_3', 't')), (('163_3', 'h'), ('304_13', 't')), (('304_13', 'h'), ('143_8', 't')), (('203_13', 'h'), ('143_8', 'h'))])
1	deque([(('121_15', 'h'), ('121_15', 't'))])
1	deque([(('120_21', 'h'), ('120_21', 't'))])

Chosen seed at iteration 1: 1
Chosen chr at iteration 1



Chosen seed at iteration 2: 2
Chosen chr at iteration 2



Chosen seed at iteration 3: 3
Chosen chr at iteration 3



Chosen seed at iteration 4: 4
Chosen chr at iteration 4



Chosen seed at iteration 5: 5
Chosen chr at iteration 5


Iteration 1
1	deque([(('173_10', 'h'), ('203_31', 't')), (('203_31', 'h'), ('143_7', 'h')), (('304_6', 'h'), ('143_7', 't')), (('316_6', 't'), ('304_6', 't')), (('316_6', 'h'), ('405_4', 't')), (('405_4', 'h'), ('114_14', 'h')), (('351_4', 'h'), ('114_14', 't')), (('351_4', 't'), ('173_10', 't'))])
1	deque([(('283_6', 'h'), ('145_5', 'h')), (('199_11', 'h'), ('283_6', 't')), (('203_8', 'h'), ('199_11', 't')), (('203_8', 't'), ('163_22', 't')), (('163_22', 'h'), ('304_5', 't')), (('304_5', 'h'), ('145_5', 't'))])
1	deque([(('121_7', 'h'), ('121_7', 't'))])
1	deque([(('120_2', 'h'), ('120_2', 't'))])

Chosen seed at iteration 1: 1
Chosen chr at iteration 1



Chosen seed at iteration 2: 2
Chosen chr at iteration 2



Chosen seed at iteration 3: 3
Chosen chr at iteration 3



Chosen seed at iteration 4: 4
Chosen chr at iteration 4


Iteration 1
1	deque([(('203_20', 'h'), ('143_5', 'h')), (('304_10', 'h'), ('143_5', 't')), (('316_4', 't'), ('304_10', 't')), (('316_4', 'h'), ('405_0', 't')), (('405_0', 'h'), ('114_6', 'h')), (('351_7', 'h'), ('114_6', 't')), (('351_7', 't'), ('173_7', 't')), (('173_7', 'h'), ('203_21', 't')), (('203_21', 'h'), ('199_1', 't')), (('199_1', 'h'), ('283_0', 't')), (('283_0', 'h'), ('145_0', 'h')), (('304_23', 'h'), ('145_0', 't')), (('163_10', 'h'), ('304_23', 't')), (('203_20', 't'), ('163_10', 't'))])
1	deque([(('121_6', 'h'), ('121_6', 't'))])
1	deque([(('120_3', 'h'), ('120_3', 't'))])

Chosen seed at iteration 1: 1
Chosen chr at iteration 1



Chosen seed at iteration 2: 2
Chosen chr at iteration 2



Chosen seed at iteration 3: 3
Chosen chr at iteration 3


Iteration 4
4	deque([(('173_9', 'h'), ('203_3', 't')), (('351_5', 't'), ('173_9', 't')), (('351_5', 'h'), ('114_12', 't')), (('405_0', 'h'), ('114_12', 'h')), (('316_4', 'h'), ('405_0', 't')), (('316_4', 't'), ('304_19', 't')), (('304_19', 'h'), ('145_2', 't')), (('283_8', 'h'), ('145_2', 'h')), (('199_1', 'h'), ('283_8', 't')), (('203_3', 'h'), ('199_1', 't'))])
4	deque([(('120_5', 'h'), ('120_5', 't'))])
4	deque([(('163_25', 'h'), ('304_10', 't')), (('304_10', 'h'), ('143_5', 't')), (('203_21', 'h'), ('143_5', 'h')), (('203_21', 't'), ('163_25', 't'))])
4	deque([(('121_10', 'h'), ('121_10', 't'))])

Chosen seed at iteration 4: 1
Chosen chr at iteration 4



Chosen seed at iteration 5: 2
Chosen chr at iteration 5



Chosen seed at iteration 6: 3
Chosen chr at iteration 6



Chosen seed at iteration 7: 4
Chosen chr at iteration 7


Iteration 1
1	deque([(('351_20', 't'), ('173_12', 't')), (('173_12', 'h'), ('203_17', 't')), (('203_17', 'h'), ('199_5', 't')), (('199_5', 'h'), ('283_4', 't')), (('283_4', 'h'), ('145_4', 'h')), (('304_23', 'h'), ('145_4', 't')), (('316_0', 't'), ('304_23', 't')), (('316_0', 'h'), ('405_3', 't')), (('405_3', 'h'), ('114_6', 'h')), (('351_20', 'h'), ('114_6', 't'))])
1	deque([(('203_29', 't'), ('163_17', 't')), (('203_29', 'h'), ('143_9', 'h')), (('304_8', 'h'), ('143_9', 't')), (('163_17', 'h'), ('304_8', 't'))])
1	deque([(('121_13', 'h'), ('121_13', 't'))])
1	deque([(('120_16', 'h'), ('120_16', 't'))])

Chosen seed at iteration 1: 1
Chosen chr at iteration 1



Chosen seed at iteration 2: 2
Chosen chr at iteration 2



Chosen seed at iteration 3: 3
Chosen chr at iteration 3



Chosen seed at iteration 4: 4
Chosen chr at iteration 4


Iteration 1
1	deque([(('120_6', 'h'), ('120_6', 't'))])
1	deque([(('121_22', 'h'), ('121_22', 't'))])

Chosen seed at iteration 1: 1
Chosen chr at iteration 1



Chosen seed at iteration 2: 2
Chosen chr at iteration 2


Iteration 3
3	deque([(('120_10', 'h'), ('120_10', 't'))])
3	deque([(('121_3', 'h'), ('121_3', 't'))])

Chosen seed at iteration 3: 1
Chosen chr at iteration 3



Chosen seed at iteration 4: 2
Chosen chr at iteration 4


Iteration 1
1	deque([(('121_16', 'h'), ('121_16', 't'))])
1	deque([(('120_22', 'h'), ('120_22', 't'))])

Chosen seed at iteration 1: 1
Chosen chr at iteration 1



Chosen seed at iteration 2: 2
Chosen chr at iteration 2


Iteration 3
3	deque([(('121_22', 'h'), ('121_22', 't'))])
3	deque([(('120_13', 'h'), ('120_13', 't'))])

Chosen seed at iteration 3: 1
Chosen chr at iteration 3



Chosen seed at iteration 4: 2
Chosen chr at iteration 4


Iteration 1
1	deque([(('121_21', 'h'), ('121_21', 't'))])
1	deque([(('120_24', 'h'), ('120_24', 't'))])

Chosen seed at iteration 1: 1
Chosen chr at iteration 1



Chosen seed at iteration 2: 2
Chosen chr at iteration 2


Iteration 3
3	deque([(('120_18', 'h'), ('120_18', 't'))])
3	deque([(('121_18', 'h'), ('121_18', 't'))])

Chosen seed at iteration 3: 1
Chosen chr at iteration 3



Chosen seed at iteration 4: 2
Chosen chr at iteration 4


Iteration 1
1	deque([(('121_24', 'h'), ('121_24', 't'))])
1	deque([(('120_24', 'h'), ('120_24', 't'))])

Chosen seed at iteration 1: 1
Chosen chr at iteration 1



Chosen seed at iteration 2: 2
Chosen chr at iteration 2


Iteration 3
3	deque([(('121_16', 'h'), ('121_16', 't'))])
3	deque([(('120_3', 'h'), ('120_3', 't'))])

Chosen seed at iteration 3: 1
Chosen chr at iteration 3



Chosen seed at iteration 4: 2
Chosen chr at iteration 4


Iteration 1
1	deque([(('120_26', 'h'), ('120_26', 't'))])
1	deque([(('121_21', 'h'), ('121_21', 't'))])

Chosen seed at iteration 1: 1
Chosen chr at iteration 1



Chosen seed at iteration 2: 2
Chosen chr at iteration 2


Iteration 3
3	deque([(('120_22', 'h'), ('120_22', 't'))])
3	deque([(('121_9', 'h'), ('121_9', 't'))])

Chosen seed at iteration 3: 1
Chosen chr at iteration 3



Chosen seed at iteration 4: 2
Chosen chr at iteration 4


Iteration 1
1	deque([(('120_14', 'h'), ('120_14', 't'))])
1	deque([(('121_6', 'h'), ('121_6', 't'))])

Chosen seed at iteration 1: 1
Chosen chr at iteration 1



Chosen seed at iteration 2: 2
Chosen chr at iteration 2


Iteration 3
3	deque([(('120_17', 'h'), ('120_17', 't'))])
3	deque([(('121_8', 'h'), ('121_8', 't'))])

Chosen seed at iteration 3: 1
Chosen chr at iteration 3



Chosen seed at iteration 4: 2
Chosen chr at iteration 4


Iteration 1
1	deque([(('120_23', 'h'), ('120_23', 't'))])
1	deque([(('121_20', 'h'), ('121_20', 't'))])

Chosen seed at iteration 1: 1
Chosen chr at iteration 1



Chosen seed at iteration 2: 2
Chosen chr at iteration 2


Iteration 3
3	deque([(('121_6', 'h'), ('121_6', 't'))])
3	deque([(('120_6', 'h'), ('120_6', 't'))])

Chosen seed at iteration 3: 1
Chosen chr at iteration 3



Chosen seed at iteration 4: 2
Chosen chr at iteration 4


Iteration 1
1	deque([(('120_9', 'h'), ('120_9', 't'))])
1	deque([(('121_20', 'h'), ('121_20', 't'))])

Chosen seed at iteration 1: 1
Chosen chr at iteration 1



Chosen seed at iteration 2: 2
Chosen chr at iteration 2


Iteration 3
3	deque([(('121_5', 'h'), ('121_5', 't'))])
3	deque([(('120_15', 'h'), ('120_15', 't'))])

Chosen seed at iteration 3: 1
Chosen chr at iteration 3



Chosen seed at iteration 4: 2
Chosen chr at iteration 4


Iteration 1
1	deque([(('121_21', 'h'), ('121_21', 't'))])
1	deque([(('120_19', 'h'), ('120_19', 't'))])

Chosen seed at iteration 1: 1
Chosen chr at iteration 1



Chosen seed at iteration 2: 2
Chosen chr at iteration 2


Iteration 3
3	deque([(('120_9', 'h'), ('120_9', 't'))])
3	deque([(('121_24', 'h'), ('121_24', 't'))])

Chosen seed at iteration 3: 1
Chosen chr at iteration 3



Chosen seed at iteration 4: 2
Chosen chr at iteration 4


Iteration 1
1	deque([(('121_21', 'h'), ('121_21', 't'))])
1	deque([(('120_14', 'h'), ('120_14', 't'))])

Chosen seed at iteration 1: 1
Chosen chr at iteration 1



Chosen seed at iteration 2: 2
Chosen chr at iteration 2


Iteration 3
3	deque([(('121_19', 'h'), ('121_19', 't'))])
3	deque([(('120_25', 'h'), ('120_25', 't'))])

Chosen seed at iteration 3: 1
Chosen chr at iteration 3



Chosen seed at iteration 4: 2
Chosen chr at iteration 4


Iteration 1
1	deque([(('120_24', 'h'), ('120_24', 't'))])
1	deque([(('121_21', 'h'), ('121_21', 't'))])

Chosen seed at iteration 1: 1
Chosen chr at iteration 1



Chosen seed at iteration 2: 2
Chosen chr at iteration 2


Iteration 3
3	deque([(('203_24', 'h'), ('199_10', 't'))])
3	deque([(('121_20', 'h'), ('121_20', 't'))])
3	deque([(('173_14', 'h'), ('203_24', 't'))])
3	deque([(('120_26', 'h'), ('120_26', 't'))])

Chosen seed at iteration 3: 1
Chosen chr at iteration 3



Chosen seed at iteration 4: 2
Chosen chr at iteration 4



Chosen seed at iteration 5: 3
Chosen chr at iteration 5



Chosen seed at iteration 6: 4
Chosen chr at iteration 6


Iteration 1
1	deque([(('121_21', 'h'), ('121_21', 't'))])
1	deque([(('120_19', 'h'), ('120_19', 't'))])

Chosen seed at iteration 1: 1
Chosen chr at iteration 1



Chosen seed at iteration 2: 2
Chosen chr at iteration 2


Iteration 3
3	deque([(('120_24', 'h'), ('120_24', 't'))])

Chosen seed at iteration 3: 1
Chosen chr at iteration 3


Iteration 4
4	deque([(('120_14', 'h'), ('120_14', 't'))])
4	deque([(('120_23', 'h'), ('120_23', 't'))])

Chosen seed at iteration 4: 1
Chosen chr at iteration 4



Chosen seed at iteration 5: 2
Chosen chr at iteration 5


Iteration 1
1	deque([(('121_21', 'h'), ('121_21', 't'))])
1	deque([(('120_23', 'h'), ('120_23', 't'))])
1	deque([(('120_24', 'h'), ('120_24', 't'))])

Chosen seed at iteration 1: 1
Chosen chr at iteration 1



Chosen seed at iteration 2: 2
Chosen chr at iteration 2



Chosen seed at iteration 3: 3
Chosen chr at iteration 3


Iteration 4
4	deque([(('120_19', 'h'), ('120_19', 't'))])

Chosen seed at iteration 4: 1
Chosen chr at iteration 4


Iteration 1
1	deque([(('121_21', 'h'), ('121_21', 't'))])
1	deque([(('120_23', 'h'), ('120_23', 't'))])

Chosen seed at iteration 1: 1
Chosen chr at iteration 1



Chosen seed at iteration 2: 2
Chosen chr at iteration 2


Iteration 3
3	deque([(('120_24', 'h'), ('120_24', 't'))])

Chosen seed at iteration 3: 1
Chosen chr at iteration 3


Iteration 4
Iteration 1
1	deque([(('121_21', 'h'), ('121_21', 't'))])
1	deque([(('120_23', 'h'), ('120_23', 't'))])

Chosen seed at iteration 1: 1
Chosen chr at iteration 1



Chosen seed at iteration 2: 2
Chosen chr at iteration 2


Iteration 3
3	deque([(('120_24', 'h'), ('120_24', 't'))])

Chosen seed at iteration 3: 1
Chosen chr at iteration 3


Iteration 4
Iteration 1
1	deque([(('120_23', 'h'), ('120_23', 't'))])
1	deque([(('121_21', 'h'), ('121_21', 't'))])

Chosen seed at iteration 1: 1
Chosen chr at iteration 1



Chosen seed at iteration 2: 2
Chosen chr at iteration 2


Iteration 3
3	deque([(('120_24', 'h'), ('120_24', 't'))])

Chosen seed at iteration 3: 1
Chosen chr at iteration 3


Iteration 4
4	deque([(('140_0', 'h'), ('57_1', 't')), (('57_1', 'h'), ('407_0', 't')), (('407_0', 'h'), ('320_1', 't'))])
4	deque([(('111_1', 'h'), ('63_1', 'h')), (('419_4', 'h'), ('111_1', 't')), (('284_5', 'h'), ('419_4', 't'))])
4	deque([(('285_4', 'h'), ('63_1', 't'))])

Chosen seed at iteration 4: 1
Chosen chr at iteration 4



Chosen seed at iteration 5: 2
Chosen chr at iteration 5



Chosen seed at iteration 6: 3
Chosen chr at iteration 6


Iteration 1
1	deque([(('120_23', 'h'), ('120_23', 't'))])
1	deque([(('121_21', 'h'), ('121_21', 't'))])

Chosen seed at iteration 1: 1
Chosen chr at iteration 1



Chosen seed at iteration 2: 2
Chosen chr at iteration 2


Iteration 3
3	deque([(('120_24', 'h'), ('120_24', 't'))])

Chosen seed at iteration 3: 1
Chosen chr at iteration 3


Iteration 4
4	deque([(('458_5', 'h'), ('177_5', 'h')), (('458_5', 't'), ('166_47', 't')), (('210_8', 'h'), ('166_47', 'h'))])

Chosen seed at iteration 4: 1
Chosen chr at iteration 4


Iteration 1
1	deque([(('307_2', 'h'), ('29_1', 'h'))])
1	deque([(('120_23', 'h'), ('120_23', 't'))])
1	deque([(('121_21', 'h'), ('121_21', 't'))])

Chosen seed at iteration 1: 1
Chosen chr at iteration 1



Chosen seed at iteration 2: 2
Chosen chr at iteration 2



Chosen seed at iteration 3: 3
Chosen chr at iteration 3


Iteration 4
4	deque([(('120_24', 'h'), ('120_24', 't'))])

Chosen seed at iteration 4: 1
Chosen chr at iteration 4


Iteration 1
1	deque([(('121_21', 'h'), ('121_21', 't'))])
1	deque([(('120_23', 'h'), ('120_23', 't'))])

Chosen seed at iteration 1: 1
Chosen chr at iteration 1



Chosen seed at iteration 2: 2
Chosen chr at iteration 2


Iteration 3
Iteration 1
1	deque([(('121_21', 'h'), ('121_21', 't'))])
1	deque([(('120_23', 'h'), ('120_23', 't'))])

Chosen seed at iteration 1: 1
Chosen chr at iteration 1



Chosen seed at iteration 2: 2
Chosen chr at iteration 2


Iteration 3
Iteration 1
1	deque([(('121_21', 'h'), ('121_21', 't'))])
1	deque([(('120_23', 'h'), ('120_23', 't'))])

Chosen seed at iteration 1: 1
Chosen chr at iteration 1



Chosen seed at iteration 2: 2
Chosen chr at iteration 2


Iteration 3
Iteration 1
1	deque([(('121_21', 'h'), ('121_21', 't'))])
1	deque([(('120_23', 'h'), ('120_23', 't'))])

Chosen seed at iteration 1: 1
Chosen chr at iteration 1



Chosen seed at iteration 2: 2
Chosen chr at iteration 2


Iteration 3
Iteration 1
1	deque([(('120_23', 'h'), ('120_23', 't'))])
1	deque([(('121_21', 'h'), ('121_21', 't'))])

Chosen seed at iteration 1: 1
Chosen chr at iteration 1



Chosen seed at iteration 2: 2
Chosen chr at iteration 2


Iteration 3
Iteration 1
1	deque([(('120_23', 'h'), ('120_23', 't'))])
1	deque([(('121_21', 'h'), ('121_21', 't'))])

Chosen seed at iteration 1: 1
Chosen chr at iteration 1



Chosen seed at iteration 2: 2
Chosen chr at iteration 2


Iteration 3
3	deque([(('209_0', 'h'), ('82_2', 'h'))])
3	deque([(('240_1', 't'), ('26_1', 't')), (('286_3', 'h'), ('26_1', 'h'))])
3	deque([(('71_1', 'h'), ('209_0', 't'))])

Chosen seed at iteration 3: 1
Chosen chr at iteration 3



Chosen seed at iteration 4: 2
Chosen chr at iteration 4



Chosen seed at iteration 5: 3
Chosen chr at iteration 5


Iteration 1
1	deque([(('121_21', 'h'), ('121_21', 't'))])
1	deque([(('120_23', 'h'), ('120_23', 't'))])

Chosen seed at iteration 1: 1
Chosen chr at iteration 1



Chosen seed at iteration 2: 2
Chosen chr at iteration 2


Iteration 3
3	deque([(('230_2', 'h'), ('144_0', 't'))])

Chosen seed at iteration 3: 1
Chosen chr at iteration 3


Iteration 4
Iteration 1
1	deque([(('120_23', 'h'), ('120_23', 't'))])
1	deque([(('121_21', 'h'), ('121_21', 't'))])

Chosen seed at iteration 1: 1
Chosen chr at iteration 1



Chosen seed at iteration 2: 2
Chosen chr at iteration 2


Iteration 3
Iteration 1
1	deque([(('120_23', 'h'), ('120_23', 't'))])
1	deque([(('121_21', 'h'), ('121_21', 't'))])

Chosen seed at iteration 1: 1
Chosen chr at iteration 1



Chosen seed at iteration 2: 2
Chosen chr at iteration 2


Iteration 3
Iteration 1
1	deque([(('120_23', 'h'), ('120_23', 't'))])
1	deque([(('121_21', 'h'), ('121_21', 't'))])

Chosen seed at iteration 1: 1
Chosen chr at iteration 1



Chosen seed at iteration 2: 2
Chosen chr at iteration 2


Iteration 3
Iteration 1
1	deque([(('120_23', 'h'), ('120_23', 't'))])
1	deque([(('121_21', 'h'), ('121_21', 't'))])

Chosen seed at iteration 1: 1
Chosen chr at iteration 1



Chosen seed at iteration 2: 2
Chosen chr at iteration 2


Iteration 3
Iteration 1
1	deque([(('121_21', 'h'), ('121_21', 't'))])
1	deque([(('120_23', 'h'), ('120_23', 't'))])

Chosen seed at iteration 1: 1
Chosen chr at iteration 1



Chosen seed at iteration 2: 2
Chosen chr at iteration 2


Iteration 3
Iteration 1
1	deque([(('121_21', 'h'), ('121_21', 't'))])
1	deque([(('120_23', 'h'), ('120_23', 't'))])

Chosen seed at iteration 1: 1
Chosen chr at iteration 1



Chosen seed at iteration 2: 2
Chosen chr at iteration 2


Iteration 3
Iteration 1
1	deque([(('121_21', 'h'), ('121_21', 't'))])
1	deque([(('120_23', 'h'), ('120_23', 't'))])

Chosen seed at iteration 1: 1
Chosen chr at iteration 1



Chosen seed at iteration 2: 2
Chosen chr at iteration 2


Iteration 3
Iteration 1
1	deque([(('121_21', 'h'), ('121_21', 't'))])
1	deque([(('188_2', 'h'), ('27_3', 'h'))])
1	deque([(('120_23', 'h'), ('120_23', 't'))])

Chosen seed at iteration 1: 1
Chosen chr at iteration 1



Chosen seed at iteration 2: 2
Chosen chr at iteration 2



Chosen seed at iteration 3: 3
Chosen chr at iteration 3


Iteration 4
Iteration 1
1	deque([(('188_4', 'h'), ('27_3', 'h'))])
1	deque([(('121_21', 'h'), ('121_21', 't'))])
1	deque([(('120_23', 'h'), ('120_23', 't'))])

Chosen seed at iteration 1: 1
Chosen chr at iteration 1



Chosen seed at iteration 2: 2
Chosen chr at iteration 2



Chosen seed at iteration 3: 3
Chosen chr at iteration 3


Iteration 4
Iteration 1
1	deque([(('121_21', 'h'), ('121_21', 't'))])
1	deque([(('188_4', 'h'), ('27_3', 'h'))])
1	deque([(('120_23', 'h'), ('120_23', 't'))])

Chosen seed at iteration 1: 1
Chosen chr at iteration 1



Chosen seed at iteration 2: 2
Chosen chr at iteration 2



Chosen seed at iteration 3: 3
Chosen chr at iteration 3


Iteration 4
4	deque([(('203_19', 'h'), ('143_12', 'h'))])

Chosen seed at iteration 4: 1
Chosen chr at iteration 4


Iteration 1
1	deque([(('121_21', 'h'), ('121_21', 't'))])
1	deque([(('120_23', 'h'), ('120_23', 't'))])
1	deque([(('188_2', 'h'), ('27_2', 'h'))])

Chosen seed at iteration 1: 1
Chosen chr at iteration 1



Chosen seed at iteration 2: 2
Chosen chr at iteration 2



Chosen seed at iteration 3: 3
Chosen chr at iteration 3


Iteration 4
Iteration 1
1	deque([(('120_23', 'h'), ('120_23', 't'))])
1	deque([(('121_21', 'h'), ('121_21', 't'))])

Chosen seed at iteration 1: 1
Chosen chr at iteration 1



Chosen seed at iteration 2: 2
Chosen chr at iteration 2


Iteration 3
Iteration 1
1	deque([(('121_21', 'h'), ('121_21', 't'))])
1	deque([(('120_23', 'h'), ('120_23', 't'))])

Chosen seed at iteration 1: 1
Chosen chr at iteration 1



Chosen seed at iteration 2: 2
Chosen chr at iteration 2


Iteration 3
Iteration 1
1	deque([(('121_21', 'h'), ('121_21', 't'))])
1	deque([(('120_23', 'h'), ('120_23', 't'))])

Chosen seed at iteration 1: 1
Chosen chr at iteration 1



Chosen seed at iteration 2: 2
Chosen chr at iteration 2


Iteration 3
Iteration 1
1	deque([(('120_23', 'h'), ('120_23', 't'))])
1	deque([(('121_21', 'h'), ('121_21', 't'))])

Chosen seed at iteration 1: 1
Chosen chr at iteration 1



Chosen seed at iteration 2: 2
Chosen chr at iteration 2


Iteration 3
Iteration 1
1	deque([(('120_23', 'h'), ('120_23', 't'))])
1	deque([(('121_21', 'h'), ('121_21', 't'))])

Chosen seed at iteration 1: 1
Chosen chr at iteration 1



Chosen seed at iteration 2: 2
Chosen chr at iteration 2


Iteration 3
3	deque([(('203_10', 't'), ('163_21', 't'))])

Chosen seed at iteration 3: 1
Chosen chr at iteration 3


Iteration 4
Iteration 1
1	deque([(('121_21', 'h'), ('121_21', 't'))])
1	deque([(('120_23', 'h'), ('120_23', 't'))])

Chosen seed at iteration 1: 1
Chosen chr at iteration 1



Chosen seed at iteration 2: 2
Chosen chr at iteration 2


Iteration 3
Iteration 1
1	deque([(('121_21', 'h'), ('121_21', 't'))])
1	deque([(('120_23', 'h'), ('120_23', 't'))])

Chosen seed at iteration 1: 1
Chosen chr at iteration 1



Chosen seed at iteration 2: 2
Chosen chr at iteration 2


Iteration 3
Iteration 1
1	deque([(('121_21', 'h'), ('121_21', 't'))])
1	deque([(('120_23', 'h'), ('120_23', 't'))])

Chosen seed at iteration 1: 1
Chosen chr at iteration 1



Chosen seed at iteration 2: 2
Chosen chr at iteration 2


Iteration 3
Iteration 1
1	deque([(('121_21', 'h'), ('121_21', 't'))])
1	deque([(('120_23', 'h'), ('120_23', 't'))])

Chosen seed at iteration 1: 1
Chosen chr at iteration 1



Chosen seed at iteration 2: 2
Chosen chr at iteration 2


Iteration 3
Iteration 1
1	deque([(('120_23', 'h'), ('120_23', 't'))])
1	deque([(('121_21', 'h'), ('121_21', 't'))])

Chosen seed at iteration 1: 1
Chosen chr at iteration 1



Chosen seed at iteration 2: 2
Chosen chr at iteration 2


Iteration 3
Iteration 1
1	deque([(('121_21', 'h'), ('121_21', 't'))])
1	deque([(('120_23', 'h'), ('120_23', 't'))])

Chosen seed at iteration 1: 1
Chosen chr at iteration 1



Chosen seed at iteration 2: 2
Chosen chr at iteration 2


Iteration 3
Iteration 1
1	deque([(('121_21', 'h'), ('121_21', 't'))])
1	deque([(('120_23', 'h'), ('120_23', 't'))])

Chosen seed at iteration 1: 1
Chosen chr at iteration 1



Chosen seed at iteration 2: 2
Chosen chr at iteration 2


Iteration 3
Iteration 1
1	deque([(('121_21', 'h'), ('121_21', 't'))])
1	deque([(('120_23', 'h'), ('120_23', 't'))])

Chosen seed at iteration 1: 1
Chosen chr at iteration 1



Chosen seed at iteration 2: 2
Chosen chr at iteration 2


Iteration 3
Iteration 1
1	deque([(('121_21', 'h'), ('121_21', 't'))])
1	deque([(('120_23', 'h'), ('120_23', 't'))])

Chosen seed at iteration 1: 1
Chosen chr at iteration 1



Chosen seed at iteration 2: 2
Chosen chr at iteration 2


Iteration 3
Iteration 1
1	deque([(('120_23', 'h'), ('120_23', 't'))])
1	deque([(('121_21', 'h'), ('121_21', 't'))])

Chosen seed at iteration 1: 1
Chosen chr at iteration 1



Chosen seed at iteration 2: 2
Chosen chr at iteration 2


Iteration 3
Iteration 1
1	deque([(('120_23', 'h'), ('120_23', 't'))])
1	deque([(('121_21', 'h'), ('121_21', 't'))])

Chosen seed at iteration 1: 1
Chosen chr at iteration 1



Chosen seed at iteration 2: 2
Chosen chr at iteration 2


Iteration 3
Iteration 1
1	deque([(('120_23', 'h'), ('120_23', 't'))])
1	deque([(('121_21', 'h'), ('121_21', 't'))])

Chosen seed at iteration 1: 1
Chosen chr at iteration 1



Chosen seed at iteration 2: 2
Chosen chr at iteration 2


Iteration 3
Iteration 1
1	deque([(('121_21', 'h'), ('121_21', 't'))])
1	deque([(('120_23', 'h'), ('120_23', 't'))])

Chosen seed at iteration 1: 1
Chosen chr at iteration 1



Chosen seed at iteration 2: 2
Chosen chr at iteration 2


Iteration 3
Iteration 1
1	deque([(('121_21', 'h'), ('121_21', 't'))])
1	deque([(('120_23', 'h'), ('120_23', 't'))])

Chosen seed at iteration 1: 1
Chosen chr at iteration 1



Chosen seed at iteration 2: 2
Chosen chr at iteration 2


Iteration 3
Iteration 1
1	deque([(('120_23', 'h'), ('120_23', 't'))])
1	deque([(('121_21', 'h'), ('121_21', 't'))])

Chosen seed at iteration 1: 1
Chosen chr at iteration 1



Chosen seed at iteration 2: 2
Chosen chr at iteration 2


Iteration 3
Iteration 1
1	deque([(('121_21', 'h'), ('121_21', 't'))])
1	deque([(('120_23', 'h'), ('120_23', 't'))])

Chosen seed at iteration 1: 1
Chosen chr at iteration 1



Chosen seed at iteration 2: 2
Chosen chr at iteration 2


Iteration 3
Iteration 1
1	deque([(('120_23', 'h'), ('120_23', 't'))])
1	deque([(('121_21', 'h'), ('121_21', 't'))])

Chosen seed at iteration 1: 1
Chosen chr at iteration 1



Chosen seed at iteration 2: 2
Chosen chr at iteration 2


Iteration 3
Iteration 1
1	deque([(('121_21', 'h'), ('121_21', 't'))])
1	deque([(('120_23', 'h'), ('120_23', 't'))])

Chosen seed at iteration 1: 1
Chosen chr at iteration 1



Chosen seed at iteration 2: 2
Chosen chr at iteration 2


Iteration 3
Iteration 1
1	deque([(('121_21', 'h'), ('121_21', 't'))])
1	deque([(('120_23', 'h'), ('120_23', 't'))])

Chosen seed at iteration 1: 1
Chosen chr at iteration 1



Chosen seed at iteration 2: 2
Chosen chr at iteration 2


Iteration 3
Iteration 1
1	deque([(('120_23', 'h'), ('120_23', 't'))])
1	deque([(('121_21', 'h'), ('121_21', 't'))])

Chosen seed at iteration 1: 1
Chosen chr at iteration 1



Chosen seed at iteration 2: 2
Chosen chr at iteration 2


Iteration 3
Iteration 1
1	deque([(('121_21', 'h'), ('121_21', 't'))])
1	deque([(('120_23', 'h'), ('120_23', 't'))])

Chosen seed at iteration 1: 1
Chosen chr at iteration 1



Chosen seed at iteration 2: 2
Chosen chr at iteration 2


Iteration 3
Iteration 1
1	deque([(('120_23', 'h'), ('120_23', 't'))])
1	deque([(('121_21', 'h'), ('121_21', 't'))])

Chosen seed at iteration 1: 1
Chosen chr at iteration 1



Chosen seed at iteration 2: 2
Chosen chr at iteration 2


Iteration 3
Iteration 1
1	deque([(('120_23', 'h'), ('120_23', 't'))])
1	deque([(('121_21', 'h'), ('121_21', 't'))])

Chosen seed at iteration 1: 1
Chosen chr at iteration 1



Chosen seed at iteration 2: 2
Chosen chr at iteration 2


Iteration 3
Iteration 1
1	deque([(('120_23', 'h'), ('120_23', 't'))])
1	deque([(('121_21', 'h'), ('121_21', 't'))])

Chosen seed at iteration 1: 1
Chosen chr at iteration 1



Chosen seed at iteration 2: 2
Chosen chr at iteration 2


Iteration 3
Iteration 1
1	deque([(('120_23', 'h'), ('120_23', 't'))])
1	deque([(('121_21', 'h'), ('121_21', 't'))])

Chosen seed at iteration 1: 1
Chosen chr at iteration 1



Chosen seed at iteration 2: 2
Chosen chr at iteration 2


Iteration 3
Iteration 1
1	deque([(('120_23', 'h'), ('120_23', 't'))])
1	deque([(('121_21', 'h'), ('121_21', 't'))])

Chosen seed at iteration 1: 1
Chosen chr at iteration 1



Chosen seed at iteration 2: 2
Chosen chr at iteration 2


Iteration 3
Iteration 1
1	deque([(('121_21', 'h'), ('121_21', 't'))])
1	deque([(('120_23', 'h'), ('120_23', 't'))])

Chosen seed at iteration 1: 1
Chosen chr at iteration 1



Chosen seed at iteration 2: 2
Chosen chr at iteration 2


Iteration 3
Iteration 1
1	deque([(('120_23', 'h'), ('120_23', 't'))])
1	deque([(('121_21', 'h'), ('121_21', 't'))])

Chosen seed at iteration 1: 1
Chosen chr at iteration 1



Chosen seed at iteration 2: 2
Chosen chr at iteration 2


Iteration 3
Iteration 1
1	deque([(('121_21', 'h'), ('121_21', 't'))])
1	deque([(('120_23', 'h'), ('120_23', 't'))])

Chosen seed at iteration 1: 1
Chosen chr at iteration 1



Chosen seed at iteration 2: 2
Chosen chr at iteration 2


Iteration 3
Iteration 1
1	deque([(('120_23', 'h'), ('120_23', 't'))])
1	deque([(('121_21', 'h'), ('121_21', 't'))])

Chosen seed at iteration 1: 1
Chosen chr at iteration 1



Chosen seed at iteration 2: 2
Chosen chr at iteration 2


Iteration 3
Iteration 1
1	deque([(('120_23', 'h'), ('120_23', 't'))])
1	deque([(('121_21', 'h'), ('121_21', 't'))])

Chosen seed at iteration 1: 1
Chosen chr at iteration 1



Chosen seed at iteration 2: 2
Chosen chr at iteration 2


Iteration 3
Iteration 1
1	deque([(('121_21', 'h'), ('121_21', 't'))])
1	deque([(('120_23', 'h'), ('120_23', 't'))])

Chosen seed at iteration 1: 1
Chosen chr at iteration 1



Chosen seed at iteration 2: 2
Chosen chr at iteration 2


Iteration 3
Iteration 1
1	deque([(('120_23', 'h'), ('120_23', 't'))])
1	deque([(('121_21', 'h'), ('121_21', 't'))])

Chosen seed at iteration 1: 1
Chosen chr at iteration 1



Chosen seed at iteration 2: 2
Chosen chr at iteration 2


Iteration 3
Iteration 1
1	deque([(('121_21', 'h'), ('121_21', 't'))])
1	deque([(('120_23', 'h'), ('120_23', 't'))])

Chosen seed at iteration 1: 1
Chosen chr at iteration 1



Chosen seed at iteration 2: 2
Chosen chr at iteration 2


Iteration 3
Iteration 1
1	deque([(('121_21', 'h'), ('121_21', 't'))])
1	deque([(('120_23', 'h'), ('120_23', 't'))])

Chosen seed at iteration 1: 1
Chosen chr at iteration 1



Chosen seed at iteration 2: 2
Chosen chr at iteration 2


Iteration 3
Iteration 1
1	deque([(('121_21', 'h'), ('121_21', 't'))])
1	deque([(('120_23', 'h'), ('120_23', 't'))])

Chosen seed at iteration 1: 1
Chosen chr at iteration 1



Chosen seed at iteration 2: 2
Chosen chr at iteration 2


Iteration 3
Iteration 1
1	deque([(('121_21', 'h'), ('121_21', 't'))])
1	deque([(('120_23', 'h'), ('120_23', 't'))])

Chosen seed at iteration 1: 1
Chosen chr at iteration 1



Chosen seed at iteration 2: 2
Chosen chr at iteration 2


Iteration 3
Iteration 1
1	deque([(('121_21', 'h'), ('121_21', 't'))])
1	deque([(('120_23', 'h'), ('120_23', 't'))])

Chosen seed at iteration 1: 1
Chosen chr at iteration 1



Chosen seed at iteration 2: 2
Chosen chr at iteration 2


Iteration 3
Iteration 1
1	deque([(('120_23', 'h'), ('120_23', 't'))])
1	deque([(('121_21', 'h'), ('121_21', 't'))])

Chosen seed at iteration 1: 1
Chosen chr at iteration 1



Chosen seed at iteration 2: 2
Chosen chr at iteration 2


Iteration 3
Iteration 1
1	deque([(('120_23', 'h'), ('120_23', 't'))])
1	deque([(('121_21', 'h'), ('121_21', 't'))])

Chosen seed at iteration 1: 1
Chosen chr at iteration 1



Chosen seed at iteration 2: 2
Chosen chr at iteration 2


Iteration 3
Iteration 1
1	deque([(('120_23', 'h'), ('120_23', 't'))])
1	deque([(('121_21', 'h'), ('121_21', 't'))])

Chosen seed at iteration 1: 1
Chosen chr at iteration 1



Chosen seed at iteration 2: 2
Chosen chr at iteration 2


Iteration 3
Iteration 1
1	deque([(('121_21', 'h'), ('121_21', 't'))])
1	deque([(('120_23', 'h'), ('120_23', 't'))])

Chosen seed at iteration 1: 1
Chosen chr at iteration 1



Chosen seed at iteration 2: 2
Chosen chr at iteration 2


Iteration 3
Iteration 1
1	deque([(('120_23', 'h'), ('120_23', 't'))])
1	deque([(('121_21', 'h'), ('121_21', 't'))])

Chosen seed at iteration 1: 1
Chosen chr at iteration 1



Chosen seed at iteration 2: 2
Chosen chr at iteration 2


Iteration 3
Iteration 1
1	deque([(('120_23', 'h'), ('120_23', 't'))])
1	deque([(('121_21', 'h'), ('121_21', 't'))])

Chosen seed at iteration 1: 1
Chosen chr at iteration 1



Chosen seed at iteration 2: 2
Chosen chr at iteration 2


Iteration 3
Iteration 1
1	deque([(('120_23', 'h'), ('120_23', 't'))])
1	deque([(('121_21', 'h'), ('121_21', 't'))])

Chosen seed at iteration 1: 1
Chosen chr at iteration 1



Chosen seed at iteration 2: 2
Chosen chr at iteration 2


Iteration 3
Iteration 1
1	deque([(('121_21', 'h'), ('121_21', 't'))])
1	deque([(('120_23', 'h'), ('120_23', 't'))])

Chosen seed at iteration 1: 1
Chosen chr at iteration 1



Chosen seed at iteration 2: 2
Chosen chr at iteration 2


Iteration 3
Iteration 1
1	deque([(('120_23', 'h'), ('120_23', 't'))])
1	deque([(('121_21', 'h'), ('121_21', 't'))])

Chosen seed at iteration 1: 1
Chosen chr at iteration 1



Chosen seed at iteration 2: 2
Chosen chr at iteration 2


Iteration 3
Iteration 1
1	deque([(('120_23', 'h'), ('120_23', 't'))])
1	deque([(('121_21', 'h'), ('121_21', 't'))])

Chosen seed at iteration 1: 1
Chosen chr at iteration 1



Chosen seed at iteration 2: 2
Chosen chr at iteration 2


Iteration 3
Iteration 1
1	deque([(('120_23', 'h'), ('120_23', 't'))])
1	deque([(('121_21', 'h'), ('121_21', 't'))])

Chosen seed at iteration 1: 1
Chosen chr at iteration 1



Chosen seed at iteration 2: 2
Chosen chr at iteration 2


Iteration 3
Iteration 1
1	deque([(('121_21', 'h'), ('121_21', 't'))])
1	deque([(('120_23', 'h'), ('120_23', 't'))])

Chosen seed at iteration 1: 1
Chosen chr at iteration 1



Chosen seed at iteration 2: 2
Chosen chr at iteration 2


Iteration 3
Iteration 1
1	deque([(('120_23', 'h'), ('120_23', 't'))])
1	deque([(('121_21', 'h'), ('121_21', 't'))])

Chosen seed at iteration 1: 1
Chosen chr at iteration 1



Chosen seed at iteration 2: 2
Chosen chr at iteration 2


Iteration 3
Iteration 1
1	deque([(('120_23', 'h'), ('120_23', 't'))])
1	deque([(('121_21', 'h'), ('121_21', 't'))])

Chosen seed at iteration 1: 1
Chosen chr at iteration 1



Chosen seed at iteration 2: 2
Chosen chr at iteration 2


Iteration 3
Iteration 1
1	deque([(('120_23', 'h'), ('120_23', 't'))])
1	deque([(('121_21', 'h'), ('121_21', 't'))])

Chosen seed at iteration 1: 1
Chosen chr at iteration 1



Chosen seed at iteration 2: 2
Chosen chr at iteration 2


Iteration 3
Iteration 1
1	deque([(('120_23', 'h'), ('120_23', 't'))])
1	deque([(('121_21', 'h'), ('121_21', 't'))])

Chosen seed at iteration 1: 1
Chosen chr at iteration 1



Chosen seed at iteration 2: 2
Chosen chr at iteration 2


Iteration 3
Iteration 1
1	deque([(('121_21', 'h'), ('121_21', 't'))])
1	deque([(('120_23', 'h'), ('120_23', 't'))])

Chosen seed at iteration 1: 1
Chosen chr at iteration 1



Chosen seed at iteration 2: 2
Chosen chr at iteration 2


Iteration 3
Iteration 1
1	deque([(('121_21', 'h'), ('121_21', 't'))])
1	deque([(('120_23', 'h'), ('120_23', 't'))])

Chosen seed at iteration 1: 1
Chosen chr at iteration 1



Chosen seed at iteration 2: 2
Chosen chr at iteration 2


Iteration 3
Iteration 1
1	deque([(('121_21', 'h'), ('121_21', 't'))])
1	deque([(('120_23', 'h'), ('120_23', 't'))])

Chosen seed at iteration 1: 1
Chosen chr at iteration 1



Chosen seed at iteration 2: 2
Chosen chr at iteration 2


Iteration 3
Iteration 1
1	deque([(('120_23', 'h'), ('120_23', 't'))])
1	deque([(('121_21', 'h'), ('121_21', 't'))])

Chosen seed at iteration 1: 1
Chosen chr at iteration 1



Chosen seed at iteration 2: 2
Chosen chr at iteration 2


Iteration 3
Iteration 1
1	deque([(('121_21', 'h'), ('121_21', 't'))])
1	deque([(('120_23', 'h'), ('120_23', 't'))])

Chosen seed at iteration 1: 1
Chosen chr at iteration 1



Chosen seed at iteration 2: 2
Chosen chr at iteration 2


Iteration 3
Iteration 1
1	deque([(('121_21', 'h'), ('121_21', 't'))])
1	deque([(('120_23', 'h'), ('120_23', 't'))])

Chosen seed at iteration 1: 1
Chosen chr at iteration 1



Chosen seed at iteration 2: 2
Chosen chr at iteration 2


Iteration 3
Iteration 1
1	deque([(('120_23', 'h'), ('120_23', 't'))])
1	deque([(('121_21', 'h'), ('121_21', 't'))])

Chosen seed at iteration 1: 1
Chosen chr at iteration 1



Chosen seed at iteration 2: 2
Chosen chr at iteration 2


Iteration 3
Iteration 1
1	deque([(('120_23', 'h'), ('120_23', 't'))])
1	deque([(('121_21', 'h'), ('121_21', 't'))])

Chosen seed at iteration 1: 1
Chosen chr at iteration 1



Chosen seed at iteration 2: 2
Chosen chr at iteration 2


Iteration 3
Iteration 1
1	deque([(('120_23', 'h'), ('120_23', 't'))])
1	deque([(('121_21', 'h'), ('121_21', 't'))])

Chosen seed at iteration 1: 1
Chosen chr at iteration 1



Chosen seed at iteration 2: 2
Chosen chr at iteration 2


Iteration 3
Iteration 1
1	deque([(('120_23', 'h'), ('120_23', 't'))])
1	deque([(('121_21', 'h'), ('121_21', 't'))])

Chosen seed at iteration 1: 1
Chosen chr at iteration 1



Chosen seed at iteration 2: 2
Chosen chr at iteration 2


Iteration 3
Iteration 1
1	deque([(('121_21', 'h'), ('121_21', 't'))])
1	deque([(('120_23', 'h'), ('120_23', 't'))])

Chosen seed at iteration 1: 1
Chosen chr at iteration 1



Chosen seed at iteration 2: 2
Chosen chr at iteration 2


Iteration 3
Iteration 1
1	deque([(('121_21', 'h'), ('121_21', 't'))])
1	deque([(('120_23', 'h'), ('120_23', 't'))])

Chosen seed at iteration 1: 1
Chosen chr at iteration 1



Chosen seed at iteration 2: 2
Chosen chr at iteration 2


Iteration 3
Iteration 1
1	deque([(('121_21', 'h'), ('121_21', 't'))])
1	deque([(('120_23', 'h'), ('120_23', 't'))])

Chosen seed at iteration 1: 1
Chosen chr at iteration 1



Chosen seed at iteration 2: 2
Chosen chr at iteration 2


Iteration 3
Iteration 1
1	deque([(('121_21', 'h'), ('121_21', 't'))])
1	deque([(('120_23', 'h'), ('120_23', 't'))])

Chosen seed at iteration 1: 1
Chosen chr at iteration 1



Chosen seed at iteration 2: 2
Chosen chr at iteration 2


Iteration 3
Iteration 1
1	deque([(('120_23', 'h'), ('120_23', 't'))])
1	deque([(('121_21', 'h'), ('121_21', 't'))])

Chosen seed at iteration 1: 1
Chosen chr at iteration 1



Chosen seed at iteration 2: 2
Chosen chr at iteration 2


Iteration 3
Iteration 1
1	deque([(('120_23', 'h'), ('120_23', 't'))])
1	deque([(('121_21', 'h'), ('121_21', 't'))])

Chosen seed at iteration 1: 1
Chosen chr at iteration 1



Chosen seed at iteration 2: 2
Chosen chr at iteration 2


Iteration 3
Iteration 1
1	deque([(('121_21', 'h'), ('121_21', 't'))])
1	deque([(('120_23', 'h'), ('120_23', 't'))])

Chosen seed at iteration 1: 1
Chosen chr at iteration 1



Chosen seed at iteration 2: 2
Chosen chr at iteration 2


Iteration 3
Iteration 1
1	deque([(('121_21', 'h'), ('121_21', 't'))])
1	deque([(('120_23', 'h'), ('120_23', 't'))])

Chosen seed at iteration 1: 1
Chosen chr at iteration 1



Chosen seed at iteration 2: 2
Chosen chr at iteration 2


Iteration 3
Iteration 1
1	deque([(('121_21', 'h'), ('121_21', 't'))])
1	deque([(('120_23', 'h'), ('120_23', 't'))])

Chosen seed at iteration 1: 1
Chosen chr at iteration 1



Chosen seed at iteration 2: 2
Chosen chr at iteration 2


Iteration 3
Iteration 1
1	deque([(('120_23', 'h'), ('120_23', 't'))])
1	deque([(('121_21', 'h'), ('121_21', 't'))])

Chosen seed at iteration 1: 1
Chosen chr at iteration 1



Chosen seed at iteration 2: 2
Chosen chr at iteration 2


Iteration 3
Iteration 1
1	deque([(('120_23', 'h'), ('120_23', 't'))])

Chosen seed at iteration 1: 1
Chosen chr at iteration 1


Iteration 2
Iteration 1
1	deque([(('120_23', 'h'), ('120_23', 't'))])

Chosen seed at iteration 1: 1
Chosen chr at iteration 1


Iteration 2
Iteration 1
Iteration 1
Iteration 1
Iteration 1
Iteration 1
Iteration 1
Iteration 1
Iteration 1
Iteration 1
Iteration 1
Iteration 1
