Iteration 1
1	deque([(('54_1', 't'), ('23_0', 't')), (('54_1', 'h'), ('25_0', 't')), (('75_2', 'h'), ('25_0', 'h')), (('75_1', 'h'), ('75_2', 't')), (('23_0', 'h'), ('75_1', 't'))])
1	deque([(('60_2', 't'), ('53_0', 't')), (('96_2', 'h'), ('53_0', 'h')), (('41_0', 'h'), ('96_2', 't')), (('60_2', 'h'), ('41_0', 't'))])

Chosen seed at iteration 1: 1
Chosen chr at iteration 1



Chosen seed at iteration 2: 2
Chosen chr at iteration 2


Iteration 3
3	deque([(('54_0', 't'), ('23_0', 't')), (('23_0', 'h'), ('75_1', 't')), (('75_1', 'h'), ('25_0', 'h')), (('54_0', 'h'), ('25_0', 't'))])
3	deque([(('75_0', 'h'), ('75_0', 't'))])

Chosen seed at iteration 3: 1
Chosen chr at iteration 3



Chosen seed at iteration 4: 2
Chosen chr at iteration 4


Iteration 1
1	deque([(('75_2', 'h'), ('75_2', 't'))])

Chosen seed at iteration 1: 1
Chosen chr at iteration 1


Iteration 2
2	deque([(('96_3', 't'), ('55_0', 't')), (('127_2', 'h'), ('55_0', 'h')), (('60_2', 'h'), ('127_2', 't')), (('96_3', 'h'), ('60_2', 't'))])

Chosen seed at iteration 2: 1
Chosen chr at iteration 2


Iteration 3
Iteration 1
1	deque([(('60_1', 'h'), ('127_1', 't')), (('96_2', 'h'), ('60_1', 't')), (('96_2', 't'), ('55_0', 't')), (('127_1', 'h'), ('55_0', 'h'))])
1	deque([(('75_2', 'h'), ('75_2', 't'))])

Chosen seed at iteration 1: 1
Chosen chr at iteration 1



Chosen seed at iteration 2: 2
Chosen chr at iteration 2


Iteration 3
Iteration 1
1	deque([(('75_2', 'h'), ('75_2', 't'))])

Chosen seed at iteration 1: 1
Chosen chr at iteration 1


Iteration 2
Iteration 1
1	deque([(('75_2', 'h'), ('75_2', 't'))])

Chosen seed at iteration 1: 1
Chosen chr at iteration 1


Iteration 2
Iteration 1
1	deque([(('75_2', 'h'), ('75_2', 't'))])

Chosen seed at iteration 1: 1
Chosen chr at iteration 1


Iteration 2
Iteration 1
1	deque([(('75_2', 'h'), ('75_2', 't'))])

Chosen seed at iteration 1: 1
Chosen chr at iteration 1


Iteration 2
Iteration 1
1	deque([(('75_2', 'h'), ('75_2', 't'))])

Chosen seed at iteration 1: 1
Chosen chr at iteration 1


Iteration 2
Iteration 1
Iteration 1
Iteration 1
Iteration 1
Iteration 1
Iteration 1
Iteration 1
Iteration 1
Iteration 1
