
Gurobi 9.5.0 (linux64) logging started Wed Feb  2 00:36:18 2022

Set parameter LogFile to value "/home/aniket/PhD/Plasmids-Optimization/exp/2021-06-14__iterative_MILP_edge_novelty/output/sample_129/1.1.1/nplasmids_1/MILP/m.log"
Set parameter TimeLimit to value 240
Set parameter MIPGap to value 0.05
Gurobi Optimizer version 9.5.0 build v9.5.0rc5 (linux64)
Thread count: 2 physical cores, 4 logical processors, using up to 4 threads
Optimize a model with 24925 rows, 8386 columns and 66427 nonzeros
Model fingerprint: 0xa1d706dd
Variable types: 2221 continuous, 6165 integer (5721 binary)
Coefficient statistics:
  Matrix range     [1e-02, 1e+06]
  Objective range  [9e-03, 1e+00]
  Bounds range     [1e+00, 1e+00]
  RHS range        [1e+00, 2e+05]
Presolve removed 21816 rows and 4169 columns
Presolve time: 0.12s
Presolved: 3109 rows, 4217 columns, 20250 nonzeros
Variable types: 859 continuous, 3358 integer (3358 binary)
Found heuristic solution: objective -0.0088108

Root relaxation: objective -1.450888e+01, 2327 iterations, 0.06 seconds (0.08 work units)

    Nodes    |    Current Node    |     Objective Bounds      |     Work
 Expl Unexpl |  Obj  Depth IntInf | Incumbent    BestBd   Gap | It/Node Time

     0     0  -14.50888    0   56   -0.00881  -14.50888      -     -    0s
H    0     0                      -2.0000000  -14.50888   625%     -    0s
     0     0  -14.27213    0  115   -2.00000  -14.27213   614%     -    0s
     0     0  -13.96379    0  119   -2.00000  -13.96379   598%     -    0s
     0     0  -13.95219    0  121   -2.00000  -13.95219   598%     -    0s
     0     0  -13.91253    0  124   -2.00000  -13.91253   596%     -    0s
     0     0  -13.90935    0  124   -2.00000  -13.90935   595%     -    0s
     0     0  -13.85326    0  117   -2.00000  -13.85326   593%     -    0s
H    0     0                      -2.3955865  -13.85326   478%     -    1s
     0     0  -13.82293    0  122   -2.39559  -13.82293   477%     -    1s
     0     0  -13.81931    0  123   -2.39559  -13.81931   477%     -    1s
     0     0  -13.81931    0  123   -2.39559  -13.81931   477%     -    1s
     0     0  -13.81914    0  125   -2.39559  -13.81914   477%     -    1s
H    0     0                     -13.6207473  -13.81914  1.46%     -    1s

Cutting planes:
  Gomory: 2
  MIR: 9
  Flow cover: 3
  Zero half: 1
  RLT: 93

Explored 1 nodes (6703 simplex iterations) in 1.16 seconds (1.05 work units)
Thread count was 4 (of 4 available processors)

Solution count 4: -13.6207 -2.39559 -2 -0.00881084 

Optimal solution found (tolerance 5.00e-02)
Best objective -1.362074732311e+01, best bound -1.381913585381e+01, gap 1.4565%
Gurobi Optimizer version 9.5.0 build v9.5.0rc5 (linux64)
Thread count: 2 physical cores, 4 logical processors, using up to 4 threads
Optimize a model with 24927 rows, 8386 columns and 66436 nonzeros
Model fingerprint: 0x0e56af57
Variable types: 2221 continuous, 6165 integer (5721 binary)
Coefficient statistics:
  Matrix range     [1e-02, 1e+06]
  Objective range  [9e-03, 1e+00]
  Bounds range     [1e+00, 1e+00]
  RHS range        [1e+00, 2e+05]

MIP start from previous solve did not produce a new incumbent solution
MIP start from previous solve violates constraint circular by 1.000000000

Presolve removed 21816 rows and 4169 columns
Presolve time: 0.12s
Presolved: 3111 rows, 4217 columns, 20271 nonzeros
Variable types: 859 continuous, 3358 integer (3358 binary)
Found heuristic solution: objective -0.0088108

Root relaxation: objective -1.450888e+01, 2136 iterations, 0.05 seconds (0.08 work units)

    Nodes    |    Current Node    |     Objective Bounds      |     Work
 Expl Unexpl |  Obj  Depth IntInf | Incumbent    BestBd   Gap | It/Node Time

     0     0  -14.50888    0   57   -0.00881  -14.50888      -     -    0s
H    0     0                      -2.0000000  -14.50888   625%     -    0s
     0     0  -14.27757    0  115   -2.00000  -14.27757   614%     -    0s
     0     0  -13.99084    0  120   -2.00000  -13.99084   600%     -    0s
H    0     0                      -2.6111829  -13.99084   436%     -    0s
     0     0  -13.97459    0  120   -2.61118  -13.97459   435%     -    0s
     0     0  -13.88974    0  114   -2.61118  -13.88974   432%     -    0s
H    0     0                     -12.1334384  -13.88974  14.5%     -    0s
     0     0  -13.88413    0  121  -12.13344  -13.88413  14.4%     -    0s
     0     0  -13.86780    0  139  -12.13344  -13.86780  14.3%     -    0s
     0     0  -13.86012    0  135  -12.13344  -13.86012  14.2%     -    0s
     0     0  -13.85405    0  140  -12.13344  -13.85405  14.2%     -    0s
     0     0  -13.85159    0  139  -12.13344  -13.85159  14.2%     -    0s
     0     0  -13.84909    0  137  -12.13344  -13.84909  14.1%     -    0s
     0     0  -13.84858    0  142  -12.13344  -13.84858  14.1%     -    0s
     0     0  -13.84858    0  145  -12.13344  -13.84858  14.1%     -    0s
     0     0  -13.84004    0  159  -12.13344  -13.84004  14.1%     -    0s
     0     0  -13.83573    0  154  -12.13344  -13.83573  14.0%     -    0s
     0     0  -13.83480    0  159  -12.13344  -13.83480  14.0%     -    0s
     0     0  -13.83401    0  139  -12.13344  -13.83401  14.0%     -    0s
     0     0  -13.83325    0  153  -12.13344  -13.83325  14.0%     -    1s
     0     0  -13.83325    0  149  -12.13344  -13.83325  14.0%     -    1s
     0     0  -13.82884    0  177  -12.13344  -13.82884  14.0%     -    1s
     0     0  -13.82861    0  184  -12.13344  -13.82861  14.0%     -    1s
     0     0  -13.82790    0  135  -12.13344  -13.82790  14.0%     -    1s
     0     0  -13.82663    0  166  -12.13344  -13.82663  14.0%     -    1s
     0     0  -13.82663    0  166  -12.13344  -13.82663  14.0%     -    1s
     0     0  -13.82542    0  129  -12.13344  -13.82542  13.9%     -    1s
H    0     0                     -13.6207473  -13.82542  1.50%     -    1s

Cutting planes:
  Gomory: 1
  MIR: 27
  Flow cover: 10
  Zero half: 6
  RLT: 198
  BQP: 1

Explored 1 nodes (7815 simplex iterations) in 1.42 seconds (1.35 work units)
Thread count was 4 (of 4 available processors)

Solution count 5: -13.6207 -12.1334 -2.61118 ... -0.00881084

Optimal solution found (tolerance 5.00e-02)
Best objective -1.362074732311e+01, best bound -1.382541765563e+01, gap 1.5026%

Gurobi 9.5.0 (linux64) logging started Wed Feb  2 00:36:21 2022

Set parameter LogFile to value "/home/aniket/PhD/Plasmids-Optimization/exp/2021-06-14__iterative_MILP_edge_novelty/output/sample_129/1.1.1/nplasmids_1/MILP/m.log"
Set parameter TimeLimit to value 240
Set parameter MIPGap to value 0.05
Gurobi Optimizer version 9.5.0 build v9.5.0rc5 (linux64)
Thread count: 2 physical cores, 4 logical processors, using up to 4 threads
Optimize a model with 23979 rows, 8065 columns and 63870 nonzeros
Model fingerprint: 0x5ed6129c
Variable types: 2136 continuous, 5929 integer (5502 binary)
Coefficient statistics:
  Matrix range     [1e-02, 1e+06]
  Objective range  [9e-03, 1e+00]
  Bounds range     [1e+00, 1e+00]
  RHS range        [1e+00, 2e+05]
Presolve removed 20991 rows and 4015 columns
Presolve time: 0.10s
Presolved: 2988 rows, 4050 columns, 19495 nonzeros
Variable types: 825 continuous, 3225 integer (3225 binary)
Found heuristic solution: objective -0.0088108

Root relaxation: objective -6.174459e+00, 2711 iterations, 0.06 seconds (0.10 work units)

    Nodes    |    Current Node    |     Objective Bounds      |     Work
 Expl Unexpl |  Obj  Depth IntInf | Incumbent    BestBd   Gap | It/Node Time

     0     0   -6.17446    0  141   -0.00881   -6.17446      -     -    0s
H    0     0                      -1.0000000   -6.17446   517%     -    0s
     0     0   -6.08834    0  180   -1.00000   -6.08834   509%     -    0s
     0     0   -6.08834    0  156   -1.00000   -6.08834   509%     -    0s
     0     0   -6.08451    0  171   -1.00000   -6.08451   508%     -    0s
     0     0   -6.08451    0  159   -1.00000   -6.08451   508%     -    0s
     0     0   -6.07823    0  174   -1.00000   -6.07823   508%     -    0s
     0     0   -6.07800    0  168   -1.00000   -6.07800   508%     -    0s
     0     0   -6.07409    0  157   -1.00000   -6.07409   507%     -    0s
     0     0   -6.07311    0  157   -1.00000   -6.07311   507%     -    0s
     0     0   -6.07311    0  203   -1.00000   -6.07311   507%     -    0s
H    0     0                      -5.4214579   -6.07311  12.0%     -    0s
     0     0   -6.07311    0  201   -5.42146   -6.07311  12.0%     -    0s
     0     0   -6.06752    0  176   -5.42146   -6.06752  11.9%     -    1s
     0     0   -6.06752    0  175   -5.42146   -6.06752  11.9%     -    1s
     0     0   -6.06749    0  188   -5.42146   -6.06749  11.9%     -    1s
H    0     0                      -5.4214580   -6.06749  11.9%     -    1s
     0     0   -6.06728    0  201   -5.42146   -6.06728  11.9%     -    1s
     0     0   -6.04212    0  175   -5.42146   -6.04212  11.4%     -    1s
     0     0   -6.04184    0  213   -5.42146   -6.04184  11.4%     -    1s
     0     0   -6.04000    0  196   -5.42146   -6.04000  11.4%     -    1s
H    0     0                      -5.4658051   -6.04000  10.5%     -    1s
     0     0   -6.03988    0  201   -5.46581   -6.03988  10.5%     -    1s
     0     0   -6.03988    0  222   -5.46581   -6.03988  10.5%     -    1s
     0     0   -6.03988    0  228   -5.46581   -6.03988  10.5%     -    1s
     0     0   -6.03988    0  212   -5.46581   -6.03988  10.5%     -    1s
     0     0   -6.03988    0  152   -5.46581   -6.03988  10.5%     -    1s
     0     2   -6.03988    0  150   -5.46581   -6.03988  10.5%     -    2s

Cutting planes:
  Gomory: 3
  Implied bound: 1
  MIR: 20
  Flow cover: 2
  RLT: 193
  Relax-and-lift: 1
  BQP: 2

Explored 15 nodes (17230 simplex iterations) in 2.16 seconds (2.20 work units)
Thread count was 4 (of 4 available processors)

Solution count 5: -5.46581 -5.42146 -5.42146 ... -0.00881084

Optimal solution found (tolerance 5.00e-02)
Best objective -5.465805104955e+00, best bound -5.671908812438e+00, gap 3.7708%
Gurobi Optimizer version 9.5.0 build v9.5.0rc5 (linux64)
Thread count: 2 physical cores, 4 logical processors, using up to 4 threads
Optimize a model with 23980 rows, 8065 columns and 63871 nonzeros
Model fingerprint: 0xd03fc8c9
Variable types: 2136 continuous, 5929 integer (5502 binary)
Coefficient statistics:
  Matrix range     [1e-02, 1e+06]
  Objective range  [9e-03, 1e+00]
  Bounds range     [1e+00, 1e+00]
  RHS range        [1e+00, 2e+05]

MIP start from previous solve did not produce a new incumbent solution
MIP start from previous solve violates constraint circular by 1.000000000

Presolve removed 20993 rows and 4016 columns
Presolve time: 0.10s
Presolved: 2987 rows, 4049 columns, 19492 nonzeros
Variable types: 825 continuous, 3224 integer (3224 binary)
Found heuristic solution: objective -0.0088108

Root relaxation: objective -5.176904e+00, 2807 iterations, 0.07 seconds (0.11 work units)

    Nodes    |    Current Node    |     Objective Bounds      |     Work
 Expl Unexpl |  Obj  Depth IntInf | Incumbent    BestBd   Gap | It/Node Time

     0     0   -5.17690    0  165   -0.00881   -5.17690      -     -    0s
     0     0   -5.09551    0  196   -0.00881   -5.09551      -     -    0s
     0     0   -5.07922    0  181   -0.00881   -5.07922      -     -    0s
     0     0   -5.07643    0  172   -0.00881   -5.07643      -     -    0s
     0     0   -5.06980    0  162   -0.00881   -5.06980      -     -    0s
     0     0   -5.06980    0  165   -0.00881   -5.06980      -     -    0s
     0     0   -5.04815    0  158   -0.00881   -5.04815      -     -    1s
     0     0   -5.04602    0  175   -0.00881   -5.04602      -     -    1s
     0     0   -5.04555    0  189   -0.00881   -5.04555      -     -    1s
     0     0   -5.03233    0  182   -0.00881   -5.03233      -     -    1s
     0     0   -5.01717    0  146   -0.00881   -5.01717      -     -    1s
     0     0   -5.01632    0  146   -0.00881   -5.01632      -     -    1s
     0     0   -5.01625    0  143   -0.00881   -5.01625      -     -    1s
H    0     0                      -4.4697376   -5.01625  12.2%     -    1s
     0     0   -5.01625    0  147   -4.46974   -5.01625  12.2%     -    1s
     0     0   -5.01625    0  156   -4.46974   -5.01625  12.2%     -    1s
H    0     0                      -4.6087842   -5.01625  8.84%     -    1s
     0     0   -5.01625    0  156   -4.60878   -5.01625  8.84%     -    1s
     0     0   -5.01625    0  105   -4.60878   -5.01625  8.84%     -    1s
H    0     0                      -4.6087851   -5.01625  8.84%     -    1s
     0     0   -5.01625    0  126   -4.60879   -5.01625  8.84%     -    1s
     0     0   -5.01625    0   95   -4.60879   -5.01625  8.84%     -    1s
     0     0   -5.01625    0   95   -4.60879   -5.01625  8.84%     -    2s
     0     0   -5.01625    0  155   -4.60879   -5.01625  8.84%     -    2s
     0     0   -4.83191    0   80   -4.60879   -4.83191  4.84%     -    2s

Cutting planes:
  Gomory: 22
  Cover: 1
  Implied bound: 32
  MIR: 58
  Flow cover: 51
  RLT: 49
  Relax-and-lift: 5
  BQP: 10
  PSD: 1

Explored 1 nodes (28419 simplex iterations) in 2.65 seconds (2.42 work units)
Thread count was 4 (of 4 available processors)

Solution count 4: -4.60879 -4.60878 -4.46974 -0.00881084 

Optimal solution found (tolerance 5.00e-02)
Best objective -4.608785099328e+00, best bound -4.831907637740e+00, gap 4.8412%
Gurobi Optimizer version 9.5.0 build v9.5.0rc5 (linux64)
Thread count: 2 physical cores, 4 logical processors, using up to 4 threads
Optimize a model with 23981 rows, 8065 columns and 63875 nonzeros
Model fingerprint: 0xb5c96bbb
Variable types: 2136 continuous, 5929 integer (5502 binary)
Coefficient statistics:
  Matrix range     [1e-02, 1e+06]
  Objective range  [9e-03, 1e+00]
  Bounds range     [1e+00, 1e+00]
  RHS range        [1e+00, 2e+05]

MIP start from previous solve did not produce a new incumbent solution
MIP start from previous solve violates constraint circular by 1.000000000

Presolve removed 20993 rows and 4016 columns
Presolve time: 0.10s
Presolved: 2988 rows, 4049 columns, 19497 nonzeros
Variable types: 825 continuous, 3224 integer (3224 binary)
Found heuristic solution: objective -0.0088108

Root relaxation: objective -5.176904e+00, 2849 iterations, 0.06 seconds (0.11 work units)

    Nodes    |    Current Node    |     Objective Bounds      |     Work
 Expl Unexpl |  Obj  Depth IntInf | Incumbent    BestBd   Gap | It/Node Time

     0     0   -5.17690    0  161   -0.00881   -5.17690      -     -    0s
     0     0   -4.95227    0  197   -0.00881   -4.95227      -     -    0s
     0     0   -4.87076    0  115   -0.00881   -4.87076      -     -    0s
H    0     0                      -1.0000000   -4.87076   387%     -    0s
     0     0   -4.86182    0  135   -1.00000   -4.86182   386%     -    0s
H    0     0                      -4.5799925   -4.86182  6.15%     -    0s
     0     0   -4.79007    0  118   -4.57999   -4.79007  4.59%     -    0s

Cutting planes:
  Gomory: 2
  Clique: 3
  MIR: 5
  RLT: 95

Explored 1 nodes (7939 simplex iterations) in 0.76 seconds (0.77 work units)
Thread count was 4 (of 4 available processors)

Solution count 3: -4.57999 -1 -0.00881084 

Optimal solution found (tolerance 5.00e-02)
Best objective -4.579992450529e+00, best bound -4.790070254710e+00, gap 4.5869%

Gurobi 9.5.0 (linux64) logging started Wed Feb  2 00:36:27 2022

Set parameter LogFile to value "/home/aniket/PhD/Plasmids-Optimization/exp/2021-06-14__iterative_MILP_edge_novelty/output/sample_129/1.1.1/nplasmids_1/MILP/m.log"
Set parameter TimeLimit to value 240
Set parameter MIPGap to value 0.05
Gurobi Optimizer version 9.5.0 build v9.5.0rc5 (linux64)
Thread count: 2 physical cores, 4 logical processors, using up to 4 threads
Optimize a model with 23647 rows, 7952 columns and 63067 nonzeros
Model fingerprint: 0x6287a1cc
Variable types: 2101 continuous, 5851 integer (5431 binary)
Coefficient statistics:
  Matrix range     [1e-02, 1e+06]
  Objective range  [9e-03, 1e+00]
  Bounds range     [1e+00, 1e+00]
  RHS range        [1e+00, 2e+05]
Presolve removed 20706 rows and 3952 columns
Presolve time: 0.10s
Presolved: 2941 rows, 4000 columns, 19254 nonzeros
Variable types: 811 continuous, 3189 integer (3189 binary)
Found heuristic solution: objective -0.0088108

Root relaxation: objective -6.148770e+00, 3051 iterations, 0.06 seconds (0.10 work units)

    Nodes    |    Current Node    |     Objective Bounds      |     Work
 Expl Unexpl |  Obj  Depth IntInf | Incumbent    BestBd   Gap | It/Node Time

     0     0   -6.14877    0  142   -0.00881   -6.14877      -     -    0s
H    0     0                      -1.0000000   -6.14877   515%     -    0s
     0     0   -5.82993    0  180   -1.00000   -5.82993   483%     -    0s
     0     0   -5.56434    0  138   -1.00000   -5.56434   456%     -    0s
     0     0   -5.54502    0  129   -1.00000   -5.54502   455%     -    0s
H    0     0                      -2.7480584   -5.54502   102%     -    0s
H    0     0                      -5.4658051   -5.54502  1.45%     -    0s

Cutting planes:
  Gomory: 7
  Clique: 1
  MIR: 32
  Flow cover: 8
  RLT: 131

Explored 1 nodes (5575 simplex iterations) in 0.61 seconds (0.61 work units)
Thread count was 4 (of 4 available processors)

Solution count 4: -5.46581 -2.74806 -1 -0.00881084 

Optimal solution found (tolerance 5.00e-02)
Best objective -5.465805104955e+00, best bound -5.545017723584e+00, gap 1.4492%
Gurobi Optimizer version 9.5.0 build v9.5.0rc5 (linux64)
Thread count: 2 physical cores, 4 logical processors, using up to 4 threads
Optimize a model with 23649 rows, 7952 columns and 63072 nonzeros
Model fingerprint: 0x28ebbce3
Variable types: 2101 continuous, 5851 integer (5431 binary)
Coefficient statistics:
  Matrix range     [1e-02, 1e+06]
  Objective range  [9e-03, 1e+00]
  Bounds range     [1e+00, 1e+00]
  RHS range        [1e+00, 2e+05]

MIP start from previous solve did not produce a new incumbent solution
MIP start from previous solve violates constraint circular by 1.000000000

Presolve removed 20708 rows and 3953 columns
Presolve time: 0.10s
Presolved: 2941 rows, 3999 columns, 19256 nonzeros
Variable types: 811 continuous, 3188 integer (3188 binary)
Found heuristic solution: objective -0.0088108

Root relaxation: objective -5.174454e+00, 2254 iterations, 0.05 seconds (0.09 work units)

    Nodes    |    Current Node    |     Objective Bounds      |     Work
 Expl Unexpl |  Obj  Depth IntInf | Incumbent    BestBd   Gap | It/Node Time

     0     0   -5.17445    0  150   -0.00881   -5.17445      -     -    0s
H    0     0                      -1.0000000   -5.17445   417%     -    0s
     0     0   -4.80732    0   93   -1.00000   -4.80732   381%     -    0s
     0     0   -4.69673    0  137   -1.00000   -4.69673   370%     -    0s
H    0     0                      -1.9709389   -4.69673   138%     -    0s
     0     0   -4.69673    0  137   -1.97094   -4.69673   138%     -    0s
     0     0   -4.69485    0  122   -1.97094   -4.69485   138%     -    0s
H    0     0                      -4.4451706   -4.69485  5.62%     -    0s
     0     0   -4.69090    0  112   -4.44517   -4.69090  5.53%     -    0s
     0     0   -4.54682    0   14   -4.44517   -4.54682  2.29%     -    0s

Cutting planes:
  Gomory: 3
  Cover: 2
  Implied bound: 4
  Clique: 1
  MIR: 19
  Flow cover: 18
  Zero half: 4
  RLT: 126
  Relax-and-lift: 1
  BQP: 1

Explored 1 nodes (4564 simplex iterations) in 0.73 seconds (0.70 work units)
Thread count was 4 (of 4 available processors)

Solution count 4: -4.44517 -1.97094 -1 -0.00881084 

Optimal solution found (tolerance 5.00e-02)
Best objective -4.445170632180e+00, best bound -4.546823221994e+00, gap 2.2868%

Gurobi 9.5.0 (linux64) logging started Wed Feb  2 00:36:29 2022

Set parameter LogFile to value "/home/aniket/PhD/Plasmids-Optimization/exp/2021-06-14__iterative_MILP_edge_novelty/output/sample_129/1.1.1/nplasmids_1/MILP/m.log"
Set parameter TimeLimit to value 240
Set parameter MIPGap to value 0.05
Gurobi Optimizer version 9.5.0 build v9.5.0rc5 (linux64)
Thread count: 2 physical cores, 4 logical processors, using up to 4 threads
Optimize a model with 23371 rows, 7858 columns and 62416 nonzeros
Model fingerprint: 0x590352bd
Variable types: 2071 continuous, 5787 integer (5373 binary)
Coefficient statistics:
  Matrix range     [1e-02, 1e+06]
  Objective range  [9e-03, 1e+00]
  Bounds range     [1e+00, 1e+00]
  RHS range        [1e+00, 2e+05]
Presolve removed 20475 rows and 3898 columns
Presolve time: 0.10s
Presolved: 2896 rows, 3960 columns, 19056 nonzeros
Variable types: 799 continuous, 3161 integer (3161 binary)
Found heuristic solution: objective -0.0088108

Root relaxation: objective -3.540100e+00, 3168 iterations, 0.06 seconds (0.08 work units)

    Nodes    |    Current Node    |     Objective Bounds      |     Work
 Expl Unexpl |  Obj  Depth IntInf | Incumbent    BestBd   Gap | It/Node Time

     0     0   -3.54010    0   76   -0.00881   -3.54010      -     -    0s
H    0     0                      -1.0000000   -3.54010   254%     -    0s
     0     0   -3.43173    0   37   -1.00000   -3.43173   243%     -    0s
     0     0   -3.43173    0   37   -1.00000   -3.43173   243%     -    0s
     0     0   -3.39323    0  151   -1.00000   -3.39323   239%     -    0s
H    0     0                      -1.9956914   -3.39323  70.0%     -    0s
     0     0   -3.34269    0  166   -1.99569   -3.34269  67.5%     -    0s
     0     0   -3.32477    0  224   -1.99569   -3.32477  66.6%     -    0s
     0     0   -3.31557    0  233   -1.99569   -3.31557  66.1%     -    0s
     0     0   -3.31364    0  210   -1.99569   -3.31364  66.0%     -    0s
     0     0   -3.31363    0  206   -1.99569   -3.31363  66.0%     -    0s
     0     0   -3.30635    0  229   -1.99569   -3.30635  65.7%     -    0s
H    0     0                      -2.8410509   -3.30635  16.4%     -    0s
     0     0   -3.30594    0  252   -2.84105   -3.30594  16.4%     -    0s
     0     0   -3.30557    0  246   -2.84105   -3.30557  16.4%     -    1s
     0     0   -3.30557    0  241   -2.84105   -3.30557  16.4%     -    1s
     0     0   -3.30327    0  226   -2.84105   -3.30327  16.3%     -    1s
     0     0   -3.30139    0  265   -2.84105   -3.30139  16.2%     -    1s
     0     0   -3.28388    0  188   -2.84105   -3.28388  15.6%     -    1s
     0     0   -3.28018    0  191   -2.84105   -3.28018  15.5%     -    1s
     0     0   -3.27756    0  232   -2.84105   -3.27756  15.4%     -    1s
     0     0   -3.27671    0  241   -2.84105   -3.27671  15.3%     -    1s
     0     0   -3.25551    0  198   -2.84105   -3.25551  14.6%     -    1s
     0     0   -3.25540    0  202   -2.84105   -3.25540  14.6%     -    1s
     0     0   -3.24832    0  211   -2.84105   -3.24832  14.3%     -    1s
     0     0   -3.24804    0  220   -2.84105   -3.24804  14.3%     -    1s
     0     0   -3.24804    0  226   -2.84105   -3.24804  14.3%     -    1s
     0     0   -3.24195    0  222   -2.84105   -3.24195  14.1%     -    1s
     0     0   -3.23908    0  241   -2.84105   -3.23908  14.0%     -    1s
     0     0   -3.23907    0  240   -2.84105   -3.23907  14.0%     -    1s
     0     0   -3.23333    0  268   -2.84105   -3.23333  13.8%     -    1s
     0     0   -3.23324    0  266   -2.84105   -3.23324  13.8%     -    1s
     0     0   -3.22916    0  258   -2.84105   -3.22916  13.7%     -    2s
     0     0   -3.22468    0  274   -2.84105   -3.22468  13.5%     -    2s
     0     0   -3.22375    0  247   -2.84105   -3.22375  13.5%     -    2s
     0     0   -3.22375    0  249   -2.84105   -3.22375  13.5%     -    2s
     0     0   -3.20862    0  214   -2.84105   -3.20862  12.9%     -    2s
     0     0   -3.20337    0  241   -2.84105   -3.20337  12.8%     -    2s
     0     0   -3.20337    0  252   -2.84105   -3.20337  12.8%     -    2s
     0     0   -3.19866    0  241   -2.84105   -3.19866  12.6%     -    2s
     0     0   -3.19373    0  248   -2.84105   -3.19373  12.4%     -    2s
     0     0   -3.19306    0  247   -2.84105   -3.19306  12.4%     -    2s
     0     0   -3.19296    0  274   -2.84105   -3.19296  12.4%     -    2s
     0     0   -3.18818    0  261   -2.84105   -3.18818  12.2%     -    2s
     0     0   -3.18807    0  274   -2.84105   -3.18807  12.2%     -    2s
     0     0   -3.18593    0  236   -2.84105   -3.18593  12.1%     -    2s
     0     0   -3.18519    0  242   -2.84105   -3.18519  12.1%     -    2s
     0     0   -3.18513    0  258   -2.84105   -3.18513  12.1%     -    2s
     0     0   -3.18468    0  259   -2.84105   -3.18468  12.1%     -    2s
     0     0   -3.18468    0  227   -2.84105   -3.18468  12.1%     -    3s
     0     2   -3.18468    0  215   -2.84105   -3.18468  12.1%     -    3s

Cutting planes:
  Gomory: 2
  Implied bound: 66
  MIR: 4
  Flow cover: 36
  RLT: 232
  Relax-and-lift: 77

Explored 9 nodes (22204 simplex iterations) in 3.55 seconds (3.40 work units)
Thread count was 4 (of 4 available processors)

Solution count 4: -2.84105 -1.99569 -1 -0.00881084 

Optimal solution found (tolerance 5.00e-02)
Best objective -2.841050908420e+00, best bound -2.848646996387e+00, gap 0.2674%
Gurobi Optimizer version 9.5.0 build v9.5.0rc5 (linux64)
Thread count: 2 physical cores, 4 logical processors, using up to 4 threads
Optimize a model with 23372 rows, 7858 columns and 62417 nonzeros
Model fingerprint: 0x4b239766
Variable types: 2071 continuous, 5787 integer (5373 binary)
Coefficient statistics:
  Matrix range     [1e-02, 1e+06]
  Objective range  [9e-03, 1e+00]
  Bounds range     [1e+00, 1e+00]
  RHS range        [1e+00, 2e+05]

MIP start from previous solve did not produce a new incumbent solution
MIP start from previous solve violates constraint circular by 1.000000000

Presolve removed 20477 rows and 3899 columns
Presolve time: 0.10s
Presolved: 2895 rows, 3959 columns, 19053 nonzeros
Variable types: 799 continuous, 3160 integer (3160 binary)
Found heuristic solution: objective -0.0088108

Root relaxation: objective -2.545340e+00, 2391 iterations, 0.05 seconds (0.07 work units)

    Nodes    |    Current Node    |     Objective Bounds      |     Work
 Expl Unexpl |  Obj  Depth IntInf | Incumbent    BestBd   Gap | It/Node Time

     0     0   -2.54534    0   73   -0.00881   -2.54534      -     -    0s
H    0     0                      -1.0000000   -2.54534   155%     -    0s
     0     0   -2.35057    0  249   -1.00000   -2.35057   135%     -    0s
     0     0   -2.13111    0  260   -1.00000   -2.13111   113%     -    0s
     0     0   -2.09310    0  151   -1.00000   -2.09310   109%     -    0s
     0     0   -1.96908    0  122   -1.00000   -1.96908  96.9%     -    0s
H    0     0                      -1.8434539   -1.96908  6.81%     -    0s
     0     0   -1.96908    0  121   -1.84345   -1.96908  6.81%     -    0s
     0     0   -1.93560    0   21   -1.84345   -1.93560  5.00%     -    0s

Cutting planes:
  Gomory: 5
  Cover: 2
  Implied bound: 1
  Clique: 2
  MIR: 1
  Flow cover: 32
  Zero half: 5
  RLT: 151
  Relax-and-lift: 1
  BQP: 1

Explored 1 nodes (6544 simplex iterations) in 0.75 seconds (0.77 work units)
Thread count was 4 (of 4 available processors)

Solution count 3: -1.84345 -1 -0.00881084 

Optimal solution found (tolerance 5.00e-02)
Best objective -1.843453893061e+00, best bound -1.935601291895e+00, gap 4.9986%

Gurobi 9.5.0 (linux64) logging started Wed Feb  2 00:36:33 2022

Set parameter LogFile to value "/home/aniket/PhD/Plasmids-Optimization/exp/2021-06-14__iterative_MILP_edge_novelty/output/sample_129/1.1.1/nplasmids_1/MILP/m.log"
Set parameter TimeLimit to value 240
Set parameter MIPGap to value 0.05
Gurobi Optimizer version 9.5.0 build v9.5.0rc5 (linux64)
Thread count: 2 physical cores, 4 logical processors, using up to 4 threads
Optimize a model with 23236 rows, 7812 columns and 62104 nonzeros
Model fingerprint: 0x32218f0a
Variable types: 2056 continuous, 5756 integer (5345 binary)
Coefficient statistics:
  Matrix range     [1e-02, 1e+06]
  Objective range  [9e-03, 1e+00]
  Bounds range     [1e+00, 1e+00]
  RHS range        [1e+00, 2e+05]
Presolve removed 20362 rows and 3871 columns
Presolve time: 0.10s
Presolved: 2874 rows, 3941 columns, 18966 nonzeros
Variable types: 793 continuous, 3148 integer (3148 binary)
Found heuristic solution: objective -0.0088108

Root relaxation: objective -2.716496e+00, 2609 iterations, 0.05 seconds (0.07 work units)

    Nodes    |    Current Node    |     Objective Bounds      |     Work
 Expl Unexpl |  Obj  Depth IntInf | Incumbent    BestBd   Gap | It/Node Time

     0     0   -2.71650    0   72   -0.00881   -2.71650      -     -    0s
H    0     0                      -1.0000000   -2.71650   172%     -    0s
H    0     0                      -2.6177581   -2.71650  3.77%     -    0s

Explored 1 nodes (4321 simplex iterations) in 0.21 seconds (0.26 work units)
Thread count was 4 (of 4 available processors)

Solution count 3: -2.61776 -1 -0.00881084 

Optimal solution found (tolerance 5.00e-02)
Best objective -2.617758079010e+00, best bound -2.716495671932e+00, gap 3.7718%
Gurobi Optimizer version 9.5.0 build v9.5.0rc5 (linux64)
Thread count: 2 physical cores, 4 logical processors, using up to 4 threads
Optimize a model with 23237 rows, 7812 columns and 62105 nonzeros
Model fingerprint: 0x524edea0
Variable types: 2056 continuous, 5756 integer (5345 binary)
Coefficient statistics:
  Matrix range     [1e-02, 1e+06]
  Objective range  [9e-03, 1e+00]
  Bounds range     [1e+00, 1e+00]
  RHS range        [1e+00, 2e+05]

MIP start from previous solve did not produce a new incumbent solution
MIP start from previous solve violates constraint circular by 1.000000000

Presolve removed 20364 rows and 3872 columns
Presolve time: 0.10s
Presolved: 2873 rows, 3940 columns, 18963 nonzeros
Variable types: 793 continuous, 3147 integer (3147 binary)
Found heuristic solution: objective -0.0088108

Root relaxation: objective -1.717762e+00, 2328 iterations, 0.05 seconds (0.09 work units)

    Nodes    |    Current Node    |     Objective Bounds      |     Work
 Expl Unexpl |  Obj  Depth IntInf | Incumbent    BestBd   Gap | It/Node Time

     0     0   -1.71776    0   67   -0.00881   -1.71776      -     -    0s
H    0     0                      -0.8277439   -1.71776   108%     -    0s
     0     0   -1.65531    0  153   -0.82774   -1.65531   100%     -    0s
     0     0   -1.65250    0  118   -0.82774   -1.65250   100%     -    0s
     0     0   -1.65031    0  105   -0.82774   -1.65031  99.4%     -    0s
H    0     0                      -1.0000000   -1.65031  65.0%     -    0s
H    0     0                      -1.6191732   -1.65031  1.92%     -    0s

Cutting planes:
  Cover: 1
  Implied bound: 3
  Clique: 1
  MIR: 6
  RLT: 84

Explored 1 nodes (4565 simplex iterations) in 0.49 seconds (0.47 work units)
Thread count was 4 (of 4 available processors)

Solution count 4: -1.61917 -1 -0.827744 -0.00881084 

Optimal solution found (tolerance 5.00e-02)
Best objective -1.619173174124e+00, best bound -1.650311410323e+00, gap 1.9231%

Gurobi 9.5.0 (linux64) logging started Wed Feb  2 00:36:34 2022

Set parameter LogFile to value "/home/aniket/PhD/Plasmids-Optimization/exp/2021-06-14__iterative_MILP_edge_novelty/output/sample_129/1.1.1/nplasmids_1/MILP/m.log"
Set parameter TimeLimit to value 240
Set parameter MIPGap to value 0.05
Gurobi Optimizer version 9.5.0 build v9.5.0rc5 (linux64)
Thread count: 2 physical cores, 4 logical processors, using up to 4 threads
Optimize a model with 23065 rows, 7754 columns and 61636 nonzeros
Model fingerprint: 0x388bbd10
Variable types: 2041 continuous, 5713 integer (5305 binary)
Coefficient statistics:
  Matrix range     [1e-02, 1e+06]
  Objective range  [9e-03, 1e+00]
  Bounds range     [1e+00, 1e+00]
  RHS range        [1e+00, 2e+05]
Presolve removed 20210 rows and 3838 columns
Presolve time: 0.09s
Presolved: 2855 rows, 3916 columns, 18853 nonzeros
Variable types: 787 continuous, 3129 integer (3129 binary)
Found heuristic solution: objective -0.0088108

Root relaxation: objective -2.497313e+00, 2828 iterations, 0.06 seconds (0.09 work units)

    Nodes    |    Current Node    |     Objective Bounds      |     Work
 Expl Unexpl |  Obj  Depth IntInf | Incumbent    BestBd   Gap | It/Node Time

     0     0   -2.49731    0   87   -0.00881   -2.49731      -     -    0s
H    0     0                      -1.0000000   -2.49731   150%     -    0s
H    0     0                      -2.2610082   -2.49731  10.5%     -    0s
     0     0   -2.46807    0   32   -2.26101   -2.46807  9.16%     -    0s
     0     0   -2.46807    0   30   -2.26101   -2.46807  9.16%     -    0s
     0     0   -2.45910    0   38   -2.26101   -2.45910  8.76%     -    0s
     0     0   -2.45910    0   45   -2.26101   -2.45910  8.76%     -    0s
     0     0   -2.43811    0   28   -2.26101   -2.43811  7.83%     -    0s
     0     0   -2.43811    0   28   -2.26101   -2.43811  7.83%     -    0s
     0     0   -2.43811    0   34   -2.26101   -2.43811  7.83%     -    0s
     0     0   -2.43811    0   34   -2.26101   -2.43811  7.83%     -    0s
     0     0   -2.43811    0   24   -2.26101   -2.43811  7.83%     -    0s
     0     0   -2.43811    0   25   -2.26101   -2.43811  7.83%     -    0s
     0     0   -2.35892    0   50   -2.26101   -2.35892  4.33%     -    0s

Cutting planes:
  Gomory: 1
  Implied bound: 2
  MIR: 5
  Flow cover: 12
  RLT: 34
  Relax-and-lift: 8
  BQP: 1
  PSD: 2

Explored 1 nodes (6917 simplex iterations) in 0.47 seconds (0.44 work units)
Thread count was 4 (of 4 available processors)

Solution count 3: -2.26101 -1 -0.00881084 

Optimal solution found (tolerance 5.00e-02)
Best objective -2.261008200939e+00, best bound -2.358920317604e+00, gap 4.3305%
Gurobi Optimizer version 9.5.0 build v9.5.0rc5 (linux64)
Thread count: 2 physical cores, 4 logical processors, using up to 4 threads
Optimize a model with 23066 rows, 7754 columns and 61637 nonzeros
Model fingerprint: 0x77e18c5e
Variable types: 2041 continuous, 5713 integer (5305 binary)
Coefficient statistics:
  Matrix range     [1e-02, 1e+06]
  Objective range  [9e-03, 1e+00]
  Bounds range     [1e+00, 1e+00]
  RHS range        [1e+00, 2e+05]

MIP start from previous solve did not produce a new incumbent solution
MIP start from previous solve violates constraint circular by 1.000000000

Presolve removed 20212 rows and 3839 columns
Presolve time: 0.09s
Presolved: 2854 rows, 3915 columns, 18850 nonzeros
Variable types: 787 continuous, 3128 integer (3128 binary)
Found heuristic solution: objective -0.0088108

Root relaxation: objective -1.554724e+00, 2757 iterations, 0.05 seconds (0.08 work units)

    Nodes    |    Current Node    |     Objective Bounds      |     Work
 Expl Unexpl |  Obj  Depth IntInf | Incumbent    BestBd   Gap | It/Node Time

     0     0   -1.55472    0   30   -0.00881   -1.55472      -     -    0s
H    0     0                      -1.0000000   -1.55472  55.5%     -    0s
     0     0   -1.55472    0   29   -1.00000   -1.55472  55.5%     -    0s
     0     0   -1.55472    0   28   -1.00000   -1.55472  55.5%     -    0s
     0     0   -1.49718    0  165   -1.00000   -1.49718  49.7%     -    0s
     0     0   -1.49718    0  162   -1.00000   -1.49718  49.7%     -    0s
     0     0   -1.47247    0   88   -1.00000   -1.47247  47.2%     -    0s
H    0     0                      -1.2751033   -1.47247  15.5%     -    0s
     0     0   -1.47247    0   88   -1.27510   -1.47247  15.5%     -    0s
     0     0   -1.46836    0   33   -1.27510   -1.46836  15.2%     -    0s
     0     0   -1.46811    0   33   -1.27510   -1.46811  15.1%     -    0s
     0     0   -1.45569    0   26   -1.27510   -1.45569  14.2%     -    0s
     0     0   -1.45569    0   31   -1.27510   -1.45569  14.2%     -    0s
     0     0   -1.45569    0   33   -1.27510   -1.45569  14.2%     -    0s
     0     0   -1.27532    0    6   -1.27510   -1.27532  0.02%     -    0s

Cutting planes:
  Gomory: 3
  Implied bound: 1
  MIR: 2
  RLT: 12
  Relax-and-lift: 1

Explored 1 nodes (9875 simplex iterations) in 0.85 seconds (0.86 work units)
Thread count was 4 (of 4 available processors)

Solution count 3: -1.2751 -1 -0.00881084 

Optimal solution found (tolerance 5.00e-02)
Best objective -1.275103302964e+00, best bound -1.275323539703e+00, gap 0.0173%

Gurobi 9.5.0 (linux64) logging started Wed Feb  2 00:36:36 2022

Set parameter LogFile to value "/home/aniket/PhD/Plasmids-Optimization/exp/2021-06-14__iterative_MILP_edge_novelty/output/sample_129/1.1.1/nplasmids_1/MILP/m.log"
Set parameter TimeLimit to value 240
Set parameter MIPGap to value 0.05
Gurobi Optimizer version 9.5.0 build v9.5.0rc5 (linux64)
Thread count: 2 physical cores, 4 logical processors, using up to 4 threads
Optimize a model with 22616 rows, 7602 columns and 60330 nonzeros
Model fingerprint: 0xd88b0432
Variable types: 2006 continuous, 5596 integer (5195 binary)
Coefficient statistics:
  Matrix range     [1e-02, 1e+06]
  Objective range  [9e-03, 1e+00]
  Bounds range     [1e+00, 1e+00]
  RHS range        [1e+00, 2e+05]
Presolve removed 19816 rows and 3764 columns
Presolve time: 0.09s
Presolved: 2800 rows, 3838 columns, 18350 nonzeros
Variable types: 773 continuous, 3065 integer (3065 binary)
Found heuristic solution: objective -0.0088108

Root relaxation: objective -2.491851e+00, 2471 iterations, 0.05 seconds (0.08 work units)

    Nodes    |    Current Node    |     Objective Bounds      |     Work
 Expl Unexpl |  Obj  Depth IntInf | Incumbent    BestBd   Gap | It/Node Time

     0     0   -2.49185    0   81   -0.00881   -2.49185      -     -    0s
H    0     0                      -1.0000000   -2.49185   149%     -    0s
     0     0   -2.45202    0  136   -1.00000   -2.45202   145%     -    0s
H    0     0                      -1.8083268   -2.45202  35.6%     -    0s
H    0     0                      -2.2610082   -2.45202  8.45%     -    0s
     0     0   -2.45202    0  116   -2.26101   -2.45202  8.45%     -    0s
     0     0   -2.42446    0   19   -2.26101   -2.42446  7.23%     -    0s
     0     0   -2.42335    0   36   -2.26101   -2.42335  7.18%     -    0s
     0     0   -2.39030    0   58   -2.26101   -2.39030  5.72%     -    0s
     0     0   -2.37176    0   33   -2.26101   -2.37176  4.90%     -    0s

Explored 1 nodes (6019 simplex iterations) in 0.61 seconds (0.61 work units)
Thread count was 4 (of 4 available processors)

Solution count 4: -2.26101 -1.80833 -1 -0.00881084 

Optimal solution found (tolerance 5.00e-02)
Best objective -2.261008200939e+00, best bound -2.371761026901e+00, gap 4.8984%
Gurobi Optimizer version 9.5.0 build v9.5.0rc5 (linux64)
Thread count: 2 physical cores, 4 logical processors, using up to 4 threads
Optimize a model with 22617 rows, 7602 columns and 60331 nonzeros
Model fingerprint: 0xc7abc36f
Variable types: 2006 continuous, 5596 integer (5195 binary)
Coefficient statistics:
  Matrix range     [1e-02, 1e+06]
  Objective range  [9e-03, 1e+00]
  Bounds range     [1e+00, 1e+00]
  RHS range        [1e+00, 2e+05]

MIP start from previous solve did not produce a new incumbent solution
MIP start from previous solve violates constraint circular by 1.000000000

Presolve removed 19818 rows and 3765 columns
Presolve time: 0.09s
Presolved: 2799 rows, 3837 columns, 18347 nonzeros
Variable types: 773 continuous, 3064 integer (3064 binary)
Found heuristic solution: objective -0.0088108

Root relaxation: objective -1.554373e+00, 2595 iterations, 0.05 seconds (0.08 work units)

    Nodes    |    Current Node    |     Objective Bounds      |     Work
 Expl Unexpl |  Obj  Depth IntInf | Incumbent    BestBd   Gap | It/Node Time

     0     0   -1.55437    0   77   -0.00881   -1.55437      -     -    0s
H    0     0                      -1.0000000   -1.55437  55.4%     -    0s
     0     0   -1.53671    0  138   -1.00000   -1.53671  53.7%     -    0s
     0     0   -1.53671    0  136   -1.00000   -1.53671  53.7%     -    0s
     0     0   -1.44857    0  120   -1.00000   -1.44857  44.9%     -    0s
     0     0   -1.44857    0  120   -1.00000   -1.44857  44.9%     -    0s
     0     0   -1.43767    0   90   -1.00000   -1.43767  43.8%     -    0s
H    0     0                      -1.2751033   -1.43767  12.7%     -    0s
     0     0   -1.43128    0   31   -1.27510   -1.43128  12.2%     -    0s
     0     0   -1.43128    0   19   -1.27510   -1.43128  12.2%     -    0s
     0     0   -1.38188    0   33   -1.27510   -1.38188  8.37%     -    0s
     0     0   -1.30325    0   15   -1.27510   -1.30325  2.21%     -    0s

Cutting planes:
  Gomory: 6
  Implied bound: 11
  Flow cover: 7
  RLT: 13

Explored 1 nodes (6037 simplex iterations) in 0.68 seconds (0.66 work units)
Thread count was 4 (of 4 available processors)

Solution count 3: -1.2751 -1 -0.00881084 

Optimal solution found (tolerance 5.00e-02)
Best objective -1.275103302964e+00, best bound -1.303246496547e+00, gap 2.2071%

Gurobi 9.5.0 (linux64) logging started Wed Feb  2 00:36:37 2022

Set parameter LogFile to value "/home/aniket/PhD/Plasmids-Optimization/exp/2021-06-14__iterative_MILP_edge_novelty/output/sample_129/1.1.1/nplasmids_1/MILP/m.log"
Set parameter TimeLimit to value 240
Set parameter MIPGap to value 0.05
Gurobi Optimizer version 9.5.0 build v9.5.0rc5 (linux64)
Thread count: 2 physical cores, 4 logical processors, using up to 4 threads
Optimize a model with 22203 rows, 7462 columns and 59180 nonzeros
Model fingerprint: 0x0ff38e48
Variable types: 1971 continuous, 5491 integer (5097 binary)
Coefficient statistics:
  Matrix range     [1e-02, 1e+06]
  Objective range  [9e-03, 1e+00]
  Bounds range     [1e+00, 1e+00]
  RHS range        [1e+00, 2e+05]
Presolve removed 19456 rows and 3690 columns
Presolve time: 0.09s
Presolved: 2747 rows, 3772 columns, 18020 nonzeros
Variable types: 759 continuous, 3013 integer (3013 binary)
Found heuristic solution: objective -0.0088108

Root relaxation: objective -2.347809e+00, 2248 iterations, 0.05 seconds (0.09 work units)

    Nodes    |    Current Node    |     Objective Bounds      |     Work
 Expl Unexpl |  Obj  Depth IntInf | Incumbent    BestBd   Gap | It/Node Time

     0     0   -2.34781    0  118   -0.00881   -2.34781      -     -    0s
H    0     0                      -1.0000000   -2.34781   135%     -    0s
     0     0   -2.30120    0  159   -1.00000   -2.30120   130%     -    0s
     0     0   -2.30120    0  165   -1.00000   -2.30120   130%     -    0s
     0     0   -2.30112    0  172   -1.00000   -2.30112   130%     -    0s
H    0     0                      -1.0644992   -2.30112   116%     -    0s
     0     0   -2.30112    0  172   -1.06450   -2.30112   116%     -    0s
     0     0   -2.27469    0  162   -1.06450   -2.27469   114%     -    0s
     0     0   -2.27469    0  163   -1.06450   -2.27469   114%     -    0s
     0     0   -2.27469    0  176   -1.06450   -2.27469   114%     -    0s
     0     0   -2.26990    0  177   -1.06450   -2.26990   113%     -    0s
     0     0   -2.26586    0  191   -1.06450   -2.26586   113%     -    0s
     0     0   -2.26586    0  185   -1.06450   -2.26586   113%     -    0s
     0     0   -2.26510    0  177   -1.06450   -2.26510   113%     -    0s
     0     0   -2.26510    0  178   -1.06450   -2.26510   113%     -    0s
     0     0   -2.26505    0  177   -1.06450   -2.26505   113%     -    1s
H    0     0                      -1.8633284   -2.26505  21.6%     -    1s
     0     0   -2.26505    0  175   -1.86333   -2.26505  21.6%     -    1s
     0     0   -2.26505    0  185   -1.86333   -2.26505  21.6%     -    1s
     0     0   -2.26505    0  182   -1.86333   -2.26505  21.6%     -    1s
     0     0   -2.26336    0  194   -1.86333   -2.26336  21.5%     -    1s
     0     0   -2.26336    0  206   -1.86333   -2.26336  21.5%     -    1s
     0     0   -2.25227    0  205   -1.86333   -2.25227  20.9%     -    1s
     0     0   -2.24782    0  183   -1.86333   -2.24782  20.6%     -    1s
     0     0   -2.24321    0  182   -1.86333   -2.24321  20.4%     -    1s
     0     0   -2.24311    0  169   -1.86333   -2.24311  20.4%     -    1s
     0     0   -2.24031    0  185   -1.86333   -2.24031  20.2%     -    1s
     0     0   -2.24029    0  169   -1.86333   -2.24029  20.2%     -    1s
     0     0   -2.24024    0  180   -1.86333   -2.24024  20.2%     -    1s
     0     0   -2.24024    0  178   -1.86333   -2.24024  20.2%     -    1s
     0     0   -2.23989    0  175   -1.86333   -2.23989  20.2%     -    1s
     0     0   -2.23989    0  183   -1.86333   -2.23989  20.2%     -    1s
     0     0   -2.23847    0  185   -1.86333   -2.23847  20.1%     -    1s
     0     0   -2.23572    0  175   -1.86333   -2.23572  20.0%     -    1s
     0     0   -2.22208    0  149   -1.86333   -2.22208  19.3%     -    1s
     0     0   -2.22170    0  167   -1.86333   -2.22170  19.2%     -    2s
     0     0   -2.22169    0  168   -1.86333   -2.22169  19.2%     -    2s
     0     0   -2.22169    0  174   -1.86333   -2.22169  19.2%     -    2s
     0     0   -2.20369    0  132   -1.86333   -2.20369  18.3%     -    2s
     0     0   -2.19063    0  123   -1.86333   -2.19063  17.6%     -    2s
     0     0   -2.18901    0  153   -1.86333   -2.18901  17.5%     -    2s
     0     0   -2.18901    0  149   -1.86333   -2.18901  17.5%     -    2s
     0     0   -2.18901    0  135   -1.86333   -2.18901  17.5%     -    2s
     0     0   -2.18901    0  136   -1.86333   -2.18901  17.5%     -    2s
     0     0   -2.18901    0  141   -1.86333   -2.18901  17.5%     -    2s
     0     0   -2.18901    0   98   -1.86333   -2.18901  17.5%     -    2s
     0     2   -2.18901    0   93   -1.86333   -2.18901  17.5%     -    2s

Cutting planes:
  Gomory: 6
  Implied bound: 122
  MIR: 12
  Flow cover: 7
  RLT: 180
  Relax-and-lift: 100

Explored 5 nodes (19641 simplex iterations) in 3.00 seconds (2.84 work units)
Thread count was 4 (of 4 available processors)

Solution count 4: -1.86333 -1.0645 -1 -0.00881084 

Optimal solution found (tolerance 5.00e-02)
Best objective -1.863328406217e+00, best bound -1.878105495597e+00, gap 0.7930%
Gurobi Optimizer version 9.5.0 build v9.5.0rc5 (linux64)
Thread count: 2 physical cores, 4 logical processors, using up to 4 threads
Optimize a model with 22204 rows, 7462 columns and 59181 nonzeros
Model fingerprint: 0x218a7836
Variable types: 1971 continuous, 5491 integer (5097 binary)
Coefficient statistics:
  Matrix range     [1e-02, 1e+06]
  Objective range  [9e-03, 1e+00]
  Bounds range     [1e+00, 1e+00]
  RHS range        [1e+00, 2e+05]

MIP start from previous solve did not produce a new incumbent solution
MIP start from previous solve violates constraint circular by 1.000000000

Presolve removed 19458 rows and 3691 columns
Presolve time: 0.09s
Presolved: 2746 rows, 3771 columns, 18017 nonzeros
Variable types: 759 continuous, 3012 integer (3012 binary)
Found heuristic solution: objective -0.0088108

Root relaxation: objective -1.536713e+00, 3197 iterations, 0.06 seconds (0.10 work units)

    Nodes    |    Current Node    |     Objective Bounds      |     Work
 Expl Unexpl |  Obj  Depth IntInf | Incumbent    BestBd   Gap | It/Node Time

     0     0   -1.53671    0  131   -0.00881   -1.53671      -     -    0s
H    0     0                      -1.0000000   -1.53671  53.7%     -    0s
     0     0   -1.00000    0   12   -1.00000   -1.00000  0.00%     -    0s

Cutting planes:
  Gomory: 24
  Cover: 1
  Implied bound: 3
  MIR: 1
  Flow cover: 38
  RLT: 53

Explored 1 nodes (8254 simplex iterations) in 0.43 seconds (0.47 work units)
Thread count was 4 (of 4 available processors)

Solution count 2: -1 -0.00881084 

Optimal solution found (tolerance 5.00e-02)
Best objective -1.000000000000e+00, best bound -1.000000536713e+00, gap 0.0001%

Gurobi 9.5.0 (linux64) logging started Wed Feb  2 00:36:41 2022

Set parameter LogFile to value "/home/aniket/PhD/Plasmids-Optimization/exp/2021-06-14__iterative_MILP_edge_novelty/output/sample_129/1.1.1/nplasmids_1/MILP/m.log"
Set parameter TimeLimit to value 240
Set parameter MIPGap to value 0.05
Gurobi Optimizer version 9.5.0 build v9.5.0rc5 (linux64)
Thread count: 2 physical cores, 4 logical processors, using up to 4 threads
Optimize a model with 22165 rows, 7449 columns and 59106 nonzeros
Model fingerprint: 0x7810636c
Variable types: 1966 continuous, 5483 integer (5090 binary)
Coefficient statistics:
  Matrix range     [1e-02, 1e+06]
  Objective range  [9e-03, 1e+00]
  Bounds range     [1e+00, 1e+00]
  RHS range        [1e+00, 2e+05]
Presolve removed 19424 rows and 3681 columns
Presolve time: 0.09s
Presolved: 2741 rows, 3768 columns, 17999 nonzeros
Variable types: 757 continuous, 3011 integer (3011 binary)
Found heuristic solution: objective -0.0088108

Root relaxation: objective -1.353861e+00, 2419 iterations, 0.05 seconds (0.10 work units)

    Nodes    |    Current Node    |     Objective Bounds      |     Work
 Expl Unexpl |  Obj  Depth IntInf | Incumbent    BestBd   Gap | It/Node Time

     0     0   -1.35386    0  141   -0.00881   -1.35386      -     -    0s
H    0     0                      -0.8192771   -1.35386  65.3%     -    0s
     0     0   -1.35386    0  147   -0.81928   -1.35386  65.3%     -    0s
     0     0   -1.35386    0  147   -0.81928   -1.35386  65.3%     -    0s
     0     0   -1.08298    0   20   -0.81928   -1.08298  32.2%     -    0s
H    0     0                      -0.8838469   -1.08298  22.5%     -    0s
     0     0   -1.05070    0   16   -0.88385   -1.05070  18.9%     -    0s

Cutting planes:
  Cover: 1
  Implied bound: 20
  MIR: 2
  Zero half: 1
  RLT: 87
  Relax-and-lift: 5

Explored 1 nodes (8332 simplex iterations) in 0.69 seconds (0.67 work units)
Thread count was 4 (of 4 available processors)

Solution count 3: -0.883847 -0.819277 -0.00881084 

Optimal solution found (tolerance 5.00e-02)
Best objective -8.838468835103e-01, best bound -8.838468835103e-01, gap 0.0000%

Gurobi 9.5.0 (linux64) logging started Wed Feb  2 00:36:42 2022

Set parameter LogFile to value "/home/aniket/PhD/Plasmids-Optimization/exp/2021-06-14__iterative_MILP_edge_novelty/output/sample_129/1.1.1/nplasmids_1/MILP/m.log"
Set parameter TimeLimit to value 240
Set parameter MIPGap to value 0.05
Gurobi Optimizer version 9.5.0 build v9.5.0rc5 (linux64)
Thread count: 2 physical cores, 4 logical processors, using up to 4 threads
Optimize a model with 22130 rows, 7437 columns and 59045 nonzeros
Model fingerprint: 0xc0fa40b9
Variable types: 1961 continuous, 5476 integer (5084 binary)
Coefficient statistics:
  Matrix range     [1e-02, 1e+06]
  Objective range  [9e-03, 1e+00]
  Bounds range     [1e+00, 1e+00]
  RHS range        [1e+00, 2e+05]
Presolve removed 19394 rows and 3672 columns
Presolve time: 0.09s
Presolved: 2736 rows, 3765 columns, 17981 nonzeros
Variable types: 755 continuous, 3010 integer (3010 binary)
Found heuristic solution: objective -0.0088108

Root relaxation: objective -1.353861e+00, 2060 iterations, 0.06 seconds (0.10 work units)

    Nodes    |    Current Node    |     Objective Bounds      |     Work
 Expl Unexpl |  Obj  Depth IntInf | Incumbent    BestBd   Gap | It/Node Time

     0     0   -1.35386    0  141   -0.00881   -1.35386      -     -    0s
H    0     0                      -0.8192771   -1.35386  65.3%     -    0s
     0     0   -1.30635    0  181   -0.81928   -1.30635  59.5%     -    0s
     0     0   -1.30635    0  174   -0.81928   -1.30635  59.5%     -    0s
     0     0   -1.06376    0   79   -0.81928   -1.06376  29.8%     -    0s
     0     0   -1.06376    0   76   -0.81928   -1.06376  29.8%     -    0s
     0     0   -1.05812    0   75   -0.81928   -1.05812  29.2%     -    0s
     0     0   -0.94160    0   66   -0.81928   -0.94160  14.9%     -    0s
     0     0   -0.81928    0   74   -0.81928   -0.81928  0.00%     -    0s

Cutting planes:
  Gomory: 2
  Cover: 1
  Implied bound: 75
  Clique: 2
  MIR: 4
  StrongCG: 1
  Flow cover: 2
  Zero half: 3
  RLT: 88
  Relax-and-lift: 23

Explored 1 nodes (4563 simplex iterations) in 0.71 seconds (0.65 work units)
Thread count was 4 (of 4 available processors)

Solution count 2: -0.819277 -0.00881084 

Optimal solution found (tolerance 5.00e-02)
Best objective -8.192771084337e-01, best bound -8.192776430175e-01, gap 0.0001%

Gurobi 9.5.0 (linux64) logging started Wed Feb  2 00:36:43 2022

Set parameter LogFile to value "/home/aniket/PhD/Plasmids-Optimization/exp/2021-06-14__iterative_MILP_edge_novelty/output/sample_129/1.1.1/nplasmids_1/MILP/m.log"
Set parameter TimeLimit to value 240
Set parameter MIPGap to value 0.05
Gurobi Optimizer version 9.5.0 build v9.5.0rc5 (linux64)
Thread count: 2 physical cores, 4 logical processors, using up to 4 threads
Optimize a model with 22089 rows, 7423 columns and 58958 nonzeros
Model fingerprint: 0x5a64a066
Variable types: 1956 continuous, 5467 integer (5076 binary)
Coefficient statistics:
  Matrix range     [1e-02, 1e+06]
  Objective range  [9e-03, 1e+00]
  Bounds range     [1e+00, 1e+00]
  RHS range        [1e+00, 2e+05]
Presolve removed 19361 rows and 3663 columns
Presolve time: 0.09s
Presolved: 2728 rows, 3760 columns, 17954 nonzeros
Variable types: 753 continuous, 3007 integer (3007 binary)
Found heuristic solution: objective -0.0088108

Root relaxation: objective -1.176505e+00, 2391 iterations, 0.07 seconds (0.12 work units)

    Nodes    |    Current Node    |     Objective Bounds      |     Work
 Expl Unexpl |  Obj  Depth IntInf | Incumbent    BestBd   Gap | It/Node Time

     0     0   -1.17651    0  136   -0.00881   -1.17651      -     -    0s
H    0     0                      -0.6410615   -1.17651  83.5%     -    0s
     0     0   -0.99001    0   76   -0.64106   -0.99001  54.4%     -    0s
     0     0   -0.96256    0   85   -0.64106   -0.96256  50.2%     -    0s
     0     0   -0.96256    0   81   -0.64106   -0.96256  50.2%     -    0s
     0     0   -0.96159    0   24   -0.64106   -0.96159  50.0%     -    0s
     0     0   -0.96159    0   24   -0.64106   -0.96159  50.0%     -    0s
     0     0   -0.96159    0   21   -0.64106   -0.96159  50.0%     -    0s
     0     0   -0.96159    0   21   -0.64106   -0.96159  50.0%     -    0s
     0     0   -0.93954    0  105   -0.64106   -0.93954  46.6%     -    0s
     0     0   -0.93954    0  106   -0.64106   -0.93954  46.6%     -    0s
     0     0   -0.93953    0   73   -0.64106   -0.93953  46.6%     -    0s
     0     0   -0.93513    0   74   -0.64106   -0.93513  45.9%     -    0s
     0     0   -0.93513    0   77   -0.64106   -0.93513  45.9%     -    0s
     0     0   -0.93513    0   78   -0.64106   -0.93513  45.9%     -    0s
     0     0   -0.93513    0   78   -0.64106   -0.93513  45.9%     -    0s
     0     0   -0.93513    0   77   -0.64106   -0.93513  45.9%     -    0s
     0     0   -0.93513    0   72   -0.64106   -0.93513  45.9%     -    1s
     0     0   -0.93513    0   72   -0.64106   -0.93513  45.9%     -    1s
     0     2   -0.93513    0   70   -0.64106   -0.93513  45.9%     -    1s

Cutting planes:
  Gomory: 2
  Implied bound: 62
  Clique: 1
  MIR: 1
  Flow cover: 2
  Zero half: 3
  RLT: 117
  Relax-and-lift: 13

Explored 10 nodes (11756 simplex iterations) in 1.32 seconds (1.44 work units)
Thread count was 4 (of 4 available processors)

Solution count 2: -0.641061 -0.00881084 

Optimal solution found (tolerance 5.00e-02)
Best objective -6.410614525140e-01, best bound -6.498722918350e-01, gap 1.3744%

Gurobi 9.5.0 (linux64) logging started Wed Feb  2 00:36:45 2022

Set parameter LogFile to value "/home/aniket/PhD/Plasmids-Optimization/exp/2021-06-14__iterative_MILP_edge_novelty/output/sample_129/1.1.1/nplasmids_1/MILP/m.log"
Set parameter TimeLimit to value 240
Set parameter MIPGap to value 0.05
Gurobi Optimizer version 9.5.0 build v9.5.0rc5 (linux64)
Thread count: 2 physical cores, 4 logical processors, using up to 4 threads
Optimize a model with 22024 rows, 7401 columns and 58767 nonzeros
Model fingerprint: 0xec43f4d0
Variable types: 1951 continuous, 5450 integer (5060 binary)
Coefficient statistics:
  Matrix range     [1e-02, 1e+06]
  Objective range  [9e-03, 1e+00]
  Bounds range     [1e+00, 1e+00]
  RHS range        [1e+00, 2e+05]
Presolve removed 19302 rows and 3648 columns
Presolve time: 0.10s
Presolved: 2722 rows, 3753 columns, 17919 nonzeros
Variable types: 751 continuous, 3002 integer (3002 binary)
Found heuristic solution: objective -0.0088108

Root relaxation: objective -1.176505e+00, 2035 iterations, 0.06 seconds (0.11 work units)

    Nodes    |    Current Node    |     Objective Bounds      |     Work
 Expl Unexpl |  Obj  Depth IntInf | Incumbent    BestBd   Gap | It/Node Time

     0     0   -1.17651    0  134   -0.00881   -1.17651      -     -    0s
H    0     0                      -0.6410615   -1.17651  83.5%     -    0s
     0     0   -0.96330    0   14   -0.64106   -0.96330  50.3%     -    0s
     0     0   -0.96159    0   27   -0.64106   -0.96159  50.0%     -    0s
     0     0   -0.64987    0   13   -0.64106   -0.64987  1.37%     -    0s

Cutting planes:
  Gomory: 2
  Cover: 1
  Implied bound: 1
  Clique: 1
  MIR: 3
  Flow cover: 1
  RLT: 59

Explored 1 nodes (4104 simplex iterations) in 0.48 seconds (0.49 work units)
Thread count was 4 (of 4 available processors)

Solution count 2: -0.641061 -0.00881084 

Optimal solution found (tolerance 5.00e-02)
Best objective -6.410614525140e-01, best bound -6.498722918350e-01, gap 1.3744%

Gurobi 9.5.0 (linux64) logging started Wed Feb  2 00:36:45 2022

Set parameter LogFile to value "/home/aniket/PhD/Plasmids-Optimization/exp/2021-06-14__iterative_MILP_edge_novelty/output/sample_129/1.1.1/nplasmids_1/MILP/m.log"
Set parameter TimeLimit to value 240
Set parameter MIPGap to value 0.05
Gurobi Optimizer version 9.5.0 build v9.5.0rc5 (linux64)
Thread count: 2 physical cores, 4 logical processors, using up to 4 threads
Optimize a model with 21959 rows, 7379 columns and 58576 nonzeros
Model fingerprint: 0x3297dc17
Variable types: 1946 continuous, 5433 integer (5044 binary)
Coefficient statistics:
  Matrix range     [1e-02, 1e+06]
  Objective range  [9e-03, 1e+00]
  Bounds range     [1e+00, 1e+00]
  RHS range        [1e+00, 2e+05]
Presolve removed 19245 rows and 3633 columns
Presolve time: 0.09s
Presolved: 2714 rows, 3746 columns, 17832 nonzeros
Variable types: 749 continuous, 2997 integer (2997 binary)
Found heuristic solution: objective -0.0088108

Root relaxation: objective -1.176505e+00, 1713 iterations, 0.05 seconds (0.08 work units)

    Nodes    |    Current Node    |     Objective Bounds      |     Work
 Expl Unexpl |  Obj  Depth IntInf | Incumbent    BestBd   Gap | It/Node Time

     0     0   -1.17651    0  140   -0.00881   -1.17651      -     -    0s
H    0     0                      -0.6410615   -1.17651  83.5%     -    0s
     0     0   -1.16895    0  152   -0.64106   -1.16895  82.3%     -    0s
     0     0   -1.13916    0  146   -0.64106   -1.13916  77.7%     -    0s
     0     0   -1.13916    0  146   -0.64106   -1.13916  77.7%     -    0s
     0     0   -1.13897    0  152   -0.64106   -1.13897  77.7%     -    0s
     0     0   -1.13897    0  151   -0.64106   -1.13897  77.7%     -    0s
     0     0   -1.13662    0  163   -0.64106   -1.13662  77.3%     -    0s
     0     0   -1.13662    0  165   -0.64106   -1.13662  77.3%     -    0s
     0     0   -1.13662    0  164   -0.64106   -1.13662  77.3%     -    0s
     0     0   -1.13662    0  162   -0.64106   -1.13662  77.3%     -    0s
     0     0   -1.13403    0  163   -0.64106   -1.13403  76.9%     -    0s
     0     0   -1.12567    0  164   -0.64106   -1.12567  75.6%     -    0s
     0     0   -1.12460    0  158   -0.64106   -1.12460  75.4%     -    1s
     0     0   -1.12458    0  159   -0.64106   -1.12458  75.4%     -    1s
     0     0   -1.12452    0  179   -0.64106   -1.12452  75.4%     -    1s
     0     0   -1.12452    0  170   -0.64106   -1.12452  75.4%     -    1s
     0     0   -1.12452    0  174   -0.64106   -1.12452  75.4%     -    1s
     0     0   -1.12452    0  145   -0.64106   -1.12452  75.4%     -    1s
     0     2   -1.12452    0  142   -0.64106   -1.12452  75.4%     -    1s

Cutting planes:
  Gomory: 21
  Implied bound: 51
  MIR: 1
  Flow cover: 8
  RLT: 146
  Relax-and-lift: 18

Explored 16 nodes (15060 simplex iterations) in 1.84 seconds (1.90 work units)
Thread count was 4 (of 4 available processors)

Solution count 2: -0.641061 -0.00881084 

Optimal solution found (tolerance 5.00e-02)
Best objective -6.410614525140e-01, best bound -6.410614525140e-01, gap 0.0000%

Gurobi 9.5.0 (linux64) logging started Wed Feb  2 00:36:47 2022

Set parameter LogFile to value "/home/aniket/PhD/Plasmids-Optimization/exp/2021-06-14__iterative_MILP_edge_novelty/output/sample_129/1.1.1/nplasmids_1/MILP/m.log"
Set parameter TimeLimit to value 240
Set parameter MIPGap to value 0.05
Gurobi Optimizer version 9.5.0 build v9.5.0rc5 (linux64)
Thread count: 2 physical cores, 4 logical processors, using up to 4 threads
Optimize a model with 21894 rows, 7357 columns and 58385 nonzeros
Model fingerprint: 0x6808a258
Variable types: 1941 continuous, 5416 integer (5028 binary)
Coefficient statistics:
  Matrix range     [1e-02, 1e+06]
  Objective range  [9e-03, 1e+00]
  Bounds range     [1e+00, 1e+00]
  RHS range        [1e+00, 2e+05]
Presolve removed 19190 rows and 3618 columns
Presolve time: 0.09s
Presolved: 2704 rows, 3739 columns, 17797 nonzeros
Variable types: 747 continuous, 2992 integer (2992 binary)
Found heuristic solution: objective -0.4051423
Found heuristic solution: objective -0.4942990

Root relaxation: objective -8.566558e-01, 1459 iterations, 0.06 seconds (0.11 work units)

    Nodes    |    Current Node    |     Objective Bounds      |     Work
 Expl Unexpl |  Obj  Depth IntInf | Incumbent    BestBd   Gap | It/Node Time

     0     0   -0.85666    0  136   -0.49430   -0.85666  73.3%     -    0s
     0     0   -0.62203    0   11   -0.49430   -0.62203  25.8%     -    0s
     0     0   -0.55279    0    9   -0.49430   -0.55279  11.8%     -    0s
     0     0   -0.55279    0   10   -0.49430   -0.55279  11.8%     -    0s
     0     0   -0.54487    0   29   -0.49430   -0.54487  10.2%     -    0s
     0     0   -0.52258    0   16   -0.49430   -0.52258  5.72%     -    0s
     0     0   -0.50745    0    4   -0.49430   -0.50745  2.66%     -    0s

Cutting planes:
  Gomory: 1
  Cover: 1
  Implied bound: 3
  Clique: 2
  Flow cover: 7
  RLT: 12
  Relax-and-lift: 3
  PSD: 1

Explored 1 nodes (6770 simplex iterations) in 0.73 seconds (0.72 work units)
Thread count was 4 (of 4 available processors)

Solution count 2: -0.494299 -0.405142 

Optimal solution found (tolerance 5.00e-02)
Best objective -4.942990456329e-01, best bound -5.074542242164e-01, gap 2.6614%

Gurobi 9.5.0 (linux64) logging started Wed Feb  2 00:36:48 2022

Set parameter LogFile to value "/home/aniket/PhD/Plasmids-Optimization/exp/2021-06-14__iterative_MILP_edge_novelty/output/sample_129/1.1.1/nplasmids_1/MILP/m.log"
Set parameter TimeLimit to value 240
Set parameter MIPGap to value 0.05
Gurobi Optimizer version 9.5.0 build v9.5.0rc5 (linux64)
Thread count: 2 physical cores, 4 logical processors, using up to 4 threads
Optimize a model with 21708 rows, 7294 columns and 57851 nonzeros
Model fingerprint: 0xeaa05ce1
Variable types: 1926 continuous, 5368 integer (4983 binary)
Coefficient statistics:
  Matrix range     [1e-02, 1e+06]
  Objective range  [9e-03, 1e+00]
  Bounds range     [1e+00, 1e+00]
  RHS range        [1e+00, 2e+05]
Presolve removed 19030 rows and 3591 columns
Presolve time: 0.09s
Presolved: 2678 rows, 3703 columns, 17554 nonzeros
Variable types: 741 continuous, 2962 integer (2962 binary)
Found heuristic solution: objective -0.4942990

Root relaxation: objective -5.062098e-01, 32 iterations, 0.00 seconds (0.00 work units)

    Nodes    |    Current Node    |     Objective Bounds      |     Work
 Expl Unexpl |  Obj  Depth IntInf | Incumbent    BestBd   Gap | It/Node Time

     0     0   -0.50621    0    2   -0.49430   -0.50621  2.41%     -    0s

Explored 1 nodes (32 simplex iterations) in 0.12 seconds (0.15 work units)
Thread count was 4 (of 4 available processors)

Solution count 1: -0.494299 

Optimal solution found (tolerance 5.00e-02)
Best objective -4.942990456329e-01, best bound -5.062098078516e-01, gap 2.4096%

Gurobi 9.5.0 (linux64) logging started Wed Feb  2 00:36:49 2022

Set parameter LogFile to value "/home/aniket/PhD/Plasmids-Optimization/exp/2021-06-14__iterative_MILP_edge_novelty/output/sample_129/1.1.1/nplasmids_1/MILP/m.log"
Set parameter TimeLimit to value 240
Set parameter MIPGap to value 0.05
Gurobi Optimizer version 9.5.0 build v9.5.0rc5 (linux64)
Thread count: 2 physical cores, 4 logical processors, using up to 4 threads
Optimize a model with 21546 rows, 7239 columns and 57421 nonzeros
Model fingerprint: 0xe2a07edf
Variable types: 1911 continuous, 5328 integer (4946 binary)
Coefficient statistics:
  Matrix range     [1e-02, 1e+06]
  Objective range  [9e-03, 1e+00]
  Bounds range     [1e+00, 1e+00]
  RHS range        [1e+00, 2e+05]
Presolve removed 19016 rows and 3710 columns
Presolve time: 0.09s
Presolved: 2530 rows, 3529 columns, 16432 nonzeros
Variable types: 705 continuous, 2824 integer (2824 binary)
Found heuristic solution: objective -0.0088108

Explored 0 nodes (0 simplex iterations) in 0.11 seconds (0.14 work units)
Thread count was 4 (of 4 available processors)

Solution count 1: -0.00881084 

Optimal solution found (tolerance 5.00e-02)
Best objective -8.810839321073e-03, best bound -8.810839321073e-03, gap 0.0000%

Gurobi 9.5.0 (linux64) logging started Wed Feb  2 00:36:49 2022

Set parameter LogFile to value "/home/aniket/PhD/Plasmids-Optimization/exp/2021-06-14__iterative_MILP_edge_novelty/output/sample_129/1.1.1/nplasmids_1/MILP/m.log"
Set parameter TimeLimit to value 240
Set parameter MIPGap to value 0.05
Gurobi Optimizer version 9.5.0 build v9.5.0rc5 (linux64)
Thread count: 2 physical cores, 4 logical processors, using up to 4 threads
Optimize a model with 21502 rows, 7224 columns and 57321 nonzeros
Model fingerprint: 0xb7fc7c8e
Variable types: 1906 continuous, 5318 integer (4937 binary)
Coefficient statistics:
  Matrix range     [1e-02, 1e+06]
  Objective range  [9e-03, 1e+00]
  Bounds range     [1e+00, 1e+00]
  RHS range        [1e+00, 2e+05]
Presolve removed 18989 rows and 3708 columns
Presolve time: 0.09s
Presolved: 2513 rows, 3516 columns, 16500 nonzeros
Variable types: 702 continuous, 2814 integer (2814 binary)
Found heuristic solution: objective -0.0088108

Explored 0 nodes (0 simplex iterations) in 0.11 seconds (0.14 work units)
Thread count was 4 (of 4 available processors)

Solution count 1: -0.00881084 

Optimal solution found (tolerance 5.00e-02)
Best objective -8.810839321073e-03, best bound -8.810839321073e-03, gap 0.0000%

Gurobi 9.5.0 (linux64) logging started Wed Feb  2 00:36:50 2022

Set parameter LogFile to value "/home/aniket/PhD/Plasmids-Optimization/exp/2021-06-14__iterative_MILP_edge_novelty/output/sample_129/1.1.1/nplasmids_1/MILP/m.log"
Set parameter TimeLimit to value 240
Set parameter MIPGap to value 0.05
Gurobi Optimizer version 9.5.0 build v9.5.0rc5 (linux64)
Thread count: 2 physical cores, 4 logical processors, using up to 4 threads
Optimize a model with 21458 rows, 7209 columns and 57221 nonzeros
Model fingerprint: 0x426f87f0
Variable types: 1901 continuous, 5308 integer (4928 binary)
Coefficient statistics:
  Matrix range     [1e-02, 1e+06]
  Objective range  [1e-02, 1e+00]
  Bounds range     [1e+00, 1e+00]
  RHS range        [1e+00, 2e+05]
Presolve removed 8116 rows and 1168 columns
Presolve time: 0.00s

Explored 0 nodes (0 simplex iterations) in 0.01 seconds (0.01 work units)
Thread count was 1 (of 4 available processors)

Solution count 0

Model is infeasible
Best objective -, best bound -, gap -

Computing Irreducible Inconsistent Subsystem (IIS)...

           Constraints          |            Bounds           |  Runtime
      Min       Max     Guess   |   Min       Max     Guess   |
--------------------------------------------------------------------------
        0     17204         -         0      2281         -           0s
      762       762         -         0         0         -           2s

IIS computed: 762 constraints, 0 bounds
IIS runtime: 2.29 seconds (0.64 work units)
Warning: linear constraint 0 and linear constraint 1 have the same name "counted_length"
