Iteration 1
1	deque([(('107', 'h'), ('63', 'h')), (('101', 't'), ('63', 't')), (('119', 'h'), ('101', 'h')), (('159', 'h'), ('119', 't')), (('163', 't'), ('159', 't')), (('163', 'h'), ('107', 't'))])
1	deque([(('49', 'h'), ('178', 't')), (('176', 'h'), ('49', 't')), (('135', 'h'), ('176', 't')), (('154', 'h'), ('135', 't')), (('178', 'h'), ('154', 't'))])

Chosen seed at iteration 1: 2
Chosen chr at iteration 1


Iteration 2
2	deque([(('163', 'h'), ('107', 't')), (('163', 't'), ('159', 't')), (('159', 'h'), ('119', 't')), (('119', 'h'), ('101', 'h')), (('101', 't'), ('63', 't')), (('107', 'h'), ('63', 'h'))])

Chosen seed at iteration 2: 1
Chosen chr at iteration 2


Iteration 3
3	deque([(('172', 't'), ('107', 't')), (('172', 'h'), ('159', 't')), (('159', 'h'), ('119', 't')), (('119', 'h'), ('101', 'h')), (('101', 't'), ('63', 't')), (('107', 'h'), ('63', 'h'))])

Chosen seed at iteration 3: 1
Chosen chr at iteration 3


Iteration 4
Iteration 1
1	deque([(('178', 'h'), ('154', 't')), (('49', 'h'), ('178', 't')), (('176', 'h'), ('49', 't')), (('135', 'h'), ('176', 't')), (('154', 'h'), ('135', 't'))])

Chosen seed at iteration 1: 1
Chosen chr at iteration 1


Iteration 2
Iteration 1
1	deque([(('212', 'h'), ('195', 't')), (('212', 't'), ('208', 't')), (('210', 'h'), ('208', 'h')), (('210', 't'), ('120', 't')), (('120', 'h'), ('187', 't')), (('187', 'h'), ('189', 't')), (('189', 'h'), ('85', 't')), (('161', 'h'), ('85', 'h')), (('130', 'h'), ('161', 't')), (('130', 't'), ('97', 't')), (('97', 'h'), ('111', 't')), (('111', 'h'), ('169', 't')), (('169', 'h'), ('125', 'h')), (('151', 't'), ('125', 't')), (('151', 'h'), ('84', 'h')), (('158', 'h'), ('84', 't')), (('133', 'h'), ('158', 't')), (('133', 't'), ('68', 't')), (('68', 'h'), ('93', 't')), (('93', 'h'), ('153', 't')), (('153', 'h'), ('132', 't')), (('132', 'h'), ('116', 'h')), (('127', 't'), ('116', 't')), (('127', 'h'), ('146', 't')), (('146', 'h'), ('142', 'h')), (('148', 'h'), ('142', 't')), (('148', 't'), ('88', 't')), (('88', 'h'), ('75', 'h')), (('112', 'h'), ('75', 't')), (('165', 't'), ('112', 't')), (('165', 'h'), ('20', 'h')), (('102', 'h'), ('20', 't')), (('102', 't'), ('76', 't')), (('107', 'h'), ('76', 'h')), (('163', 'h'), ('107', 't')), (('163', 't'), ('159', 't')), (('159', 'h'), ('48', 't')), (('195', 'h'), ('48', 'h'))])

Chosen seed at iteration 1: 1
Chosen chr at iteration 1


Iteration 2
