
Gurobi 7.5.2 (linux64) logging started Thu Mar 21 00:47:21 2019

Changed value of parameter LogFile to /home/aniket/python_scripts/Plasmids/exp/2019-03-21__iterative_with_questionable/output/sample_11/1.2.1/nplasmids_1/MILP/m.log
   Prev: gurobi.log  Default: 
Changed value of parameter TimeLimit to 2400.0
   Prev: 1e+100  Min: 0.0  Max: 1e+100  Default: 1e+100
Optimize a model with 3374 rows, 981 columns and 14006 nonzeros
Variable types: 259 continuous, 722 integer (378 binary)
Coefficient statistics:
  Matrix range     [2e-01, 1e+06]
  Objective range  [6e-04, 7e+05]
  Bounds range     [1e+00, 1e+00]
  RHS range        [9e-01, 1e+06]
Presolve removed 2703 rows and 597 columns
Presolve time: 0.03s
Presolved: 671 rows, 384 columns, 2328 nonzeros
Variable types: 79 continuous, 305 integer (227 binary)

Root relaxation: objective -3.917568e+05, 349 iterations, 0.00 seconds

    Nodes    |    Current Node    |     Objective Bounds      |     Work
 Expl Unexpl |  Obj  Depth IntInf | Incumbent    BestBd   Gap | It/Node Time

     0     0 -391756.76    0   53          - -391756.76      -     -    0s
     0     0 -317332.68    0   94          - -317332.68      -     -    0s
     0     0 -307954.36    0   93          - -307954.36      -     -    0s
     0     0 -286655.12    0  117          - -286655.12      -     -    0s
     0     0 -284456.80    0  118          - -284456.80      -     -    0s
     0     0 -284383.32    0  121          - -284383.32      -     -    0s
     0     0 -284358.59    0  128          - -284358.59      -     -    0s
     0     0 -281511.42    0  105          - -281511.42      -     -    0s
     0     0 -278572.66    0  109          - -278572.66      -     -    0s
     0     0 -277679.12    0   98          - -277679.12      -     -    0s
     0     0 -277346.08    0  103          - -277346.08      -     -    0s
     0     0 -277344.98    0  104          - -277344.98      -     -    0s
     0     0 -275306.56    0  108          - -275306.56      -     -    0s
     0     0 -273757.50    0  129          - -273757.50      -     -    0s
     0     0 -273408.59    0  129          - -273408.59      -     -    0s
     0     0 -272959.68    0  108          - -272959.68      -     -    0s
     0     0 -272298.24    0  106          - -272298.24      -     -    0s
     0     0 -272226.73    0  103          - -272226.73      -     -    0s
     0     0 -272168.61    0  121          - -272168.61      -     -    0s
     0     0 -272142.64    0  125          - -272142.64      -     -    0s
     0     0 -270636.29    0  128          - -270636.29      -     -    0s
     0     0 -270523.28    0  120          - -270523.28      -     -    0s
     0     0 -270445.19    0  122          - -270445.19      -     -    0s
     0     0 -270358.05    0  132          - -270358.05      -     -    0s
     0     0 -270301.86    0  123          - -270301.86      -     -    0s
     0     0 -270293.64    0  129          - -270293.64      -     -    0s
     0     0 -269403.30    0  123          - -269403.30      -     -    0s
     0     0 -269304.85    0  125          - -269304.85      -     -    0s
     0     0 -269165.06    0  125          - -269165.06      -     -    0s
     0     0 -269039.65    0  122          - -269039.65      -     -    0s
     0     0 -268956.86    0  121          - -268956.86      -     -    0s
     0     0 -268886.70    0  125          - -268886.70      -     -    0s
     0     0 -268836.60    0  112          - -268836.60      -     -    0s
     0     0 -268813.68    0  137          - -268813.68      -     -    0s
     0     0 -268702.33    0  128          - -268702.33      -     -    0s
     0     0 -268570.88    0  133          - -268570.88      -     -    0s
     0     0 -268553.05    0  137          - -268553.05      -     -    0s
     0     0 -268349.96    0  135          - -268349.96      -     -    0s
     0     0 -268272.56    0  130          - -268272.56      -     -    0s
     0     0 -268259.90    0  129          - -268259.90      -     -    0s
     0     0 -268064.87    0  110          - -268064.87      -     -    0s
     0     0 -267851.26    0  124          - -267851.26      -     -    0s
     0     0 -267815.23    0  123          - -267815.23      -     -    0s
     0     0 -267787.97    0  132          - -267787.97      -     -    0s
     0     0 -267787.97    0  132          - -267787.97      -     -    0s
H    0     0                    -2738.301269 -267787.97  9679%     -    0s
     0     2 -267787.97    0  132 -2738.3013 -267787.97  9679%     -    0s
H   29    24                    -196225.3589 -263102.15  34.1%  37.9    0s
*   38    26              15    -196226.6689 -263102.15  34.1%  32.3    0s
*   55    25               6    -197745.0666 -259963.93  31.5%  32.7    0s
*   85    19              14    -229710.8174 -259595.51  13.0%  28.5    0s
*   95    11              13    -229720.2420 -257348.64  12.0%  29.5    0s
*  120     5              13    -249158.2021 -256230.27  2.84%  27.5    0s

Cutting planes:
  Gomory: 1
  Cover: 81
  Implied bound: 2
  Clique: 9
  MIR: 32
  Flow cover: 26
  Zero half: 12

Explored 143 nodes (5275 simplex iterations) in 0.34 seconds
Thread count was 4 (of 4 available processors)

Solution count 7: -249158 -229720 -229711 ... -2738.3
No other solutions better than -249158

Optimal solution found (tolerance 1.00e-04)
Best objective -2.491582020585e+05, best bound -2.491582020585e+05, gap 0.0000%

Gurobi 7.5.2 (linux64) logging started Thu Mar 21 00:47:21 2019

Changed value of parameter LogFile to /home/aniket/python_scripts/Plasmids/exp/2019-03-21__iterative_with_questionable/output/sample_11/1.2.1/nplasmids_1/MILP/m.log
   Prev: gurobi.log  Default: 
Changed value of parameter TimeLimit to 2400.0
   Prev: 1e+100  Min: 0.0  Max: 1e+100  Default: 1e+100
Optimize a model with 3094 rows, 900 columns and 12285 nonzeros
Variable types: 238 continuous, 662 integer (346 binary)
Coefficient statistics:
  Matrix range     [2e-01, 1e+06]
  Objective range  [1e-03, 2e+05]
  Bounds range     [1e+00, 1e+00]
  RHS range        [4e-01, 1e+06]
Presolve removed 2429 rows and 518 columns
Presolve time: 0.02s
Presolved: 665 rows, 382 columns, 2309 nonzeros
Variable types: 78 continuous, 304 integer (227 binary)

Root relaxation: objective -2.157573e+05, 389 iterations, 0.00 seconds

    Nodes    |    Current Node    |     Objective Bounds      |     Work
 Expl Unexpl |  Obj  Depth IntInf | Incumbent    BestBd   Gap | It/Node Time

     0     0 -215757.34    0   59          - -215757.34      -     -    0s
     0     0 -163303.11    0  104          - -163303.11      -     -    0s
     0     0 -162429.55    0  109          - -162429.55      -     -    0s
     0     0 -162325.90    0  107          - -162325.90      -     -    0s
     0     0 -162261.70    0  109          - -162261.70      -     -    0s
     0     0 -162256.88    0  108          - -162256.88      -     -    0s
     0     0 -155445.88    0  125          - -155445.88      -     -    0s
     0     0 -154304.34    0  115          - -154304.34      -     -    0s
     0     0 -154072.97    0  131          - -154072.97      -     -    0s
     0     0 -154072.54    0  126          - -154072.54      -     -    0s
     0     0 -152118.29    0  119          - -152118.29      -     -    0s
     0     0 -150932.78    0   99          - -150932.78      -     -    0s
     0     0 -150221.78    0  106          - -150221.78      -     -    0s
     0     0 -150138.05    0   89          - -150138.05      -     -    0s
     0     0 -150132.68    0   97          - -150132.68      -     -    0s
     0     0 -148964.34    0  127          - -148964.34      -     -    0s
     0     0 -148280.26    0  126          - -148280.26      -     -    0s
     0     0 -148260.26    0  131          - -148260.26      -     -    0s
     0     0 -147145.88    0  139          - -147145.88      -     -    0s
     0     0 -147063.19    0  144          - -147063.19      -     -    0s
     0     0 -147061.28    0  145          - -147061.28      -     -    0s
     0     0 -146845.11    0  121          - -146845.11      -     -    0s
     0     0 -146669.18    0  154          - -146669.18      -     -    0s
     0     0 -146644.14    0  145          - -146644.14      -     -    0s
     0     0 -146269.77    0  147          - -146269.77      -     -    0s
     0     0 -146203.46    0  134          - -146203.46      -     -    0s
     0     0 -146158.91    0  146          - -146158.91      -     -    0s
     0     0 -146134.11    0  152          - -146134.11      -     -    0s
     0     0 -146131.00    0  149          - -146131.00      -     -    0s
     0     0 -146131.00    0  149          - -146131.00      -     -    0s
H    0     0                    -117927.8337 -146131.00  23.9%     -    0s
     0     2 -145895.93    0  136 -117927.83 -145895.93  23.7%     -    0s
H   32    15                    -119984.8500 -143730.99  19.8%  23.2    0s
*   56    17              10    -120075.3210 -142598.42  18.8%  26.3    0s

Cutting planes:
  Gomory: 11
  Cover: 84
  Implied bound: 2
  Clique: 7
  MIR: 36
  Flow cover: 42
  Zero half: 9

Explored 241 nodes (5869 simplex iterations) in 0.31 seconds
Thread count was 4 (of 4 available processors)

Solution count 3: -120075 -119985 -117928 

Optimal solution found (tolerance 1.00e-04)
Best objective -1.200753209708e+05, best bound -1.200753209708e+05, gap 0.0000%

Gurobi 7.5.2 (linux64) logging started Thu Mar 21 00:47:21 2019

Changed value of parameter LogFile to /home/aniket/python_scripts/Plasmids/exp/2019-03-21__iterative_with_questionable/output/sample_11/1.2.1/nplasmids_1/MILP/m.log
   Prev: gurobi.log  Default: 
Changed value of parameter TimeLimit to 2400.0
   Prev: 1e+100  Min: 0.0  Max: 1e+100  Default: 1e+100
Optimize a model with 2971 rows, 864 columns and 11560 nonzeros
Variable types: 229 continuous, 635 integer (331 binary)
Coefficient statistics:
  Matrix range     [6e-02, 1e+06]
  Objective range  [1e-03, 2e+05]
  Bounds range     [1e+00, 1e+00]
  RHS range        [6e-02, 1e+06]
Presolve removed 2334 rows and 500 columns
Presolve time: 0.02s
Presolved: 637 rows, 364 columns, 2197 nonzeros
Variable types: 75 continuous, 289 integer (215 binary)

Root relaxation: objective -1.399907e+05, 352 iterations, 0.00 seconds

    Nodes    |    Current Node    |     Objective Bounds      |     Work
 Expl Unexpl |  Obj  Depth IntInf | Incumbent    BestBd   Gap | It/Node Time

     0     0 -139990.68    0   54          - -139990.68      -     -    0s
     0     0 -111647.04    0   85          - -111647.04      -     -    0s
     0     0 -111057.35    0   85          - -111057.35      -     -    0s
     0     0 -111000.60    0   76          - -111000.60      -     -    0s
     0     0 -110871.54    0   89          - -110871.54      -     -    0s
     0     0 -110822.98    0   85          - -110822.98      -     -    0s
     0     0 -110820.71    0   85          - -110820.71      -     -    0s
     0     0 -105056.38    0   93          - -105056.38      -     -    0s
H    0     0                    -39853.38592 -105056.38   164%     -    0s
     0     0 -104196.01    0   85 -39853.386 -104196.01   161%     -    0s
     0     0 -104129.65    0   99 -39853.386 -104129.65   161%     -    0s
     0     0 -104090.21    0  102 -39853.386 -104090.21   161%     -    0s
     0     0 -104089.61    0   96 -39853.386 -104089.61   161%     -    0s
     0     0 -102057.06    0  104 -39853.386 -102057.06   156%     -    0s
     0     0 -101473.22    0  107 -39853.386 -101473.22   155%     -    0s
     0     0 -101436.51    0  120 -39853.386 -101436.51   155%     -    0s
     0     0 -101395.65    0  126 -39853.386 -101395.65   154%     -    0s
     0     0 -101391.66    0  126 -39853.386 -101391.66   154%     -    0s
     0     0 -99440.687    0   94 -39853.386 -99440.687   150%     -    0s
H    0     0                    -56557.00802 -99440.687  75.8%     -    0s
     0     0 -96089.913    0  114 -56557.008 -96089.913  69.9%     -    0s
     0     0 -95917.076    0  110 -56557.008 -95917.076  69.6%     -    0s
     0     0 -95849.102    0  120 -56557.008 -95849.102  69.5%     -    0s
     0     0 -95847.531    0  120 -56557.008 -95847.531  69.5%     -    0s
     0     0 -95476.013    0  110 -56557.008 -95476.013  68.8%     -    0s
     0     0 -94594.300    0   94 -56557.008 -94594.300  67.3%     -    0s
     0     0 -94125.263    0   93 -56557.008 -94125.263  66.4%     -    0s
     0     0 -94045.688    0  100 -56557.008 -94045.688  66.3%     -    0s
     0     0 -94045.688    0  100 -56557.008 -94045.688  66.3%     -    0s
     0     0 -93655.868    0  115 -56557.008 -93655.868  65.6%     -    0s
     0     0 -93545.069    0  106 -56557.008 -93545.069  65.4%     -    0s
     0     0 -93482.088    0  112 -56557.008 -93482.088  65.3%     -    0s
     0     0 -93482.088    0  112 -56557.008 -93482.088  65.3%     -    0s
     0     0 -93194.486    0  106 -56557.008 -93194.486  64.8%     -    0s
     0     0 -93137.410    0  106 -56557.008 -93137.410  64.7%     -    0s
     0     0 -93137.410    0  106 -56557.008 -93137.410  64.7%     -    0s
     0     0 -92992.708    0  113 -56557.008 -92992.708  64.4%     -    0s
     0     0 -92950.755    0  121 -56557.008 -92950.755  64.3%     -    0s
     0     0 -92950.755    0  121 -56557.008 -92950.755  64.3%     -    0s
     0     0 -92881.692    0  126 -56557.008 -92881.692  64.2%     -    0s
     0     0 -92881.692    0  126 -56557.008 -92881.692  64.2%     -    0s
     0     2 -92881.692    0  126 -56557.008 -92881.692  64.2%     -    0s
*   23    16              11    -56623.50090 -86949.665  53.6%  20.9    0s
*   24    16              11    -56858.27096 -86949.665  52.9%  20.1    0s
*   64    25              19    -76289.58718 -86593.124  13.5%  16.6    0s
H   73    32                    -76489.42273 -86593.124  13.2%  15.3    0s
*   78    17               7    -77693.23027 -85902.439  10.6%  15.2    0s
*   83     2              13    -84052.22455 -85902.439  2.20%  14.8    0s

Cutting planes:
  Gomory: 3
  Cover: 59
  Clique: 8
  MIR: 23
  Flow cover: 18
  Zero half: 2

Explored 95 nodes (2586 simplex iterations) in 0.24 seconds
Thread count was 4 (of 4 available processors)

Solution count 8: -84052.2 -77693.2 -76489.4 ... -39853.4

Optimal solution found (tolerance 1.00e-04)
Best objective -8.405222454942e+04, best bound -8.405222454942e+04, gap 0.0000%

Gurobi 7.5.2 (linux64) logging started Thu Mar 21 00:47:22 2019

Changed value of parameter LogFile to /home/aniket/python_scripts/Plasmids/exp/2019-03-21__iterative_with_questionable/output/sample_11/1.2.1/nplasmids_1/MILP/m.log
   Prev: gurobi.log  Default: 
Changed value of parameter TimeLimit to 2400.0
   Prev: 1e+100  Min: 0.0  Max: 1e+100  Default: 1e+100
Optimize a model with 2930 rows, 852 columns and 11321 nonzeros
Variable types: 226 continuous, 626 integer (326 binary)
Coefficient statistics:
  Matrix range     [6e-02, 1e+06]
  Objective range  [1e-03, 2e+05]
  Bounds range     [1e+00, 1e+00]
  RHS range        [6e-02, 1e+06]
Presolve removed 2303 rows and 495 columns
Presolve time: 0.02s
Presolved: 627 rows, 357 columns, 2159 nonzeros
Variable types: 74 continuous, 283 integer (210 binary)
Found heuristic solution: objective -5019.383789

Root relaxation: objective -7.692272e+04, 334 iterations, 0.00 seconds

    Nodes    |    Current Node    |     Objective Bounds      |     Work
 Expl Unexpl |  Obj  Depth IntInf | Incumbent    BestBd   Gap | It/Node Time

     0     0 -76922.717    0   64 -5019.3838 -76922.717  1433%     -    0s
     0     0 -64222.470    0   95 -5019.3838 -64222.470  1179%     -    0s
     0     0 -63056.275    0   60 -5019.3838 -63056.275  1156%     -    0s
     0     0 -63047.177    0   81 -5019.3838 -63047.177  1156%     -    0s
     0     0 -63040.048    0   84 -5019.3838 -63040.048  1156%     -    0s
     0     0 -59870.022    0  103 -5019.3838 -59870.022  1093%     -    0s
     0     0 -59621.398    0  107 -5019.3838 -59621.398  1088%     -    0s
     0     0 -59604.559    0  107 -5019.3838 -59604.559  1087%     -    0s
     0     0 -57554.459    0   94 -5019.3838 -57554.459  1047%     -    0s
     0     0 -57321.828    0  100 -5019.3838 -57321.828  1042%     -    0s
     0     0 -57213.818    0  101 -5019.3838 -57213.818  1040%     -    0s
     0     0 -57027.601    0   98 -5019.3838 -57027.601  1036%     -    0s
     0     0 -56958.889    0  100 -5019.3838 -56958.889  1035%     -    0s
     0     0 -56941.433    0   97 -5019.3838 -56941.433  1034%     -    0s
     0     0 -56940.323    0  103 -5019.3838 -56940.323  1034%     -    0s
     0     0 -55779.858    0  110 -5019.3838 -55779.858  1011%     -    0s
     0     0 -54630.347    0  100 -5019.3838 -54630.347   988%     -    0s
     0     0 -54245.198    0  104 -5019.3838 -54245.198   981%     -    0s
     0     0 -54213.321    0  104 -5019.3838 -54213.321   980%     -    0s
     0     0 -54208.418    0  104 -5019.3838 -54208.418   980%     -    0s
     0     0 -53970.008    0  113 -5019.3838 -53970.008   975%     -    0s
H    0     0                    -22812.31431 -53970.008   137%     -    0s
     0     0 -53964.622    0  115 -22812.314 -53964.622   137%     -    0s
     0     0 -53801.957    0  140 -22812.314 -53801.957   136%     -    0s
     0     0 -53705.223    0  132 -22812.314 -53705.223   135%     -    0s
     0     0 -53703.465    0  134 -22812.314 -53703.465   135%     -    0s
     0     0 -53529.292    0  127 -22812.314 -53529.292   135%     -    0s
H    0     0                    -40600.55174 -53529.292  31.8%     -    0s
     0     0 -53280.245    0  128 -40600.552 -53280.245  31.2%     -    0s
     0     0 -53001.176    0  132 -40600.552 -53001.176  30.5%     -    0s
     0     0 -52843.231    0  109 -40600.552 -52843.231  30.2%     -    0s
     0     0 -52840.747    0  129 -40600.552 -52840.747  30.1%     -    0s
     0     0 -52640.272    0  129 -40600.552 -52640.272  29.7%     -    0s
     0     0 -52627.380    0  131 -40600.552 -52627.380  29.6%     -    0s
     0     0 -52627.378    0  138 -40600.552 -52627.378  29.6%     -    0s
     0     0 -52348.085    0  120 -40600.552 -52348.085  28.9%     -    0s
     0     0 -52297.480    0  129 -40600.552 -52297.480  28.8%     -    0s
     0     0 -52296.697    0  124 -40600.552 -52296.697  28.8%     -    0s
     0     0 -52262.109    0  140 -40600.552 -52262.109  28.7%     -    0s
     0     0 -52262.109    0  140 -40600.552 -52262.109  28.7%     -    0s
H    0     0                    -44814.62014 -52262.109  16.6%     -    0s
     0     0 -52262.109    0   60 -44814.620 -52262.109  16.6%     -    0s
     0     0 -51478.013    0   93 -44814.620 -51478.013  14.9%     -    0s
     0     0 -50116.855    0   87 -44814.620 -50116.855  11.8%     -    0s
     0     0 -49979.446    0   94 -44814.620 -49979.446  11.5%     -    0s
     0     0 -49966.332    0   94 -44814.620 -49966.332  11.5%     -    0s
     0     0 -49564.921    0   93 -44814.620 -49564.921  10.6%     -    0s
     0     0 -49557.115    0   90 -44814.620 -49557.115  10.6%     -    0s
     0     0 -49554.240    0   90 -44814.620 -49554.240  10.6%     -    0s
     0     0 -49554.240    0   90 -44814.620 -49554.240  10.6%     -    0s
     0     0 -49261.284    0   89 -44814.620 -49261.284  9.92%     -    0s
     0     0 -49225.103    0   89 -44814.620 -49225.103  9.84%     -    0s
     0     0 -49224.152    0   92 -44814.620 -49224.152  9.84%     -    0s
     0     0 -49167.429    0   89 -44814.620 -49167.429  9.71%     -    0s
     0     0 -49166.370    0   89 -44814.620 -49166.370  9.71%     -    0s
     0     0 -49134.041    0   92 -44814.620 -49134.041  9.64%     -    0s
     0     0 -49134.041    0   92 -44814.620 -49134.041  9.64%     -    0s
     0     0 -49130.970    0   91 -44814.620 -49130.970  9.63%     -    0s
     0     0 -48950.331    0   72 -44814.620 -48950.331  9.23%     -    0s
H    0     0                    -44814.62014 -48950.331  9.23%     -    0s
     0     0 -48950.331    0   27 -44814.620 -48950.331  9.23%     -    0s
     0     0 -48950.331    0   34 -44814.620 -48950.331  9.23%     -    0s
     0     0 -48808.835    0   37 -44814.620 -48808.835  8.91%     -    0s
     0     0 -48499.690    0   37 -44814.620 -48499.690  8.22%     -    0s
     0     0 -48355.110    0   36 -44814.620 -48355.110  7.90%     -    0s
     0     0 -48314.686    0   37 -44814.620 -48314.686  7.81%     -    0s
     0     0 -47801.142    0   38 -44814.620 -47801.142  6.66%     -    0s
     0     0 -47768.635    0   37 -44814.620 -47768.635  6.59%     -    0s
     0     0 -47460.808    0   41 -44814.620 -47460.808  5.90%     -    0s
     0     0 -47383.400    0   36 -44814.620 -47383.400  5.73%     -    0s
     0     0 -47380.569    0   40 -44814.620 -47380.569  5.73%     -    0s
     0     0 -47084.628    0   36 -44814.620 -47084.628  5.07%     -    0s
     0     0 -47084.628    0   11 -44814.620 -47084.628  5.07%     -    0s
H    0     0                    -46127.06928 -47084.628  2.08%     -    0s
     0     0     cutoff    0      -46127.069 -46127.069  0.00%     -    0s

Cutting planes:
  Gomory: 1
  Implied bound: 1
  MIR: 4
  StrongCG: 1
  Flow cover: 2

Explored 1 nodes (2195 simplex iterations) in 0.41 seconds
Thread count was 4 (of 4 available processors)

Solution count 6: -46127.1 -44814.6 -44814.6 ... -5019.38

Optimal solution found (tolerance 1.00e-04)
Best objective -4.612706927524e+04, best bound -4.612706927524e+04, gap 0.0000%

Gurobi 7.5.2 (linux64) logging started Thu Mar 21 00:47:22 2019

Changed value of parameter LogFile to /home/aniket/python_scripts/Plasmids/exp/2019-03-21__iterative_with_questionable/output/sample_11/1.2.1/nplasmids_1/MILP/m.log
   Prev: gurobi.log  Default: 
Changed value of parameter TimeLimit to 2400.0
   Prev: 1e+100  Min: 0.0  Max: 1e+100  Default: 1e+100
Optimize a model with 2889 rows, 840 columns and 11083 nonzeros
Variable types: 223 continuous, 617 integer (321 binary)
Coefficient statistics:
  Matrix range     [6e-02, 1e+06]
  Objective range  [1e-03, 2e+05]
  Bounds range     [1e+00, 1e+00]
  RHS range        [6e-02, 1e+06]
Presolve removed 2273 rows and 490 columns
Presolve time: 0.02s
Presolved: 616 rows, 350 columns, 2114 nonzeros
Variable types: 73 continuous, 277 integer (205 binary)
Found heuristic solution: objective -971.8341767

Root relaxation: objective -4.888288e+04, 486 iterations, 0.01 seconds

    Nodes    |    Current Node    |     Objective Bounds      |     Work
 Expl Unexpl |  Obj  Depth IntInf | Incumbent    BestBd   Gap | It/Node Time

     0     0 -48882.880    0   86 -971.83418 -48882.880  4930%     -    0s
     0     0 -41988.717    0   93 -971.83418 -41988.717  4221%     -    0s
     0     0 -41707.328    0  102 -971.83418 -41707.328  4192%     -    0s
     0     0 -41541.642    0   97 -971.83418 -41541.642  4175%     -    0s
     0     0 -41471.510    0   93 -971.83418 -41471.510  4167%     -    0s
     0     0 -40269.463    0  120 -971.83418 -40269.463  4044%     -    0s
     0     0 -39651.918    0   83 -971.83418 -39651.918  3980%     -    0s
     0     0 -39161.629    0   85 -971.83418 -39161.629  3930%     -    0s
     0     0 -39112.621    0   98 -971.83418 -39112.621  3925%     -    0s
     0     0 -39100.802    0   93 -971.83418 -39100.802  3923%     -    0s
     0     0 -39100.502    0   93 -971.83418 -39100.502  3923%     -    0s
     0     0 -36712.842    0  120 -971.83418 -36712.842  3678%     -    0s
     0     0 -36637.914    0  120 -971.83418 -36637.914  3670%     -    0s
     0     0 -36443.007    0  124 -971.83418 -36443.007  3650%     -    0s
     0     0 -35368.983    0  125 -971.83418 -35368.983  3539%     -    0s
     0     0 -35153.929    0  126 -971.83418 -35153.929  3517%     -    0s
     0     0 -35076.611    0  125 -971.83418 -35076.611  3509%     -    0s
     0     0 -35063.239    0  125 -971.83418 -35063.239  3508%     -    0s
     0     0 -35046.398    0  125 -971.83418 -35046.398  3506%     -    0s
     0     0 -35046.372    0  125 -971.83418 -35046.372  3506%     -    0s
     0     0 -33997.947    0  132 -971.83418 -33997.947  3398%     -    0s
     0     0 -33836.802    0  135 -971.83418 -33836.802  3382%     -    0s
     0     0 -33824.563    0  139 -971.83418 -33824.563  3380%     -    0s
     0     0 -33820.902    0  139 -971.83418 -33820.902  3380%     -    0s
     0     0 -33332.169    0  142 -971.83418 -33332.169  3330%     -    0s
     0     0 -33228.608    0  142 -971.83418 -33228.608  3319%     -    0s
     0     0 -33213.784    0  142 -971.83418 -33213.784  3318%     -    0s
     0     0 -33175.241    0  138 -971.83418 -33175.241  3314%     -    0s
     0     0 -33172.792    0  142 -971.83418 -33172.792  3313%     -    0s
     0     0 -33024.523    0  135 -971.83418 -33024.523  3298%     -    0s
     0     0 -33018.568    0  138 -971.83418 -33018.568  3298%     -    0s
     0     0 -32784.019    0  129 -971.83418 -32784.019  3273%     -    0s
     0     0 -32661.193    0  132 -971.83418 -32661.193  3261%     -    0s
     0     0 -32633.839    0  131 -971.83418 -32633.839  3258%     -    0s
     0     0 -32618.584    0  136 -971.83418 -32618.584  3256%     -    0s
     0     0 -32618.429    0  137 -971.83418 -32618.429  3256%     -    0s
     0     0 -32566.520    0  135 -971.83418 -32566.520  3251%     -    0s
     0     0 -32411.253    0  136 -971.83418 -32411.253  3235%     -    0s
     0     0 -32408.732    0  136 -971.83418 -32408.732  3235%     -    0s
     0     0 -32274.463    0  135 -971.83418 -32274.463  3221%     -    0s
H    0     0                    -12233.20887 -32274.463   164%     -    0s
     0     0 -32231.311    0  133 -12233.209 -32231.311   163%     -    0s
     0     0 -32226.106    0  135 -12233.209 -32226.106   163%     -    0s
     0     0 -32089.109    0  140 -12233.209 -32089.109   162%     -    0s
     0     0 -32081.792    0  142 -12233.209 -32081.792   162%     -    0s
     0     0 -32055.525    0  134 -12233.209 -32055.525   162%     -    0s
     0     0 -32055.525    0  134 -12233.209 -32055.525   162%     -    0s
H    0     0                    -17331.28140 -32055.525  85.0%     -    0s
H    0     0                    -18145.42106 -32055.525  76.7%     -    0s
     0     2 -32055.525    0  134 -18145.421 -32055.525  76.7%     -    0s
*   42    20              14    -18591.18913 -29592.043  59.2%  38.0    0s
*   48    23              14    -18597.39020 -29592.043  59.1%  37.9    0s
*  102    24               8    -18996.94845 -26330.263  38.6%  33.5    0s
H  104    24                    -19052.66222 -26330.263  38.2%  33.0    0s
*  110    26              18    -19442.12636 -26330.263  35.4%  32.4    0s
*  117    29              10    -19542.52088 -26015.301  33.1%  30.9    0s
*  118    27              10    -19735.06324 -26015.301  31.8%  30.7    0s
*  170    11              13    -21289.59022 -25294.385  18.8%  25.5    0s
*  205     0              12    -22857.41155 -24634.021  7.77%  24.4    0s

Cutting planes:
  Gomory: 2
  Cover: 76
  Implied bound: 17
  Clique: 4
  MIR: 49
  StrongCG: 1
  Flow cover: 29
  Zero half: 5

Explored 228 nodes (6842 simplex iterations) in 0.36 seconds
Thread count was 4 (of 4 available processors)

Solution count 10: -22857.4 -21289.6 -19735.1 ... -18145.4
No other solutions better than -22857.4

Optimal solution found (tolerance 1.00e-04)
Best objective -2.285741155112e+04, best bound -2.285741155112e+04, gap 0.0000%

Gurobi 7.5.2 (linux64) logging started Thu Mar 21 00:47:23 2019

Changed value of parameter LogFile to /home/aniket/python_scripts/Plasmids/exp/2019-03-21__iterative_with_questionable/output/sample_11/1.2.1/nplasmids_1/MILP/m.log
   Prev: gurobi.log  Default: 
Changed value of parameter TimeLimit to 2400.0
   Prev: 1e+100  Min: 0.0  Max: 1e+100  Default: 1e+100
Optimize a model with 2848 rows, 828 columns and 10849 nonzeros
Variable types: 220 continuous, 608 integer (316 binary)
Coefficient statistics:
  Matrix range     [6e-02, 1e+06]
  Objective range  [1e-03, 2e+05]
  Bounds range     [1e+00, 1e+00]
  RHS range        [6e-02, 1e+06]
Presolve removed 2244 rows and 485 columns
Presolve time: 0.02s
Presolved: 604 rows, 343 columns, 2070 nonzeros
Variable types: 72 continuous, 271 integer (200 binary)
Found heuristic solution: objective -3295.771633

Root relaxation: objective -3.693946e+04, 479 iterations, 0.01 seconds

    Nodes    |    Current Node    |     Objective Bounds      |     Work
 Expl Unexpl |  Obj  Depth IntInf | Incumbent    BestBd   Gap | It/Node Time

     0     0 -36939.462    0  109 -3295.7716 -36939.462  1021%     -    0s
     0     0 -31323.780    0   93 -3295.7716 -31323.780   850%     -    0s
     0     0 -30666.112    0   87 -3295.7716 -30666.112   830%     -    0s
     0     0 -30637.976    0   87 -3295.7716 -30637.976   830%     -    0s
     0     0 -28780.357    0  118 -3295.7716 -28780.357   773%     -    0s
     0     0 -28117.620    0  119 -3295.7716 -28117.620   753%     -    0s
     0     0 -28020.292    0  131 -3295.7716 -28020.292   750%     -    0s
     0     0 -27854.893    0  133 -3295.7716 -27854.893   745%     -    0s
     0     0 -27852.314    0  116 -3295.7716 -27852.314   745%     -    0s
     0     0 -25637.745    0  133 -3295.7716 -25637.745   678%     -    0s
     0     0 -25492.689    0  138 -3295.7716 -25492.689   673%     -    0s
     0     0 -25381.608    0  141 -3295.7716 -25381.608   670%     -    0s
     0     0 -25341.451    0  138 -3295.7716 -25341.451   669%     -    0s
     0     0 -25300.109    0  137 -3295.7716 -25300.109   668%     -    0s
     0     0 -25299.939    0  137 -3295.7716 -25299.939   668%     -    0s
     0     0 -24620.262    0  133 -3295.7716 -24620.262   647%     -    0s
     0     0 -24358.960    0  126 -3295.7716 -24358.960   639%     -    0s
     0     0 -24316.634    0  124 -3295.7716 -24316.634   638%     -    0s
     0     0 -24303.274    0  123 -3295.7716 -24303.274   637%     -    0s
     0     0 -24301.547    0  130 -3295.7716 -24301.547   637%     -    0s
     0     0 -23870.526    0  131 -3295.7716 -23870.526   624%     -    0s
H    0     0                    -12954.90296 -23870.526  84.3%     -    0s
     0     0 -23500.282    0  136 -12954.903 -23500.282  81.4%     -    0s
     0     0 -23370.713    0  128 -12954.903 -23370.713  80.4%     -    0s
     0     0 -23340.569    0  140 -12954.903 -23340.569  80.2%     -    0s
     0     0 -23298.470    0  146 -12954.903 -23298.470  79.8%     -    0s
     0     0 -23296.701    0  146 -12954.903 -23296.701  79.8%     -    0s
     0     0 -23124.599    0  146 -12954.903 -23124.599  78.5%     -    0s
     0     0 -23087.665    0  152 -12954.903 -23087.665  78.2%     -    0s
     0     0 -23050.276    0  136 -12954.903 -23050.276  77.9%     -    0s
     0     0 -23031.017    0  148 -12954.903 -23031.017  77.8%     -    0s
     0     0 -23029.903    0  150 -12954.903 -23029.903  77.8%     -    0s
     0     0 -22973.520    0  150 -12954.903 -22973.520  77.3%     -    0s
     0     0 -22918.036    0  150 -12954.903 -22918.036  76.9%     -    0s
     0     0 -22912.844    0  153 -12954.903 -22912.844  76.9%     -    0s
     0     0 -22869.533    0  135 -12954.903 -22869.533  76.5%     -    0s
     0     0 -22855.861    0  140 -12954.903 -22855.861  76.4%     -    0s
     0     0 -22854.842    0  146 -12954.903 -22854.842  76.4%     -    0s
     0     0 -22843.326    0  140 -12954.903 -22843.326  76.3%     -    0s
H    0     0                    -17042.06849 -22843.326  34.0%     -    0s
     0     2 -22843.326    0  140 -17042.068 -22843.326  34.0%     -    0s
H   44     9                    -17783.90096 -19691.006  10.7%  26.6    0s

Cutting planes:
  Gomory: 5
  Cover: 63
  Implied bound: 7
  Clique: 3
  MIR: 27
  Flow cover: 12
  Zero half: 9

Explored 68 nodes (3089 simplex iterations) in 0.26 seconds
Thread count was 4 (of 4 available processors)

Solution count 4: -17783.9 -17042.1 -12954.9 -3295.77 

Optimal solution found (tolerance 1.00e-04)
Best objective -1.778390096250e+04, best bound -1.778390096250e+04, gap 0.0000%

Gurobi 7.5.2 (linux64) logging started Thu Mar 21 00:47:23 2019

Changed value of parameter LogFile to /home/aniket/python_scripts/Plasmids/exp/2019-03-21__iterative_with_questionable/output/sample_11/1.2.1/nplasmids_1/MILP/m.log
   Prev: gurobi.log  Default: 
Changed value of parameter TimeLimit to 2400.0
   Prev: 1e+100  Min: 0.0  Max: 1e+100  Default: 1e+100
Optimize a model with 2807 rows, 816 columns and 10618 nonzeros
Variable types: 217 continuous, 599 integer (311 binary)
Coefficient statistics:
  Matrix range     [6e-02, 1e+06]
  Objective range  [1e-03, 2e+05]
  Bounds range     [1e+00, 1e+00]
  RHS range        [6e-02, 1e+06]
Presolve removed 2212 rows and 479 columns
Presolve time: 0.02s
Presolved: 595 rows, 337 columns, 2034 nonzeros
Variable types: 71 continuous, 266 integer (196 binary)
Found heuristic solution: objective -1935.646169

Root relaxation: objective -3.158100e+04, 537 iterations, 0.01 seconds

    Nodes    |    Current Node    |     Objective Bounds      |     Work
 Expl Unexpl |  Obj  Depth IntInf | Incumbent    BestBd   Gap | It/Node Time

     0     0 -31580.998    0  110 -1935.6462 -31580.998  1532%     -    0s
     0     0 -25847.400    0   98 -1935.6462 -25847.400  1235%     -    0s
     0     0 -24039.153    0  116 -1935.6462 -24039.153  1142%     -    0s
     0     0 -23758.566    0  106 -1935.6462 -23758.566  1127%     -    0s
     0     0 -23479.783    0  110 -1935.6462 -23479.783  1113%     -    0s
     0     0 -23057.430    0  108 -1935.6462 -23057.430  1091%     -    0s
     0     0 -22929.521    0  108 -1935.6462 -22929.521  1085%     -    0s
     0     0 -22911.185    0  109 -1935.6462 -22911.185  1084%     -    0s
     0     0 -22877.210    0  104 -1935.6462 -22877.210  1082%     -    0s
     0     0 -22867.997    0   94 -1935.6462 -22867.997  1081%     -    0s
     0     0 -21397.674    0  115 -1935.6462 -21397.674  1005%     -    0s
     0     0 -21226.633    0  121 -1935.6462 -21226.633   997%     -    0s
     0     0 -21061.544    0  116 -1935.6462 -21061.544   988%     -    0s
     0     0 -21060.760    0  116 -1935.6462 -21060.760   988%     -    0s
     0     0 -20513.025    0  126 -1935.6462 -20513.025   960%     -    0s
     0     0 -20221.389    0  130 -1935.6462 -20221.389   945%     -    0s
     0     0 -20184.641    0  137 -1935.6462 -20184.641   943%     -    0s
     0     0 -20112.518    0  138 -1935.6462 -20112.518   939%     -    0s
     0     0 -20094.342    0  135 -1935.6462 -20094.342   938%     -    0s
     0     0 -20093.669    0  135 -1935.6462 -20093.669   938%     -    0s
     0     0 -19978.214    0  135 -1935.6462 -19978.214   932%     -    0s
     0     0 -19954.698    0  131 -1935.6462 -19954.698   931%     -    0s
     0     0 -19912.124    0  134 -1935.6462 -19912.124   929%     -    0s
     0     0 -19845.026    0  129 -1935.6462 -19845.026   925%     -    0s
     0     0 -19845.026    0  129 -1935.6462 -19845.026   925%     -    0s
     0     0 -19723.809    0  135 -1935.6462 -19723.809   919%     -    0s
     0     0 -19713.890    0  134 -1935.6462 -19713.890   918%     -    0s
     0     0 -19713.092    0  130 -1935.6462 -19713.092   918%     -    0s
     0     0 -19663.613    0  130 -1935.6462 -19663.613   916%     -    0s
     0     0 -19663.613    0  130 -1935.6462 -19663.613   916%     -    0s
H    0     0                    -2476.669601 -19663.613   694%     -    0s
     0     2 -19663.613    0  130 -2476.6696 -19663.613   694%     -    0s
*   21    18               7    -6775.806489 -19557.383   189%  28.5    0s
H   31    20                    -12577.45190 -19557.383  55.5%  24.9    0s
*   92    36               5    -12714.20167 -18028.236  41.8%  23.0    0s

Cutting planes:
  Gomory: 10
  Cover: 73
  Implied bound: 16
  Clique: 6
  MIR: 37
  Flow cover: 41
  GUB cover: 1
  Zero half: 7

Explored 142 nodes (4808 simplex iterations) in 0.26 seconds
Thread count was 4 (of 4 available processors)

Solution count 5: -12714.2 -12577.5 -6775.81 ... -1935.65
No other solutions better than -12714.2

Optimal solution found (tolerance 1.00e-04)
Best objective -1.271420166792e+04, best bound -1.271420166792e+04, gap 0.0000%

Gurobi 7.5.2 (linux64) logging started Thu Mar 21 00:47:23 2019

Changed value of parameter LogFile to /home/aniket/python_scripts/Plasmids/exp/2019-03-21__iterative_with_questionable/output/sample_11/1.2.1/nplasmids_1/MILP/m.log
   Prev: gurobi.log  Default: 
Changed value of parameter TimeLimit to 2400.0
   Prev: 1e+100  Min: 0.0  Max: 1e+100  Default: 1e+100
Optimize a model with 2766 rows, 804 columns and 10389 nonzeros
Variable types: 214 continuous, 590 integer (306 binary)
Coefficient statistics:
  Matrix range     [5e-02, 1e+06]
  Objective range  [1e-03, 2e+05]
  Bounds range     [1e+00, 1e+00]
  RHS range        [5e-02, 1e+06]
Presolve removed 2181 rows and 473 columns
Presolve time: 0.02s
Presolved: 585 rows, 331 columns, 1994 nonzeros
Variable types: 70 continuous, 261 integer (192 binary)
Found heuristic solution: objective -1935.646169

Root relaxation: objective -2.749583e+04, 481 iterations, 0.01 seconds

    Nodes    |    Current Node    |     Objective Bounds      |     Work
 Expl Unexpl |  Obj  Depth IntInf | Incumbent    BestBd   Gap | It/Node Time

     0     0 -27495.829    0  103 -1935.6462 -27495.829  1320%     -    0s
     0     0 -19561.960    0  102 -1935.6462 -19561.960   911%     -    0s
     0     0 -18834.585    0  113 -1935.6462 -18834.585   873%     -    0s
     0     0 -18785.441    0   96 -1935.6462 -18785.441   870%     -    0s
     0     0 -18663.762    0  100 -1935.6462 -18663.762   864%     -    0s
     0     0 -18129.240    0   85 -1935.6462 -18129.240   837%     -    0s
     0     0 -18120.004    0  105 -1935.6462 -18120.004   836%     -    0s
     0     0 -18060.889    0  101 -1935.6462 -18060.889   833%     -    0s
     0     0 -18046.424    0  105 -1935.6462 -18046.424   832%     -    0s
     0     0 -18043.323    0  107 -1935.6462 -18043.323   832%     -    0s
     0     0 -16782.428    0  114 -1935.6462 -16782.428   767%     -    0s
     0     0 -16541.243    0  111 -1935.6462 -16541.243   755%     -    0s
     0     0 -16450.937    0  114 -1935.6462 -16450.937   750%     -    0s
     0     0 -16412.114    0  118 -1935.6462 -16412.114   748%     -    0s
     0     0 -16412.114    0  118 -1935.6462 -16412.114   748%     -    0s
     0     0 -16221.862    0  135 -1935.6462 -16221.862   738%     -    0s
H    0     0                    -5931.214578 -16221.862   173%     -    0s
H    0     0                    -5933.659599 -16221.862   173%     -    0s
     0     0 -16217.784    0  134 -5933.6596 -16217.784   173%     -    0s
     0     0 -16144.839    0  135 -5933.6596 -16144.839   172%     -    0s
     0     0 -16031.608    0  131 -5933.6596 -16031.608   170%     -    0s
     0     0 -16000.171    0  131 -5933.6596 -16000.171   170%     -    0s
     0     0 -15994.919    0  134 -5933.6596 -15994.919   170%     -    0s
     0     0 -15994.859    0  134 -5933.6596 -15994.859   170%     -    0s
     0     0 -15809.740    0  126 -5933.6596 -15809.740   166%     -    0s
     0     0 -15775.068    0  136 -5933.6596 -15775.068   166%     -    0s
     0     0 -15755.351    0  138 -5933.6596 -15755.351   166%     -    0s
     0     0 -15751.985    0  128 -5933.6596 -15751.985   165%     -    0s
     0     0 -15686.113    0  133 -5933.6596 -15686.113   164%     -    0s
     0     0 -15627.348    0  137 -5933.6596 -15627.348   163%     -    0s
     0     0 -15600.157    0  131 -5933.6596 -15600.157   163%     -    0s
     0     0 -15597.585    0  131 -5933.6596 -15597.585   163%     -    0s
     0     0 -15565.888    0  138 -5933.6596 -15565.888   162%     -    0s
     0     0 -15519.929    0  140 -5933.6596 -15519.929   162%     -    0s
     0     0 -15482.034    0  138 -5933.6596 -15482.034   161%     -    0s
     0     0 -15472.184    0  145 -5933.6596 -15472.184   161%     -    0s
     0     0 -15471.324    0  138 -5933.6596 -15471.324   161%     -    0s
     0     0 -15444.250    0  137 -5933.6596 -15444.250   160%     -    0s
     0     0 -15435.588    0  133 -5933.6596 -15435.588   160%     -    0s
     0     0 -15425.311    0  129 -5933.6596 -15425.311   160%     -    0s
     0     0 -15420.488    0  128 -5933.6596 -15420.488   160%     -    0s
     0     0 -15415.048    0  129 -5933.6596 -15415.048   160%     -    0s
     0     0 -15392.757    0  134 -5933.6596 -15392.757   159%     -    0s
     0     0 -15383.997    0  134 -5933.6596 -15383.997   159%     -    0s
     0     0 -15382.046    0  139 -5933.6596 -15382.046   159%     -    0s
     0     0 -15367.979    0  139 -5933.6596 -15367.979   159%     -    0s
H    0     0                    -9260.223603 -15367.979  66.0%     -    0s
     0     2 -15367.979    0  139 -9260.2236 -15367.979  66.0%     -    0s
H  105    20                    -10458.53040 -12414.182  18.7%  21.2    0s
*  119    14               6    -11085.69697 -11970.303  7.98%  20.4    0s
H  156     1                    -11208.28818 -11533.988  2.91%  16.9    0s
H  166     0                    -11238.15836 -11454.685  1.93%  16.4    0s

Cutting planes:
  Gomory: 2
  Cover: 77
  Implied bound: 9
  Clique: 1
  MIR: 20
  Flow cover: 21
  Zero half: 12

Explored 186 nodes (4117 simplex iterations) in 0.28 seconds
Thread count was 4 (of 4 available processors)

Solution count 8: -11238.2 -11208.3 -11085.7 ... -1935.65

Optimal solution found (tolerance 1.00e-04)
Best objective -1.123815836097e+04, best bound -1.123815836097e+04, gap 0.0000%

Gurobi 7.5.2 (linux64) logging started Thu Mar 21 00:47:24 2019

Changed value of parameter LogFile to /home/aniket/python_scripts/Plasmids/exp/2019-03-21__iterative_with_questionable/output/sample_11/1.2.1/nplasmids_1/MILP/m.log
   Prev: gurobi.log  Default: 
Changed value of parameter TimeLimit to 2400.0
   Prev: 1e+100  Min: 0.0  Max: 1e+100  Default: 1e+100
Optimize a model with 2516 rows, 732 columns and 9042 nonzeros
Variable types: 196 continuous, 536 integer (276 binary)
Coefficient statistics:
  Matrix range     [6e-02, 1e+06]
  Objective range  [1e-03, 2e+05]
  Bounds range     [1e+00, 1e+00]
  RHS range        [6e-02, 1e+06]
Presolve removed 1990 rows and 437 columns
Presolve time: 0.01s
Presolved: 526 rows, 295 columns, 1773 nonzeros
Variable types: 64 continuous, 231 integer (168 binary)
Found heuristic solution: objective -2290.108612

Root relaxation: objective -2.427238e+04, 462 iterations, 0.01 seconds

    Nodes    |    Current Node    |     Objective Bounds      |     Work
 Expl Unexpl |  Obj  Depth IntInf | Incumbent    BestBd   Gap | It/Node Time

     0     0 -24272.379    0   87 -2290.1086 -24272.379   960%     -    0s
     0     0 -21275.427    0   93 -2290.1086 -21275.427   829%     -    0s
H    0     0                    -4901.986887 -21275.427   334%     -    0s
     0     0 -21019.364    0   94 -4901.9869 -21019.364   329%     -    0s
     0     0 -20717.333    0   95 -4901.9869 -20717.333   323%     -    0s
     0     0 -20716.678    0   97 -4901.9869 -20716.678   323%     -    0s
     0     0 -18921.787    0   93 -4901.9869 -18921.787   286%     -    0s
H    0     0                    -5824.535038 -18921.787   225%     -    0s
     0     0 -18112.814    0   98 -5824.5350 -18112.814   211%     -    0s
     0     0 -17911.722    0   92 -5824.5350 -17911.722   208%     -    0s
     0     0 -17840.682    0   97 -5824.5350 -17840.682   206%     -    0s
     0     0 -17741.703    0   98 -5824.5350 -17741.703   205%     -    0s
     0     0 -17718.125    0   98 -5824.5350 -17718.125   204%     -    0s
     0     0 -17283.028    0  110 -5824.5350 -17283.028   197%     -    0s
     0     0 -17249.836    0  105 -5824.5350 -17249.836   196%     -    0s
     0     0 -17228.726    0  108 -5824.5350 -17228.726   196%     -    0s
     0     0 -17227.980    0  108 -5824.5350 -17227.980   196%     -    0s
     0     0 -16671.471    0   96 -5824.5350 -16671.471   186%     -    0s
     0     0 -16137.045    0  106 -5824.5350 -16137.045   177%     -    0s
     0     0 -16005.868    0  108 -5824.5350 -16005.868   175%     -    0s
     0     0 -15959.453    0  108 -5824.5350 -15959.453   174%     -    0s
     0     0 -15954.866    0  113 -5824.5350 -15954.866   174%     -    0s
     0     0 -15954.866    0  113 -5824.5350 -15954.866   174%     -    0s
     0     0 -15589.202    0   96 -5824.5350 -15589.202   168%     -    0s
     0     0 -15535.318    0   89 -5824.5350 -15535.318   167%     -    0s
     0     0 -15535.179    0   99 -5824.5350 -15535.179   167%     -    0s
     0     0 -15002.152    0   87 -5824.5350 -15002.152   158%     -    0s
H    0     0                    -6662.408532 -15002.152   125%     -    0s
     0     0 -14961.130    0   91 -6662.4085 -14961.130   125%     -    0s
     0     0 -14946.198    0   96 -6662.4085 -14946.198   124%     -    0s
     0     0 -14926.832    0   95 -6662.4085 -14926.832   124%     -    0s
     0     0 -14556.428    0  100 -6662.4085 -14556.428   118%     -    0s
     0     0 -14458.869    0  104 -6662.4085 -14458.869   117%     -    0s
     0     0 -14436.478    0  103 -6662.4085 -14436.478   117%     -    0s
     0     0 -14435.664    0  103 -6662.4085 -14435.664   117%     -    0s
     0     0 -14323.561    0  103 -6662.4085 -14323.561   115%     -    0s
     0     0 -14254.331    0  101 -6662.4085 -14254.331   114%     -    0s
     0     0 -14242.319    0   99 -6662.4085 -14242.319   114%     -    0s
     0     0 -14227.935    0  102 -6662.4085 -14227.935   114%     -    0s
     0     0 -14222.191    0  103 -6662.4085 -14222.191   113%     -    0s
     0     0 -14221.447    0  103 -6662.4085 -14221.447   113%     -    0s
     0     0 -14085.680    0  101 -6662.4085 -14085.680   111%     -    0s
     0     0 -14082.669    0  102 -6662.4085 -14082.669   111%     -    0s
     0     0 -13902.441    0  101 -6662.4085 -13902.441   109%     -    0s
     0     0 -13870.690    0  102 -6662.4085 -13870.690   108%     -    0s
     0     0 -13868.512    0  102 -6662.4085 -13868.512   108%     -    0s
     0     0 -13845.434    0  102 -6662.4085 -13845.434   108%     -    0s
     0     0 -13844.218    0  102 -6662.4085 -13844.218   108%     -    0s
     0     0 -13822.739    0  102 -6662.4085 -13822.739   107%     -    0s
     0     0 -13822.739    0  102 -6662.4085 -13822.739   107%     -    0s
H    0     0                    -7478.874153 -13822.739  84.8%     -    0s
     0     2 -13822.739    0  102 -7478.8742 -13822.739  84.8%     -    0s
H   32    21                    -8449.134027 -12916.558  52.9%  24.2    0s
H   65    23                    -8452.200130 -11406.780  35.0%  21.4    0s
H   76    23                    -9107.380680 -11406.780  25.2%  20.8    0s

Cutting planes:
  Gomory: 3
  Cover: 59
  Implied bound: 3
  Clique: 8
  MIR: 33
  Flow cover: 18
  Zero half: 3

Explored 152 nodes (3700 simplex iterations) in 0.25 seconds
Thread count was 4 (of 4 available processors)

Solution count 8: -9107.38 -8452.2 -8449.13 ... -2290.11

Optimal solution found (tolerance 1.00e-04)
Best objective -9.107380679779e+03, best bound -9.107380679779e+03, gap 0.0000%

Gurobi 7.5.2 (linux64) logging started Thu Mar 21 00:47:24 2019

Changed value of parameter LogFile to /home/aniket/python_scripts/Plasmids/exp/2019-03-21__iterative_with_questionable/output/sample_11/1.2.1/nplasmids_1/MILP/m.log
   Prev: gurobi.log  Default: 
Changed value of parameter TimeLimit to 2400.0
   Prev: 1e+100  Min: 0.0  Max: 1e+100  Default: 1e+100
Optimize a model with 2393 rows, 696 columns and 8406 nonzeros
Variable types: 187 continuous, 509 integer (261 binary)
Coefficient statistics:
  Matrix range     [6e-02, 1e+06]
  Objective range  [1e-03, 2e+05]
  Bounds range     [1e+00, 1e+00]
  RHS range        [6e-02, 1e+06]
Presolve removed 1895 rows and 420 columns
Presolve time: 0.01s
Presolved: 498 rows, 276 columns, 1671 nonzeros
Variable types: 61 continuous, 215 integer (155 binary)
Found heuristic solution: objective -1973.185890

Root relaxation: objective -2.224590e+04, 411 iterations, 0.00 seconds

    Nodes    |    Current Node    |     Objective Bounds      |     Work
 Expl Unexpl |  Obj  Depth IntInf | Incumbent    BestBd   Gap | It/Node Time

     0     0 -22245.905    0   86 -1973.1859 -22245.905  1027%     -    0s
     0     0 -16591.441    0   90 -1973.1859 -16591.441   741%     -    0s
     0     0 -16559.471    0   87 -1973.1859 -16559.471   739%     -    0s
     0     0 -16532.148    0   92 -1973.1859 -16532.148   738%     -    0s
     0     0 -16528.045    0   92 -1973.1859 -16528.045   738%     -    0s
     0     0 -15169.437    0   92 -1973.1859 -15169.437   669%     -    0s
H    0     0                    -4434.426329 -15169.437   242%     -    0s
H    0     0                    -5718.955148 -15169.437   165%     -    0s
     0     0 -14937.867    0   95 -5718.9551 -14937.867   161%     -    0s
     0     0 -14937.452    0   98 -5718.9551 -14937.452   161%     -    0s
     0     0 -14762.336    0   96 -5718.9551 -14762.336   158%     -    0s
     0     0 -14433.849    0   79 -5718.9551 -14433.849   152%     -    0s
     0     0 -14341.873    0   95 -5718.9551 -14341.873   151%     -    0s
     0     0 -14211.048    0   77 -5718.9551 -14211.048   148%     -    0s
     0     0 -14160.023    0   96 -5718.9551 -14160.023   148%     -    0s
     0     0 -14131.272    0   96 -5718.9551 -14131.272   147%     -    0s
     0     0 -14101.250    0  103 -5718.9551 -14101.250   147%     -    0s
     0     0 -14090.297    0  102 -5718.9551 -14090.297   146%     -    0s
     0     0 -14089.964    0  103 -5718.9551 -14089.964   146%     -    0s
     0     0 -13993.513    0   93 -5718.9551 -13993.513   145%     -    0s
     0     0 -13981.882    0   95 -5718.9551 -13981.882   144%     -    0s
     0     0 -13976.916    0   95 -5718.9551 -13976.916   144%     -    0s
     0     0 -13966.723    0   95 -5718.9551 -13966.723   144%     -    0s
     0     0 -13966.723    0   95 -5718.9551 -13966.723   144%     -    0s
     0     0 -13816.058    0   88 -5718.9551 -13816.058   142%     -    0s
     0     0 -13544.163    0   89 -5718.9551 -13544.163   137%     -    0s
     0     0 -13539.705    0  104 -5718.9551 -13539.705   137%     -    0s
     0     0 -13539.169    0   99 -5718.9551 -13539.169   137%     -    0s
     0     0 -13529.642    0   95 -5718.9551 -13529.642   137%     -    0s
     0     0 -13522.417    0   97 -5718.9551 -13522.417   136%     -    0s
     0     0 -13522.417    0   97 -5718.9551 -13522.417   136%     -    0s
     0     0 -13482.634    0   95 -5718.9551 -13482.634   136%     -    0s
     0     0 -13469.844    0   95 -5718.9551 -13469.844   136%     -    0s
     0     0 -13464.537    0   95 -5718.9551 -13464.537   135%     -    0s
     0     0 -13463.758    0   91 -5718.9551 -13463.758   135%     -    0s
     0     0 -13410.128    0   90 -5718.9551 -13410.128   134%     -    0s
     0     0 -13397.345    0  103 -5718.9551 -13397.345   134%     -    0s
     0     0 -13368.905    0  103 -5718.9551 -13368.905   134%     -    0s
     0     0 -13357.167    0  106 -5718.9551 -13357.167   134%     -    0s
     0     0 -13355.027    0  107 -5718.9551 -13355.027   134%     -    0s
     0     0 -13328.095    0   94 -5718.9551 -13328.095   133%     -    0s
     0     0 -13323.437    0   96 -5718.9551 -13323.437   133%     -    0s
     0     0 -13287.049    0  107 -5718.9551 -13287.049   132%     -    0s
     0     0 -13286.169    0  109 -5718.9551 -13286.169   132%     -    0s
     0     0 -13263.518    0   95 -5718.9551 -13263.518   132%     -    0s
     0     0 -13249.418    0   97 -5718.9551 -13249.418   132%     -    0s
     0     0 -13248.538    0   97 -5718.9551 -13248.538   132%     -    0s
     0     0 -13233.976    0   94 -5718.9551 -13233.976   131%     -    0s
     0     0 -13233.976    0   93 -5718.9551 -13233.976   131%     -    0s
H    0     0                    -7080.762388 -13233.976  86.9%     -    0s
     0     2 -13233.976    0   93 -7080.7624 -13233.976  86.9%     -    0s
H   32    13                    -7602.238641 -12668.673  66.6%  21.0    0s
*   33    12              10    -7741.084169 -12668.673  63.7%  21.1    0s

Cutting planes:
  Gomory: 3
  Cover: 51
  Implied bound: 1
  Clique: 5
  MIR: 18
  Flow cover: 6
  Zero half: 3

Explored 59 nodes (2276 simplex iterations) in 0.20 seconds
Thread count was 4 (of 4 available processors)

Solution count 6: -7741.08 -7602.24 -7080.76 ... -1973.19

Optimal solution found (tolerance 1.00e-04)
Best objective -7.741084169151e+03, best bound -7.741084169151e+03, gap 0.0000%

Gurobi 7.5.2 (linux64) logging started Thu Mar 21 00:47:24 2019

Changed value of parameter LogFile to /home/aniket/python_scripts/Plasmids/exp/2019-03-21__iterative_with_questionable/output/sample_11/1.2.1/nplasmids_1/MILP/m.log
   Prev: gurobi.log  Default: 
Changed value of parameter TimeLimit to 2400.0
   Prev: 1e+100  Min: 0.0  Max: 1e+100  Default: 1e+100
Optimize a model with 2352 rows, 684 columns and 8197 nonzeros
Variable types: 184 continuous, 500 integer (256 binary)
Coefficient statistics:
  Matrix range     [6e-02, 1e+06]
  Objective range  [1e-03, 2e+05]
  Bounds range     [1e+00, 1e+00]
  RHS range        [6e-02, 1e+06]
Presolve removed 1864 rows and 415 columns
Presolve time: 0.01s
Presolved: 488 rows, 269 columns, 1629 nonzeros
Variable types: 60 continuous, 209 integer (150 binary)
Found heuristic solution: objective -1973.185890

Root relaxation: objective -1.669330e+04, 373 iterations, 0.00 seconds

    Nodes    |    Current Node    |     Objective Bounds      |     Work
 Expl Unexpl |  Obj  Depth IntInf | Incumbent    BestBd   Gap | It/Node Time

     0     0 -16693.301    0   89 -1973.1859 -16693.301   746%     -    0s
     0     0 -12624.769    0   82 -1973.1859 -12624.769   540%     -    0s
     0     0 -11816.701    0   78 -1973.1859 -11816.701   499%     -    0s
     0     0 -11734.970    0   78 -1973.1859 -11734.970   495%     -    0s
     0     0 -11729.935    0   78 -1973.1859 -11729.935   494%     -    0s
     0     0 -10039.430    0   91 -1973.1859 -10039.430   409%     -    0s
H    0     0                    -3260.652722 -10039.430   208%     -    0s
     0     0 -9861.9393    0   94 -3260.6527 -9861.9393   202%     -    0s
     0     0 -9836.7288    0   93 -3260.6527 -9836.7288   202%     -    0s
     0     0 -9611.0877    0   96 -3260.6527 -9611.0877   195%     -    0s
H    0     0                    -3952.455071 -9611.0877   143%     -    0s
H    0     0                    -5936.722525 -9611.0877  61.9%     -    0s
     0     0 -9516.9545    0   93 -5936.7225 -9516.9545  60.3%     -    0s
     0     0 -9503.5356    0   94 -5936.7225 -9503.5356  60.1%     -    0s
     0     0 -9503.5008    0   94 -5936.7225 -9503.5008  60.1%     -    0s
     0     0 -9431.3466    0   85 -5936.7225 -9431.3466  58.9%     -    0s
     0     0 -9395.5881    0   96 -5936.7225 -9395.5881  58.3%     -    0s
     0     0 -9391.5177    0   97 -5936.7225 -9391.5177  58.2%     -    0s
     0     0 -9391.4334    0   97 -5936.7225 -9391.4334  58.2%     -    0s
     0     0 -9304.0548    0   99 -5936.7225 -9304.0548  56.7%     -    0s
     0     0 -9284.5408    0   97 -5936.7225 -9284.5408  56.4%     -    0s
     0     0 -9283.6194    0   98 -5936.7225 -9283.6194  56.4%     -    0s
     0     0 -9273.0308    0   95 -5936.7225 -9273.0308  56.2%     -    0s
     0     0 -9247.2723    0   90 -5936.7225 -9247.2723  55.8%     -    0s
     0     0 -9169.0554    0   83 -5936.7225 -9169.0554  54.4%     -    0s
     0     0 -9156.8129    0   83 -5936.7225 -9156.8129  54.2%     -    0s
     0     0 -9156.8129    0   83 -5936.7225 -9156.8129  54.2%     -    0s
     0     0 -9100.9948    0   83 -5936.7225 -9100.9948  53.3%     -    0s
     0     0 -9088.0486    0   90 -5936.7225 -9088.0486  53.1%     -    0s
     0     0 -9081.2341    0   92 -5936.7225 -9081.2341  53.0%     -    0s
     0     0 -9078.4952    0   92 -5936.7225 -9078.4952  52.9%     -    0s
     0     0 -9046.6141    0   92 -5936.7225 -9046.6141  52.4%     -    0s
     0     0 -9046.5135    0   88 -5936.7225 -9046.5135  52.4%     -    0s
     0     0 -9043.0757    0   91 -5936.7225 -9043.0757  52.3%     -    0s
     0     0 -9039.9149    0   98 -5936.7225 -9039.9149  52.3%     -    0s
     0     0 -9038.0778    0  107 -5936.7225 -9038.0778  52.2%     -    0s
     0     0 -9038.0778    0  107 -5936.7225 -9038.0778  52.2%     -    0s
H    0     0                    -6264.636121 -9038.0778  44.3%     -    0s
     0     2 -9038.0778    0  107 -6264.6361 -9038.0778  44.3%     -    0s
*   16     5               9    -6760.925666 -8428.5101  24.7%  23.4    0s

Cutting planes:
  Gomory: 1
  Cover: 46
  Implied bound: 3
  Clique: 4
  MIR: 20
  Flow cover: 8
  Zero half: 1

Explored 26 nodes (1520 simplex iterations) in 0.16 seconds
Thread count was 4 (of 4 available processors)

Solution count 6: -6760.93 -6264.64 -5936.72 ... -1973.19

Optimal solution found (tolerance 1.00e-04)
Best objective -6.760925665528e+03, best bound -6.760925665528e+03, gap 0.0000%

Gurobi 7.5.2 (linux64) logging started Thu Mar 21 00:47:24 2019

Changed value of parameter LogFile to /home/aniket/python_scripts/Plasmids/exp/2019-03-21__iterative_with_questionable/output/sample_11/1.2.1/nplasmids_1/MILP/m.log
   Prev: gurobi.log  Default: 
Changed value of parameter TimeLimit to 2400.0
   Prev: 1e+100  Min: 0.0  Max: 1e+100  Default: 1e+100
Optimize a model with 2312 rows, 673 columns and 7994 nonzeros
Variable types: 181 continuous, 492 integer (252 binary)
Coefficient statistics:
  Matrix range     [6e-02, 1e+06]
  Objective range  [1e-03, 2e+05]
  Bounds range     [1e+00, 1e+00]
  RHS range        [6e-02, 1e+06]
Presolve removed 1838 rows and 410 columns
Presolve time: 0.01s
Presolved: 474 rows, 263 columns, 1582 nonzeros
Variable types: 58 continuous, 205 integer (148 binary)
Found heuristic solution: objective -2738.301269

Root relaxation: objective -1.550192e+04, 356 iterations, 0.00 seconds

    Nodes    |    Current Node    |     Objective Bounds      |     Work
 Expl Unexpl |  Obj  Depth IntInf | Incumbent    BestBd   Gap | It/Node Time

     0     0 -15501.918    0   86 -2738.3013 -15501.918   466%     -    0s
     0     0 -11596.540    0   71 -2738.3013 -11596.540   323%     -    0s
     0     0 -11383.493    0   67 -2738.3013 -11383.493   316%     -    0s
     0     0 -11383.451    0   65 -2738.3013 -11383.451   316%     -    0s
     0     0 -9708.9113    0   88 -2738.3013 -9708.9113   255%     -    0s
     0     0 -9696.0279    0   87 -2738.3013 -9696.0279   254%     -    0s
     0     0 -9694.7474    0   87 -2738.3013 -9694.7474   254%     -    0s
     0     0 -9515.8267    0   87 -2738.3013 -9515.8267   248%     -    0s
     0     0 -9503.1185    0   84 -2738.3013 -9503.1185   247%     -    0s
     0     0 -9501.2387    0   89 -2738.3013 -9501.2387   247%     -    0s
     0     0 -9410.6436    0   95 -2738.3013 -9410.6436   244%     -    0s
     0     0 -9381.5778    0  100 -2738.3013 -9381.5778   243%     -    0s
     0     0 -9379.5492    0  103 -2738.3013 -9379.5492   243%     -    0s
     0     0 -9378.4705    0  101 -2738.3013 -9378.4705   242%     -    0s
H    0     0                    -3254.071989 -9378.4705   188%     -    0s
     0     0 -9372.8863    0  101 -3254.0720 -9372.8863   188%     -    0s
     0     0 -9372.8038    0  101 -3254.0720 -9372.8038   188%     -    0s
     0     0 -9356.6836    0  102 -3254.0720 -9356.6836   188%     -    0s
     0     0 -9344.7704    0  102 -3254.0720 -9344.7704   187%     -    0s
     0     0 -9338.2620    0  101 -3254.0720 -9338.2620   187%     -    0s
     0     0 -9324.9287    0   99 -3254.0720 -9324.9287   187%     -    0s
     0     0 -9324.6959    0   99 -3254.0720 -9324.6959   187%     -    0s
     0     0 -9166.6266    0   93 -3254.0720 -9166.6266   182%     -    0s
H    0     0                    -4352.637412 -9166.6266   111%     -    0s
     0     0 -9107.3840    0   86 -4352.6374 -9107.3840   109%     -    0s
     0     0 -9048.1443    0   96 -4352.6374 -9048.1443   108%     -    0s
     0     0 -9039.1977    0  102 -4352.6374 -9039.1977   108%     -    0s
     0     0 -9033.1949    0   94 -4352.6374 -9033.1949   108%     -    0s
     0     0 -9032.9041    0  101 -4352.6374 -9032.9041   108%     -    0s
     0     0 -9005.1228    0  100 -4352.6374 -9005.1228   107%     -    0s
     0     0 -8983.5561    0   79 -4352.6374 -8983.5561   106%     -    0s
     0     0 -8979.8406    0   89 -4352.6374 -8979.8406   106%     -    0s
     0     0 -8977.7125    0   79 -4352.6374 -8977.7125   106%     -    0s
     0     0 -8963.7973    0  100 -4352.6374 -8963.7973   106%     -    0s
H    0     0                    -4362.061969 -8963.7973   105%     -    0s
     0     0 -8960.4005    0   98 -4362.0620 -8960.4005   105%     -    0s
     0     0 -8960.2557    0   98 -4362.0620 -8960.2557   105%     -    0s
     0     0 -8956.2168    0  100 -4362.0620 -8956.2168   105%     -    0s
     0     2 -8956.2168    0  100 -4362.0620 -8956.2168   105%     -    0s
*   24    18              11    -4811.296900 -8332.2580  73.2%  20.4    0s
*   51    17               5    -5022.126932 -6629.1119  32.0%  19.9    0s
*   95    16              11    -5251.210223 -5669.7950  7.97%  17.5    0s
*   96    16              11    -5257.411295 -5669.7950  7.84%  17.3    0s
H  109    16                    -5278.171548 -5609.4578  6.28%  16.9    0s

Cutting planes:
  Gomory: 6
  Cover: 49
  Implied bound: 15
  Clique: 3
  MIR: 46
  Flow cover: 50
  Zero half: 4

Explored 132 nodes (3088 simplex iterations) in 0.18 seconds
Thread count was 4 (of 4 available processors)

Solution count 9: -5278.17 -5257.41 -5251.21 ... -2738.3

Optimal solution found (tolerance 1.00e-04)
Best objective -5.278171548108e+03, best bound -5.278171548108e+03, gap 0.0000%

Gurobi 7.5.2 (linux64) logging started Thu Mar 21 00:47:24 2019

Changed value of parameter LogFile to /home/aniket/python_scripts/Plasmids/exp/2019-03-21__iterative_with_questionable/output/sample_11/1.2.1/nplasmids_1/MILP/m.log
   Prev: gurobi.log  Default: 
Changed value of parameter TimeLimit to 2400.0
   Prev: 1e+100  Min: 0.0  Max: 1e+100  Default: 1e+100
Optimize a model with 2230 rows, 649 columns and 7588 nonzeros
Variable types: 175 continuous, 474 integer (242 binary)
Coefficient statistics:
  Matrix range     [5e-02, 1e+06]
  Objective range  [1e-03, 2e+05]
  Bounds range     [1e+00, 1e+00]
  RHS range        [5e-02, 1e+06]
Presolve removed 1785 rows and 401 columns
Presolve time: 0.01s
Presolved: 445 rows, 248 columns, 1492 nonzeros
Variable types: 54 continuous, 194 integer (141 binary)
Found heuristic solution: objective -2738.301269

Root relaxation: objective -1.404741e+04, 323 iterations, 0.00 seconds

    Nodes    |    Current Node    |     Objective Bounds      |     Work
 Expl Unexpl |  Obj  Depth IntInf | Incumbent    BestBd   Gap | It/Node Time

     0     0 -14047.407    0   77 -2738.3013 -14047.407   413%     -    0s
     0     0 -10450.613    0   70 -2738.3013 -10450.613   282%     -    0s
     0     0 -10223.520    0   74 -2738.3013 -10223.520   273%     -    0s
     0     0 -10204.017    0   72 -2738.3013 -10204.017   273%     -    0s
     0     0 -8647.7121    0   67 -2738.3013 -8647.7121   216%     -    0s
     0     0 -8623.8138    0   70 -2738.3013 -8623.8138   215%     -    0s
     0     0 -8608.4186    0   63 -2738.3013 -8608.4186   214%     -    0s
     0     0 -8608.4186    0   63 -2738.3013 -8608.4186   214%     -    0s
     0     0 -8488.6870    0   86 -2738.3013 -8488.6870   210%     -    0s
     0     0 -8478.2786    0   78 -2738.3013 -8478.2786   210%     -    0s
     0     0 -8472.9612    0   71 -2738.3013 -8472.9612   209%     -    0s
     0     0 -8472.6720    0   71 -2738.3013 -8472.6720   209%     -    0s
     0     0 -8451.3694    0   90 -2738.3013 -8451.3694   209%     -    0s
H    0     0                    -2743.171822 -8451.3694   208%     -    0s
     0     0 -8424.2371    0   92 -2743.1718 -8424.2371   207%     -    0s
     0     0 -8422.8763    0   92 -2743.1718 -8422.8763   207%     -    0s
     0     0 -8074.5896    0   79 -2743.1718 -8074.5896   194%     -    0s
     0     0 -8056.1374    0   94 -2743.1718 -8056.1374   194%     -    0s
     0     0 -8048.0270    0   79 -2743.1718 -8048.0270   193%     -    0s
     0     0 -8047.8466    0   81 -2743.1718 -8047.8466   193%     -    0s
     0     0 -8032.9594    0   91 -2743.1718 -8032.9594   193%     -    0s
     0     0 -8032.3234    0   98 -2743.1718 -8032.3234   193%     -    0s
     0     0 -8019.9955    0   89 -2743.1718 -8019.9955   192%     -    0s
     0     0 -8014.9867    0   94 -2743.1718 -8014.9867   192%     -    0s
     0     0 -8013.3899    0   97 -2743.1718 -8013.3899   192%     -    0s
     0     0 -8005.0563    0   86 -2743.1718 -8005.0563   192%     -    0s
     0     2 -8005.0563    0   86 -2743.1718 -8005.0563   192%     -    0s
H   29    23                    -3225.003186 -7883.0157   144%  17.3    0s
H   32    18                    -3922.355603 -7883.0157   101%  16.3    0s
*   33    10              14    -4928.491775 -7883.0157  59.9%  16.9    0s

Cutting planes:
  Gomory: 7
  Cover: 41
  Implied bound: 1
  Clique: 4
  MIR: 30
  Flow cover: 25
  Zero half: 6

Explored 49 nodes (1556 simplex iterations) in 0.12 seconds
Thread count was 4 (of 4 available processors)

Solution count 5: -4928.49 -3922.36 -3225 ... -2738.3

Optimal solution found (tolerance 1.00e-04)
Best objective -4.928491775376e+03, best bound -4.928491775376e+03, gap 0.0000%

Gurobi 7.5.2 (linux64) logging started Thu Mar 21 00:47:25 2019

Changed value of parameter LogFile to /home/aniket/python_scripts/Plasmids/exp/2019-03-21__iterative_with_questionable/output/sample_11/1.2.1/nplasmids_1/MILP/m.log
   Prev: gurobi.log  Default: 
Changed value of parameter TimeLimit to 2400.0
   Prev: 1e+100  Min: 0.0  Max: 1e+100  Default: 1e+100
Optimize a model with 2148 rows, 625 columns and 7189 nonzeros
Variable types: 169 continuous, 456 integer (232 binary)
Coefficient statistics:
  Matrix range     [5e-02, 1e+06]
  Objective range  [1e-03, 2e+05]
  Bounds range     [1e+00, 1e+00]
  RHS range        [5e-02, 1e+06]
Presolve removed 1722 rows and 390 columns
Presolve time: 0.01s
Presolved: 426 rows, 235 columns, 1420 nonzeros
Variable types: 52 continuous, 183 integer (132 binary)
Found heuristic solution: objective -2738.301269

Root relaxation: objective -9.002824e+03, 319 iterations, 0.00 seconds

    Nodes    |    Current Node    |     Objective Bounds      |     Work
 Expl Unexpl |  Obj  Depth IntInf | Incumbent    BestBd   Gap | It/Node Time

     0     0 -9002.8244    0   73 -2738.3013 -9002.8244   229%     -    0s
     0     0 -5731.5510    0   74 -2738.3013 -5731.5510   109%     -    0s
     0     0 -5668.2659    0   63 -2738.3013 -5668.2659   107%     -    0s
     0     0 -5666.3553    0   63 -2738.3013 -5666.3553   107%     -    0s
     0     0 -5217.5330    0   66 -2738.3013 -5217.5330  90.5%     -    0s
     0     0 -4908.1040    0   75 -2738.3013 -4908.1040  79.2%     -    0s
     0     0 -4872.9598    0   75 -2738.3013 -4872.9598  78.0%     -    0s
     0     0 -4839.5656    0   69 -2738.3013 -4839.5656  76.7%     -    0s
     0     0 -4838.8463    0   72 -2738.3013 -4838.8463  76.7%     -    0s
     0     0 -4735.8795    0   80 -2738.3013 -4735.8795  72.9%     -    0s
     0     0 -4722.3103    0   80 -2738.3013 -4722.3103  72.5%     -    0s
     0     0 -4680.2607    0   78 -2738.3013 -4680.2607  70.9%     -    0s
     0     0 -4676.8935    0   78 -2738.3013 -4676.8935  70.8%     -    0s
     0     0 -4672.1114    0   80 -2738.3013 -4672.1114  70.6%     -    0s
     0     0 -4671.8750    0   78 -2738.3013 -4671.8750  70.6%     -    0s
     0     0 -4614.4143    0   90 -2738.3013 -4614.4143  68.5%     -    0s
     0     0 -4508.7319    0   75 -2738.3013 -4508.7319  64.7%     -    0s
     0     0 -4476.4038    0   72 -2738.3013 -4476.4038  63.5%     -    0s
     0     0 -4467.6304    0   78 -2738.3013 -4467.6304  63.2%     -    0s
     0     0 -4467.3095    0   82 -2738.3013 -4467.3095  63.1%     -    0s
     0     0 -4371.6281    0   74 -2738.3013 -4371.6281  59.6%     -    0s
     0     0 -4323.5794    0   78 -2738.3013 -4323.5794  57.9%     -    0s
     0     0 -4321.7894    0   80 -2738.3013 -4321.7894  57.8%     -    0s
     0     0 -4265.2169    0   83 -2738.3013 -4265.2169  55.8%     -    0s
H    0     0                    -2781.755382 -4265.2169  53.3%     -    0s
     0     0 -4250.9879    0   73 -2781.7554 -4250.9879  52.8%     -    0s
     0     0 -4247.8237    0   73 -2781.7554 -4247.8237  52.7%     -    0s
     0     0 -4239.8565    0   83 -2781.7554 -4239.8565  52.4%     -    0s
     0     0 -4238.9609    0   71 -2781.7554 -4238.9609  52.4%     -    0s
     0     0 -4237.2474    0   74 -2781.7554 -4237.2474  52.3%     -    0s
     0     0 -4236.4434    0   77 -2781.7554 -4236.4434  52.3%     -    0s
     0     0 -4230.3903    0   74 -2781.7554 -4230.3903  52.1%     -    0s
     0     0 -4228.4893    0   83 -2781.7554 -4228.4893  52.0%     -    0s
     0     0 -4227.6154    0   83 -2781.7554 -4227.6154  52.0%     -    0s
     0     2 -4227.6154    0   83 -2781.7554 -4227.6154  52.0%     -    0s
*   17     9               6    -2811.814047 -3938.5248  40.1%  26.2    0s
*   27     9               5    -3234.204711 -3877.7369  19.9%  25.9    0s

Cutting planes:
  Gomory: 7
  Cover: 43
  Implied bound: 2
  Clique: 3
  MIR: 22
  Flow cover: 20
  Zero half: 3

Explored 38 nodes (1790 simplex iterations) in 0.13 seconds
Thread count was 4 (of 4 available processors)

Solution count 4: -3234.2 -2811.81 -2781.76 -2738.3 

Optimal solution found (tolerance 1.00e-04)
Best objective -3.234204710705e+03, best bound -3.234204710705e+03, gap 0.0000%

Gurobi 7.5.2 (linux64) logging started Thu Mar 21 00:47:25 2019

Changed value of parameter LogFile to /home/aniket/python_scripts/Plasmids/exp/2019-03-21__iterative_with_questionable/output/sample_11/1.2.1/nplasmids_1/MILP/m.log
   Prev: gurobi.log  Default: 
Changed value of parameter TimeLimit to 2400.0
   Prev: 1e+100  Min: 0.0  Max: 1e+100  Default: 1e+100
Optimize a model with 2109 rows, 613 columns and 7001 nonzeros
Variable types: 166 continuous, 447 integer (227 binary)
Coefficient statistics:
  Matrix range     [5e-02, 1e+06]
  Objective range  [1e-03, 2e+05]
  Bounds range     [1e+00, 1e+00]
  RHS range        [5e-02, 1e+06]
Presolve removed 1713 rows and 384 columns
Presolve time: 0.01s
Presolved: 396 rows, 229 columns, 1299 nonzeros
Variable types: 51 continuous, 178 integer (128 binary)
Found heuristic solution: objective -1462.724015

Root relaxation: objective -5.261082e+03, 336 iterations, 0.00 seconds

    Nodes    |    Current Node    |     Objective Bounds      |     Work
 Expl Unexpl |  Obj  Depth IntInf | Incumbent    BestBd   Gap | It/Node Time

     0     0 -5261.0823    0   55 -1462.7240 -5261.0823   260%     -    0s
     0     0 -4250.1335    0   59 -1462.7240 -4250.1335   191%     -    0s
     0     0 -4199.5758    0   57 -1462.7240 -4199.5758   187%     -    0s
     0     0 -4191.8296    0   57 -1462.7240 -4191.8296   187%     -    0s
     0     0 -4021.7765    0   66 -1462.7240 -4021.7765   175%     -    0s
     0     0 -3990.5100    0   73 -1462.7240 -3990.5100   173%     -    0s
     0     0 -3959.6529    0   78 -1462.7240 -3959.6529   171%     -    0s
     0     0 -3957.6882    0   78 -1462.7240 -3957.6882   171%     -    0s
     0     0 -3957.5914    0   78 -1462.7240 -3957.5914   171%     -    0s
     0     0 -3816.7901    0   82 -1462.7240 -3816.7901   161%     -    0s
     0     0 -3793.9275    0   83 -1462.7240 -3793.9275   159%     -    0s
     0     0 -3791.0271    0   82 -1462.7240 -3791.0271   159%     -    0s
     0     0 -3788.9011    0   81 -1462.7240 -3788.9011   159%     -    0s
     0     0 -3788.6796    0   82 -1462.7240 -3788.6796   159%     -    0s
     0     0 -3738.4239    0   61 -1462.7240 -3738.4239   156%     -    0s
     0     0 -3727.5624    0   63 -1462.7240 -3727.5624   155%     -    0s
     0     0 -3720.4212    0   68 -1462.7240 -3720.4212   154%     -    0s
     0     0 -3719.4795    0   70 -1462.7240 -3719.4795   154%     -    0s
     0     0 -3718.4787    0   74 -1462.7240 -3718.4787   154%     -    0s
     0     0 -3717.8339    0   74 -1462.7240 -3717.8339   154%     -    0s
     0     0 -3717.3743    0   74 -1462.7240 -3717.3743   154%     -    0s
     0     0 -3698.9917    0   70 -1462.7240 -3698.9917   153%     -    0s
     0     0 -3686.4029    0   46 -1462.7240 -3686.4029   152%     -    0s
     0     0 -3685.4029    0   54 -1462.7240 -3685.4029   152%     -    0s
     0     0 -3683.9822    0   68 -1462.7240 -3683.9822   152%     -    0s
     0     0 -3683.9308    0   68 -1462.7240 -3683.9308   152%     -    0s
     0     0 -3674.7635    0   79 -1462.7240 -3674.7635   151%     -    0s
     0     0 -3668.5603    0   81 -1462.7240 -3668.5603   151%     -    0s
     0     0 -3668.1610    0   81 -1462.7240 -3668.1610   151%     -    0s
     0     0 -3668.0106    0   83 -1462.7240 -3668.0106   151%     -    0s
     0     0 -3665.5498    0   82 -1462.7240 -3665.5498   151%     -    0s
     0     0 -3665.0606    0   82 -1462.7240 -3665.0606   151%     -    0s
     0     0 -3653.7932    0   70 -1462.7240 -3653.7932   150%     -    0s
     0     0 -3653.3200    0   70 -1462.7240 -3653.3200   150%     -    0s
     0     0 -3649.5065    0   77 -1462.7240 -3649.5065   150%     -    0s
     0     0 -3649.5065    0   76 -1462.7240 -3649.5065   150%     -    0s
H    0     0                    -1473.371082 -3649.5065   148%     -    0s
     0     2 -3649.5065    0   76 -1473.3711 -3649.5065   148%     -    0s
*   13    10               6    -2994.652824 -3479.6146  16.2%  30.0    0s
*   18     2               7    -3004.167829 -3099.2741  3.17%  24.4    0s
*   22     0               5    -3068.804050 -3068.8040  0.00%  21.4    0s

Cutting planes:
  Gomory: 5
  Cover: 33
  Implied bound: 4
  Clique: 5
  MIR: 21
  Flow cover: 17
  Zero half: 3

Explored 23 nodes (1263 simplex iterations) in 0.12 seconds
Thread count was 4 (of 4 available processors)

Solution count 5: -3068.8 -3004.17 -2994.65 ... -1462.72

Optimal solution found (tolerance 1.00e-04)
Best objective -3.068804049623e+03, best bound -3.068804049623e+03, gap 0.0000%

Gurobi 7.5.2 (linux64) logging started Thu Mar 21 00:47:25 2019

Changed value of parameter LogFile to /home/aniket/python_scripts/Plasmids/exp/2019-03-21__iterative_with_questionable/output/sample_11/1.2.1/nplasmids_1/MILP/m.log
   Prev: gurobi.log  Default: 
Changed value of parameter TimeLimit to 2400.0
   Prev: 1e+100  Min: 0.0  Max: 1e+100  Default: 1e+100
Optimize a model with 2029 rows, 589 columns and 6623 nonzeros
Variable types: 160 continuous, 429 integer (217 binary)
Coefficient statistics:
  Matrix range     [5e-02, 1e+06]
  Objective range  [1e-03, 2e+05]
  Bounds range     [1e+00, 1e+00]
  RHS range        [5e-02, 1e+06]
Presolve removed 1691 rows and 392 columns
Presolve time: 0.01s
Presolved: 338 rows, 197 columns, 1088 nonzeros
Variable types: 45 continuous, 152 integer (108 binary)
Found heuristic solution: objective -2018.634003

Root relaxation: objective -2.965981e+03, 275 iterations, 0.00 seconds

    Nodes    |    Current Node    |     Objective Bounds      |     Work
 Expl Unexpl |  Obj  Depth IntInf | Incumbent    BestBd   Gap | It/Node Time

     0     0 -2965.9810    0   59 -2018.6340 -2965.9810  46.9%     -    0s
     0     0 -2685.1858    0   60 -2018.6340 -2685.1858  33.0%     -    0s
     0     0 -2676.7794    0   69 -2018.6340 -2676.7794  32.6%     -    0s
     0     0 -2670.7785    0   69 -2018.6340 -2670.7785  32.3%     -    0s
     0     0 -2638.1473    0   66 -2018.6340 -2638.1473  30.7%     -    0s
     0     0 -2514.7922    0   61 -2018.6340 -2514.7922  24.6%     -    0s
     0     0 -2485.6337    0   58 -2018.6340 -2485.6337  23.1%     -    0s
     0     0 -2483.9388    0   55 -2018.6340 -2483.9388  23.1%     -    0s
     0     0 -2466.7903    0   59 -2018.6340 -2466.7903  22.2%     -    0s
     0     0 -2466.3347    0   63 -2018.6340 -2466.3347  22.2%     -    0s
     0     0 -2464.9633    0   59 -2018.6340 -2464.9633  22.1%     -    0s
     0     0 -2463.3279    0   63 -2018.6340 -2463.3279  22.0%     -    0s
     0     0 -2463.2236    0   63 -2018.6340 -2463.2236  22.0%     -    0s
     0     0 -2454.7361    0   55 -2018.6340 -2454.7361  21.6%     -    0s
     0     0 -2443.8036    0   57 -2018.6340 -2443.8036  21.1%     -    0s
     0     0 -2419.6535    0   64 -2018.6340 -2419.6535  19.9%     -    0s
     0     0 -2418.5905    0   64 -2018.6340 -2418.5905  19.8%     -    0s
     0     0 -2382.4141    0   63 -2018.6340 -2382.4141  18.0%     -    0s
     0     0 -2379.5348    0   65 -2018.6340 -2379.5348  17.9%     -    0s
     0     0 -2379.3460    0   65 -2018.6340 -2379.3460  17.9%     -    0s
     0     0 -2373.4179    0   62 -2018.6340 -2373.4179  17.6%     -    0s
     0     0 -2371.0776    0   66 -2018.6340 -2371.0776  17.5%     -    0s
     0     0 -2369.7609    0   62 -2018.6340 -2369.7609  17.4%     -    0s
     0     0 -2369.2324    0   62 -2018.6340 -2369.2324  17.4%     -    0s
     0     0 -2367.4068    0   64 -2018.6340 -2367.4068  17.3%     -    0s
     0     0 -2361.1413    0   62 -2018.6340 -2361.1413  17.0%     -    0s
     0     0 -2359.8232    0   66 -2018.6340 -2359.8232  16.9%     -    0s
     0     0 -2359.6675    0   66 -2018.6340 -2359.6675  16.9%     -    0s
     0     0 -2359.6311    0   65 -2018.6340 -2359.6311  16.9%     -    0s
     0     0 -2359.6311    0   65 -2018.6340 -2359.6311  16.9%     -    0s
     0     0 -2359.1619    0   65 -2018.6340 -2359.1619  16.9%     -    0s
H    0     0                    -2021.076264 -2359.1619  16.7%     -    0s
     0     0 -2359.1619    0   36 -2021.0763 -2359.1619  16.7%     -    0s
     0     0 -2359.1619    0   35 -2021.0763 -2359.1619  16.7%     -    0s
     0     0 -2348.8084    0   34 -2021.0763 -2348.8084  16.2%     -    0s
     0     0 -2348.2335    0   34 -2021.0763 -2348.2335  16.2%     -    0s
     0     0 -2348.0590    0   34 -2021.0763 -2348.0590  16.2%     -    0s
     0     0 -2337.2356    0   34 -2021.0763 -2337.2356  15.6%     -    0s
     0     0 -2336.8630    0   34 -2021.0763 -2336.8630  15.6%     -    0s
     0     0 -2336.7987    0   34 -2021.0763 -2336.7987  15.6%     -    0s
*    0     0               0    -2218.417418 -2218.4174  0.00%     -    0s

Cutting planes:
  Gomory: 1
  MIR: 7
  Flow cover: 6

Explored 1 nodes (961 simplex iterations) in 0.11 seconds
Thread count was 4 (of 4 available processors)

Solution count 3: -2218.42 -2021.08 -2018.63 

Optimal solution found (tolerance 1.00e-04)
Best objective -2.218417418430e+03, best bound -2.218417418430e+03, gap 0.0000%
