
Gurobi 7.5.2 (linux64) logging started Thu Mar 21 00:34:08 2019

Changed value of parameter LogFile to /home/aniket/python_scripts/Plasmids/exp/2019-03-21__iterative_with_questionable/output/sample_23/1.5.1/nplasmids_1/MILP/m.log
   Prev: gurobi.log  Default: 
Changed value of parameter TimeLimit to 2400.0
   Prev: 1e+100  Min: 0.0  Max: 1e+100  Default: 1e+100
Optimize a model with 8577 rows, 2497 columns and 64072 nonzeros
Variable types: 652 continuous, 1845 integer (977 binary)
Coefficient statistics:
  Matrix range     [6e-02, 1e+06]
  Objective range  [4e-04, 3e+05]
  Bounds range     [1e+00, 1e+00]
  RHS range        [4e-01, 1e+06]
Presolve removed 6747 rows and 1424 columns
Presolve time: 0.05s
Presolved: 1830 rows, 1073 columns, 6466 nonzeros
Variable types: 214 continuous, 859 integer (646 binary)
Found heuristic solution: objective -11547.44665

Root relaxation: objective -5.009750e+05, 1005 iterations, 0.02 seconds

    Nodes    |    Current Node    |     Objective Bounds      |     Work
 Expl Unexpl |  Obj  Depth IntInf | Incumbent    BestBd   Gap | It/Node Time

     0     0 -500974.98    0  113 -11547.447 -500974.98  4238%     -    0s
     0     0 -428447.36    0  132 -11547.447 -428447.36  3610%     -    0s
     0     0 -427124.02    0  137 -11547.447 -427124.02  3599%     -    0s
     0     0 -427104.18    0  139 -11547.447 -427104.18  3599%     -    0s
     0     0 -367253.72    0  150 -11547.447 -367253.72  3080%     -    0s
H    0     0                    -37832.70105 -367253.72   871%     -    0s
     0     0 -350711.21    0  169 -37832.701 -350711.21   827%     -    0s
     0     0 -349903.37    0  174 -37832.701 -349903.37   825%     -    0s
     0     0 -349880.78    0  182 -37832.701 -349880.78   825%     -    0s
     0     0 -338900.33    0  186 -37832.701 -338900.33   796%     -    0s
     0     0 -328059.36    0  188 -37832.701 -328059.36   767%     -    0s
     0     0 -325347.47    0  179 -37832.701 -325347.47   760%     -    0s
     0     0 -325127.78    0  180 -37832.701 -325127.78   759%     -    0s
     0     0 -325124.99    0  180 -37832.701 -325124.99   759%     -    0s
     0     0 -313880.60    0  191 -37832.701 -313880.60   730%     -    0s
     0     0 -313281.83    0  190 -37832.701 -313281.83   728%     -    0s
     0     0 -312960.05    0  196 -37832.701 -312960.05   727%     -    0s
     0     0 -312776.68    0  201 -37832.701 -312776.68   727%     -    0s
     0     0 -312695.34    0  197 -37832.701 -312695.34   727%     -    0s
     0     0 -312666.67    0  197 -37832.701 -312666.67   726%     -    0s
     0     0 -310013.77    0  206 -37832.701 -310013.77   719%     -    0s
     0     0 -309775.91    0  206 -37832.701 -309775.91   719%     -    0s
     0     0 -309642.98    0  198 -37832.701 -309642.98   718%     -    0s
     0     0 -309579.96    0  202 -37832.701 -309579.96   718%     -    0s
     0     0 -309543.80    0  203 -37832.701 -309543.80   718%     -    0s
     0     0 -303959.04    0  211 -37832.701 -303959.04   703%     -    0s
     0     0 -303510.04    0  209 -37832.701 -303510.04   702%     -    0s
     0     0 -303326.83    0  212 -37832.701 -303326.83   702%     -    0s
     0     0 -303322.01    0  220 -37832.701 -303322.01   702%     -    0s
     0     0 -301939.83    0  216 -37832.701 -301939.83   698%     -    0s
     0     0 -301250.91    0  178 -37832.701 -301250.91   696%     -    0s
     0     0 -300951.11    0  189 -37832.701 -300951.11   695%     -    0s
     0     0 -300914.73    0  172 -37832.701 -300914.73   695%     -    0s
     0     0 -300184.32    0  226 -37832.701 -300184.32   693%     -    0s
     0     0 -300123.53    0  229 -37832.701 -300123.53   693%     -    0s
     0     0 -300003.40    0  220 -37832.701 -300003.40   693%     -    0s
     0     0 -299893.55    0  224 -37832.701 -299893.55   693%     -    0s
     0     0 -299882.36    0  224 -37832.701 -299882.36   693%     -    0s
     0     0 -299534.24    0  226 -37832.701 -299534.24   692%     -    0s
H    0     0                    -72522.80553 -299534.24   313%     -    0s
     0     0 -299496.99    0  226 -72522.806 -299496.99   313%     -    0s
     0     0 -299234.69    0  244 -72522.806 -299234.69   313%     -    0s
H    0     0                    -187402.1455 -299234.69  59.7%     -    0s
     0     0 -299136.52    0  244 -187402.15 -299136.52  59.6%     -    0s
     0     0 -299056.95    0  250 -187402.15 -299056.95  59.6%     -    0s
     0     0 -299056.64    0  240 -187402.15 -299056.64  59.6%     -    0s
     0     0 -298353.87    0  230 -187402.15 -298353.87  59.2%     -    0s
     0     0 -298305.27    0  227 -187402.15 -298305.27  59.2%     -    0s
     0     0 -298146.87    0  237 -187402.15 -298146.87  59.1%     -    0s
H    0     0                    -190594.2559 -298146.87  56.4%     -    0s
     0     0 -298094.01    0  223 -190594.26 -298094.01  56.4%     -    0s
     0     0 -297096.36    0  205 -190594.26 -297096.36  55.9%     -    0s
H    0     0                    -260154.9167 -297096.36  14.2%     -    0s
     0     0 -296862.14    0  219 -260154.92 -296862.14  14.1%     -    0s
     0     0 -296817.82    0  249 -260154.92 -296817.82  14.1%     -    0s
     0     0 -296534.71    0  241 -260154.92 -296534.71  14.0%     -    0s
H    0     0                    -260819.9697 -296534.71  13.7%     -    0s
     0     0 -296422.19    0  243 -260819.97 -296422.19  13.7%     -    0s
     0     0 -296379.54    0  258 -260819.97 -296379.54  13.6%     -    0s
     0     0 -295809.54    0  229 -260819.97 -295809.54  13.4%     -    0s
     0     0 -295809.54    0  129 -260819.97 -295809.54  13.4%     -    0s
     0     0 -295809.54    0  121 -260819.97 -295809.54  13.4%     -    0s
     0     0 -295809.54    0  121 -260819.97 -295809.54  13.4%     -    0s
     0     0 -295809.54    0  151 -260819.97 -295809.54  13.4%     -    0s
     0     0 -295809.54    0  157 -260819.97 -295809.54  13.4%     -    0s
     0     0 -295721.94    0  152 -260819.97 -295721.94  13.4%     -    0s
     0     0 -295692.49    0  156 -260819.97 -295692.49  13.4%     -    0s
     0     0 -295630.36    0  157 -260819.97 -295630.36  13.3%     -    0s
     0     0 -295592.05    0  158 -260819.97 -295592.05  13.3%     -    0s
     0     0 -295437.23    0  152 -260819.97 -295437.23  13.3%     -    0s
     0     0 -295426.39    0  161 -260819.97 -295426.39  13.3%     -    0s
     0     0 -295203.22    0  160 -260819.97 -295203.22  13.2%     -    0s
     0     0 -295123.11    0  160 -260819.97 -295123.11  13.2%     -    0s
     0     0 -295101.36    0  161 -260819.97 -295101.36  13.1%     -    0s
     0     0 -295101.29    0  164 -260819.97 -295101.29  13.1%     -    0s
     0     0 -295080.82    0  155 -260819.97 -295080.82  13.1%     -    0s
     0     0 -295059.05    0  152 -260819.97 -295059.05  13.1%     -    1s
     0     0 -295059.05    0  152 -260819.97 -295059.05  13.1%     -    1s
     0     0 -294768.31    0  148 -260819.97 -294768.31  13.0%     -    1s
     0     0 -294185.17    0  148 -260819.97 -294185.17  12.8%     -    1s
     0     0 -294185.17    0  148 -260819.97 -294185.17  12.8%     -    1s
     0     0 -294178.73    0  147 -260819.97 -294178.73  12.8%     -    1s
     0     0 -294178.73    0  147 -260819.97 -294178.73  12.8%     -    1s
     0     2 -294178.73    0  147 -260819.97 -294178.73  12.8%     -    1s

Cutting planes:
  Cover: 1
  MIR: 24
  Flow cover: 22

Explored 25 nodes (4434 simplex iterations) in 1.29 seconds
Thread count was 4 (of 4 available processors)

Solution count 7: -260820 -260155 -190594 ... -11547.4

Optimal solution found (tolerance 1.00e-04)
Best objective -2.608199697318e+05, best bound -2.608199697318e+05, gap 0.0000%

Gurobi 7.5.2 (linux64) logging started Thu Mar 21 00:34:10 2019

Changed value of parameter LogFile to /home/aniket/python_scripts/Plasmids/exp/2019-03-21__iterative_with_questionable/output/sample_23/1.5.1/nplasmids_1/MILP/m.log
   Prev: gurobi.log  Default: 
Changed value of parameter TimeLimit to 2400.0
   Prev: 1e+100  Min: 0.0  Max: 1e+100  Default: 1e+100
Optimize a model with 8290 rows, 2413 columns and 60480 nonzeros
Variable types: 631 continuous, 1782 integer (942 binary)
Coefficient statistics:
  Matrix range     [6e-02, 1e+06]
  Objective range  [4e-04, 2e+05]
  Bounds range     [1e+00, 1e+00]
  RHS range        [1e-01, 1e+06]
Presolve removed 6493 rows and 1359 columns
Presolve time: 0.06s
Presolved: 1797 rows, 1054 columns, 6350 nonzeros
Variable types: 211 continuous, 843 integer (633 binary)
Found heuristic solution: objective -524.5882564

Root relaxation: objective -3.349927e+05, 898 iterations, 0.02 seconds

    Nodes    |    Current Node    |     Objective Bounds      |     Work
 Expl Unexpl |  Obj  Depth IntInf | Incumbent    BestBd   Gap | It/Node Time

     0     0 -334992.73    0  107 -524.58826 -334992.73      -     -    0s
     0     0 -296846.04    0  135 -524.58826 -296846.04      -     -    0s
     0     0 -296213.06    0  143 -524.58826 -296213.06      -     -    0s
     0     0 -254702.52    0  176 -524.58826 -254702.52      -     -    0s
H    0     0                    -60490.24721 -254702.52   321%     -    0s
     0     0 -250447.06    0  168 -60490.247 -250447.06   314%     -    0s
     0     0 -250350.17    0  164 -60490.247 -250350.17   314%     -    0s
     0     0 -250005.27    0  161 -60490.247 -250005.27   313%     -    0s
     0     0 -250002.54    0  159 -60490.247 -250002.54   313%     -    0s
     0     0 -241268.20    0  189 -60490.247 -241268.20   299%     -    0s
H    0     0                    -77388.66851 -241268.20   212%     -    0s
     0     0 -239984.82    0  191 -77388.669 -239984.82   210%     -    0s
     0     0 -239871.03    0  193 -77388.669 -239871.03   210%     -    0s
     0     0 -239870.17    0  193 -77388.669 -239870.17   210%     -    0s
     0     0 -216551.39    0  203 -77388.669 -216551.39   180%     -    0s
     0     0 -215503.72    0  213 -77388.669 -215503.72   178%     -    0s
     0     0 -215048.97    0  216 -77388.669 -215048.97   178%     -    0s
     0     0 -214946.15    0  212 -77388.669 -214946.15   178%     -    0s
     0     0 -214940.48    0  212 -77388.669 -214940.48   178%     -    0s
     0     0 -213752.47    0  199 -77388.669 -213752.47   176%     -    0s
H    0     0                    -77390.30307 -213752.47   176%     -    0s
     0     0 -213638.84    0  200 -77390.303 -213638.84   176%     -    0s
     0     0 -213512.47    0  200 -77390.303 -213512.47   176%     -    0s
     0     0 -213494.01    0  200 -77390.303 -213494.01   176%     -    0s
     0     0 -212666.34    0  205 -77390.303 -212666.34   175%     -    0s
     0     0 -211269.04    0  194 -77390.303 -211269.04   173%     -    0s
     0     0 -211177.12    0  196 -77390.303 -211177.12   173%     -    0s
     0     0 -210178.82    0  202 -77390.303 -210178.82   172%     -    0s
     0     0 -209956.58    0  205 -77390.303 -209956.58   171%     -    0s
     0     0 -209915.64    0  207 -77390.303 -209915.64   171%     -    0s
     0     0 -209795.72    0  213 -77390.303 -209795.72   171%     -    0s
     0     0 -209765.61    0  212 -77390.303 -209765.61   171%     -    0s
     0     0 -209323.04    0  191 -77390.303 -209323.04   170%     -    0s
     0     0 -209224.42    0  195 -77390.303 -209224.42   170%     -    0s
     0     0 -209183.46    0  210 -77390.303 -209183.46   170%     -    0s
     0     0 -208714.12    0  223 -77390.303 -208714.12   170%     -    0s
     0     0 -208360.91    0  210 -77390.303 -208360.91   169%     -    0s
     0     0 -208174.53    0  211 -77390.303 -208174.53   169%     -    0s
     0     0 -208037.75    0  211 -77390.303 -208037.75   169%     -    0s
     0     0 -207973.22    0  217 -77390.303 -207973.22   169%     -    0s
     0     0 -207924.43    0  221 -77390.303 -207924.43   169%     -    0s
     0     0 -207906.26    0  221 -77390.303 -207906.26   169%     -    0s
     0     0 -207210.73    0  224 -77390.303 -207210.73   168%     -    0s
     0     0 -207179.68    0  224 -77390.303 -207179.68   168%     -    0s
     0     0 -206709.61    0  208 -77390.303 -206709.61   167%     -    0s
     0     0 -206246.17    0  208 -77390.303 -206246.17   167%     -    0s
     0     0 -205265.78    0  218 -77390.303 -205265.78   165%     -    0s
     0     0 -204867.63    0  239 -77390.303 -204867.63   165%     -    0s
     0     0 -204863.90    0  218 -77390.303 -204863.90   165%     -    0s
     0     0 -204848.40    0  218 -77390.303 -204848.40   165%     -    0s
     0     0 -204848.38    0  226 -77390.303 -204848.38   165%     -    0s
     0     0 -204844.31    0  224 -77390.303 -204844.31   165%     -    0s
     0     0 -204844.31    0  224 -77390.303 -204844.31   165%     -    0s
H    0     0                    -81082.02811 -204844.31   153%     -    0s
     0     2 -204844.31    0  224 -81082.028 -204844.31   153%     -    0s
H   31    15                    -108291.9168 -196835.66  81.8%  44.5    0s
H   32    14                    -125388.1898 -196835.66  57.0%  44.3    0s
H  488   106                    -133732.4262 -176816.15  32.2%  25.8    1s
H  801    90                    -133745.6887 -151493.57  13.3%  26.2    1s
H  974    39                    -133834.0983 -143873.35  7.50%  24.9    1s

Cutting planes:
  Gomory: 19
  Cover: 184
  Implied bound: 103
  Clique: 8
  MIR: 20
  Flow cover: 70
  Zero half: 29

Explored 1126 nodes (28423 simplex iterations) in 1.83 seconds
Thread count was 4 (of 4 available processors)

Solution count 10: -133834 -133746 -133732 ... -524.588

Optimal solution found (tolerance 1.00e-04)
Best objective -1.338340983035e+05, best bound -1.338340983035e+05, gap 0.0000%

Gurobi 7.5.2 (linux64) logging started Thu Mar 21 00:34:12 2019

Changed value of parameter LogFile to /home/aniket/python_scripts/Plasmids/exp/2019-03-21__iterative_with_questionable/output/sample_23/1.5.1/nplasmids_1/MILP/m.log
   Prev: gurobi.log  Default: 
Changed value of parameter TimeLimit to 2400.0
   Prev: 1e+100  Min: 0.0  Max: 1e+100  Default: 1e+100
Optimize a model with 8249 rows, 2401 columns and 59972 nonzeros
Variable types: 628 continuous, 1773 integer (937 binary)
Coefficient statistics:
  Matrix range     [6e-02, 1e+06]
  Objective range  [4e-04, 2e+05]
  Bounds range     [1e+00, 1e+00]
  RHS range        [1e-01, 1e+06]
Presolve removed 6460 rows and 1353 columns
Presolve time: 0.06s
Presolved: 1789 rows, 1048 columns, 6318 nonzeros
Variable types: 210 continuous, 838 integer (629 binary)
Found heuristic solution: objective -524.5882564

Root relaxation: objective -2.462138e+05, 904 iterations, 0.02 seconds

    Nodes    |    Current Node    |     Objective Bounds      |     Work
 Expl Unexpl |  Obj  Depth IntInf | Incumbent    BestBd   Gap | It/Node Time

     0     0 -246213.76    0  111 -524.58826 -246213.76      -     -    0s
     0     0 -210215.16    0  136 -524.58826 -210215.16      -     -    0s
     0     0 -205914.74    0  157 -524.58826 -205914.74      -     -    0s
     0     0 -205295.42    0  162 -524.58826 -205295.42      -     -    0s
     0     0 -205295.42    0  162 -524.58826 -205295.42      -     -    0s
     0     0 -182513.89    0  182 -524.58826 -182513.89      -     -    0s
     0     0 -180648.53    0  170 -524.58826 -180648.53      -     -    0s
     0     0 -180446.65    0  183 -524.58826 -180446.65      -     -    0s
     0     0 -180356.70    0  183 -524.58826 -180356.70      -     -    0s
     0     0 -180138.79    0  177 -524.58826 -180138.79      -     -    0s
     0     0 -180135.03    0  177 -524.58826 -180135.03      -     -    0s
     0     0 -168723.98    0  202 -524.58826 -168723.98      -     -    0s
H    0     0                    -1651.748254 -168723.98      -     -    0s
     0     0 -168131.44    0  197 -1651.7483 -168131.44      -     -    0s
     0     0 -168002.74    0  200 -1651.7483 -168002.74      -     -    0s
     0     0 -167784.57    0  199 -1651.7483 -167784.57      -     -    0s
     0     0 -167763.69    0  197 -1651.7483 -167763.69      -     -    0s
     0     0 -167763.69    0  197 -1651.7483 -167763.69      -     -    0s
     0     0 -164255.34    0  197 -1651.7483 -164255.34  9844%     -    0s
     0     0 -163644.89    0  193 -1651.7483 -163644.89  9807%     -    0s
     0     0 -163493.55    0  197 -1651.7483 -163493.55  9798%     -    0s
     0     0 -163488.58    0  195 -1651.7483 -163488.58  9798%     -    0s
     0     0 -162441.70    0  180 -1651.7483 -162441.70  9735%     -    0s
H    0     0                    -24290.55149 -162441.70   569%     -    0s
     0     0 -160782.11    0  185 -24290.551 -160782.11   562%     -    0s
     0     0 -160780.11    0  185 -24290.551 -160780.11   562%     -    0s
     0     0 -159061.79    0  196 -24290.551 -159061.79   555%     -    0s
H    0     0                    -40281.15144 -159061.79   295%     -    0s
     0     0 -158585.17    0  204 -40281.151 -158585.17   294%     -    0s
     0     0 -158543.37    0  197 -40281.151 -158543.37   294%     -    0s
     0     0 -158507.33    0  196 -40281.151 -158507.33   294%     -    0s
     0     0 -158408.57    0  199 -40281.151 -158408.57   293%     -    0s
     0     0 -158388.77    0  174 -40281.151 -158388.77   293%     -    0s
     0     0 -157962.97    0  172 -40281.151 -157962.97   292%     -    0s
     0     0 -157933.16    0  172 -40281.151 -157933.16   292%     -    0s
     0     0 -157928.66    0  172 -40281.151 -157928.66   292%     -    0s
     0     0 -157880.13    0  172 -40281.151 -157880.13   292%     -    0s
     0     0 -157880.13    0  172 -40281.151 -157880.13   292%     -    0s
     0     0 -157786.62    0  175 -40281.151 -157786.62   292%     -    0s
     0     0 -157786.62    0  175 -40281.151 -157786.62   292%     -    0s
H    0     0                    -58655.65117 -157786.62   169%     -    0s
     0     2 -157786.62    0  175 -58655.651 -157786.62   169%     -    0s
H  251    29                    -95919.41861 -127341.91  32.8%  37.5    0s
H  290    30                    -101801.8064 -126628.42  24.4%  37.2    0s
H  461    60                    -103674.1274 -122178.54  17.8%  36.2    1s
H  469    62                    -104825.5466 -122178.54  16.6%  35.9    1s
*  546    41              44    -109688.3200 -118480.36  8.02%  34.7    1s
H  717     3                    -110084.9675 -113270.22  2.89%  31.0    1s

Cutting planes:
  Gomory: 21
  Cover: 167
  Implied bound: 14
  Clique: 12
  MIR: 25
  Flow cover: 82
  Zero half: 30

Explored 768 nodes (24829 simplex iterations) in 1.27 seconds
Thread count was 4 (of 4 available processors)

Solution count 10: -110085 -109688 -104826 ... -1651.75

Optimal solution found (tolerance 1.00e-04)
Best objective -1.100849674884e+05, best bound -1.100849674884e+05, gap 0.0000%

Gurobi 7.5.2 (linux64) logging started Thu Mar 21 00:34:13 2019

Changed value of parameter LogFile to /home/aniket/python_scripts/Plasmids/exp/2019-03-21__iterative_with_questionable/output/sample_23/1.5.1/nplasmids_1/MILP/m.log
   Prev: gurobi.log  Default: 
Changed value of parameter TimeLimit to 2400.0
   Prev: 1e+100  Min: 0.0  Max: 1e+100  Default: 1e+100
Optimize a model with 8208 rows, 2389 columns and 59462 nonzeros
Variable types: 625 continuous, 1764 integer (932 binary)
Coefficient statistics:
  Matrix range     [6e-02, 1e+06]
  Objective range  [4e-04, 2e+05]
  Bounds range     [1e+00, 1e+00]
  RHS range        [6e-02, 1e+06]
Presolve removed 6428 rows and 1347 columns
Presolve time: 0.06s
Presolved: 1780 rows, 1042 columns, 6276 nonzeros
Variable types: 209 continuous, 833 integer (625 binary)
Found heuristic solution: objective -524.5882564

Root relaxation: objective -1.871489e+05, 829 iterations, 0.02 seconds

    Nodes    |    Current Node    |     Objective Bounds      |     Work
 Expl Unexpl |  Obj  Depth IntInf | Incumbent    BestBd   Gap | It/Node Time

     0     0 -187148.87    0  100 -524.58826 -187148.87      -     -    0s
     0     0 -155685.58    0  143 -524.58826 -155685.58      -     -    0s
     0     0 -149838.50    0  150 -524.58826 -149838.50      -     -    0s
     0     0 -149654.03    0  150 -524.58826 -149654.03      -     -    0s
     0     0 -149652.68    0  148 -524.58826 -149652.68      -     -    0s
     0     0 -137439.66    0  213 -524.58826 -137439.66      -     -    0s
H    0     0                    -40032.83448 -137439.66   243%     -    0s
     0     0 -136700.12    0  201 -40032.834 -136700.12   241%     -    0s
     0     0 -136666.90    0  206 -40032.834 -136666.90   241%     -    0s
     0     0 -136655.15    0  208 -40032.834 -136655.15   241%     -    0s
     0     0 -132978.33    0  201 -40032.834 -132978.33   232%     -    0s
     0     0 -131973.75    0  187 -40032.834 -131973.75   230%     -    0s
     0     0 -131393.35    0  177 -40032.834 -131393.35   228%     -    0s
     0     0 -131388.02    0  179 -40032.834 -131388.02   228%     -    0s
     0     0 -129526.41    0  187 -40032.834 -129526.41   224%     -    0s
     0     0 -129124.87    0  174 -40032.834 -129124.87   223%     -    0s
     0     0 -128783.61    0  190 -40032.834 -128783.61   222%     -    0s
     0     0 -128766.35    0  190 -40032.834 -128766.35   222%     -    0s
     0     0 -128766.34    0  192 -40032.834 -128766.34   222%     -    0s
     0     0 -128062.17    0  188 -40032.834 -128062.17   220%     -    0s
     0     0 -127894.92    0  166 -40032.834 -127894.92   219%     -    0s
     0     0 -127894.83    0  166 -40032.834 -127894.83   219%     -    0s
     0     0 -127133.65    0  169 -40032.834 -127133.65   218%     -    0s
H    0     0                    -43193.12371 -127133.65   194%     -    0s
     0     0 -127101.64    0  168 -43193.124 -127101.64   194%     -    0s
     0     0 -126843.71    0  158 -43193.124 -126843.71   194%     -    0s
     0     0 -126843.71    0  158 -43193.124 -126843.71   194%     -    0s
     0     0 -126606.94    0  183 -43193.124 -126606.94   193%     -    0s
     0     0 -126568.41    0  188 -43193.124 -126568.41   193%     -    0s
     0     0 -126568.41    0  188 -43193.124 -126568.41   193%     -    0s
     0     0 -126240.44    0  193 -43193.124 -126240.44   192%     -    0s
     0     0 -126162.52    0  212 -43193.124 -126162.52   192%     -    0s
     0     0 -126076.52    0  201 -43193.124 -126076.52   192%     -    0s
     0     0 -126060.51    0  197 -43193.124 -126060.51   192%     -    0s
     0     0 -124531.92    0  193 -43193.124 -124531.92   188%     -    0s
     0     0 -124202.36    0  211 -43193.124 -124202.36   188%     -    0s
     0     0 -124127.69    0  196 -43193.124 -124127.69   187%     -    0s
     0     0 -124091.37    0  196 -43193.124 -124091.37   187%     -    0s
     0     0 -124069.30    0  203 -43193.124 -124069.30   187%     -    0s
     0     0 -123187.83    0  190 -43193.124 -123187.83   185%     -    0s
     0     0 -123101.17    0  212 -43193.124 -123101.17   185%     -    0s
     0     0 -123013.63    0  213 -43193.124 -123013.63   185%     -    0s
     0     0 -123006.27    0  211 -43193.124 -123006.27   185%     -    0s
     0     0 -122563.54    0  196 -43193.124 -122563.54   184%     -    0s
     0     0 -122501.81    0  199 -43193.124 -122501.81   184%     -    0s
     0     0 -122501.81    0  199 -43193.124 -122501.81   184%     -    0s
     0     0 -122266.82    0  200 -43193.124 -122266.82   183%     -    0s
     0     0 -122266.63    0  200 -43193.124 -122266.63   183%     -    0s
     0     0 -120470.26    0  196 -43193.124 -120470.26   179%     -    0s
     0     0 -120373.12    0  195 -43193.124 -120373.12   179%     -    0s
     0     0 -120132.05    0  220 -43193.124 -120132.05   178%     -    0s
     0     0 -118152.78    0  179 -43193.124 -118152.78   174%     -    0s
     0     0 -117963.53    0  182 -43193.124 -117963.53   173%     -    0s
     0     0 -117832.21    0  182 -43193.124 -117832.21   173%     -    0s
     0     0 -117796.84    0  195 -43193.124 -117796.84   173%     -    0s
     0     0 -117796.77    0  196 -43193.124 -117796.77   173%     -    0s
     0     0 -117793.74    0  202 -43193.124 -117793.74   173%     -    0s
     0     0 -117793.74    0  202 -43193.124 -117793.74   173%     -    0s
     0     0 -117792.54    0  205 -43193.124 -117792.54   173%     -    0s
     0     0 -117792.54    0  205 -43193.124 -117792.54   173%     -    0s
     0     0 -117634.28    0  192 -43193.124 -117634.28   172%     -    0s
     0     0 -117634.28    0  192 -43193.124 -117634.28   172%     -    0s
     0     2 -117634.28    0  192 -43193.124 -117634.28   172%     -    0s
H  148    52                    -43213.25189 -96291.063   123%  39.9    1s
H  150    52                    -44478.09349 -96291.063   116%  40.8    1s
*  346   104              38    -46100.44779 -86284.896  87.2%  32.5    1s
*  392   113              61    -47766.36831 -86026.076  80.1%  31.5    1s
H  497   144                    -50236.63686 -85255.268  69.7%  29.6    1s
*  633   154              24    -52130.65708 -81470.546  56.3%  28.3    1s
H  655   152                    -54277.30769 -81415.527  50.0%  28.5    1s
H  813   172                    -55059.98394 -76141.458  38.3%  30.8    1s
* 1132   193              25    -56160.04200 -72945.819  29.9%  29.3    2s
* 1139   193              26    -56163.04392 -72945.819  29.9%  29.1    2s
H 1178   192                    -56243.87486 -72687.921  29.2%  29.6    2s

Cutting planes:
  Gomory: 28
  Cover: 227
  Implied bound: 83
  Clique: 9
  MIR: 54
  Flow cover: 74
  Inf proof: 1
  Zero half: 35

Explored 1907 nodes (53976 simplex iterations) in 2.73 seconds
Thread count was 4 (of 4 available processors)

Solution count 10: -56243.9 -56163 -56160 ... -44478.1

Optimal solution found (tolerance 1.00e-04)
Best objective -5.624387486480e+04, best bound -5.624387486480e+04, gap 0.0000%

Gurobi 7.5.2 (linux64) logging started Thu Mar 21 00:34:16 2019

Changed value of parameter LogFile to /home/aniket/python_scripts/Plasmids/exp/2019-03-21__iterative_with_questionable/output/sample_23/1.5.1/nplasmids_1/MILP/m.log
   Prev: gurobi.log  Default: 
Changed value of parameter TimeLimit to 2400.0
   Prev: 1e+100  Min: 0.0  Max: 1e+100  Default: 1e+100
Optimize a model with 8126 rows, 2365 columns and 58461 nonzeros
Variable types: 619 continuous, 1746 integer (922 binary)
Coefficient statistics:
  Matrix range     [6e-02, 1e+06]
  Objective range  [4e-04, 2e+05]
  Bounds range     [1e+00, 1e+00]
  RHS range        [6e-02, 1e+06]
Presolve removed 6364 rows and 1335 columns
Presolve time: 0.05s
Presolved: 1762 rows, 1030 columns, 6203 nonzeros
Variable types: 207 continuous, 823 integer (617 binary)
Found heuristic solution: objective -524.5882564

Root relaxation: objective -1.677804e+05, 911 iterations, 0.02 seconds

    Nodes    |    Current Node    |     Objective Bounds      |     Work
 Expl Unexpl |  Obj  Depth IntInf | Incumbent    BestBd   Gap | It/Node Time

     0     0 -167780.37    0  138 -524.58826 -167780.37      -     -    0s
     0     0 -134539.35    0  183 -524.58826 -134539.35      -     -    0s
     0     0 -126170.94    0  185 -524.58826 -126170.94      -     -    0s
     0     0 -126079.65    0  188 -524.58826 -126079.65      -     -    0s
     0     0 -125985.45    0  187 -524.58826 -125985.45      -     -    0s
     0     0 -125940.42    0  186 -524.58826 -125940.42      -     -    0s
     0     0 -125938.56    0  186 -524.58826 -125938.56      -     -    0s
     0     0 -116557.12    0  164 -524.58826 -116557.12      -     -    0s
H    0     0                    -32455.26736 -116557.12   259%     -    0s
     0     0 -112511.97    0  191 -32455.267 -112511.97   247%     -    0s
     0     0 -112418.49    0  197 -32455.267 -112418.49   246%     -    0s
     0     0 -112203.24    0  173 -32455.267 -112203.24   246%     -    0s
     0     0 -112154.69    0  174 -32455.267 -112154.69   246%     -    0s
     0     0 -112152.82    0  178 -32455.267 -112152.82   246%     -    0s
     0     0 -107625.95    0  203 -32455.267 -107625.95   232%     -    0s
     0     0 -107406.53    0  216 -32455.267 -107406.53   231%     -    0s
     0     0 -106916.64    0  212 -32455.267 -106916.64   229%     -    0s
     0     0 -106837.16    0  223 -32455.267 -106837.16   229%     -    0s
     0     0 -106837.02    0  223 -32455.267 -106837.02   229%     -    0s
     0     0 -106001.66    0  197 -32455.267 -106001.66   227%     -    0s
     0     0 -105758.61    0  201 -32455.267 -105758.61   226%     -    0s
     0     0 -105756.32    0  202 -32455.267 -105756.32   226%     -    0s
     0     0 -104776.06    0  162 -32455.267 -104776.06   223%     -    0s
     0     0 -104664.77    0  172 -32455.267 -104664.77   222%     -    0s
     0     0 -104564.26    0  169 -32455.267 -104564.26   222%     -    0s
     0     0 -104527.83    0  174 -32455.267 -104527.83   222%     -    0s
     0     0 -104523.89    0  170 -32455.267 -104523.89   222%     -    0s
     0     0 -104438.48    0  155 -32455.267 -104438.48   222%     -    0s
     0     0 -104418.62    0  155 -32455.267 -104418.62   222%     -    0s
     0     0 -104371.71    0  155 -32455.267 -104371.71   222%     -    0s
     0     0 -104364.23    0  153 -32455.267 -104364.23   222%     -    0s
     0     0 -104351.48    0  170 -32455.267 -104351.48   222%     -    0s
     0     0 -104351.48    0  170 -32455.267 -104351.48   222%     -    0s
H    0     0                    -32654.63267 -104351.48   220%     -    0s
     0     2 -104351.48    0  170 -32654.633 -104351.48   220%     -    0s
H   61    24                    -39076.60593 -90180.593   131%  57.7    0s
*  172    76              36    -39568.16931 -89083.361   125%  36.6    0s
*  173    76              36    -39621.52535 -89083.361   125%  36.4    0s
H  185    85                    -43107.88739 -89083.361   107%  34.6    0s
* 2098   422              34    -45534.50624 -60420.785  32.7%  23.9    2s
H 2291   441                    -45544.76874 -59955.422  31.6%  24.1    2s
H 2556   398                    -45595.53777 -58102.939  27.4%  24.4    3s

Cutting planes:
  Gomory: 22
  Cover: 273
  Implied bound: 96
  Clique: 13
  MIR: 35
  Flow cover: 76
  Zero half: 20

Explored 3557 nodes (82773 simplex iterations) in 3.85 seconds
Thread count was 4 (of 4 available processors)

Solution count 10: -45595.5 -45544.8 -45534.5 ... -524.588

Optimal solution found (tolerance 1.00e-04)
Best objective -4.559553776911e+04, best bound -4.559553776911e+04, gap 0.0000%

Gurobi 7.5.2 (linux64) logging started Thu Mar 21 00:34:20 2019

Changed value of parameter LogFile to /home/aniket/python_scripts/Plasmids/exp/2019-03-21__iterative_with_questionable/output/sample_23/1.5.1/nplasmids_1/MILP/m.log
   Prev: gurobi.log  Default: 
Changed value of parameter TimeLimit to 2400.0
   Prev: 1e+100  Min: 0.0  Max: 1e+100  Default: 1e+100
Optimize a model with 8044 rows, 2341 columns and 57471 nonzeros
Variable types: 613 continuous, 1728 integer (912 binary)
Coefficient statistics:
  Matrix range     [5e-02, 1e+06]
  Objective range  [4e-04, 2e+05]
  Bounds range     [1e+00, 1e+00]
  RHS range        [5e-02, 1e+06]
Presolve removed 6298 rows and 1322 columns
Presolve time: 0.05s
Presolved: 1746 rows, 1019 columns, 6138 nonzeros
Variable types: 205 continuous, 814 integer (610 binary)
Found heuristic solution: objective -208.0572384

Root relaxation: objective -1.512834e+05, 960 iterations, 0.02 seconds

    Nodes    |    Current Node    |     Objective Bounds      |     Work
 Expl Unexpl |  Obj  Depth IntInf | Incumbent    BestBd   Gap | It/Node Time

     0     0 -151283.41    0  137 -208.05724 -151283.41      -     -    0s
     0     0 -118755.77    0  184 -208.05724 -118755.77      -     -    0s
     0     0 -118206.93    0  177 -208.05724 -118206.93      -     -    0s
     0     0 -118100.99    0  172 -208.05724 -118100.99      -     -    0s
     0     0 -117993.96    0  175 -208.05724 -117993.96      -     -    0s
     0     0 -117155.66    0  171 -208.05724 -117155.66      -     -    0s
     0     0 -117096.29    0  172 -208.05724 -117096.29      -     -    0s
     0     0 -103653.24    0  232 -208.05724 -103653.24      -     -    0s
     0     0 -101231.17    0  204 -208.05724 -101231.17      -     -    0s
     0     0 -101100.91    0  198 -208.05724 -101100.91      -     -    0s
     0     0 -101094.03    0  197 -208.05724 -101094.03      -     -    0s
     0     0 -98583.459    0  216 -208.05724 -98583.459      -     -    0s
     0     0 -98554.044    0  213 -208.05724 -98554.044      -     -    0s
     0     0 -98538.029    0  236 -208.05724 -98538.029      -     -    0s
     0     0 -98537.651    0  233 -208.05724 -98537.651      -     -    0s
     0     0 -97949.694    0  213 -208.05724 -97949.694      -     -    0s
H    0     0                    -23277.33321 -97949.694   321%     -    0s
     0     0 -97523.993    0  195 -23277.333 -97523.993   319%     -    0s
     0     0 -97493.156    0  221 -23277.333 -97493.156   319%     -    0s
     0     0 -97491.976    0  227 -23277.333 -97491.976   319%     -    0s
     0     0 -96775.885    0  232 -23277.333 -96775.885   316%     -    0s
     0     0 -96737.952    0  235 -23277.333 -96737.952   316%     -    0s
     0     0 -96708.534    0  251 -23277.333 -96708.534   315%     -    0s
     0     0 -96701.719    0  239 -23277.333 -96701.719   315%     -    0s
     0     0 -96385.461    0  190 -23277.333 -96385.461   314%     -    0s
     0     0 -96381.662    0  215 -23277.333 -96381.662   314%     -    0s
     0     0 -96349.995    0  222 -23277.333 -96349.995   314%     -    0s
H    0     0                    -32654.63267 -96349.995   195%     -    0s
     0     0 -96330.521    0  191 -32654.633 -96330.521   195%     -    0s
     0     0 -96289.746    0  186 -32654.633 -96289.746   195%     -    0s
     0     0 -96276.858    0  195 -32654.633 -96276.858   195%     -    0s
     0     0 -96261.527    0  208 -32654.633 -96261.527   195%     -    0s
     0     0 -96261.527    0  208 -32654.633 -96261.527   195%     -    0s
     0     2 -96261.527    0  208 -32654.633 -96261.527   195%     -    0s
H   32    23                    -33412.84118 -91217.638   173%  42.7    0s
H  221    85                    -33645.24384 -79775.868   137%  38.6    0s
*  880   259              16    -33749.34064 -63017.832  86.7%  36.3    1s
*  990   280              23    -35314.03706 -61328.567  73.7%  35.6    1s
H 1250   241                    -39076.60593 -57728.073  47.7%  35.3    2s
* 1332   226              13    -39489.35162 -56516.538  43.1%  35.5    2s

Cutting planes:
  Gomory: 22
  Cover: 264
  Implied bound: 112
  Clique: 15
  MIR: 59
  Flow cover: 148
  Zero half: 24

Explored 2425 nodes (78608 simplex iterations) in 3.23 seconds
Thread count was 4 (of 4 available processors)

Solution count 9: -39489.4 -39076.6 -35314 ... -208.057
No other solutions better than -39489.4

Optimal solution found (tolerance 1.00e-04)
Best objective -3.948935162113e+04, best bound -3.948935162113e+04, gap 0.0000%

Gurobi 7.5.2 (linux64) logging started Thu Mar 21 00:34:23 2019

Changed value of parameter LogFile to /home/aniket/python_scripts/Plasmids/exp/2019-03-21__iterative_with_questionable/output/sample_23/1.5.1/nplasmids_1/MILP/m.log
   Prev: gurobi.log  Default: 
Changed value of parameter TimeLimit to 2400.0
   Prev: 1e+100  Min: 0.0  Max: 1e+100  Default: 1e+100
Optimize a model with 8003 rows, 2329 columns and 56978 nonzeros
Variable types: 610 continuous, 1719 integer (907 binary)
Coefficient statistics:
  Matrix range     [5e-02, 1e+06]
  Objective range  [4e-04, 2e+05]
  Bounds range     [1e+00, 1e+00]
  RHS range        [5e-02, 1e+06]
Presolve removed 6266 rows and 1316 columns
Presolve time: 0.05s
Presolved: 1737 rows, 1013 columns, 6106 nonzeros
Variable types: 204 continuous, 809 integer (606 binary)
Found heuristic solution: objective -208.0572384

Root relaxation: objective -1.232782e+05, 934 iterations, 0.02 seconds

    Nodes    |    Current Node    |     Objective Bounds      |     Work
 Expl Unexpl |  Obj  Depth IntInf | Incumbent    BestBd   Gap | It/Node Time

     0     0 -123278.23    0  170 -208.05724 -123278.23      -     -    0s
     0     0 -93667.124    0  189 -208.05724 -93667.124      -     -    0s
     0     0 -92832.178    0  175 -208.05724 -92832.178      -     -    0s
     0     0 -92832.178    0  175 -208.05724 -92832.178      -     -    0s
     0     0 -89451.136    0  196 -208.05724 -89451.136      -     -    0s
H    0     0                    -23268.70527 -89451.136   284%     -    0s
     0     0 -89101.063    0  187 -23268.705 -89101.063   283%     -    0s
     0     0 -89092.002    0  214 -23268.705 -89092.002   283%     -    0s
     0     0 -89083.548    0  192 -23268.705 -89083.548   283%     -    0s
     0     0 -86104.197    0  227 -23268.705 -86104.197   270%     -    0s
     0     0 -86005.738    0  239 -23268.705 -86005.738   270%     -    0s
     0     0 -85994.564    0  237 -23268.705 -85994.564   270%     -    0s
     0     0 -85989.776    0  237 -23268.705 -85989.776   270%     -    0s
     0     0 -85408.486    0  228 -23268.705 -85408.486   267%     -    0s
     0     0 -85368.609    0  215 -23268.705 -85368.609   267%     -    0s
     0     0 -85364.315    0  234 -23268.705 -85364.315   267%     -    0s
     0     0 -85291.510    0  224 -23268.705 -85291.510   267%     -    0s
H    0     0                    -23276.33321 -85291.510   266%     -    0s
     0     0 -85265.852    0  216 -23276.333 -85265.852   266%     -    0s
     0     0 -85224.858    0  215 -23276.333 -85224.858   266%     -    0s
     0     0 -85206.666    0  219 -23276.333 -85206.666   266%     -    0s
     0     0 -85206.393    0  219 -23276.333 -85206.393   266%     -    0s
     0     0 -84993.202    0  215 -23276.333 -84993.202   265%     -    0s
H    0     0                    -23280.90732 -84993.202   265%     -    0s
     0     0 -84987.822    0  224 -23280.907 -84987.822   265%     -    0s
     0     0 -84883.064    0  199 -23280.907 -84883.064   265%     -    0s
     0     0 -84880.984    0  211 -23280.907 -84880.984   265%     -    0s
     0     0 -84853.644    0  194 -23280.907 -84853.644   264%     -    0s
     0     0 -84853.644    0  194 -23280.907 -84853.644   264%     -    0s
     0     2 -84853.644    0  194 -23280.907 -84853.644   264%     -    0s
H  552   197                    -32051.61006 -60921.097  90.1%  32.8    1s
H 1509   325                    -36280.62369 -53139.303  46.5%  32.6    2s
* 2444   412              23    -36931.01581 -47807.289  29.5%  33.3    3s
* 2447   412              23    -36941.66622 -47807.289  29.4%  33.3    3s

Cutting planes:
  Gomory: 8
  Cover: 260
  Implied bound: 194
  Clique: 13
  MIR: 49
  Flow cover: 144
  Zero half: 35

Explored 3202 nodes (111034 simplex iterations) in 4.37 seconds
Thread count was 4 (of 4 available processors)

Solution count 8: -36941.7 -36931 -36280.6 ... -208.057

Optimal solution found (tolerance 1.00e-04)
Warning: max constraint violation (2.7487e-06) exceeds tolerance
Best objective -3.694166622446e+04, best bound -3.694166622446e+04, gap 0.0000%

Gurobi 7.5.2 (linux64) logging started Thu Mar 21 00:34:28 2019

Changed value of parameter LogFile to /home/aniket/python_scripts/Plasmids/exp/2019-03-21__iterative_with_questionable/output/sample_23/1.5.1/nplasmids_1/MILP/m.log
   Prev: gurobi.log  Default: 
Changed value of parameter TimeLimit to 2400.0
   Prev: 1e+100  Min: 0.0  Max: 1e+100  Default: 1e+100
Optimize a model with 7869 rows, 2292 columns and 55461 nonzeros
Variable types: 601 continuous, 1691 integer (891 binary)
Coefficient statistics:
  Matrix range     [5e-02, 1e+06]
  Objective range  [4e-04, 2e+05]
  Bounds range     [1e+00, 1e+00]
  RHS range        [5e-02, 1e+06]
Presolve removed 6173 rows and 1309 columns
Presolve time: 0.07s
Presolved: 1696 rows, 983 columns, 5955 nonzeros
Variable types: 200 continuous, 783 integer (583 binary)
Found heuristic solution: objective -665.9570098

Root relaxation: objective -1.149378e+05, 899 iterations, 0.02 seconds

    Nodes    |    Current Node    |     Objective Bounds      |     Work
 Expl Unexpl |  Obj  Depth IntInf | Incumbent    BestBd   Gap | It/Node Time

     0     0 -114937.77    0  150 -665.95701 -114937.77      -     -    0s
     0     0 -100917.35    0  202 -665.95701 -100917.35      -     -    0s
H    0     0                    -767.8218573 -100917.35      -     -    0s
     0     0 -100512.57    0  182 -767.82186 -100512.57      -     -    0s
     0     0 -96327.107    0  202 -767.82186 -96327.107      -     -    0s
     0     0 -94569.807    0  193 -767.82186 -94569.807      -     -    0s
     0     0 -94385.261    0  191 -767.82186 -94385.261      -     -    0s
     0     0 -90200.223    0  158 -767.82186 -90200.223      -     -    0s
H    0     0                    -2383.371108 -90200.223  3685%     -    0s
     0     0 -89411.370    0  164 -2383.3711 -89411.370  3651%     -    0s
     0     0 -89329.541    0  174 -2383.3711 -89329.541  3648%     -    0s
     0     0 -89324.254    0  174 -2383.3711 -89324.254  3648%     -    0s
     0     0 -81342.777    0  183 -2383.3711 -81342.777  3313%     -    0s
H    0     0                    -2724.358194 -81342.777  2886%     -    0s
     0     0 -81320.243    0  175 -2724.3582 -81320.243  2885%     -    0s
     0     0 -81318.935    0  175 -2724.3582 -81318.935  2885%     -    0s
     0     0 -80097.111    0  155 -2724.3582 -80097.111  2840%     -    0s
H    0     0                    -3604.228794 -80097.111  2122%     -    0s
     0     0 -80066.830    0  159 -3604.2288 -80066.830  2121%     -    0s
     0     0 -80060.373    0  163 -3604.2288 -80060.373  2121%     -    0s
     0     0 -80047.768    0  169 -3604.2288 -80047.768  2121%     -    0s
     0     0 -79990.250    0  176 -3604.2288 -79990.250  2119%     -    0s
     0     0 -79929.847    0  165 -3604.2288 -79929.847  2118%     -    0s
     0     0 -79916.719    0  173 -3604.2288 -79916.719  2117%     -    0s
     0     0 -79857.253    0  190 -3604.2288 -79857.253  2116%     -    0s
H    0     0                    -4724.009260 -79857.253  1590%     -    0s
     0     0 -79857.169    0  181 -4724.0093 -79857.169  1590%     -    0s
     0     0 -79828.304    0  190 -4724.0093 -79828.304  1590%     -    0s
     0     0 -79747.096    0  216 -4724.0093 -79747.096  1588%     -    0s
     0     0 -79747.096    0  216 -4724.0093 -79747.096  1588%     -    0s
H    0     0                    -10700.70504 -79747.096   645%     -    0s
H    0     0                    -12184.48452 -79747.096   554%     -    0s
     0     2 -79747.096    0  216 -12184.485 -79747.096   554%     -    0s
H   29    14                    -21323.31375 -72044.865   238%  58.7    0s
H  149    53                    -23528.40461 -68375.927   191%  39.1    1s
H  184    58                    -23765.02863 -65192.185   174%  39.3    1s
H  337    98                    -23922.49999 -59431.382   148%  36.0    1s

Cutting planes:
  Gomory: 11
  Cover: 232
  Implied bound: 105
  Clique: 8
  MIR: 95
  Flow cover: 98
  Inf proof: 1
  Zero half: 22

Explored 2602 nodes (75254 simplex iterations) in 3.94 seconds
Thread count was 4 (of 4 available processors)

Solution count 10: -23922.5 -23765 -23528.4 ... -2383.37

Optimal solution found (tolerance 1.00e-04)
Best objective -2.392249999238e+04, best bound -2.392249999238e+04, gap 0.0000%

Gurobi 7.5.2 (linux64) logging started Thu Mar 21 00:34:32 2019

Changed value of parameter LogFile to /home/aniket/python_scripts/Plasmids/exp/2019-03-21__iterative_with_questionable/output/sample_23/1.5.1/nplasmids_1/MILP/m.log
   Prev: gurobi.log  Default: 
Changed value of parameter TimeLimit to 2400.0
   Prev: 1e+100  Min: 0.0  Max: 1e+100  Default: 1e+100
Optimize a model with 7787 rows, 2268 columns and 54494 nonzeros
Variable types: 595 continuous, 1673 integer (881 binary)
Coefficient statistics:
  Matrix range     [5e-02, 1e+06]
  Objective range  [4e-04, 2e+05]
  Bounds range     [1e+00, 1e+00]
  RHS range        [5e-02, 1e+06]
Presolve removed 6107 rows and 1296 columns
Presolve time: 0.05s
Presolved: 1680 rows, 972 columns, 5880 nonzeros
Variable types: 198 continuous, 774 integer (576 binary)
Found heuristic solution: objective -665.9570098

Root relaxation: objective -1.105591e+05, 1130 iterations, 0.03 seconds

    Nodes    |    Current Node    |     Objective Bounds      |     Work
 Expl Unexpl |  Obj  Depth IntInf | Incumbent    BestBd   Gap | It/Node Time

     0     0 -110559.07    0  165 -665.95701 -110559.07      -     -    0s
     0     0 -97557.072    0  177 -665.95701 -97557.072      -     -    0s
     0     0 -97119.885    0  160 -665.95701 -97119.885      -     -    0s
     0     0 -84066.602    0  146 -665.95701 -84066.602      -     -    0s
H    0     0                    -3593.716388 -84066.602  2239%     -    0s
     0     0 -83238.617    0  152 -3593.7164 -83238.617  2216%     -    0s
     0     0 -83218.755    0  153 -3593.7164 -83218.755  2216%     -    0s
     0     0 -77966.941    0  202 -3593.7164 -77966.941  2070%     -    0s
H    0     0                    -23280.90732 -77966.941   235%     -    0s
     0     0 -77408.674    0  194 -23280.907 -77408.674   232%     -    0s
     0     0 -77322.654    0  187 -23280.907 -77322.654   232%     -    0s
     0     0 -77320.935    0  187 -23280.907 -77320.935   232%     -    0s
     0     0 -76922.542    0  199 -23280.907 -76922.542   230%     -    0s
     0     0 -76855.255    0  188 -23280.907 -76855.255   230%     -    0s
     0     0 -76852.741    0  192 -23280.907 -76852.741   230%     -    0s
     0     0 -75502.024    0  198 -23280.907 -75502.024   224%     -    0s
     0     0 -75447.990    0  202 -23280.907 -75447.990   224%     -    0s
     0     0 -75403.024    0  209 -23280.907 -75403.024   224%     -    0s
     0     0 -75400.504    0  213 -23280.907 -75400.504   224%     -    0s
     0     0 -75190.004    0  198 -23280.907 -75190.004   223%     -    0s
     0     0 -75147.838    0  174 -23280.907 -75147.838   223%     -    0s
     0     0 -75138.014    0  174 -23280.907 -75138.014   223%     -    0s
     0     0 -75119.455    0  171 -23280.907 -75119.455   223%     -    0s
     0     0 -75079.021    0  216 -23280.907 -75079.021   222%     -    0s
     0     0 -75062.959    0  217 -23280.907 -75062.959   222%     -    0s
     0     0 -75050.819    0  198 -23280.907 -75050.819   222%     -    0s
     0     0 -74990.839    0  211 -23280.907 -74990.839   222%     -    0s
     0     0 -74989.782    0  204 -23280.907 -74989.782   222%     -    0s
     0     0 -74945.666    0  172 -23280.907 -74945.666   222%     -    0s
     0     0 -74945.206    0  175 -23280.907 -74945.206   222%     -    0s
     0     0 -74905.898    0  184 -23280.907 -74905.898   222%     -    0s
     0     0 -74905.898    0  184 -23280.907 -74905.898   222%     -    0s
     0     2 -74905.898    0  184 -23280.907 -74905.898   222%     -    0s

Cutting planes:
  Gomory: 25
  Cover: 212
  Implied bound: 94
  Clique: 15
  MIR: 45
  Flow cover: 153
  Zero half: 23

Explored 3460 nodes (83390 simplex iterations) in 4.35 seconds
Thread count was 4 (of 4 available processors)

Solution count 3: -23280.9 -3593.72 -665.957 

Optimal solution found (tolerance 1.00e-04)
Best objective -2.328090732235e+04, best bound -2.328090732235e+04, gap 0.0000%

Gurobi 7.5.2 (linux64) logging started Thu Mar 21 00:34:36 2019

Changed value of parameter LogFile to /home/aniket/python_scripts/Plasmids/exp/2019-03-21__iterative_with_questionable/output/sample_23/1.5.1/nplasmids_1/MILP/m.log
   Prev: gurobi.log  Default: 
Changed value of parameter TimeLimit to 2400.0
   Prev: 1e+100  Min: 0.0  Max: 1e+100  Default: 1e+100
Optimize a model with 7787 rows, 2268 columns and 54494 nonzeros
Variable types: 595 continuous, 1673 integer (881 binary)
Coefficient statistics:
  Matrix range     [5e-02, 1e+06]
  Objective range  [4e-04, 2e+05]
  Bounds range     [1e+00, 1e+00]
  RHS range        [5e-02, 1e+06]
Presolve removed 6105 rows and 1296 columns
Presolve time: 0.05s
Presolved: 1682 rows, 972 columns, 5887 nonzeros
Variable types: 198 continuous, 774 integer (576 binary)
Found heuristic solution: objective -665.9570098

Root relaxation: objective -1.103908e+05, 1087 iterations, 0.02 seconds

    Nodes    |    Current Node    |     Objective Bounds      |     Work
 Expl Unexpl |  Obj  Depth IntInf | Incumbent    BestBd   Gap | It/Node Time

     0     0 -110390.75    0  169 -665.95701 -110390.75      -     -    0s
     0     0 -96853.584    0  160 -665.95701 -96853.584      -     -    0s
H    0     0                    -11007.23434 -96853.584   780%     -    0s
     0     0 -96239.274    0  149 -11007.234 -96239.274   774%     -    0s
     0     0 -84223.143    0  144 -11007.234 -84223.143   665%     -    0s
     0     0 -84022.704    0  141 -11007.234 -84022.704   663%     -    0s
     0     0 -83956.417    0  152 -11007.234 -83956.417   663%     -    0s
     0     0 -83934.411    0  152 -11007.234 -83934.411   663%     -    0s
     0     0 -83923.579    0  151 -11007.234 -83923.579   662%     -    0s
     0     0 -78044.300    0  171 -11007.234 -78044.300   609%     -    0s
     0     0 -77490.216    0  161 -11007.234 -77490.216   604%     -    0s
     0     0 -77446.053    0  164 -11007.234 -77446.053   604%     -    0s
     0     0 -76426.876    0  174 -11007.234 -76426.876   594%     -    0s
H    0     0                    -13448.32761 -76426.876   468%     -    0s
     0     0 -76272.860    0  173 -13448.328 -76272.860   467%     -    0s
     0     0 -76236.326    0  174 -13448.328 -76236.326   467%     -    0s
     0     0 -76198.297    0  170 -13448.328 -76198.297   467%     -    0s
     0     0 -76193.152    0  173 -13448.328 -76193.152   467%     -    0s
     0     0 -76023.515    0  169 -13448.328 -76023.515   465%     -    0s
     0     0 -75927.169    0  181 -13448.328 -75927.169   465%     -    0s
     0     0 -75918.350    0  187 -13448.328 -75918.350   465%     -    0s
     0     0 -74935.297    0  182 -13448.328 -74935.297   457%     -    0s
     0     0 -74606.978    0  190 -13448.328 -74606.978   455%     -    0s
     0     0 -74571.048    0  195 -13448.328 -74571.048   455%     -    0s
     0     0 -74563.776    0  198 -13448.328 -74563.776   454%     -    0s
     0     0 -74015.918    0  201 -13448.328 -74015.918   450%     -    0s
     0     0 -73892.309    0  197 -13448.328 -73892.309   449%     -    0s
     0     0 -73818.133    0  186 -13448.328 -73818.133   449%     -    0s
     0     0 -73808.644    0  196 -13448.328 -73808.644   449%     -    0s
     0     0 -73083.593    0  230 -13448.328 -73083.593   443%     -    0s
     0     0 -72853.543    0  231 -13448.328 -72853.543   442%     -    0s
     0     0 -72821.751    0  241 -13448.328 -72821.751   441%     -    0s
     0     0 -72814.344    0  246 -13448.328 -72814.344   441%     -    0s
     0     0 -72722.007    0  237 -13448.328 -72722.007   441%     -    0s
H    0     0                    -16154.01969 -72722.007   350%     -    0s
     0     0 -72675.152    0  244 -16154.020 -72675.152   350%     -    0s
     0     0 -72673.219    0  240 -16154.020 -72673.219   350%     -    0s
     0     0 -72573.268    0  230 -16154.020 -72573.268   349%     -    0s
     0     0 -72326.647    0  228 -16154.020 -72326.647   348%     -    0s
     0     0 -71870.276    0  209 -16154.020 -71870.276   345%     -    0s
     0     0 -71795.182    0  200 -16154.020 -71795.182   344%     -    0s
     0     0 -71782.657    0  200 -16154.020 -71782.657   344%     -    0s
     0     0 -71781.772    0  201 -16154.020 -71781.772   344%     -    0s
     0     0 -71654.597    0  202 -16154.020 -71654.597   344%     -    0s
     0     0 -71654.364    0  208 -16154.020 -71654.364   344%     -    0s
     0     0 -71388.653    0  216 -16154.020 -71388.653   342%     -    0s
H    0     0                    -23276.33321 -71388.653   207%     -    0s
     0     0 -71307.148    0  226 -23276.333 -71307.148   206%     -    0s
     0     0 -71297.326    0  216 -23276.333 -71297.326   206%     -    0s
     0     0 -71267.716    0  233 -23276.333 -71267.716   206%     -    0s
     0     0 -71267.715    0  235 -23276.333 -71267.715   206%     -    0s
     0     0 -71262.233    0  184 -23276.333 -71262.233   206%     -    0s
     0     0 -71241.615    0  219 -23276.333 -71241.615   206%     -    0s
     0     0 -71239.637    0  223 -23276.333 -71239.637   206%     -    0s
     0     0 -71221.972    0  217 -23276.333 -71221.972   206%     -    0s
H    0     0                    -23278.90732 -71221.972   206%     -    0s
     0     2 -71221.972    0  217 -23278.907 -71221.972   206%     -    0s

Cutting planes:
  Gomory: 24
  Cover: 221
  Implied bound: 79
  Clique: 20
  MIR: 44
  Flow cover: 90
  Zero half: 19

Explored 3009 nodes (83671 simplex iterations) in 3.74 seconds
Thread count was 4 (of 4 available processors)

Solution count 6: -23278.9 -23276.3 -16154 ... -665.957

Optimal solution found (tolerance 1.00e-04)
Best objective -2.327890732077e+04, best bound -2.327890732077e+04, gap 0.0000%

Gurobi 7.5.2 (linux64) logging started Thu Mar 21 00:34:40 2019

Changed value of parameter LogFile to /home/aniket/python_scripts/Plasmids/exp/2019-03-21__iterative_with_questionable/output/sample_23/1.5.1/nplasmids_1/MILP/m.log
   Prev: gurobi.log  Default: 
Changed value of parameter TimeLimit to 2400.0
   Prev: 1e+100  Min: 0.0  Max: 1e+100  Default: 1e+100
Optimize a model with 7787 rows, 2268 columns and 54493 nonzeros
Variable types: 595 continuous, 1673 integer (881 binary)
Coefficient statistics:
  Matrix range     [5e-02, 1e+06]
  Objective range  [4e-04, 2e+05]
  Bounds range     [1e+00, 1e+00]
  RHS range        [5e-02, 1e+06]
Presolve removed 6103 rows and 1296 columns
Presolve time: 0.06s
Presolved: 1684 rows, 972 columns, 5894 nonzeros
Variable types: 198 continuous, 774 integer (576 binary)
Found heuristic solution: objective -665.9570098

Root relaxation: objective -1.097262e+05, 988 iterations, 0.02 seconds

    Nodes    |    Current Node    |     Objective Bounds      |     Work
 Expl Unexpl |  Obj  Depth IntInf | Incumbent    BestBd   Gap | It/Node Time

     0     0 -109726.25    0  166 -665.95701 -109726.25      -     -    0s
     0     0 -89031.651    0  144 -665.95701 -89031.651      -     -    0s
     0     0 -86662.374    0  136 -665.95701 -86662.374      -     -    0s
     0     0 -86475.288    0  136 -665.95701 -86475.288      -     -    0s
     0     0 -76473.083    0  167 -665.95701 -76473.083      -     -    0s
     0     0 -75693.328    0  166 -665.95701 -75693.328      -     -    0s
     0     0 -75529.935    0  159 -665.95701 -75529.935      -     -    0s
     0     0 -75439.622    0  160 -665.95701 -75439.622      -     -    0s
     0     0 -75434.911    0  158 -665.95701 -75434.911      -     -    0s
     0     0 -72807.046    0  178 -665.95701 -72807.046      -     -    0s
H    0     0                    -14821.61290 -72807.046   391%     -    0s
     0     0 -72136.971    0  171 -14821.613 -72136.971   387%     -    0s
     0     0 -72046.660    0  168 -14821.613 -72046.660   386%     -    0s
     0     0 -72045.167    0  168 -14821.613 -72045.167   386%     -    0s
     0     0 -71109.892    0  172 -14821.613 -71109.892   380%     -    0s
     0     0 -71025.190    0  176 -14821.613 -71025.190   379%     -    0s
     0     0 -70998.549    0  177 -14821.613 -70998.549   379%     -    0s
     0     0 -70998.549    0  180 -14821.613 -70998.549   379%     -    0s
     0     0 -70484.823    0  185 -14821.613 -70484.823   376%     -    0s
     0     0 -70427.258    0  184 -14821.613 -70427.258   375%     -    0s
     0     0 -70417.490    0  179 -14821.613 -70417.490   375%     -    0s
     0     0 -69055.746    0  166 -14821.613 -69055.746   366%     -    0s
     0     0 -68704.471    0  215 -14821.613 -68704.471   364%     -    0s
     0     0 -68685.891    0  214 -14821.613 -68685.891   363%     -    0s
     0     0 -68685.881    0  214 -14821.613 -68685.881   363%     -    0s
     0     0 -68594.420    0  181 -14821.613 -68594.420   363%     -    0s
     0     0 -68564.998    0  187 -14821.613 -68564.998   363%     -    0s
     0     0 -68558.467    0  204 -14821.613 -68558.467   363%     -    0s
     0     0 -68518.805    0  198 -14821.613 -68518.805   362%     -    0s
     0     0 -68515.004    0  204 -14821.613 -68515.004   362%     -    0s
     0     0 -68502.017    0  222 -14821.613 -68502.017   362%     -    0s
     0     0 -68502.017    0  222 -14821.613 -68502.017   362%     -    0s
H    0     0                    -15285.30980 -68502.017   348%     -    0s
     0     2 -68502.017    0  222 -15285.310 -68502.017   348%     -    0s
H   97    15                    -22016.77703 -56890.869   158%  37.9    0s
* 1512   265              30    -22017.70527 -31923.180  45.0%  28.0    2s
* 1976   163              19    -22133.90516 -27893.633  26.0%  27.6    2s
* 2078   127              19    -22200.91591 -26859.123  21.0%  27.7    2s
* 2243    54              31    -22484.60004 -25573.754  13.7%  27.0    2s

Cutting planes:
  Gomory: 28
  Cover: 202
  Implied bound: 64
  Clique: 16
  MIR: 61
  Flow cover: 59
  Zero half: 18

Explored 2417 nodes (64258 simplex iterations) in 2.93 seconds
Thread count was 4 (of 4 available processors)

Solution count 8: -22484.6 -22200.9 -22133.9 ... -665.957
No other solutions better than -22484.6

Optimal solution found (tolerance 1.00e-04)
Best objective -2.248460003553e+04, best bound -2.248460003553e+04, gap 0.0000%

Gurobi 7.5.2 (linux64) logging started Thu Mar 21 00:34:43 2019

Changed value of parameter LogFile to /home/aniket/python_scripts/Plasmids/exp/2019-03-21__iterative_with_questionable/output/sample_23/1.5.1/nplasmids_1/MILP/m.log
   Prev: gurobi.log  Default: 
Changed value of parameter TimeLimit to 2400.0
   Prev: 1e+100  Min: 0.0  Max: 1e+100  Default: 1e+100
Optimize a model with 7705 rows, 2244 columns and 53532 nonzeros
Variable types: 589 continuous, 1655 integer (871 binary)
Coefficient statistics:
  Matrix range     [5e-02, 1e+06]
  Objective range  [4e-04, 2e+05]
  Bounds range     [1e+00, 1e+00]
  RHS range        [5e-02, 1e+06]
Presolve removed 6040 rows and 1285 columns
Presolve time: 0.06s
Presolved: 1665 rows, 959 columns, 5825 nonzeros
Variable types: 196 continuous, 763 integer (567 binary)
Found heuristic solution: objective -1070.671159

Root relaxation: objective -9.835730e+04, 1095 iterations, 0.03 seconds

    Nodes    |    Current Node    |     Objective Bounds      |     Work
 Expl Unexpl |  Obj  Depth IntInf | Incumbent    BestBd   Gap | It/Node Time

     0     0 -98357.304    0  192 -1070.6712 -98357.304  9087%     -    0s
     0     0 -80743.458    0  169 -1070.6712 -80743.458  7441%     -    0s
     0     0 -80514.731    0  170 -1070.6712 -80514.731  7420%     -    0s
     0     0 -80467.648    0  173 -1070.6712 -80467.648  7416%     -    0s
     0     0 -73082.532    0  172 -1070.6712 -73082.532  6726%     -    0s
     0     0 -70009.956    0  171 -1070.6712 -70009.956  6439%     -    0s
     0     0 -69619.165    0  192 -1070.6712 -69619.165  6402%     -    0s
     0     0 -69558.050    0  173 -1070.6712 -69558.050  6397%     -    0s
     0     0 -69550.458    0  173 -1070.6712 -69550.458  6396%     -    0s
     0     0 -68561.739    0  145 -1070.6712 -68561.739  6304%     -    0s
H    0     0                    -5207.324053 -68561.739  1217%     -    0s
     0     0 -68437.912    0  151 -5207.3241 -68437.912  1214%     -    0s
     0     0 -68437.666    0  150 -5207.3241 -68437.666  1214%     -    0s
     0     0 -67846.607    0  131 -5207.3241 -67846.607  1203%     -    0s
     0     0 -67551.953    0  168 -5207.3241 -67551.953  1197%     -    0s
     0     0 -67439.253    0  172 -5207.3241 -67439.253  1195%     -    0s
     0     0 -67422.043    0  153 -5207.3241 -67422.043  1195%     -    0s
     0     0 -67414.426    0  174 -5207.3241 -67414.426  1195%     -    0s
     0     0 -67377.244    0  168 -5207.3241 -67377.244  1194%     -    0s
     0     0 -67359.078    0  174 -5207.3241 -67359.078  1194%     -    0s
     0     0 -67302.429    0  169 -5207.3241 -67302.429  1192%     -    0s
     0     0 -67282.454    0  170 -5207.3241 -67282.454  1192%     -    0s
     0     0 -67281.679    0  168 -5207.3241 -67281.679  1192%     -    0s
     0     0 -67184.104    0  136 -5207.3241 -67184.104  1190%     -    0s
H    0     0                    -6006.776084 -67184.104  1018%     -    0s
     0     0 -67180.197    0  161 -6006.7761 -67180.197  1018%     -    0s
     0     0 -66790.357    0  174 -6006.7761 -66790.357  1012%     -    0s
H    0     0                    -22016.77703 -66790.357   203%     -    0s
     0     0 -66653.848    0  216 -22016.777 -66653.848   203%     -    0s
     0     0 -66575.600    0  182 -22016.777 -66575.600   202%     -    0s
     0     0 -66570.371    0  178 -22016.777 -66570.371   202%     -    0s
     0     0 -66410.613    0  164 -22016.777 -66410.613   202%     -    0s
     0     0 -66372.839    0  167 -22016.777 -66372.839   201%     -    0s
     0     0 -66367.419    0  172 -22016.777 -66367.419   201%     -    0s
     0     0 -66329.383    0  163 -22016.777 -66329.383   201%     -    0s
     0     0 -66317.787    0  177 -22016.777 -66317.787   201%     -    0s
     0     0 -66280.846    0  167 -22016.777 -66280.846   201%     -    0s
     0     0 -66280.846    0  167 -22016.777 -66280.846   201%     -    0s
     0     2 -66280.846    0  167 -22016.777 -66280.846   201%     -    0s
*  187    63              26    -22017.70527 -50910.888   131%  42.3    1s

Cutting planes:
  Gomory: 8
  Cover: 219
  Implied bound: 80
  Clique: 17
  MIR: 68
  Flow cover: 92
  Zero half: 32

Explored 1790 nodes (50456 simplex iterations) in 3.19 seconds
Thread count was 4 (of 4 available processors)

Solution count 5: -22017.7 -22016.8 -6006.78 ... -1070.67

Optimal solution found (tolerance 1.00e-04)
Best objective -2.201770526730e+04, best bound -2.201770526730e+04, gap 0.0000%

Gurobi 7.5.2 (linux64) logging started Thu Mar 21 00:34:47 2019

Changed value of parameter LogFile to /home/aniket/python_scripts/Plasmids/exp/2019-03-21__iterative_with_questionable/output/sample_23/1.5.1/nplasmids_1/MILP/m.log
   Prev: gurobi.log  Default: 
Changed value of parameter TimeLimit to 2400.0
   Prev: 1e+100  Min: 0.0  Max: 1e+100  Default: 1e+100
Optimize a model with 155 rows, 46 columns and 293 nonzeros
Variable types: 13 continuous, 33 integer (17 binary)
Coefficient statistics:
  Matrix range     [3e-01, 1e+06]
  Objective range  [4e-02, 2e+03]
  Bounds range     [1e+00, 1e+00]
  RHS range        [1e+00, 1e+06]
Found heuristic solution: objective 33.0369374
Presolve removed 144 rows and 39 columns
Presolve time: 0.00s
Presolved: 11 rows, 7 columns, 27 nonzeros
Variable types: 4 continuous, 3 integer (3 binary)

Root relaxation: objective -2.693110e+04, 3 iterations, 0.00 seconds

    Nodes    |    Current Node    |     Objective Bounds      |     Work
 Expl Unexpl |  Obj  Depth IntInf | Incumbent    BestBd   Gap | It/Node Time

*    0     0               0    -26931.10079 -26931.101  0.00%     -    0s

Explored 0 nodes (3 simplex iterations) in 0.00 seconds
Thread count was 4 (of 4 available processors)

Solution count 2: -26931.1 33.0369 

Optimal solution found (tolerance 1.00e-04)
Best objective -2.693110078953e+04, best bound -2.693110078953e+04, gap 0.0000%

Gurobi 7.5.2 (linux64) logging started Thu Mar 21 00:34:47 2019

Changed value of parameter LogFile to /home/aniket/python_scripts/Plasmids/exp/2019-03-21__iterative_with_questionable/output/sample_23/1.5.1/nplasmids_1/MILP/m.log
   Prev: gurobi.log  Default: 
Changed value of parameter TimeLimit to 2400.0
   Prev: 1e+100  Min: 0.0  Max: 1e+100  Default: 1e+100
Optimize a model with 117 rows, 35 columns and 214 nonzeros
Variable types: 10 continuous, 25 integer (13 binary)
Coefficient statistics:
  Matrix range     [3e-01, 1e+06]
  Objective range  [6e-02, 2e+03]
  Bounds range     [1e+00, 1e+00]
  RHS range        [7e-01, 1e+06]
Found heuristic solution: objective 29.8688476
Presolve removed 114 rows and 32 columns
Presolve time: 0.00s
Presolved: 3 rows, 3 columns, 7 nonzeros
Variable types: 2 continuous, 1 integer (1 binary)

Root relaxation: objective -1.401731e+03, 1 iterations, 0.00 seconds

    Nodes    |    Current Node    |     Objective Bounds      |     Work
 Expl Unexpl |  Obj  Depth IntInf | Incumbent    BestBd   Gap | It/Node Time

*    0     0               0    -1401.730646 -1401.7306  0.00%     -    0s

Explored 0 nodes (1 simplex iterations) in 0.00 seconds
Thread count was 4 (of 4 available processors)

Solution count 2: -1401.73 29.8688 

Optimal solution found (tolerance 1.00e-04)
Best objective -1.401730646416e+03, best bound -1.401730646416e+03, gap 0.0000%
