Iteration 1
1	deque([(('182_3', 't'), ('91_0', 't')), (('91_0', 'h'), ('25_0', 't')), (('289_1', 'h'), ('25_0', 'h')), (('315_0', 'h'), ('289_1', 't')), (('315_0', 't'), ('309_0', 't')), (('309_0', 'h'), ('105_0', 't')), (('105_0', 'h'), ('233_1', 't')), (('233_1', 'h'), ('48_1', 't')), (('48_1', 'h'), ('160_4', 't')), (('182_3', 'h'), ('160_4', 'h'))])
1	deque([(('45_2', 'h'), ('45_2', 't'))])

Chosen seed at iteration 1: 1
Chosen chr at iteration 1



Chosen seed at iteration 2: 2
Chosen chr at iteration 2


Iteration 3
3	deque([(('45_6', 'h'), ('45_6', 't'))])

Chosen seed at iteration 3: 1
Chosen chr at iteration 3


Iteration 4
4	deque([(('342_2', 'h'), ('196_0', 't')), (('196_0', 'h'), ('79_1', 't')), (('79_1', 'h'), ('361_0', 't')), (('361_0', 'h'), ('121_4', 't')), (('121_4', 'h'), ('108_0', 'h')), (('241_1', 't'), ('108_0', 't')), (('241_1', 'h'), ('37_3', 't')), (('37_3', 'h'), ('214_6', 't')), (('349_0', 'h'), ('214_6', 'h')), (('54_4', 'h'), ('349_0', 't')), (('252_2', 'h'), ('54_4', 't')), (('312_3', 't'), ('252_2', 't')), (('312_3', 'h'), ('354_0', 't')), (('354_0', 'h'), ('248_0', 't')), (('248_0', 'h'), ('230_0', 't')), (('230_0', 'h'), ('44_1', 't')), (('44_1', 'h'), ('77_2', 't')), (('77_2', 'h'), ('30_0', 't')), (('30_0', 'h'), ('70_1', 't')), (('70_1', 'h'), ('113_1', 't')), (('113_1', 'h'), ('70_7', 'h')), (('342_2', 't'), ('70_7', 't'))])
4	deque([(('45_0', 'h'), ('45_0', 't'))])

Chosen seed at iteration 4: 1
Chosen chr at iteration 4



Chosen seed at iteration 5: 2
Chosen chr at iteration 5


Iteration 1
1	deque([(('83_2', 'h'), ('361_2', 't')), (('314_0', 'h'), ('83_2', 't')), (('248_1', 'h'), ('314_0', 't')), (('354_1', 'h'), ('248_1', 't')), (('312_6', 'h'), ('354_1', 't')), (('312_6', 't'), ('252_4', 't')), (('252_4', 'h'), ('54_7', 't')), (('54_7', 'h'), ('349_3', 't')), (('349_3', 'h'), ('214_1', 'h')), (('37_1', 'h'), ('214_1', 't')), (('241_2', 'h'), ('37_1', 't')), (('241_2', 't'), ('108_1', 't')), (('121_3', 'h'), ('108_1', 'h')), (('361_2', 'h'), ('121_3', 't'))])
1	deque([(('287_2', 'h'), ('289_1', 't')), (('196_3', 'h'), ('287_2', 't')), (('342_5', 'h'), ('196_3', 't')), (('342_5', 't'), ('70_4', 't')), (('70_4', 'h'), ('113_5', 't')), (('113_5', 'h'), ('176_1', 't')), (('176_1', 'h'), ('143_0', 't')), (('143_0', 'h'), ('233_1', 't')), (('233_1', 'h'), ('48_0', 't')), (('48_0', 'h'), ('160_3', 't')), (('182_1', 'h'), ('160_3', 'h')), (('182_1', 't'), ('91_2', 't')), (('91_2', 'h'), ('25_2', 't')), (('289_1', 'h'), ('25_2', 'h'))])
1	deque([(('45_7', 'h'), ('45_7', 't'))])

Chosen seed at iteration 1: 1
Chosen chr at iteration 1



Chosen seed at iteration 2: 2
Chosen chr at iteration 2



Chosen seed at iteration 3: 3
Chosen chr at iteration 3


Iteration 4
4	deque([(('287_2', 'h'), ('289_1', 't')), (('289_1', 'h'), ('25_3', 'h')), (('91_2', 'h'), ('25_3', 't')), (('182_0', 't'), ('91_2', 't')), (('182_0', 'h'), ('160_1', 'h')), (('48_0', 'h'), ('160_1', 't')), (('233_1', 'h'), ('48_0', 't')), (('143_0', 'h'), ('233_1', 't')), (('176_2', 'h'), ('143_0', 't')), (('113_5', 'h'), ('176_2', 't')), (('70_3', 'h'), ('113_5', 't')), (('342_4', 't'), ('70_3', 't')), (('342_4', 'h'), ('196_2', 't')), (('196_2', 'h'), ('287_2', 't'))])
4	deque([(('45_3', 'h'), ('45_3', 't'))])

Chosen seed at iteration 4: 1
Chosen chr at iteration 4



Chosen seed at iteration 5: 2
Chosen chr at iteration 5


Iteration 1
1	deque([(('45_5', 'h'), ('45_5', 't'))])

Chosen seed at iteration 1: 1
Chosen chr at iteration 1


Iteration 2
2	deque([(('45_8', 'h'), ('45_8', 't'))])

Chosen seed at iteration 2: 1
Chosen chr at iteration 2


Iteration 3
3	deque([(('45_11', 'h'), ('45_11', 't'))])

Chosen seed at iteration 3: 1
Chosen chr at iteration 3


Iteration 4
4	deque([(('45_7', 'h'), ('45_7', 't'))])

Chosen seed at iteration 4: 1
Chosen chr at iteration 4


Iteration 1
1	deque([(('45_10', 'h'), ('45_10', 't'))])

Chosen seed at iteration 1: 1
Chosen chr at iteration 1


Iteration 2
2	deque([(('45_11', 'h'), ('45_11', 't'))])

Chosen seed at iteration 2: 1
Chosen chr at iteration 2


Iteration 3
3	deque([(('45_6', 'h'), ('45_6', 't'))])

Chosen seed at iteration 3: 1
Chosen chr at iteration 3


Iteration 4
4	deque([(('45_5', 'h'), ('45_5', 't'))])

Chosen seed at iteration 4: 1
Chosen chr at iteration 4


Iteration 1
1	deque([(('45_9', 'h'), ('45_9', 't'))])

Chosen seed at iteration 1: 1
Chosen chr at iteration 1


Iteration 2
2	deque([(('45_1', 'h'), ('45_1', 't'))])

Chosen seed at iteration 2: 1
Chosen chr at iteration 2


Iteration 3
3	deque([(('45_2', 'h'), ('45_2', 't'))])

Chosen seed at iteration 3: 1
Chosen chr at iteration 3


Iteration 4
4	deque([(('45_10', 'h'), ('45_10', 't'))])

Chosen seed at iteration 4: 1
Chosen chr at iteration 4


Iteration 1
1	deque([(('45_4', 'h'), ('45_4', 't'))])

Chosen seed at iteration 1: 1
Chosen chr at iteration 1


Iteration 2
2	deque([(('45_1', 'h'), ('45_1', 't'))])

Chosen seed at iteration 2: 1
Chosen chr at iteration 2


Iteration 3
3	deque([(('45_8', 'h'), ('45_8', 't'))])

Chosen seed at iteration 3: 1
Chosen chr at iteration 3


Iteration 4
4	deque([(('45_6', 'h'), ('45_6', 't'))])

Chosen seed at iteration 4: 1
Chosen chr at iteration 4


Iteration 1
1	deque([(('45_8', 'h'), ('45_8', 't'))])
1	deque([(('45_4', 'h'), ('45_4', 't'))])

Chosen seed at iteration 1: 1
Chosen chr at iteration 1



Chosen seed at iteration 2: 2
Chosen chr at iteration 2


Iteration 3
3	deque([(('45_9', 'h'), ('45_9', 't'))])

Chosen seed at iteration 3: 1
Chosen chr at iteration 3


Iteration 4
4	deque([(('45_1', 'h'), ('45_1', 't'))])
4	deque([(('45_11', 'h'), ('45_11', 't'))])

Chosen seed at iteration 4: 1
Chosen chr at iteration 4



Chosen seed at iteration 5: 2
Chosen chr at iteration 5


Iteration 1
1	deque([(('45_9', 'h'), ('45_9', 't'))])

Chosen seed at iteration 1: 1
Chosen chr at iteration 1


Iteration 2
2	deque([(('45_4', 'h'), ('45_4', 't'))])

Chosen seed at iteration 2: 1
Chosen chr at iteration 2


Iteration 3
3	deque([(('45_2', 'h'), ('45_2', 't'))])

Chosen seed at iteration 3: 1
Chosen chr at iteration 3


Iteration 4
4	deque([(('45_8', 'h'), ('45_8', 't'))])

Chosen seed at iteration 4: 1
Chosen chr at iteration 4


Iteration 1
1	deque([(('45_1', 'h'), ('45_1', 't'))])

Chosen seed at iteration 1: 1
Chosen chr at iteration 1


Iteration 2
2	deque([(('45_4', 'h'), ('45_4', 't'))])
2	deque([(('45_2', 'h'), ('45_2', 't'))])

Chosen seed at iteration 2: 1
Chosen chr at iteration 2



Chosen seed at iteration 3: 2
Chosen chr at iteration 3


Iteration 4
4	deque([(('45_9', 'h'), ('45_9', 't'))])

Chosen seed at iteration 4: 1
Chosen chr at iteration 4


Iteration 1
1	deque([(('45_4', 'h'), ('45_4', 't'))])
1	deque([(('45_2', 'h'), ('45_2', 't'))])

Chosen seed at iteration 1: 1
Chosen chr at iteration 1



Chosen seed at iteration 2: 2
Chosen chr at iteration 2


Iteration 3
3	deque([(('45_1', 'h'), ('45_1', 't'))])

Chosen seed at iteration 3: 1
Chosen chr at iteration 3


Iteration 4
Iteration 1
1	deque([(('45_1', 'h'), ('45_1', 't'))])

Chosen seed at iteration 1: 1
Chosen chr at iteration 1


Iteration 2
2	deque([(('45_4', 'h'), ('45_4', 't'))])

Chosen seed at iteration 2: 1
Chosen chr at iteration 2


Iteration 3
3	deque([(('45_2', 'h'), ('45_2', 't'))])

Chosen seed at iteration 3: 1
Chosen chr at iteration 3


Iteration 4
Iteration 1
1	deque([(('45_1', 'h'), ('45_1', 't'))])

Chosen seed at iteration 1: 1
Chosen chr at iteration 1


Iteration 2
2	deque([(('45_4', 'h'), ('45_4', 't'))])

Chosen seed at iteration 2: 1
Chosen chr at iteration 2


Iteration 3
3	deque([(('45_2', 'h'), ('45_2', 't'))])

Chosen seed at iteration 3: 1
Chosen chr at iteration 3


Iteration 4
Iteration 1
1	deque([(('45_2', 'h'), ('45_2', 't'))])

Chosen seed at iteration 1: 1
Chosen chr at iteration 1


Iteration 2
2	deque([(('45_4', 'h'), ('45_4', 't'))])

Chosen seed at iteration 2: 1
Chosen chr at iteration 2


Iteration 3
3	deque([(('45_1', 'h'), ('45_1', 't'))])

Chosen seed at iteration 3: 1
Chosen chr at iteration 3


Iteration 4
Iteration 1
1	deque([(('45_4', 'h'), ('45_4', 't'))])

Chosen seed at iteration 1: 1
Chosen chr at iteration 1


Iteration 2
2	deque([(('45_2', 'h'), ('45_2', 't'))])

Chosen seed at iteration 2: 1
Chosen chr at iteration 2


Iteration 3
3	deque([(('45_1', 'h'), ('45_1', 't'))])

Chosen seed at iteration 3: 1
Chosen chr at iteration 3


Iteration 4
Iteration 1
1	deque([(('45_2', 'h'), ('45_2', 't'))])

Chosen seed at iteration 1: 1
Chosen chr at iteration 1


Iteration 2
2	deque([(('45_4', 'h'), ('45_4', 't'))])

Chosen seed at iteration 2: 1
Chosen chr at iteration 2


Iteration 3
3	deque([(('45_1', 'h'), ('45_1', 't'))])

Chosen seed at iteration 3: 1
Chosen chr at iteration 3


Iteration 4
Iteration 1
1	deque([(('45_1', 'h'), ('45_1', 't'))])

Chosen seed at iteration 1: 1
Chosen chr at iteration 1


Iteration 2
2	deque([(('45_4', 'h'), ('45_4', 't'))])

Chosen seed at iteration 2: 1
Chosen chr at iteration 2


Iteration 3
3	deque([(('45_2', 'h'), ('45_2', 't'))])

Chosen seed at iteration 3: 1
Chosen chr at iteration 3


Iteration 4
Iteration 1
1	deque([(('45_1', 'h'), ('45_1', 't'))])

Chosen seed at iteration 1: 1
Chosen chr at iteration 1


Iteration 2
2	deque([(('45_4', 'h'), ('45_4', 't'))])

Chosen seed at iteration 2: 1
Chosen chr at iteration 2


Iteration 3
3	deque([(('45_2', 'h'), ('45_2', 't'))])

Chosen seed at iteration 3: 1
Chosen chr at iteration 3


Iteration 4
Iteration 1
1	deque([(('45_1', 'h'), ('45_1', 't'))])

Chosen seed at iteration 1: 1
Chosen chr at iteration 1


Iteration 2
Iteration 1
1	deque([(('45_1', 'h'), ('45_1', 't'))])

Chosen seed at iteration 1: 1
Chosen chr at iteration 1


Iteration 2
Iteration 1
1	deque([(('45_1', 'h'), ('45_1', 't'))])

Chosen seed at iteration 1: 1
Chosen chr at iteration 1


Iteration 2
Iteration 1
Iteration 1
Iteration 1
Iteration 1
Iteration 1
Iteration 1
