Iteration 1
1	deque([(('109_1', 'h'), ('98_0', 't')), (('98_0', 'h'), ('103_4', 't')), (('103_4', 'h'), ('82_2', 't')), (('89_2', 'h'), ('82_2', 'h')), (('93_1', 'h'), ('89_2', 't')), (('118_0', 't'), ('93_1', 't')), (('118_0', 'h'), ('112_0', 'h')), (('112_0', 't'), ('74_0', 't')), (('74_0', 'h'), ('100_1', 't')), (('100_1', 'h'), ('26_1', 't')), (('26_1', 'h'), ('88_2', 't')), (('88_2', 'h'), ('58_0', 't')), (('88_3', 'h'), ('58_0', 'h')), (('88_3', 't'), ('42_1', 't')), (('42_1', 'h'), ('109_1', 't'))])
1	deque([(('109_2', 't'), ('66_1', 't')), (('102_3', 'h'), ('66_1', 'h')), (('92_0', 'h'), ('102_3', 't')), (('103_3', 'h'), ('92_0', 't')), (('123_2', 'h'), ('103_3', 't')), (('123_2', 't'), ('106_1', 't')), (('109_2', 'h'), ('106_1', 'h'))])
1	deque([(('81_2', 'h'), ('55_1', 'h')), (('81_2', 't'), ('55_1', 't'))])

Chosen seed at iteration 1: 1
Chosen chr at iteration 1



Chosen seed at iteration 2: 2
Chosen chr at iteration 2



Chosen seed at iteration 3: 3
Chosen chr at iteration 3


Iteration 4
4	deque([(('81_2', 't'), ('55_0', 't')), (('81_2', 'h'), ('55_0', 'h'))])

Chosen seed at iteration 4: 1
Chosen chr at iteration 4


Iteration 1
1	deque([(('81_1', 't'), ('55_1', 't')), (('81_1', 'h'), ('55_1', 'h'))])

Chosen seed at iteration 1: 1
Chosen chr at iteration 1


Iteration 2
2	deque([(('81_0', 't'), ('55_1', 't')), (('81_0', 'h'), ('55_1', 'h'))])
2	deque([(('42_0', 'h'), ('109_0', 't')), (('109_0', 'h'), ('50_2', 't')), (('120_2', 'h'), ('50_2', 'h')), (('140_4', 't'), ('120_2', 't')), (('140_4', 'h'), ('75_3', 'h')), (('75_3', 't'), ('70_0', 't')), (('114_1', 'h'), ('70_0', 'h')), (('75_11', 'h'), ('114_1', 't')), (('104_0', 'h'), ('75_11', 't')), (('86_1', 'h'), ('104_0', 't')), (('46_0', 'h'), ('86_1', 't')), (('86_0', 't'), ('46_0', 't')), (('86_0', 'h'), ('77_1', 'h')), (('77_1', 't'), ('69_3', 't')), (('128_4', 'h'), ('69_3', 'h')), (('80_0', 'h'), ('128_4', 't')), (('100_0', 't'), ('80_0', 't')), (('100_0', 'h'), ('26_1', 't')), (('26_1', 'h'), ('88_1', 't')), (('88_1', 'h'), ('58_1', 't')), (('88_2', 'h'), ('58_1', 'h')), (('88_2', 't'), ('42_0', 't'))])

Chosen seed at iteration 2: 1
Chosen chr at iteration 2



Chosen seed at iteration 3: 2
Chosen chr at iteration 3


Iteration 4
Iteration 1
Iteration 1
Iteration 1
1	deque([(('142_3', 't'), ('113_5', 't')), (('142_3', 'h'), ('54_10', 'h')), (('154_1', 'h'), ('54_10', 't')), (('154_1', 't'), ('87_2', 't')), (('87_2', 'h'), ('68_0', 't')), (('68_0', 'h'), ('157_6', 't')), (('157_6', 'h'), ('149_0', 't')), (('149_0', 'h'), ('79_10', 'h')), (('99_0', 't'), ('79_10', 't')), (('99_0', 'h'), ('23_1', 'h')), (('126_0', 'h'), ('23_1', 't')), (('126_0', 't'), ('69_7', 't')), (('128_4', 'h'), ('69_7', 'h')), (('35_1', 'h'), ('128_4', 't')), (('143_1', 'h'), ('35_1', 't')), (('130_4', 'h'), ('143_1', 't')), (('130_4', 't'), ('122_6', 't')), (('122_6', 'h'), ('153_1', 't')), (('153_1', 'h'), ('105_0', 'h')), (('113_5', 'h'), ('105_0', 't'))])
1	deque([(('140_5', 't'), ('120_12', 't')), (('140_5', 'h'), ('75_11', 'h')), (('91_1', 't'), ('75_11', 't')), (('91_1', 'h'), ('40_6', 'h')), (('47_1', 'h'), ('40_6', 't')), (('96_4', 't'), ('47_1', 't')), (('120_12', 'h'), ('96_4', 'h'))])

Chosen seed at iteration 1: 1
Chosen chr at iteration 1



Chosen seed at iteration 2: 2
Chosen chr at iteration 2


Iteration 3
3	deque([(('122_6', 'h'), ('153_1', 't')), (('130_1', 't'), ('122_6', 't')), (('130_1', 'h'), ('143_2', 't')), (('143_2', 'h'), ('35_0', 't')), (('35_0', 'h'), ('128_0', 't')), (('128_0', 'h'), ('69_6', 'h')), (('126_4', 't'), ('69_6', 't')), (('126_4', 'h'), ('23_1', 't')), (('99_0', 'h'), ('23_1', 'h')), (('99_0', 't'), ('79_0', 't')), (('149_3', 'h'), ('79_0', 'h')), (('157_4', 'h'), ('149_3', 't')), (('68_0', 'h'), ('157_4', 't')), (('87_4', 'h'), ('68_0', 't')), (('155_5', 'h'), ('87_4', 't')), (('155_5', 't'), ('54_10', 't')), (('142_3', 'h'), ('54_10', 'h')), (('142_3', 't'), ('113_0', 't')), (('113_0', 'h'), ('105_0', 't')), (('153_1', 'h'), ('105_0', 'h'))])

Chosen seed at iteration 3: 1
Chosen chr at iteration 3


Iteration 4
4	deque([(('47_7', 'h'), ('40_3', 't')), (('96_2', 't'), ('47_7', 't')), (('120_2', 'h'), ('96_2', 'h')), (('140_8', 't'), ('120_2', 't')), (('140_8', 'h'), ('75_11', 'h')), (('91_8', 't'), ('75_11', 't')), (('91_8', 'h'), ('40_3', 'h'))])
4	deque([(('143_1', 'h'), ('35_0', 't')), (('35_0', 'h'), ('128_4', 't')), (('128_4', 'h'), ('69_6', 'h')), (('126_2', 't'), ('69_6', 't')), (('126_2', 'h'), ('23_0', 't')), (('99_2', 'h'), ('23_0', 'h')), (('99_2', 't'), ('79_7', 't')), (('149_0', 'h'), ('79_7', 'h')), (('157_6', 'h'), ('149_0', 't')), (('68_0', 'h'), ('157_6', 't')), (('87_4', 'h'), ('68_0', 't')), (('154_1', 't'), ('87_4', 't')), (('154_1', 'h'), ('54_0', 't')), (('142_3', 'h'), ('54_0', 'h')), (('142_3', 't'), ('113_1', 't')), (('113_1', 'h'), ('105_0', 't')), (('153_4', 'h'), ('105_0', 'h')), (('122_8', 'h'), ('153_4', 't')), (('130_5', 't'), ('122_8', 't')), (('130_5', 'h'), ('143_1', 't'))])

Chosen seed at iteration 4: 1
Chosen chr at iteration 4



Chosen seed at iteration 5: 2
Chosen chr at iteration 5


Iteration 1
1	deque([(('154_4', 'h'), ('54_10', 't')), (('154_4', 't'), ('87_0', 't')), (('87_0', 'h'), ('68_10', 't')), (('68_10', 'h'), ('156_3', 't')), (('156_3', 'h'), ('150_5', 'h')), (('79_10', 'h'), ('150_5', 't')), (('99_1', 't'), ('79_10', 't')), (('99_1', 'h'), ('23_1', 'h')), (('126_1', 'h'), ('23_1', 't')), (('126_1', 't'), ('69_7', 't')), (('128_0', 'h'), ('69_7', 'h')), (('35_1', 'h'), ('128_0', 't')), (('143_0', 'h'), ('35_1', 't')), (('130_8', 'h'), ('143_0', 't')), (('130_8', 't'), ('122_6', 't')), (('122_6', 'h'), ('153_5', 't')), (('153_5', 'h'), ('105_1', 'h')), (('113_5', 'h'), ('105_1', 't')), (('141_2', 'h'), ('113_5', 't')), (('54_10', 'h'), ('141_2', 't'))])

Chosen seed at iteration 1: 1
Chosen chr at iteration 1


Iteration 2
2	deque([(('155_2', 'h'), ('87_0', 't')), (('87_0', 'h'), ('68_7', 't')), (('68_7', 'h'), ('156_1', 't')), (('156_1', 'h'), ('150_3', 'h')), (('79_1', 'h'), ('150_3', 't')), (('99_0', 't'), ('79_1', 't')), (('99_0', 'h'), ('23_1', 'h')), (('126_4', 'h'), ('23_1', 't')), (('126_4', 't'), ('69_5', 't')), (('128_0', 'h'), ('69_5', 'h')), (('35_1', 'h'), ('128_0', 't')), (('143_2', 'h'), ('35_1', 't')), (('130_6', 'h'), ('143_2', 't')), (('130_6', 't'), ('122_5', 't')), (('122_5', 'h'), ('153_2', 't')), (('153_2', 'h'), ('105_1', 'h')), (('113_0', 'h'), ('105_1', 't')), (('141_0', 'h'), ('113_0', 't')), (('54_2', 'h'), ('141_0', 't')), (('155_2', 't'), ('54_2', 't'))])
2	deque([(('140_10', 't'), ('120_11', 't')), (('140_10', 'h'), ('75_10', 'h')), (('91_9', 't'), ('75_10', 't')), (('91_9', 'h'), ('40_5', 'h')), (('47_8', 'h'), ('40_5', 't')), (('96_5', 't'), ('47_8', 't')), (('120_11', 'h'), ('96_5', 'h'))])

Chosen seed at iteration 2: 1
Chosen chr at iteration 2



Chosen seed at iteration 3: 2
Chosen chr at iteration 3


Iteration 4
4	deque([(('128_0', 'h'), ('69_5', 'h')), (('35_1', 'h'), ('128_0', 't')), (('143_0', 'h'), ('35_1', 't')), (('130_2', 'h'), ('143_0', 't')), (('130_2', 't'), ('122_11', 't')), (('122_11', 'h'), ('153_5', 't')), (('153_5', 'h'), ('105_1', 'h')), (('113_0', 'h'), ('105_1', 't')), (('141_3', 'h'), ('113_0', 't')), (('54_9', 'h'), ('141_3', 't')), (('155_5', 't'), ('54_9', 't')), (('155_5', 'h'), ('87_2', 't')), (('87_2', 'h'), ('68_6', 't')), (('68_6', 'h'), ('156_0', 't')), (('156_0', 'h'), ('150_1', 'h')), (('79_10', 'h'), ('150_1', 't')), (('99_1', 't'), ('79_10', 't')), (('99_1', 'h'), ('23_1', 'h')), (('126_3', 'h'), ('23_1', 't')), (('126_3', 't'), ('69_5', 't'))])

Chosen seed at iteration 4: 1
Chosen chr at iteration 4


Iteration 1
Iteration 1
1	deque([(('91_9', 'h'), ('40_4', 'h')), (('47_8', 'h'), ('40_4', 't')), (('96_5', 't'), ('47_8', 't')), (('120_6', 'h'), ('96_5', 'h')), (('140_1', 't'), ('120_6', 't')), (('140_1', 'h'), ('75_8', 'h')), (('91_9', 't'), ('75_8', 't'))])

Chosen seed at iteration 1: 1
Chosen chr at iteration 1


Iteration 2
2	deque([(('140_1', 't'), ('120_7', 't')), (('120_7', 'h'), ('96_12', 'h')), (('96_12', 't'), ('47_4', 't')), (('47_4', 'h'), ('40_1', 't')), (('91_5', 'h'), ('40_1', 'h')), (('91_5', 't'), ('75_8', 't')), (('140_1', 'h'), ('75_8', 'h'))])

Chosen seed at iteration 2: 1
Chosen chr at iteration 2


Iteration 3
3	deque([(('140_0', 't'), ('120_4', 't')), (('120_4', 'h'), ('96_5', 'h')), (('96_5', 't'), ('47_10', 't')), (('47_10', 'h'), ('40_0', 't')), (('91_5', 'h'), ('40_0', 'h')), (('91_5', 't'), ('75_8', 't')), (('140_0', 'h'), ('75_8', 'h'))])

Chosen seed at iteration 3: 1
Chosen chr at iteration 3


Iteration 4
4	deque([(('140_1', 'h'), ('75_8', 'h')), (('91_3', 't'), ('75_8', 't')), (('91_3', 'h'), ('40_6', 'h')), (('47_10', 'h'), ('40_6', 't')), (('96_12', 't'), ('47_10', 't')), (('120_4', 'h'), ('96_12', 'h')), (('140_1', 't'), ('120_4', 't'))])

Chosen seed at iteration 4: 1
Chosen chr at iteration 4


Iteration 1
Iteration 1
Iteration 1
Iteration 1
Iteration 1
Iteration 1
Iteration 1
Iteration 1
Iteration 1
Iteration 1
Iteration 1
Iteration 1
Iteration 1
Iteration 1
Iteration 1
Iteration 1
Iteration 1
Iteration 1
Iteration 1
Iteration 1
Iteration 1
