
Gurobi 9.1.1 (linux64) logging started Wed Dec  1 07:06:09 2021

Changed value of parameter LogFile to /home/aniket/python_scripts/Plasmids-Optimization/exp/2021-06-14__iterative_MILP_edge_novelty/output/sample_62/1.1.1/nplasmids_1/MILP/m.log
   Prev:   Default: 
Changed value of parameter TimeLimit to 240.0
   Prev: inf  Min: 0.0  Max: inf  Default: inf
Changed value of parameter MIPGap to 0.05
   Prev: 0.0001  Min: 0.0  Max: inf  Default: 0.0001
Gurobi Optimizer version 9.1.1 build v9.1.1rc0 (linux64)
Thread count: 2 physical cores, 4 logical processors, using up to 4 threads
Optimize a model with 16872 rows, 5677 columns and 43686 nonzeros
Model fingerprint: 0xcdafb109
Variable types: 1571 continuous, 4106 integer (3792 binary)
Coefficient statistics:
  Matrix range     [1e-02, 7e+05]
  Objective range  [1e-03, 1e+00]
  Bounds range     [1e+00, 1e+00]
  RHS range        [1e+00, 2e+05]
Presolve removed 14384 rows and 2976 columns
Presolve time: 0.07s
Presolved: 2488 rows, 2701 columns, 13848 nonzeros
Variable types: 599 continuous, 2102 integer (2102 binary)
Found heuristic solution: objective -0.0102782

Root relaxation: objective -1.911072e+01, 1412 iterations, 0.03 seconds

    Nodes    |    Current Node    |     Objective Bounds      |     Work
 Expl Unexpl |  Obj  Depth IntInf | Incumbent    BestBd   Gap | It/Node Time

     0     0  -19.11072    0  110   -0.01028  -19.11072      -     -    0s
     0     0  -19.11072    0  119   -0.01028  -19.11072      -     -    0s
H    0     0                     -16.6315041  -19.11072  14.9%     -    0s
     0     0  -17.91363    0  108  -16.63150  -17.91363  7.71%     -    0s
     0     0  -17.91363    0  113  -16.63150  -17.91363  7.71%     -    0s
     0     0  -17.91363    0  101  -16.63150  -17.91363  7.71%     -    0s
     0     0  -17.91318    0  110  -16.63150  -17.91318  7.71%     -    0s
     0     0  -17.90942    0  109  -16.63150  -17.90942  7.68%     -    0s
     0     0  -17.90923    0  108  -16.63150  -17.90923  7.68%     -    0s
     0     0  -17.87699    0  115  -16.63150  -17.87699  7.49%     -    0s
H    0     0                     -16.6315058  -17.87699  7.49%     -    0s
     0     0  -17.87312    0  100  -16.63151  -17.87312  7.47%     -    0s
     0     0  -17.87312    0  100  -16.63151  -17.87312  7.47%     -    0s
     0     0  -17.81383    0  105  -16.63151  -17.81383  7.11%     -    0s
     0     0  -17.81376    0  105  -16.63151  -17.81376  7.11%     -    0s
     0     0  -17.81137    0  105  -16.63151  -17.81137  7.09%     -    0s
     0     0  -17.81012    0  101  -16.63151  -17.81012  7.09%     -    0s
     0     0  -17.80933    0  107  -16.63151  -17.80933  7.08%     -    0s
     0     0  -17.80792    0  104  -16.63151  -17.80792  7.07%     -    0s
     0     0  -17.80792    0  105  -16.63151  -17.80792  7.07%     -    0s
     0     0  -17.79114    0  106  -16.63151  -17.79114  6.97%     -    0s
     0     0  -17.78696    0  109  -16.63151  -17.78696  6.95%     -    0s
     0     0  -17.78635    0  109  -16.63151  -17.78635  6.94%     -    0s
     0     0  -17.78584    0  108  -16.63151  -17.78584  6.94%     -    0s
     0     0  -17.78584    0  108  -16.63151  -17.78584  6.94%     -    0s
     0     0  -17.78485    0  101  -16.63151  -17.78485  6.93%     -    0s
     0     0  -17.78298    0  111  -16.63151  -17.78298  6.92%     -    0s
     0     0  -17.78298    0  117  -16.63151  -17.78298  6.92%     -    0s
     0     0  -17.78175    0  109  -16.63151  -17.78175  6.92%     -    0s
     0     0  -17.78175    0  114  -16.63151  -17.78175  6.92%     -    0s
     0     0  -17.78170    0  106  -16.63151  -17.78170  6.92%     -    1s
     0     0  -17.78170    0  102  -16.63151  -17.78170  6.92%     -    1s
     0     2  -17.78170    0   98  -16.63151  -17.78170  6.92%     -    1s

Cutting planes:
  Gomory: 21
  Implied bound: 1
  Clique: 1
  MIR: 10
  Flow cover: 148
  RLT: 106

Explored 83 nodes (11739 simplex iterations) in 1.45 seconds
Thread count was 4 (of 4 available processors)

Solution count 3: -16.6315 -16.6315 -0.0102782 

Optimal solution found (tolerance 5.00e-02)
Best objective -1.663150584890e+01, best bound -1.744860840576e+01, gap 4.9130%
Gurobi Optimizer version 9.1.1 build v9.1.1rc0 (linux64)
Thread count: 2 physical cores, 4 logical processors, using up to 4 threads
Optimize a model with 16873 rows, 5677 columns and 43687 nonzeros
Model fingerprint: 0xc06b77b9
Variable types: 1571 continuous, 4106 integer (3792 binary)
Coefficient statistics:
  Matrix range     [1e-02, 7e+05]
  Objective range  [1e-03, 1e+00]
  Bounds range     [1e+00, 1e+00]
  RHS range        [1e+00, 2e+05]

MIP start from previous solve did not produce a new incumbent solution
MIP start from previous solve violates constraint circular by 1.000000000

Presolve removed 14386 rows and 2977 columns
Presolve time: 0.08s
Presolved: 2487 rows, 2700 columns, 13844 nonzeros
Variable types: 599 continuous, 2101 integer (2101 binary)
Found heuristic solution: objective -0.0102782

Root relaxation: objective -1.911072e+01, 1653 iterations, 0.03 seconds

    Nodes    |    Current Node    |     Objective Bounds      |     Work
 Expl Unexpl |  Obj  Depth IntInf | Incumbent    BestBd   Gap | It/Node Time

     0     0  -19.11072    0  105   -0.01028  -19.11072      -     -    0s
     0     0  -19.11072    0  118   -0.01028  -19.11072      -     -    0s
H    0     0                     -16.6315047  -19.11072  14.9%     -    0s
     0     0  -18.83003    0  116  -16.63150  -18.83003  13.2%     -    0s
     0     0  -18.83003    0  108  -16.63150  -18.83003  13.2%     -    0s
     0     0  -18.83003    0  105  -16.63150  -18.83003  13.2%     -    0s
     0     0  -18.83003    0  117  -16.63150  -18.83003  13.2%     -    0s
     0     0  -18.83003    0  104  -16.63150  -18.83003  13.2%     -    0s
     0     0  -18.83003    0  115  -16.63150  -18.83003  13.2%     -    0s
     0     0  -18.83003    0  115  -16.63150  -18.83003  13.2%     -    0s
     0     2  -18.83003    0  114  -16.63150  -18.83003  13.2%     -    1s

Cutting planes:
  Gomory: 21
  Flow cover: 72
  RLT: 88

Explored 15 nodes (10070 simplex iterations) in 1.09 seconds
Thread count was 4 (of 4 available processors)

Solution count 2: -16.6315 -0.0102782 

Optimal solution found (tolerance 5.00e-02)
Best objective -1.663150474297e+01, best bound -1.741787346876e+01, gap 4.7282%
Gurobi Optimizer version 9.1.1 build v9.1.1rc0 (linux64)
Thread count: 2 physical cores, 4 logical processors, using up to 4 threads
Optimize a model with 16875 rows, 5677 columns and 43702 nonzeros
Model fingerprint: 0x971907d0
Variable types: 1571 continuous, 4106 integer (3792 binary)
Coefficient statistics:
  Matrix range     [1e-02, 7e+05]
  Objective range  [1e-03, 1e+00]
  Bounds range     [1e+00, 1e+00]
  RHS range        [1e+00, 2e+05]

MIP start from previous solve did not produce a new incumbent solution
MIP start from previous solve violates constraint circular by 1.000000000

Presolve removed 14386 rows and 2977 columns
Presolve time: 0.07s
Presolved: 2489 rows, 2700 columns, 13862 nonzeros
Variable types: 599 continuous, 2101 integer (2101 binary)
Found heuristic solution: objective -0.0102782

Root relaxation: objective -1.911072e+01, 1588 iterations, 0.03 seconds

    Nodes    |    Current Node    |     Objective Bounds      |     Work
 Expl Unexpl |  Obj  Depth IntInf | Incumbent    BestBd   Gap | It/Node Time

     0     0  -19.11072    0  115   -0.01028  -19.11072      -     -    0s
     0     0  -19.02977    0  120   -0.01028  -19.02977      -     -    0s
H    0     0                     -16.6315041  -19.02977  14.4%     -    0s
     0     0  -18.96671    0  113  -16.63150  -18.96671  14.0%     -    0s
     0     0  -18.96464    0  109  -16.63150  -18.96464  14.0%     -    0s
     0     0  -18.96006    0  105  -16.63150  -18.96006  14.0%     -    0s
     0     0  -18.95807    0  101  -16.63150  -18.95807  14.0%     -    0s
     0     0  -18.94306    0   99  -16.63150  -18.94306  13.9%     -    0s
     0     0  -18.94024    0  103  -16.63150  -18.94024  13.9%     -    0s
     0     0  -18.93073    0  103  -16.63150  -18.93073  13.8%     -    0s
     0     0  -18.93073    0  103  -16.63150  -18.93073  13.8%     -    0s
     0     0  -18.93006    0  116  -16.63150  -18.93006  13.8%     -    0s
     0     0  -18.92715    0  108  -16.63150  -18.92715  13.8%     -    0s
     0     0  -18.89967    0  121  -16.63150  -18.89967  13.6%     -    0s
     0     0  -18.89853    0  134  -16.63150  -18.89853  13.6%     -    0s
     0     0  -18.87692    0  127  -16.63150  -18.87692  13.5%     -    0s
     0     0  -18.87497    0  125  -16.63150  -18.87497  13.5%     -    0s
     0     0  -18.86645    0  123  -16.63150  -18.86645  13.4%     -    0s
     0     0  -18.86453    0  127  -16.63150  -18.86453  13.4%     -    0s
     0     0  -18.86238    0  128  -16.63150  -18.86238  13.4%     -    0s
     0     0  -18.86007    0  126  -16.63150  -18.86007  13.4%     -    0s
     0     0  -18.85568    0  128  -16.63150  -18.85568  13.4%     -    0s
     0     0  -18.85529    0  132  -16.63150  -18.85529  13.4%     -    0s
     0     0  -18.85508    0  135  -16.63150  -18.85508  13.4%     -    1s
     0     0  -18.85468    0  131  -16.63150  -18.85468  13.4%     -    1s
     0     0  -18.85462    0  130  -16.63150  -18.85462  13.4%     -    1s
     0     0  -18.85461    0  134  -16.63150  -18.85461  13.4%     -    1s
     0     0  -18.85350    0  133  -16.63150  -18.85350  13.4%     -    1s
     0     0  -18.85346    0  133  -16.63150  -18.85346  13.4%     -    1s
     0     0  -18.85278    0  131  -16.63150  -18.85278  13.4%     -    1s
     0     0  -18.85278    0  131  -16.63150  -18.85278  13.4%     -    1s
     0     0  -18.85278    0  132  -16.63150  -18.85278  13.4%     -    1s
     0     0  -18.85278    0  123  -16.63150  -18.85278  13.4%     -    1s
     0     2  -18.85260    0  115  -16.63150  -18.85260  13.4%     -    1s
H   60    44                     -16.6315050  -17.59359  5.78%  87.8    1s

Cutting planes:
  Gomory: 12
  MIR: 40
  Flow cover: 207
  Zero half: 1
  RLT: 97

Explored 398 nodes (27374 simplex iterations) in 3.23 seconds
Thread count was 4 (of 4 available processors)

Solution count 3: -16.6315 -16.6315 -0.0102782 

Optimal solution found (tolerance 5.00e-02)
Best objective -1.663150500172e+01, best bound -1.745535859884e+01, gap 4.9536%

Gurobi 9.1.1 (linux64) logging started Wed Dec  1 07:06:15 2021

Changed value of parameter LogFile to /home/aniket/python_scripts/Plasmids-Optimization/exp/2021-06-14__iterative_MILP_edge_novelty/output/sample_62/1.1.1/nplasmids_1/MILP/m.log
   Prev:   Default: 
Changed value of parameter TimeLimit to 240.0
   Prev: inf  Min: 0.0  Max: inf  Default: inf
Changed value of parameter MIPGap to 0.05
   Prev: 0.0001  Min: 0.0  Max: inf  Default: 0.0001
Gurobi Optimizer version 9.1.1 build v9.1.1rc0 (linux64)
Thread count: 2 physical cores, 4 logical processors, using up to 4 threads
Optimize a model with 15531 rows, 5222 columns and 40054 nonzeros
Model fingerprint: 0x2b99bf7e
Variable types: 1451 continuous, 3771 integer (3481 binary)
Coefficient statistics:
  Matrix range     [1e-02, 7e+05]
  Objective range  [1e-03, 1e+00]
  Bounds range     [1e+00, 1e+00]
  RHS range        [1e+00, 2e+05]
Presolve removed 13254 rows and 2755 columns
Presolve time: 0.07s
Presolved: 2277 rows, 2467 columns, 12597 nonzeros
Variable types: 551 continuous, 1916 integer (1916 binary)
Found heuristic solution: objective -0.0102782

Root relaxation: objective -1.564141e+01, 1292 iterations, 0.02 seconds

    Nodes    |    Current Node    |     Objective Bounds      |     Work
 Expl Unexpl |  Obj  Depth IntInf | Incumbent    BestBd   Gap | It/Node Time

     0     0  -15.64141    0   57   -0.01028  -15.64141      -     -    0s
H    0     0                      -1.8296581  -15.64141   755%     -    0s
     0     0  -15.31617    0   57   -1.82966  -15.31617   737%     -    0s
H    0     0                      -4.6316314  -15.31617   231%     -    0s
H    0     0                     -13.4509655  -15.31617  13.9%     -    0s
     0     0  -15.31617    0   57  -13.45097  -15.31617  13.9%     -    0s
     0     0  -14.81331    0   57  -13.45097  -14.81331  10.1%     -    0s
     0     0  -14.68602    0   62  -13.45097  -14.68602  9.18%     -    0s
     0     0  -14.68192    0   49  -13.45097  -14.68192  9.15%     -    0s
     0     0  -14.61488    0   50  -13.45097  -14.61488  8.65%     -    0s
     0     0  -14.61488    0   49  -13.45097  -14.61488  8.65%     -    0s
     0     0  -14.49638    0   65  -13.45097  -14.49638  7.77%     -    0s
     0     0  -14.46402    0   59  -13.45097  -14.46402  7.53%     -    0s
     0     0  -14.45808    0   63  -13.45097  -14.45808  7.49%     -    0s
     0     0  -14.45554    0   59  -13.45097  -14.45554  7.47%     -    0s
     0     0  -14.45338    0   65  -13.45097  -14.45338  7.45%     -    0s
     0     0  -14.45130    0   69  -13.45097  -14.45130  7.44%     -    0s
     0     0  -14.45023    0   70  -13.45097  -14.45023  7.43%     -    0s
     0     0  -14.45022    0   70  -13.45097  -14.45022  7.43%     -    0s
     0     0  -14.42543    0   56  -13.45097  -14.42543  7.24%     -    0s
     0     0  -14.41495    0   70  -13.45097  -14.41495  7.17%     -    0s
     0     0  -14.41098    0   70  -13.45097  -14.41098  7.14%     -    0s
     0     0  -14.40980    0   54  -13.45097  -14.40980  7.13%     -    0s
     0     0  -14.40795    0   56  -13.45097  -14.40795  7.11%     -    0s
     0     0  -14.40756    0   56  -13.45097  -14.40756  7.11%     -    0s
     0     0  -14.40713    0   56  -13.45097  -14.40713  7.11%     -    0s
     0     0  -14.40673    0   56  -13.45097  -14.40673  7.11%     -    0s
     0     0  -14.40655    0   56  -13.45097  -14.40655  7.10%     -    0s
     0     0  -14.40313    0   54  -13.45097  -14.40313  7.08%     -    0s
     0     0  -14.39965    0   71  -13.45097  -14.39965  7.05%     -    0s
     0     0  -14.39598    0   56  -13.45097  -14.39598  7.03%     -    0s
     0     0  -14.39578    0   71  -13.45097  -14.39578  7.02%     -    0s
     0     0  -14.38200    0   65  -13.45097  -14.38200  6.92%     -    0s
     0     0  -14.37907    0   67  -13.45097  -14.37907  6.90%     -    0s
     0     0  -14.37864    0   67  -13.45097  -14.37864  6.90%     -    0s
     0     0  -14.37824    0   70  -13.45097  -14.37824  6.89%     -    0s
     0     0  -14.37819    0   70  -13.45097  -14.37819  6.89%     -    0s
     0     0  -14.29973    0   70  -13.45097  -14.29973  6.31%     -    0s
     0     0  -14.28832    0   58  -13.45097  -14.28832  6.23%     -    0s
     0     0  -14.28794    0   78  -13.45097  -14.28794  6.22%     -    0s
     0     0  -14.28756    0   80  -13.45097  -14.28756  6.22%     -    0s
     0     0  -14.19290    0   72  -13.45097  -14.19290  5.52%     -    0s
     0     0  -14.13205    0   74  -13.45097  -14.13205  5.06%     -    0s
     0     0  -14.12556    0  129  -13.45097  -14.12556  5.02%     -    0s
     0     0  -14.12519    0   95  -13.45097  -14.12519  5.01%     -    0s
     0     0  -14.12496    0   88  -13.45097  -14.12496  5.01%     -    0s
     0     0  -14.12410    0  108  -13.45097  -14.12410  5.00%     -    0s
     0     0  -14.12337    0  106  -13.45097  -14.12337  5.00%     -    0s

Cutting planes:
  Gomory: 7
  Cover: 1
  Implied bound: 4
  Clique: 2
  MIR: 6
  Flow cover: 20
  Zero half: 2
  RLT: 46

Explored 1 nodes (3735 simplex iterations) in 0.89 seconds
Thread count was 4 (of 4 available processors)

Solution count 4: -13.451 -4.63163 -1.82966 -0.0102782 

Optimal solution found (tolerance 5.00e-02)
Best objective -1.345096546220e+01, best bound -1.412336583317e+01, gap 4.9989%
Gurobi Optimizer version 9.1.1 build v9.1.1rc0 (linux64)
Thread count: 2 physical cores, 4 logical processors, using up to 4 threads
Optimize a model with 15534 rows, 5222 columns and 40067 nonzeros
Model fingerprint: 0xca6f1cb9
Variable types: 1451 continuous, 3771 integer (3481 binary)
Coefficient statistics:
  Matrix range     [1e-02, 7e+05]
  Objective range  [1e-03, 1e+00]
  Bounds range     [1e+00, 1e+00]
  RHS range        [1e+00, 2e+05]

MIP start from previous solve did not produce a new incumbent solution
MIP start from previous solve violates constraint circular by 1.000000000

Presolve removed 13254 rows and 2755 columns
Presolve time: 0.06s
Presolved: 2280 rows, 2467 columns, 12614 nonzeros
Variable types: 551 continuous, 1916 integer (1916 binary)
Found heuristic solution: objective -0.0102782

Root relaxation: objective -1.559124e+01, 1287 iterations, 0.02 seconds

    Nodes    |    Current Node    |     Objective Bounds      |     Work
 Expl Unexpl |  Obj  Depth IntInf | Incumbent    BestBd   Gap | It/Node Time

     0     0  -15.59124    0   53   -0.01028  -15.59124      -     -    0s
H    0     0                      -1.8296581  -15.59124   752%     -    0s
     0     0  -15.35588    0   54   -1.82966  -15.35588   739%     -    0s
H    0     0                      -4.6316314  -15.35588   232%     -    0s
H    0     0                     -13.4509655  -15.35588  14.2%     -    0s
     0     0  -15.35588    0   57  -13.45097  -15.35588  14.2%     -    0s
     0     0  -15.16652    0   62  -13.45097  -15.16652  12.8%     -    0s
     0     0  -15.04315    0   65  -13.45097  -15.04315  11.8%     -    0s
     0     0  -14.80535    0   58  -13.45097  -14.80535  10.1%     -    0s
     0     0  -14.72438    0   63  -13.45097  -14.72438  9.47%     -    0s
     0     0  -14.63404    0   61  -13.45097  -14.63404  8.80%     -    0s
     0     0  -14.62899    0   61  -13.45097  -14.62899  8.76%     -    0s
     0     0  -14.60750    0   59  -13.45097  -14.60750  8.60%     -    0s
     0     0  -14.60604    0   62  -13.45097  -14.60604  8.59%     -    0s
     0     0  -14.60604    0   62  -13.45097  -14.60604  8.59%     -    0s
     0     0  -14.51019    0   66  -13.45097  -14.51019  7.87%     -    0s
     0     0  -14.47134    0   71  -13.45097  -14.47134  7.59%     -    0s
     0     0  -14.43952    0   62  -13.45097  -14.43952  7.35%     -    0s
     0     0  -14.42893    0   67  -13.45097  -14.42893  7.27%     -    0s
     0     0  -14.42762    0   65  -13.45097  -14.42762  7.26%     -    0s
     0     0  -14.42553    0   63  -13.45097  -14.42553  7.25%     -    0s
     0     0  -14.42542    0   63  -13.45097  -14.42542  7.24%     -    0s
     0     0  -14.39871    0   67  -13.45097  -14.39871  7.05%     -    0s
     0     0  -14.38818    0   67  -13.45097  -14.38818  6.97%     -    0s
     0     0  -14.38458    0   64  -13.45097  -14.38458  6.94%     -    0s
     0     0  -14.38344    0   65  -13.45097  -14.38344  6.93%     -    0s
     0     0  -14.38120    0   67  -13.45097  -14.38120  6.92%     -    0s
     0     0  -14.38120    0   67  -13.45097  -14.38120  6.92%     -    0s
     0     0  -14.37703    0   64  -13.45097  -14.37703  6.88%     -    0s
     0     0  -14.34858    0   69  -13.45097  -14.34858  6.67%     -    0s
     0     0  -14.34332    0   83  -13.45097  -14.34332  6.63%     -    0s
     0     0  -14.34310    0   83  -13.45097  -14.34310  6.63%     -    0s
     0     0  -14.34310    0   83  -13.45097  -14.34310  6.63%     -    0s
     0     0  -14.34101    0   84  -13.45097  -14.34101  6.62%     -    0s
     0     0  -14.34011    0   88  -13.45097  -14.34011  6.61%     -    0s
     0     0  -14.33886    0   84  -13.45097  -14.33886  6.60%     -    0s
     0     0  -14.33881    0   83  -13.45097  -14.33881  6.60%     -    0s
     0     0  -14.33246    0   78  -13.45097  -14.33246  6.55%     -    0s
     0     0  -14.33188    0   78  -13.45097  -14.33188  6.55%     -    0s
     0     0  -14.31267    0   75  -13.45097  -14.31267  6.41%     -    0s
     0     0  -14.26051    0   75  -13.45097  -14.26051  6.02%     -    0s
     0     0  -14.25929    0   75  -13.45097  -14.25929  6.01%     -    0s
     0     0  -14.25923    0   76  -13.45097  -14.25923  6.01%     -    0s
     0     0  -14.21984    0   61  -13.45097  -14.21984  5.72%     -    0s
     0     0  -14.19028    0   64  -13.45097  -14.19028  5.50%     -    0s
     0     0  -14.18499    0   58  -13.45097  -14.18499  5.46%     -    0s
     0     0  -14.18172    0   64  -13.45097  -14.18172  5.43%     -    0s
     0     0  -14.18154    0   64  -13.45097  -14.18154  5.43%     -    0s
     0     0  -14.16652    0   65  -13.45097  -14.16652  5.32%     -    0s
     0     0  -14.16463    0   65  -13.45097  -14.16463  5.31%     -    0s
     0     0  -14.16395    0   65  -13.45097  -14.16395  5.30%     -    0s
     0     0  -14.16336    0   65  -13.45097  -14.16336  5.30%     -    0s
     0     0  -14.16304    0   65  -13.45097  -14.16304  5.29%     -    0s
     0     0  -14.13854    0   65  -13.45097  -14.13854  5.11%     -    1s
     0     0  -14.13485    0   69  -13.45097  -14.13485  5.08%     -    1s
     0     0  -14.13298    0   65  -13.45097  -14.13298  5.07%     -    1s
     0     0  -14.13293    0   64  -13.45097  -14.13293  5.07%     -    1s
     0     0  -14.12685    0   64  -13.45097  -14.12685  5.02%     -    1s
     0     0  -14.12074    0   64  -13.45097  -14.12074  4.98%     -    1s

Cutting planes:
  Gomory: 6
  Cover: 1
  Clique: 3
  MIR: 6
  Flow cover: 21
  Zero half: 1
  RLT: 71

Explored 1 nodes (4180 simplex iterations) in 1.07 seconds
Thread count was 4 (of 4 available processors)

Solution count 4: -13.451 -4.63163 -1.82966 -0.0102782 

Optimal solution found (tolerance 5.00e-02)
Best objective -1.345096546220e+01, best bound -1.412073604019e+01, gap 4.9793%

Gurobi 9.1.1 (linux64) logging started Wed Dec  1 07:06:17 2021

Changed value of parameter LogFile to /home/aniket/python_scripts/Plasmids-Optimization/exp/2021-06-14__iterative_MILP_edge_novelty/output/sample_62/1.1.1/nplasmids_1/MILP/m.log
   Prev:   Default: 
Changed value of parameter TimeLimit to 240.0
   Prev: inf  Min: 0.0  Max: inf  Default: inf
Changed value of parameter MIPGap to 0.05
   Prev: 0.0001  Min: 0.0  Max: inf  Default: 0.0001
Gurobi Optimizer version 9.1.1 build v9.1.1rc0 (linux64)
Thread count: 2 physical cores, 4 logical processors, using up to 4 threads
Optimize a model with 14609 rows, 4908 columns and 37875 nonzeros
Model fingerprint: 0x0c9e9cb6
Variable types: 1351 continuous, 3557 integer (3287 binary)
Coefficient statistics:
  Matrix range     [1e-02, 7e+05]
  Objective range  [1e-03, 1e+00]
  Bounds range     [1e+00, 1e+00]
  RHS range        [1e+00, 2e+05]
Presolve removed 12499 rows and 2572 columns
Presolve time: 0.06s
Presolved: 2110 rows, 2336 columns, 12021 nonzeros
Variable types: 511 continuous, 1825 integer (1825 binary)
Found heuristic solution: objective -0.0102782

Root relaxation: objective -3.371440e+00, 1197 iterations, 0.03 seconds

    Nodes    |    Current Node    |     Objective Bounds      |     Work
 Expl Unexpl |  Obj  Depth IntInf | Incumbent    BestBd   Gap | It/Node Time

     0     0   -3.37144    0   21   -0.01028   -3.37144      -     -    0s
H    0     0                      -0.9686044   -3.37144   248%     -    0s
     0     0   -3.06613    0   38   -0.96860   -3.06613   217%     -    0s
H    0     0                      -2.9702031   -3.06613  3.23%     -    0s

Cutting planes:
  Gomory: 3
  Cover: 1
  Implied bound: 1
  Flow cover: 4
  RLT: 4
  Relax-and-lift: 1

Explored 1 nodes (1944 simplex iterations) in 0.21 seconds
Thread count was 4 (of 4 available processors)

Solution count 3: -2.9702 -0.968604 -0.0102782 

Optimal solution found (tolerance 5.00e-02)
Best objective -2.970203131233e+00, best bound -3.066127561813e+00, gap 3.2296%
Gurobi Optimizer version 9.1.1 build v9.1.1rc0 (linux64)
Thread count: 2 physical cores, 4 logical processors, using up to 4 threads
Optimize a model with 14610 rows, 4908 columns and 37876 nonzeros
Model fingerprint: 0xcfe05af2
Variable types: 1351 continuous, 3557 integer (3287 binary)
Coefficient statistics:
  Matrix range     [1e-02, 7e+05]
  Objective range  [1e-03, 1e+00]
  Bounds range     [1e+00, 1e+00]
  RHS range        [1e+00, 2e+05]

MIP start from previous solve did not produce a new incumbent solution
MIP start from previous solve violates constraint circular by 1.000000000

Presolve removed 12501 rows and 2573 columns
Presolve time: 0.06s
Presolved: 2109 rows, 2335 columns, 12018 nonzeros
Variable types: 511 continuous, 1824 integer (1824 binary)
Found heuristic solution: objective -0.0102782

Root relaxation: objective -3.056181e+00, 1188 iterations, 0.02 seconds

    Nodes    |    Current Node    |     Objective Bounds      |     Work
 Expl Unexpl |  Obj  Depth IntInf | Incumbent    BestBd   Gap | It/Node Time

     0     0   -3.05618    0   20   -0.01028   -3.05618      -     -    0s
H    0     0                      -0.9686044   -3.05618   216%     -    0s
     0     0   -2.80140    0   83   -0.96860   -2.80140   189%     -    0s
H    0     0                      -2.7124679   -2.80140  3.28%     -    0s

Cutting planes:
  Clique: 1
  Flow cover: 2
  RLT: 9

Explored 1 nodes (2140 simplex iterations) in 0.21 seconds
Thread count was 4 (of 4 available processors)

Solution count 3: -2.71247 -0.968604 -0.0102782 

Optimal solution found (tolerance 5.00e-02)
Best objective -2.712467861400e+00, best bound -2.801404840915e+00, gap 3.2788%
Gurobi Optimizer version 9.1.1 build v9.1.1rc0 (linux64)
Thread count: 2 physical cores, 4 logical processors, using up to 4 threads
Optimize a model with 14611 rows, 4908 columns and 37878 nonzeros
Model fingerprint: 0xd6755d3a
Variable types: 1351 continuous, 3557 integer (3287 binary)
Coefficient statistics:
  Matrix range     [1e-02, 7e+05]
  Objective range  [1e-03, 1e+00]
  Bounds range     [1e+00, 1e+00]
  RHS range        [1e+00, 2e+05]

MIP start from previous solve did not produce a new incumbent solution
MIP start from previous solve violates constraint circular by 1.000000000

Presolve removed 12501 rows and 2573 columns
Presolve time: 0.06s
Presolved: 2110 rows, 2335 columns, 12023 nonzeros
Variable types: 511 continuous, 1824 integer (1824 binary)
Found heuristic solution: objective -0.0102782

Root relaxation: objective -3.056181e+00, 1423 iterations, 0.03 seconds

    Nodes    |    Current Node    |     Objective Bounds      |     Work
 Expl Unexpl |  Obj  Depth IntInf | Incumbent    BestBd   Gap | It/Node Time

     0     0   -3.05618    0   18   -0.01028   -3.05618      -     -    0s
H    0     0                      -0.9686044   -3.05618   216%     -    0s
     0     0   -2.80140    0   19   -0.96860   -2.80140   189%     -    0s
H    0     0                      -2.7124679   -2.80140  3.28%     -    0s

Cutting planes:
  Implied bound: 1
  Clique: 1
  Flow cover: 2
  GUB cover: 1
  RLT: 10

Explored 1 nodes (2140 simplex iterations) in 0.20 seconds
Thread count was 4 (of 4 available processors)

Solution count 3: -2.71247 -0.968604 -0.0102782 

Optimal solution found (tolerance 5.00e-02)
Best objective -2.712467861400e+00, best bound -2.801404840915e+00, gap 3.2788%

Gurobi 9.1.1 (linux64) logging started Wed Dec  1 07:06:18 2021

Changed value of parameter LogFile to /home/aniket/python_scripts/Plasmids-Optimization/exp/2021-06-14__iterative_MILP_edge_novelty/output/sample_62/1.1.1/nplasmids_1/MILP/m.log
   Prev:   Default: 
Changed value of parameter TimeLimit to 240.0
   Prev: inf  Min: 0.0  Max: inf  Default: inf
Changed value of parameter MIPGap to 0.05
   Prev: 0.0001  Min: 0.0  Max: inf  Default: 0.0001
Gurobi Optimizer version 9.1.1 build v9.1.1rc0 (linux64)
Thread count: 2 physical cores, 4 logical processors, using up to 4 threads
Optimize a model with 14456 rows, 4856 columns and 37484 nonzeros
Model fingerprint: 0x6f1b86e4
Variable types: 1336 continuous, 3520 integer (3253 binary)
Coefficient statistics:
  Matrix range     [1e-02, 7e+05]
  Objective range  [1e-03, 1e+00]
  Bounds range     [1e+00, 1e+00]
  RHS range        [1e+00, 2e+05]
Presolve removed 12380 rows and 2545 columns
Presolve time: 0.06s
Presolved: 2076 rows, 2311 columns, 11981 nonzeros
Variable types: 505 continuous, 1806 integer (1806 binary)
Found heuristic solution: objective -0.0102782

Root relaxation: objective -2.088854e+00, 1322 iterations, 0.04 seconds

    Nodes    |    Current Node    |     Objective Bounds      |     Work
 Expl Unexpl |  Obj  Depth IntInf | Incumbent    BestBd   Gap | It/Node Time

     0     0   -2.08885    0   19   -0.01028   -2.08885      -     -    0s
H    0     0                      -0.9345301   -2.08885   124%     -    0s
     0     0   -2.02029    0   22   -0.93453   -2.02029   116%     -    0s
H    0     0                      -1.5496720   -2.02029  30.4%     -    0s
     0     0   -2.01770    0   23   -1.54967   -2.01770  30.2%     -    0s
     0     0   -1.95805    0   23   -1.54967   -1.95805  26.4%     -    0s
     0     0   -1.93304    0   22   -1.54967   -1.93304  24.7%     -    0s
     0     0   -1.85385    0   58   -1.54967   -1.85385  19.6%     -    0s
     0     0   -1.85343    0   57   -1.54967   -1.85343  19.6%     -    0s
     0     0   -1.78562    0   22   -1.54967   -1.78562  15.2%     -    0s
     0     0   -1.78367    0   22   -1.54967   -1.78367  15.1%     -    0s
     0     0   -1.78276    0   22   -1.54967   -1.78276  15.0%     -    0s
     0     0   -1.77708    0   20   -1.54967   -1.77708  14.7%     -    0s
     0     0   -1.77521    0   22   -1.54967   -1.77521  14.6%     -    0s
     0     0   -1.77471    0   22   -1.54967   -1.77471  14.5%     -    0s
     0     0   -1.77471    0   22   -1.54967   -1.77471  14.5%     -    0s
     0     2   -1.77471    0   22   -1.54967   -1.77471  14.5%     -    0s

Cutting planes:
  Cover: 1
  Implied bound: 23
  Clique: 3
  MIR: 12
  Flow cover: 14
  RLT: 31

Explored 18 nodes (5362 simplex iterations) in 0.58 seconds
Thread count was 4 (of 4 available processors)

Solution count 3: -1.54967 -0.93453 -0.0102782 

Optimal solution found (tolerance 5.00e-02)
Best objective -1.549671966646e+00, best bound -1.557624407354e+00, gap 0.5132%

Gurobi 9.1.1 (linux64) logging started Wed Dec  1 07:06:19 2021

Changed value of parameter LogFile to /home/aniket/python_scripts/Plasmids-Optimization/exp/2021-06-14__iterative_MILP_edge_novelty/output/sample_62/1.1.1/nplasmids_1/MILP/m.log
   Prev:   Default: 
Changed value of parameter TimeLimit to 240.0
   Prev: inf  Min: 0.0  Max: inf  Default: inf
Changed value of parameter MIPGap to 0.05
   Prev: 0.0001  Min: 0.0  Max: inf  Default: 0.0001
Gurobi Optimizer version 9.1.1 build v9.1.1rc0 (linux64)
Thread count: 2 physical cores, 4 logical processors, using up to 4 threads
Optimize a model with 14192 rows, 4766 columns and 36887 nonzeros
Model fingerprint: 0xb25e02b5
Variable types: 1306 continuous, 3460 integer (3199 binary)
Coefficient statistics:
  Matrix range     [1e-02, 7e+05]
  Objective range  [1e-03, 1e+00]
  Bounds range     [1e+00, 1e+00]
  RHS range        [1e+00, 2e+05]
Presolve removed 12168 rows and 2489 columns
Presolve time: 0.06s
Presolved: 2024 rows, 2277 columns, 11781 nonzeros
Variable types: 493 continuous, 1784 integer (1784 binary)
Found heuristic solution: objective -0.1914045

Root relaxation: objective -1.198571e+00, 812 iterations, 0.03 seconds

    Nodes    |    Current Node    |     Objective Bounds      |     Work
 Expl Unexpl |  Obj  Depth IntInf | Incumbent    BestBd   Gap | It/Node Time

     0     0   -1.19857    0    2   -0.19140   -1.19857   526%     -    0s
H    0     0                      -0.8641961   -1.19857  38.7%     -    0s
H    0     0                      -1.1279232   -1.19857  6.26%     -    0s
     0     0   -1.16638    0    2   -1.12792   -1.16638  3.41%     -    0s

Cutting planes:
  Gomory: 1
  MIR: 1
  Flow cover: 2
  RLT: 2

Explored 1 nodes (818 simplex iterations) in 0.13 seconds
Thread count was 4 (of 4 available processors)

Solution count 3: -1.12792 -0.864196 -0.191405 

Optimal solution found (tolerance 5.00e-02)
Best objective -1.127923216655e+00, best bound -1.166380178212e+00, gap 3.4095%
Gurobi Optimizer version 9.1.1 build v9.1.1rc0 (linux64)
Thread count: 2 physical cores, 4 logical processors, using up to 4 threads
Optimize a model with 14193 rows, 4766 columns and 36888 nonzeros
Model fingerprint: 0xb3442fea
Variable types: 1306 continuous, 3460 integer (3199 binary)
Coefficient statistics:
  Matrix range     [1e-02, 7e+05]
  Objective range  [1e-03, 1e+00]
  Bounds range     [1e+00, 1e+00]
  RHS range        [1e+00, 2e+05]

MIP start from previous solve did not produce a new incumbent solution
MIP start from previous solve violates constraint circular by 1.000000000

Presolve removed 12170 rows and 2490 columns
Presolve time: 0.06s
Presolved: 2023 rows, 2276 columns, 11778 nonzeros
Variable types: 493 continuous, 1783 integer (1783 binary)
Found heuristic solution: objective 0.0157380
Found heuristic solution: objective -0.0529128

Root relaxation: objective -8.641961e-01, 943 iterations, 0.03 seconds

    Nodes    |    Current Node    |     Objective Bounds      |     Work
 Expl Unexpl |  Obj  Depth IntInf | Incumbent    BestBd   Gap | It/Node Time

*    0     0               0      -0.8641961   -0.86420  0.00%     -    0s

Explored 0 nodes (943 simplex iterations) in 0.11 seconds
Thread count was 4 (of 4 available processors)

Solution count 3: -0.864196 -0.0529128 0.015738 

Optimal solution found (tolerance 5.00e-02)
Best objective -8.641961090046e-01, best bound -8.641961090046e-01, gap 0.0000%

Gurobi 9.1.1 (linux64) logging started Wed Dec  1 07:06:19 2021

Changed value of parameter LogFile to /home/aniket/python_scripts/Plasmids-Optimization/exp/2021-06-14__iterative_MILP_edge_novelty/output/sample_62/1.1.1/nplasmids_1/MILP/m.log
   Prev:   Default: 
Changed value of parameter TimeLimit to 240.0
   Prev: inf  Min: 0.0  Max: inf  Default: inf
Changed value of parameter MIPGap to 0.05
   Prev: 0.0001  Min: 0.0  Max: inf  Default: 0.0001
Gurobi Optimizer version 9.1.1 build v9.1.1rc0 (linux64)
Thread count: 2 physical cores, 4 logical processors, using up to 4 threads
Optimize a model with 14157 rows, 4754 columns and 36826 nonzeros
Model fingerprint: 0x80158c6b
Variable types: 1301 continuous, 3453 integer (3193 binary)
Coefficient statistics:
  Matrix range     [1e-02, 7e+05]
  Objective range  [1e-03, 1e+00]
  Bounds range     [1e+00, 1e+00]
  RHS range        [1e+00, 2e+05]
Presolve removed 12139 rows and 2480 columns
Presolve time: 0.06s
Presolved: 2018 rows, 2274 columns, 11749 nonzeros
Variable types: 491 continuous, 1783 integer (1783 binary)
Found heuristic solution: objective -0.2261178

Root relaxation: objective -1.144798e+00, 652 iterations, 0.02 seconds

    Nodes    |    Current Node    |     Objective Bounds      |     Work
 Expl Unexpl |  Obj  Depth IntInf | Incumbent    BestBd   Gap | It/Node Time

     0     0   -1.14480    0    2   -0.22612   -1.14480   406%     -    0s
H    0     0                      -0.8379722   -1.14480  36.6%     -    0s
H    0     0                      -1.1376608   -1.14480  0.63%     -    0s

Explored 1 nodes (652 simplex iterations) in 0.11 seconds
Thread count was 4 (of 4 available processors)

Solution count 3: -1.13766 -0.837972 -0.226118 

Optimal solution found (tolerance 5.00e-02)
Best objective -1.137660836040e+00, best bound -1.144798071030e+00, gap 0.6274%
Gurobi Optimizer version 9.1.1 build v9.1.1rc0 (linux64)
Thread count: 2 physical cores, 4 logical processors, using up to 4 threads
Optimize a model with 14158 rows, 4754 columns and 36827 nonzeros
Model fingerprint: 0x08186698
Variable types: 1301 continuous, 3453 integer (3193 binary)
Coefficient statistics:
  Matrix range     [1e-02, 7e+05]
  Objective range  [1e-03, 1e+00]
  Bounds range     [1e+00, 1e+00]
  RHS range        [1e+00, 2e+05]

MIP start from previous solve did not produce a new incumbent solution
MIP start from previous solve violates constraint circular by 1.000000000

Presolve removed 12141 rows and 2481 columns
Presolve time: 0.06s
Presolved: 2017 rows, 2273 columns, 11746 nonzeros
Variable types: 491 continuous, 1782 integer (1782 binary)
Found heuristic solution: objective -0.0529128

Root relaxation: objective -8.379722e-01, 658 iterations, 0.02 seconds

    Nodes    |    Current Node    |     Objective Bounds      |     Work
 Expl Unexpl |  Obj  Depth IntInf | Incumbent    BestBd   Gap | It/Node Time

*    0     0               0      -0.8379722   -0.83797  0.00%     -    0s

Explored 0 nodes (658 simplex iterations) in 0.10 seconds
Thread count was 4 (of 4 available processors)

Solution count 2: -0.837972 -0.0529128 

Optimal solution found (tolerance 5.00e-02)
Best objective -8.379721669980e-01, best bound -8.379721669980e-01, gap 0.0000%

Gurobi 9.1.1 (linux64) logging started Wed Dec  1 07:06:20 2021

Changed value of parameter LogFile to /home/aniket/python_scripts/Plasmids-Optimization/exp/2021-06-14__iterative_MILP_edge_novelty/output/sample_62/1.1.1/nplasmids_1/MILP/m.log
   Prev:   Default: 
Changed value of parameter TimeLimit to 240.0
   Prev: inf  Min: 0.0  Max: inf  Default: inf
Changed value of parameter MIPGap to 0.05
   Prev: 0.0001  Min: 0.0  Max: inf  Default: 0.0001
Gurobi Optimizer version 9.1.1 build v9.1.1rc0 (linux64)
Thread count: 2 physical cores, 4 logical processors, using up to 4 threads
Optimize a model with 14122 rows, 4742 columns and 36765 nonzeros
Model fingerprint: 0xe0cbd170
Variable types: 1296 continuous, 3446 integer (3187 binary)
Coefficient statistics:
  Matrix range     [1e-02, 7e+05]
  Objective range  [1e-03, 1e+00]
  Bounds range     [1e+00, 1e+00]
  RHS range        [1e+00, 2e+05]
Presolve removed 12110 rows and 2471 columns
Presolve time: 0.06s
Presolved: 2012 rows, 2271 columns, 11735 nonzeros
Variable types: 489 continuous, 1782 integer (1782 binary)
Found heuristic solution: objective -0.2261178
Found heuristic solution: objective -0.3383729

Explored 0 nodes (0 simplex iterations) in 0.08 seconds
Thread count was 4 (of 4 available processors)

Solution count 2: -0.338373 -0.226118 

Optimal solution found (tolerance 5.00e-02)
Best objective -3.383729301656e-01, best bound -3.383729301656e-01, gap 0.0000%

Gurobi 9.1.1 (linux64) logging started Wed Dec  1 07:06:20 2021

Changed value of parameter LogFile to /home/aniket/python_scripts/Plasmids-Optimization/exp/2021-06-14__iterative_MILP_edge_novelty/output/sample_62/1.1.1/nplasmids_1/MILP/m.log
   Prev:   Default: 
Changed value of parameter TimeLimit to 240.0
   Prev: inf  Min: 0.0  Max: inf  Default: inf
Changed value of parameter MIPGap to 0.05
   Prev: 0.0001  Min: 0.0  Max: inf  Default: 0.0001
Gurobi Optimizer version 9.1.1 build v9.1.1rc0 (linux64)
Thread count: 2 physical cores, 4 logical processors, using up to 4 threads
Optimize a model with 14084 rows, 4729 columns and 36691 nonzeros
Model fingerprint: 0x56944f06
Variable types: 1291 continuous, 3438 integer (3180 binary)
Coefficient statistics:
  Matrix range     [1e-02, 7e+05]
  Objective range  [1e-03, 1e+00]
  Bounds range     [1e+00, 1e+00]
  RHS range        [1e+00, 2e+05]
Presolve removed 12264 rows and 2641 columns
Presolve time: 0.08s
Presolved: 1820 rows, 2088 columns, 12508 nonzeros
Variable types: 448 continuous, 1640 integer (1640 binary)
Found heuristic solution: objective -0.0529128

Explored 0 nodes (0 simplex iterations) in 0.09 seconds
Thread count was 4 (of 4 available processors)

Solution count 1: -0.0529128 

Optimal solution found (tolerance 5.00e-02)
Best objective -5.291282115676e-02, best bound -5.291282115676e-02, gap 0.0000%

Gurobi 9.1.1 (linux64) logging started Wed Dec  1 07:06:21 2021

Changed value of parameter LogFile to /home/aniket/python_scripts/Plasmids-Optimization/exp/2021-06-14__iterative_MILP_edge_novelty/output/sample_62/1.1.1/nplasmids_1/MILP/m.log
   Prev:   Default: 
Changed value of parameter TimeLimit to 240.0
   Prev: inf  Min: 0.0  Max: inf  Default: inf
Changed value of parameter MIPGap to 0.05
   Prev: 0.0001  Min: 0.0  Max: inf  Default: 0.0001
Gurobi Optimizer version 9.1.1 build v9.1.1rc0 (linux64)
Thread count: 2 physical cores, 4 logical processors, using up to 4 threads
Optimize a model with 14037 rows, 4713 columns and 36578 nonzeros
Model fingerprint: 0x493d5ce1
Variable types: 1286 continuous, 3427 integer (3170 binary)
Coefficient statistics:
  Matrix range     [1e-02, 7e+05]
  Objective range  [1e-03, 1e+00]
  Bounds range     [1e+00, 1e+00]
  RHS range        [1e+00, 2e+05]
Presolve removed 5325 rows and 781 columns
Presolve time: 0.00s

Explored 0 nodes (0 simplex iterations) in 0.01 seconds
Thread count was 1 (of 4 available processors)

Solution count 0

Model is infeasible
Best objective -, best bound -, gap -

Computing Irreducible Inconsistent Subsystem (IIS)...

           Constraints          |            Bounds           |  Runtime
      Min       Max     Guess   |   Min       Max     Guess   |
--------------------------------------------------------------------------
        0     11320         -         0      1543         -           0s
      516       516         -         0         0         -           1s

IIS computed: 516 constraints, 0 bounds
IIS runtime: 1.40 seconds
Warning: linear constraint 0 and linear constraint 1 have the same name "counted_length"
