Iteration 1
1	deque([(('180_8', 'h'), ('175_1', 't')), (('119_0', 'h'), ('180_8', 't')), (('119_0', 't'), ('83_1', 't')), (('117_12', 'h'), ('83_1', 'h')), (('180_13', 'h'), ('117_12', 't')), (('114_0', 'h'), ('180_13', 't')), (('216_3', 't'), ('114_0', 't')), (('216_3', 'h'), ('184_3', 't')), (('289_0', 'h'), ('184_3', 'h')), (('244_3', 'h'), ('289_0', 't')), (('244_3', 't'), ('185_0', 't')), (('228_0', 'h'), ('185_0', 'h')), (('287_8', 'h'), ('228_0', 't')), (('219_9', 'h'), ('287_8', 't')), (('210_5', 'h'), ('219_9', 't')), (('309_9', 'h'), ('210_5', 't')), (('175_1', 'h'), ('309_9', 't'))])
1	deque([(('314_0', 'h'), ('100_0', 't')), (('43_1', 'h'), ('314_0', 't')), (('100_0', 'h'), ('43_1', 't'))])
1	deque([(('106_0', 'h'), ('29_0', 'h')), (('106_0', 't'), ('29_0', 't'))])

Chosen seed at iteration 1: 1
Chosen chr at iteration 1



Chosen seed at iteration 2: 2
Chosen chr at iteration 2



Chosen seed at iteration 3: 3
Chosen chr at iteration 3


Iteration 4
4	deque([(('173_1', 'h'), ('131_1', 'h')), (('164_0', 't'), ('131_1', 't')), (('164_0', 'h'), ('103_0', 't')), (('103_0', 'h'), ('62_0', 'h')), (('81_3', 'h'), ('62_0', 't')), (('154_1', 'h'), ('81_3', 't')), (('154_1', 't'), ('121_1', 't')), (('127_1', 'h'), ('121_1', 'h')), (('193_0', 'h'), ('127_1', 't')), (('125_0', 'h'), ('193_0', 't')), (('158_0', 'h'), ('125_0', 't')), (('215_0', 't'), ('158_0', 't')), (('215_0', 'h'), ('102_0', 'h')), (('173_1', 't'), ('102_0', 't'))])
4	deque([(('228_0', 'h'), ('185_0', 'h')), (('244_2', 't'), ('185_0', 't')), (('244_2', 'h'), ('289_0', 't')), (('289_0', 'h'), ('184_1', 'h')), (('216_0', 'h'), ('184_1', 't')), (('216_0', 't'), ('114_0', 't')), (('114_0', 'h'), ('180_15', 't')), (('180_15', 'h'), ('117_1', 't')), (('117_1', 'h'), ('83_1', 'h')), (('119_1', 't'), ('83_1', 't')), (('119_1', 'h'), ('180_4', 't')), (('180_4', 'h'), ('175_1', 't')), (('175_1', 'h'), ('309_12', 't')), (('309_12', 'h'), ('210_17', 't')), (('210_17', 'h'), ('219_14', 't')), (('219_14', 'h'), ('287_12', 't')), (('287_12', 'h'), ('228_0', 't'))])
4	deque([(('43_0', 'h'), ('314_2', 't')), (('314_2', 'h'), ('100_0', 't')), (('100_0', 'h'), ('43_0', 't'))])
4	deque([(('106_0', 'h'), ('29_1', 'h')), (('106_0', 't'), ('29_1', 't'))])

Chosen seed at iteration 4: 1
Chosen chr at iteration 4



Chosen seed at iteration 5: 2
Chosen chr at iteration 5



Chosen seed at iteration 6: 3
Chosen chr at iteration 6



Chosen seed at iteration 7: 4
Chosen chr at iteration 7


Iteration 1
1	deque([(('175_0', 'h'), ('309_7', 't')), (('309_7', 'h'), ('210_5', 't')), (('210_5', 'h'), ('219_20', 't')), (('219_20', 'h'), ('287_11', 't')), (('287_11', 'h'), ('286_20', 'h')), (('246_12', 'h'), ('286_20', 't')), (('211_5', 'h'), ('246_12', 't')), (('263_11', 'h'), ('211_5', 't')), (('321_1', 'h'), ('263_11', 't')), (('232_0', 'h'), ('321_1', 't')), (('319_0', 'h'), ('232_0', 't')), (('319_0', 't'), ('126_0', 't')), (('137_1', 'h'), ('126_0', 'h')), (('89_0', 'h'), ('137_1', 't')), (('98_0', 't'), ('89_0', 't')), (('98_0', 'h'), ('190_4', 't')), (('190_4', 'h'), ('197_1', 't')), (('197_1', 'h'), ('187_3', 'h')), (('268_1', 't'), ('187_3', 't')), (('268_1', 'h'), ('136_1', 'h')), (('285_5', 't'), ('136_1', 't')), (('285_5', 'h'), ('81_0', 'h')), (('154_0', 'h'), ('81_0', 't')), (('179_1', 't'), ('154_0', 't')), (('292_3', 'h'), ('179_1', 'h')), (('205_3', 'h'), ('292_3', 't')), (('205_3', 't'), ('58_0', 't')), (('58_0', 'h'), ('180_3', 't')), (('180_3', 'h'), ('175_0', 't'))])
1	deque([(('100_2', 'h'), ('43_1', 't')), (('43_1', 'h'), ('314_0', 't')), (('314_0', 'h'), ('100_2', 't'))])

Chosen seed at iteration 1: 1
Chosen chr at iteration 1



Chosen seed at iteration 2: 2
Chosen chr at iteration 2


Iteration 3
3	deque([(('43_1', 'h'), ('314_1', 't')), (('314_1', 'h'), ('100_3', 't')), (('100_3', 'h'), ('43_1', 't'))])

Chosen seed at iteration 3: 1
Chosen chr at iteration 3


Iteration 4
4	deque([(('314_0', 'h'), ('100_1', 't')), (('43_1', 'h'), ('314_0', 't')), (('100_1', 'h'), ('43_1', 't'))])

Chosen seed at iteration 4: 1
Chosen chr at iteration 4


Iteration 1
1	deque([(('81_5', 'h'), ('55_0', 'h')), (('154_4', 'h'), ('81_5', 't')), (('179_4', 't'), ('154_4', 't')), (('292_4', 'h'), ('179_4', 'h')), (('205_3', 'h'), ('292_4', 't')), (('205_3', 't'), ('58_0', 't')), (('58_0', 'h'), ('180_2', 't')), (('180_2', 'h'), ('117_10', 't')), (('117_10', 'h'), ('87_0', 'h')), (('123_0', 'h'), ('87_0', 't')), (('107_0', 'h'), ('123_0', 't')), (('107_0', 't'), ('53_0', 't')), (('53_0', 'h'), ('309_3', 't')), (('309_3', 'h'), ('210_19', 't')), (('210_19', 'h'), ('219_13', 't')), (('219_13', 'h'), ('287_6', 't')), (('287_6', 'h'), ('286_7', 'h')), (('246_11', 'h'), ('286_7', 't')), (('211_2', 'h'), ('246_11', 't')), (('263_12', 'h'), ('211_2', 't')), (('321_6', 'h'), ('263_12', 't')), (('321_6', 't'), ('233_3', 't')), (('233_3', 'h'), ('198_9', 't')), (('198_9', 'h'), ('41_0', 't')), (('41_0', 'h'), ('95_2', 't')), (('95_2', 'h'), ('49_0', 't')), (('49_0', 'h'), ('253_1', 't')), (('253_1', 'h'), ('249_3', 't')), (('249_3', 'h'), ('294_8', 't')), (('294_8', 'h'), ('198_4', 'h')), (('330_1', 't'), ('198_4', 't')), (('330_1', 'h'), ('89_0', 't')), (('89_0', 'h'), ('137_1', 't')), (('137_1', 'h'), ('126_1', 'h')), (('35_1', 'h'), ('126_1', 't')), (('195_5', 't'), ('35_1', 't')), (('195_5', 'h'), ('159_4', 't')), (('159_4', 'h'), ('139_2', 't')), (('139_2', 'h'), ('239_2', 't')), (('239_2', 'h'), ('237_3', 't')), (('237_3', 'h'), ('182_1', 't')), (('182_1', 'h'), ('118_0', 'h')), (('217_1', 'h'), ('118_0', 't')), (('217_1', 't'), ('202_2', 't')), (('202_2', 'h'), ('306_0', 't')), (('306_0', 'h'), ('134_0', 't')), (('134_0', 'h'), ('203_1', 't')), (('203_1', 'h'), ('147_1', 'h')), (('240_1', 'h'), ('147_1', 't')), (('250_2', 't'), ('240_1', 't')), (('279_2', 'h'), ('250_2', 'h')), (('279_2', 't'), ('55_0', 't'))])

Chosen seed at iteration 1: 1
Chosen chr at iteration 1


Iteration 2
2	deque([(('89_0', 'h'), ('137_2', 't')), (('330_1', 'h'), ('89_0', 't')), (('330_1', 't'), ('198_9', 't')), (('294_10', 'h'), ('198_9', 'h')), (('249_13', 'h'), ('294_10', 't')), (('253_12', 'h'), ('249_13', 't')), (('49_1', 'h'), ('253_12', 't')), (('95_2', 'h'), ('49_1', 't')), (('41_0', 'h'), ('95_2', 't')), (('198_0', 'h'), ('41_0', 't')), (('233_2', 'h'), ('198_0', 't')), (('321_3', 't'), ('233_2', 't')), (('321_3', 'h'), ('263_11', 't')), (('263_11', 'h'), ('211_16', 't')), (('211_16', 'h'), ('246_6', 't')), (('246_6', 'h'), ('286_6', 't')), (('287_0', 'h'), ('286_6', 'h')), (('219_0', 'h'), ('287_0', 't')), (('210_16', 'h'), ('219_0', 't')), (('309_8', 'h'), ('210_16', 't')), (('53_0', 'h'), ('309_8', 't')), (('107_1', 't'), ('53_0', 't')), (('107_1', 'h'), ('123_1', 't')), (('123_1', 'h'), ('87_0', 't')), (('117_3', 'h'), ('87_0', 'h')), (('180_8', 'h'), ('117_3', 't')), (('58_0', 'h'), ('180_8', 't')), (('205_1', 't'), ('58_0', 't')), (('205_1', 'h'), ('292_4', 't')), (('292_4', 'h'), ('179_4', 'h')), (('179_4', 't'), ('154_5', 't')), (('154_5', 'h'), ('81_5', 't')), (('81_5', 'h'), ('55_1', 'h')), (('279_2', 't'), ('55_1', 't')), (('279_2', 'h'), ('250_0', 'h')), (('250_0', 't'), ('240_1', 't')), (('240_1', 'h'), ('147_1', 't')), (('203_1', 'h'), ('147_1', 'h')), (('134_1', 'h'), ('203_1', 't')), (('306_0', 'h'), ('134_1', 't')), (('202_3', 'h'), ('306_0', 't')), (('217_3', 't'), ('202_3', 't')), (('217_3', 'h'), ('118_1', 't')), (('182_3', 'h'), ('118_1', 'h')), (('237_3', 'h'), ('182_3', 't')), (('239_1', 'h'), ('237_3', 't')), (('139_2', 'h'), ('239_1', 't')), (('159_8', 'h'), ('139_2', 't')), (('195_1', 'h'), ('159_8', 't')), (('195_1', 't'), ('35_0', 't')), (('35_0', 'h'), ('126_1', 't')), (('137_2', 'h'), ('126_1', 'h'))])

Chosen seed at iteration 2: 1
Chosen chr at iteration 2


Iteration 3
Iteration 1
1	deque([(('123_1', 'h'), ('117_13', 'h')), (('107_0', 'h'), ('123_1', 't')), (('107_0', 't'), ('53_1', 't')), (('53_1', 'h'), ('309_13', 't')), (('309_13', 'h'), ('210_1', 't')), (('210_1', 'h'), ('219_18', 't')), (('219_18', 'h'), ('287_9', 't')), (('287_9', 'h'), ('286_9', 'h')), (('246_5', 'h'), ('286_9', 't')), (('211_15', 'h'), ('246_5', 't')), (('263_3', 'h'), ('211_15', 't')), (('321_2', 'h'), ('263_3', 't')), (('321_2', 't'), ('244_3', 't')), (('244_3', 'h'), ('289_3', 't')), (('289_3', 'h'), ('184_2', 'h')), (('216_2', 'h'), ('184_2', 't')), (('216_2', 't'), ('114_1', 't')), (('114_1', 'h'), ('180_3', 't')), (('180_3', 'h'), ('117_13', 't'))])

Chosen seed at iteration 1: 1
Chosen chr at iteration 1


Iteration 2
2	deque([(('244_1', 'h'), ('289_2', 't')), (('321_1', 't'), ('244_1', 't')), (('321_1', 'h'), ('263_1', 't')), (('263_1', 'h'), ('211_2', 't')), (('211_2', 'h'), ('246_11', 't')), (('246_11', 'h'), ('286_3', 't')), (('287_21', 'h'), ('286_3', 'h')), (('219_7', 'h'), ('287_21', 't')), (('210_1', 'h'), ('219_7', 't')), (('309_5', 'h'), ('210_1', 't')), (('53_1', 'h'), ('309_5', 't')), (('107_0', 't'), ('53_1', 't')), (('107_0', 'h'), ('123_1', 't')), (('123_1', 'h'), ('117_13', 'h')), (('180_8', 'h'), ('117_13', 't')), (('114_1', 'h'), ('180_8', 't')), (('216_2', 't'), ('114_1', 't')), (('216_2', 'h'), ('184_0', 't')), (('289_2', 'h'), ('184_0', 'h'))])

Chosen seed at iteration 2: 1
Chosen chr at iteration 2


Iteration 3
3	deque([(('210_1', 'h'), ('219_4', 't')), (('219_4', 'h'), ('287_16', 't')), (('287_16', 'h'), ('286_9', 'h')), (('246_13', 'h'), ('286_9', 't')), (('211_14', 'h'), ('246_13', 't')), (('263_0', 'h'), ('211_14', 't')), (('321_3', 'h'), ('263_0', 't')), (('321_3', 't'), ('244_3', 't')), (('244_3', 'h'), ('289_3', 't')), (('289_3', 'h'), ('184_4', 'h')), (('216_2', 'h'), ('184_4', 't')), (('216_2', 't'), ('114_1', 't')), (('114_1', 'h'), ('180_2', 't')), (('180_2', 'h'), ('117_9', 't')), (('123_1', 'h'), ('117_9', 'h')), (('107_0', 'h'), ('123_1', 't')), (('107_0', 't'), ('53_1', 't')), (('53_1', 'h'), ('309_13', 't')), (('309_13', 'h'), ('210_1', 't'))])

Chosen seed at iteration 3: 1
Chosen chr at iteration 3


Iteration 4
4	deque([(('210_4', 'h'), ('219_7', 't')), (('309_10', 'h'), ('210_4', 't')), (('53_1', 'h'), ('309_10', 't')), (('107_0', 't'), ('53_1', 't')), (('107_0', 'h'), ('123_1', 't')), (('123_1', 'h'), ('117_12', 'h')), (('180_10', 'h'), ('117_12', 't')), (('114_1', 'h'), ('180_10', 't')), (('216_2', 't'), ('114_1', 't')), (('216_2', 'h'), ('184_0', 't')), (('289_3', 'h'), ('184_0', 'h')), (('244_4', 'h'), ('289_3', 't')), (('321_11', 't'), ('244_4', 't')), (('321_11', 'h'), ('263_2', 't')), (('263_2', 'h'), ('211_9', 't')), (('211_9', 'h'), ('246_15', 't')), (('246_15', 'h'), ('286_6', 't')), (('287_7', 'h'), ('286_6', 'h')), (('219_7', 'h'), ('287_7', 't'))])

Chosen seed at iteration 4: 1
Chosen chr at iteration 4


Iteration 1
1	deque([(('211_4', 'h'), ('246_2', 't')), (('246_2', 'h'), ('286_9', 't')), (('287_22', 'h'), ('286_9', 'h')), (('219_15', 'h'), ('287_22', 't')), (('15_1', 'h'), ('219_15', 't')), (('99_0', 't'), ('15_1', 't')), (('153_0', 'h'), ('99_0', 'h')), (('153_0', 't'), ('95_0', 't')), (('95_0', 'h'), ('49_0', 't')), (('49_0', 'h'), ('253_16', 't')), (('253_16', 'h'), ('249_3', 't')), (('249_3', 'h'), ('294_4', 't')), (('294_4', 'h'), ('198_8', 'h')), (('233_9', 'h'), ('198_8', 't')), (('321_0', 't'), ('233_9', 't')), (('321_0', 'h'), ('263_10', 't')), (('263_10', 'h'), ('211_4', 't'))])
1	deque([(('117_11', 'h'), ('54_0', 'h')), (('180_8', 'h'), ('117_11', 't')), (('180_8', 't'), ('54_0', 't'))])

Chosen seed at iteration 1: 1
Chosen chr at iteration 1



Chosen seed at iteration 2: 2
Chosen chr at iteration 2


Iteration 3
3	deque([(('246_11', 'h'), ('286_16', 't')), (('211_2', 'h'), ('246_11', 't')), (('263_0', 'h'), ('211_2', 't')), (('321_10', 'h'), ('263_0', 't')), (('321_10', 't'), ('233_9', 't')), (('233_9', 'h'), ('198_13', 't')), (('294_4', 'h'), ('198_13', 'h')), (('249_5', 'h'), ('294_4', 't')), (('253_7', 'h'), ('249_5', 't')), (('49_0', 'h'), ('253_7', 't')), (('95_3', 'h'), ('49_0', 't')), (('153_0', 't'), ('95_3', 't')), (('153_0', 'h'), ('99_1', 'h')), (('99_1', 't'), ('15_0', 't')), (('15_0', 'h'), ('219_2', 't')), (('219_2', 'h'), ('287_21', 't')), (('287_21', 'h'), ('286_16', 'h'))])
3	deque([(('180_9', 'h'), ('117_11', 't')), (('180_9', 't'), ('54_0', 't')), (('117_11', 'h'), ('54_0', 'h'))])

Chosen seed at iteration 3: 1
Chosen chr at iteration 3



Chosen seed at iteration 4: 2
Chosen chr at iteration 4


Iteration 1
Iteration 1
Iteration 1
Iteration 1
Iteration 1
Iteration 1
Iteration 1
Iteration 1
Iteration 1
Iteration 1
1	deque([(('14_1', 'h'), ('100_3', 't'))])

Chosen seed at iteration 1: 1
Chosen chr at iteration 1


Iteration 2
Iteration 1
Iteration 1
Iteration 1
Iteration 1
Iteration 1
Iteration 1
Iteration 1
Iteration 1
Iteration 1
Iteration 1
Iteration 1
Iteration 1
Iteration 1
Iteration 1
Iteration 1
Iteration 1
Iteration 1
Iteration 1
Iteration 1
Iteration 1
Iteration 1
Iteration 1
Iteration 1
Iteration 1
Iteration 1
Iteration 1
Iteration 1
Iteration 1
Iteration 1
Iteration 1
