Iteration 1
1	deque([(('23_15', 'h'), ('23_15', 't'))])
1	deque([(('23_17', 'h'), ('23_9', 't')), (('23_21', 'h'), ('23_17', 't')), (('23_22', 'h'), ('23_21', 't')), (('23_8', 'h'), ('23_22', 't')), (('23_11', 'h'), ('23_8', 't')), (('23_19', 'h'), ('23_11', 't')), (('23_18', 'h'), ('23_19', 't')), (('23_9', 'h'), ('23_18', 't'))])
1	deque([(('23_16', 'h'), ('23_7', 't')), (('23_0', 'h'), ('23_16', 't')), (('23_6', 'h'), ('23_0', 't')), (('23_14', 'h'), ('23_6', 't')), (('23_13', 'h'), ('23_14', 't')), (('23_4', 'h'), ('23_13', 't')), (('23_1', 'h'), ('23_4', 't')), (('23_3', 'h'), ('23_1', 't')), (('23_2', 'h'), ('23_3', 't')), (('23_10', 'h'), ('23_2', 't')), (('23_12', 'h'), ('23_10', 't')), (('23_20', 'h'), ('23_12', 't')), (('23_7', 'h'), ('23_20', 't'))])
1	deque([(('23_5', 'h'), ('23_5', 't'))])

Chosen seed at iteration 1: 4
Chosen chr at iteration 1


Iteration 2
2	deque([(('23_21', 'h'), ('23_2', 't')), (('23_2', 'h'), ('23_15', 't')), (('23_15', 'h'), ('23_16', 't')), (('23_16', 'h'), ('23_8', 't')), (('23_8', 'h'), ('23_17', 't')), (('23_17', 'h'), ('23_10', 't')), (('23_10', 'h'), ('23_3', 't')), (('23_3', 'h'), ('23_1', 't')), (('23_1', 'h'), ('23_4', 't')), (('23_4', 'h'), ('23_9', 't')), (('23_9', 'h'), ('23_14', 't')), (('23_14', 'h'), ('23_7', 't')), (('23_7', 'h'), ('23_21', 't'))])
2	deque([(('23_5', 'h'), ('23_6', 't')), (('23_6', 'h'), ('23_0', 't')), (('23_0', 'h'), ('23_19', 't')), (('23_19', 'h'), ('23_12', 't')), (('23_12', 'h'), ('23_11', 't')), (('23_11', 'h'), ('23_18', 't')), (('23_18', 'h'), ('23_5', 't'))])
2	deque([(('23_22', 'h'), ('23_22', 't'))])
2	deque([(('23_13', 'h'), ('23_20', 't')), (('23_20', 'h'), ('23_13', 't'))])

Chosen seed at iteration 2: 3
Chosen chr at iteration 2


Iteration 3
3	deque([(('23_16', 'h'), ('23_8', 't')), (('23_8', 'h'), ('23_17', 't')), (('23_17', 'h'), ('23_10', 't')), (('23_10', 'h'), ('23_22', 't')), (('23_22', 'h'), ('23_3', 't')), (('23_3', 'h'), ('23_1', 't')), (('23_1', 'h'), ('23_4', 't')), (('23_4', 'h'), ('23_9', 't')), (('23_9', 'h'), ('23_14', 't')), (('23_14', 'h'), ('23_7', 't')), (('23_7', 'h'), ('23_21', 't')), (('23_21', 'h'), ('23_2', 't')), (('23_2', 'h'), ('23_15', 't')), (('23_15', 'h'), ('23_16', 't'))])
3	deque([(('23_19', 'h'), ('23_12', 't')), (('23_0', 'h'), ('23_19', 't')), (('23_6', 'h'), ('23_0', 't')), (('23_5', 'h'), ('23_6', 't')), (('23_18', 'h'), ('23_5', 't')), (('23_11', 'h'), ('23_18', 't')), (('23_12', 'h'), ('23_11', 't'))])
3	deque([(('23_20', 'h'), ('23_13', 't')), (('23_13', 'h'), ('23_20', 't'))])

Chosen seed at iteration 3: 2
Chosen chr at iteration 3


Iteration 4
4	deque([(('23_10', 'h'), ('23_11', 't')), (('23_11', 'h'), ('23_10', 't'))])
4	deque([(('23_18', 'h'), ('23_8', 't')), (('23_8', 'h'), ('23_21', 't')), (('23_21', 'h'), ('23_3', 't')), (('23_3', 'h'), ('23_1', 't')), (('23_1', 'h'), ('23_9', 't')), (('23_9', 'h'), ('23_2', 't')), (('23_2', 'h'), ('23_17', 't')), (('23_17', 'h'), ('23_20', 't')), (('23_20', 'h'), ('23_6', 't')), (('23_6', 'h'), ('23_22', 't')), (('23_22', 'h'), ('23_7', 't')), (('23_7', 'h'), ('23_13', 't')), (('23_13', 'h'), ('23_12', 't')), (('23_12', 'h'), ('23_16', 't')), (('23_16', 'h'), ('23_14', 't')), (('23_14', 'h'), ('23_15', 't')), (('23_15', 'h'), ('23_19', 't')), (('23_19', 'h'), ('23_18', 't'))])
4	deque([(('23_0', 'h'), ('23_4', 't')), (('23_4', 'h'), ('23_5', 't')), (('23_5', 'h'), ('23_0', 't'))])

Chosen seed at iteration 4: 1
Chosen chr at iteration 4


Iteration 5
5	deque([(('23_12', 'h'), ('23_16', 't')), (('23_16', 'h'), ('23_11', 't')), (('23_11', 'h'), ('23_15', 't')), (('23_15', 'h'), ('23_19', 't')), (('23_19', 'h'), ('23_22', 't')), (('23_22', 'h'), ('23_7', 't')), (('23_7', 'h'), ('23_13', 't')), (('23_13', 'h'), ('23_12', 't'))])
5	deque([(('23_1', 'h'), ('23_9', 't')), (('23_9', 'h'), ('23_2', 't')), (('23_2', 'h'), ('23_17', 't')), (('23_17', 'h'), ('23_20', 't')), (('23_20', 'h'), ('23_14', 't')), (('23_14', 'h'), ('23_18', 't')), (('23_18', 'h'), ('23_8', 't')), (('23_8', 'h'), ('23_21', 't')), (('23_21', 'h'), ('23_3', 't')), (('23_3', 'h'), ('23_1', 't'))])
5	deque([(('23_5', 'h'), ('23_0', 't')), (('23_0', 'h'), ('23_4', 't')), (('23_4', 'h'), ('23_5', 't'))])
5	deque([(('23_10', 'h'), ('23_10', 't'))])
5	deque([(('23_6', 'h'), ('23_6', 't'))])

Chosen seed at iteration 5: 5
Chosen chr at iteration 5


Iteration 6
6	deque([(('23_8', 'h'), ('23_22', 't')), (('23_1', 'h'), ('23_8', 't')), (('23_6', 'h'), ('23_1', 't')), (('23_15', 'h'), ('23_6', 't')), (('23_16', 'h'), ('23_15', 't')), (('23_11', 'h'), ('23_16', 't')), (('23_12', 'h'), ('23_11', 't')), (('23_10', 'h'), ('23_12', 't')), (('23_19', 'h'), ('23_10', 't')), (('23_14', 'h'), ('23_19', 't')), (('23_13', 'h'), ('23_14', 't')), (('23_22', 'h'), ('23_13', 't'))])
6	deque([(('23_9', 'h'), ('23_3', 't')), (('23_18', 'h'), ('23_9', 't')), (('23_0', 'h'), ('23_18', 't')), (('23_5', 'h'), ('23_0', 't')), (('23_4', 'h'), ('23_5', 't')), (('23_21', 'h'), ('23_4', 't')), (('23_7', 'h'), ('23_21', 't')), (('23_20', 'h'), ('23_7', 't')), (('23_17', 'h'), ('23_20', 't')), (('23_2', 'h'), ('23_17', 't')), (('23_3', 'h'), ('23_2', 't'))])

Chosen seed at iteration 6: 1
Chosen chr at iteration 6


Iteration 7
7	deque([(('23_3', 'h'), ('23_1', 't')), (('23_21', 'h'), ('23_3', 't')), (('23_8', 'h'), ('23_21', 't')), (('23_18', 'h'), ('23_8', 't')), (('23_14', 'h'), ('23_18', 't')), (('23_0', 'h'), ('23_14', 't')), (('23_5', 'h'), ('23_0', 't')), (('23_6', 'h'), ('23_5', 't')), (('23_20', 'h'), ('23_6', 't')), (('23_17', 'h'), ('23_20', 't')), (('23_2', 'h'), ('23_17', 't')), (('23_9', 'h'), ('23_2', 't')), (('23_1', 'h'), ('23_9', 't'))])
7	deque([(('23_16', 'h'), ('23_11', 't')), (('23_12', 'h'), ('23_16', 't')), (('23_13', 'h'), ('23_12', 't')), (('23_7', 'h'), ('23_13', 't')), (('23_22', 'h'), ('23_7', 't')), (('23_19', 'h'), ('23_22', 't')), (('23_15', 'h'), ('23_19', 't')), (('23_11', 'h'), ('23_15', 't'))])
7	deque([(('23_10', 'h'), ('23_10', 't'))])
7	deque([(('23_4', 'h'), ('23_4', 't'))])

Chosen seed at iteration 7: 4
Chosen chr at iteration 7


Iteration 8
8	deque([(('23_6', 'h'), ('23_2', 't')), (('23_15', 'h'), ('23_6', 't')), (('23_16', 'h'), ('23_15', 't')), (('23_11', 'h'), ('23_16', 't')), (('23_12', 'h'), ('23_11', 't')), (('23_10', 'h'), ('23_12', 't')), (('23_19', 'h'), ('23_10', 't')), (('23_14', 'h'), ('23_19', 't')), (('23_13', 'h'), ('23_14', 't')), (('23_22', 'h'), ('23_13', 't')), (('23_8', 'h'), ('23_22', 't')), (('23_1', 'h'), ('23_8', 't')), (('23_3', 'h'), ('23_1', 't')), (('23_9', 'h'), ('23_3', 't')), (('23_18', 'h'), ('23_9', 't')), (('23_0', 'h'), ('23_18', 't')), (('23_5', 'h'), ('23_0', 't')), (('23_4', 'h'), ('23_5', 't')), (('23_21', 'h'), ('23_4', 't')), (('23_7', 'h'), ('23_21', 't')), (('23_20', 'h'), ('23_7', 't')), (('23_17', 'h'), ('23_20', 't')), (('23_2', 'h'), ('23_17', 't'))])

Chosen seed at iteration 8: 1
Chosen chr at iteration 8


Iteration 9
9	deque([(('23_14', 'h'), ('23_15', 't')), (('23_16', 'h'), ('23_14', 't')), (('23_12', 'h'), ('23_16', 't')), (('23_22', 'h'), ('23_12', 't')), (('23_19', 'h'), ('23_22', 't')), (('23_15', 'h'), ('23_19', 't'))])
9	deque([(('23_20', 'h'), ('23_6', 't')), (('23_6', 'h'), ('23_7', 't')), (('23_7', 'h'), ('23_0', 't')), (('23_0', 'h'), ('23_4', 't')), (('23_4', 'h'), ('23_5', 't')), (('23_5', 'h'), ('23_1', 't')), (('23_1', 'h'), ('23_9', 't')), (('23_9', 'h'), ('23_18', 't')), (('23_18', 'h'), ('23_8', 't')), (('23_8', 'h'), ('23_2', 't')), (('23_2', 'h'), ('23_17', 't')), (('23_17', 'h'), ('23_20', 't'))])
9	deque([(('23_3', 'h'), ('23_21', 't')), (('23_21', 'h'), ('23_3', 't'))])
9	deque([(('23_10', 'h'), ('23_10', 't'))])
9	deque([(('23_11', 'h'), ('23_11', 't'))])
9	deque([(('23_13', 'h'), ('23_13', 't'))])

Chosen seed at iteration 9: 1
Chosen chr at iteration 9


Iteration 10
10	deque([(('23_20', 'h'), ('23_18', 't')), (('23_21', 'h'), ('23_20', 't')), (('23_10', 'h'), ('23_21', 't')), (('23_16', 'h'), ('23_10', 't')), (('23_0', 'h'), ('23_16', 't')), (('23_13', 'h'), ('23_0', 't')), (('23_17', 'h'), ('23_13', 't')), (('23_8', 'h'), ('23_17', 't')), (('23_15', 'h'), ('23_8', 't')), (('23_7', 'h'), ('23_15', 't')), (('23_5', 'h'), ('23_7', 't')), (('23_2', 'h'), ('23_5', 't')), (('23_19', 'h'), ('23_2', 't')), (('23_14', 'h'), ('23_19', 't')), (('23_1', 'h'), ('23_14', 't')), (('23_6', 'h'), ('23_1', 't')), (('23_4', 'h'), ('23_6', 't')), (('23_9', 'h'), ('23_4', 't')), (('23_22', 'h'), ('23_9', 't')), (('23_18', 'h'), ('23_22', 't'))])
10	deque([(('23_3', 'h'), ('23_3', 't'))])
10	deque([(('23_11', 'h'), ('23_12', 't')), (('23_12', 'h'), ('23_11', 't'))])

Chosen seed at iteration 10: 2
Chosen chr at iteration 10


Iteration 11
11	deque([(('23_14', 'h'), ('23_19', 't')), (('23_13', 'h'), ('23_14', 't')), (('23_22', 'h'), ('23_13', 't')), (('23_8', 'h'), ('23_22', 't')), (('23_6', 'h'), ('23_8', 't')), (('23_4', 'h'), ('23_6', 't')), (('23_21', 'h'), ('23_4', 't')), (('23_3', 'h'), ('23_21', 't')), (('23_9', 'h'), ('23_3', 't')), (('23_1', 'h'), ('23_9', 't')), (('23_5', 'h'), ('23_1', 't')), (('23_18', 'h'), ('23_5', 't')), (('23_0', 'h'), ('23_18', 't')), (('23_7', 'h'), ('23_0', 't')), (('23_20', 'h'), ('23_7', 't')), (('23_17', 'h'), ('23_20', 't')), (('23_2', 'h'), ('23_17', 't')), (('23_15', 'h'), ('23_2', 't')), (('23_16', 'h'), ('23_15', 't')), (('23_11', 'h'), ('23_16', 't')), (('23_12', 'h'), ('23_11', 't')), (('23_10', 'h'), ('23_12', 't')), (('23_19', 'h'), ('23_10', 't'))])

Chosen seed at iteration 11: 1
Chosen chr at iteration 11


Iteration 12
12	deque([(('23_2', 'h'), ('23_4', 't')), (('23_5', 'h'), ('23_2', 't')), (('23_10', 'h'), ('23_5', 't')), (('23_16', 'h'), ('23_10', 't')), (('23_4', 'h'), ('23_16', 't'))])
12	deque([(('23_8', 'h'), ('23_19', 't')), (('23_19', 'h'), ('23_14', 't')), (('23_14', 'h'), ('23_9', 't')), (('23_9', 'h'), ('23_21', 't')), (('23_21', 'h'), ('23_20', 't')), (('23_20', 'h'), ('23_15', 't')), (('23_15', 'h'), ('23_18', 't')), (('23_18', 'h'), ('23_7', 't')), (('23_7', 'h'), ('23_1', 't')), (('23_1', 'h'), ('23_8', 't'))])
12	deque([(('23_13', 'h'), ('23_22', 't')), (('23_22', 'h'), ('23_6', 't')), (('23_6', 'h'), ('23_3', 't')), (('23_3', 'h'), ('23_0', 't')), (('23_0', 'h'), ('23_17', 't')), (('23_17', 'h'), ('23_12', 't')), (('23_12', 'h'), ('23_13', 't'))])
12	deque([(('23_11', 'h'), ('23_11', 't'))])

Chosen seed at iteration 12: 4
Chosen chr at iteration 12


Iteration 13
13	deque([(('23_20', 'h'), ('23_16', 't')), (('23_12', 'h'), ('23_20', 't')), (('23_13', 'h'), ('23_12', 't')), (('23_17', 'h'), ('23_13', 't')), (('23_0', 'h'), ('23_17', 't')), (('23_3', 'h'), ('23_0', 't')), (('23_6', 'h'), ('23_3', 't')), (('23_22', 'h'), ('23_6', 't')), (('23_4', 'h'), ('23_22', 't')), (('23_1', 'h'), ('23_4', 't')), (('23_7', 'h'), ('23_1', 't')), (('23_21', 'h'), ('23_7', 't')), (('23_11', 'h'), ('23_21', 't')), (('23_16', 'h'), ('23_11', 't'))])
13	deque([(('23_9', 'h'), ('23_15', 't')), (('23_2', 'h'), ('23_9', 't')), (('23_5', 'h'), ('23_2', 't')), (('23_10', 'h'), ('23_5', 't')), (('23_14', 'h'), ('23_10', 't')), (('23_19', 'h'), ('23_14', 't')), (('23_15', 'h'), ('23_19', 't'))])
13	deque([(('23_18', 'h'), ('23_8', 't')), (('23_8', 'h'), ('23_18', 't'))])

Chosen seed at iteration 13: 1
Chosen chr at iteration 13


Iteration 14
14	deque([(('23_18', 'h'), ('23_8', 't')), (('23_8', 'h'), ('23_18', 't'))])
14	deque([(('23_11', 'h'), ('23_21', 't')), (('23_16', 'h'), ('23_11', 't')), (('23_19', 'h'), ('23_16', 't')), (('23_20', 'h'), ('23_19', 't')), (('23_7', 'h'), ('23_20', 't')), (('23_3', 'h'), ('23_7', 't')), (('23_2', 'h'), ('23_3', 't')), (('23_5', 'h'), ('23_2', 't')), (('23_21', 'h'), ('23_5', 't'))])
14	deque([(('23_22', 'h'), ('23_6', 't')), (('23_6', 'h'), ('23_22', 't'))])
14	deque([(('23_1', 'h'), ('23_4', 't')), (('23_4', 'h'), ('23_9', 't')), (('23_9', 'h'), ('23_15', 't')), (('23_15', 'h'), ('23_0', 't')), (('23_0', 'h'), ('23_17', 't')), (('23_17', 'h'), ('23_13', 't')), (('23_13', 'h'), ('23_12', 't')), (('23_12', 'h'), ('23_14', 't')), (('23_14', 'h'), ('23_10', 't')), (('23_10', 'h'), ('23_1', 't'))])

Chosen seed at iteration 14: 3
Chosen chr at iteration 14


Iteration 15
15	deque([(('23_2', 'h'), ('23_9', 't')), (('23_10', 'h'), ('23_2', 't')), (('23_13', 'h'), ('23_10', 't')), (('23_11', 'h'), ('23_13', 't')), (('23_14', 'h'), ('23_11', 't')), (('23_17', 'h'), ('23_14', 't')), (('23_20', 'h'), ('23_17', 't')), (('23_8', 'h'), ('23_20', 't')), (('23_18', 'h'), ('23_8', 't')), (('23_0', 'h'), ('23_18', 't')), (('23_4', 'h'), ('23_0', 't')), (('23_6', 'h'), ('23_4', 't')), (('23_21', 'h'), ('23_6', 't')), (('23_5', 'h'), ('23_21', 't')), (('23_1', 'h'), ('23_5', 't')), (('23_19', 'h'), ('23_1', 't')), (('23_3', 'h'), ('23_19', 't')), (('23_15', 'h'), ('23_3', 't')), (('23_12', 'h'), ('23_15', 't')), (('23_16', 'h'), ('23_12', 't')), (('23_9', 'h'), ('23_16', 't'))])
15	deque([(('23_22', 'h'), ('23_7', 't')), (('23_7', 'h'), ('23_22', 't'))])

Chosen seed at iteration 15: 1
Chosen chr at iteration 15


Iteration 16
16	deque([(('23_7', 'h'), ('23_22', 't')), (('23_22', 'h'), ('23_7', 't'))])
16	deque([(('23_11', 'h'), ('23_2', 't')), (('23_2', 'h'), ('23_4', 't')), (('23_4', 'h'), ('23_21', 't')), (('23_21', 'h'), ('23_6', 't')), (('23_6', 'h'), ('23_5', 't')), (('23_5', 'h'), ('23_10', 't')), (('23_10', 'h'), ('23_0', 't')), (('23_0', 'h'), ('23_18', 't')), (('23_18', 'h'), ('23_9', 't')), (('23_9', 'h'), ('23_16', 't')), (('23_16', 'h'), ('23_12', 't')), (('23_12', 'h'), ('23_15', 't')), (('23_15', 'h'), ('23_3', 't')), (('23_3', 'h'), ('23_19', 't')), (('23_19', 'h'), ('23_1', 't')), (('23_1', 'h'), ('23_8', 't')), (('23_8', 'h'), ('23_20', 't')), (('23_20', 'h'), ('23_17', 't')), (('23_17', 'h'), ('23_14', 't')), (('23_14', 'h'), ('23_11', 't'))])
16	deque([(('23_13', 'h'), ('23_13', 't'))])

Chosen seed at iteration 16: 1
Chosen chr at iteration 16


Iteration 17
17	deque([(('23_0', 'h'), ('23_12', 't')), (('23_9', 'h'), ('23_0', 't')), (('23_13', 'h'), ('23_9', 't')), (('23_3', 'h'), ('23_13', 't')), (('23_7', 'h'), ('23_3', 't')), (('23_11', 'h'), ('23_7', 't')), (('23_20', 'h'), ('23_11', 't')), (('23_16', 'h'), ('23_20', 't')), (('23_22', 'h'), ('23_16', 't')), (('23_5', 'h'), ('23_22', 't')), (('23_6', 'h'), ('23_5', 't')), (('23_21', 'h'), ('23_6', 't')), (('23_19', 'h'), ('23_21', 't')), (('23_8', 'h'), ('23_19', 't')), (('23_12', 'h'), ('23_8', 't'))])
17	deque([(('23_14', 'h'), ('23_2', 't')), (('23_2', 'h'), ('23_4', 't')), (('23_4', 'h'), ('23_1', 't')), (('23_1', 'h'), ('23_14', 't'))])
17	deque([(('23_15', 'h'), ('23_10', 't')), (('23_18', 'h'), ('23_15', 't')), (('23_10', 'h'), ('23_18', 't'))])
17	deque([(('23_17', 'h'), ('23_17', 't'))])

Chosen seed at iteration 17: 3
Chosen chr at iteration 17


Iteration 18
18	deque([(('23_21', 'h'), ('23_6', 't')), (('23_19', 'h'), ('23_21', 't')), (('23_8', 'h'), ('23_19', 't')), (('23_12', 'h'), ('23_8', 't')), (('23_0', 'h'), ('23_12', 't')), (('23_9', 'h'), ('23_0', 't')), (('23_13', 'h'), ('23_9', 't')), (('23_3', 'h'), ('23_13', 't')), (('23_7', 'h'), ('23_3', 't')), (('23_20', 'h'), ('23_7', 't')), (('23_11', 'h'), ('23_20', 't')), (('23_22', 'h'), ('23_11', 't')), (('23_5', 'h'), ('23_22', 't')), (('23_6', 'h'), ('23_5', 't'))])
18	deque([(('23_18', 'h'), ('23_15', 't')), (('23_16', 'h'), ('23_18', 't')), (('23_10', 'h'), ('23_16', 't')), (('23_15', 'h'), ('23_10', 't'))])
18	deque([(('23_2', 'h'), ('23_4', 't')), (('23_14', 'h'), ('23_2', 't')), (('23_1', 'h'), ('23_14', 't')), (('23_4', 'h'), ('23_1', 't'))])
18	deque([(('23_17', 'h'), ('23_17', 't'))])

Chosen seed at iteration 18: 3
Chosen chr at iteration 18


Iteration 19
19	deque([(('23_11', 'h'), ('23_0', 't')), (('23_10', 'h'), ('23_11', 't')), (('23_19', 'h'), ('23_10', 't')), (('23_15', 'h'), ('23_19', 't')), (('23_2', 'h'), ('23_15', 't')), (('23_5', 'h'), ('23_2', 't')), (('23_6', 'h'), ('23_5', 't')), (('23_16', 'h'), ('23_6', 't')), (('23_0', 'h'), ('23_16', 't'))])
19	deque([(('23_12', 'h'), ('23_14', 't')), (('23_4', 'h'), ('23_12', 't')), (('23_22', 'h'), ('23_4', 't')), (('23_3', 'h'), ('23_22', 't')), (('23_7', 'h'), ('23_3', 't')), (('23_17', 'h'), ('23_7', 't')), (('23_1', 'h'), ('23_17', 't')), (('23_18', 'h'), ('23_1', 't')), (('23_9', 'h'), ('23_18', 't')), (('23_21', 'h'), ('23_9', 't')), (('23_14', 'h'), ('23_21', 't'))])
19	deque([(('23_13', 'h'), ('23_13', 't'))])
19	deque([(('23_20', 'h'), ('23_20', 't'))])
19	deque([(('23_8', 'h'), ('23_8', 't'))])

Chosen seed at iteration 19: 5
Chosen chr at iteration 19


Iteration 20
20	deque([(('23_8', 'h'), ('23_9', 't')), (('23_5', 'h'), ('23_8', 't')), (('23_22', 'h'), ('23_5', 't')), (('23_3', 'h'), ('23_22', 't')), (('23_7', 'h'), ('23_3', 't')), (('23_16', 'h'), ('23_7', 't')), (('23_0', 'h'), ('23_16', 't')), (('23_10', 'h'), ('23_0', 't')), (('23_21', 'h'), ('23_10', 't')), (('23_20', 'h'), ('23_21', 't')), (('23_17', 'h'), ('23_20', 't')), (('23_15', 'h'), ('23_17', 't')), (('23_12', 'h'), ('23_15', 't')), (('23_14', 'h'), ('23_12', 't')), (('23_13', 'h'), ('23_14', 't')), (('23_6', 'h'), ('23_13', 't')), (('23_19', 'h'), ('23_6', 't')), (('23_9', 'h'), ('23_19', 't'))])
20	deque([(('23_11', 'h'), ('23_1', 't')), (('23_1', 'h'), ('23_11', 't'))])
20	deque([(('23_4', 'h'), ('23_18', 't')), (('23_18', 'h'), ('23_2', 't')), (('23_2', 'h'), ('23_4', 't'))])

Chosen seed at iteration 20: 3
Chosen chr at iteration 20


Iteration 21
21	deque([(('23_18', 'h'), ('23_2', 't')), (('23_2', 'h'), ('23_15', 't')), (('23_15', 'h'), ('23_17', 't')), (('23_17', 'h'), ('23_20', 't')), (('23_20', 'h'), ('23_21', 't')), (('23_21', 'h'), ('23_10', 't')), (('23_10', 'h'), ('23_0', 't')), (('23_0', 'h'), ('23_11', 't')), (('23_11', 'h'), ('23_1', 't')), (('23_1', 'h'), ('23_4', 't')), (('23_4', 'h'), ('23_18', 't'))])
21	deque([(('23_22', 'h'), ('23_5', 't')), (('23_5', 'h'), ('23_8', 't')), (('23_8', 'h'), ('23_9', 't')), (('23_9', 'h'), ('23_19', 't')), (('23_19', 'h'), ('23_6', 't')), (('23_6', 'h'), ('23_13', 't')), (('23_13', 'h'), ('23_14', 't')), (('23_14', 'h'), ('23_12', 't')), (('23_12', 'h'), ('23_16', 't')), (('23_16', 'h'), ('23_7', 't')), (('23_7', 'h'), ('23_3', 't')), (('23_3', 'h'), ('23_22', 't'))])

Chosen seed at iteration 21: 1
Chosen chr at iteration 21


Iteration 22
22	deque([(('23_0', 'h'), ('23_6', 't')), (('23_6', 'h'), ('23_13', 't')), (('23_13', 'h'), ('23_19', 't')), (('23_19', 'h'), ('23_16', 't')), (('23_16', 'h'), ('23_12', 't')), (('23_12', 'h'), ('23_21', 't')), (('23_21', 'h'), ('23_10', 't')), (('23_10', 'h'), ('23_17', 't')), (('23_17', 'h'), ('23_2', 't')), (('23_2', 'h'), ('23_11', 't')), (('23_11', 'h'), ('23_1', 't')), (('23_1', 'h'), ('23_4', 't')), (('23_4', 'h'), ('23_20', 't')), (('23_20', 'h'), ('23_3', 't')), (('23_3', 'h'), ('23_0', 't'))])
22	deque([(('23_5', 'h'), ('23_22', 't')), (('23_22', 'h'), ('23_14', 't')), (('23_14', 'h'), ('23_5', 't'))])
22	deque([(('23_9', 'h'), ('23_8', 't')), (('23_8', 'h'), ('23_9', 't'))])
22	deque([(('23_18', 'h'), ('23_18', 't'))])
22	deque([(('23_7', 'h'), ('23_7', 't'))])
22	deque([(('23_15', 'h'), ('23_15', 't'))])

Chosen seed at iteration 22: 6
Chosen chr at iteration 22


Iteration 23
23	deque([(('23_20', 'h'), ('23_20', 't'))])
23	deque([(('23_16', 'h'), ('23_15', 't')), (('23_15', 'h'), ('23_1', 't')), (('23_1', 'h'), ('23_7', 't')), (('23_7', 'h'), ('23_3', 't')), (('23_3', 'h'), ('23_6', 't')), (('23_6', 'h'), ('23_5', 't')), (('23_5', 'h'), ('23_2', 't')), (('23_2', 'h'), ('23_16', 't'))])
23	deque([(('23_11', 'h'), ('23_22', 't')), (('23_0', 'h'), ('23_11', 't')), (('23_13', 'h'), ('23_0', 't')), (('23_14', 'h'), ('23_13', 't')), (('23_4', 'h'), ('23_14', 't')), (('23_12', 'h'), ('23_4', 't')), (('23_18', 'h'), ('23_12', 't')), (('23_9', 'h'), ('23_18', 't')), (('23_21', 'h'), ('23_9', 't')), (('23_8', 'h'), ('23_21', 't')), (('23_10', 'h'), ('23_8', 't')), (('23_22', 'h'), ('23_10', 't'))])
23	deque([(('23_19', 'h'), ('23_19', 't'))])
23	deque([(('23_17', 'h'), ('23_17', 't'))])

Chosen seed at iteration 23: 1
Chosen chr at iteration 23


Iteration 24
24	deque([(('23_13', 'h'), ('23_0', 't')), (('23_0', 'h'), ('23_20', 't')), (('23_20', 'h'), ('23_21', 't')), (('23_21', 'h'), ('23_10', 't')), (('23_10', 'h'), ('23_8', 't')), (('23_8', 'h'), ('23_9', 't')), (('23_9', 'h'), ('23_18', 't')), (('23_18', 'h'), ('23_12', 't')), (('23_12', 'h'), ('23_4', 't')), (('23_4', 'h'), ('23_14', 't')), (('23_14', 'h'), ('23_13', 't'))])
24	deque([(('23_6', 'h'), ('23_5', 't')), (('23_5', 'h'), ('23_2', 't')), (('23_2', 'h'), ('23_16', 't')), (('23_16', 'h'), ('23_15', 't')), (('23_15', 'h'), ('23_1', 't')), (('23_1', 'h'), ('23_7', 't')), (('23_7', 'h'), ('23_3', 't')), (('23_3', 'h'), ('23_6', 't'))])
24	deque([(('23_19', 'h'), ('23_19', 't'))])
24	deque([(('23_11', 'h'), ('23_22', 't')), (('23_22', 'h'), ('23_11', 't'))])
24	deque([(('23_17', 'h'), ('23_17', 't'))])

Chosen seed at iteration 24: 5
Chosen chr at iteration 24


Iteration 25
25	deque([(('23_3', 'h'), ('23_10', 't')), (('23_10', 'h'), ('23_12', 't')), (('23_12', 'h'), ('23_15', 't')), (('23_15', 'h'), ('23_18', 't')), (('23_18', 'h'), ('23_17', 't')), (('23_17', 'h'), ('23_22', 't')), (('23_22', 'h'), ('23_8', 't')), (('23_8', 'h'), ('23_9', 't')), (('23_9', 'h'), ('23_0', 't')), (('23_0', 'h'), ('23_16', 't')), (('23_16', 'h'), ('23_6', 't')), (('23_6', 'h'), ('23_5', 't')), (('23_5', 'h'), ('23_20', 't')), (('23_20', 'h'), ('23_19', 't')), (('23_19', 'h'), ('23_13', 't')), (('23_13', 'h'), ('23_14', 't')), (('23_14', 'h'), ('23_21', 't')), (('23_21', 'h'), ('23_7', 't')), (('23_7', 'h'), ('23_3', 't'))])
25	deque([(('23_4', 'h'), ('23_2', 't')), (('23_2', 'h'), ('23_4', 't'))])
25	deque([(('23_1', 'h'), ('23_11', 't')), (('23_11', 'h'), ('23_1', 't'))])

Chosen seed at iteration 25: 3
Chosen chr at iteration 25


Iteration 26
26	deque([(('23_7', 'h'), ('23_3', 't')), (('23_1', 'h'), ('23_7', 't')), (('23_15', 'h'), ('23_1', 't')), (('23_16', 'h'), ('23_15', 't')), (('23_2', 'h'), ('23_16', 't')), (('23_4', 'h'), ('23_2', 't')), (('23_11', 'h'), ('23_4', 't')), (('23_21', 'h'), ('23_11', 't')), (('23_19', 'h'), ('23_21', 't')), (('23_3', 'h'), ('23_19', 't'))])
26	deque([(('23_12', 'h'), ('23_17', 't')), (('23_22', 'h'), ('23_12', 't')), (('23_8', 'h'), ('23_22', 't')), (('23_10', 'h'), ('23_8', 't')), (('23_5', 'h'), ('23_10', 't')), (('23_6', 'h'), ('23_5', 't')), (('23_20', 'h'), ('23_6', 't')), (('23_0', 'h'), ('23_20', 't')), (('23_13', 'h'), ('23_0', 't')), (('23_14', 'h'), ('23_13', 't')), (('23_9', 'h'), ('23_14', 't')), (('23_18', 'h'), ('23_9', 't')), (('23_17', 'h'), ('23_18', 't'))])

Chosen seed at iteration 26: 2
Chosen chr at iteration 26


Iteration 27
27	deque([(('23_6', 'h'), ('23_7', 't')), (('23_7', 'h'), ('23_3', 't')), (('23_3', 'h'), ('23_19', 't')), (('23_19', 'h'), ('23_21', 't')), (('23_21', 'h'), ('23_11', 't')), (('23_11', 'h'), ('23_4', 't')), (('23_4', 'h'), ('23_2', 't')), (('23_2', 'h'), ('23_16', 't')), (('23_16', 'h'), ('23_15', 't')), (('23_15', 'h'), ('23_1', 't')), (('23_1', 'h'), ('23_5', 't')), (('23_5', 'h'), ('23_10', 't')), (('23_10', 'h'), ('23_8', 't')), (('23_8', 'h'), ('23_22', 't')), (('23_22', 'h'), ('23_12', 't')), (('23_12', 'h'), ('23_17', 't')), (('23_17', 'h'), ('23_18', 't')), (('23_18', 'h'), ('23_9', 't')), (('23_9', 'h'), ('23_14', 't')), (('23_14', 'h'), ('23_13', 't')), (('23_13', 'h'), ('23_0', 't')), (('23_0', 'h'), ('23_20', 't')), (('23_20', 'h'), ('23_6', 't'))])

Chosen seed at iteration 27: 1
Chosen chr at iteration 27


Iteration 28
28	deque([(('23_11', 'h'), ('23_7', 't')), (('23_7', 'h'), ('23_15', 't')), (('23_15', 'h'), ('23_11', 't'))])
28	deque([(('23_14', 'h'), ('23_4', 't')), (('23_6', 'h'), ('23_14', 't')), (('23_13', 'h'), ('23_6', 't')), (('23_9', 'h'), ('23_13', 't')), (('23_12', 'h'), ('23_9', 't')), (('23_0', 'h'), ('23_12', 't')), (('23_16', 'h'), ('23_0', 't')), (('23_3', 'h'), ('23_16', 't')), (('23_22', 'h'), ('23_3', 't')), (('23_4', 'h'), ('23_22', 't'))])
28	deque([(('23_10', 'h'), ('23_17', 't')), (('23_21', 'h'), ('23_10', 't')), (('23_17', 'h'), ('23_21', 't'))])
28	deque([(('23_19', 'h'), ('23_1', 't')), (('23_1', 'h'), ('23_5', 't')), (('23_5', 'h'), ('23_2', 't')), (('23_2', 'h'), ('23_19', 't'))])
28	deque([(('23_8', 'h'), ('23_20', 't')), (('23_20', 'h'), ('23_8', 't'))])
28	deque([(('23_18', 'h'), ('23_18', 't'))])

Chosen seed at iteration 28: 2
Chosen chr at iteration 28


Iteration 29
29	deque([(('23_10', 'h'), ('23_17', 't')), (('23_21', 'h'), ('23_10', 't')), (('23_17', 'h'), ('23_21', 't'))])
29	deque([(('23_16', 'h'), ('23_12', 't')), (('23_3', 'h'), ('23_16', 't')), (('23_22', 'h'), ('23_3', 't')), (('23_4', 'h'), ('23_22', 't')), (('23_14', 'h'), ('23_4', 't')), (('23_6', 'h'), ('23_14', 't')), (('23_13', 'h'), ('23_6', 't')), (('23_9', 'h'), ('23_13', 't')), (('23_12', 'h'), ('23_9', 't'))])
29	deque([(('23_18', 'h'), ('23_18', 't'))])
29	deque([(('23_0', 'h'), ('23_0', 't'))])
29	deque([(('23_15', 'h'), ('23_11', 't')), (('23_11', 'h'), ('23_7', 't')), (('23_7', 'h'), ('23_15', 't'))])
29	deque([(('23_8', 'h'), ('23_20', 't')), (('23_20', 'h'), ('23_8', 't'))])
29	deque([(('23_1', 'h'), ('23_5', 't')), (('23_5', 'h'), ('23_2', 't')), (('23_2', 'h'), ('23_19', 't')), (('23_19', 'h'), ('23_1', 't'))])

Chosen seed at iteration 29: 4
Chosen chr at iteration 29


Iteration 30
30	deque([(('23_6', 'h'), ('23_9', 't')), (('23_0', 'h'), ('23_6', 't')), (('23_5', 'h'), ('23_0', 't')), (('23_14', 'h'), ('23_5', 't')), (('23_9', 'h'), ('23_14', 't'))])
30	deque([(('23_21', 'h'), ('23_11', 't')), (('23_8', 'h'), ('23_21', 't')), (('23_11', 'h'), ('23_8', 't'))])
30	deque([(('23_12', 'h'), ('23_10', 't')), (('23_10', 'h'), ('23_18', 't')), (('23_18', 'h'), ('23_19', 't')), (('23_19', 'h'), ('23_2', 't')), (('23_2', 'h'), ('23_20', 't')), (('23_20', 'h'), ('23_17', 't')), (('23_17', 'h'), ('23_13', 't')), (('23_13', 'h'), ('23_7', 't')), (('23_7', 'h'), ('23_16', 't')), (('23_16', 'h'), ('23_1', 't')), (('23_1', 'h'), ('23_15', 't')), (('23_15', 'h'), ('23_12', 't'))])
30	deque([(('23_22', 'h'), ('23_4', 't')), (('23_4', 'h'), ('23_3', 't')), (('23_3', 'h'), ('23_22', 't'))])

Chosen seed at iteration 30: 2
Chosen chr at iteration 30


Iteration 31
31	deque([(('23_18', 'h'), ('23_2', 't')), (('23_2', 'h'), ('23_21', 't')), (('23_21', 'h'), ('23_11', 't')), (('23_11', 'h'), ('23_8', 't')), (('23_8', 'h'), ('23_18', 't'))])
31	deque([(('23_14', 'h'), ('23_5', 't')), (('23_5', 'h'), ('23_22', 't')), (('23_22', 'h'), ('23_4', 't')), (('23_4', 'h'), ('23_3', 't')), (('23_3', 'h'), ('23_20', 't')), (('23_20', 'h'), ('23_17', 't')), (('23_17', 'h'), ('23_13', 't')), (('23_13', 'h'), ('23_7', 't')), (('23_7', 'h'), ('23_1', 't')), (('23_1', 'h'), ('23_15', 't')), (('23_15', 'h'), ('23_12', 't')), (('23_12', 'h'), ('23_10', 't')), (('23_10', 'h'), ('23_0', 't')), (('23_0', 'h'), ('23_6', 't')), (('23_6', 'h'), ('23_9', 't')), (('23_9', 'h'), ('23_14', 't'))])
31	deque([(('23_19', 'h'), ('23_19', 't'))])
31	deque([(('23_16', 'h'), ('23_16', 't'))])

Chosen seed at iteration 31: 4
Chosen chr at iteration 31


Iteration 32
32	deque([(('23_8', 'h'), ('23_7', 't')), (('23_11', 'h'), ('23_8', 't')), (('23_13', 'h'), ('23_11', 't')), (('23_0', 'h'), ('23_13', 't')), (('23_4', 'h'), ('23_0', 't')), (('23_10', 'h'), ('23_4', 't')), (('23_12', 'h'), ('23_10', 't')), (('23_21', 'h'), ('23_12', 't')), (('23_2', 'h'), ('23_21', 't')), (('23_5', 'h'), ('23_2', 't')), (('23_22', 'h'), ('23_5', 't')), (('23_16', 'h'), ('23_22', 't')), (('23_7', 'h'), ('23_16', 't'))])
32	deque([(('23_18', 'h'), ('23_20', 't')), (('23_20', 'h'), ('23_18', 't'))])
32	deque([(('23_1', 'h'), ('23_6', 't')), (('23_17', 'h'), ('23_1', 't')), (('23_3', 'h'), ('23_17', 't')), (('23_19', 'h'), ('23_3', 't')), (('23_14', 'h'), ('23_19', 't')), (('23_9', 'h'), ('23_14', 't')), (('23_15', 'h'), ('23_9', 't')), (('23_6', 'h'), ('23_15', 't'))])

Chosen seed at iteration 32: 3
Chosen chr at iteration 32


Iteration 33
33	deque([(('23_10', 'h'), ('23_4', 't')), (('23_4', 'h'), ('23_3', 't')), (('23_3', 'h'), ('23_22', 't')), (('23_22', 'h'), ('23_5', 't')), (('23_5', 'h'), ('23_0', 't')), (('23_0', 'h'), ('23_13', 't')), (('23_13', 'h'), ('23_11', 't')), (('23_11', 'h'), ('23_8', 't')), (('23_8', 'h'), ('23_7', 't')), (('23_7', 'h'), ('23_16', 't')), (('23_16', 'h'), ('23_1', 't')), (('23_1', 'h'), ('23_6', 't')), (('23_6', 'h'), ('23_15', 't')), (('23_15', 'h'), ('23_9', 't')), (('23_9', 'h'), ('23_14', 't')), (('23_14', 'h'), ('23_19', 't')), (('23_19', 'h'), ('23_17', 't')), (('23_17', 'h'), ('23_2', 't')), (('23_2', 'h'), ('23_21', 't')), (('23_21', 'h'), ('23_12', 't')), (('23_12', 'h'), ('23_10', 't'))])
33	deque([(('23_20', 'h'), ('23_18', 't')), (('23_18', 'h'), ('23_20', 't'))])

Chosen seed at iteration 33: 1
Chosen chr at iteration 33


Iteration 34
34	deque([(('23_5', 'h'), ('23_22', 't')), (('23_22', 'h'), ('23_5', 't'))])
34	deque([(('23_19', 'h'), ('23_3', 't')), (('23_3', 'h'), ('23_19', 't'))])
34	deque([(('23_18', 'h'), ('23_0', 't')), (('23_20', 'h'), ('23_18', 't')), (('23_10', 'h'), ('23_20', 't')), (('23_12', 'h'), ('23_10', 't')), (('23_21', 'h'), ('23_12', 't')), (('23_8', 'h'), ('23_21', 't')), (('23_11', 'h'), ('23_8', 't')), (('23_13', 'h'), ('23_11', 't')), (('23_17', 'h'), ('23_13', 't')), (('23_0', 'h'), ('23_17', 't'))])
34	deque([(('23_1', 'h'), ('23_16', 't')), (('23_16', 'h'), ('23_1', 't'))])
34	deque([(('23_2', 'h'), ('23_6', 't')), (('23_7', 'h'), ('23_2', 't')), (('23_4', 'h'), ('23_7', 't')), (('23_14', 'h'), ('23_4', 't')), (('23_9', 'h'), ('23_14', 't')), (('23_15', 'h'), ('23_9', 't')), (('23_6', 'h'), ('23_15', 't'))])

Chosen seed at iteration 34: 2
Chosen chr at iteration 34


Iteration 35
35	deque([(('23_14', 'h'), ('23_4', 't')), (('23_4', 'h'), ('23_7', 't')), (('23_7', 'h'), ('23_16', 't')), (('23_16', 'h'), ('23_1', 't')), (('23_1', 'h'), ('23_0', 't')), (('23_0', 'h'), ('23_14', 't'))])
35	deque([(('23_21', 'h'), ('23_12', 't')), (('23_12', 'h'), ('23_10', 't')), (('23_10', 'h'), ('23_18', 't')), (('23_18', 'h'), ('23_20', 't')), (('23_20', 'h'), ('23_3', 't')), (('23_3', 'h'), ('23_19', 't')), (('23_19', 'h'), ('23_17', 't')), (('23_17', 'h'), ('23_13', 't')), (('23_13', 'h'), ('23_11', 't')), (('23_11', 'h'), ('23_8', 't')), (('23_8', 'h'), ('23_21', 't'))])
35	deque([(('23_5', 'h'), ('23_22', 't')), (('23_22', 'h'), ('23_5', 't'))])
35	deque([(('23_15', 'h'), ('23_9', 't')), (('23_6', 'h'), ('23_15', 't')), (('23_2', 'h'), ('23_6', 't')), (('23_9', 'h'), ('23_2', 't'))])

Chosen seed at iteration 35: 2
Chosen chr at iteration 35


Iteration 36
36	deque([(('23_11', 'h'), ('23_0', 't')), (('23_13', 'h'), ('23_11', 't')), (('23_17', 'h'), ('23_13', 't')), (('23_19', 'h'), ('23_17', 't')), (('23_12', 'h'), ('23_19', 't')), (('23_3', 'h'), ('23_12', 't')), (('23_20', 'h'), ('23_3', 't')), (('23_18', 'h'), ('23_20', 't')), (('23_14', 'h'), ('23_18', 't')), (('23_21', 'h'), ('23_14', 't')), (('23_8', 'h'), ('23_21', 't')), (('23_0', 'h'), ('23_8', 't'))])
36	deque([(('23_16', 'h'), ('23_1', 't')), (('23_1', 'h'), ('23_9', 't')), (('23_9', 'h'), ('23_2', 't')), (('23_2', 'h'), ('23_6', 't')), (('23_6', 'h'), ('23_15', 't')), (('23_15', 'h'), ('23_7', 't')), (('23_7', 'h'), ('23_16', 't'))])
36	deque([(('23_22', 'h'), ('23_5', 't')), (('23_5', 'h'), ('23_22', 't'))])
36	deque([(('23_10', 'h'), ('23_4', 't')), (('23_4', 'h'), ('23_10', 't'))])

Chosen seed at iteration 36: 4
Chosen chr at iteration 36


Iteration 37
37	deque([(('23_17', 'h'), ('23_13', 't')), (('23_13', 'h'), ('23_11', 't')), (('23_11', 'h'), ('23_0', 't')), (('23_0', 'h'), ('23_7', 't')), (('23_7', 'h'), ('23_2', 't')), (('23_2', 'h'), ('23_6', 't')), (('23_6', 'h'), ('23_15', 't')), (('23_15', 'h'), ('23_9', 't')), (('23_9', 'h'), ('23_14', 't')), (('23_14', 'h'), ('23_4', 't')), (('23_4', 'h'), ('23_8', 't')), (('23_8', 'h'), ('23_21', 't')), (('23_21', 'h'), ('23_12', 't')), (('23_12', 'h'), ('23_10', 't')), (('23_10', 'h'), ('23_18', 't')), (('23_18', 'h'), ('23_20', 't')), (('23_20', 'h'), ('23_3', 't')), (('23_3', 'h'), ('23_19', 't')), (('23_19', 'h'), ('23_17', 't'))])
37	deque([(('23_16', 'h'), ('23_1', 't')), (('23_1', 'h'), ('23_16', 't'))])
37	deque([(('23_5', 'h'), ('23_22', 't')), (('23_22', 'h'), ('23_5', 't'))])

Chosen seed at iteration 37: 3
Chosen chr at iteration 37


Iteration 38
38	deque([(('23_4', 'h'), ('23_11', 't')), (('23_11', 'h'), ('23_1', 't')), (('23_1', 'h'), ('23_4', 't'))])
38	deque([(('23_14', 'h'), ('23_22', 't')), (('23_19', 'h'), ('23_14', 't')), (('23_9', 'h'), ('23_19', 't')), (('23_8', 'h'), ('23_9', 't')), (('23_21', 'h'), ('23_8', 't')), (('23_20', 'h'), ('23_21', 't')), (('23_22', 'h'), ('23_20', 't'))])
38	deque([(('23_7', 'h'), ('23_5', 't')), (('23_5', 'h'), ('23_3', 't')), (('23_3', 'h'), ('23_2', 't')), (('23_2', 'h'), ('23_17', 't')), (('23_17', 'h'), ('23_10', 't')), (('23_10', 'h'), ('23_16', 't')), (('23_16', 'h'), ('23_6', 't')), (('23_6', 'h'), ('23_13', 't')), (('23_13', 'h'), ('23_12', 't')), (('23_12', 'h'), ('23_15', 't')), (('23_15', 'h'), ('23_18', 't')), (('23_18', 'h'), ('23_0', 't')), (('23_0', 'h'), ('23_7', 't'))])

Chosen seed at iteration 38: 2
Chosen chr at iteration 38


Iteration 39
39	deque([(('23_12', 'h'), ('23_15', 't')), (('23_6', 'h'), ('23_12', 't')), (('23_1', 'h'), ('23_6', 't')), (('23_11', 'h'), ('23_1', 't')), (('23_4', 'h'), ('23_11', 't')), (('23_20', 'h'), ('23_4', 't')), (('23_22', 'h'), ('23_20', 't')), (('23_14', 'h'), ('23_22', 't')), (('23_19', 'h'), ('23_14', 't')), (('23_9', 'h'), ('23_19', 't')), (('23_8', 'h'), ('23_9', 't')), (('23_16', 'h'), ('23_8', 't')), (('23_10', 'h'), ('23_16', 't')), (('23_17', 'h'), ('23_10', 't')), (('23_2', 'h'), ('23_17', 't')), (('23_21', 'h'), ('23_2', 't')), (('23_13', 'h'), ('23_21', 't')), (('23_3', 'h'), ('23_13', 't')), (('23_5', 'h'), ('23_3', 't')), (('23_7', 'h'), ('23_5', 't')), (('23_0', 'h'), ('23_7', 't')), (('23_18', 'h'), ('23_0', 't')), (('23_15', 'h'), ('23_18', 't'))])

Chosen seed at iteration 39: 1
Chosen chr at iteration 39


Iteration 40
40	deque([(('23_20', 'h'), ('23_7', 't')), (('23_7', 'h'), ('23_2', 't')), (('23_2', 'h'), ('23_4', 't')), (('23_4', 'h'), ('23_11', 't')), (('23_11', 'h'), ('23_22', 't')), (('23_22', 'h'), ('23_3', 't')), (('23_3', 'h'), ('23_14', 't')), (('23_14', 'h'), ('23_13', 't')), (('23_13', 'h'), ('23_0', 't')), (('23_0', 'h'), ('23_20', 't'))])
40	deque([(('23_6', 'h'), ('23_9', 't')), (('23_9', 'h'), ('23_18', 't')), (('23_18', 'h'), ('23_10', 't')), (('23_10', 'h'), ('23_8', 't')), (('23_8', 'h'), ('23_21', 't')), (('23_21', 'h'), ('23_12', 't')), (('23_12', 'h'), ('23_17', 't')), (('23_17', 'h'), ('23_19', 't')), (('23_19', 'h'), ('23_6', 't'))])
40	deque([(('23_5', 'h'), ('23_16', 't')), (('23_1', 'h'), ('23_5', 't')), (('23_15', 'h'), ('23_1', 't')), (('23_16', 'h'), ('23_15', 't'))])

Chosen seed at iteration 40: 2
Chosen chr at iteration 40


Iteration 41
41	deque([(('23_18', 'h'), ('23_14', 't')), (('23_9', 'h'), ('23_18', 't')), (('23_2', 'h'), ('23_9', 't')), (('23_3', 'h'), ('23_2', 't')), (('23_22', 'h'), ('23_3', 't')), (('23_8', 'h'), ('23_22', 't')), (('23_10', 'h'), ('23_8', 't')), (('23_6', 'h'), ('23_10', 't')), (('23_19', 'h'), ('23_6', 't')), (('23_17', 'h'), ('23_19', 't')), (('23_12', 'h'), ('23_17', 't')), (('23_21', 'h'), ('23_12', 't')), (('23_13', 'h'), ('23_21', 't')), (('23_14', 'h'), ('23_13', 't'))])
41	deque([(('23_16', 'h'), ('23_0', 't')), (('23_5', 'h'), ('23_16', 't')), (('23_1', 'h'), ('23_5', 't')), (('23_15', 'h'), ('23_1', 't')), (('23_11', 'h'), ('23_15', 't')), (('23_4', 'h'), ('23_11', 't')), (('23_7', 'h'), ('23_4', 't')), (('23_20', 'h'), ('23_7', 't')), (('23_0', 'h'), ('23_20', 't'))])

Chosen seed at iteration 41: 1
Chosen chr at iteration 41


Iteration 42
42	deque([(('23_5', 'h'), ('23_12', 't')), (('23_12', 'h'), ('23_17', 't')), (('23_17', 'h'), ('23_10', 't')), (('23_10', 'h'), ('23_18', 't')), (('23_18', 'h'), ('23_2', 't')), (('23_2', 'h'), ('23_7', 't')), (('23_7', 'h'), ('23_22', 't')), (('23_22', 'h'), ('23_11', 't')), (('23_11', 'h'), ('23_3', 't')), (('23_3', 'h'), ('23_5', 't'))])
42	deque([(('23_20', 'h'), ('23_9', 't')), (('23_9', 'h'), ('23_21', 't')), (('23_21', 'h'), ('23_4', 't')), (('23_4', 'h'), ('23_13', 't')), (('23_13', 'h'), ('23_14', 't')), (('23_14', 'h'), ('23_0', 't')), (('23_0', 'h'), ('23_19', 't')), (('23_19', 'h'), ('23_16', 't')), (('23_16', 'h'), ('23_8', 't')), (('23_8', 'h'), ('23_6', 't')), (('23_6', 'h'), ('23_15', 't')), (('23_15', 'h'), ('23_1', 't')), (('23_1', 'h'), ('23_20', 't'))])

Chosen seed at iteration 42: 1
Chosen chr at iteration 42


Iteration 43
43	deque([(('23_17', 'h'), ('23_12', 't')), (('23_12', 'h'), ('23_17', 't'))])
43	deque([(('23_11', 'h'), ('23_3', 't')), (('23_22', 'h'), ('23_11', 't')), (('23_7', 'h'), ('23_22', 't')), (('23_4', 'h'), ('23_7', 't')), (('23_8', 'h'), ('23_4', 't')), (('23_16', 'h'), ('23_8', 't')), (('23_13', 'h'), ('23_16', 't')), (('23_19', 'h'), ('23_13', 't')), (('23_0', 'h'), ('23_19', 't')), (('23_14', 'h'), ('23_0', 't')), (('23_10', 'h'), ('23_14', 't')), (('23_21', 'h'), ('23_10', 't')), (('23_9', 'h'), ('23_21', 't')), (('23_20', 'h'), ('23_9', 't')), (('23_18', 'h'), ('23_20', 't')), (('23_2', 'h'), ('23_18', 't')), (('23_5', 'h'), ('23_2', 't')), (('23_1', 'h'), ('23_5', 't')), (('23_15', 'h'), ('23_1', 't')), (('23_6', 'h'), ('23_15', 't')), (('23_3', 'h'), ('23_6', 't'))])

Chosen seed at iteration 43: 2
Chosen chr at iteration 43


Iteration 44
44	deque([(('23_0', 'h'), ('23_7', 't')), (('23_7', 'h'), ('23_16', 't')), (('23_16', 'h'), ('23_22', 't')), (('23_22', 'h'), ('23_5', 't')), (('23_5', 'h'), ('23_15', 't')), (('23_15', 'h'), ('23_9', 't')), (('23_9', 'h'), ('23_14', 't')), (('23_14', 'h'), ('23_4', 't')), (('23_4', 'h'), ('23_8', 't')), (('23_8', 'h'), ('23_21', 't')), (('23_21', 'h'), ('23_12', 't')), (('23_12', 'h'), ('23_10', 't')), (('23_10', 'h'), ('23_18', 't')), (('23_18', 'h'), ('23_20', 't')), (('23_20', 'h'), ('23_3', 't')), (('23_3', 'h'), ('23_13', 't')), (('23_13', 'h'), ('23_2', 't')), (('23_2', 'h'), ('23_6', 't')), (('23_6', 'h'), ('23_11', 't')), (('23_11', 'h'), ('23_0', 't'))])
44	deque([(('23_1', 'h'), ('23_19', 't')), (('23_17', 'h'), ('23_1', 't')), (('23_19', 'h'), ('23_17', 't'))])

Chosen seed at iteration 44: 1
Chosen chr at iteration 44


Iteration 45
45	deque([(('23_8', 'h'), ('23_21', 't')), (('23_10', 'h'), ('23_8', 't')), (('23_1', 'h'), ('23_10', 't')), (('23_20', 'h'), ('23_1', 't')), (('23_14', 'h'), ('23_20', 't')), (('23_18', 'h'), ('23_14', 't')), (('23_9', 'h'), ('23_18', 't')), (('23_4', 'h'), ('23_9', 't')), (('23_11', 'h'), ('23_4', 't')), (('23_2', 'h'), ('23_11', 't')), (('23_7', 'h'), ('23_2', 't')), (('23_5', 'h'), ('23_7', 't')), (('23_15', 'h'), ('23_5', 't')), (('23_16', 'h'), ('23_15', 't')), (('23_3', 'h'), ('23_16', 't')), (('23_22', 'h'), ('23_3', 't')), (('23_0', 'h'), ('23_22', 't')), (('23_13', 'h'), ('23_0', 't')), (('23_6', 'h'), ('23_13', 't')), (('23_19', 'h'), ('23_6', 't')), (('23_17', 'h'), ('23_19', 't')), (('23_12', 'h'), ('23_17', 't')), (('23_21', 'h'), ('23_12', 't'))])

Chosen seed at iteration 45: 1
Chosen chr at iteration 45


Iteration 46
46	deque([(('23_13', 'h'), ('23_13', 't'))])
46	deque([(('23_11', 'h'), ('23_21', 't')), (('23_21', 'h'), ('23_11', 't'))])
46	deque([(('23_7', 'h'), ('23_6', 't')), (('23_6', 'h'), ('23_8', 't')), (('23_8', 'h'), ('23_0', 't')), (('23_0', 'h'), ('23_20', 't')), (('23_20', 'h'), ('23_9', 't')), (('23_9', 'h'), ('23_1', 't')), (('23_1', 'h'), ('23_18', 't')), (('23_18', 'h'), ('23_3', 't')), (('23_3', 'h'), ('23_4', 't')), (('23_4', 'h'), ('23_7', 't'))])
46	deque([(('23_15', 'h'), ('23_5', 't')), (('23_5', 'h'), ('23_19', 't')), (('23_19', 'h'), ('23_10', 't')), (('23_10', 'h'), ('23_14', 't')), (('23_14', 'h'), ('23_22', 't')), (('23_22', 'h'), ('23_15', 't'))])
46	deque([(('23_12', 'h'), ('23_12', 't'))])
46	deque([(('23_16', 'h'), ('23_17', 't')), (('23_17', 'h'), ('23_16', 't'))])
46	deque([(('23_2', 'h'), ('23_2', 't'))])

Chosen seed at iteration 46: 5
Chosen chr at iteration 46


Iteration 47
47	deque([(('23_9', 'h'), ('23_5', 't')), (('23_4', 'h'), ('23_9', 't')), (('23_3', 'h'), ('23_4', 't')), (('23_20', 'h'), ('23_3', 't')), (('23_0', 'h'), ('23_20', 't')), (('23_15', 'h'), ('23_0', 't')), (('23_12', 'h'), ('23_15', 't')), (('23_21', 'h'), ('23_12', 't')), (('23_22', 'h'), ('23_21', 't')), (('23_13', 'h'), ('23_22', 't')), (('23_10', 'h'), ('23_13', 't')), (('23_18', 'h'), ('23_10', 't')), (('23_17', 'h'), ('23_18', 't')), (('23_19', 'h'), ('23_17', 't')), (('23_2', 'h'), ('23_19', 't')), (('23_16', 'h'), ('23_2', 't')), (('23_6', 'h'), ('23_16', 't')), (('23_7', 'h'), ('23_6', 't')), (('23_14', 'h'), ('23_7', 't')), (('23_11', 'h'), ('23_14', 't')), (('23_1', 'h'), ('23_11', 't')), (('23_8', 'h'), ('23_1', 't')), (('23_5', 'h'), ('23_8', 't'))])

Chosen seed at iteration 47: 1
Chosen chr at iteration 47


Iteration 48
48	deque([(('23_13', 'h'), ('23_16', 't')), (('23_21', 'h'), ('23_13', 't')), (('23_14', 'h'), ('23_21', 't')), (('23_22', 'h'), ('23_14', 't')), (('23_8', 'h'), ('23_22', 't')), (('23_10', 'h'), ('23_8', 't')), (('23_1', 'h'), ('23_10', 't')), (('23_16', 'h'), ('23_1', 't'))])
48	deque([(('23_9', 'h'), ('23_5', 't')), (('23_5', 'h'), ('23_9', 't'))])
48	deque([(('23_11', 'h'), ('23_15', 't')), (('23_15', 'h'), ('23_2', 't')), (('23_2', 'h'), ('23_6', 't')), (('23_6', 'h'), ('23_17', 't')), (('23_17', 'h'), ('23_20', 't')), (('23_20', 'h'), ('23_0', 't')), (('23_0', 'h'), ('23_19', 't')), (('23_19', 'h'), ('23_3', 't')), (('23_3', 'h'), ('23_7', 't')), (('23_7', 'h'), ('23_4', 't')), (('23_4', 'h'), ('23_12', 't')), (('23_12', 'h'), ('23_18', 't')), (('23_18', 'h'), ('23_11', 't'))])

Chosen seed at iteration 48: 3
Chosen chr at iteration 48


Iteration 49
49	deque([(('23_9', 'h'), ('23_4', 't')), (('23_4', 'h'), ('23_9', 't'))])
49	deque([(('23_8', 'h'), ('23_21', 't')), (('23_3', 'h'), ('23_8', 't')), (('23_10', 'h'), ('23_3', 't')), (('23_18', 'h'), ('23_10', 't')), (('23_6', 'h'), ('23_18', 't')), (('23_19', 'h'), ('23_6', 't')), (('23_17', 'h'), ('23_19', 't')), (('23_12', 'h'), ('23_17', 't')), (('23_21', 'h'), ('23_12', 't'))])
49	deque([(('23_7', 'h'), ('23_7', 't'))])
49	deque([(('23_14', 'h'), ('23_20', 't')), (('23_11', 'h'), ('23_14', 't')), (('23_2', 'h'), ('23_11', 't')), (('23_1', 'h'), ('23_2', 't')), (('23_20', 'h'), ('23_1', 't'))])
49	deque([(('23_22', 'h'), ('23_13', 't')), (('23_0', 'h'), ('23_22', 't')), (('23_13', 'h'), ('23_0', 't'))])
49	deque([(('23_16', 'h'), ('23_15', 't')), (('23_15', 'h'), ('23_5', 't')), (('23_5', 'h'), ('23_16', 't'))])

Chosen seed at iteration 49: 6
Chosen chr at iteration 49


Iteration 1
1	deque([(('20_1', 'h'), ('20_3', 't')), (('20_3', 'h'), ('20_1', 't'))])
1	deque([(('20_2', 'h'), ('20_2', 't'))])
1	deque([(('20_0', 'h'), ('20_0', 't'))])

Chosen seed at iteration 1: 3
Chosen chr at iteration 1


Iteration 2
2	deque([(('20_0', 'h'), ('20_1', 't')), (('20_1', 'h'), ('20_2', 't')), (('20_2', 'h'), ('20_0', 't'))])
2	deque([(('20_3', 'h'), ('20_3', 't'))])

Chosen seed at iteration 2: 2
Chosen chr at iteration 2


Iteration 3
3	deque([(('20_1', 'h'), ('20_2', 't')), (('20_2', 'h'), ('20_0', 't')), (('20_0', 'h'), ('20_3', 't')), (('20_3', 'h'), ('20_1', 't'))])

Chosen seed at iteration 3: 1
Chosen chr at iteration 3


Iteration 4
4	deque([(('20_2', 'h'), ('20_1', 't')), (('20_1', 'h'), ('20_0', 't')), (('20_0', 'h'), ('20_3', 't')), (('20_3', 'h'), ('20_2', 't'))])

Chosen seed at iteration 4: 1
Chosen chr at iteration 4


Iteration 5
5	deque([(('20_0', 'h'), ('20_3', 't')), (('20_2', 'h'), ('20_0', 't')), (('20_3', 'h'), ('20_2', 't'))])
5	deque([(('20_1', 'h'), ('20_1', 't'))])

Chosen seed at iteration 5: 2
Chosen chr at iteration 5


Iteration 6
6	deque([(('20_2', 'h'), ('20_2', 't'))])
6	deque([(('20_0', 'h'), ('20_3', 't')), (('20_1', 'h'), ('20_0', 't')), (('20_3', 'h'), ('20_1', 't'))])

Chosen seed at iteration 6: 1
Chosen chr at iteration 6


Iteration 7
7	deque([(('20_2', 'h'), ('20_3', 't')), (('20_3', 'h'), ('20_2', 't'))])
7	deque([(('20_0', 'h'), ('20_1', 't')), (('20_1', 'h'), ('20_0', 't'))])

Chosen seed at iteration 7: 2
Chosen chr at iteration 7


Iteration 8
8	deque([(('20_0', 'h'), ('20_2', 't')), (('20_2', 'h'), ('20_0', 't'))])
8	deque([(('20_1', 'h'), ('20_3', 't')), (('20_3', 'h'), ('20_1', 't'))])

Chosen seed at iteration 8: 2
Chosen chr at iteration 8


Iteration 9
9	deque([(('20_1', 'h'), ('20_0', 't')), (('20_0', 'h'), ('20_2', 't')), (('20_2', 'h'), ('20_3', 't')), (('20_3', 'h'), ('20_1', 't'))])

Chosen seed at iteration 9: 1
Chosen chr at iteration 9


Iteration 10
10	deque([(('20_2', 'h'), ('20_1', 't')), (('20_1', 'h'), ('20_3', 't')), (('20_3', 'h'), ('20_0', 't')), (('20_0', 'h'), ('20_2', 't'))])

Chosen seed at iteration 10: 1
Chosen chr at iteration 10


Iteration 11
11	deque([(('20_2', 'h'), ('20_3', 't')), (('20_3', 'h'), ('20_0', 't')), (('20_0', 'h'), ('20_1', 't')), (('20_1', 'h'), ('20_2', 't'))])

Chosen seed at iteration 11: 1
Chosen chr at iteration 11


Iteration 12
12	deque([(('20_3', 'h'), ('20_0', 't')), (('20_0', 'h'), ('20_3', 't'))])
12	deque([(('20_1', 'h'), ('20_2', 't')), (('20_2', 'h'), ('20_1', 't'))])

Chosen seed at iteration 12: 1
Chosen chr at iteration 12


Iteration 13
13	deque([(('20_0', 'h'), ('20_1', 't')), (('20_2', 'h'), ('20_0', 't')), (('20_3', 'h'), ('20_2', 't')), (('20_1', 'h'), ('20_3', 't'))])

Chosen seed at iteration 13: 1
Chosen chr at iteration 13


Iteration 14
14	deque([(('20_3', 'h'), ('20_2', 't')), (('20_2', 'h'), ('20_0', 't')), (('20_0', 'h'), ('20_3', 't'))])

Chosen seed at iteration 14: 1
Chosen chr at iteration 14


Iteration 15
15	deque([(('20_3', 'h'), ('20_1', 't')), (('20_1', 'h'), ('20_0', 't')), (('20_0', 'h'), ('20_3', 't'))])

Chosen seed at iteration 15: 1
Chosen chr at iteration 15


Iteration 16
16	deque([(('20_2', 'h'), ('20_1', 't')), (('20_1', 'h'), ('20_3', 't')), (('20_3', 'h'), ('20_2', 't'))])

Chosen seed at iteration 16: 1
Chosen chr at iteration 16


Iteration 17
17	deque([(('20_2', 'h'), ('20_3', 't')), (('20_1', 'h'), ('20_2', 't')), (('20_3', 'h'), ('20_1', 't'))])

Chosen seed at iteration 17: 1
Chosen chr at iteration 17


Iteration 18
18	deque([(('20_0', 'h'), ('20_2', 't')), (('20_1', 'h'), ('20_0', 't')), (('20_2', 'h'), ('20_1', 't'))])

Chosen seed at iteration 18: 1
Chosen chr at iteration 18


Iteration 19
19	deque([(('20_1', 'h'), ('20_2', 't')), (('20_0', 'h'), ('20_1', 't')), (('20_2', 'h'), ('20_0', 't'))])

Chosen seed at iteration 19: 1
Chosen chr at iteration 19


Iteration 20
20	deque([(('20_1', 'h'), ('20_3', 't')), (('20_0', 'h'), ('20_1', 't')), (('20_3', 'h'), ('20_0', 't'))])

Chosen seed at iteration 20: 1
Chosen chr at iteration 20


Iteration 21
21	deque([(('20_0', 'h'), ('20_2', 't')), (('20_3', 'h'), ('20_0', 't')), (('20_2', 'h'), ('20_3', 't'))])

Chosen seed at iteration 21: 1
Chosen chr at iteration 21


Iteration 22
Iteration 1
Iteration 1
Iteration 1
Iteration 1
Iteration 1
Iteration 1
Iteration 1
Iteration 1
