Iteration 1
1	deque([(('68_10', 'h'), ('82_28', 't')), (('82_28', 'h'), ('68_10', 't'))])
1	deque([(('87_30', 'h'), ('50_6', 't')), (('50_6', 'h'), ('87_30', 't'))])
1	deque([(('111_12', 'h'), ('141_5', 't')), (('141_5', 'h'), ('111_12', 't'))])

Chosen seed at iteration 1: 1
Chosen chr at iteration 1



Chosen seed at iteration 2: 2
Chosen chr at iteration 2



Chosen seed at iteration 3: 3
Chosen chr at iteration 3


Iteration 4
4	deque([(('78_0', 'h'), ('95_4', 't')), (('95_4', 'h'), ('139_0', 't')), (('139_0', 'h'), ('115_0', 'h')), (('114_1', 'h'), ('115_0', 't')), (('151_1', 't'), ('114_1', 't')), (('151_1', 'h'), ('104_1', 'h')), (('145_0', 'h'), ('104_1', 't')), (('58_0', 'h'), ('145_0', 't')), (('103_9', 'h'), ('58_0', 't')), (('148_23', 'h'), ('103_9', 't')), (('91_13', 'h'), ('148_23', 't')), (('127_24', 't'), ('91_13', 't')), (('127_24', 'h'), ('100_4', 'h')), (('100_4', 't'), ('57_19', 't')), (('57_19', 'h'), ('99_93', 't')), (('99_93', 'h'), ('67_0', 't')), (('109_1', 'h'), ('67_0', 'h')), (('109_1', 't'), ('93_0', 't')), (('93_0', 'h'), ('92_0', 'h')), (('29_0', 'h'), ('92_0', 't')), (('115_1', 'h'), ('29_0', 't')), (('113_0', 'h'), ('115_1', 't')), (('152_0', 't'), ('113_0', 't')), (('152_0', 'h'), ('104_0', 'h')), (('104_0', 't'), ('48_0', 't')), (('92_1', 'h'), ('48_0', 'h')), (('92_1', 't'), ('78_0', 't'))])
4	deque([(('87_17', 'h'), ('50_3', 't')), (('50_3', 'h'), ('87_17', 't'))])

Chosen seed at iteration 4: 1
Chosen chr at iteration 4



Chosen seed at iteration 5: 2
Chosen chr at iteration 5


Iteration 1
1	deque([(('99_27', 'h'), ('49_2', 't')), (('49_2', 'h'), ('140_53', 't')), (('140_53', 'h'), ('99_27', 't'))])
1	deque([(('91_15', 'h'), ('148_18', 't')), (('148_18', 'h'), ('103_11', 't')), (('103_11', 'h'), ('84_15', 'h')), (('99_23', 'h'), ('84_15', 't')), (('57_1', 'h'), ('99_23', 't')), (('100_8', 't'), ('57_1', 't')), (('127_19', 'h'), ('100_8', 'h')), (('127_19', 't'), ('91_15', 't'))])
1	deque([(('50_0', 'h'), ('87_1', 't')), (('87_1', 'h'), ('50_0', 't'))])
1	deque([(('82_49', 'h'), ('68_2', 't')), (('68_2', 'h'), ('82_49', 't'))])

Chosen seed at iteration 1: 1
Chosen chr at iteration 1



Chosen seed at iteration 2: 2
Chosen chr at iteration 2



Chosen seed at iteration 3: 3
Chosen chr at iteration 3



Chosen seed at iteration 4: 4
Chosen chr at iteration 4


Iteration 1
1	deque([(('133_1', 'h'), ('36_0', 'h')), (('85_1', 'h'), ('133_1', 't')), (('135_2', 'h'), ('85_1', 't')), (('131_0', 'h'), ('135_2', 't')), (('72_1', 'h'), ('131_0', 't')), (('130_0', 'h'), ('72_1', 't')), (('130_0', 't'), ('89_0', 't')), (('150_1', 'h'), ('89_0', 'h')), (('150_1', 't'), ('87_29', 't')), (('87_29', 'h'), ('34_0', 'h')), (('141_1', 'h'), ('34_0', 't')), (('111_11', 'h'), ('141_1', 't')), (('121_8', 't'), ('111_11', 't')), (('121_8', 'h'), ('109_4', 'h')), (('37_1', 'h'), ('109_4', 't')), (('136_1', 'h'), ('37_1', 't')), (('136_1', 't'), ('95_6', 't')), (('95_6', 'h'), ('26_0', 'h')), (('88_0', 't'), ('26_0', 't')), (('88_0', 'h'), ('36_0', 't'))])
1	deque([(('82_3', 'h'), ('68_15', 't')), (('68_15', 'h'), ('82_3', 't'))])
1	deque([(('87_9', 'h'), ('50_5', 't')), (('50_5', 'h'), ('87_9', 't'))])

Chosen seed at iteration 1: 1
Chosen chr at iteration 1



Chosen seed at iteration 2: 2
Chosen chr at iteration 2



Chosen seed at iteration 3: 3
Chosen chr at iteration 3


Iteration 4
4	deque([(('140_1', 'h'), ('99_91', 't')), (('49_1', 'h'), ('140_1', 't')), (('99_91', 'h'), ('49_1', 't'))])
4	deque([(('91_7', 'h'), ('148_9', 't')), (('127_22', 't'), ('91_7', 't')), (('127_22', 'h'), ('100_14', 'h')), (('100_14', 't'), ('57_12', 't')), (('57_12', 'h'), ('99_87', 't')), (('99_87', 'h'), ('84_6', 't')), (('103_0', 'h'), ('84_6', 'h')), (('148_9', 'h'), ('103_0', 't'))])
4	deque([(('87_0', 'h'), ('50_4', 't')), (('50_4', 'h'), ('87_0', 't'))])
4	deque([(('68_4', 'h'), ('82_21', 't')), (('82_21', 'h'), ('68_4', 't'))])

Chosen seed at iteration 4: 1
Chosen chr at iteration 4



Chosen seed at iteration 5: 2
Chosen chr at iteration 5



Chosen seed at iteration 6: 3
Chosen chr at iteration 6



Chosen seed at iteration 7: 4
Chosen chr at iteration 7


Iteration 1
1	deque([(('101_0', 't'), ('16_0', 't')), (('16_0', 'h'), ('86_2', 't')), (('86_2', 'h'), ('18_0', 'h')), (('90_3', 't'), ('18_0', 't')), (('90_3', 'h'), ('75_0', 'h')), (('101_0', 'h'), ('75_0', 't'))])
1	deque([(('99_37', 'h'), ('49_4', 't')), (('49_4', 'h'), ('140_34', 't')), (('140_34', 'h'), ('99_37', 't'))])
1	deque([(('111_5', 'h'), ('141_2', 't')), (('141_2', 'h'), ('111_5', 't'))])
1	deque([(('50_6', 'h'), ('87_26', 't')), (('87_26', 'h'), ('50_6', 't'))])
1	deque([(('82_23', 'h'), ('68_3', 't')), (('68_3', 'h'), ('82_23', 't'))])
1	deque([(('148_3', 'h'), ('103_21', 't')), (('103_21', 'h'), ('84_17', 'h')), (('99_57', 'h'), ('84_17', 't')), (('57_21', 'h'), ('99_57', 't')), (('100_13', 't'), ('57_21', 't')), (('127_0', 'h'), ('100_13', 'h')), (('127_0', 't'), ('91_4', 't')), (('91_4', 'h'), ('148_3', 't'))])

Chosen seed at iteration 1: 1
Chosen chr at iteration 1



Chosen seed at iteration 2: 2
Chosen chr at iteration 2



Chosen seed at iteration 3: 3
Chosen chr at iteration 3



Chosen seed at iteration 4: 4
Chosen chr at iteration 4



Chosen seed at iteration 5: 5
Chosen chr at iteration 5



Chosen seed at iteration 6: 6
Chosen chr at iteration 6


Iteration 1
1	deque([(('127_5', 'h'), ('100_18', 'h')), (('127_5', 't'), ('91_3', 't')), (('91_3', 'h'), ('148_4', 't')), (('148_4', 'h'), ('103_6', 't')), (('103_6', 'h'), ('84_0', 'h')), (('99_30', 'h'), ('84_0', 't')), (('140_10', 'h'), ('99_30', 't')), (('49_0', 'h'), ('140_10', 't')), (('99_55', 'h'), ('49_0', 't')), (('57_0', 'h'), ('99_55', 't')), (('100_18', 't'), ('57_0', 't'))])
1	deque([(('87_2', 'h'), ('50_2', 't')), (('50_2', 'h'), ('87_2', 't'))])
1	deque([(('82_12', 'h'), ('68_19', 't')), (('68_19', 'h'), ('82_12', 't'))])

Chosen seed at iteration 1: 1
Chosen chr at iteration 1



Chosen seed at iteration 2: 2
Chosen chr at iteration 2



Chosen seed at iteration 3: 3
Chosen chr at iteration 3


Iteration 4
4	deque([(('141_5', 'h'), ('111_10', 't')), (('111_10', 'h'), ('141_5', 't'))])
4	deque([(('99_16', 'h'), ('49_3', 't')), (('49_3', 'h'), ('140_13', 't')), (('140_13', 'h'), ('99_86', 't')), (('99_86', 'h'), ('84_0', 't')), (('103_1', 'h'), ('84_0', 'h')), (('148_25', 'h'), ('103_1', 't')), (('91_1', 'h'), ('148_25', 't')), (('127_28', 't'), ('91_1', 't')), (('127_28', 'h'), ('100_15', 'h')), (('100_15', 't'), ('57_7', 't')), (('57_7', 'h'), ('99_16', 't'))])
4	deque([(('50_15', 'h'), ('87_20', 't')), (('87_20', 'h'), ('50_15', 't'))])
4	deque([(('68_16', 'h'), ('82_47', 't')), (('82_47', 'h'), ('68_16', 't'))])

Chosen seed at iteration 4: 1
Chosen chr at iteration 4



Chosen seed at iteration 5: 2
Chosen chr at iteration 5



Chosen seed at iteration 6: 3
Chosen chr at iteration 6



Chosen seed at iteration 7: 4
Chosen chr at iteration 7


Iteration 1
1	deque([(('100_18', 't'), ('57_23', 't')), (('57_23', 'h'), ('99_41', 't')), (('99_41', 'h'), ('84_4', 't')), (('103_22', 'h'), ('84_4', 'h')), (('148_21', 'h'), ('103_22', 't')), (('91_10', 'h'), ('148_21', 't')), (('127_20', 't'), ('91_10', 't')), (('127_20', 'h'), ('100_18', 'h'))])
1	deque([(('49_0', 'h'), ('140_54', 't')), (('140_54', 'h'), ('99_97', 't')), (('99_97', 'h'), ('49_0', 't'))])
1	deque([(('68_17', 'h'), ('82_11', 't')), (('82_11', 'h'), ('68_17', 't'))])
1	deque([(('87_22', 'h'), ('50_10', 't')), (('50_10', 'h'), ('87_22', 't'))])

Chosen seed at iteration 1: 1
Chosen chr at iteration 1



Chosen seed at iteration 2: 2
Chosen chr at iteration 2



Chosen seed at iteration 3: 3
Chosen chr at iteration 3



Chosen seed at iteration 4: 4
Chosen chr at iteration 4


Iteration 1
1	deque([(('57_3', 'h'), ('99_90', 't')), (('100_1', 't'), ('57_3', 't')), (('127_25', 'h'), ('100_1', 'h')), (('127_25', 't'), ('91_0', 't')), (('91_0', 'h'), ('148_2', 't')), (('148_2', 'h'), ('103_6', 't')), (('103_6', 'h'), ('84_13', 'h')), (('99_60', 'h'), ('84_13', 't')), (('140_26', 'h'), ('99_60', 't')), (('140_26', 't'), ('54_17', 't')), (('99_90', 'h'), ('54_17', 'h'))])
1	deque([(('82_16', 'h'), ('68_25', 't')), (('68_25', 'h'), ('82_16', 't'))])
1	deque([(('87_7', 'h'), ('50_5', 't')), (('50_5', 'h'), ('87_7', 't'))])

Chosen seed at iteration 1: 1
Chosen chr at iteration 1



Chosen seed at iteration 2: 2
Chosen chr at iteration 2



Chosen seed at iteration 3: 3
Chosen chr at iteration 3


Iteration 4
4	deque([(('82_17', 'h'), ('68_19', 't')), (('68_19', 'h'), ('82_17', 't'))])
4	deque([(('91_21', 'h'), ('148_2', 't')), (('127_15', 't'), ('91_21', 't')), (('127_15', 'h'), ('100_5', 'h')), (('100_5', 't'), ('57_8', 't')), (('57_8', 'h'), ('99_94', 't')), (('99_94', 'h'), ('84_8', 't')), (('103_10', 'h'), ('84_8', 'h')), (('148_2', 'h'), ('103_10', 't'))])
4	deque([(('140_45', 't'), ('54_2', 't')), (('99_102', 'h'), ('54_2', 'h')), (('140_45', 'h'), ('99_102', 't'))])
4	deque([(('87_28', 'h'), ('50_1', 't')), (('50_1', 'h'), ('87_28', 't'))])

Chosen seed at iteration 4: 1
Chosen chr at iteration 4



Chosen seed at iteration 5: 2
Chosen chr at iteration 5



Chosen seed at iteration 6: 3
Chosen chr at iteration 6



Chosen seed at iteration 7: 4
Chosen chr at iteration 7


Iteration 1
1	deque([(('57_17', 'h'), ('99_70', 't')), (('100_6', 't'), ('57_17', 't')), (('127_26', 'h'), ('100_6', 'h')), (('127_26', 't'), ('91_23', 't')), (('91_23', 'h'), ('148_20', 't')), (('148_20', 'h'), ('103_17', 't')), (('103_17', 'h'), ('84_18', 'h')), (('99_70', 'h'), ('84_18', 't'))])
1	deque([(('99_85', 'h'), ('54_6', 'h')), (('140_22', 't'), ('54_6', 't')), (('140_22', 'h'), ('99_85', 't'))])
1	deque([(('87_24', 'h'), ('50_14', 't')), (('50_14', 'h'), ('87_24', 't'))])
1	deque([(('68_25', 'h'), ('82_19', 't')), (('82_19', 'h'), ('68_25', 't'))])

Chosen seed at iteration 1: 1
Chosen chr at iteration 1



Chosen seed at iteration 2: 2
Chosen chr at iteration 2



Chosen seed at iteration 3: 3
Chosen chr at iteration 3



Chosen seed at iteration 4: 4
Chosen chr at iteration 4


Iteration 1
1	deque([(('99_39', 'h'), ('84_2', 't')), (('103_24', 'h'), ('84_2', 'h')), (('148_22', 'h'), ('103_24', 't')), (('91_2', 'h'), ('148_22', 't')), (('127_4', 't'), ('91_2', 't')), (('127_4', 'h'), ('100_7', 'h')), (('100_7', 't'), ('57_24', 't')), (('57_24', 'h'), ('99_71', 't')), (('99_71', 'h'), ('54_0', 'h')), (('140_14', 't'), ('54_0', 't')), (('140_14', 'h'), ('99_39', 't'))])
1	deque([(('111_11', 'h'), ('141_0', 't')), (('141_0', 'h'), ('111_11', 't'))])
1	deque([(('87_2', 'h'), ('50_5', 't')), (('50_5', 'h'), ('87_2', 't'))])
1	deque([(('68_9', 'h'), ('82_32', 't')), (('82_32', 'h'), ('68_9', 't'))])

Chosen seed at iteration 1: 1
Chosen chr at iteration 1



Chosen seed at iteration 2: 2
Chosen chr at iteration 2



Chosen seed at iteration 3: 3
Chosen chr at iteration 3



Chosen seed at iteration 4: 4
Chosen chr at iteration 4


Iteration 1
1	deque([(('82_8', 'h'), ('68_8', 't')), (('68_8', 'h'), ('82_8', 't'))])
1	deque([(('140_40', 't'), ('54_16', 't')), (('99_30', 'h'), ('54_16', 'h')), (('140_40', 'h'), ('99_30', 't'))])
1	deque([(('50_13', 'h'), ('87_7', 't')), (('87_7', 'h'), ('50_13', 't'))])

Chosen seed at iteration 1: 1
Chosen chr at iteration 1



Chosen seed at iteration 2: 2
Chosen chr at iteration 2



Chosen seed at iteration 3: 3
Chosen chr at iteration 3


Iteration 4
4	deque([(('140_9', 't'), ('54_5', 't')), (('140_9', 'h'), ('99_95', 't')), (('99_95', 'h'), ('54_5', 'h'))])
4	deque([(('99_98', 'h'), ('84_11', 't')), (('57_11', 'h'), ('99_98', 't')), (('100_16', 't'), ('57_11', 't')), (('127_23', 'h'), ('100_16', 'h')), (('127_23', 't'), ('91_0', 't')), (('91_0', 'h'), ('148_6', 't')), (('148_6', 'h'), ('103_3', 't')), (('103_3', 'h'), ('84_11', 'h'))])
4	deque([(('68_1', 'h'), ('82_13', 't')), (('82_13', 'h'), ('68_1', 't'))])
4	deque([(('87_11', 'h'), ('50_8', 't')), (('50_8', 'h'), ('87_11', 't'))])

Chosen seed at iteration 4: 1
Chosen chr at iteration 4



Chosen seed at iteration 5: 2
Chosen chr at iteration 5



Chosen seed at iteration 6: 3
Chosen chr at iteration 6



Chosen seed at iteration 7: 4
Chosen chr at iteration 7


Iteration 1
1	deque([(('127_8', 'h'), ('100_2', 'h')), (('100_2', 't'), ('57_16', 't')), (('57_16', 'h'), ('99_48', 't')), (('99_48', 'h'), ('84_20', 't')), (('103_14', 'h'), ('84_20', 'h')), (('148_10', 'h'), ('103_14', 't')), (('91_3', 'h'), ('148_10', 't')), (('127_8', 't'), ('91_3', 't'))])
1	deque([(('99_2', 'h'), ('54_12', 'h')), (('140_62', 't'), ('54_12', 't')), (('140_62', 'h'), ('99_2', 't'))])
1	deque([(('68_0', 'h'), ('82_5', 't')), (('82_5', 'h'), ('68_0', 't'))])
1	deque([(('87_19', 'h'), ('50_9', 't')), (('50_9', 'h'), ('87_19', 't'))])

Chosen seed at iteration 1: 1
Chosen chr at iteration 1



Chosen seed at iteration 2: 2
Chosen chr at iteration 2



Chosen seed at iteration 3: 3
Chosen chr at iteration 3



Chosen seed at iteration 4: 4
Chosen chr at iteration 4


Iteration 1
1	deque([(('103_18', 'h'), ('84_1', 'h')), (('148_7', 'h'), ('103_18', 't')), (('91_24', 'h'), ('148_7', 't')), (('127_2', 't'), ('91_24', 't')), (('127_2', 'h'), ('100_10', 'h')), (('100_10', 't'), ('57_14', 't')), (('57_14', 'h'), ('99_63', 't')), (('99_63', 'h'), ('46_0', 'h')), (('140_3', 't'), ('46_0', 't')), (('140_3', 'h'), ('99_100', 't')), (('99_100', 'h'), ('84_1', 't'))])
1	deque([(('50_16', 'h'), ('87_14', 't')), (('87_14', 'h'), ('50_16', 't'))])
1	deque([(('82_37', 'h'), ('68_14', 't')), (('68_14', 'h'), ('82_37', 't'))])

Chosen seed at iteration 1: 1
Chosen chr at iteration 1



Chosen seed at iteration 2: 2
Chosen chr at iteration 2



Chosen seed at iteration 3: 3
Chosen chr at iteration 3


Iteration 4
4	deque([(('68_12', 'h'), ('82_28', 't')), (('82_28', 'h'), ('68_12', 't'))])
4	deque([(('148_13', 'h'), ('103_13', 't')), (('103_13', 'h'), ('84_10', 'h')), (('99_24', 'h'), ('84_10', 't')), (('57_15', 'h'), ('99_24', 't')), (('100_19', 't'), ('57_15', 't')), (('127_3', 'h'), ('100_19', 'h')), (('127_3', 't'), ('91_16', 't')), (('91_16', 'h'), ('148_13', 't'))])
4	deque([(('87_7', 'h'), ('50_2', 't')), (('50_2', 'h'), ('87_7', 't'))])

Chosen seed at iteration 4: 1
Chosen chr at iteration 4



Chosen seed at iteration 5: 2
Chosen chr at iteration 5



Chosen seed at iteration 6: 3
Chosen chr at iteration 6


Iteration 1
1	deque([(('127_13', 'h'), ('100_1', 'h')), (('127_13', 't'), ('91_8', 't')), (('91_8', 'h'), ('148_8', 't')), (('148_8', 'h'), ('103_26', 't')), (('103_26', 'h'), ('84_13', 'h')), (('99_10', 'h'), ('84_13', 't')), (('140_2', 'h'), ('99_10', 't')), (('140_2', 't'), ('46_7', 't')), (('99_12', 'h'), ('46_7', 'h')), (('57_10', 'h'), ('99_12', 't')), (('100_1', 't'), ('57_10', 't'))])
1	deque([(('87_30', 'h'), ('50_17', 't')), (('50_17', 'h'), ('87_30', 't'))])
1	deque([(('82_14', 'h'), ('68_5', 't')), (('68_5', 'h'), ('82_14', 't'))])

Chosen seed at iteration 1: 1
Chosen chr at iteration 1



Chosen seed at iteration 2: 2
Chosen chr at iteration 2



Chosen seed at iteration 3: 3
Chosen chr at iteration 3


Iteration 4
4	deque([(('103_25', 'h'), ('84_5', 'h')), (('148_1', 'h'), ('103_25', 't')), (('91_26', 'h'), ('148_1', 't')), (('127_7', 't'), ('91_26', 't')), (('127_7', 'h'), ('100_17', 'h')), (('100_17', 't'), ('57_18', 't')), (('57_18', 'h'), ('99_13', 't')), (('99_13', 'h'), ('46_6', 'h')), (('140_25', 't'), ('46_6', 't')), (('140_25', 'h'), ('99_15', 't')), (('99_15', 'h'), ('84_5', 't'))])
4	deque([(('87_27', 'h'), ('50_17', 't')), (('50_17', 'h'), ('87_27', 't'))])
4	deque([(('68_21', 'h'), ('82_39', 't')), (('82_39', 'h'), ('68_21', 't'))])

Chosen seed at iteration 4: 1
Chosen chr at iteration 4



Chosen seed at iteration 5: 2
Chosen chr at iteration 5



Chosen seed at iteration 6: 3
Chosen chr at iteration 6


Iteration 1
1	deque([(('82_37', 'h'), ('68_15', 't')), (('68_15', 'h'), ('82_37', 't'))])
1	deque([(('50_13', 'h'), ('87_8', 't')), (('87_8', 'h'), ('50_13', 't'))])

Chosen seed at iteration 1: 1
Chosen chr at iteration 1



Chosen seed at iteration 2: 2
Chosen chr at iteration 2


Iteration 3
3	deque([(('82_48', 'h'), ('68_28', 't')), (('68_28', 'h'), ('82_48', 't'))])
3	deque([(('50_7', 'h'), ('87_9', 't')), (('87_9', 'h'), ('50_7', 't'))])

Chosen seed at iteration 3: 1
Chosen chr at iteration 3



Chosen seed at iteration 4: 2
Chosen chr at iteration 4


Iteration 1
1	deque([(('50_12', 'h'), ('87_30', 't')), (('87_30', 'h'), ('50_12', 't'))])
1	deque([(('82_18', 'h'), ('68_27', 't')), (('68_27', 'h'), ('82_18', 't'))])

Chosen seed at iteration 1: 1
Chosen chr at iteration 1



Chosen seed at iteration 2: 2
Chosen chr at iteration 2


Iteration 3
3	deque([(('82_45', 'h'), ('68_10', 't')), (('68_10', 'h'), ('82_45', 't'))])
3	deque([(('50_11', 'h'), ('87_30', 't')), (('87_30', 'h'), ('50_11', 't'))])

Chosen seed at iteration 3: 1
Chosen chr at iteration 3



Chosen seed at iteration 4: 2
Chosen chr at iteration 4


Iteration 1
1	deque([(('87_14', 'h'), ('50_13', 't')), (('50_13', 'h'), ('87_14', 't'))])
1	deque([(('82_7', 'h'), ('68_11', 't')), (('68_11', 'h'), ('82_7', 't'))])

Chosen seed at iteration 1: 1
Chosen chr at iteration 1



Chosen seed at iteration 2: 2
Chosen chr at iteration 2


Iteration 3
3	deque([(('103_2', 'h'), ('84_9', 'h')), (('99_89', 'h'), ('84_9', 't')), (('57_9', 'h'), ('99_89', 't')), (('100_10', 't'), ('57_9', 't')), (('127_13', 'h'), ('100_10', 'h')), (('127_13', 't'), ('91_14', 't')), (('91_14', 'h'), ('148_0', 't')), (('148_0', 'h'), ('103_2', 't'))])
3	deque([(('82_8', 'h'), ('68_8', 't')), (('68_8', 'h'), ('82_8', 't'))])
3	deque([(('87_12', 'h'), ('50_12', 't')), (('50_12', 'h'), ('87_12', 't'))])
3	deque([(('140_4', 'h'), ('99_61', 't')), (('140_4', 't'), ('46_2', 't')), (('99_61', 'h'), ('46_2', 'h'))])

Chosen seed at iteration 3: 1
Chosen chr at iteration 3



Chosen seed at iteration 4: 2
Chosen chr at iteration 4



Chosen seed at iteration 5: 3
Chosen chr at iteration 5



Chosen seed at iteration 6: 4
Chosen chr at iteration 6


Iteration 1
1	deque([(('140_58', 't'), ('54_9', 't')), (('140_58', 'h'), ('99_20', 't')), (('99_20', 'h'), ('54_9', 'h'))])
1	deque([(('91_27', 'h'), ('148_4', 't')), (('127_14', 't'), ('91_27', 't')), (('127_14', 'h'), ('100_11', 'h')), (('100_11', 't'), ('57_22', 't')), (('57_22', 'h'), ('99_44', 't')), (('99_44', 'h'), ('84_12', 't')), (('103_8', 'h'), ('84_12', 'h')), (('148_4', 'h'), ('103_8', 't'))])
1	deque([(('87_18', 'h'), ('50_13', 't')), (('50_13', 'h'), ('87_18', 't'))])
1	deque([(('82_2', 'h'), ('68_13', 't')), (('68_13', 'h'), ('82_2', 't'))])

Chosen seed at iteration 1: 1
Chosen chr at iteration 1



Chosen seed at iteration 2: 2
Chosen chr at iteration 2



Chosen seed at iteration 3: 3
Chosen chr at iteration 3



Chosen seed at iteration 4: 4
Chosen chr at iteration 4


Iteration 1
1	deque([(('82_31', 'h'), ('68_15', 't')), (('68_15', 'h'), ('82_31', 't'))])
1	deque([(('140_5', 'h'), ('99_8', 't')), (('140_5', 't'), ('46_1', 't')), (('99_8', 'h'), ('46_1', 'h'))])
1	deque([(('87_13', 'h'), ('50_16', 't')), (('50_16', 'h'), ('87_13', 't'))])

Chosen seed at iteration 1: 1
Chosen chr at iteration 1



Chosen seed at iteration 2: 2
Chosen chr at iteration 2



Chosen seed at iteration 3: 3
Chosen chr at iteration 3


Iteration 4
4	deque([(('103_20', 'h'), ('84_14', 'h')), (('148_11', 'h'), ('103_20', 't')), (('91_9', 'h'), ('148_11', 't')), (('127_12', 't'), ('91_9', 't')), (('127_12', 'h'), ('100_0', 'h')), (('100_0', 't'), ('57_0', 't')), (('57_0', 'h'), ('99_88', 't')), (('99_88', 'h'), ('84_14', 't'))])
4	deque([(('87_6', 'h'), ('50_16', 't')), (('50_16', 'h'), ('87_6', 't'))])
4	deque([(('99_0', 'h'), ('54_19', 'h')), (('140_29', 'h'), ('99_0', 't')), (('140_29', 't'), ('54_19', 't'))])
4	deque([(('68_15', 'h'), ('82_7', 't')), (('82_7', 'h'), ('68_15', 't'))])

Chosen seed at iteration 4: 1
Chosen chr at iteration 4



Chosen seed at iteration 5: 2
Chosen chr at iteration 5



Chosen seed at iteration 6: 3
Chosen chr at iteration 6



Chosen seed at iteration 7: 4
Chosen chr at iteration 7


Iteration 1
1	deque([(('140_0', 't'), ('69_4', 't')), (('99_46', 'h'), ('69_4', 'h')), (('57_5', 'h'), ('99_46', 't')), (('100_3', 't'), ('57_5', 't')), (('127_10', 'h'), ('100_3', 'h')), (('127_10', 't'), ('91_25', 't')), (('91_25', 'h'), ('148_12', 't')), (('148_12', 'h'), ('103_5', 't')), (('103_5', 'h'), ('84_7', 'h')), (('99_14', 'h'), ('84_7', 't')), (('140_0', 'h'), ('99_14', 't'))])
1	deque([(('82_37', 'h'), ('68_11', 't')), (('68_11', 'h'), ('82_37', 't'))])

Chosen seed at iteration 1: 1
Chosen chr at iteration 1



Chosen seed at iteration 2: 2
Chosen chr at iteration 2


Iteration 3
3	deque([(('82_27', 'h'), ('68_5', 't')), (('68_5', 'h'), ('82_27', 't'))])
3	deque([(('127_10', 't'), ('91_17', 't')), (('91_17', 'h'), ('148_14', 't')), (('148_14', 'h'), ('103_15', 't')), (('103_15', 'h'), ('84_7', 'h')), (('99_73', 'h'), ('84_7', 't')), (('140_55', 'h'), ('99_73', 't')), (('140_55', 't'), ('54_8', 't')), (('99_26', 'h'), ('54_8', 'h')), (('57_2', 'h'), ('99_26', 't')), (('100_3', 't'), ('57_2', 't')), (('127_10', 'h'), ('100_3', 'h'))])

Chosen seed at iteration 3: 1
Chosen chr at iteration 3



Chosen seed at iteration 4: 2
Chosen chr at iteration 4


Iteration 1
1	deque([(('68_20', 'h'), ('82_12', 't')), (('82_12', 'h'), ('68_20', 't'))])

Chosen seed at iteration 1: 1
Chosen chr at iteration 1


Iteration 2
2	deque([(('103_26', 'h'), ('84_19', 'h')), (('99_77', 'h'), ('84_19', 't')), (('140_42', 'h'), ('99_77', 't')), (('140_42', 't'), ('69_3', 't')), (('99_6', 'h'), ('69_3', 'h')), (('57_13', 'h'), ('99_6', 't')), (('100_9', 't'), ('57_13', 't')), (('127_1', 'h'), ('100_9', 'h')), (('127_1', 't'), ('91_5', 't')), (('91_5', 'h'), ('148_15', 't')), (('148_15', 'h'), ('103_26', 't'))])
2	deque([(('82_42', 'h'), ('68_26', 't')), (('68_26', 'h'), ('82_42', 't'))])

Chosen seed at iteration 2: 1
Chosen chr at iteration 2



Chosen seed at iteration 3: 2
Chosen chr at iteration 3


Iteration 4
4	deque([(('82_33', 'h'), ('68_23', 't')), (('68_23', 'h'), ('82_33', 't'))])

Chosen seed at iteration 4: 1
Chosen chr at iteration 4


Iteration 1
1	deque([(('68_24', 'h'), ('82_20', 't')), (('82_20', 'h'), ('68_24', 't'))])

Chosen seed at iteration 1: 1
Chosen chr at iteration 1


Iteration 2
2	deque([(('140_46', 't'), ('54_11', 't')), (('140_46', 'h'), ('99_84', 't')), (('99_84', 'h'), ('54_11', 'h'))])
2	deque([(('68_22', 'h'), ('82_6', 't')), (('82_6', 'h'), ('68_22', 't'))])

Chosen seed at iteration 2: 1
Chosen chr at iteration 2



Chosen seed at iteration 3: 2
Chosen chr at iteration 3


Iteration 4
4	deque([(('82_14', 'h'), ('68_22', 't')), (('68_22', 'h'), ('82_14', 't'))])

Chosen seed at iteration 4: 1
Chosen chr at iteration 4


Iteration 1
1	deque([(('140_31', 'h'), ('99_11', 't')), (('99_11', 'h'), ('54_4', 'h')), (('140_31', 't'), ('54_4', 't'))])
1	deque([(('82_20', 'h'), ('68_7', 't')), (('68_7', 'h'), ('82_20', 't'))])

Chosen seed at iteration 1: 1
Chosen chr at iteration 1



Chosen seed at iteration 2: 2
Chosen chr at iteration 2


Iteration 3
3	deque([(('68_29', 'h'), ('82_0', 't')), (('82_0', 'h'), ('68_29', 't'))])
3	deque([(('140_30', 't'), ('54_4', 't')), (('99_103', 'h'), ('54_4', 'h')), (('140_30', 'h'), ('99_103', 't'))])

Chosen seed at iteration 3: 1
Chosen chr at iteration 3



Chosen seed at iteration 4: 2
Chosen chr at iteration 4


Iteration 1
1	deque([(('68_27', 'h'), ('82_35', 't')), (('82_35', 'h'), ('68_27', 't'))])
1	deque([(('140_26', 'h'), ('99_7', 't')), (('99_7', 'h'), ('54_20', 'h')), (('140_26', 't'), ('54_20', 't'))])

Chosen seed at iteration 1: 1
Chosen chr at iteration 1



Chosen seed at iteration 2: 2
Chosen chr at iteration 2


Iteration 3
3	deque([(('82_3', 'h'), ('68_27', 't')), (('68_27', 'h'), ('82_3', 't'))])
3	deque([(('99_12', 'h'), ('54_21', 'h')), (('140_2', 'h'), ('99_12', 't')), (('140_2', 't'), ('54_21', 't'))])

Chosen seed at iteration 3: 1
Chosen chr at iteration 3



Chosen seed at iteration 4: 2
Chosen chr at iteration 4


Iteration 1
1	deque([(('140_44', 't'), ('54_15', 't')), (('99_53', 'h'), ('54_15', 'h')), (('140_44', 'h'), ('99_53', 't'))])
1	deque([(('82_43', 'h'), ('68_14', 't')), (('68_14', 'h'), ('82_43', 't'))])

Chosen seed at iteration 1: 1
Chosen chr at iteration 1



Chosen seed at iteration 2: 2
Chosen chr at iteration 2


Iteration 3
3	deque([(('68_14', 'h'), ('82_22', 't')), (('82_22', 'h'), ('68_14', 't'))])

Chosen seed at iteration 3: 1
Chosen chr at iteration 3


Iteration 4
4	deque([(('68_24', 'h'), ('82_43', 't')), (('82_43', 'h'), ('68_24', 't'))])

Chosen seed at iteration 4: 1
Chosen chr at iteration 4


Iteration 1
1	deque([(('99_59', 'h'), ('54_14', 'h')), (('140_40', 't'), ('54_14', 't')), (('140_40', 'h'), ('99_59', 't'))])
1	deque([(('82_26', 'h'), ('68_14', 't')), (('68_14', 'h'), ('82_26', 't'))])

Chosen seed at iteration 1: 1
Chosen chr at iteration 1



Chosen seed at iteration 2: 2
Chosen chr at iteration 2


Iteration 3
3	deque([(('68_11', 'h'), ('82_30', 't')), (('82_30', 'h'), ('68_11', 't'))])

Chosen seed at iteration 3: 1
Chosen chr at iteration 3


Iteration 4
4	deque([(('68_26', 'h'), ('82_26', 't')), (('82_26', 'h'), ('68_26', 't'))])

Chosen seed at iteration 4: 1
Chosen chr at iteration 4


Iteration 1
1	deque([(('68_20', 'h'), ('82_9', 't')), (('82_9', 'h'), ('68_20', 't'))])
1	deque([(('140_40', 'h'), ('99_35', 't')), (('140_40', 't'), ('54_20', 't')), (('99_35', 'h'), ('54_20', 'h'))])

Chosen seed at iteration 1: 1
Chosen chr at iteration 1



Chosen seed at iteration 2: 2
Chosen chr at iteration 2


Iteration 3
3	deque([(('140_46', 'h'), ('99_19', 't')), (('99_19', 'h'), ('54_18', 'h')), (('140_46', 't'), ('54_18', 't'))])
3	deque([(('68_18', 'h'), ('82_30', 't')), (('82_30', 'h'), ('68_18', 't'))])

Chosen seed at iteration 3: 1
Chosen chr at iteration 3



Chosen seed at iteration 4: 2
Chosen chr at iteration 4


Iteration 1
1	deque([(('82_1', 'h'), ('68_14', 't')), (('68_14', 'h'), ('82_1', 't'))])
1	deque([(('140_3', 'h'), ('99_46', 't')), (('99_46', 'h'), ('54_20', 'h')), (('140_3', 't'), ('54_20', 't'))])

Chosen seed at iteration 1: 1
Chosen chr at iteration 1



Chosen seed at iteration 2: 2
Chosen chr at iteration 2


Iteration 3
3	deque([(('140_50', 't'), ('54_20', 't')), (('99_33', 'h'), ('54_20', 'h')), (('140_50', 'h'), ('99_33', 't'))])
3	deque([(('68_14', 'h'), ('82_34', 't')), (('82_34', 'h'), ('68_14', 't'))])

Chosen seed at iteration 3: 1
Chosen chr at iteration 3



Chosen seed at iteration 4: 2
Chosen chr at iteration 4


Iteration 1
1	deque([(('140_7', 'h'), ('99_3', 't')), (('99_3', 'h'), ('54_15', 'h')), (('140_7', 't'), ('54_15', 't'))])
1	deque([(('68_7', 'h'), ('82_1', 't')), (('82_1', 'h'), ('68_7', 't'))])

Chosen seed at iteration 1: 1
Chosen chr at iteration 1



Chosen seed at iteration 2: 2
Chosen chr at iteration 2


Iteration 3
3	deque([(('140_40', 'h'), ('99_11', 't')), (('140_40', 't'), ('54_15', 't')), (('99_11', 'h'), ('54_15', 'h'))])
3	deque([(('68_20', 'h'), ('82_20', 't')), (('82_20', 'h'), ('68_20', 't'))])

Chosen seed at iteration 3: 1
Chosen chr at iteration 3



Chosen seed at iteration 4: 2
Chosen chr at iteration 4


Iteration 1
1	deque([(('140_35', 'h'), ('99_34', 't')), (('99_34', 'h'), ('69_16', 'h')), (('140_35', 't'), ('69_16', 't'))])
1	deque([(('82_31', 'h'), ('68_11', 't')), (('68_11', 'h'), ('82_31', 't'))])

Chosen seed at iteration 1: 1
Chosen chr at iteration 1



Chosen seed at iteration 2: 2
Chosen chr at iteration 2


Iteration 3
3	deque([(('68_11', 'h'), ('82_42', 't')), (('82_42', 'h'), ('68_11', 't'))])
3	deque([(('140_56', 't'), ('69_16', 't')), (('140_56', 'h'), ('99_55', 't')), (('99_55', 'h'), ('69_16', 'h'))])

Chosen seed at iteration 3: 1
Chosen chr at iteration 3



Chosen seed at iteration 4: 2
Chosen chr at iteration 4


Iteration 1
1	deque([(('140_41', 't'), ('77_4', 't')), (('140_41', 'h'), ('99_65', 't')), (('99_65', 'h'), ('77_4', 'h'))])
1	deque([(('82_1', 'h'), ('68_7', 't')), (('68_7', 'h'), ('82_1', 't'))])

Chosen seed at iteration 1: 1
Chosen chr at iteration 1



Chosen seed at iteration 2: 2
Chosen chr at iteration 2


Iteration 3
3	deque([(('82_31', 'h'), ('68_7', 't')), (('68_7', 'h'), ('82_31', 't'))])

Chosen seed at iteration 3: 1
Chosen chr at iteration 3


Iteration 4
4	deque([(('82_9', 'h'), ('68_7', 't')), (('68_7', 'h'), ('82_9', 't'))])
4	deque([(('82_18', 'h'), ('68_7', 't')), (('68_7', 'h'), ('82_18', 't'))])

Chosen seed at iteration 4: 1
Chosen chr at iteration 4



Chosen seed at iteration 5: 2
Chosen chr at iteration 5


Iteration 1
1	deque([(('99_47', 'h'), ('69_1', 'h')), (('140_57', 't'), ('69_1', 't')), (('140_57', 'h'), ('99_47', 't'))])

Chosen seed at iteration 1: 1
Chosen chr at iteration 1


Iteration 2
Iteration 1
1	deque([(('99_53', 'h'), ('69_1', 'h')), (('140_43', 't'), ('69_1', 't')), (('140_43', 'h'), ('99_53', 't'))])
1	deque([(('99_6', 'h'), ('77_3', 'h'))])

Chosen seed at iteration 1: 1
Chosen chr at iteration 1



Chosen seed at iteration 2: 2
Chosen chr at iteration 2


Iteration 3
3	deque([(('99_81', 'h'), ('77_3', 'h'))])

Chosen seed at iteration 3: 1
Chosen chr at iteration 3


Iteration 4
4	deque([(('140_42', 'h'), ('99_40', 't')), (('99_40', 'h'), ('69_14', 'h')), (('140_42', 't'), ('69_14', 't'))])

Chosen seed at iteration 4: 1
Chosen chr at iteration 4


Iteration 1
Iteration 1
1	deque([(('140_12', 't'), ('77_0', 't')), (('99_104', 'h'), ('77_0', 'h')), (('140_12', 'h'), ('99_104', 't'))])

Chosen seed at iteration 1: 1
Chosen chr at iteration 1


Iteration 2
Iteration 1
1	deque([(('140_16', 'h'), ('99_66', 't')), (('99_66', 'h'), ('69_10', 'h')), (('140_16', 't'), ('69_10', 't'))])

Chosen seed at iteration 1: 1
Chosen chr at iteration 1


Iteration 2
2	deque([(('99_47', 'h'), ('69_1', 'h')), (('140_24', 'h'), ('99_47', 't')), (('140_24', 't'), ('69_1', 't'))])

Chosen seed at iteration 2: 1
Chosen chr at iteration 2


Iteration 3
3	deque([(('140_44', 'h'), ('99_104', 't')), (('99_104', 'h'), ('69_13', 'h')), (('140_44', 't'), ('69_13', 't'))])

Chosen seed at iteration 3: 1
Chosen chr at iteration 3


Iteration 4
4	deque([(('140_11', 'h'), ('99_4', 't')), (('99_4', 'h'), ('69_10', 'h')), (('140_11', 't'), ('69_10', 't'))])

Chosen seed at iteration 4: 1
Chosen chr at iteration 4


Iteration 1
1	deque([(('140_26', 't'), ('69_13', 't')), (('140_26', 'h'), ('99_21', 't')), (('99_21', 'h'), ('69_13', 'h'))])

Chosen seed at iteration 1: 1
Chosen chr at iteration 1


Iteration 2
2	deque([(('140_10', 'h'), ('99_21', 't')), (('140_10', 't'), ('69_5', 't')), (('99_21', 'h'), ('69_5', 'h'))])

Chosen seed at iteration 2: 1
Chosen chr at iteration 2


Iteration 3
3	deque([(('140_35', 't'), ('69_13', 't')), (('99_92', 'h'), ('69_13', 'h')), (('140_35', 'h'), ('99_92', 't'))])

Chosen seed at iteration 3: 1
Chosen chr at iteration 3


Iteration 4
4	deque([(('140_60', 't'), ('69_15', 't')), (('99_8', 'h'), ('69_15', 'h')), (('140_60', 'h'), ('99_8', 't'))])

Chosen seed at iteration 4: 1
Chosen chr at iteration 4


Iteration 1
1	deque([(('140_44', 'h'), ('99_35', 't')), (('140_44', 't'), ('69_13', 't')), (('99_35', 'h'), ('69_13', 'h'))])

Chosen seed at iteration 1: 1
Chosen chr at iteration 1


Iteration 2
2	deque([(('140_21', 'h'), ('99_79', 't')), (('140_21', 't'), ('69_1', 't')), (('99_79', 'h'), ('69_1', 'h'))])

Chosen seed at iteration 2: 1
Chosen chr at iteration 2


Iteration 3
3	deque([(('140_36', 't'), ('69_1', 't')), (('140_36', 'h'), ('99_47', 't')), (('99_47', 'h'), ('69_1', 'h'))])

Chosen seed at iteration 3: 1
Chosen chr at iteration 3


Iteration 4
4	deque([(('99_22', 'h'), ('69_5', 'h')), (('140_5', 't'), ('69_5', 't')), (('140_5', 'h'), ('99_22', 't'))])

Chosen seed at iteration 4: 1
Chosen chr at iteration 4


Iteration 1
1	deque([(('140_15', 't'), ('69_11', 't')), (('140_15', 'h'), ('99_42', 't')), (('99_42', 'h'), ('69_11', 'h'))])

Chosen seed at iteration 1: 1
Chosen chr at iteration 1


Iteration 2
Iteration 1
1	deque([(('140_24', 't'), ('69_4', 't')), (('140_24', 'h'), ('99_53', 't')), (('99_53', 'h'), ('69_4', 'h'))])

Chosen seed at iteration 1: 1
Chosen chr at iteration 1


Iteration 2
2	deque([(('99_45', 'h'), ('69_1', 'h')), (('140_35', 't'), ('69_1', 't')), (('140_35', 'h'), ('99_45', 't'))])

Chosen seed at iteration 2: 1
Chosen chr at iteration 2


Iteration 3
Iteration 1
Iteration 1
Iteration 1
1	deque([(('80_8', 'h'), ('140_36', 't')), (('99_5', 'h'), ('80_8', 't')), (('140_36', 'h'), ('99_5', 't'))])
1	deque([(('70_72', 'h'), ('70_72', 't'))])

Chosen seed at iteration 1: 1
Chosen chr at iteration 1



Chosen seed at iteration 2: 2
Chosen chr at iteration 2


Iteration 3
3	deque([(('70_24', 'h'), ('70_24', 't'))])

Chosen seed at iteration 3: 1
Chosen chr at iteration 3


Iteration 4
4	deque([(('140_10', 'h'), ('99_5', 't')), (('80_3', 'h'), ('140_10', 't')), (('99_5', 'h'), ('80_3', 't'))])
4	deque([(('70_71', 'h'), ('70_71', 't'))])

Chosen seed at iteration 4: 1
Chosen chr at iteration 4



Chosen seed at iteration 5: 2
Chosen chr at iteration 5


Iteration 1
1	deque([(('70_14', 'h'), ('70_14', 't'))])
1	deque([(('80_5', 'h'), ('140_35', 't')), (('140_35', 'h'), ('99_36', 't')), (('99_36', 'h'), ('80_5', 't'))])

Chosen seed at iteration 1: 1
Chosen chr at iteration 1



Chosen seed at iteration 2: 2
Chosen chr at iteration 2


Iteration 3
Iteration 1
1	deque([(('99_84', 'h'), ('80_1', 't')), (('80_1', 'h'), ('140_21', 't')), (('140_21', 'h'), ('99_84', 't'))])
1	deque([(('70_8', 'h'), ('70_8', 't'))])

Chosen seed at iteration 1: 1
Chosen chr at iteration 1



Chosen seed at iteration 2: 2
Chosen chr at iteration 2


Iteration 3
3	deque([(('70_41', 'h'), ('70_41', 't'))])
3	deque([(('80_8', 'h'), ('140_16', 't')), (('99_79', 'h'), ('80_8', 't')), (('140_16', 'h'), ('99_79', 't'))])

Chosen seed at iteration 3: 1
Chosen chr at iteration 3



Chosen seed at iteration 4: 2
Chosen chr at iteration 4


Iteration 1
1	deque([(('80_6', 'h'), ('140_57', 't')), (('140_57', 'h'), ('99_38', 't')), (('99_38', 'h'), ('80_6', 't'))])
1	deque([(('70_10', 'h'), ('70_10', 't'))])

Chosen seed at iteration 1: 1
Chosen chr at iteration 1



Chosen seed at iteration 2: 2
Chosen chr at iteration 2


Iteration 3
3	deque([(('70_15', 'h'), ('70_15', 't'))])
3	deque([(('99_46', 'h'), ('80_1', 't')), (('140_23', 'h'), ('99_46', 't')), (('80_1', 'h'), ('140_23', 't'))])

Chosen seed at iteration 3: 1
Chosen chr at iteration 3



Chosen seed at iteration 4: 2
Chosen chr at iteration 4


Iteration 1
1	deque([(('140_15', 'h'), ('99_66', 't')), (('80_7', 'h'), ('140_15', 't')), (('99_66', 'h'), ('80_7', 't'))])
1	deque([(('70_3', 'h'), ('70_3', 't'))])

Chosen seed at iteration 1: 1
Chosen chr at iteration 1



Chosen seed at iteration 2: 2
Chosen chr at iteration 2


Iteration 3
3	deque([(('70_35', 'h'), ('70_35', 't'))])
3	deque([(('70_28', 'h'), ('70_28', 't'))])

Chosen seed at iteration 3: 1
Chosen chr at iteration 3



Chosen seed at iteration 4: 2
Chosen chr at iteration 4


Iteration 1
1	deque([(('80_6', 'h'), ('140_24', 't')), (('140_24', 'h'), ('99_72', 't')), (('99_72', 'h'), ('80_6', 't'))])
1	deque([(('70_17', 'h'), ('70_17', 't'))])

Chosen seed at iteration 1: 1
Chosen chr at iteration 1



Chosen seed at iteration 2: 2
Chosen chr at iteration 2


Iteration 3
3	deque([(('70_59', 'h'), ('70_59', 't'))])

Chosen seed at iteration 3: 1
Chosen chr at iteration 3


Iteration 4
4	deque([(('140_43', 'h'), ('99_47', 't')), (('99_47', 'h'), ('80_7', 't')), (('80_7', 'h'), ('140_43', 't'))])
4	deque([(('70_47', 'h'), ('70_47', 't'))])

Chosen seed at iteration 4: 1
Chosen chr at iteration 4



Chosen seed at iteration 5: 2
Chosen chr at iteration 5


Iteration 1
1	deque([(('70_4', 'h'), ('70_4', 't'))])

Chosen seed at iteration 1: 1
Chosen chr at iteration 1


Iteration 2
2	deque([(('80_2', 'h'), ('140_3', 't')), (('140_3', 'h'), ('99_43', 't')), (('99_43', 'h'), ('80_2', 't'))])
2	deque([(('70_8', 'h'), ('70_8', 't'))])

Chosen seed at iteration 2: 1
Chosen chr at iteration 2



Chosen seed at iteration 3: 2
Chosen chr at iteration 3


Iteration 4
4	deque([(('99_84', 'h'), ('80_5', 't')), (('80_5', 'h'), ('140_48', 't')), (('140_48', 'h'), ('99_84', 't'))])
4	deque([(('70_5', 'h'), ('70_5', 't'))])

Chosen seed at iteration 4: 1
Chosen chr at iteration 4



Chosen seed at iteration 5: 2
Chosen chr at iteration 5


Iteration 1
1	deque([(('80_6', 'h'), ('140_15', 't')), (('140_15', 'h'), ('99_81', 't')), (('99_81', 'h'), ('80_6', 't'))])
1	deque([(('70_40', 'h'), ('70_40', 't'))])

Chosen seed at iteration 1: 1
Chosen chr at iteration 1



Chosen seed at iteration 2: 2
Chosen chr at iteration 2


Iteration 3
3	deque([(('80_2', 'h'), ('140_32', 't')), (('99_66', 'h'), ('80_2', 't')), (('140_32', 'h'), ('99_66', 't'))])
3	deque([(('70_38', 'h'), ('70_38', 't'))])

Chosen seed at iteration 3: 1
Chosen chr at iteration 3



Chosen seed at iteration 4: 2
Chosen chr at iteration 4


Iteration 1
1	deque([(('70_31', 'h'), ('70_31', 't'))])

Chosen seed at iteration 1: 1
Chosen chr at iteration 1


Iteration 2
2	deque([(('70_55', 'h'), ('70_55', 't'))])

Chosen seed at iteration 2: 1
Chosen chr at iteration 2


Iteration 3
3	deque([(('80_6', 'h'), ('140_51', 't')), (('140_51', 'h'), ('99_81', 't')), (('99_81', 'h'), ('80_6', 't'))])
3	deque([(('70_60', 'h'), ('70_60', 't'))])

Chosen seed at iteration 3: 1
Chosen chr at iteration 3



Chosen seed at iteration 4: 2
Chosen chr at iteration 4


Iteration 1
1	deque([(('80_9', 'h'), ('140_57', 't')), (('99_65', 'h'), ('80_9', 't')), (('140_57', 'h'), ('99_65', 't'))])
1	deque([(('70_55', 'h'), ('70_55', 't'))])

Chosen seed at iteration 1: 1
Chosen chr at iteration 1



Chosen seed at iteration 2: 2
Chosen chr at iteration 2


Iteration 3
3	deque([(('70_9', 'h'), ('70_9', 't'))])
3	deque([(('140_36', 'h'), ('99_3', 't')), (('99_3', 'h'), ('80_9', 't')), (('80_9', 'h'), ('140_36', 't'))])

Chosen seed at iteration 3: 1
Chosen chr at iteration 3



Chosen seed at iteration 4: 2
Chosen chr at iteration 4


Iteration 1
1	deque([(('140_44', 'h'), ('99_65', 't'))])
1	deque([(('140_44', 't'), ('60_0', 't'))])

Chosen seed at iteration 1: 1
Chosen chr at iteration 1



Chosen seed at iteration 2: 2
Chosen chr at iteration 2


Iteration 3
Iteration 1
Iteration 1
Iteration 1
Iteration 1
Iteration 1
Iteration 1
Iteration 1
Iteration 1
Iteration 1
Iteration 1
Iteration 1
Iteration 1
Iteration 1
Iteration 1
Iteration 1
Iteration 1
Iteration 1
Iteration 1
Iteration 1
Iteration 1
Iteration 1
Iteration 1
Iteration 1
Iteration 1
Iteration 1
Iteration 1
Iteration 1
Iteration 1
Iteration 1
Iteration 1
Iteration 1
Iteration 1
Iteration 1
Iteration 1
Iteration 1
Iteration 1
Iteration 1
Iteration 1
Iteration 1
