Iteration 1
1	deque([(('59_2', 'h'), ('59_2', 't'))])
1	deque([(('98_0', 'h'), ('61_1', 'h')), (('63_1', 'h'), ('61_1', 't')), (('98_0', 't'), ('63_1', 't'))])
1	deque([(('54_5', 'h'), ('54_5', 't'))])
1	deque([(('118_2', 't'), ('62_4', 't')), (('118_2', 'h'), ('36_0', 'h')), (('118_1', 'h'), ('36_0', 't')), (('62_4', 'h'), ('118_1', 't'))])

Chosen seed at iteration 1: 1
Chosen chr at iteration 1



Chosen seed at iteration 2: 2
Chosen chr at iteration 2



Chosen seed at iteration 3: 3
Chosen chr at iteration 3



Chosen seed at iteration 4: 4
Chosen chr at iteration 4


Iteration 1
1	deque([(('59_1', 'h'), ('59_1', 't'))])
1	deque([(('63_0', 'h'), ('61_0', 't')), (('98_1', 't'), ('63_0', 't')), (('98_1', 'h'), ('61_0', 'h'))])
1	deque([(('54_0', 'h'), ('54_0', 't'))])

Chosen seed at iteration 1: 1
Chosen chr at iteration 1



Chosen seed at iteration 2: 2
Chosen chr at iteration 2



Chosen seed at iteration 3: 3
Chosen chr at iteration 3


Iteration 4
4	deque([(('59_0', 'h'), ('59_0', 't'))])
4	deque([(('54_4', 'h'), ('54_4', 't'))])

Chosen seed at iteration 4: 1
Chosen chr at iteration 4



Chosen seed at iteration 5: 2
Chosen chr at iteration 5


Iteration 1
1	deque([(('113_10', 'h'), ('50_1', 't')), (('119_2', 't'), ('113_10', 't')), (('119_2', 'h'), ('49_0', 't')), (('79_14', 'h'), ('49_0', 'h')), (('84_1', 't'), ('79_14', 't')), (('84_1', 'h'), ('50_1', 'h'))])
1	deque([(('79_5', 'h'), ('79_5', 't'))])
1	deque([(('118_14', 'h'), ('36_5', 't')), (('62_0', 'h'), ('118_14', 't')), (('118_8', 't'), ('62_0', 't')), (('118_8', 'h'), ('36_5', 'h'))])
1	deque([(('113_0', 'h'), ('78_7', 'h')), (('120_3', 't'), ('113_0', 't')), (('120_3', 'h'), ('64_1', 'h')), (('126_0', 't'), ('64_1', 't')), (('126_0', 'h'), ('83_0', 't')), (('83_0', 'h'), ('78_7', 't'))])
1	deque([(('59_1', 'h'), ('59_1', 't'))])
1	deque([(('98_1', 'h'), ('61_0', 'h')), (('63_0', 'h'), ('61_0', 't')), (('98_1', 't'), ('63_0', 't'))])
1	deque([(('54_2', 'h'), ('54_2', 't'))])

Chosen seed at iteration 1: 1
Chosen chr at iteration 1



Chosen seed at iteration 2: 2
Chosen chr at iteration 2



Chosen seed at iteration 3: 3
Chosen chr at iteration 3



Chosen seed at iteration 4: 4
Chosen chr at iteration 4



Chosen seed at iteration 5: 5
Chosen chr at iteration 5



Chosen seed at iteration 6: 6
Chosen chr at iteration 6



Chosen seed at iteration 7: 7
Chosen chr at iteration 7


Iteration 1
1	deque([(('54_8', 'h'), ('54_8', 't'))])
1	deque([(('118_4', 'h'), ('36_2', 'h')), (('118_4', 't'), ('62_1', 't')), (('62_1', 'h'), ('118_11', 't')), (('118_11', 'h'), ('36_2', 't'))])

Chosen seed at iteration 1: 1
Chosen chr at iteration 1



Chosen seed at iteration 2: 2
Chosen chr at iteration 2


Iteration 3
3	deque([(('118_9', 't'), ('62_3', 't')), (('118_9', 'h'), ('36_2', 'h')), (('118_12', 'h'), ('36_2', 't')), (('62_3', 'h'), ('118_12', 't'))])
3	deque([(('54_0', 'h'), ('54_0', 't'))])
3	deque([(('79_13', 'h'), ('79_13', 't'))])

Chosen seed at iteration 3: 1
Chosen chr at iteration 3



Chosen seed at iteration 4: 2
Chosen chr at iteration 4



Chosen seed at iteration 5: 3
Chosen chr at iteration 5


Iteration 1
1	deque([(('54_3', 'h'), ('54_3', 't'))])
1	deque([(('79_10', 'h'), ('79_10', 't'))])

Chosen seed at iteration 1: 1
Chosen chr at iteration 1



Chosen seed at iteration 2: 2
Chosen chr at iteration 2


Iteration 3
3	deque([(('54_1', 'h'), ('54_1', 't'))])

Chosen seed at iteration 3: 1
Chosen chr at iteration 3


Iteration 4
4	deque([(('54_7', 'h'), ('54_7', 't'))])
4	deque([(('79_12', 'h'), ('79_12', 't'))])

Chosen seed at iteration 4: 1
Chosen chr at iteration 4



Chosen seed at iteration 5: 2
Chosen chr at iteration 5


Iteration 1
1	deque([(('79_7', 'h'), ('79_7', 't'))])

Chosen seed at iteration 1: 1
Chosen chr at iteration 1


Iteration 2
2	deque([(('79_8', 'h'), ('79_8', 't'))])

Chosen seed at iteration 2: 1
Chosen chr at iteration 2


Iteration 3
Iteration 1
1	deque([(('62_2', 'h'), ('118_0', 't')), (('118_7', 't'), ('62_2', 't')), (('118_7', 'h'), ('36_1', 't')), (('118_0', 'h'), ('36_1', 'h'))])
1	deque([(('54_3', 'h'), ('54_3', 't'))])

Chosen seed at iteration 1: 1
Chosen chr at iteration 1



Chosen seed at iteration 2: 2
Chosen chr at iteration 2


Iteration 3
3	deque([(('118_11', 't'), ('62_1', 't')), (('62_1', 'h'), ('118_3', 't')), (('118_3', 'h'), ('36_7', 'h')), (('118_11', 'h'), ('36_7', 't'))])
3	deque([(('54_1', 'h'), ('54_1', 't'))])

Chosen seed at iteration 3: 1
Chosen chr at iteration 3



Chosen seed at iteration 4: 2
Chosen chr at iteration 4


Iteration 1
1	deque([(('118_13', 't'), ('62_6', 't')), (('118_13', 'h'), ('36_1', 't')), (('118_6', 'h'), ('36_1', 'h')), (('62_6', 'h'), ('118_6', 't'))])
1	deque([(('54_6', 'h'), ('54_6', 't'))])

Chosen seed at iteration 1: 1
Chosen chr at iteration 1



Chosen seed at iteration 2: 2
Chosen chr at iteration 2


Iteration 3
3	deque([(('118_6', 'h'), ('36_4', 'h')), (('62_6', 'h'), ('118_6', 't')), (('118_4', 't'), ('62_6', 't')), (('118_4', 'h'), ('36_4', 't'))])
3	deque([(('54_3', 'h'), ('54_3', 't'))])

Chosen seed at iteration 3: 1
Chosen chr at iteration 3



Chosen seed at iteration 4: 2
Chosen chr at iteration 4


Iteration 1
1	deque([(('62_2', 'h'), ('118_7', 't')), (('118_7', 'h'), ('36_3', 'h')), (('118_0', 'h'), ('36_3', 't')), (('118_0', 't'), ('62_2', 't'))])
1	deque([(('54_6', 'h'), ('54_6', 't'))])

Chosen seed at iteration 1: 1
Chosen chr at iteration 1



Chosen seed at iteration 2: 2
Chosen chr at iteration 2


Iteration 3
3	deque([(('82_3', 'h'), ('81_1', 'h')), (('101_6', 'h'), ('81_1', 't'))])
3	deque([(('62_2', 'h'), ('118_7', 't')), (('118_10', 't'), ('62_2', 't')), (('118_10', 'h'), ('36_1', 'h')), (('118_7', 'h'), ('36_1', 't'))])
3	deque([(('54_8', 'h'), ('54_8', 't'))])
3	deque([(('90_1', 't'), ('82_3', 't'))])

Chosen seed at iteration 3: 1
Chosen chr at iteration 3



Chosen seed at iteration 4: 2
Chosen chr at iteration 4



Chosen seed at iteration 5: 3
Chosen chr at iteration 5



Chosen seed at iteration 6: 4
Chosen chr at iteration 6


Iteration 1
1	deque([(('118_13', 't'), ('62_5', 't')), (('62_5', 'h'), ('118_0', 't')), (('118_0', 'h'), ('36_3', 'h')), (('118_13', 'h'), ('36_3', 't'))])
1	deque([(('54_6', 'h'), ('54_6', 't'))])

Chosen seed at iteration 1: 1
Chosen chr at iteration 1



Chosen seed at iteration 2: 2
Chosen chr at iteration 2


Iteration 3
3	deque([(('118_5', 't'), ('62_5', 't')), (('62_5', 'h'), ('118_13', 't')), (('118_13', 'h'), ('36_6', 't')), (('118_5', 'h'), ('36_6', 'h'))])

Chosen seed at iteration 3: 1
Chosen chr at iteration 3


Iteration 4
4	deque([(('102_0', 'h'), ('76_1', 'h')), (('55_1', 'h'), ('102_0', 't'))])

Chosen seed at iteration 4: 1
Chosen chr at iteration 4


Iteration 1
1	deque([(('70_0', 't'), ('12_1', 't')), (('70_0', 'h'), ('12_1', 'h'))])

Chosen seed at iteration 1: 1
Chosen chr at iteration 1


Iteration 2
2	deque([(('70_4', 't'), ('12_0', 't')), (('70_4', 'h'), ('12_0', 'h'))])

Chosen seed at iteration 2: 1
Chosen chr at iteration 2


Iteration 3
3	deque([(('70_5', 't'), ('12_1', 't')), (('70_5', 'h'), ('12_1', 'h'))])

Chosen seed at iteration 3: 1
Chosen chr at iteration 3


Iteration 4
4	deque([(('70_3', 't'), ('12_1', 't')), (('70_3', 'h'), ('12_1', 'h'))])

Chosen seed at iteration 4: 1
Chosen chr at iteration 4


Iteration 1
1	deque([(('70_5', 'h'), ('12_0', 'h')), (('70_5', 't'), ('12_0', 't'))])

Chosen seed at iteration 1: 1
Chosen chr at iteration 1


Iteration 2
2	deque([(('70_4', 'h'), ('12_0', 'h')), (('70_4', 't'), ('12_0', 't'))])

Chosen seed at iteration 2: 1
Chosen chr at iteration 2


Iteration 3
3	deque([(('70_6', 'h'), ('12_0', 'h')), (('70_6', 't'), ('12_0', 't'))])

Chosen seed at iteration 3: 1
Chosen chr at iteration 3


Iteration 4
4	deque([(('70_0', 'h'), ('12_0', 'h')), (('70_0', 't'), ('12_0', 't'))])

Chosen seed at iteration 4: 1
Chosen chr at iteration 4


Iteration 1
1	deque([(('54_6', 'h'), ('54_6', 't'))])

Chosen seed at iteration 1: 1
Chosen chr at iteration 1


Iteration 2
Iteration 1
1	deque([(('54_6', 'h'), ('54_6', 't'))])

Chosen seed at iteration 1: 1
Chosen chr at iteration 1


Iteration 2
Iteration 1
1	deque([(('54_6', 'h'), ('54_6', 't'))])

Chosen seed at iteration 1: 1
Chosen chr at iteration 1


Iteration 2
Iteration 1
1	deque([(('54_6', 'h'), ('54_6', 't'))])

Chosen seed at iteration 1: 1
Chosen chr at iteration 1


Iteration 2
Iteration 1
1	deque([(('54_6', 'h'), ('54_6', 't'))])

Chosen seed at iteration 1: 1
Chosen chr at iteration 1


Iteration 2
Iteration 1
1	deque([(('54_6', 'h'), ('54_6', 't'))])

Chosen seed at iteration 1: 1
Chosen chr at iteration 1


Iteration 2
Iteration 1
1	deque([(('54_6', 'h'), ('54_6', 't'))])

Chosen seed at iteration 1: 1
Chosen chr at iteration 1


Iteration 2
Iteration 1
1	deque([(('54_6', 'h'), ('54_6', 't'))])

Chosen seed at iteration 1: 1
Chosen chr at iteration 1


Iteration 2
Iteration 1
1	deque([(('54_6', 'h'), ('54_6', 't'))])

Chosen seed at iteration 1: 1
Chosen chr at iteration 1


Iteration 2
Iteration 1
1	deque([(('54_6', 'h'), ('54_6', 't'))])

Chosen seed at iteration 1: 1
Chosen chr at iteration 1


Iteration 2
Iteration 1
1	deque([(('54_6', 'h'), ('54_6', 't'))])

Chosen seed at iteration 1: 1
Chosen chr at iteration 1


Iteration 2
Iteration 1
1	deque([(('54_6', 'h'), ('54_6', 't'))])

Chosen seed at iteration 1: 1
Chosen chr at iteration 1


Iteration 2
Iteration 1
1	deque([(('54_6', 'h'), ('54_6', 't'))])

Chosen seed at iteration 1: 1
Chosen chr at iteration 1


Iteration 2
Iteration 1
Iteration 1
Iteration 1
Iteration 1
Iteration 1
Iteration 1
Iteration 1
Iteration 1
Iteration 1
