Iteration 1
1	deque([(('194_5', 'h'), ('155_9', 't')), (('155_9', 'h'), ('216_9', 't')), (('216_9', 'h'), ('143_10', 't')), (('143_10', 'h'), ('130_1', 't')), (('130_1', 'h'), ('151_6', 't')), (('187_8', 'h'), ('151_6', 'h')), (('168_2', 'h'), ('187_8', 't')), (('168_2', 't'), ('66_1', 't')), (('66_1', 'h'), ('106_2', 't')), (('106_2', 'h'), ('117_0', 't')), (('117_0', 'h'), ('91_2', 'h')), (('91_2', 't'), ('62_3', 't')), (('62_3', 'h'), ('86_3', 't')), (('86_3', 'h'), ('59_1', 't')), (('91_3', 'h'), ('59_1', 'h')), (('156_2', 't'), ('91_3', 't')), (('156_2', 'h'), ('101_0', 't')), (('101_0', 'h'), ('86_1', 't')), (('86_1', 'h'), ('71_2', 'h')), (('106_3', 't'), ('71_2', 't')), (('106_3', 'h'), ('65_1', 't')), (('87_2', 'h'), ('65_1', 'h')), (('168_2', 't'), ('87_2', 't'))])
1	deque([(('195_0', 'h'), ('155_9', 't'))])
1	deque([(('55_0', 'h'), ('194_5', 't'))])
1	deque([(('195_0', 't'), ('55_0', 't'))])

Chosen seed at iteration 1: 1
Chosen chr at iteration 1



Chosen seed at iteration 2: 2
Chosen chr at iteration 2



Chosen seed at iteration 3: 3
Chosen chr at iteration 3



Chosen seed at iteration 4: 4
Chosen chr at iteration 4


Iteration 1
1	deque([(('49_10', 'h'), ('53_8', 't')), (('53_8', 'h'), ('49_10', 't'))])

Chosen seed at iteration 1: 1
Chosen chr at iteration 1


Iteration 2
2	deque([(('165_0', 't'), ('42_0', 't')), (('165_0', 'h'), ('140_0', 't')), (('140_0', 'h'), ('125_3', 't')), (('125_3', 'h'), ('98_1', 'h')), (('98_1', 't'), ('49_5', 't')), (('49_5', 'h'), ('63_0', 't')), (('72_9', 'h'), ('63_0', 'h')), (('48_1', 'h'), ('72_9', 't')), (('68_1', 't'), ('48_1', 't')), (('68_1', 'h'), ('47_0', 'h')), (('173_3', 'h'), ('47_0', 't')), (('83_0', 'h'), ('173_3', 't')), (('68_0', 'h'), ('83_0', 't')), (('61_1', 'h'), ('68_0', 't')), (('155_4', 't'), ('61_1', 't')), (('155_4', 'h'), ('216_0', 't')), (('216_0', 'h'), ('143_9', 't')), (('143_9', 'h'), ('130_0', 't')), (('130_0', 'h'), ('151_4', 't')), (('187_1', 'h'), ('151_4', 'h')), (('187_1', 't'), ('167_2', 't')), (('167_2', 'h'), ('42_0', 'h'))])
2	deque([(('106_5', 't'), ('71_1', 't')), (('86_0', 'h'), ('71_1', 'h')), (('62_0', 'h'), ('86_0', 't')), (('91_4', 't'), ('62_0', 't')), (('117_1', 'h'), ('91_4', 'h')), (('106_5', 'h'), ('117_1', 't'))])
2	deque([(('186_0', 'h'), ('151_10', 'h')), (('168_3', 'h'), ('186_0', 't')), (('168_3', 't'), ('87_0', 't')), (('87_0', 'h'), ('65_3', 'h')), (('106_0', 'h'), ('65_3', 't')), (('106_0', 't'), ('67_0', 't')), (('116_3', 'h'), ('67_0', 'h')), (('107_1', 'h'), ('116_3', 't')), (('211_4', 'h'), ('107_1', 't')), (('28_1', 'h'), ('211_4', 't')), (('155_5', 't'), ('28_1', 't')), (('155_5', 'h'), ('176_0', 't')), (('176_0', 'h'), ('159_2', 't')), (('159_2', 'h'), ('166_2', 't')), (('166_2', 'h'), ('202_3', 't')), (('202_3', 'h'), ('145_9', 't')), (('145_9', 'h'), ('151_10', 't'))])
2	deque([(('91_0', 'h'), ('59_0', 'h')), (('86_2', 'h'), ('59_0', 't')), (('101_1', 'h'), ('86_2', 't')), (('156_0', 'h'), ('101_1', 't')), (('156_0', 't'), ('91_0', 't'))])
2	deque([(('49_9', 'h'), ('53_7', 't')), (('53_7', 'h'), ('49_9', 't'))])

Chosen seed at iteration 2: 1
Chosen chr at iteration 2



Chosen seed at iteration 3: 2
Chosen chr at iteration 3



Chosen seed at iteration 4: 3
Chosen chr at iteration 4



Chosen seed at iteration 5: 4
Chosen chr at iteration 5



Chosen seed at iteration 6: 5
Chosen chr at iteration 6


Iteration 1
1	deque([(('79_1', 'h'), ('112_1', 't')), (('210_1', 't'), ('79_1', 't')), (('210_1', 'h'), ('72_1', 'h')), (('109_0', 't'), ('72_1', 't')), (('109_0', 'h'), ('31_1', 't')), (('112_1', 'h'), ('31_1', 'h'))])
1	deque([(('53_13', 'h'), ('49_2', 't')), (('49_2', 'h'), ('53_13', 't'))])

Chosen seed at iteration 1: 1
Chosen chr at iteration 1



Chosen seed at iteration 2: 2
Chosen chr at iteration 2


Iteration 3
3	deque([(('53_13', 'h'), ('49_3', 't')), (('49_3', 'h'), ('53_13', 't'))])
3	deque([(('79_1', 'h'), ('112_1', 't')), (('112_1', 'h'), ('31_1', 'h')), (('109_1', 'h'), ('31_1', 't')), (('109_1', 't'), ('72_2', 't')), (('210_2', 'h'), ('72_2', 'h')), (('210_2', 't'), ('79_1', 't'))])

Chosen seed at iteration 3: 1
Chosen chr at iteration 3



Chosen seed at iteration 4: 2
Chosen chr at iteration 4


Iteration 1
1	deque([(('216_2', 'h'), ('143_3', 't')), (('143_3', 'h'), ('150_0', 't')), (('150_0', 'h'), ('145_5', 't')), (('145_5', 'h'), ('151_7', 't')), (('187_0', 'h'), ('151_7', 'h')), (('168_8', 'h'), ('187_0', 't')), (('41_0', 'h'), ('168_8', 't')), (('194_1', 't'), ('41_0', 't')), (('194_1', 'h'), ('155_2', 't')), (('155_2', 'h'), ('216_2', 't'))])
1	deque([(('49_6', 'h'), ('53_1', 't')), (('53_1', 'h'), ('49_6', 't'))])

Chosen seed at iteration 1: 1
Chosen chr at iteration 1



Chosen seed at iteration 2: 2
Chosen chr at iteration 2


Iteration 3
3	deque([(('216_2', 'h'), ('143_3', 't')), (('143_3', 'h'), ('150_1', 't')), (('150_1', 'h'), ('145_0', 't')), (('145_0', 'h'), ('151_9', 't')), (('187_2', 'h'), ('151_9', 'h')), (('168_0', 'h'), ('187_2', 't')), (('41_0', 'h'), ('168_0', 't')), (('194_1', 't'), ('41_0', 't')), (('194_1', 'h'), ('155_2', 't')), (('155_2', 'h'), ('216_2', 't'))])
3	deque([(('211_1', 'h'), ('107_7', 't')), (('107_7', 'h'), ('116_2', 't')), (('116_2', 'h'), ('54_1', 't')), (('54_1', 'h'), ('65_2', 't')), (('65_2', 'h'), ('19_1', 'h')), (('211_1', 't'), ('19_1', 't'))])
3	deque([(('53_5', 'h'), ('49_6', 't')), (('49_6', 'h'), ('53_5', 't'))])

Chosen seed at iteration 3: 1
Chosen chr at iteration 3



Chosen seed at iteration 4: 2
Chosen chr at iteration 4



Chosen seed at iteration 5: 3
Chosen chr at iteration 5


Iteration 1
1	deque([(('211_3', 't'), ('19_0', 't')), (('211_3', 'h'), ('107_5', 't')), (('107_5', 'h'), ('116_4', 't')), (('116_4', 'h'), ('54_2', 't')), (('54_2', 'h'), ('65_0', 't')), (('65_0', 'h'), ('19_0', 'h'))])
1	deque([(('210_0', 'h'), ('72_6', 'h')), (('80_0', 'h'), ('210_0', 't')), (('112_2', 't'), ('80_0', 't')), (('112_2', 'h'), ('31_0', 'h')), (('109_0', 'h'), ('31_0', 't')), (('109_0', 't'), ('72_6', 't'))])
1	deque([(('49_11', 'h'), ('53_1', 't')), (('53_1', 'h'), ('49_11', 't'))])

Chosen seed at iteration 1: 1
Chosen chr at iteration 1



Chosen seed at iteration 2: 2
Chosen chr at iteration 2



Chosen seed at iteration 3: 3
Chosen chr at iteration 3


Iteration 4
4	deque([(('112_2', 'h'), ('31_0', 'h')), (('79_0', 'h'), ('112_2', 't')), (('210_3', 't'), ('79_0', 't')), (('210_3', 'h'), ('72_6', 'h')), (('109_0', 't'), ('72_6', 't')), (('109_0', 'h'), ('31_0', 't'))])
4	deque([(('211_3', 't'), ('19_0', 't')), (('65_0', 'h'), ('19_0', 'h')), (('54_2', 'h'), ('65_0', 't')), (('116_4', 'h'), ('54_2', 't')), (('107_8', 'h'), ('116_4', 't')), (('211_3', 'h'), ('107_8', 't'))])
4	deque([(('49_12', 'h'), ('53_8', 't')), (('53_8', 'h'), ('49_12', 't'))])

Chosen seed at iteration 4: 1
Chosen chr at iteration 4



Chosen seed at iteration 5: 2
Chosen chr at iteration 5



Chosen seed at iteration 6: 3
Chosen chr at iteration 6


Iteration 1
1	deque([(('216_4', 'h'), ('143_8', 't')), (('155_11', 'h'), ('216_4', 't')), (('194_4', 'h'), ('155_11', 't')), (('58_1', 'h'), ('194_4', 't')), (('168_6', 't'), ('58_1', 't')), (('168_6', 'h'), ('187_3', 't')), (('187_3', 'h'), ('151_5', 'h')), (('145_4', 'h'), ('151_5', 't')), (('150_4', 'h'), ('145_4', 't')), (('143_8', 'h'), ('150_4', 't'))])
1	deque([(('49_11', 'h'), ('53_11', 't')), (('53_11', 'h'), ('49_11', 't'))])
1	deque([(('16_1', 'h'), ('16_1', 't'))])
1	deque([(('16_0', 'h'), ('16_0', 't'))])

Chosen seed at iteration 1: 1
Chosen chr at iteration 1



Chosen seed at iteration 2: 2
Chosen chr at iteration 2



Chosen seed at iteration 3: 3
Chosen chr at iteration 3



Chosen seed at iteration 4: 4
Chosen chr at iteration 4


Iteration 1
1	deque([(('53_9', 'h'), ('49_1', 't')), (('49_1', 'h'), ('53_9', 't'))])
1	deque([(('16_1', 'h'), ('16_1', 't'))])
1	deque([(('168_4', 'h'), ('187_5', 't')), (('168_4', 't'), ('58_0', 't')), (('58_0', 'h'), ('194_7', 't')), (('194_7', 'h'), ('155_0', 't')), (('155_0', 'h'), ('216_5', 't')), (('216_5', 'h'), ('143_7', 't')), (('143_7', 'h'), ('150_2', 't')), (('150_2', 'h'), ('145_3', 't')), (('145_3', 'h'), ('151_1', 't')), (('187_5', 'h'), ('151_1', 'h'))])

Chosen seed at iteration 1: 1
Chosen chr at iteration 1



Chosen seed at iteration 2: 2
Chosen chr at iteration 2



Chosen seed at iteration 3: 3
Chosen chr at iteration 3


Iteration 4
4	deque([(('49_2', 'h'), ('53_9', 't')), (('53_9', 'h'), ('49_2', 't'))])
4	deque([(('145_5', 'h'), ('151_1', 't')), (('187_7', 'h'), ('151_1', 'h')), (('168_7', 'h'), ('187_7', 't')), (('168_7', 't'), ('58_0', 't')), (('58_0', 'h'), ('194_5', 't')), (('194_5', 'h'), ('155_3', 't')), (('155_3', 'h'), ('216_3', 't')), (('216_3', 'h'), ('143_1', 't')), (('143_1', 'h'), ('150_2', 't')), (('150_2', 'h'), ('145_5', 't'))])

Chosen seed at iteration 4: 1
Chosen chr at iteration 4



Chosen seed at iteration 5: 2
Chosen chr at iteration 5


Iteration 1
1	deque([(('194_0', 'h'), ('155_7', 't')), (('194_0', 't'), ('41_1', 't')), (('41_1', 'h'), ('168_4', 't')), (('168_4', 'h'), ('187_6', 't')), (('187_6', 'h'), ('151_8', 'h')), (('145_3', 'h'), ('151_8', 't')), (('150_5', 'h'), ('145_3', 't')), (('143_2', 'h'), ('150_5', 't')), (('216_9', 'h'), ('143_2', 't')), (('155_7', 'h'), ('216_9', 't'))])
1	deque([(('53_12', 'h'), ('49_10', 't')), (('49_10', 'h'), ('53_12', 't'))])
1	deque([(('16_1', 'h'), ('16_1', 't'))])

Chosen seed at iteration 1: 1
Chosen chr at iteration 1



Chosen seed at iteration 2: 2
Chosen chr at iteration 2



Chosen seed at iteration 3: 3
Chosen chr at iteration 3


Iteration 4
4	deque([(('26_0', 'h'), ('221_0', 't')), (('221_0', 'h'), ('85_0', 'h')), (('190_3', 'h'), ('85_0', 't')), (('190_3', 't'), ('44_0', 't')), (('44_0', 'h'), ('99_2', 't')), (('99_2', 'h'), ('135_0', 't')), (('135_0', 'h'), ('133_2', 't')), (('133_2', 'h'), ('45_0', 'h')), (('64_1', 'h'), ('45_0', 't')), (('64_1', 't'), ('37_0', 't')), (('72_3', 'h'), ('37_0', 'h')), (('72_3', 't'), ('26_0', 't'))])
4	deque([(('150_0', 'h'), ('145_7', 't')), (('145_7', 'h'), ('151_7', 't')), (('187_6', 'h'), ('151_7', 'h')), (('168_9', 'h'), ('187_6', 't')), (('41_1', 'h'), ('168_9', 't')), (('194_0', 't'), ('41_1', 't')), (('194_0', 'h'), ('155_0', 't')), (('155_0', 'h'), ('216_7', 't')), (('216_7', 'h'), ('143_2', 't')), (('143_2', 'h'), ('150_0', 't'))])
4	deque([(('53_3', 'h'), ('49_8', 't')), (('49_8', 'h'), ('53_3', 't'))])

Chosen seed at iteration 4: 1
Chosen chr at iteration 4



Chosen seed at iteration 5: 2
Chosen chr at iteration 5



Chosen seed at iteration 6: 3
Chosen chr at iteration 6


Iteration 1
1	deque([(('49_10', 'h'), ('53_6', 't')), (('53_6', 'h'), ('49_10', 't'))])
1	deque([(('16_1', 'h'), ('16_1', 't'))])

Chosen seed at iteration 1: 1
Chosen chr at iteration 1



Chosen seed at iteration 2: 2
Chosen chr at iteration 2


Iteration 3
3	deque([(('53_2', 'h'), ('49_7', 't')), (('49_7', 'h'), ('53_2', 't')), (('53_2', 'h'), ('49_10', 't')), (('49_10', 'h'), ('53_2', 't'))])

Chosen seed at iteration 3: 1
Chosen chr at iteration 3


Iteration 4
4	deque([(('49_7', 'h'), ('53_4', 't')), (('53_4', 'h'), ('49_7', 't'))])

Chosen seed at iteration 4: 1
Chosen chr at iteration 4


Iteration 1
1	deque([(('53_0', 'h'), ('49_1', 't')), (('49_1', 'h'), ('53_0', 't'))])
1	deque([(('16_1', 'h'), ('16_1', 't'))])

Chosen seed at iteration 1: 1
Chosen chr at iteration 1



Chosen seed at iteration 2: 2
Chosen chr at iteration 2


Iteration 3
3	deque([(('53_2', 'h'), ('49_10', 't')), (('49_10', 'h'), ('53_2', 't'))])

Chosen seed at iteration 3: 1
Chosen chr at iteration 3


Iteration 4
4	deque([(('53_14', 'h'), ('49_10', 't')), (('49_10', 'h'), ('53_14', 't'))])

Chosen seed at iteration 4: 1
Chosen chr at iteration 4


Iteration 1
1	deque([(('49_1', 'h'), ('53_6', 't')), (('53_6', 'h'), ('49_1', 't'))])
1	deque([(('53_12', 'h'), ('49_1', 't')), (('49_1', 'h'), ('53_12', 't'))])
1	deque([(('16_1', 'h'), ('16_1', 't'))])

Chosen seed at iteration 1: 1
Chosen chr at iteration 1



Chosen seed at iteration 2: 2
Chosen chr at iteration 2



Chosen seed at iteration 3: 3
Chosen chr at iteration 3


Iteration 4
4	deque([(('49_1', 'h'), ('53_2', 't')), (('53_2', 'h'), ('49_1', 't'))])

Chosen seed at iteration 4: 1
Chosen chr at iteration 4


Iteration 1
1	deque([(('16_1', 'h'), ('16_1', 't'))])

Chosen seed at iteration 1: 1
Chosen chr at iteration 1


Iteration 2
Iteration 1
1	deque([(('16_1', 'h'), ('16_1', 't'))])

Chosen seed at iteration 1: 1
Chosen chr at iteration 1


Iteration 2
Iteration 1
Iteration 1
Iteration 1
Iteration 1
Iteration 1
Iteration 1
Iteration 1
Iteration 1
1	deque([(('194_7', 'h'), ('155_10', 't'))])
1	deque([(('143_5', 'h'), ('150_5', 't'))])
1	deque([(('218_1', 't'), ('143_4', 't'))])
1	deque([(('218_1', 'h'), ('155_10', 'h'))])

Chosen seed at iteration 1: 1
Chosen chr at iteration 1



Chosen seed at iteration 2: 2
Chosen chr at iteration 2



Chosen seed at iteration 3: 3
Chosen chr at iteration 3



Chosen seed at iteration 4: 4
Chosen chr at iteration 4


Iteration 1
Iteration 1
Iteration 1
