Iteration 1
Iteration 1
1	deque([(('38_0', 'h'), ('131_1', 't')), (('131_1', 'h'), ('63_2', 'h')), (('176_3', 'h'), ('63_2', 't')), (('146_0', 'h'), ('176_3', 't')), (('166_0', 'h'), ('146_0', 't')), (('166_0', 't'), ('116_0', 't')), (('116_0', 'h'), ('164_1', 't')), (('164_1', 'h'), ('130_2', 't')), (('173_4', 'h'), ('130_2', 'h')), (('132_0', 'h'), ('173_4', 't')), (('161_1', 'h'), ('132_0', 't')), (('118_0', 'h'), ('161_1', 't')), (('118_0', 't'), ('84_2', 't')), (('84_2', 'h'), ('57_1', 't')), (('169_2', 'h'), ('57_1', 'h')), (('137_1', 'h'), ('169_2', 't')), (('174_4', 'h'), ('137_1', 't')), (('144_2', 'h'), ('174_4', 't')), (('144_2', 't'), ('77_3', 't')), (('77_3', 'h'), ('89_1', 't')), (('89_1', 'h'), ('110_3', 't')), (('110_3', 'h'), ('88_1', 'h')), (('135_1', 'h'), ('88_1', 't')), (('135_1', 't'), ('106_1', 't')), (('106_1', 'h'), ('167_3', 't')), (('167_3', 'h'), ('140_0', 'h')), (('140_0', 't'), ('101_1', 't')), (('101_1', 'h'), ('100_0', 't')), (('108_2', 'h'), ('100_0', 'h')), (('153_2', 'h'), ('108_2', 't')), (('111_0', 'h'), ('153_2', 't')), (('56_0', 'h'), ('111_0', 't')), (('128_0', 't'), ('56_0', 't')), (('128_0', 'h'), ('81_0', 't')), (('81_0', 'h'), ('90_4', 't')), (('90_4', 'h'), ('60_0', 't')), (('155_1', 'h'), ('60_0', 'h')), (('186_0', 't'), ('155_1', 't')), (('186_0', 'h'), ('75_0', 'h')), (('162_0', 'h'), ('75_0', 't')), (('109_0', 'h'), ('162_0', 't')), (('179_1', 'h'), ('109_0', 't')), (('191_0', 'h'), ('179_1', 't')), (('215_1', 't'), ('191_0', 't')), (('215_1', 'h'), ('76_0', 'h')), (('78_1', 't'), ('76_0', 't')), (('78_1', 'h'), ('126_1', 't')), (('126_1', 'h'), ('175_3', 't')), (('221_2', 'h'), ('175_3', 'h')), (('61_0', 'h'), ('221_2', 't')), (('93_1', 't'), ('61_0', 't')), (('93_1', 'h'), ('65_1', 'h')), (('183_1', 'h'), ('65_1', 't')), (('170_2', 'h'), ('183_1', 't')), (('182_0', 'h'), ('170_2', 't')), (('226_3', 't'), ('182_0', 't')), (('226_3', 'h'), ('51_1', 'h')), (('128_3', 'h'), ('51_1', 't')), (('128_3', 't'), ('58_1', 't')), (('58_1', 'h'), ('111_1', 't')), (('154_1', 'h'), ('111_1', 'h')), (('154_1', 't'), ('108_3', 't')), (('121_1', 'h'), ('108_3', 'h')), (('101_2', 'h'), ('121_1', 't')), (('139_2', 't'), ('101_2', 't')), (('167_0', 'h'), ('139_2', 'h')), (('107_1', 'h'), ('167_0', 't')), (('135_3', 't'), ('107_1', 't')), (('135_3', 'h'), ('86_2', 't')), (('110_1', 'h'), ('86_2', 'h')), (('110_1', 't'), ('92_1', 't')), (('92_1', 'h'), ('77_0', 'h')), (('145_1', 'h'), ('77_0', 't')), (('174_0', 't'), ('145_1', 't')), (('174_0', 'h'), ('138_2', 'h')), (('169_1', 't'), ('138_2', 't')), (('169_1', 'h'), ('62_1', 't')), (('84_0', 'h'), ('62_1', 'h')), (('119_2', 't'), ('84_0', 't')), (('119_2', 'h'), ('161_0', 't')), (('161_0', 'h'), ('133_0', 't')), (('133_0', 'h'), ('173_1', 't')), (('173_1', 'h'), ('129_0', 'h')), (('164_0', 'h'), ('129_0', 't')), (('117_1', 'h'), ('164_0', 't')), (('166_2', 't'), ('117_1', 't')), (('166_2', 'h'), ('147_0', 't')), (('147_0', 'h'), ('176_0', 't')), (('176_0', 'h'), ('54_1', 'h')), (('131_2', 'h'), ('54_1', 't')), (('52_1', 'h'), ('131_2', 't')), (('163_2', 't'), ('52_1', 't')), (('163_2', 'h'), ('123_1', 't'))])
1	deque([(('210_4', 'h'), ('151_4', 'h')), (('210_4', 't'), ('190_5', 't')), (('190_5', 'h'), ('38_0', 't'))])
1	deque([(('141_1', 'h'), ('70_1', 't')), (('151_4', 't'), ('141_1', 't'))])
1	deque([(('127_7', 'h'), ('112_1', 'h')), (('156_7', 'h'), ('112_1', 't')), (('47_0', 'h'), ('156_7', 't')), (('127_7', 't'), ('47_0', 't'))])
1	deque([(('98_2', 'h'), ('70_1', 'h')), (('79_1', 'h'), ('98_2', 't')), (('73_1', 'h'), ('79_1', 't')), (('104_0', 't'), ('73_1', 't')), (('104_0', 'h'), ('103_0', 't')), (('141_14', 'h'), ('103_0', 'h'))])
1	deque([(('163_4', 'h'), ('123_2', 't'))])

Chosen seed at iteration 1: 1
Chosen chr at iteration 1



Chosen seed at iteration 2: 2
Chosen chr at iteration 2



Chosen seed at iteration 3: 3
Chosen chr at iteration 3



Chosen seed at iteration 4: 4
Chosen chr at iteration 4



Chosen seed at iteration 5: 5
Chosen chr at iteration 5



Chosen seed at iteration 6: 6
Chosen chr at iteration 6


Iteration 1
1	deque([(('29_1', 'h'), ('90_12', 't')), (('90_12', 'h'), ('46_0', 'h')), (('231_5', 't'), ('46_0', 't')), (('231_5', 'h'), ('230_4', 't')), (('230_4', 'h'), ('83_2', 'h')), (('203_6', 't'), ('83_2', 't')), (('203_6', 'h'), ('219_3', 't')), (('219_3', 'h'), ('34_0', 't')), (('34_0', 'h'), ('76_3', 't')), (('76_3', 'h'), ('69_0', 'h')), (('67_1', 'h'), ('69_0', 't')), (('67_1', 't'), ('41_0', 't')), (('149_0', 'h'), ('41_0', 'h')), (('149_0', 't'), ('102_0', 't')), (('102_0', 'h'), ('44_2', 'h')), (('50_0', 'h'), ('44_2', 't')), (('123_2', 'h'), ('50_0', 't')), (('163_3', 'h'), ('123_2', 't')), (('160_2', 'h'), ('163_3', 't')), (('53_0', 'h'), ('160_2', 't')), (('150_2', 't'), ('53_0', 't')), (('150_2', 'h'), ('80_1', 't')), (('150_3', 'h'), ('80_1', 'h')), (('150_3', 't'), ('29_1', 't'))])
1	deque([(('127_10', 'h'), ('112_2', 'h')), (('156_4', 'h'), ('112_2', 't')), (('156_4', 't'), ('151_17', 't')), (('151_17', 'h'), ('85_0', 'h')), (('210_7', 't'), ('85_0', 't')), (('210_7', 'h'), ('151_6', 'h')), (('151_6', 't'), ('141_8', 't')), (('141_8', 'h'), ('91_2', 't')), (('91_2', 'h'), ('127_10', 't'))])
1	deque([(('218_4', 'h'), ('175_0', 't')), (('168_4', 'h'), ('218_4', 't')), (('124_1', 'h'), ('168_4', 't')), (('124_1', 't'), ('74_1', 't')), (('74_1', 'h'), ('182_1', 't')), (('182_1', 'h'), ('170_5', 't')), (('170_5', 'h'), ('183_2', 't')), (('183_2', 'h'), ('192_0', 't')), (('192_0', 'h'), ('175_0', 'h'))])

Chosen seed at iteration 1: 1
Chosen chr at iteration 1



Chosen seed at iteration 2: 2
Chosen chr at iteration 2



Chosen seed at iteration 3: 3
Chosen chr at iteration 3


Iteration 4
4	deque([(('67_1', 't'), ('41_0', 't')), (('149_2', 'h'), ('41_0', 'h')), (('149_2', 't'), ('102_0', 't')), (('102_0', 'h'), ('44_1', 'h')), (('50_0', 'h'), ('44_1', 't')), (('123_2', 'h'), ('50_0', 't')), (('163_4', 'h'), ('123_2', 't')), (('160_1', 'h'), ('163_4', 't')), (('53_1', 'h'), ('160_1', 't')), (('150_1', 't'), ('53_1', 't')), (('150_1', 'h'), ('80_0', 'h')), (('150_2', 'h'), ('80_0', 't')), (('150_2', 't'), ('29_0', 't')), (('29_0', 'h'), ('90_13', 't')), (('90_13', 'h'), ('46_0', 'h')), (('231_1', 't'), ('46_0', 't')), (('231_1', 'h'), ('230_6', 't')), (('230_6', 'h'), ('83_2', 'h')), (('203_3', 't'), ('83_2', 't')), (('203_3', 'h'), ('219_3', 't')), (('219_3', 'h'), ('34_0', 't')), (('34_0', 'h'), ('76_2', 't')), (('76_2', 'h'), ('69_0', 'h')), (('67_1', 'h'), ('69_0', 't'))])
4	deque([(('218_4', 'h'), ('175_1', 't')), (('192_0', 'h'), ('175_1', 'h')), (('183_2', 'h'), ('192_0', 't')), (('170_5', 'h'), ('183_2', 't')), (('182_2', 'h'), ('170_5', 't')), (('74_1', 'h'), ('182_2', 't')), (('125_1', 't'), ('74_1', 't')), (('125_1', 'h'), ('168_4', 't')), (('168_4', 'h'), ('218_4', 't'))])
4	deque([(('91_0', 'h'), ('127_10', 't')), (('127_10', 'h'), ('112_2', 'h')), (('156_6', 'h'), ('112_2', 't')), (('156_6', 't'), ('151_10', 't')), (('210_7', 'h'), ('151_10', 'h')), (('210_7', 't'), ('85_0', 't')), (('151_7', 'h'), ('85_0', 'h')), (('151_7', 't'), ('141_11', 't')), (('141_11', 'h'), ('91_0', 't'))])

Chosen seed at iteration 4: 1
Chosen chr at iteration 4



Chosen seed at iteration 5: 2
Chosen chr at iteration 5



Chosen seed at iteration 6: 3
Chosen chr at iteration 6


Iteration 1
1	deque([(('221_1', 'h'), ('175_0', 'h')), (('208_1', 'h'), ('221_1', 't')), (('208_1', 't'), ('196_1', 't')), (('196_1', 'h'), ('188_0', 't')), (('188_0', 'h'), ('170_3', 'h')), (('182_6', 'h'), ('170_3', 't')), (('74_3', 'h'), ('182_6', 't')), (('124_1', 't'), ('74_3', 't')), (('124_1', 'h'), ('168_2', 't')), (('168_2', 'h'), ('218_0', 't')), (('218_0', 'h'), ('175_0', 't'))])
1	deque([(('127_4', 'h'), ('105_8', 't')), (('127_4', 't'), ('47_4', 't')), (('47_4', 'h'), ('156_0', 't')), (('156_0', 'h'), ('112_0', 't')), (('127_0', 'h'), ('112_0', 'h')), (('91_2', 'h'), ('127_0', 't')), (('141_2', 'h'), ('91_2', 't')), (('151_0', 't'), ('141_2', 't')), (('210_10', 'h'), ('151_0', 'h')), (('210_10', 't'), ('190_13', 't')), (('190_13', 'h'), ('105_8', 'h'))])

Chosen seed at iteration 1: 1
Chosen chr at iteration 1



Chosen seed at iteration 2: 2
Chosen chr at iteration 2


Iteration 3
3	deque([(('141_13', 'h'), ('91_2', 't')), (('151_12', 't'), ('141_13', 't')), (('210_10', 'h'), ('151_12', 'h')), (('210_10', 't'), ('190_13', 't')), (('190_13', 'h'), ('105_8', 'h')), (('127_4', 'h'), ('105_8', 't')), (('127_4', 't'), ('47_4', 't')), (('47_4', 'h'), ('156_0', 't')), (('156_0', 'h'), ('112_0', 't')), (('127_3', 'h'), ('112_0', 'h')), (('91_2', 'h'), ('127_3', 't'))])
3	deque([(('168_3', 'h'), ('218_1', 't')), (('218_1', 'h'), ('175_0', 't')), (('221_1', 'h'), ('175_0', 'h')), (('208_0', 'h'), ('221_1', 't')), (('208_0', 't'), ('196_1', 't')), (('196_1', 'h'), ('188_0', 't')), (('188_0', 'h'), ('170_4', 'h')), (('182_1', 'h'), ('170_4', 't')), (('74_0', 'h'), ('182_1', 't')), (('124_0', 't'), ('74_0', 't')), (('124_0', 'h'), ('168_3', 't'))])

Chosen seed at iteration 3: 1
Chosen chr at iteration 3



Chosen seed at iteration 4: 2
Chosen chr at iteration 4


Iteration 1
1	deque([(('226_2', 'h'), ('59_2', 't')), (('226_2', 't'), ('182_6', 't')), (('182_6', 'h'), ('170_6', 't')), (('188_2', 'h'), ('170_6', 'h')), (('59_2', 'h'), ('188_2', 't'))])
1	deque([(('163_3', 'h'), ('122_1', 't')), (('160_0', 'h'), ('163_3', 't')), (('55_0', 'h'), ('160_0', 't')), (('90_5', 't'), ('55_0', 't'))])
1	deque([(('131_3', 'h'), ('63_1', 'h'))])
1	deque([(('190_1', 'h'), ('38_2', 't')), (('38_2', 'h'), ('131_3', 't'))])

Chosen seed at iteration 1: 1
Chosen chr at iteration 1



Chosen seed at iteration 2: 2
Chosen chr at iteration 2



Chosen seed at iteration 3: 3
Chosen chr at iteration 3



Chosen seed at iteration 4: 4
Chosen chr at iteration 4


Iteration 1
1	deque([(('127_6', 't'), ('47_1', 't')), (('127_6', 'h'), ('105_1', 't')), (('190_0', 'h'), ('105_1', 'h')), (('210_0', 't'), ('190_0', 't')), (('210_0', 'h'), ('151_0', 'h')), (('151_0', 't'), ('141_18', 't')), (('156_3', 'h'), ('141_18', 'h')), (('47_1', 'h'), ('156_3', 't'))])
1	deque([(('226_0', 'h'), ('59_0', 't')), (('226_0', 't'), ('182_4', 't')), (('182_4', 'h'), ('170_3', 't')), (('188_3', 'h'), ('170_3', 'h')), (('59_0', 'h'), ('188_3', 't'))])

Chosen seed at iteration 1: 1
Chosen chr at iteration 1



Chosen seed at iteration 2: 2
Chosen chr at iteration 2


Iteration 3
3	deque([(('151_0', 't'), ('141_12', 't')), (('210_9', 'h'), ('151_0', 'h')), (('210_9', 't'), ('190_0', 't')), (('190_0', 'h'), ('105_4', 'h')), (('127_0', 'h'), ('105_4', 't')), (('127_0', 't'), ('47_1', 't')), (('47_1', 'h'), ('156_3', 't')), (('156_3', 'h'), ('141_12', 'h'))])
3	deque([(('59_0', 'h'), ('188_3', 't')), (('188_3', 'h'), ('170_3', 'h')), (('182_5', 'h'), ('170_3', 't')), (('226_0', 't'), ('182_5', 't')), (('226_0', 'h'), ('59_0', 't'))])

Chosen seed at iteration 3: 1
Chosen chr at iteration 3



Chosen seed at iteration 4: 2
Chosen chr at iteration 4


Iteration 1
1	deque([(('210_0', 'h'), ('151_9', 'h')), (('210_0', 't'), ('190_2', 't')), (('190_2', 'h'), ('105_9', 'h')), (('127_2', 'h'), ('105_9', 't')), (('127_2', 't'), ('47_2', 't')), (('47_2', 'h'), ('156_1', 't')), (('156_1', 'h'), ('141_18', 'h')), (('151_9', 't'), ('141_18', 't'))])

Chosen seed at iteration 1: 1
Chosen chr at iteration 1


Iteration 2
2	deque([(('141_10', 'h'), ('70_0', 't')), (('98_0', 'h'), ('70_0', 'h')), (('114_0', 't'), ('98_0', 't'))])
2	deque([(('151_15', 't'), ('141_10', 't'))])

Chosen seed at iteration 2: 1
Chosen chr at iteration 2



Chosen seed at iteration 3: 2
Chosen chr at iteration 3


Iteration 4
Iteration 1
1	deque([(('210_5', 't'), ('190_3', 't')), (('210_5', 'h'), ('151_6', 'h')), (('151_6', 't'), ('141_4', 't')), (('156_5', 'h'), ('141_4', 'h')), (('47_6', 'h'), ('156_5', 't')), (('127_2', 't'), ('47_6', 't')), (('127_2', 'h'), ('105_3', 't')), (('190_3', 'h'), ('105_3', 'h'))])

Chosen seed at iteration 1: 1
Chosen chr at iteration 1


Iteration 2
2	deque([(('127_6', 't'), ('47_6', 't')), (('127_6', 'h'), ('105_3', 't')), (('190_12', 'h'), ('105_3', 'h')), (('210_5', 't'), ('190_12', 't')), (('210_5', 'h'), ('151_5', 'h')), (('151_5', 't'), ('141_2', 't')), (('156_2', 'h'), ('141_2', 'h')), (('47_6', 'h'), ('156_2', 't'))])

Chosen seed at iteration 2: 1
Chosen chr at iteration 2


Iteration 3
3	deque([(('215_2', 'h'), ('76_1', 'h')), (('76_1', 't'), ('28_0', 't')), (('87_2', 'h'), ('28_0', 'h')), (('87_2', 't'), ('49_0', 't')), (('155_0', 'h'), ('49_0', 'h')), (('189_0', 'h'), ('155_0', 't')), (('225_2', 't'), ('189_0', 't')), (('225_2', 'h'), ('75_2', 'h')), (('162_1', 'h'), ('75_2', 't')), (('68_0', 'h'), ('162_1', 't')), (('190_8', 'h'), ('68_0', 't')), (('210_6', 't'), ('190_8', 't')), (('210_6', 'h'), ('151_2', 'h')), (('151_2', 't'), ('141_4', 't')), (('141_4', 'h'), ('82_1', 'h')), (('215_2', 't'), ('82_1', 't'))])

Chosen seed at iteration 3: 1
Chosen chr at iteration 3


Iteration 4
Iteration 1
Iteration 1
1	deque([(('127_1', 'h'), ('105_3', 't')), (('190_3', 'h'), ('105_3', 'h')), (('210_3', 't'), ('190_3', 't')), (('210_3', 'h'), ('151_1', 'h')), (('151_1', 't'), ('141_3', 't')), (('156_5', 'h'), ('141_3', 'h')), (('47_6', 'h'), ('156_5', 't')), (('127_1', 't'), ('47_6', 't'))])

Chosen seed at iteration 1: 1
Chosen chr at iteration 1


Iteration 2
2	deque([(('127_6', 't'), ('47_6', 't')), (('127_6', 'h'), ('105_3', 't')), (('190_8', 'h'), ('105_3', 'h')), (('210_13', 't'), ('190_8', 't')), (('210_13', 'h'), ('151_1', 'h')), (('151_1', 't'), ('141_3', 't')), (('156_5', 'h'), ('141_3', 'h')), (('47_6', 'h'), ('156_5', 't'))])

Chosen seed at iteration 2: 1
Chosen chr at iteration 2


Iteration 3
3	deque([(('156_5', 'h'), ('141_15', 'h')), (('47_6', 'h'), ('156_5', 't')), (('127_5', 't'), ('47_6', 't')), (('127_5', 'h'), ('105_3', 't')), (('190_6', 'h'), ('105_3', 'h')), (('210_14', 't'), ('190_6', 't')), (('210_14', 'h'), ('151_16', 'h')), (('151_16', 't'), ('141_15', 't'))])

Chosen seed at iteration 3: 1
Chosen chr at iteration 3


Iteration 4
4	deque([(('190_6', 'h'), ('105_3', 'h')), (('210_14', 't'), ('190_6', 't')), (('210_14', 'h'), ('151_1', 'h')), (('151_1', 't'), ('141_5', 't')), (('156_5', 'h'), ('141_5', 'h')), (('47_6', 'h'), ('156_5', 't')), (('127_5', 't'), ('47_6', 't')), (('127_5', 'h'), ('105_3', 't'))])

Chosen seed at iteration 4: 1
Chosen chr at iteration 4


Iteration 1
1	deque([(('190_3', 'h'), ('105_6', 'h')), (('127_1', 'h'), ('105_6', 't')), (('91_1', 'h'), ('127_1', 't')), (('141_3', 'h'), ('91_1', 't')), (('151_9', 't'), ('141_3', 't')), (('210_8', 'h'), ('151_9', 'h')), (('210_8', 't'), ('190_3', 't'))])

Chosen seed at iteration 1: 1
Chosen chr at iteration 1


Iteration 2
Iteration 1
1	deque([(('210_11', 't'), ('190_2', 't')), (('210_11', 'h'), ('151_3', 'h')), (('151_3', 't'), ('141_3', 't')), (('141_3', 'h'), ('96_0', 'h')), (('190_2', 'h'), ('96_0', 't'))])

Chosen seed at iteration 1: 1
Chosen chr at iteration 1


Iteration 2
2	deque([(('210_6', 't'), ('190_8', 't')), (('210_6', 'h'), ('151_3', 'h')), (('151_3', 't'), ('141_15', 't')), (('141_15', 'h'), ('96_0', 'h')), (('190_8', 'h'), ('96_0', 't'))])

Chosen seed at iteration 2: 1
Chosen chr at iteration 2


Iteration 3
3	deque([(('151_17', 't'), ('141_15', 't')), (('141_15', 'h'), ('96_0', 'h')), (('190_11', 'h'), ('96_0', 't')), (('210_11', 't'), ('190_11', 't')), (('210_11', 'h'), ('151_17', 'h'))])

Chosen seed at iteration 3: 1
Chosen chr at iteration 3


Iteration 4
4	deque([(('132_2', 'h'), ('173_3', 't'))])
4	deque([(('173_3', 'h'), ('130_1', 'h'))])

Chosen seed at iteration 4: 1
Chosen chr at iteration 4



Chosen seed at iteration 5: 2
Chosen chr at iteration 5


Iteration 1
Iteration 1
Iteration 1
Iteration 1
Iteration 1
Iteration 1
Iteration 1
Iteration 1
Iteration 1
Iteration 1
Iteration 1
Iteration 1
Iteration 1
Iteration 1
Iteration 1
Iteration 1
1	deque([(('90_6', 't'), ('15_0', 't'))])

Chosen seed at iteration 1: 1
Chosen chr at iteration 1


Iteration 2
Iteration 1
Iteration 1
Iteration 1
Iteration 1
Iteration 1
Iteration 1
Iteration 1
Iteration 1
Iteration 1
Iteration 1
Iteration 1
Iteration 1
Iteration 1
Iteration 1
Iteration 1
Iteration 1
Iteration 1
Iteration 1
Iteration 1
Iteration 1
Iteration 1
Iteration 1
Iteration 1
Iteration 1
Iteration 1
