Iteration 1
Iteration 1
1	deque([(('154', 'h'), ('135', 't')), (('135', 'h'), ('176', 't')), (('176', 'h'), ('49', 't')), (('49', 'h'), ('178', 't')), (('178', 'h'), ('154', 't'))])

Chosen seed at iteration 1: 1
Chosen chr at iteration 1
Iteration 2
2	deque([(('200', 't'), ('87', 't')), (('87', 'h'), ('157', 't')), (('157', 'h'), ('78', 't')), (('78', 'h'), ('108', 'h')), (('108', 't'), ('33', 'h')), (('33', 't'), ('180', 'h')), (('180', 't'), ('94', 'h')), (('94', 't'), ('216', 'h')), (('216', 't'), ('160', 'h')), (('160', 't'), ('166', 'h')), (('166', 't'), ('196', 't')), (('196', 'h'), ('200', 'h'))])
2	deque([(('172', 't'), ('107', 't')), (('107', 'h'), ('63', 'h')), (('63', 't'), ('101', 't')), (('101', 'h'), ('119', 'h')), (('119', 't'), ('159', 'h')), (('159', 't'), ('172', 'h'))])

Chosen seed at iteration 2: 2
Chosen chr at iteration 2
Iteration 3
Iteration 1
1	deque([(('174', 'h'), ('174', 't')), (('174', 'h'), ('174', 't'))])

Chosen seed at iteration 1: 1
Chosen chr at iteration 1
Iteration 2
Iteration 1
1	deque([(('174', 'h'), ('174', 't')), (('174', 'h'), ('174', 't'))])

Chosen seed at iteration 1: 1
Chosen chr at iteration 1
Iteration 2
Iteration 1
1	deque([(('174', 'h'), ('174', 't')), (('174', 'h'), ('174', 't'))])

Chosen seed at iteration 1: 1
Chosen chr at iteration 1
Iteration 2
Iteration 1
1	deque([(('174', 'h'), ('174', 't')), (('174', 'h'), ('174', 't'))])

Chosen seed at iteration 1: 1
Chosen chr at iteration 1
Iteration 2
Iteration 1
Iteration 1
Iteration 1
Iteration 1
1	deque([(('174', 'h'), ('174', 't')), (('174', 'h'), ('174', 't'))])

Chosen seed at iteration 1: 1
Chosen chr at iteration 1
Iteration 2
Iteration 1
1	deque([(('174', 'h'), ('174', 't')), (('174', 'h'), ('174', 't'))])

Chosen seed at iteration 1: 1
Chosen chr at iteration 1
Iteration 2
Iteration 1
1	deque([(('174', 'h'), ('174', 't')), (('174', 'h'), ('174', 't'))])

Chosen seed at iteration 1: 1
Chosen chr at iteration 1
Iteration 2
Iteration 1
1	deque([(('174', 'h'), ('174', 't')), (('174', 'h'), ('174', 't'))])

Chosen seed at iteration 1: 1
Chosen chr at iteration 1
Iteration 2
Iteration 1
1	deque([(('174', 'h'), ('174', 't')), (('174', 'h'), ('174', 't'))])

Chosen seed at iteration 1: 1
Chosen chr at iteration 1
Iteration 2
Iteration 1
1	deque([(('174', 'h'), ('174', 't')), (('174', 'h'), ('174', 't'))])

Chosen seed at iteration 1: 1
Chosen chr at iteration 1
Iteration 2
