
Gurobi 7.5.2 (linux64) logging started Thu Mar 28 20:42:02 2019

Changed value of parameter LogFile to /home/aniket/python_scripts/Plasmids-Optimization/exp/2019-03-22__modified_iterative_MILP/output/sample_23/1.1.1/nplasmids_1/MILP/m.log
   Prev: gurobi.log  Default: 
Changed value of parameter TimeLimit to 2400.0
   Prev: 1e+100  Min: 0.0  Max: 1e+100  Default: 1e+100
Optimize a model with 8577 rows, 2497 columns and 64072 nonzeros
Variable types: 652 continuous, 1845 integer (977 binary)
Coefficient statistics:
  Matrix range     [6e-02, 1e+06]
  Objective range  [4e-04, 3e+05]
  Bounds range     [1e+00, 1e+00]
  RHS range        [4e-01, 1e+06]
Presolve removed 6747 rows and 1424 columns
Presolve time: 0.07s
Presolved: 1830 rows, 1073 columns, 6466 nonzeros
Variable types: 214 continuous, 859 integer (646 binary)
Found heuristic solution: objective -3393.158603

Root relaxation: objective -9.951862e+04, 1334 iterations, 0.03 seconds

    Nodes    |    Current Node    |     Objective Bounds      |     Work
 Expl Unexpl |  Obj  Depth IntInf | Incumbent    BestBd   Gap | It/Node Time

     0     0 -99518.621    0  147 -3393.1586 -99518.621  2833%     -    0s
     0     0 -83916.440    0  159 -3393.1586 -83916.440  2373%     -    0s
     0     0 -82530.293    0  162 -3393.1586 -82530.293  2332%     -    0s
     0     0 -82474.565    0  162 -3393.1586 -82474.565  2331%     -    0s
     0     0 -68433.238    0  190 -3393.1586 -68433.238  1917%     -    0s
H    0     0                    -29558.13756 -68433.238   132%     -    0s
     0     0 -67641.074    0  174 -29558.138 -67641.074   129%     -    0s
     0     0 -67309.622    0  195 -29558.138 -67309.622   128%     -    0s
     0     0 -66792.181    0  200 -29558.138 -66792.181   126%     -    0s
     0     0 -66762.299    0  193 -29558.138 -66762.299   126%     -    0s
     0     0 -66716.013    0  194 -29558.138 -66716.013   126%     -    0s
     0     0 -66645.584    0  198 -29558.138 -66645.584   125%     -    0s
     0     0 -66619.544    0  194 -29558.138 -66619.544   125%     -    0s
     0     0 -66614.483    0  197 -29558.138 -66614.483   125%     -    0s
     0     0 -64963.805    0  166 -29558.138 -64963.805   120%     -    0s
     0     0 -64430.807    0  187 -29558.138 -64430.807   118%     -    0s
     0     0 -62842.994    0  162 -29558.138 -62842.994   113%     -    0s
     0     0 -62784.437    0  159 -29558.138 -62784.437   112%     -    0s
     0     0 -62782.846    0  159 -29558.138 -62782.846   112%     -    0s
     0     0 -61621.329    0  184 -29558.138 -61621.329   108%     -    0s
H    0     0                    -51547.66526 -61621.329  19.5%     -    0s
     0     0 -60831.685    0  212 -51547.665 -60831.685  18.0%     -    0s
     0     0 -60768.379    0  211 -51547.665 -60768.379  17.9%     -    0s
     0     0 -60703.209    0  212 -51547.665 -60703.209  17.8%     -    0s
     0     0 -60701.586    0  211 -51547.665 -60701.586  17.8%     -    0s
     0     0 -60089.402    0  217 -51547.665 -60089.402  16.6%     -    0s
H    0     0                    -51677.70250 -60089.402  16.3%     -    0s
     0     0 -60053.714    0  218 -51677.703 -60053.714  16.2%     -    0s
     0     0 -60034.799    0  194 -51677.703 -60034.799  16.2%     -    0s
     0     0 -60031.904    0  225 -51677.703 -60031.904  16.2%     -    0s
     0     0 -59912.496    0  254 -51677.703 -59912.496  15.9%     -    0s
     0     0 -59842.940    0  258 -51677.703 -59842.940  15.8%     -    0s
     0     0 -59820.270    0  257 -51677.703 -59820.270  15.8%     -    0s
     0     0 -59809.989    0  253 -51677.703 -59809.989  15.7%     -    0s
     0     0 -59635.674    0  240 -51677.703 -59635.674  15.4%     -    0s
     0     0 -59625.557    0  247 -51677.703 -59625.557  15.4%     -    0s
     0     0 -59279.776    0  240 -51677.703 -59279.776  14.7%     -    0s
     0     0 -59256.076    0  243 -51677.703 -59256.076  14.7%     -    0s
     0     0 -59254.982    0  246 -51677.703 -59254.982  14.7%     -    0s
     0     0 -59223.395    0  238 -51677.703 -59223.395  14.6%     -    0s
     0     0 -59217.076    0  249 -51677.703 -59217.076  14.6%     -    0s
     0     0 -59213.181    0  247 -51677.703 -59213.181  14.6%     -    0s
     0     0 -59213.181    0  247 -51677.703 -59213.181  14.6%     -    0s
     0     0 -59213.181    0  145 -51677.703 -59213.181  14.6%     -    0s
     0     0 -59213.181    0  133 -51677.703 -59213.181  14.6%     -    0s
     0     0 -59213.181    0  150 -51677.703 -59213.181  14.6%     -    0s
     0     0 -59213.181    0  168 -51677.703 -59213.181  14.6%     -    0s
     0     0 -59163.903    0  172 -51677.703 -59163.903  14.5%     -    0s
     0     0 -59163.826    0  172 -51677.703 -59163.826  14.5%     -    0s
     0     0 -58825.344    0  175 -51677.703 -58825.344  13.8%     -    0s
     0     0 -58798.667    0  175 -51677.703 -58798.667  13.8%     -    0s
     0     0 -58793.891    0  175 -51677.703 -58793.891  13.8%     -    0s
     0     0 -58792.522    0  175 -51677.703 -58792.522  13.8%     -    0s
     0     0 -58781.242    0  178 -51677.703 -58781.242  13.7%     -    0s
     0     0 -58778.914    0  178 -51677.703 -58778.914  13.7%     -    0s
     0     0 -58773.311    0  179 -51677.703 -58773.311  13.7%     -    0s
     0     0 -58773.203    0  179 -51677.703 -58773.203  13.7%     -    0s
     0     0 -58773.203    0  176 -51677.703 -58773.203  13.7%     -    0s
     0     0 -58773.202    0  179 -51677.703 -58773.202  13.7%     -    0s
     0     0 -58773.202    0  179 -51677.703 -58773.202  13.7%     -    1s
     0     0 -58773.202    0  179 -51677.703 -58773.202  13.7%     -    1s
     0     0 -58773.202    0   94 -51677.703 -58773.202  13.7%     -    1s
     0     0 -58773.202    0  114 -51677.703 -58773.202  13.7%     -    1s
     0     0 -58773.202    0  112 -51677.703 -58773.202  13.7%     -    1s
     0     0 -58773.202    0  131 -51677.703 -58773.202  13.7%     -    1s
     0     0 -58119.385    0  124 -51677.703 -58119.385  12.5%     -    1s
     0     0 -58105.298    0  126 -51677.703 -58105.298  12.4%     -    1s
     0     0 -58102.688    0  127 -51677.703 -58102.688  12.4%     -    1s
     0     0 -58050.589    0  135 -51677.703 -58050.589  12.3%     -    1s
     0     0 -57986.984    0  135 -51677.703 -57986.984  12.2%     -    1s
     0     0 -57985.173    0  135 -51677.703 -57985.173  12.2%     -    1s
     0     0 -57576.052    0  115 -51677.703 -57576.052  11.4%     -    1s
     0     0 -57541.288    0  119 -51677.703 -57541.288  11.3%     -    1s
     0     0 -57540.756    0  119 -51677.703 -57540.756  11.3%     -    1s
     0     0 -57438.021    0  124 -51677.703 -57438.021  11.1%     -    1s
     0     0 -57434.155    0  108 -51677.703 -57434.155  11.1%     -    1s
     0     0 -57432.870    0  122 -51677.703 -57432.870  11.1%     -    1s
     0     0 -57324.506    0  121 -51677.703 -57324.506  10.9%     -    1s
     0     0 -57320.547    0  134 -51677.703 -57320.547  10.9%     -    1s
     0     0 -57320.547    0  134 -51677.703 -57320.547  10.9%     -    1s
     0     0 -57320.547    0  134 -51677.703 -57320.547  10.9%     -    1s
     0     0 -57320.547    0  134 -51677.703 -57320.547  10.9%     -    1s
     0     0 -57320.547    0  132 -51677.703 -57320.547  10.9%     -    1s
     0     0 -57320.547    0  132 -51677.703 -57320.547  10.9%     -    1s
     0     2 -57320.547    0  132 -51677.703 -57320.547  10.9%     -    1s

Cutting planes:
  Implied bound: 3
  MIR: 35
  Flow cover: 7
  Zero half: 2

Explored 20 nodes (5896 simplex iterations) in 1.57 seconds
Thread count was 4 (of 4 available processors)

Solution count 4: -51677.7 -51547.7 -29558.1 -3393.16 

Optimal solution found (tolerance 1.00e-04)
Best objective -5.167770250131e+04, best bound -5.167770250131e+04, gap 0.0000%

Gurobi 7.5.2 (linux64) logging started Thu Mar 28 20:42:03 2019

Changed value of parameter LogFile to /home/aniket/python_scripts/Plasmids-Optimization/exp/2019-03-22__modified_iterative_MILP/output/sample_23/1.1.1/nplasmids_1/MILP/m.log
   Prev: gurobi.log  Default: 
Changed value of parameter TimeLimit to 2400.0
   Prev: 1e+100  Min: 0.0  Max: 1e+100  Default: 1e+100
Optimize a model with 8290 rows, 2413 columns and 60480 nonzeros
Variable types: 631 continuous, 1782 integer (942 binary)
Coefficient statistics:
  Matrix range     [6e-02, 1e+06]
  Objective range  [4e-04, 2e+05]
  Bounds range     [1e+00, 1e+00]
  RHS range        [1e-01, 1e+06]
Presolve removed 6493 rows and 1359 columns
Presolve time: 0.07s
Presolved: 1797 rows, 1054 columns, 6350 nonzeros
Variable types: 211 continuous, 843 integer (633 binary)
Found heuristic solution: objective -152.5851559

Root relaxation: objective -6.825410e+04, 1263 iterations, 0.03 seconds

    Nodes    |    Current Node    |     Objective Bounds      |     Work
 Expl Unexpl |  Obj  Depth IntInf | Incumbent    BestBd   Gap | It/Node Time

     0     0 -68254.098    0  141 -152.58516 -68254.098      -     -    0s
     0     0 -60013.357    0  141 -152.58516 -60013.357      -     -    0s
     0     0 -59975.906    0  140 -152.58516 -59975.906      -     -    0s
     0     0 -59974.644    0  140 -152.58516 -59974.644      -     -    0s
     0     0 -51529.113    0  199 -152.58516 -51529.113      -     -    0s
     0     0 -51065.729    0  175 -152.58516 -51065.729      -     -    0s
     0     0 -51059.902    0  181 -152.58516 -51059.902      -     -    0s
     0     0 -48643.938    0  188 -152.58516 -48643.938      -     -    0s
     0     0 -48616.607    0  189 -152.58516 -48616.607      -     -    0s
     0     0 -48429.066    0  190 -152.58516 -48429.066      -     -    0s
     0     0 -48399.111    0  199 -152.58516 -48399.111      -     -    0s
     0     0 -48385.337    0  202 -152.58516 -48385.337      -     -    0s
     0     0 -47283.298    0  151 -152.58516 -47283.298      -     -    0s
H    0     0                    -16380.43311 -47283.298   189%     -    0s
     0     0 -46849.738    0  177 -16380.433 -46849.738   186%     -    0s
     0     0 -46753.583    0  185 -16380.433 -46753.583   185%     -    0s
     0     0 -46734.437    0  186 -16380.433 -46734.437   185%     -    0s
     0     0 -46733.444    0  190 -16380.433 -46733.444   185%     -    0s
     0     0 -44691.831    0  184 -16380.433 -44691.831   173%     -    0s
     0     0 -44650.230    0  192 -16380.433 -44650.230   173%     -    0s
     0     0 -44639.199    0  191 -16380.433 -44639.199   173%     -    0s
     0     0 -44638.855    0  189 -16380.433 -44638.855   173%     -    0s
     0     0 -43811.317    0  165 -16380.433 -43811.317   167%     -    0s
     0     0 -43523.535    0  205 -16380.433 -43523.535   166%     -    0s
     0     0 -43334.830    0  210 -16380.433 -43334.830   165%     -    0s
     0     0 -43312.514    0  204 -16380.433 -43312.514   164%     -    0s
     0     0 -43238.429    0  203 -16380.433 -43238.429   164%     -    0s
     0     0 -43220.256    0  207 -16380.433 -43220.256   164%     -    0s
     0     0 -43220.256    0  207 -16380.433 -43220.256   164%     -    0s
     0     0 -42603.481    0  238 -16380.433 -42603.481   160%     -    0s
     0     0 -42479.989    0  219 -16380.433 -42479.989   159%     -    0s
     0     0 -42313.797    0  229 -16380.433 -42313.797   158%     -    0s
     0     0 -42295.411    0  227 -16380.433 -42295.411   158%     -    0s
     0     0 -42295.294    0  228 -16380.433 -42295.294   158%     -    0s
     0     0 -41076.975    0  203 -16380.433 -41076.975   151%     -    0s
     0     0 -41039.786    0  205 -16380.433 -41039.786   151%     -    0s
     0     0 -41028.439    0  205 -16380.433 -41028.439   150%     -    0s
     0     0 -41028.234    0  205 -16380.433 -41028.234   150%     -    0s
     0     0 -40781.272    0  248 -16380.433 -40781.272   149%     -    0s
     0     0 -40500.370    0  223 -16380.433 -40500.370   147%     -    0s
     0     0 -40500.370    0  223 -16380.433 -40500.370   147%     -    0s
     0     0 -40389.828    0  223 -16380.433 -40389.828   147%     -    0s
     0     0 -40379.320    0  220 -16380.433 -40379.320   147%     -    0s
     0     0 -40379.320    0  220 -16380.433 -40379.320   147%     -    0s
     0     0 -40022.462    0  222 -16380.433 -40022.462   144%     -    0s
H    0     0                    -17154.93849 -40022.462   133%     -    0s
     0     0 -39922.631    0  223 -17154.938 -39922.631   133%     -    0s
     0     0 -39913.429    0  226 -17154.938 -39913.429   133%     -    0s
     0     0 -39829.440    0  214 -17154.938 -39829.440   132%     -    0s
     0     0 -39745.990    0  220 -17154.938 -39745.990   132%     -    0s
     0     0 -39722.826    0  223 -17154.938 -39722.826   132%     -    0s
     0     0 -39722.174    0  223 -17154.938 -39722.174   132%     -    0s
     0     0 -39586.862    0  215 -17154.938 -39586.862   131%     -    0s
     0     0 -39585.616    0  216 -17154.938 -39585.616   131%     -    0s
     0     0 -39489.445    0  183 -17154.938 -39489.445   130%     -    0s
     0     0 -39435.052    0  210 -17154.938 -39435.052   130%     -    0s
     0     0 -39411.752    0  219 -17154.938 -39411.752   130%     -    0s
     0     0 -39383.419    0  222 -17154.938 -39383.419   130%     -    0s
     0     0 -39382.580    0  226 -17154.938 -39382.580   130%     -    0s
     0     0 -39285.119    0  212 -17154.938 -39285.119   129%     -    0s
     0     0 -39280.770    0  207 -17154.938 -39280.770   129%     -    0s
     0     0 -39223.119    0  210 -17154.938 -39223.119   129%     -    0s
     0     0 -39171.114    0  224 -17154.938 -39171.114   128%     -    0s
     0     0 -39157.637    0  210 -17154.938 -39157.637   128%     -    0s
     0     0 -39150.386    0  234 -17154.938 -39150.386   128%     -    0s
     0     0 -39141.133    0  211 -17154.938 -39141.133   128%     -    0s
     0     0 -39141.133    0  211 -17154.938 -39141.133   128%     -    0s
H    0     0                    -22274.80264 -39141.133  75.7%     -    0s
     0     2 -39141.133    0  211 -22274.803 -39141.133  75.7%     -    1s
H   29    14                    -25466.65074 -38833.744  52.5%  46.5    1s
H   68    24                    -25467.35706 -37158.967  45.9%  31.4    1s
*  314    52              22    -27753.85189 -32333.372  16.5%  30.3    1s
*  317    52              22    -27760.62336 -32333.372  16.5%  30.0    1s
H  396    36                    -28432.75921 -30018.645  5.58%  29.6    1s
H  524     5                    -28595.71033 -28891.097  1.03%  25.5    1s

Cutting planes:
  Gomory: 7
  Cover: 196
  Implied bound: 23
  Clique: 18
  MIR: 44
  Flow cover: 131
  Zero half: 29

Explored 543 nodes (16774 simplex iterations) in 1.79 seconds
Thread count was 4 (of 4 available processors)

Solution count 10: -28595.7 -28432.8 -27760.6 ... -152.585

Optimal solution found (tolerance 1.00e-04)
Best objective -2.859571032628e+04, best bound -2.859571032628e+04, gap 0.0000%
Optimize a model with 8291 rows, 2413 columns and 60485 nonzeros
Variable types: 631 continuous, 1782 integer (942 binary)
Coefficient statistics:
  Matrix range     [6e-02, 1e+06]
  Objective range  [4e-04, 2e+05]
  Bounds range     [1e+00, 1e+00]
  RHS range        [1e-01, 1e+06]

MIP start did not produce a new incumbent solution
MIP start violates constraint circular by 1.000000000

Presolve removed 6493 rows and 1359 columns
Presolve time: 0.06s
Presolved: 1798 rows, 1054 columns, 6356 nonzeros
Variable types: 211 continuous, 843 integer (633 binary)
Found heuristic solution: objective -152.5851559

Root relaxation: objective -6.825410e+04, 1185 iterations, 0.03 seconds

    Nodes    |    Current Node    |     Objective Bounds      |     Work
 Expl Unexpl |  Obj  Depth IntInf | Incumbent    BestBd   Gap | It/Node Time

     0     0 -68254.098    0  141 -152.58516 -68254.098      -     -    0s
     0     0 -60028.815    0  139 -152.58516 -60028.815      -     -    0s
     0     0 -59974.644    0  139 -152.58516 -59974.644      -     -    0s
     0     0 -51528.982    0  202 -152.58516 -51528.982      -     -    0s
     0     0 -51065.729    0  175 -152.58516 -51065.729      -     -    0s
     0     0 -51065.329    0  179 -152.58516 -51065.329      -     -    0s
     0     0 -48643.293    0  194 -152.58516 -48643.293      -     -    0s
     0     0 -48616.607    0  197 -152.58516 -48616.607      -     -    0s
     0     0 -48429.066    0  198 -152.58516 -48429.066      -     -    0s
     0     0 -48399.111    0  202 -152.58516 -48399.111      -     -    0s
     0     0 -48385.337    0  205 -152.58516 -48385.337      -     -    0s
     0     0 -47280.529    0  159 -152.58516 -47280.529      -     -    0s
H    0     0                    -16380.43311 -47280.529   189%     -    0s
     0     0 -46847.447    0  190 -16380.433 -46847.447   186%     -    0s
     0     0 -46752.277    0  188 -16380.433 -46752.277   185%     -    0s
     0     0 -46748.880    0  190 -16380.433 -46748.880   185%     -    0s
     0     0 -44679.296    0  186 -16380.433 -44679.296   173%     -    0s
     0     0 -44661.487    0  194 -16380.433 -44661.487   173%     -    0s
     0     0 -44649.068    0  189 -16380.433 -44649.068   173%     -    0s
     0     0 -44638.855    0  189 -16380.433 -44638.855   173%     -    0s
     0     0 -43811.155    0  169 -16380.433 -43811.155   167%     -    0s
     0     0 -43513.656    0  208 -16380.433 -43513.656   166%     -    0s
     0     0 -43332.635    0  216 -16380.433 -43332.635   165%     -    0s
     0     0 -43238.020    0  203 -16380.433 -43238.020   164%     -    0s
     0     0 -43219.841    0  209 -16380.433 -43219.841   164%     -    0s
     0     0 -43219.454    0  208 -16380.433 -43219.454   164%     -    0s
     0     0 -42603.481    0  238 -16380.433 -42603.481   160%     -    0s
     0     0 -42479.989    0  219 -16380.433 -42479.989   159%     -    0s
     0     0 -42314.717    0  232 -16380.433 -42314.717   158%     -    0s
     0     0 -42302.984    0  232 -16380.433 -42302.984   158%     -    0s
     0     0 -42145.224    0  214 -16380.433 -42145.224   157%     -    0s
     0     0 -42096.663    0  216 -16380.433 -42096.663   157%     -    0s
     0     0 -42095.994    0  217 -16380.433 -42095.994   157%     -    0s
     0     0 -41597.624    0  240 -16380.433 -41597.624   154%     -    0s
     0     0 -41469.005    0  238 -16380.433 -41469.005   153%     -    0s
     0     0 -41361.963    0  240 -16380.433 -41361.963   153%     -    0s
     0     0 -41346.135    0  251 -16380.433 -41346.135   152%     -    0s
     0     0 -41341.116    0  254 -16380.433 -41341.116   152%     -    0s
     0     0 -41155.968    0  232 -16380.433 -41155.968   151%     -    0s
     0     0 -41148.444    0  216 -16380.433 -41148.444   151%     -    0s
     0     0 -41076.925    0  215 -16380.433 -41076.925   151%     -    0s
     0     0 -41076.613    0  215 -16380.433 -41076.613   151%     -    0s
     0     0 -41045.991    0  226 -16380.433 -41045.991   151%     -    0s
     0     0 -41045.991    0  226 -16380.433 -41045.991   151%     -    0s
     0     2 -41045.991    0  226 -16380.433 -41045.991   151%     -    0s
H   32    31                    -16381.13944 -40212.825   145%  40.6    0s
H   71    44                    -17031.53156 -40121.526   136%  29.7    0s
H  101    58                    -17490.19859 -37614.814   115%  33.7    0s
H  128    61                    -19363.10521 -37571.616  94.0%  33.7    1s
H  155    71                    -19373.36771 -37571.616  93.9%  38.5    1s
H  191    80                    -20822.83048 -36585.481  75.7%  35.8    1s
H  218    87                    -20825.24313 -36410.262  74.8%  35.4    1s
H  259    93                    -22577.38276 -36357.766  61.0%  33.3    1s
*  273    75              22    -25200.74198 -35991.752  42.8%  32.6    1s
H  540    96                    -27572.82481 -33662.296  22.1%  31.1    1s
H  774    96                    -27956.52077 -32588.255  16.6%  29.8    1s
H  802    91                    -27960.96930 -32375.513  15.8%  30.5    2s
*  982    27              18    -28239.32513 -28774.899  1.90%  30.3    2s
* 1003     0              18    -28240.27131 -28546.448  1.08%  29.8    2s

Cutting planes:
  Gomory: 7
  Cover: 209
  Implied bound: 97
  Clique: 16
  MIR: 60
  Flow cover: 178
  Zero half: 40

Explored 1018 nodes (32768 simplex iterations) in 2.34 seconds
Thread count was 4 (of 4 available processors)

Solution count 10: -28240.3 -28239.3 -27961 ... -19373.4
No other solutions better than -28240.3

Optimal solution found (tolerance 1.00e-04)
Best objective -2.824027131098e+04, best bound -2.824027131098e+04, gap 0.0000%
Optimize a model with 8292 rows, 2413 columns and 60491 nonzeros
Variable types: 631 continuous, 1782 integer (942 binary)
Coefficient statistics:
  Matrix range     [6e-02, 1e+06]
  Objective range  [4e-04, 2e+05]
  Bounds range     [1e+00, 1e+00]
  RHS range        [1e-01, 1e+06]

MIP start did not produce a new incumbent solution
MIP start violates constraint circular by 1.000000000

Presolve removed 6493 rows and 1359 columns
Presolve time: 0.06s
Presolved: 1799 rows, 1054 columns, 6363 nonzeros
Variable types: 211 continuous, 843 integer (633 binary)
Found heuristic solution: objective -152.5851559

Root relaxation: objective -6.825410e+04, 1214 iterations, 0.03 seconds

    Nodes    |    Current Node    |     Objective Bounds      |     Work
 Expl Unexpl |  Obj  Depth IntInf | Incumbent    BestBd   Gap | It/Node Time

     0     0 -68254.098    0  141 -152.58516 -68254.098      -     -    0s
     0     0 -60028.815    0  139 -152.58516 -60028.815      -     -    0s
     0     0 -59912.293    0  144 -152.58516 -59912.293      -     -    0s
     0     0 -51502.975    0  200 -152.58516 -51502.975      -     -    0s
     0     0 -50363.749    0  182 -152.58516 -50363.749      -     -    0s
     0     0 -50363.514    0  182 -152.58516 -50363.514      -     -    0s
     0     0 -48024.298    0  189 -152.58516 -48024.298      -     -    0s
     0     0 -47994.301    0  194 -152.58516 -47994.301      -     -    0s
     0     0 -47985.208    0  201 -152.58516 -47985.208      -     -    0s
     0     0 -47957.357    0  201 -152.58516 -47957.357      -     -    0s
     0     0 -47940.631    0  201 -152.58516 -47940.631      -     -    0s
     0     0 -47939.618    0  204 -152.58516 -47939.618      -     -    0s
     0     0 -45901.427    0  192 -152.58516 -45901.427      -     -    0s
     0     0 -45511.633    0  199 -152.58516 -45511.633      -     -    0s
     0     0 -45510.934    0  202 -152.58516 -45510.934      -     -    0s
     0     0 -43951.420    0  177 -152.58516 -43951.420      -     -    0s
     0     0 -43851.974    0  184 -152.58516 -43851.974      -     -    0s
     0     0 -43848.155    0  184 -152.58516 -43848.155      -     -    0s
     0     0 -43204.403    0  187 -152.58516 -43204.403      -     -    0s
     0     0 -43173.996    0  217 -152.58516 -43173.996      -     -    0s
     0     0 -43001.449    0  220 -152.58516 -43001.449      -     -    0s
     0     0 -43001.233    0  220 -152.58516 -43001.233      -     -    0s
     0     0 -42596.380    0  207 -152.58516 -42596.380      -     -    0s
H    0     0                    -6904.606499 -42596.380   517%     -    0s
     0     0 -42307.158    0  235 -6904.6065 -42307.158   513%     -    0s
     0     0 -42256.479    0  233 -6904.6065 -42256.479   512%     -    0s
     0     0 -42221.470    0  227 -6904.6065 -42221.470   511%     -    0s
     0     0 -42206.910    0  226 -6904.6065 -42206.910   511%     -    0s
     0     0 -42204.484    0  230 -6904.6065 -42204.484   511%     -    0s
     0     0 -42078.441    0  191 -6904.6065 -42078.441   509%     -    0s
H    0     0                    -18057.60234 -42078.441   133%     -    0s
     0     0 -41985.278    0  223 -18057.602 -41985.278   133%     -    0s
     0     0 -41985.169    0  223 -18057.602 -41985.169   133%     -    0s
     0     0 -40858.300    0  229 -18057.602 -40858.300   126%     -    0s
     0     0 -40854.055    0  230 -18057.602 -40854.055   126%     -    0s
     0     0 -40724.138    0  226 -18057.602 -40724.138   126%     -    0s
     0     0 -40660.560    0  238 -18057.602 -40660.560   125%     -    0s
     0     0 -40609.889    0  218 -18057.602 -40609.889   125%     -    0s
     0     0 -40609.694    0  222 -18057.602 -40609.694   125%     -    0s
     0     0 -40526.059    0  236 -18057.602 -40526.059   124%     -    0s
     0     0 -40525.475    0  236 -18057.602 -40525.475   124%     -    0s
     0     0 -40436.872    0  214 -18057.602 -40436.872   124%     -    0s
     0     0 -40436.641    0  222 -18057.602 -40436.641   124%     -    0s
     0     0 -40221.910    0  213 -18057.602 -40221.910   123%     -    0s
     0     0 -40198.207    0  220 -18057.602 -40198.207   123%     -    0s
     0     0 -40195.169    0  216 -18057.602 -40195.169   123%     -    0s
     0     0 -39901.119    0  185 -18057.602 -39901.119   121%     -    0s
     0     0 -39856.234    0  240 -18057.602 -39856.234   121%     -    0s
     0     0 -39850.839    0  244 -18057.602 -39850.839   121%     -    0s
     0     0 -39824.993    0  244 -18057.602 -39824.993   121%     -    0s
     0     0 -39819.652    0  241 -18057.602 -39819.652   121%     -    0s
     0     0 -39816.134    0  243 -18057.602 -39816.134   120%     -    0s
     0     0 -39816.134    0  243 -18057.602 -39816.134   120%     -    0s
     0     2 -39816.134    0  243 -18057.602 -39816.134   120%     -    0s
H  125    54                    -18722.97559 -37535.080   100%  30.4    1s
H  126    47                    -23773.38253 -37535.080  57.9%  30.3    1s
*  165    58              32    -24035.18096 -36505.657  51.9%  27.5    1s
*  187    62              28    -24677.53334 -36505.657  47.9%  24.8    1s
H  188    47                    -27735.77592 -36505.657  31.6%  24.7    1s
*  328    46              19    -28123.92042 -30795.254  9.50%  22.8    1s

Cutting planes:
  Gomory: 5
  Cover: 176
  Implied bound: 15
  Clique: 15
  MIR: 39
  Flow cover: 164
  Zero half: 29

Explored 487 nodes (12822 simplex iterations) in 1.57 seconds
Thread count was 4 (of 4 available processors)

Solution count 9: -28123.9 -27735.8 -24677.5 ... -152.585
No other solutions better than -28123.9

Optimal solution found (tolerance 1.00e-04)
Best objective -2.812392041799e+04, best bound -2.812392041799e+04, gap 0.0000%

Gurobi 7.5.2 (linux64) logging started Thu Mar 28 20:42:09 2019

Changed value of parameter LogFile to /home/aniket/python_scripts/Plasmids-Optimization/exp/2019-03-22__modified_iterative_MILP/output/sample_23/1.1.1/nplasmids_1/MILP/m.log
   Prev: gurobi.log  Default: 
Changed value of parameter TimeLimit to 2400.0
   Prev: 1e+100  Min: 0.0  Max: 1e+100  Default: 1e+100
Optimize a model with 1712 rows, 498 columns and 5212 nonzeros
Variable types: 136 continuous, 362 integer (182 binary)
Coefficient statistics:
  Matrix range     [7e-02, 1e+06]
  Objective range  [3e-03, 7e+04]
  Bounds range     [1e+00, 1e+00]
  RHS range        [7e-02, 1e+06]
Found heuristic solution: objective 30.7970833
Presolve removed 1361 rows and 318 columns
Presolve time: 0.01s
Presolved: 351 rows, 180 columns, 1072 nonzeros
Variable types: 46 continuous, 134 integer (88 binary)

Root relaxation: objective -1.439564e+04, 158 iterations, 0.00 seconds

    Nodes    |    Current Node    |     Objective Bounds      |     Work
 Expl Unexpl |  Obj  Depth IntInf | Incumbent    BestBd   Gap | It/Node Time

     0     0 -14395.640    0   61   30.79708 -14395.640      -     -    0s
     0     0 -11839.557    0   74   30.79708 -11839.557      -     -    0s
H    0     0                    -6930.657942 -11839.557  70.8%     -    0s
     0     0 -11833.658    0   68 -6930.6579 -11833.658  70.7%     -    0s
     0     0 -10876.157    0   70 -6930.6579 -10876.157  56.9%     -    0s
     0     0 -10818.868    0   71 -6930.6579 -10818.868  56.1%     -    0s
     0     0 -10817.540    0   69 -6930.6579 -10817.540  56.1%     -    0s
     0     0 -10595.738    0   72 -6930.6579 -10595.738  52.9%     -    0s
     0     0 -10593.880    0   68 -6930.6579 -10593.880  52.9%     -    0s
     0     0 -10593.709    0   68 -6930.6579 -10593.709  52.9%     -    0s
     0     0 -10545.716    0   72 -6930.6579 -10545.716  52.2%     -    0s
     0     0 -10505.293    0   70 -6930.6579 -10505.293  51.6%     -    0s
     0     0 -10504.125    0   70 -6930.6579 -10504.125  51.6%     -    0s
     0     0 -10501.049    0   63 -6930.6579 -10501.049  51.5%     -    0s
     0     0 -10494.144    0   65 -6930.6579 -10494.144  51.4%     -    0s
     0     0 -10492.631    0   63 -6930.6579 -10492.631  51.4%     -    0s
     0     0 -10484.540    0   62 -6930.6579 -10484.540  51.3%     -    0s
     0     0 -10483.433    0   63 -6930.6579 -10483.433  51.3%     -    0s
     0     0 -10481.128    0   60 -6930.6579 -10481.128  51.2%     -    0s
     0     0 -10479.880    0   63 -6930.6579 -10479.880  51.2%     -    0s
     0     0 -10446.580    0   76 -6930.6579 -10446.580  50.7%     -    0s
     0     0 -10405.089    0   81 -6930.6579 -10405.089  50.1%     -    0s
     0     0 -10397.602    0   82 -6930.6579 -10397.602  50.0%     -    0s
     0     0 -10387.846    0   82 -6930.6579 -10387.846  49.9%     -    0s
     0     0 -10387.624    0   82 -6930.6579 -10387.624  49.9%     -    0s
     0     0 -10326.215    0   81 -6930.6579 -10326.215  49.0%     -    0s
     0     0 -10324.189    0   81 -6930.6579 -10324.189  49.0%     -    0s
     0     0 -10257.739    0   76 -6930.6579 -10257.739  48.0%     -    0s
     0     0 -10255.702    0   77 -6930.6579 -10255.702  48.0%     -    0s
     0     0 -10229.226    0   76 -6930.6579 -10229.226  47.6%     -    0s
     0     0 -10219.602    0   75 -6930.6579 -10219.602  47.5%     -    0s
     0     0 -10216.991    0   77 -6930.6579 -10216.991  47.4%     -    0s
     0     0 -10216.765    0   77 -6930.6579 -10216.765  47.4%     -    0s
     0     0 -10216.361    0   76 -6930.6579 -10216.361  47.4%     -    0s
     0     0 -10216.361    0   75 -6930.6579 -10216.361  47.4%     -    0s
     0     2 -10216.361    0   75 -6930.6579 -10216.361  47.4%     -    0s
*   27    15              11    -7048.647730 -7101.8248  0.75%  13.8    0s
H   29     4                    -7064.921844 -7101.7713  0.52%  12.8    0s
*   34     0               6    -7070.940544 -7085.6275  0.21%  11.9    0s

Cutting planes:
  Cover: 28
  Implied bound: 2
  Clique: 1
  MIR: 22
  Flow cover: 22

Explored 38 nodes (1226 simplex iterations) in 0.13 seconds
Thread count was 4 (of 4 available processors)

Solution count 5: -7070.94 -7064.92 -7048.65 ... 30.7971
No other solutions better than -7070.94

Optimal solution found (tolerance 1.00e-04)
Best objective -7.070940544270e+03, best bound -7.070940544270e+03, gap 0.0000%
Optimize a model with 1713 rows, 498 columns and 5213 nonzeros
Variable types: 136 continuous, 362 integer (182 binary)
Coefficient statistics:
  Matrix range     [7e-02, 1e+06]
  Objective range  [3e-03, 7e+04]
  Bounds range     [1e+00, 1e+00]
  RHS range        [7e-02, 1e+06]

MIP start did not produce a new incumbent solution
MIP start violates constraint circular by 1.000000000

Found heuristic solution: objective 30.7970833
Presolve removed 1362 rows and 318 columns
Presolve time: 0.01s
Presolved: 351 rows, 180 columns, 1072 nonzeros
Variable types: 46 continuous, 134 integer (89 binary)

Root relaxation: objective -1.436923e+04, 183 iterations, 0.00 seconds

    Nodes    |    Current Node    |     Objective Bounds      |     Work
 Expl Unexpl |  Obj  Depth IntInf | Incumbent    BestBd   Gap | It/Node Time

     0     0 -14369.233    0   63   30.79708 -14369.233      -     -    0s
     0     0 -11598.514    0   65   30.79708 -11598.514      -     -    0s
     0     0 -11595.472    0   60   30.79708 -11595.472      -     -    0s
     0     0 -10918.245    0   67   30.79708 -10918.245      -     -    0s
H    0     0                    -4381.279367 -10918.245   149%     -    0s
H    0     0                    -6928.502161 -10918.245  57.6%     -    0s
     0     0 -10856.865    0   78 -6928.5022 -10856.865  56.7%     -    0s
     0     0 -10848.690    0   78 -6928.5022 -10848.690  56.6%     -    0s
     0     0 -10847.137    0   78 -6928.5022 -10847.137  56.6%     -    0s
     0     0 -10846.596    0   78 -6928.5022 -10846.596  56.6%     -    0s
     0     0 -10750.906    0   76 -6928.5022 -10750.906  55.2%     -    0s
H    0     0                    -6951.463497 -10750.906  54.7%     -    0s
     0     0 -10740.737    0   72 -6951.4635 -10740.737  54.5%     -    0s
     0     0 -10739.417    0   72 -6951.4635 -10739.417  54.5%     -    0s
     0     0 -10708.336    0   69 -6951.4635 -10708.336  54.0%     -    0s
     0     0 -10691.489    0   67 -6951.4635 -10691.489  53.8%     -    0s
     0     0 -10682.627    0   75 -6951.4635 -10682.627  53.7%     -    0s
     0     0 -10682.256    0   75 -6951.4635 -10682.256  53.7%     -    0s
     0     0 -10672.337    0   75 -6951.4635 -10672.337  53.5%     -    0s
     0     0 -10671.667    0   76 -6951.4635 -10671.667  53.5%     -    0s
     0     0 -10669.546    0   65 -6951.4635 -10669.546  53.5%     -    0s
     0     0 -10584.758    0   68 -6951.4635 -10584.758  52.3%     -    0s
     0     0 -10550.864    0   75 -6951.4635 -10550.864  51.8%     -    0s
     0     0 -10520.646    0   68 -6951.4635 -10520.646  51.3%     -    0s
     0     0 -10518.174    0   78 -6951.4635 -10518.174  51.3%     -    0s
     0     0 -10517.061    0   78 -6951.4635 -10517.061  51.3%     -    0s
     0     0 -10504.350    0   77 -6951.4635 -10504.350  51.1%     -    0s
     0     0 -10501.200    0   79 -6951.4635 -10501.200  51.1%     -    0s
     0     0 -10497.951    0   80 -6951.4635 -10497.951  51.0%     -    0s
     0     0 -10496.890    0   80 -6951.4635 -10496.890  51.0%     -    0s
     0     0 -10491.168    0   80 -6951.4635 -10491.168  50.9%     -    0s
     0     0 -10488.422    0   79 -6951.4635 -10488.422  50.9%     -    0s
     0     0 -10488.123    0   79 -6951.4635 -10488.123  50.9%     -    0s
     0     0 -10482.947    0   77 -6951.4635 -10482.947  50.8%     -    0s
     0     2 -10482.947    0   76 -6951.4635 -10482.947  50.8%     -    0s
H   10     4                    -7041.700794 -7076.7332  0.50%  23.0    0s
*   13     0               5    -7047.719495 -7047.7195  0.00%  18.0    0s

Cutting planes:
  Cover: 32
  Implied bound: 1
  Clique: 2
  MIR: 16
  Flow cover: 8
  Zero half: 2

Explored 14 nodes (952 simplex iterations) in 0.12 seconds
Thread count was 4 (of 4 available processors)

Solution count 6: -7047.72 -7041.7 -6951.46 ... 30.7971

Optimal solution found (tolerance 1.00e-04)
Best objective -7.047719494743e+03, best bound -7.047719494743e+03, gap 0.0000%

Gurobi 7.5.2 (linux64) logging started Thu Mar 28 20:42:09 2019

Changed value of parameter LogFile to /home/aniket/python_scripts/Plasmids-Optimization/exp/2019-03-22__modified_iterative_MILP/output/sample_23/1.1.1/nplasmids_1/MILP/m.log
   Prev: gurobi.log  Default: 
Changed value of parameter TimeLimit to 2400.0
   Prev: 1e+100  Min: 0.0  Max: 1e+100  Default: 1e+100
Optimize a model with 1630 rows, 474 columns and 4866 nonzeros
Variable types: 130 continuous, 344 integer (172 binary)
Coefficient statistics:
  Matrix range     [7e-02, 1e+06]
  Objective range  [3e-03, 7e+04]
  Bounds range     [1e+00, 1e+00]
  RHS range        [7e-02, 1e+06]
Presolve removed 1303 rows and 309 columns
Presolve time: 0.01s
Presolved: 327 rows, 165 columns, 989 nonzeros
Variable types: 43 continuous, 122 integer (79 binary)
Found heuristic solution: objective -186.2057779

Root relaxation: objective -1.117612e+04, 154 iterations, 0.00 seconds

    Nodes    |    Current Node    |     Objective Bounds      |     Work
 Expl Unexpl |  Obj  Depth IntInf | Incumbent    BestBd   Gap | It/Node Time

     0     0 -11176.124    0   51 -186.20578 -11176.124  5902%     -    0s
     0     0 -8469.3905    0   61 -186.20578 -8469.3905  4448%     -    0s
H    0     0                    -1861.415824 -8469.3905   355%     -    0s
     0     0 -8467.4683    0   57 -1861.4158 -8467.4683   355%     -    0s
     0     0 -8467.4051    0   57 -1861.4158 -8467.4051   355%     -    0s
     0     0 -7978.4275    0   54 -1861.4158 -7978.4275   329%     -    0s
     0     0 -7876.6459    0   52 -1861.4158 -7876.6459   323%     -    0s
     0     0 -7875.7267    0   54 -1861.4158 -7875.7267   323%     -    0s
     0     0 -7809.6284    0   67 -1861.4158 -7809.6284   320%     -    0s
     0     0 -7805.4885    0   67 -1861.4158 -7805.4885   319%     -    0s
     0     0 -7798.6758    0   66 -1861.4158 -7798.6758   319%     -    0s
     0     0 -7794.6758    0   67 -1861.4158 -7794.6758   319%     -    0s
     0     0 -7791.3364    0   67 -1861.4158 -7791.3364   319%     -    0s
     0     0 -7790.7297    0   67 -1861.4158 -7790.7297   319%     -    0s
     0     0 -7760.9040    0   63 -1861.4158 -7760.9040   317%     -    0s
H    0     0                    -4338.163187 -7760.9040  78.9%     -    0s
     0     0 -7746.6728    0   65 -4338.1632 -7746.6728  78.6%     -    0s
     0     0 -7742.4010    0   67 -4338.1632 -7742.4010  78.5%     -    0s
     0     0 -7719.6302    0   64 -4338.1632 -7719.6302  77.9%     -    0s
     0     0 -7710.0326    0   63 -4338.1632 -7710.0326  77.7%     -    0s
     0     0 -7704.9712    0   57 -4338.1632 -7704.9712  77.6%     -    0s
     0     0 -7704.0338    0   57 -4338.1632 -7704.0338  77.6%     -    0s
     0     0 -7702.7637    0   54 -4338.1632 -7702.7637  77.6%     -    0s
     0     0 -7702.7637    0   54 -4338.1632 -7702.7637  77.6%     -    0s
     0     2 -7702.7637    0   52 -4338.1632 -7702.7637  77.6%     -    0s
H    8     5                    -4800.179909 -5771.5005  20.2%  37.1    0s

Cutting planes:
  Cover: 27
  Implied bound: 2
  Clique: 2
  MIR: 14
  Flow cover: 14

Explored 19 nodes (991 simplex iterations) in 0.08 seconds
Thread count was 4 (of 4 available processors)

Solution count 4: -4800.18 -4338.16 -1861.42 -186.206 

Optimal solution found (tolerance 1.00e-04)
Best objective -4.800179909178e+03, best bound -4.800179909178e+03, gap 0.0000%
Optimize a model with 1631 rows, 474 columns and 4867 nonzeros
Variable types: 130 continuous, 344 integer (172 binary)
Coefficient statistics:
  Matrix range     [7e-02, 1e+06]
  Objective range  [3e-03, 7e+04]
  Bounds range     [1e+00, 1e+00]
  RHS range        [7e-02, 1e+06]

MIP start did not produce a new incumbent solution
MIP start violates constraint circular by 1.000000000

Presolve removed 1304 rows and 309 columns
Presolve time: 0.01s
Presolved: 327 rows, 165 columns, 989 nonzeros
Variable types: 43 continuous, 122 integer (80 binary)
Found heuristic solution: objective -969.7676411

Root relaxation: objective -1.114118e+04, 195 iterations, 0.00 seconds

    Nodes    |    Current Node    |     Objective Bounds      |     Work
 Expl Unexpl |  Obj  Depth IntInf | Incumbent    BestBd   Gap | It/Node Time

     0     0 -11141.175    0   50 -969.76764 -11141.175  1049%     -    0s
     0     0 -8445.3632    0   66 -969.76764 -8445.3632   771%     -    0s
     0     0 -8443.6167    0   62 -969.76764 -8443.6167   771%     -    0s
     0     0 -7868.4534    0   59 -969.76764 -7868.4534   711%     -    0s
H    0     0                    -4338.163187 -7868.4534  81.4%     -    0s
     0     0 -7838.9802    0   61 -4338.1632 -7838.9802  80.7%     -    0s
     0     0 -7836.7743    0   57 -4338.1632 -7836.7743  80.6%     -    0s
     0     0 -7835.2401    0   62 -4338.1632 -7835.2401  80.6%     -    0s
     0     0 -7835.2236    0   62 -4338.1632 -7835.2236  80.6%     -    0s
     0     0 -7753.8890    0   63 -4338.1632 -7753.8890  78.7%     -    0s
     0     0 -7747.5760    0   63 -4338.1632 -7747.5760  78.6%     -    0s
     0     0 -7746.1936    0   63 -4338.1632 -7746.1936  78.6%     -    0s
     0     0 -7739.0011    0   63 -4338.1632 -7739.0011  78.4%     -    0s
     0     0 -7736.8644    0   63 -4338.1632 -7736.8644  78.3%     -    0s
     0     0 -7646.7035    0   62 -4338.1632 -7646.7035  76.3%     -    0s
     0     0 -7625.2683    0   47 -4338.1632 -7625.2683  75.8%     -    0s
     0     0 -7614.3945    0   53 -4338.1632 -7614.3945  75.5%     -    0s
     0     0 -7612.3167    0   53 -4338.1632 -7612.3167  75.5%     -    0s
     0     0 -7575.7040    0   64 -4338.1632 -7575.7040  74.6%     -    0s
     0     0 -7549.0452    0   71 -4338.1632 -7549.0452  74.0%     -    0s
     0     0 -7548.9104    0   71 -4338.1632 -7548.9104  74.0%     -    0s
     0     0 -7544.0381    0   59 -4338.1632 -7544.0381  73.9%     -    0s
     0     0 -7543.6473    0   62 -4338.1632 -7543.6473  73.9%     -    0s
     0     0 -7539.3413    0   62 -4338.1632 -7539.3413  73.8%     -    0s
     0     0 -7537.3655    0   62 -4338.1632 -7537.3655  73.7%     -    0s
     0     0 -7537.3469    0   62 -4338.1632 -7537.3469  73.7%     -    0s
     0     0 -7537.3327    0   60 -4338.1632 -7537.3327  73.7%     -    0s
     0     2 -7537.3327    0   60 -4338.1632 -7537.3327  73.7%     -    0s
*   11     6               5    -4628.669385 -5388.7788  16.4%  21.9    0s
*   12     6               5    -4628.705267 -5388.7788  16.4%  20.2    0s

Cutting planes:
  Cover: 29
  Clique: 2
  MIR: 9
  Flow cover: 8
  Zero half: 2

Explored 20 nodes (869 simplex iterations) in 0.09 seconds
Thread count was 4 (of 4 available processors)

Solution count 4: -4628.71 -4628.67 -4338.16 -969.768 

Optimal solution found (tolerance 1.00e-04)
Best objective -4.628705267308e+03, best bound -4.628705267308e+03, gap 0.0000%

Gurobi 7.5.2 (linux64) logging started Thu Mar 28 20:42:10 2019

Changed value of parameter LogFile to /home/aniket/python_scripts/Plasmids-Optimization/exp/2019-03-22__modified_iterative_MILP/output/sample_23/1.1.1/nplasmids_1/MILP/m.log
   Prev: gurobi.log  Default: 
Changed value of parameter TimeLimit to 2400.0
   Prev: 1e+100  Min: 0.0  Max: 1e+100  Default: 1e+100
Optimize a model with 1630 rows, 474 columns and 4866 nonzeros
Variable types: 130 continuous, 344 integer (172 binary)
Coefficient statistics:
  Matrix range     [7e-02, 1e+06]
  Objective range  [3e-03, 7e+04]
  Bounds range     [1e+00, 1e+00]
  RHS range        [7e-02, 1e+06]
Presolve removed 1303 rows and 309 columns
Presolve time: 0.00s
Presolved: 327 rows, 165 columns, 989 nonzeros
Variable types: 43 continuous, 122 integer (79 binary)
Found heuristic solution: objective -186.2057779

Root relaxation: objective -1.117612e+04, 154 iterations, 0.00 seconds

    Nodes    |    Current Node    |     Objective Bounds      |     Work
 Expl Unexpl |  Obj  Depth IntInf | Incumbent    BestBd   Gap | It/Node Time

     0     0 -11176.124    0   51 -186.20578 -11176.124  5902%     -    0s
     0     0 -8469.3905    0   61 -186.20578 -8469.3905  4448%     -    0s
H    0     0                    -1861.415824 -8469.3905   355%     -    0s
     0     0 -8467.4683    0   57 -1861.4158 -8467.4683   355%     -    0s
     0     0 -8467.4051    0   57 -1861.4158 -8467.4051   355%     -    0s
     0     0 -7978.4275    0   54 -1861.4158 -7978.4275   329%     -    0s
     0     0 -7876.6459    0   52 -1861.4158 -7876.6459   323%     -    0s
     0     0 -7875.7267    0   54 -1861.4158 -7875.7267   323%     -    0s
     0     0 -7809.6284    0   67 -1861.4158 -7809.6284   320%     -    0s
     0     0 -7805.4885    0   67 -1861.4158 -7805.4885   319%     -    0s
     0     0 -7798.6758    0   66 -1861.4158 -7798.6758   319%     -    0s
     0     0 -7794.6758    0   67 -1861.4158 -7794.6758   319%     -    0s
     0     0 -7791.3364    0   67 -1861.4158 -7791.3364   319%     -    0s
     0     0 -7790.7297    0   67 -1861.4158 -7790.7297   319%     -    0s
     0     0 -7760.9040    0   63 -1861.4158 -7760.9040   317%     -    0s
H    0     0                    -4338.163179 -7760.9040  78.9%     -    0s
     0     0 -7746.6728    0   65 -4338.1632 -7746.6728  78.6%     -    0s
     0     0 -7742.4010    0   67 -4338.1632 -7742.4010  78.5%     -    0s
     0     0 -7719.6302    0   64 -4338.1632 -7719.6302  77.9%     -    0s
     0     0 -7710.0326    0   61 -4338.1632 -7710.0326  77.7%     -    0s
     0     0 -7704.9712    0   55 -4338.1632 -7704.9712  77.6%     -    0s
     0     0 -7704.0338    0   55 -4338.1632 -7704.0338  77.6%     -    0s
     0     0 -7702.7637    0   52 -4338.1632 -7702.7637  77.6%     -    0s
     0     0 -7702.7637    0   52 -4338.1632 -7702.7637  77.6%     -    0s
     0     2 -7702.7637    0   52 -4338.1632 -7702.7637  77.6%     -    0s
H    8     5                    -4800.179909 -5771.5005  20.2%  37.4    0s

Cutting planes:
  Cover: 27
  Implied bound: 2
  Clique: 2
  MIR: 14
  Flow cover: 14

Explored 19 nodes (987 simplex iterations) in 0.08 seconds
Thread count was 4 (of 4 available processors)

Solution count 4: -4800.18 -4338.16 -1861.42 -186.206 

Optimal solution found (tolerance 1.00e-04)
Best objective -4.800179909178e+03, best bound -4.800179909178e+03, gap 0.0000%
Optimize a model with 1631 rows, 474 columns and 4867 nonzeros
Variable types: 130 continuous, 344 integer (172 binary)
Coefficient statistics:
  Matrix range     [7e-02, 1e+06]
  Objective range  [3e-03, 7e+04]
  Bounds range     [1e+00, 1e+00]
  RHS range        [7e-02, 1e+06]

MIP start did not produce a new incumbent solution
MIP start violates constraint circular by 1.000000000

Presolve removed 1304 rows and 309 columns
Presolve time: 0.01s
Presolved: 327 rows, 165 columns, 989 nonzeros
Variable types: 43 continuous, 122 integer (80 binary)
Found heuristic solution: objective -969.7676411

Root relaxation: objective -1.114118e+04, 201 iterations, 0.00 seconds

    Nodes    |    Current Node    |     Objective Bounds      |     Work
 Expl Unexpl |  Obj  Depth IntInf | Incumbent    BestBd   Gap | It/Node Time

     0     0 -11141.175    0   50 -969.76764 -11141.175  1049%     -    0s
     0     0 -8445.3632    0   66 -969.76764 -8445.3632   771%     -    0s
     0     0 -8443.2456    0   62 -969.76764 -8443.2456   771%     -    0s
     0     0 -7850.2101    0   58 -969.76764 -7850.2101   709%     -    0s
     0     0 -7803.9905    0   55 -969.76764 -7803.9905   705%     -    0s
     0     0 -7789.9190    0   61 -969.76764 -7789.9190   703%     -    0s
     0     0 -7786.9155    0   59 -969.76764 -7786.9155   703%     -    0s
     0     0 -7745.2548    0   65 -969.76764 -7745.2548   699%     -    0s
H    0     0                    -2394.333212 -7745.2548   223%     -    0s
     0     0 -7727.2484    0   68 -2394.3332 -7727.2484   223%     -    0s
     0     0 -7726.1504    0   68 -2394.3332 -7726.1504   223%     -    0s
     0     0 -7628.1149    0   64 -2394.3332 -7628.1149   219%     -    0s
H    0     0                    -2947.147625 -7628.1149   159%     -    0s
     0     0 -7590.4691    0   69 -2947.1476 -7590.4691   158%     -    0s
     0     0 -7583.5103    0   71 -2947.1476 -7583.5103   157%     -    0s
     0     0 -7581.2464    0   72 -2947.1476 -7581.2464   157%     -    0s
     0     0 -7580.6251    0   72 -2947.1476 -7580.6251   157%     -    0s
     0     0 -7571.5946    0   70 -2947.1476 -7571.5946   157%     -    0s
     0     0 -7570.8318    0   72 -2947.1476 -7570.8318   157%     -    0s
     0     0 -7565.5312    0   70 -2947.1476 -7565.5312   157%     -    0s
     0     0 -7565.0807    0   70 -2947.1476 -7565.0807   157%     -    0s
     0     0 -7378.8004    0   64 -2947.1476 -7378.8004   150%     -    0s
     0     0 -7342.9833    0   62 -2947.1476 -7342.9833   149%     -    0s
     0     0 -7341.7877    0   70 -2947.1476 -7341.7877   149%     -    0s
     0     0 -7339.9598    0   70 -2947.1476 -7339.9598   149%     -    0s
     0     0 -7339.5548    0   71 -2947.1476 -7339.5548   149%     -    0s
     0     0 -7339.4297    0   71 -2947.1476 -7339.4297   149%     -    0s
     0     0 -7339.0147    0   72 -2947.1476 -7339.0147   149%     -    0s
     0     0 -7337.5673    0   73 -2947.1476 -7337.5673   149%     -    0s
     0     2 -7337.5673    0   72 -2947.1476 -7337.5673   149%     -    0s
*    9     7               5    -4628.669385 -5614.0074  21.3%  23.4    0s
*   11     2               5    -4628.705267 -5614.0074  21.3%  19.4    0s

Cutting planes:
  Gomory: 14
  Cover: 31
  Clique: 2
  MIR: 14
  Flow cover: 10
  Zero half: 2

Explored 19 nodes (886 simplex iterations) in 0.10 seconds
Thread count was 4 (of 4 available processors)

Solution count 5: -4628.71 -4628.67 -2947.15 ... -969.768

Optimal solution found (tolerance 1.00e-04)
Best objective -4.628705267309e+03, best bound -4.628705267309e+03, gap 0.0000%

Gurobi 7.5.2 (linux64) logging started Thu Mar 28 20:42:10 2019

Changed value of parameter LogFile to /home/aniket/python_scripts/Plasmids-Optimization/exp/2019-03-22__modified_iterative_MILP/output/sample_23/1.1.1/nplasmids_1/MILP/m.log
   Prev: gurobi.log  Default: 
Changed value of parameter TimeLimit to 2400.0
   Prev: 1e+100  Min: 0.0  Max: 1e+100  Default: 1e+100
Optimize a model with 1630 rows, 474 columns and 4866 nonzeros
Variable types: 130 continuous, 344 integer (172 binary)
Coefficient statistics:
  Matrix range     [7e-02, 1e+06]
  Objective range  [3e-03, 7e+04]
  Bounds range     [1e+00, 1e+00]
  RHS range        [7e-02, 1e+06]
Presolve removed 1303 rows and 309 columns
Presolve time: 0.00s
Presolved: 327 rows, 165 columns, 990 nonzeros
Variable types: 43 continuous, 122 integer (79 binary)
Found heuristic solution: objective -186.2057779

Root relaxation: objective -1.117017e+04, 158 iterations, 0.00 seconds

    Nodes    |    Current Node    |     Objective Bounds      |     Work
 Expl Unexpl |  Obj  Depth IntInf | Incumbent    BestBd   Gap | It/Node Time

     0     0 -11170.167    0   53 -186.20578 -11170.167  5899%     -    0s
     0     0 -8437.8620    0   64 -186.20578 -8437.8620  4431%     -    0s
H    0     0                    -2980.394639 -8437.8620   183%     -    0s
     0     0 -8431.8948    0   61 -2980.3946 -8431.8948   183%     -    0s
     0     0 -8431.8343    0   61 -2980.3946 -8431.8343   183%     -    0s
     0     0 -7891.2413    0   60 -2980.3946 -7891.2413   165%     -    0s
     0     0 -7762.8364    0   60 -2980.3946 -7762.8364   160%     -    0s
     0     0 -7710.3589    0   64 -2980.3946 -7710.3589   159%     -    0s
     0     0 -7695.6043    0   64 -2980.3946 -7695.6043   158%     -    0s
     0     0 -7695.5785    0   64 -2980.3946 -7695.5785   158%     -    0s
     0     0 -7497.3274    0   65 -2980.3946 -7497.3274   152%     -    0s
     0     0 -7486.1342    0   68 -2980.3946 -7486.1342   151%     -    0s
     0     0 -7474.9764    0   62 -2980.3946 -7474.9764   151%     -    0s
     0     0 -7463.7975    0   66 -2980.3946 -7463.7975   150%     -    0s
     0     0 -7461.1985    0   66 -2980.3946 -7461.1985   150%     -    0s
     0     0 -7460.4236    0   66 -2980.3946 -7460.4236   150%     -    0s
     0     0 -7447.8616    0   67 -2980.3946 -7447.8616   150%     -    0s
H    0     0                    -3686.024844 -7447.8616   102%     -    0s
     0     0 -7445.8364    0   67 -3686.0248 -7445.8364   102%     -    0s
     0     0 -7445.6480    0   67 -3686.0248 -7445.6480   102%     -    0s
     0     0 -7387.7119    0   69 -3686.0248 -7387.7119   100%     -    0s
     0     0 -7381.8448    0   69 -3686.0248 -7381.8448   100%     -    0s
     0     0 -7381.6438    0   69 -3686.0248 -7381.6438   100%     -    0s
     0     0 -7381.3741    0   68 -3686.0248 -7381.3741   100%     -    0s
H    0     0                    -3868.389317 -7381.3741  90.8%     -    0s
     0     0 -7379.1134    0   68 -3868.3893 -7379.1134  90.8%     -    0s
     0     0 -7379.0909    0   62 -3868.3893 -7379.0909  90.8%     -    0s
     0     0 -7373.7536    0   67 -3868.3893 -7373.7536  90.6%     -    0s
     0     0 -7373.7536    0   67 -3868.3893 -7373.7536  90.6%     -    0s
     0     2 -7373.7536    0   67 -3868.3893 -7373.7536  90.6%     -    0s
H   10    10                    -4800.179909 -5860.0491  22.1%  25.4    0s

Cutting planes:
  Cover: 30
  Implied bound: 2
  Clique: 2
  MIR: 18
  Flow cover: 11
  Zero half: 1

Explored 23 nodes (963 simplex iterations) in 0.09 seconds
Thread count was 4 (of 4 available processors)

Solution count 5: -4800.18 -3868.39 -3686.02 ... -186.206

Optimal solution found (tolerance 1.00e-04)
Best objective -4.800179909178e+03, best bound -4.800179909178e+03, gap 0.0000%
Optimize a model with 1631 rows, 474 columns and 4867 nonzeros
Variable types: 130 continuous, 344 integer (172 binary)
Coefficient statistics:
  Matrix range     [7e-02, 1e+06]
  Objective range  [3e-03, 7e+04]
  Bounds range     [1e+00, 1e+00]
  RHS range        [7e-02, 1e+06]

MIP start did not produce a new incumbent solution
MIP start violates constraint circular by 1.000000000

Presolve removed 1304 rows and 309 columns
Presolve time: 0.01s
Presolved: 327 rows, 165 columns, 990 nonzeros
Variable types: 43 continuous, 122 integer (80 binary)
Found heuristic solution: objective -969.7676411

Root relaxation: objective -1.113210e+04, 184 iterations, 0.00 seconds

    Nodes    |    Current Node    |     Objective Bounds      |     Work
 Expl Unexpl |  Obj  Depth IntInf | Incumbent    BestBd   Gap | It/Node Time

     0     0 -11132.104    0   51 -969.76764 -11132.104  1048%     -    0s
     0     0 -8262.3261    0   70 -969.76764 -8262.3261   752%     -    0s
H    0     0                    -2289.142788 -8262.3261   261%     -    0s
     0     0 -8261.5228    0   68 -2289.1428 -8261.5228   261%     -    0s
     0     0 -7951.8043    0   76 -2289.1428 -7951.8043   247%     -    0s
H    0     0                    -2550.639613 -7951.8043   212%     -    0s
     0     0 -7886.7536    0   71 -2550.6396 -7886.7536   209%     -    0s
     0     0 -7682.4160    0   76 -2550.6396 -7682.4160   201%     -    0s
     0     0 -7660.9901    0   74 -2550.6396 -7660.9901   200%     -    0s
     0     0 -7660.9901    0   76 -2550.6396 -7660.9901   200%     -    0s
     0     0 -7404.0758    0   52 -2550.6396 -7404.0758   190%     -    0s
H    0     0                    -2938.627334 -7404.0758   152%     -    0s
     0     0 -7224.5824    0   58 -2938.6273 -7224.5824   146%     -    0s
     0     0 -7117.7154    0   65 -2938.6273 -7117.7154   142%     -    0s
     0     0 -7116.2094    0   65 -2938.6273 -7116.2094   142%     -    0s
     0     0 -7114.6220    0   65 -2938.6273 -7114.6220   142%     -    0s
     0     0 -7114.5646    0   65 -2938.6273 -7114.5646   142%     -    0s
     0     0 -6989.3028    0   45 -2938.6273 -6989.3028   138%     -    0s
H    0     0                    -2946.255272 -6989.3028   137%     -    0s
     0     0 -6987.9928    0   49 -2946.2553 -6987.9928   137%     -    0s
     0     0 -6983.6664    0   49 -2946.2553 -6983.6664   137%     -    0s
     0     0 -6982.8101    0   49 -2946.2553 -6982.8101   137%     -    0s
     0     0 -6975.5216    0   49 -2946.2553 -6975.5216   137%     -    0s
     0     0 -6975.5216    0   49 -2946.2553 -6975.5216   137%     -    0s
H    0     0                    -4052.881165 -6975.5216  72.1%     -    0s
     0     2 -6975.5216    0   49 -4052.8812 -6975.5216  72.1%     -    0s
*   24     8               6    -4099.464659 -4528.7291  10.5%  13.2    0s

Cutting planes:
  Gomory: 4
  Cover: 27
  Implied bound: 1
  Clique: 2
  MIR: 10
  Flow cover: 4
  Zero half: 2

Explored 82 nodes (1052 simplex iterations) in 0.09 seconds
Thread count was 4 (of 4 available processors)

Solution count 7: -4099.46 -4052.88 -2946.26 ... -969.768

Optimal solution found (tolerance 1.00e-04)
Best objective -4.099464659386e+03, best bound -4.099464659386e+03, gap 0.0000%

Gurobi 7.5.2 (linux64) logging started Thu Mar 28 20:42:10 2019

Changed value of parameter LogFile to /home/aniket/python_scripts/Plasmids-Optimization/exp/2019-03-22__modified_iterative_MILP/output/sample_23/1.1.1/nplasmids_1/MILP/m.log
   Prev: gurobi.log  Default: 
Changed value of parameter TimeLimit to 2400.0
   Prev: 1e+100  Min: 0.0  Max: 1e+100  Default: 1e+100
Optimize a model with 1428 rows, 415 columns and 4050 nonzeros
Variable types: 115 continuous, 300 integer (148 binary)
Coefficient statistics:
  Matrix range     [7e-02, 1e+06]
  Objective range  [3e-03, 7e+04]
  Bounds range     [1e+00, 1e+00]
  RHS range        [7e-02, 1e+06]
Found heuristic solution: objective 30.7970833
Presolve removed 1164 rows and 284 columns
Presolve time: 0.01s
Presolved: 264 rows, 131 columns, 786 nonzeros
Variable types: 36 continuous, 95 integer (59 binary)

Root relaxation: objective -8.892233e+03, 114 iterations, 0.00 seconds

    Nodes    |    Current Node    |     Objective Bounds      |     Work
 Expl Unexpl |  Obj  Depth IntInf | Incumbent    BestBd   Gap | It/Node Time

     0     0 -8892.2330    0   39   30.79708 -8892.2330      -     -    0s
H    0     0                    -2328.405087 -8892.2330   282%     -    0s
     0     0 -7360.2783    0   46 -2328.4051 -7360.2783   216%     -    0s
     0     0 -7325.4696    0   48 -2328.4051 -7325.4696   215%     -    0s
     0     0 -7268.9698    0   50 -2328.4051 -7268.9698   212%     -    0s
     0     0 -7266.8408    0   50 -2328.4051 -7266.8408   212%     -    0s
     0     0 -7264.0407    0   48 -2328.4051 -7264.0407   212%     -    0s
     0     0 -7254.1025    0   48 -2328.4051 -7254.1025   212%     -    0s
     0     0 -7251.9944    0   48 -2328.4051 -7251.9944   211%     -    0s
     0     0 -5636.9243    0   48 -2328.4051 -5636.9243   142%     -    0s
     0     0 -5574.7803    0   52 -2328.4051 -5574.7803   139%     -    0s
     0     0 -5552.5515    0   47 -2328.4051 -5552.5515   138%     -    0s
     0     0 -5552.3788    0   47 -2328.4051 -5552.3788   138%     -    0s
     0     0 -5489.7988    0   49 -2328.4051 -5489.7988   136%     -    0s
     0     0 -5487.0644    0   54 -2328.4051 -5487.0644   136%     -    0s
     0     0 -5478.5511    0   54 -2328.4051 -5478.5511   135%     -    0s
     0     0 -5478.1453    0   54 -2328.4051 -5478.1453   135%     -    0s
     0     0 -5458.4017    0   54 -2328.4051 -5458.4017   134%     -    0s
     0     0 -5449.6361    0   54 -2328.4051 -5449.6361   134%     -    0s
     0     0 -5449.6138    0   54 -2328.4051 -5449.6138   134%     -    0s
     0     0 -5449.6138    0   54 -2328.4051 -5449.6138   134%     -    0s
H    0     0                    -2518.034461 -5449.6138   116%     -    0s
     0     2 -5449.6138    0   54 -2518.0345 -5449.6138   116%     -    0s
*    3     4               2    -3990.131152 -5082.3748  27.4%  48.0    0s

Cutting planes:
  Gomory: 6
  Cover: 22
  Implied bound: 2
  Clique: 1
  MIR: 13
  Flow cover: 30
  Zero half: 3

Explored 5 nodes (583 simplex iterations) in 0.05 seconds
Thread count was 4 (of 4 available processors)

Solution count 4: -3990.13 -2518.03 -2328.41 30.7971 

Optimal solution found (tolerance 1.00e-04)
Best objective -3.990131152358e+03, best bound -3.990131152358e+03, gap 0.0000%

Gurobi 7.5.2 (linux64) logging started Thu Mar 28 20:42:10 2019

Changed value of parameter LogFile to /home/aniket/python_scripts/Plasmids-Optimization/exp/2019-03-22__modified_iterative_MILP/output/sample_23/1.1.1/nplasmids_1/MILP/m.log
   Prev: gurobi.log  Default: 
Changed value of parameter TimeLimit to 2400.0
   Prev: 1e+100  Min: 0.0  Max: 1e+100  Default: 1e+100
Optimize a model with 1428 rows, 415 columns and 4050 nonzeros
Variable types: 115 continuous, 300 integer (148 binary)
Coefficient statistics:
  Matrix range     [7e-02, 1e+06]
  Objective range  [3e-03, 7e+04]
  Bounds range     [1e+00, 1e+00]
  RHS range        [7e-02, 1e+06]
Found heuristic solution: objective 30.7970833
Presolve removed 1164 rows and 284 columns
Presolve time: 0.00s
Presolved: 264 rows, 131 columns, 786 nonzeros
Variable types: 36 continuous, 95 integer (59 binary)

Root relaxation: objective -8.892233e+03, 112 iterations, 0.00 seconds

    Nodes    |    Current Node    |     Objective Bounds      |     Work
 Expl Unexpl |  Obj  Depth IntInf | Incumbent    BestBd   Gap | It/Node Time

     0     0 -8892.2330    0   39   30.79708 -8892.2330      -     -    0s
H    0     0                    -2328.405087 -8892.2330   282%     -    0s
     0     0 -7360.2783    0   46 -2328.4051 -7360.2783   216%     -    0s
     0     0 -7325.4696    0   48 -2328.4051 -7325.4696   215%     -    0s
     0     0 -7268.9698    0   50 -2328.4051 -7268.9698   212%     -    0s
     0     0 -7266.8408    0   50 -2328.4051 -7266.8408   212%     -    0s
     0     0 -7264.0407    0   48 -2328.4051 -7264.0407   212%     -    0s
     0     0 -7254.1025    0   48 -2328.4051 -7254.1025   212%     -    0s
     0     0 -7251.9944    0   48 -2328.4051 -7251.9944   211%     -    0s
     0     0 -5636.9243    0   48 -2328.4051 -5636.9243   142%     -    0s
     0     0 -5574.7803    0   52 -2328.4051 -5574.7803   139%     -    0s
     0     0 -5552.5515    0   47 -2328.4051 -5552.5515   138%     -    0s
     0     0 -5552.3788    0   47 -2328.4051 -5552.3788   138%     -    0s
     0     0 -5489.7988    0   49 -2328.4051 -5489.7988   136%     -    0s
     0     0 -5487.0644    0   54 -2328.4051 -5487.0644   136%     -    0s
     0     0 -5478.5511    0   54 -2328.4051 -5478.5511   135%     -    0s
     0     0 -5478.1453    0   54 -2328.4051 -5478.1453   135%     -    0s
     0     0 -5458.4017    0   54 -2328.4051 -5458.4017   134%     -    0s
     0     0 -5449.6361    0   54 -2328.4051 -5449.6361   134%     -    0s
     0     0 -5449.6138    0   54 -2328.4051 -5449.6138   134%     -    0s
     0     0 -5449.6138    0   54 -2328.4051 -5449.6138   134%     -    0s
H    0     0                    -2518.034461 -5449.6138   116%     -    0s
     0     2 -5449.6138    0   54 -2518.0345 -5449.6138   116%     -    0s
*    3     4               2    -3990.131152 -5082.3748  27.4%  47.7    0s

Cutting planes:
  Gomory: 6
  Cover: 22
  Implied bound: 2
  Clique: 1
  MIR: 13
  Flow cover: 30
  Zero half: 3

Explored 5 nodes (578 simplex iterations) in 0.05 seconds
Thread count was 4 (of 4 available processors)

Solution count 4: -3990.13 -2518.03 -2328.41 30.7971 

Optimal solution found (tolerance 1.00e-04)
Best objective -3.990131152358e+03, best bound -3.990131152358e+03, gap 0.0000%

Gurobi 7.5.2 (linux64) logging started Thu Mar 28 20:42:10 2019

Changed value of parameter LogFile to /home/aniket/python_scripts/Plasmids-Optimization/exp/2019-03-22__modified_iterative_MILP/output/sample_23/1.1.1/nplasmids_1/MILP/m.log
   Prev: gurobi.log  Default: 
Changed value of parameter TimeLimit to 2400.0
   Prev: 1e+100  Min: 0.0  Max: 1e+100  Default: 1e+100
Optimize a model with 1428 rows, 415 columns and 4050 nonzeros
Variable types: 115 continuous, 300 integer (148 binary)
Coefficient statistics:
  Matrix range     [7e-02, 1e+06]
  Objective range  [3e-03, 7e+04]
  Bounds range     [1e+00, 1e+00]
  RHS range        [7e-02, 1e+06]
Found heuristic solution: objective 30.7970833
Presolve removed 1164 rows and 284 columns
Presolve time: 0.01s
Presolved: 264 rows, 131 columns, 788 nonzeros
Variable types: 36 continuous, 95 integer (59 binary)

Root relaxation: objective -8.888924e+03, 123 iterations, 0.00 seconds

    Nodes    |    Current Node    |     Objective Bounds      |     Work
 Expl Unexpl |  Obj  Depth IntInf | Incumbent    BestBd   Gap | It/Node Time

     0     0 -8888.9243    0   39   30.79708 -8888.9243      -     -    0s
H    0     0                    -2307.827857 -8888.9243   285%     -    0s
H    0     0                    -2328.405087 -8888.9243   282%     -    0s
     0     0 -7359.6653    0   46 -2328.4051 -7359.6653   216%     -    0s
     0     0 -7325.4617    0   48 -2328.4051 -7325.4617   215%     -    0s
     0     0 -7268.9147    0   50 -2328.4051 -7268.9147   212%     -    0s
     0     0 -7266.7261    0   50 -2328.4051 -7266.7261   212%     -    0s
     0     0 -7263.8479    0   48 -2328.4051 -7263.8479   212%     -    0s
     0     0 -7253.8896    0   48 -2328.4051 -7253.8896   212%     -    0s
     0     0 -7251.7549    0   48 -2328.4051 -7251.7549   211%     -    0s
     0     0 -5637.4221    0   46 -2328.4051 -5637.4221   142%     -    0s
     0     0 -5552.0705    0   47 -2328.4051 -5552.0705   138%     -    0s
     0     0 -5549.5773    0   47 -2328.4051 -5549.5773   138%     -    0s
     0     0 -5549.2241    0   47 -2328.4051 -5549.2241   138%     -    0s
     0     0 -5482.7842    0   49 -2328.4051 -5482.7842   135%     -    0s
     0     0 -5480.9763    0   54 -2328.4051 -5480.9763   135%     -    0s
     0     0 -5480.9763    0   54 -2328.4051 -5480.9763   135%     -    0s
     0     0 -5242.9405    0   54 -2328.4051 -5242.9405   125%     -    0s
H    0     0                    -2479.790993 -5242.9405   111%     -    0s
     0     0 -5236.3403    0   54 -2479.7910 -5236.3403   111%     -    0s
     0     0 -5234.8728    0   54 -2479.7910 -5234.8728   111%     -    0s
     0     0 -5231.9506    0   56 -2479.7910 -5231.9506   111%     -    0s
H    0     0                    -2521.810454 -5231.9506   107%     -    0s
     0     0 -5231.7952    0   56 -2521.8105 -5231.7952   107%     -    0s
     0     0 -5216.4350    0   54 -2521.8105 -5216.4350   107%     -    0s
     0     2 -5216.4350    0   54 -2521.8105 -5216.4350   107%     -    0s
*   12     4               7    -3093.510525 -4002.5557  29.4%  19.0    0s

Cutting planes:
  Gomory: 2
  Cover: 19
  Clique: 1
  MIR: 14
  Flow cover: 15
  Zero half: 3

Explored 19 nodes (681 simplex iterations) in 0.06 seconds
Thread count was 4 (of 4 available processors)

Solution count 6: -3093.51 -2521.81 -2479.79 ... 30.7971

Optimal solution found (tolerance 1.00e-04)
Best objective -3.093510525396e+03, best bound -3.093510525396e+03, gap 0.0000%

Gurobi 7.5.2 (linux64) logging started Thu Mar 28 20:42:10 2019

Changed value of parameter LogFile to /home/aniket/python_scripts/Plasmids-Optimization/exp/2019-03-22__modified_iterative_MILP/output/sample_23/1.1.1/nplasmids_1/MILP/m.log
   Prev: gurobi.log  Default: 
Changed value of parameter TimeLimit to 2400.0
   Prev: 1e+100  Min: 0.0  Max: 1e+100  Default: 1e+100
Optimize a model with 1387 rows, 403 columns and 3889 nonzeros
Variable types: 112 continuous, 291 integer (143 binary)
Coefficient statistics:
  Matrix range     [7e-02, 1e+06]
  Objective range  [3e-03, 7e+04]
  Bounds range     [1e+00, 1e+00]
  RHS range        [7e-02, 1e+06]
Presolve removed 1134 rows and 280 columns
Presolve time: 0.00s
Presolved: 253 rows, 123 columns, 747 nonzeros
Variable types: 35 continuous, 88 integer (53 binary)
Found heuristic solution: objective -1179.438739

Root relaxation: objective -7.429026e+03, 118 iterations, 0.00 seconds

    Nodes    |    Current Node    |     Objective Bounds      |     Work
 Expl Unexpl |  Obj  Depth IntInf | Incumbent    BestBd   Gap | It/Node Time

     0     0 -7429.0260    0   39 -1179.4387 -7429.0260   530%     -    0s
H    0     0                    -2195.030327 -7429.0260   238%     -    0s
     0     0 -4672.1085    0   39 -2195.0303 -4672.1085   113%     -    0s
     0     0 -4669.3627    0   41 -2195.0303 -4669.3627   113%     -    0s
     0     0 -3881.7995    0   37 -2195.0303 -3881.7995  76.8%     -    0s
H    0     0                    -2452.222442 -3881.7995  58.3%     -    0s
     0     0 -3619.3982    0   33 -2452.2224 -3619.3982  47.6%     -    0s
     0     0 -3613.7388    0   37 -2452.2224 -3613.7388  47.4%     -    0s
     0     0 -3613.6664    0   37 -2452.2224 -3613.6664  47.4%     -    0s
     0     0 -3410.8681    0   37 -2452.2224 -3410.8681  39.1%     -    0s
     0     0 -3218.2236    0   41 -2452.2224 -3218.2236  31.2%     -    0s
     0     0 -3211.5845    0   42 -2452.2224 -3211.5845  31.0%     -    0s
     0     0 -3202.4412    0   42 -2452.2224 -3202.4412  30.6%     -    0s
     0     0 -3201.0478    0   42 -2452.2224 -3201.0478  30.5%     -    0s
     0     0 -3110.8975    0   44 -2452.2224 -3110.8975  26.9%     -    0s
     0     0 -3071.2098    0   37 -2452.2224 -3071.2098  25.2%     -    0s
     0     0 -3039.3591    0   42 -2452.2224 -3039.3591  23.9%     -    0s
     0     0 -3013.3891    0   42 -2452.2224 -3013.3891  22.9%     -    0s
     0     0 -3011.9270    0   42 -2452.2224 -3011.9270  22.8%     -    0s
     0     0 -3009.4252    0   43 -2452.2224 -3009.4252  22.7%     -    0s
     0     0 -3006.8304    0   43 -2452.2224 -3006.8304  22.6%     -    0s
     0     0 -3006.8304    0   43 -2452.2224 -3006.8304  22.6%     -    0s
     0     0 -3005.6419    0   43 -2452.2224 -3005.6419  22.6%     -    0s
     0     0 -3005.6419    0   43 -2452.2224 -3005.6419  22.6%     -    0s
     0     0 -3001.5772    0   43 -2452.2224 -3001.5772  22.4%     -    0s
     0     2 -3001.5772    0   43 -2452.2224 -3001.5772  22.4%     -    0s
H    9     2                    -2479.790993 -2480.9199  0.05%  16.4    0s

Cutting planes:
  Gomory: 1
  Cover: 18
  Implied bound: 1
  MIR: 11
  Flow cover: 9
  Zero half: 2

Explored 10 nodes (581 simplex iterations) in 0.06 seconds
Thread count was 4 (of 4 available processors)

Solution count 4: -2479.79 -2452.22 -2195.03 -1179.44 

Optimal solution found (tolerance 1.00e-04)
Best objective -2.479790992637e+03, best bound -2.479790992637e+03, gap 0.0000%
Optimize a model with 1388 rows, 403 columns and 3890 nonzeros
Variable types: 112 continuous, 291 integer (143 binary)
Coefficient statistics:
  Matrix range     [7e-02, 1e+06]
  Objective range  [3e-03, 7e+04]
  Bounds range     [1e+00, 1e+00]
  RHS range        [7e-02, 1e+06]

MIP start did not produce a new incumbent solution
MIP start violates constraint circular by 1.000000000

Presolve removed 1135 rows and 280 columns
Presolve time: 0.00s
Presolved: 253 rows, 123 columns, 747 nonzeros
Variable types: 35 continuous, 88 integer (54 binary)
Found heuristic solution: objective -1145.632445

Root relaxation: objective -7.384846e+03, 111 iterations, 0.00 seconds

    Nodes    |    Current Node    |     Objective Bounds      |     Work
 Expl Unexpl |  Obj  Depth IntInf | Incumbent    BestBd   Gap | It/Node Time

     0     0 -7384.8459    0   34 -1145.6324 -7384.8459   545%     -    0s
H    0     0                    -2261.994028 -7384.8459   226%     -    0s
     0     0 -4655.0792    0   35 -2261.9940 -4655.0792   106%     -    0s
     0     0 -4636.3071    0   44 -2261.9940 -4636.3071   105%     -    0s
     0     0 -4635.0833    0   44 -2261.9940 -4635.0833   105%     -    0s
     0     0 -4634.0159    0   44 -2261.9940 -4634.0159   105%     -    0s
     0     0 -4632.7832    0   44 -2261.9940 -4632.7832   105%     -    0s
     0     0 -3422.2251    0   25 -2261.9940 -3422.2251  51.3%     -    0s
     0     0 -3367.0665    0   27 -2261.9940 -3367.0665  48.9%     -    0s
     0     0 -3082.3320    0   33 -2261.9940 -3082.3320  36.3%     -    0s
     0     0 -3042.4886    0   31 -2261.9940 -3042.4886  34.5%     -    0s
     0     0 -3042.4043    0   31 -2261.9940 -3042.4043  34.5%     -    0s
     0     0 -2665.5212    0   16 -2261.9940 -2665.5212  17.8%     -    0s
     0     0 -2630.4023    0   37 -2261.9940 -2630.4023  16.3%     -    0s
     0     0 -2624.0873    0   37 -2261.9940 -2624.0873  16.0%     -    0s
     0     0 -2623.2651    0   37 -2261.9940 -2623.2651  16.0%     -    0s
     0     0 -2617.8967    0   39 -2261.9940 -2617.8967  15.7%     -    0s
     0     0 -2604.4865    0   40 -2261.9940 -2604.4865  15.1%     -    0s
H    0     0                    -2273.856256 -2604.4865  14.5%     -    0s
     0     0 -2598.7642    0   40 -2273.8563 -2598.7642  14.3%     -    0s
     0     0 -2596.8799    0   40 -2273.8563 -2596.8799  14.2%     -    0s
     0     0 -2555.1508    0   38 -2273.8563 -2555.1508  12.4%     -    0s
     0     0 -2539.1978    0   38 -2273.8563 -2539.1978  11.7%     -    0s
     0     0 -2538.1492    0   38 -2273.8563 -2538.1492  11.6%     -    0s
     0     0 -2537.0643    0   38 -2273.8563 -2537.0643  11.6%     -    0s
     0     0 -2530.9435    0   39 -2273.8563 -2530.9435  11.3%     -    0s
     0     0 -2520.0113    0   38 -2273.8563 -2520.0113  10.8%     -    0s
     0     0 -2519.3238    0   38 -2273.8563 -2519.3238  10.8%     -    0s
     0     0 -2513.5513    0   38 -2273.8563 -2513.5513  10.5%     -    0s
     0     0 -2512.4690    0   38 -2273.8563 -2512.4690  10.5%     -    0s
     0     0 -2508.7679    0   38 -2273.8563 -2508.7679  10.3%     -    0s
     0     0 -2507.8976    0   38 -2273.8563 -2507.8976  10.3%     -    0s
     0     0 -2507.5512    0   37 -2273.8563 -2507.5512  10.3%     -    0s
H    0     0                    -2309.426533 -2507.5512  8.58%     -    0s
     0     0 -2507.5512    0   38 -2309.4265 -2507.5512  8.58%     -    0s
     0     0 -2507.5512    0   35 -2309.4265 -2507.5512  8.58%     -    0s
     0     0 -2507.5512    0   29 -2309.4265 -2507.5512  8.58%     -    0s
     0     0 -2507.5512    0   28 -2309.4265 -2507.5512  8.58%     -    0s
     0     0 -2457.1456    0   25 -2309.4265 -2457.1456  6.40%     -    0s
     0     0 -2447.3029    0   24 -2309.4265 -2447.3029  5.97%     -    0s
     0     0 -2411.3008    0   25 -2309.4265 -2411.3008  4.41%     -    0s
     0     0 -2396.4361    0   25 -2309.4265 -2396.4361  3.77%     -    0s
     0     0 -2395.8764    0   25 -2309.4265 -2395.8764  3.74%     -    0s
     0     0 -2395.3301    0   25 -2309.4265 -2395.3301  3.72%     -    0s
     0     0 -2395.1957    0   25 -2309.4265 -2395.1957  3.71%     -    0s
     0     0 -2395.1957    0   25 -2309.4265 -2395.1957  3.71%     -    0s
     0     0 -2375.9134    0   29 -2309.4265 -2375.9134  2.88%     -    0s
     0     0 -2360.9613    0   29 -2309.4265 -2360.9613  2.23%     -    0s
     0     0 -2358.8048    0   29 -2309.4265 -2358.8048  2.14%     -    0s
     0     0 -2356.3596    0   29 -2309.4265 -2356.3596  2.03%     -    0s
     0     0 -2356.3024    0   28 -2309.4265 -2356.3024  2.03%     -    0s
     0     0 -2356.0267    0   29 -2309.4265 -2356.0267  2.02%     -    0s
     0     0 -2355.3381    0   29 -2309.4265 -2355.3381  1.99%     -    0s
     0     0 -2355.2124    0   29 -2309.4265 -2355.2124  1.98%     -    0s
     0     0 -2354.7282    0   29 -2309.4265 -2354.7282  1.96%     -    0s
     0     0 -2354.7259    0   29 -2309.4265 -2354.7259  1.96%     -    0s
     0     0 -2354.2280    0   29 -2309.4265 -2354.2280  1.94%     -    0s
     0     0 -2354.1700    0   29 -2309.4265 -2354.1700  1.94%     -    0s
     0     0 -2353.7803    0   29 -2309.4265 -2353.7803  1.92%     -    0s
     0     0     cutoff    0      -2309.4265 -2309.4265  0.00%     -    0s

Cutting planes:
  Gomory: 2
  MIR: 5
  Flow cover: 8

Explored 1 nodes (693 simplex iterations) in 0.11 seconds
Thread count was 4 (of 4 available processors)

Solution count 4: -2309.43 -2273.86 -2261.99 -1145.63 

Optimal solution found (tolerance 1.00e-04)
Best objective -2.309426533134e+03, best bound -2.309426533134e+03, gap 0.0000%

Gurobi 7.5.2 (linux64) logging started Thu Mar 28 20:42:11 2019

Changed value of parameter LogFile to /home/aniket/python_scripts/Plasmids-Optimization/exp/2019-03-22__modified_iterative_MILP/output/sample_23/1.1.1/nplasmids_1/MILP/m.log
   Prev: gurobi.log  Default: 
Changed value of parameter TimeLimit to 2400.0
   Prev: 1e+100  Min: 0.0  Max: 1e+100  Default: 1e+100
Optimize a model with 1346 rows, 391 columns and 3730 nonzeros
Variable types: 109 continuous, 282 integer (138 binary)
Coefficient statistics:
  Matrix range     [7e-02, 1e+06]
  Objective range  [3e-03, 7e+04]
  Bounds range     [1e+00, 1e+00]
  RHS range        [7e-02, 1e+06]
Presolve removed 1105 rows and 274 columns
Presolve time: 0.00s
Presolved: 241 rows, 117 columns, 709 nonzeros
Variable types: 34 continuous, 83 integer (49 binary)
Found heuristic solution: objective -1149.206560

Root relaxation: objective -2.519732e+03, 113 iterations, 0.00 seconds

    Nodes    |    Current Node    |     Objective Bounds      |     Work
 Expl Unexpl |  Obj  Depth IntInf | Incumbent    BestBd   Gap | It/Node Time

     0     0 -2519.7319    0   31 -1149.2066 -2519.7319   119%     -    0s
H    0     0                    -1791.628444 -2519.7319  40.6%     -    0s
     0     0 -2084.4626    0   34 -1791.6284 -2084.4626  16.3%     -    0s
H    0     0                    -1808.999736 -2084.4626  15.2%     -    0s
     0     0 -2082.7114    0   34 -1808.9997 -2082.7114  15.1%     -    0s
     0     0 -2002.5045    0   34 -1808.9997 -2002.5045  10.7%     -    0s
     0     0 -1971.2842    0    6 -1808.9997 -1971.2842  8.97%     -    0s
     0     0 -1965.2676    0    4 -1808.9997 -1965.2676  8.64%     -    0s
     0     0 -1957.2914    0    4 -1808.9997 -1957.2914  8.20%     -    0s
     0     0 -1945.4375    0    4 -1808.9997 -1945.4375  7.54%     -    0s
     0     0 -1914.0743    0    2 -1808.9997 -1914.0743  5.81%     -    0s
     0     0 -1886.4171    0    7 -1808.9997 -1886.4171  4.28%     -    0s
H    0     0                    -1827.616242 -1886.4171  3.22%     -    0s
     0     0 -1879.9631    0    2 -1827.6162 -1879.9631  2.86%     -    0s
*    0     0               0    -1879.217741 -1879.2177  0.00%     -    0s

Cutting planes:
  Gomory: 2
  Cover: 12
  Implied bound: 5
  MIR: 2
  Flow cover: 8

Explored 1 nodes (265 simplex iterations) in 0.02 seconds
Thread count was 4 (of 4 available processors)

Solution count 5: -1879.22 -1827.62 -1809 ... -1149.21

Optimal solution found (tolerance 1.00e-04)
Best objective -1.879217741386e+03, best bound -1.879217741386e+03, gap 0.0000%
Optimize a model with 1347 rows, 391 columns and 3731 nonzeros
Variable types: 109 continuous, 282 integer (138 binary)
Coefficient statistics:
  Matrix range     [7e-02, 1e+06]
  Objective range  [3e-03, 7e+04]
  Bounds range     [1e+00, 1e+00]
  RHS range        [7e-02, 1e+06]

MIP start did not produce a new incumbent solution
MIP start violates constraint circular by 1.000000000

Presolve removed 1106 rows and 274 columns
Presolve time: 0.00s
Presolved: 241 rows, 117 columns, 709 nonzeros
Variable types: 34 continuous, 83 integer (50 binary)
Found heuristic solution: objective -973.6304121

Root relaxation: objective -2.432910e+03, 98 iterations, 0.00 seconds

    Nodes    |    Current Node    |     Objective Bounds      |     Work
 Expl Unexpl |  Obj  Depth IntInf | Incumbent    BestBd   Gap | It/Node Time

     0     0 -2432.9098    0   27 -973.63041 -2432.9098   150%     -    0s
     0     0 -2045.0656    0   33 -973.63041 -2045.0656   110%     -    0s
H    0     0                    -1584.227198 -2045.0656  29.1%     -    0s
     0     0 -2041.4031    0   27 -1584.2272 -2041.4031  28.9%     -    0s
     0     0 -1933.7203    0   27 -1584.2272 -1933.7203  22.1%     -    0s
     0     0 -1919.2592    0   24 -1584.2272 -1919.2592  21.1%     -    0s
     0     0 -1913.9633    0   24 -1584.2272 -1913.9633  20.8%     -    0s
     0     0 -1913.9633    0   24 -1584.2272 -1913.9633  20.8%     -    0s
     0     0 -1800.2277    0   31 -1584.2272 -1800.2277  13.6%     -    0s
     0     0 -1752.1447    0   37 -1584.2272 -1752.1447  10.6%     -    0s
     0     0 -1712.4371    0   13 -1584.2272 -1712.4371  8.09%     -    0s
*    0     0               0    -1670.771547 -1670.7715  0.00%     -    0s

Cutting planes:
  Gomory: 2
  Cover: 12
  Implied bound: 3
  MIR: 1
  Flow cover: 11
  Zero half: 1

Explored 1 nodes (263 simplex iterations) in 0.02 seconds
Thread count was 4 (of 4 available processors)

Solution count 3: -1670.77 -1584.23 -973.63 

Optimal solution found (tolerance 1.00e-04)
Best objective -1.670771546933e+03, best bound -1.670771546933e+03, gap 0.0000%

Gurobi 7.5.2 (linux64) logging started Thu Mar 28 20:42:11 2019

Changed value of parameter LogFile to /home/aniket/python_scripts/Plasmids-Optimization/exp/2019-03-22__modified_iterative_MILP/output/sample_23/1.1.1/nplasmids_1/MILP/m.log
   Prev: gurobi.log  Default: 
Changed value of parameter TimeLimit to 2400.0
   Prev: 1e+100  Min: 0.0  Max: 1e+100  Default: 1e+100
Optimize a model with 1264 rows, 367 columns and 3420 nonzeros
Variable types: 103 continuous, 264 integer (128 binary)
Coefficient statistics:
  Matrix range     [7e-02, 1e+06]
  Objective range  [3e-03, 3e+04]
  Bounds range     [1e+00, 1e+00]
  RHS range        [7e-02, 1e+06]
Presolve removed 1061 rows and 266 columns
Presolve time: 0.00s
Presolved: 203 rows, 101 columns, 590 nonzeros
Variable types: 30 continuous, 71 integer (41 binary)
Found heuristic solution: objective -374.3274790

Root relaxation: objective -1.514261e+03, 71 iterations, 0.00 seconds

    Nodes    |    Current Node    |     Objective Bounds      |     Work
 Expl Unexpl |  Obj  Depth IntInf | Incumbent    BestBd   Gap | It/Node Time

     0     0 -1514.2608    0   25 -374.32748 -1514.2608   305%     -    0s
     0     0 -1220.1321    0    6 -374.32748 -1220.1321   226%     -    0s
H    0     0                    -1080.867449 -1220.1321  12.9%     -    0s
H    0     0                    -1162.543196 -1220.1321  4.95%     -    0s
     0     0 -1204.6971    0   10 -1162.5432 -1204.6971  3.63%     -    0s
H    0     0                    -1189.007978 -1204.6971  1.32%     -    0s
     0     0     cutoff    0      -1189.0080 -1189.0080  0.00%     -    0s

Cutting planes:
  Gomory: 2
  Cover: 12
  Implied bound: 7
  MIR: 1
  Flow cover: 4

Explored 1 nodes (117 simplex iterations) in 0.02 seconds
Thread count was 4 (of 4 available processors)

Solution count 4: -1189.01 -1162.54 -1080.87 -374.327 

Optimal solution found (tolerance 1.00e-04)
Best objective -1.189007978147e+03, best bound -1.189007978147e+03, gap 0.0000%
Optimize a model with 1265 rows, 367 columns and 3421 nonzeros
Variable types: 103 continuous, 264 integer (128 binary)
Coefficient statistics:
  Matrix range     [7e-02, 1e+06]
  Objective range  [3e-03, 3e+04]
  Bounds range     [1e+00, 1e+00]
  RHS range        [7e-02, 1e+06]

MIP start did not produce a new incumbent solution
MIP start violates constraint circular by 1.000000000

Presolve removed 1062 rows and 266 columns
Presolve time: 0.00s
Presolved: 203 rows, 101 columns, 590 nonzeros
Variable types: 30 continuous, 71 integer (42 binary)
Found heuristic solution: objective -400.0419061

Root relaxation: objective -1.481908e+03, 78 iterations, 0.00 seconds

    Nodes    |    Current Node    |     Objective Bounds      |     Work
 Expl Unexpl |  Obj  Depth IntInf | Incumbent    BestBd   Gap | It/Node Time

     0     0 -1481.9081    0   23 -400.04191 -1481.9081   270%     -    0s
H    0     0                    -756.6964840 -1481.9081  95.8%     -    0s
     0     0 -1170.5810    0   14 -756.69648 -1170.5810  54.7%     -    0s
H    0     0                    -1049.724784 -1170.5810  11.5%     -    0s
H    0     0                    -1053.998602 -1170.5810  11.1%     -    0s
     0     0 -1144.3733    0    9 -1053.9986 -1144.3733  8.57%     -    0s
     0     0 -1086.3394    0   10 -1053.9986 -1086.3394  3.07%     -    0s
H    0     0                    -1073.019517 -1086.3394  1.24%     -    0s
*    0     0               0    -1077.293334 -1077.2933  0.00%     -    0s

Cutting planes:
  Gomory: 1
  Cover: 11
  Implied bound: 5
  StrongCG: 1
  Flow cover: 6
  Zero half: 1

Explored 1 nodes (136 simplex iterations) in 0.02 seconds
Thread count was 4 (of 4 available processors)

Solution count 6: -1077.29 -1073.02 -1054 ... -400.042

Optimal solution found (tolerance 1.00e-04)
Best objective -1.077293334356e+03, best bound -1.077293334356e+03, gap 0.0000%

Gurobi 7.5.2 (linux64) logging started Thu Mar 28 20:42:11 2019

Changed value of parameter LogFile to /home/aniket/python_scripts/Plasmids-Optimization/exp/2019-03-22__modified_iterative_MILP/output/sample_23/1.1.1/nplasmids_1/MILP/m.log
   Prev: gurobi.log  Default: 
Changed value of parameter TimeLimit to 2400.0
   Prev: 1e+100  Min: 0.0  Max: 1e+100  Default: 1e+100
Optimize a model with 1185 rows, 344 columns and 3132 nonzeros
Variable types: 97 continuous, 247 integer (119 binary)
Coefficient statistics:
  Matrix range     [6e-02, 1e+06]
  Objective range  [3e-03, 3e+04]
  Bounds range     [1e+00, 1e+00]
  RHS range        [6e-02, 1e+06]
Presolve removed 1006 rows and 255 columns
Presolve time: 0.00s
Presolved: 179 rows, 89 columns, 516 nonzeros
Variable types: 27 continuous, 62 integer (35 binary)
Found heuristic solution: objective -311.4206235

Root relaxation: objective -1.084657e+03, 59 iterations, 0.00 seconds

    Nodes    |    Current Node    |     Objective Bounds      |     Work
 Expl Unexpl |  Obj  Depth IntInf | Incumbent    BestBd   Gap | It/Node Time

     0     0 -1084.6567    0   15 -311.42062 -1084.6567   248%     -    0s
H    0     0                    -397.5063297 -1084.6567   173%     -    0s
H    0     0                    -712.5387089 -1084.6567  52.2%     -    0s
     0     0 -773.17982    0   10 -712.53871 -773.17982  8.51%     -    0s
H    0     0                    -754.0485430 -773.17982  2.54%     -    0s
*    0     0               0    -756.4834710 -756.48347  0.00%     -    0s

Cutting planes:
  Gomory: 1
  Cover: 7
  Implied bound: 8
  MIR: 1
  Flow cover: 2
  Zero half: 1

Explored 1 nodes (93 simplex iterations) in 0.01 seconds
Thread count was 4 (of 4 available processors)

Solution count 5: -756.483 -754.049 -712.539 ... -311.421

Optimal solution found (tolerance 1.00e-04)
Best objective -7.564834710224e+02, best bound -7.564834710224e+02, gap 0.0000%
Optimize a model with 1186 rows, 344 columns and 3133 nonzeros
Variable types: 97 continuous, 247 integer (119 binary)
Coefficient statistics:
  Matrix range     [6e-02, 1e+06]
  Objective range  [3e-03, 3e+04]
  Bounds range     [1e+00, 1e+00]
  RHS range        [6e-02, 1e+06]

MIP start did not produce a new incumbent solution
MIP start violates constraint circular by 1.000000000

Presolve removed 1007 rows and 255 columns
Presolve time: 0.00s
Presolved: 179 rows, 89 columns, 516 nonzeros
Variable types: 27 continuous, 62 integer (36 binary)
Found heuristic solution: objective -400.0419061

Root relaxation: objective -1.068491e+03, 41 iterations, 0.00 seconds

    Nodes    |    Current Node    |     Objective Bounds      |     Work
 Expl Unexpl |  Obj  Depth IntInf | Incumbent    BestBd   Gap | It/Node Time

     0     0 -1068.4911    0   15 -400.04191 -1068.4911   167%     -    0s
H    0     0                    -466.9071275 -1068.4911   129%     -    0s
     0     0 -746.32936    0   11 -466.90713 -746.32936  59.8%     -    0s
H    0     0                    -679.9814798 -746.32936  9.76%     -    0s
     0     0 -739.77877    0   14 -679.98148 -739.77877  8.79%     -    0s
     0     0 -719.15262    0    7 -679.98148 -719.15262  5.76%     -    0s
H    0     0                    -703.2762125 -719.15262  2.26%     -    0s
H    0     0                    -705.7111405 -719.15262  1.90%     -    0s

Cutting planes:
  Gomory: 4
  Cover: 10
  Implied bound: 1
  MIR: 1
  Flow cover: 9

Explored 1 nodes (79 simplex iterations) in 0.01 seconds
Thread count was 4 (of 4 available processors)

Solution count 5: -705.711 -703.276 -679.981 ... -400.042

Optimal solution found (tolerance 1.00e-04)
Best objective -7.057111405136e+02, best bound -7.057111405136e+02, gap 0.0000%

Gurobi 7.5.2 (linux64) logging started Thu Mar 28 20:42:11 2019

Changed value of parameter LogFile to /home/aniket/python_scripts/Plasmids-Optimization/exp/2019-03-22__modified_iterative_MILP/output/sample_23/1.1.1/nplasmids_1/MILP/m.log
   Prev: gurobi.log  Default: 
Changed value of parameter TimeLimit to 2400.0
   Prev: 1e+100  Min: 0.0  Max: 1e+100  Default: 1e+100
Optimize a model with 1144 rows, 332 columns and 2984 nonzeros
Variable types: 94 continuous, 238 integer (114 binary)
Coefficient statistics:
  Matrix range     [7e-02, 1e+06]
  Objective range  [3e-03, 6e+03]
  Bounds range     [1e+00, 1e+00]
  RHS range        [7e-02, 1e+06]
Presolve removed 977 rows and 250 columns
Presolve time: 0.00s
Presolved: 167 rows, 82 columns, 477 nonzeros
Variable types: 26 continuous, 56 integer (30 binary)
Found heuristic solution: objective -224.2742709

Root relaxation: objective -5.101152e+02, 54 iterations, 0.00 seconds

    Nodes    |    Current Node    |     Objective Bounds      |     Work
 Expl Unexpl |  Obj  Depth IntInf | Incumbent    BestBd   Gap | It/Node Time

     0     0 -510.11519    0   14 -224.27427 -510.11519   127%     -    0s
H    0     0                    -402.3315746 -510.11519  26.8%     -    0s
     0     0 -430.09992    0    8 -402.33157 -430.09992  6.90%     -    0s
     0     0 -408.92032    0    2 -402.33157 -408.92032  1.64%     -    0s
*    0     0               0    -408.5874510 -408.58745  0.00%     -    0s
     0     0          -    0      -408.58745 -408.58745  0.00%     -    0s

Cutting planes:
  Gomory: 2
  Cover: 4
  Implied bound: 3
  StrongCG: 1

Explored 1 nodes (77 simplex iterations) in 0.01 seconds
Thread count was 4 (of 4 available processors)

Solution count 3: -408.587 -402.332 -224.274 

Optimal solution found (tolerance 1.00e-04)
Best objective -4.085874510384e+02, best bound -4.085874510384e+02, gap 0.0000%
Optimize a model with 1145 rows, 332 columns and 2985 nonzeros
Variable types: 94 continuous, 238 integer (114 binary)
Coefficient statistics:
  Matrix range     [7e-02, 1e+06]
  Objective range  [3e-03, 6e+03]
  Bounds range     [1e+00, 1e+00]
  RHS range        [7e-02, 1e+06]

MIP start did not produce a new incumbent solution
MIP start violates constraint circular by 1.000000000

Presolve removed 978 rows and 250 columns
Presolve time: 0.00s
Presolved: 167 rows, 82 columns, 477 nonzeros
Variable types: 26 continuous, 56 integer (31 binary)
Found heuristic solution: objective -347.1970276

Root relaxation: objective -4.937360e+02, 47 iterations, 0.00 seconds

    Nodes    |    Current Node    |     Objective Bounds      |     Work
 Expl Unexpl |  Obj  Depth IntInf | Incumbent    BestBd   Gap | It/Node Time

     0     0 -493.73603    0   14 -347.19703 -493.73603  42.2%     -    0s
H    0     0                    -373.1875605 -493.73603  32.3%     -    0s
     0     0 -394.19841    0    2 -373.18756 -394.19841  5.63%     -    0s
*    0     0               0    -393.0690782 -393.06908  0.00%     -    0s

Explored 1 nodes (95 simplex iterations) in 0.01 seconds
Thread count was 4 (of 4 available processors)

Solution count 3: -393.069 -373.188 -347.197 

Optimal solution found (tolerance 1.00e-04)
Best objective -3.930690781729e+02, best bound -3.930690781729e+02, gap 0.0000%

Gurobi 7.5.2 (linux64) logging started Thu Mar 28 20:42:11 2019

Changed value of parameter LogFile to /home/aniket/python_scripts/Plasmids-Optimization/exp/2019-03-22__modified_iterative_MILP/output/sample_23/1.1.1/nplasmids_1/MILP/m.log
   Prev: gurobi.log  Default: 
Changed value of parameter TimeLimit to 2400.0
   Prev: 1e+100  Min: 0.0  Max: 1e+100  Default: 1e+100
Optimize a model with 1104 rows, 321 columns and 2842 nonzeros
Variable types: 91 continuous, 230 integer (110 binary)
Coefficient statistics:
  Matrix range     [7e-02, 1e+06]
  Objective range  [3e-03, 6e+03]
  Bounds range     [1e+00, 1e+00]
  RHS range        [7e-02, 1e+06]
Presolve removed 954 rows and 249 columns
Presolve time: 0.00s
Presolved: 150 rows, 72 columns, 424 nonzeros
Variable types: 23 continuous, 49 integer (26 binary)
Found heuristic solution: objective -75.5436269

Root relaxation: objective -2.300610e+02, 19 iterations, 0.00 seconds

    Nodes    |    Current Node    |     Objective Bounds      |     Work
 Expl Unexpl |  Obj  Depth IntInf | Incumbent    BestBd   Gap | It/Node Time

*    0     0               0    -230.0610278 -230.06103  0.00%     -    0s

Explored 0 nodes (19 simplex iterations) in 0.00 seconds
Thread count was 4 (of 4 available processors)

Solution count 2: -230.061 -75.5436 

Optimal solution found (tolerance 1.00e-04)
Best objective -2.300610277825e+02, best bound -2.300610277825e+02, gap 0.0000%
Optimize a model with 1105 rows, 321 columns and 2843 nonzeros
Variable types: 91 continuous, 230 integer (110 binary)
Coefficient statistics:
  Matrix range     [7e-02, 1e+06]
  Objective range  [3e-03, 6e+03]
  Bounds range     [1e+00, 1e+00]
  RHS range        [7e-02, 1e+06]

MIP start did not produce a new incumbent solution
MIP start violates constraint circular by 1.000000000

Presolve removed 955 rows and 249 columns
Presolve time: 0.00s
Presolved: 150 rows, 72 columns, 424 nonzeros
Variable types: 23 continuous, 49 integer (27 binary)
Found heuristic solution: objective -60.0252540

Root relaxation: objective -2.300610e+02, 19 iterations, 0.00 seconds

    Nodes    |    Current Node    |     Objective Bounds      |     Work
 Expl Unexpl |  Obj  Depth IntInf | Incumbent    BestBd   Gap | It/Node Time

*    0     0               0    -230.0610278 -230.06103  0.00%     -    0s

Explored 0 nodes (19 simplex iterations) in 0.00 seconds
Thread count was 4 (of 4 available processors)

Solution count 2: -230.061 -60.0253 

Optimal solution found (tolerance 1.00e-04)
Best objective -2.300610277825e+02, best bound -2.300610277825e+02, gap 0.0000%

Gurobi 7.5.2 (linux64) logging started Thu Mar 28 20:42:11 2019

Changed value of parameter LogFile to /home/aniket/python_scripts/Plasmids-Optimization/exp/2019-03-22__modified_iterative_MILP/output/sample_23/1.1.1/nplasmids_1/MILP/m.log
   Prev: gurobi.log  Default: 
Changed value of parameter TimeLimit to 2400.0
   Prev: 1e+100  Min: 0.0  Max: 1e+100  Default: 1e+100
Optimize a model with 1066 rows, 310 columns and 2708 nonzeros
Variable types: 88 continuous, 222 integer (106 binary)
Coefficient statistics:
  Matrix range     [7e-02, 1e+06]
  Objective range  [3e-03, 6e+03]
  Bounds range     [1e+00, 1e+00]
  RHS range        [7e-02, 1e+06]
Presolve removed 454 rows and 0 columns
Presolve time: 0.00s

Explored 0 nodes (0 simplex iterations) in 0.00 seconds
Thread count was 1 (of 4 available processors)

Solution count 0

Model is infeasible or unbounded
Best objective -, best bound -, gap -
Presolve removed 454 rows and 0 columns
Presolve time: 0.00s

Explored 0 nodes (0 simplex iterations) in 0.00 seconds
Thread count was 1 (of 4 available processors)

Solution count 0

Model is infeasible
Best objective -, best bound -, gap -

Computing Irreducible Inconsistent Subsystem (IIS)...

      Constraints           Bounds       Runtime
     Min       Max       Min      Max
------------------------------------------------
        0      874         0      204         0s
       33       33         0        0         0s

IIS computed: 33 constraints, 0 bounds
IIS runtime: 0.32 seconds
Warning: linear constraint 0 and linear constraint 1 have the same name "extr_ubd"
