Iteration 1
1	deque([(('238_1', 't'), ('176_0', 't')), (('176_0', 'h'), ('154_2', 'h')), (('297_5', 'h'), ('154_2', 't')), (('213_6', 'h'), ('297_5', 't')), (('226_2', 'h'), ('213_6', 't')), (('266_0', 't'), ('226_2', 't')), (('266_0', 'h'), ('200_2', 't')), (('200_2', 'h'), ('159_8', 't')), (('169_9', 'h'), ('159_8', 'h')), (('136_0', 'h'), ('169_9', 't')), (('227_35', 't'), ('136_0', 't')), (('227_35', 'h'), ('236_9', 't')), (('236_9', 'h'), ('262_2', 't')), (('287_1', 'h'), ('262_2', 'h')), (('187_1', 'h'), ('287_1', 't')), (('145_7', 'h'), ('187_1', 't')), (('145_7', 't'), ('139_0', 't')), (('139_0', 'h'), ('211_4', 't')), (('238_1', 'h'), ('211_4', 'h'))])
1	deque([(('155_14', 'h'), ('145_25', 'h')), (('155_14', 't'), ('145_25', 't'))])
1	deque([(('207_6', 't'), ('205_7', 't')), (('207_6', 'h'), ('317_5', 't')), (('317_5', 'h'), ('171_6', 't')), (('171_6', 'h'), ('120_2', 't')), (('120_2', 'h'), ('191_8', 't')), (('191_8', 'h'), ('163_0', 'h')), (('205_7', 'h'), ('163_0', 't'))])
1	deque([(('256_0', 'h'), ('196_53', 't')), (('314_0', 'h'), ('196_53', 'h')), (('314_0', 't'), ('196_39', 't')), (('196_39', 'h'), ('197_0', 't')), (('197_0', 'h'), ('319_14', 't')), (('319_14', 'h'), ('196_19', 't')), (('196_19', 'h'), ('256_0', 't'))])
1	deque([(('306_2', 'h'), ('196_54', 't')), (('196_54', 'h'), ('153_0', 'h')), (('306_2', 't'), ('153_0', 't'))])
1	deque([(('108_1', 'h'), ('224_3', 't')), (('224_3', 'h'), ('108_1', 't'))])
1	deque([(('175_1', 'h'), ('175_1', 't'))])

Chosen seed at iteration 1: 1
Chosen chr at iteration 1



Chosen seed at iteration 2: 2
Chosen chr at iteration 2



Chosen seed at iteration 3: 3
Chosen chr at iteration 3



Chosen seed at iteration 4: 4
Chosen chr at iteration 4



Chosen seed at iteration 5: 5
Chosen chr at iteration 5



Chosen seed at iteration 6: 6
Chosen chr at iteration 6



Chosen seed at iteration 7: 7
Chosen chr at iteration 7


Iteration 1
1	deque([(('218_14', 't'), ('159_23', 't')), (('159_23', 'h'), ('118_2', 'h')), (('169_13', 'h'), ('118_2', 't')), (('169_13', 't'), ('149_2', 't')), (('149_2', 'h'), ('257_8', 't')), (('292_19', 'h'), ('257_8', 'h')), (('203_5', 'h'), ('292_19', 't')), (('156_2', 'h'), ('203_5', 't')), (('185_2', 'h'), ('156_2', 't')), (('315_10', 'h'), ('185_2', 't')), (('258_12', 'h'), ('315_10', 't')), (('258_12', 't'), ('218_17', 't')), (('218_17', 'h'), ('240_3', 't')), (('240_3', 'h'), ('191_11', 't')), (('271_5', 'h'), ('191_11', 'h')), (('271_5', 't'), ('220_2', 't')), (('220_2', 'h'), ('205_9', 'h')), (('207_1', 't'), ('205_9', 't')), (('207_1', 'h'), ('317_10', 't')), (('317_10', 'h'), ('171_0', 't')), (('171_0', 'h'), ('140_6', 't')), (('140_6', 'h'), ('160_12', 't')), (('160_12', 'h'), ('104_0', 'h')), (('210_4', 't'), ('104_0', 't')), (('230_0', 'h'), ('210_4', 'h')), (('264_4', 'h'), ('230_0', 't')), (('93_1', 'h'), ('264_4', 't')), (('211_3', 't'), ('93_1', 't')), (('211_3', 'h'), ('144_0', 't')), (('145_18', 'h'), ('144_0', 'h')), (('155_15', 't'), ('145_18', 't')), (('155_15', 'h'), ('145_8', 'h')), (('145_8', 't'), ('139_2', 't')), (('139_2', 'h'), ('211_0', 't')), (('238_0', 'h'), ('211_0', 'h')), (('238_0', 't'), ('176_1', 't')), (('176_1', 'h'), ('154_1', 'h')), (('297_4', 'h'), ('154_1', 't')), (('213_11', 'h'), ('297_4', 't')), (('226_1', 'h'), ('213_11', 't')), (('266_1', 't'), ('226_1', 't')), (('266_1', 'h'), ('200_3', 't')), (('200_3', 'h'), ('159_24', 't')), (('169_2', 'h'), ('159_24', 'h')), (('136_1', 'h'), ('169_2', 't')), (('227_34', 't'), ('136_1', 't')), (('227_34', 'h'), ('236_14', 't')), (('236_14', 'h'), ('262_25', 't')), (('287_2', 'h'), ('262_25', 'h')), (('187_2', 'h'), ('287_2', 't')), (('145_20', 'h'), ('187_2', 't')), (('318_0', 'h'), ('145_20', 't')), (('318_0', 't'), ('178_1', 't')), (('262_38', 'h'), ('178_1', 'h')), (('237_3', 'h'), ('262_38', 't')), (('227_19', 'h'), ('237_3', 't')), (('285_0', 't'), ('227_19', 't')), (('285_0', 'h'), ('250_4', 'h')), (('250_4', 't'), ('198_1', 't')), (('198_1', 'h'), ('214_3', 't')), (('214_3', 'h'), ('242_1', 't')), (('242_1', 'h'), ('160_8', 'h')), (('183_5', 't'), ('160_8', 't')), (('183_5', 'h'), ('177_0', 't')), (('298_5', 'h'), ('177_0', 'h')), (('303_1', 't'), ('298_5', 't')), (('303_1', 'h'), ('293_2', 't')), (('293_2', 'h'), ('225_11', 't')), (('225_11', 'h'), ('218_14', 'h'))])
1	deque([(('197_1', 'h'), ('319_3', 't')), (('196_31', 'h'), ('197_1', 't')), (('256_1', 'h'), ('196_31', 't')), (('196_58', 'h'), ('256_1', 't')), (('319_3', 'h'), ('196_58', 't'))])
1	deque([(('175_20', 'h'), ('175_20', 't'))])
1	deque([(('196_46', 'h'), ('153_1', 'h')), (('306_1', 't'), ('153_1', 't')), (('306_1', 'h'), ('196_18', 't')), (('314_1', 'h'), ('196_18', 'h')), (('314_1', 't'), ('196_46', 't'))])
1	deque([(('108_2', 'h'), ('224_1', 't')), (('224_1', 'h'), ('108_2', 't'))])
1	deque([(('205_4', 't'), ('171_7', 't')), (('205_4', 'h'), ('163_1', 't')), (('191_2', 'h'), ('163_1', 'h')), (('120_0', 'h'), ('191_2', 't')), (('171_7', 'h'), ('120_0', 't'))])

Chosen seed at iteration 1: 1
Chosen chr at iteration 1



Chosen seed at iteration 2: 2
Chosen chr at iteration 2



Chosen seed at iteration 3: 3
Chosen chr at iteration 3



Chosen seed at iteration 4: 4
Chosen chr at iteration 4



Chosen seed at iteration 5: 5
Chosen chr at iteration 5



Chosen seed at iteration 6: 6
Chosen chr at iteration 6


Iteration 1
1	deque([(('314_3', 't'), ('196_21', 't')), (('314_3', 'h'), ('196_21', 'h'))])
1	deque([(('205_3', 'h'), ('163_2', 't')), (('207_3', 't'), ('205_3', 't')), (('207_3', 'h'), ('317_0', 't')), (('317_0', 'h'), ('171_11', 't')), (('171_11', 'h'), ('120_1', 't')), (('120_1', 'h'), ('191_1', 't')), (('271_6', 'h'), ('191_1', 'h')), (('271_6', 't'), ('220_0', 't')), (('220_0', 'h'), ('205_6', 'h')), (('205_6', 't'), ('171_1', 't')), (('171_1', 'h'), ('140_4', 't')), (('140_4', 'h'), ('160_3', 't')), (('242_2', 'h'), ('160_3', 'h')), (('214_1', 'h'), ('242_2', 't')), (('250_3', 't'), ('214_1', 't')), (('250_3', 'h'), ('190_0', 't')), (('190_0', 'h'), ('203_12', 't')), (('203_12', 'h'), ('292_16', 't')), (('292_16', 'h'), ('257_6', 'h')), (('149_0', 'h'), ('257_6', 't')), (('169_22', 't'), ('149_0', 't')), (('169_22', 'h'), ('159_22', 'h')), (('218_10', 't'), ('159_22', 't')), (('218_10', 'h'), ('240_1', 't')), (('240_1', 'h'), ('191_3', 't')), (('191_3', 'h'), ('163_2', 'h'))])
1	deque([(('319_15', 'h'), ('196_56', 't')), (('319_15', 't'), ('110_0', 't')), (('196_56', 'h'), ('110_0', 'h'))])
1	deque([(('155_11', 'h'), ('145_27', 'h')), (('155_11', 't'), ('145_27', 't'))])
1	deque([(('175_4', 'h'), ('175_4', 't'))])
1	deque([(('99_2', 'h'), ('203_0', 't')), (('203_0', 'h'), ('99_2', 't'))])

Chosen seed at iteration 1: 1
Chosen chr at iteration 1



Chosen seed at iteration 2: 2
Chosen chr at iteration 2



Chosen seed at iteration 3: 3
Chosen chr at iteration 3



Chosen seed at iteration 4: 4
Chosen chr at iteration 4



Chosen seed at iteration 5: 5
Chosen chr at iteration 5



Chosen seed at iteration 6: 6
Chosen chr at iteration 6


Iteration 1
1	deque([(('258_11', 't'), ('218_15', 't')), (('218_15', 'h'), ('240_0', 't')), (('240_0', 'h'), ('191_5', 't')), (('271_3', 'h'), ('191_5', 'h')), (('271_3', 't'), ('220_5', 't')), (('220_5', 'h'), ('205_0', 'h')), (('207_0', 't'), ('205_0', 't')), (('207_0', 'h'), ('317_9', 't')), (('317_9', 'h'), ('171_10', 't')), (('171_10', 'h'), ('140_2', 't')), (('140_2', 'h'), ('160_13', 't')), (('242_3', 'h'), ('160_13', 'h')), (('214_2', 'h'), ('242_3', 't')), (('250_0', 't'), ('214_2', 't')), (('250_0', 'h'), ('190_1', 't')), (('190_1', 'h'), ('203_15', 't')), (('203_15', 'h'), ('292_10', 't')), (('292_10', 'h'), ('257_10', 'h')), (('257_10', 't'), ('123_1', 't')), (('161_0', 'h'), ('123_1', 'h')), (('161_0', 't'), ('116_1', 't')), (('308_1', 'h'), ('116_1', 'h')), (('308_1', 't'), ('196_4', 't')), (('196_4', 'h'), ('107_0', 't')), (('196_15', 'h'), ('107_0', 'h')), (('314_4', 't'), ('196_15', 't')), (('314_4', 'h'), ('196_26', 'h')), (('319_12', 'h'), ('196_26', 't')), (('172_0', 'h'), ('319_12', 't')), (('262_31', 'h'), ('172_0', 't')), (('236_21', 'h'), ('262_31', 't')), (('227_14', 'h'), ('236_21', 't')), (('227_14', 't'), ('223_0', 't')), (('223_0', 'h'), ('287_6', 't')), (('287_6', 'h'), ('262_48', 'h')), (('237_14', 'h'), ('262_48', 't')), (('227_6', 'h'), ('237_14', 't')), (('227_6', 't'), ('136_3', 't')), (('136_3', 'h'), ('169_8', 't')), (('169_8', 'h'), ('159_16', 'h')), (('200_0', 'h'), ('159_16', 't')), (('266_2', 'h'), ('200_0', 't')), (('266_2', 't'), ('226_0', 't')), (('226_0', 'h'), ('213_7', 't')), (('213_7', 'h'), ('91_1', 't')), (('145_26', 'h'), ('91_1', 'h')), (('318_3', 'h'), ('145_26', 't')), (('168_0', 'h'), ('318_3', 't')), (('169_12', 't'), ('168_0', 't')), (('169_12', 'h'), ('118_0', 't')), (('159_11', 'h'), ('118_0', 'h')), (('162_5', 'h'), ('159_11', 't')), (('160_5', 'h'), ('162_5', 't')), (('183_2', 't'), ('160_5', 't')), (('183_2', 'h'), ('134_3', 't')), (('310_9', 'h'), ('134_3', 'h')), (('315_5', 'h'), ('310_9', 't')), (('258_11', 'h'), ('315_5', 't'))])
1	deque([(('99_1', 'h'), ('203_11', 't')), (('203_11', 'h'), ('99_1', 't'))])
1	deque([(('224_2', 'h'), ('108_0', 't')), (('108_0', 'h'), ('224_2', 't'))])
1	deque([(('175_17', 'h'), ('175_17', 't'))])
1	deque([(('155_25', 't'), ('145_14', 't')), (('155_25', 'h'), ('145_14', 'h'))])

Chosen seed at iteration 1: 1
Chosen chr at iteration 1



Chosen seed at iteration 2: 2
Chosen chr at iteration 2



Chosen seed at iteration 3: 3
Chosen chr at iteration 3



Chosen seed at iteration 4: 4
Chosen chr at iteration 4



Chosen seed at iteration 5: 5
Chosen chr at iteration 5


Iteration 1
1	deque([(('175_12', 'h'), ('175_12', 't'))])
1	deque([(('155_17', 'h'), ('145_6', 'h')), (('155_17', 't'), ('145_6', 't'))])

Chosen seed at iteration 1: 1
Chosen chr at iteration 1



Chosen seed at iteration 2: 2
Chosen chr at iteration 2


Iteration 3
3	deque([(('258_13', 't'), ('218_6', 't')), (('225_0', 'h'), ('218_6', 'h')), (('293_4', 'h'), ('225_0', 't')), (('303_3', 'h'), ('293_4', 't')), (('303_3', 't'), ('298_9', 't')), (('298_9', 'h'), ('147_4', 'h')), (('191_9', 't'), ('147_4', 't')), (('271_4', 'h'), ('191_9', 'h')), (('271_4', 't'), ('220_1', 't')), (('220_1', 'h'), ('205_5', 'h')), (('207_2', 't'), ('205_5', 't')), (('207_2', 'h'), ('317_1', 't')), (('317_1', 'h'), ('171_4', 't')), (('171_4', 'h'), ('140_1', 't')), (('140_1', 'h'), ('160_9', 't')), (('160_9', 'h'), ('162_2', 't')), (('162_2', 'h'), ('159_17', 't')), (('169_0', 'h'), ('159_17', 'h')), (('169_0', 't'), ('168_3', 't')), (('168_3', 'h'), ('318_4', 't')), (('318_4', 'h'), ('145_1', 't')), (('145_1', 'h'), ('119_0', 'h')), (('160_0', 'h'), ('119_0', 't')), (('183_4', 't'), ('160_0', 't')), (('183_4', 'h'), ('134_1', 't')), (('310_2', 'h'), ('134_1', 'h')), (('315_12', 'h'), ('310_2', 't')), (('258_13', 'h'), ('315_12', 't'))])
3	deque([(('161_1', 't'), ('116_0', 't')), (('161_1', 'h'), ('123_0', 'h')), (('257_5', 't'), ('123_0', 't')), (('292_9', 'h'), ('257_5', 'h')), (('203_3', 'h'), ('292_9', 't')), (('99_3', 'h'), ('203_3', 't')), (('203_14', 'h'), ('99_3', 't')), (('106_1', 'h'), ('203_14', 't')), (('227_42', 't'), ('106_1', 't')), (('227_42', 'h'), ('237_10', 't')), (('237_10', 'h'), ('262_37', 't')), (('287_21', 'h'), ('262_37', 'h')), (('157_0', 'h'), ('287_21', 't')), (('319_0', 't'), ('157_0', 't')), (('319_0', 'h'), ('196_52', 't')), (('314_2', 'h'), ('196_52', 'h')), (('314_2', 't'), ('196_57', 't')), (('196_57', 'h'), ('76_0', 't')), (('196_25', 'h'), ('76_0', 'h')), (('308_2', 't'), ('196_25', 't')), (('308_2', 'h'), ('116_0', 'h'))])
3	deque([(('175_2', 'h'), ('175_2', 't'))])
3	deque([(('155_6', 'h'), ('145_4', 'h')), (('155_6', 't'), ('145_4', 't'))])

Chosen seed at iteration 3: 1
Chosen chr at iteration 3



Chosen seed at iteration 4: 2
Chosen chr at iteration 4



Chosen seed at iteration 5: 3
Chosen chr at iteration 5



Chosen seed at iteration 6: 4
Chosen chr at iteration 6


Iteration 1
1	deque([(('155_4', 't'), ('145_38', 't')), (('155_4', 'h'), ('145_38', 'h'))])
1	deque([(('305_0', 't'), ('85_0', 't')), (('196_36', 'h'), ('85_0', 'h')), (('305_0', 'h'), ('196_36', 't'))])
1	deque([(('271_1', 't'), ('220_4', 't')), (('271_1', 'h'), ('191_6', 'h')), (('120_3', 'h'), ('191_6', 't')), (('171_9', 'h'), ('120_3', 't')), (('317_8', 'h'), ('171_9', 't')), (('207_5', 'h'), ('317_8', 't')), (('207_5', 't'), ('205_1', 't')), (('220_4', 'h'), ('205_1', 'h'))])
1	deque([(('99_0', 'h'), ('203_2', 't')), (('203_2', 'h'), ('99_0', 't'))])
1	deque([(('175_12', 'h'), ('175_12', 't'))])

Chosen seed at iteration 1: 1
Chosen chr at iteration 1



Chosen seed at iteration 2: 2
Chosen chr at iteration 2



Chosen seed at iteration 3: 3
Chosen chr at iteration 3



Chosen seed at iteration 4: 4
Chosen chr at iteration 4



Chosen seed at iteration 5: 5
Chosen chr at iteration 5


Iteration 1
1	deque([(('315_7', 'h'), ('310_1', 't')), (('310_1', 'h'), ('209_1', 't')), (('209_1', 'h'), ('213_2', 't')), (('213_2', 'h'), ('91_3', 't')), (('145_35', 'h'), ('91_3', 'h')), (('318_7', 'h'), ('145_35', 't')), (('168_2', 'h'), ('318_7', 't')), (('169_19', 't'), ('168_2', 't')), (('169_19', 'h'), ('159_20', 'h')), (('162_0', 'h'), ('159_20', 't')), (('160_10', 'h'), ('162_0', 't')), (('140_0', 'h'), ('160_10', 't')), (('171_8', 'h'), ('140_0', 't')), (('317_6', 'h'), ('171_8', 't')), (('207_4', 'h'), ('317_6', 't')), (('207_4', 't'), ('205_2', 't')), (('220_6', 'h'), ('205_2', 'h')), (('271_0', 't'), ('220_6', 't')), (('271_0', 'h'), ('191_4', 'h')), (('191_4', 't'), ('147_1', 't')), (('298_4', 'h'), ('147_1', 'h')), (('303_7', 't'), ('298_4', 't')), (('303_7', 'h'), ('293_5', 't')), (('293_5', 'h'), ('225_4', 't')), (('225_4', 'h'), ('218_20', 'h')), (('258_1', 't'), ('218_20', 't')), (('258_1', 'h'), ('315_7', 't'))])
1	deque([(('155_0', 't'), ('145_21', 't')), (('155_0', 'h'), ('145_21', 'h'))])
1	deque([(('175_3', 'h'), ('175_3', 't'))])

Chosen seed at iteration 1: 1
Chosen chr at iteration 1



Chosen seed at iteration 2: 2
Chosen chr at iteration 2



Chosen seed at iteration 3: 3
Chosen chr at iteration 3


Iteration 4
4	deque([(('293_3', 'h'), ('225_1', 't')), (('225_1', 'h'), ('218_13', 'h')), (('258_3', 't'), ('218_13', 't')), (('258_3', 'h'), ('315_1', 't')), (('315_1', 'h'), ('310_0', 't')), (('310_0', 'h'), ('209_2', 't')), (('209_2', 'h'), ('213_1', 't')), (('213_1', 'h'), ('91_2', 't')), (('145_44', 'h'), ('91_2', 'h')), (('318_5', 'h'), ('145_44', 't')), (('168_2', 'h'), ('318_5', 't')), (('169_1', 't'), ('168_2', 't')), (('169_1', 'h'), ('159_21', 'h')), (('162_1', 'h'), ('159_21', 't')), (('160_2', 'h'), ('162_1', 't')), (('140_0', 'h'), ('160_2', 't')), (('171_8', 'h'), ('140_0', 't')), (('317_4', 'h'), ('171_8', 't')), (('207_4', 'h'), ('317_4', 't')), (('207_4', 't'), ('205_2', 't')), (('220_6', 'h'), ('205_2', 'h')), (('271_0', 't'), ('220_6', 't')), (('271_0', 'h'), ('191_4', 'h')), (('191_4', 't'), ('147_0', 't')), (('298_8', 'h'), ('147_0', 'h')), (('303_6', 't'), ('298_8', 't')), (('303_6', 'h'), ('293_3', 't'))])
4	deque([(('287_5', 'h'), ('262_33', 'h')), (('236_11', 'h'), ('262_33', 't')), (('227_8', 'h'), ('236_11', 't')), (('227_8', 't'), ('223_1', 't')), (('223_1', 'h'), ('287_5', 't'))])
4	deque([(('155_31', 't'), ('145_41', 't')), (('155_31', 'h'), ('145_41', 'h'))])
4	deque([(('175_11', 'h'), ('175_11', 't'))])

Chosen seed at iteration 4: 1
Chosen chr at iteration 4



Chosen seed at iteration 5: 2
Chosen chr at iteration 5



Chosen seed at iteration 6: 3
Chosen chr at iteration 6



Chosen seed at iteration 7: 4
Chosen chr at iteration 7


Iteration 1
1	deque([(('169_18', 'h'), ('159_18', 'h')), (('169_18', 't'), ('124_6', 't')), (('124_6', 'h'), ('159_18', 't'))])
1	deque([(('236_7', 'h'), ('262_39', 't')), (('227_7', 'h'), ('236_7', 't')), (('188_0', 'h'), ('227_7', 't')), (('227_11', 't'), ('188_0', 't')), (('227_11', 'h'), ('237_1', 't')), (('237_1', 'h'), ('262_9', 't')), (('287_14', 'h'), ('262_9', 'h')), (('287_14', 't'), ('100_0', 't')), (('100_0', 'h'), ('196_16', 't')), (('196_16', 'h'), ('76_1', 'h')), (('196_32', 'h'), ('76_1', 't')), (('319_11', 'h'), ('196_32', 't')), (('319_11', 't'), ('212_0', 't')), (('212_0', 'h'), ('203_7', 't')), (('203_7', 'h'), ('292_4', 't')), (('292_4', 'h'), ('46_1', 't')), (('284_1', 'h'), ('46_1', 'h')), (('262_39', 'h'), ('284_1', 't'))])
1	deque([(('155_16', 'h'), ('145_12', 'h')), (('155_16', 't'), ('145_12', 't'))])
1	deque([(('175_13', 'h'), ('175_13', 't'))])

Chosen seed at iteration 1: 1
Chosen chr at iteration 1



Chosen seed at iteration 2: 2
Chosen chr at iteration 2



Chosen seed at iteration 3: 3
Chosen chr at iteration 3



Chosen seed at iteration 4: 4
Chosen chr at iteration 4


Iteration 1
1	deque([(('169_11', 't'), ('124_4', 't')), (('124_4', 'h'), ('159_25', 't')), (('169_11', 'h'), ('159_25', 'h'))])
1	deque([(('155_18', 't'), ('145_30', 't')), (('155_18', 'h'), ('145_30', 'h'))])
1	deque([(('175_8', 'h'), ('175_8', 't'))])

Chosen seed at iteration 1: 1
Chosen chr at iteration 1



Chosen seed at iteration 2: 2
Chosen chr at iteration 2



Chosen seed at iteration 3: 3
Chosen chr at iteration 3


Iteration 4
4	deque([(('169_17', 'h'), ('159_4', 'h')), (('124_0', 'h'), ('159_4', 't')), (('169_17', 't'), ('124_0', 't'))])
4	deque([(('90_0', 'h'), ('227_12', 't')), (('196_24', 'h'), ('90_0', 't')), (('100_1', 'h'), ('196_24', 't')), (('287_24', 't'), ('100_1', 't')), (('287_24', 'h'), ('262_49', 'h')), (('237_15', 'h'), ('262_49', 't')), (('227_12', 'h'), ('237_15', 't'))])
4	deque([(('193_0', 'h'), ('204_0', 't')), (('274_3', 't'), ('193_0', 't')), (('274_3', 'h'), ('164_1', 't')), (('164_1', 'h'), ('319_24', 't')), (('319_24', 'h'), ('196_23', 't')), (('204_0', 'h'), ('196_23', 'h'))])
4	deque([(('175_5', 'h'), ('175_5', 't'))])

Chosen seed at iteration 4: 1
Chosen chr at iteration 4



Chosen seed at iteration 5: 2
Chosen chr at iteration 5



Chosen seed at iteration 6: 3
Chosen chr at iteration 6



Chosen seed at iteration 7: 4
Chosen chr at iteration 7


Iteration 1
1	deque([(('236_20', 'h'), ('262_5', 't')), (('227_25', 'h'), ('236_20', 't')), (('227_25', 't'), ('188_2', 't')), (('188_2', 'h'), ('227_9', 't')), (('227_9', 'h'), ('237_5', 't')), (('237_5', 'h'), ('262_24', 't')), (('262_24', 'h'), ('286_2', 't')), (('286_2', 'h'), ('53_0', 't')), (('196_2', 'h'), ('53_0', 'h')), (('319_21', 'h'), ('196_2', 't')), (('319_21', 't'), ('212_1', 't')), (('212_1', 'h'), ('203_13', 't')), (('203_13', 'h'), ('292_15', 't')), (('292_15', 'h'), ('257_12', 'h')), (('87_2', 'h'), ('257_12', 't')), (('224_0', 't'), ('87_2', 't')), (('224_0', 'h'), ('50_0', 't')), (('145_16', 'h'), ('50_0', 'h')), (('316_0', 't'), ('145_16', 't')), (('316_0', 'h'), ('98_0', 't')), (('310_4', 'h'), ('98_0', 'h')), (('315_13', 'h'), ('310_4', 't')), (('258_10', 'h'), ('315_13', 't')), (('258_10', 't'), ('218_21', 't')), (('225_4', 'h'), ('218_21', 'h')), (('293_7', 'h'), ('225_4', 't')), (('127_1', 'h'), ('293_7', 't')), (('287_11', 't'), ('127_1', 't')), (('287_11', 'h'), ('262_5', 'h'))])
1	deque([(('175_8', 'h'), ('175_8', 't'))])
1	deque([(('155_27', 'h'), ('145_43', 'h')), (('155_27', 't'), ('145_43', 't'))])

Chosen seed at iteration 1: 1
Chosen chr at iteration 1



Chosen seed at iteration 2: 2
Chosen chr at iteration 2



Chosen seed at iteration 3: 3
Chosen chr at iteration 3


Iteration 4
4	deque([(('87_1', 'h'), ('257_9', 't')), (('292_2', 'h'), ('257_9', 'h')), (('203_1', 'h'), ('292_2', 't')), (('212_1', 'h'), ('203_1', 't')), (('319_7', 't'), ('212_1', 't')), (('319_7', 'h'), ('196_14', 't')), (('196_14', 'h'), ('53_0', 'h')), (('286_6', 'h'), ('53_0', 't')), (('262_10', 'h'), ('286_6', 't')), (('237_2', 'h'), ('262_10', 't')), (('227_25', 'h'), ('237_2', 't')), (('188_2', 'h'), ('227_25', 't')), (('227_13', 't'), ('188_2', 't')), (('227_13', 'h'), ('236_22', 't')), (('236_22', 'h'), ('262_4', 't')), (('287_13', 'h'), ('262_4', 'h')), (('287_13', 't'), ('127_1', 't')), (('127_1', 'h'), ('293_6', 't')), (('293_6', 'h'), ('225_13', 't')), (('225_13', 'h'), ('218_9', 'h')), (('258_8', 't'), ('218_9', 't')), (('258_8', 'h'), ('315_6', 't')), (('315_6', 'h'), ('310_8', 't')), (('310_8', 'h'), ('98_0', 'h')), (('316_2', 'h'), ('98_0', 't')), (('316_2', 't'), ('145_5', 't')), (('145_5', 'h'), ('50_1', 'h')), (('224_0', 'h'), ('50_1', 't')), (('224_0', 't'), ('87_1', 't'))])
4	deque([(('124_8', 'h'), ('159_1', 't')), (('169_20', 't'), ('124_8', 't')), (('169_20', 'h'), ('159_1', 'h'))])
4	deque([(('155_8', 't'), ('145_35', 't')), (('155_8', 'h'), ('145_35', 'h'))])
4	deque([(('175_10', 'h'), ('175_10', 't'))])

Chosen seed at iteration 4: 1
Chosen chr at iteration 4



Chosen seed at iteration 5: 2
Chosen chr at iteration 5



Chosen seed at iteration 6: 3
Chosen chr at iteration 6



Chosen seed at iteration 7: 4
Chosen chr at iteration 7


Iteration 1
1	deque([(('175_16', 'h'), ('175_16', 't'))])
1	deque([(('319_9', 't'), ('228_0', 't')), (('228_0', 'h'), ('203_6', 't')), (('203_6', 'h'), ('292_7', 't')), (('292_7', 'h'), ('257_0', 'h')), (('257_0', 't'), ('97_0', 't')), (('313_1', 'h'), ('97_0', 'h')), (('313_1', 't'), ('196_1', 't')), (('196_1', 'h'), ('53_1', 'h')), (('286_5', 'h'), ('53_1', 't')), (('262_28', 'h'), ('286_5', 't')), (('237_7', 'h'), ('262_28', 't')), (('227_28', 'h'), ('237_7', 't')), (('90_1', 'h'), ('227_28', 't')), (('196_0', 'h'), ('90_1', 't')), (('319_9', 'h'), ('196_0', 't'))])
1	deque([(('169_6', 'h'), ('159_0', 'h')), (('124_9', 'h'), ('159_0', 't')), (('169_6', 't'), ('124_9', 't'))])
1	deque([(('155_27', 't'), ('145_34', 't')), (('155_27', 'h'), ('145_34', 'h'))])
1	deque([(('227_20', 't'), ('92_3', 't')), (('227_20', 'h'), ('236_0', 't')), (('236_0', 'h'), ('262_0', 't')), (('287_7', 'h'), ('262_0', 'h')), (('92_3', 'h'), ('287_7', 't'))])

Chosen seed at iteration 1: 1
Chosen chr at iteration 1



Chosen seed at iteration 2: 2
Chosen chr at iteration 2



Chosen seed at iteration 3: 3
Chosen chr at iteration 3



Chosen seed at iteration 4: 4
Chosen chr at iteration 4



Chosen seed at iteration 5: 5
Chosen chr at iteration 5


Iteration 1
1	deque([(('175_22', 'h'), ('175_22', 't'))])
1	deque([(('124_1', 'h'), ('159_2', 't')), (('169_3', 'h'), ('159_2', 'h')), (('169_3', 't'), ('124_1', 't'))])
1	deque([(('155_7', 'h'), ('145_51', 'h')), (('155_7', 't'), ('145_51', 't'))])
1	deque([(('92_1', 'h'), ('287_11', 't')), (('287_11', 'h'), ('262_21', 'h')), (('236_2', 'h'), ('262_21', 't')), (('227_36', 'h'), ('236_2', 't')), (('227_36', 't'), ('92_1', 't'))])

Chosen seed at iteration 1: 1
Chosen chr at iteration 1



Chosen seed at iteration 2: 2
Chosen chr at iteration 2



Chosen seed at iteration 3: 3
Chosen chr at iteration 3



Chosen seed at iteration 4: 4
Chosen chr at iteration 4


Iteration 1
1	deque([(('169_4', 't'), ('124_7', 't')), (('169_4', 'h'), ('159_3', 'h')), (('124_7', 'h'), ('159_3', 't'))])
1	deque([(('155_33', 't'), ('145_40', 't')), (('155_33', 'h'), ('145_40', 'h'))])
1	deque([(('175_3', 'h'), ('175_3', 't'))])

Chosen seed at iteration 1: 1
Chosen chr at iteration 1



Chosen seed at iteration 2: 2
Chosen chr at iteration 2



Chosen seed at iteration 3: 3
Chosen chr at iteration 3


Iteration 4
4	deque([(('236_17', 'h'), ('262_17', 't')), (('287_16', 'h'), ('262_17', 'h')), (('92_0', 'h'), ('287_16', 't')), (('227_31', 't'), ('92_0', 't')), (('227_31', 'h'), ('236_17', 't'))])
4	deque([(('169_21', 'h'), ('159_13', 'h')), (('124_3', 'h'), ('159_13', 't')), (('169_21', 't'), ('124_3', 't'))])
4	deque([(('175_6', 'h'), ('175_6', 't'))])
4	deque([(('155_32', 't'), ('145_21', 't')), (('155_32', 'h'), ('145_21', 'h'))])
4	deque([(('311_5', 'h'), ('196_29', 't')), (('196_29', 'h'), ('45_3', 'h')), (('311_5', 't'), ('45_3', 't'))])

Chosen seed at iteration 4: 1
Chosen chr at iteration 4



Chosen seed at iteration 5: 2
Chosen chr at iteration 5



Chosen seed at iteration 6: 3
Chosen chr at iteration 6



Chosen seed at iteration 7: 4
Chosen chr at iteration 7



Chosen seed at iteration 8: 5
Chosen chr at iteration 8


Iteration 1
1	deque([(('155_22', 't'), ('145_46', 't')), (('155_22', 'h'), ('145_46', 'h'))])
1	deque([(('193_4', 'h'), ('204_1', 't')), (('204_1', 'h'), ('196_6', 'h')), (('311_0', 'h'), ('196_6', 't')), (('311_0', 't'), ('45_2', 't')), (('196_59', 'h'), ('45_2', 'h')), (('319_22', 'h'), ('196_59', 't')), (('164_0', 'h'), ('319_22', 't')), (('274_1', 'h'), ('164_0', 't')), (('274_1', 't'), ('193_4', 't'))])
1	deque([(('169_23', 't'), ('124_7', 't')), (('169_23', 'h'), ('159_10', 'h')), (('124_7', 'h'), ('159_10', 't'))])
1	deque([(('175_15', 'h'), ('175_15', 't'))])

Chosen seed at iteration 1: 1
Chosen chr at iteration 1



Chosen seed at iteration 2: 2
Chosen chr at iteration 2



Chosen seed at iteration 3: 3
Chosen chr at iteration 3



Chosen seed at iteration 4: 4
Chosen chr at iteration 4


Iteration 1
1	deque([(('169_25', 'h'), ('159_12', 'h')), (('124_5', 'h'), ('159_12', 't')), (('169_25', 't'), ('124_5', 't'))])
1	deque([(('286_0', 'h'), ('40_0', 't')), (('284_4', 'h'), ('40_0', 'h')), (('262_27', 'h'), ('284_4', 't')), (('236_20', 'h'), ('262_27', 't')), (('227_29', 'h'), ('236_20', 't')), (('217_1', 'h'), ('227_29', 't')), (('319_21', 't'), ('217_1', 't')), (('319_21', 'h'), ('196_45', 't')), (('196_45', 'h'), ('45_1', 'h')), (('311_2', 't'), ('45_1', 't')), (('311_2', 'h'), ('196_49', 't')), (('196_49', 'h'), ('68_0', 'h')), (('227_15', 't'), ('68_0', 't')), (('227_15', 'h'), ('237_6', 't')), (('237_6', 'h'), ('262_24', 't')), (('262_24', 'h'), ('286_0', 't'))])
1	deque([(('155_3', 't'), ('145_42', 't')), (('155_3', 'h'), ('145_42', 'h'))])
1	deque([(('175_9', 'h'), ('175_9', 't'))])

Chosen seed at iteration 1: 1
Chosen chr at iteration 1



Chosen seed at iteration 2: 2
Chosen chr at iteration 2



Chosen seed at iteration 3: 3
Chosen chr at iteration 3



Chosen seed at iteration 4: 4
Chosen chr at iteration 4


Iteration 1
1	deque([(('262_29', 'h'), ('286_4', 't')), (('236_3', 'h'), ('262_29', 't')), (('227_39', 'h'), ('236_3', 't')), (('227_39', 't'), ('68_1', 't')), (('196_51', 'h'), ('68_1', 'h')), (('319_10', 'h'), ('196_51', 't')), (('319_10', 't'), ('217_0', 't')), (('217_0', 'h'), ('227_27', 't')), (('227_27', 'h'), ('237_16', 't')), (('237_16', 'h'), ('262_26', 't')), (('262_26', 'h'), ('284_6', 't')), (('284_6', 'h'), ('40_3', 'h')), (('286_4', 'h'), ('40_3', 't'))])
1	deque([(('124_4', 'h'), ('159_9', 't')), (('169_7', 't'), ('124_4', 't')), (('169_7', 'h'), ('159_9', 'h'))])
1	deque([(('155_29', 'h'), ('145_33', 'h')), (('155_29', 't'), ('145_33', 't'))])
1	deque([(('311_1', 'h'), ('196_34', 't')), (('311_1', 't'), ('45_5', 't')), (('196_34', 'h'), ('45_5', 'h'))])
1	deque([(('175_19', 'h'), ('175_19', 't'))])

Chosen seed at iteration 1: 1
Chosen chr at iteration 1



Chosen seed at iteration 2: 2
Chosen chr at iteration 2



Chosen seed at iteration 3: 3
Chosen chr at iteration 3



Chosen seed at iteration 4: 4
Chosen chr at iteration 4



Chosen seed at iteration 5: 5
Chosen chr at iteration 5


Iteration 1
1	deque([(('196_35', 'h'), ('45_0', 'h')), (('311_4', 't'), ('45_0', 't')), (('311_4', 'h'), ('196_35', 't'))])
1	deque([(('155_12', 'h'), ('145_47', 'h')), (('155_12', 't'), ('145_47', 't'))])
1	deque([(('159_25', 't'), ('79_0', 't')), (('79_0', 'h'), ('169_4', 't')), (('169_4', 'h'), ('159_25', 'h'))])
1	deque([(('175_8', 'h'), ('175_8', 't'))])

Chosen seed at iteration 1: 1
Chosen chr at iteration 1



Chosen seed at iteration 2: 2
Chosen chr at iteration 2



Chosen seed at iteration 3: 3
Chosen chr at iteration 3



Chosen seed at iteration 4: 4
Chosen chr at iteration 4


Iteration 1
1	deque([(('287_23', 't'), ('75_1', 't')), (('75_1', 'h'), ('213_2', 't')), (('213_2', 'h'), ('297_2', 't')), (('297_2', 'h'), ('102_1', 't')), (('295_4', 'h'), ('102_1', 'h')), (('295_4', 't'), ('288_1', 't')), (('288_1', 'h'), ('192_6', 'h')), (('192_6', 't'), ('77_0', 't')), (('196_40', 'h'), ('77_0', 'h')), (('311_6', 'h'), ('196_40', 't')), (('311_6', 't'), ('45_4', 't')), (('196_2', 'h'), ('45_4', 'h')), (('319_13', 'h'), ('196_2', 't')), (('319_13', 't'), ('103_1', 't')), (('103_1', 'h'), ('227_18', 't')), (('227_18', 'h'), ('237_5', 't')), (('237_5', 'h'), ('262_46', 't')), (('287_23', 'h'), ('262_46', 'h'))])
1	deque([(('169_11', 't'), ('124_2', 't')), (('169_11', 'h'), ('159_3', 'h')), (('124_2', 'h'), ('159_3', 't'))])
1	deque([(('155_24', 't'), ('145_29', 't')), (('155_24', 'h'), ('145_29', 'h'))])
1	deque([(('175_3', 'h'), ('175_3', 't'))])

Chosen seed at iteration 1: 1
Chosen chr at iteration 1



Chosen seed at iteration 2: 2
Chosen chr at iteration 2



Chosen seed at iteration 3: 3
Chosen chr at iteration 3



Chosen seed at iteration 4: 4
Chosen chr at iteration 4


Iteration 1
1	deque([(('175_14', 'h'), ('175_14', 't'))])

Chosen seed at iteration 1: 1
Chosen chr at iteration 1


Iteration 2
2	deque([(('175_21', 'h'), ('175_21', 't'))])
2	deque([(('155_9', 'h'), ('145_32', 'h')), (('155_9', 't'), ('145_32', 't'))])

Chosen seed at iteration 2: 1
Chosen chr at iteration 2



Chosen seed at iteration 3: 2
Chosen chr at iteration 3


Iteration 4
4	deque([(('155_10', 't'), ('145_49', 't')), (('155_10', 'h'), ('145_49', 'h'))])
4	deque([(('175_18', 'h'), ('175_18', 't'))])

Chosen seed at iteration 4: 1
Chosen chr at iteration 4



Chosen seed at iteration 5: 2
Chosen chr at iteration 5


Iteration 1
1	deque([(('175_0', 'h'), ('175_0', 't'))])

Chosen seed at iteration 1: 1
Chosen chr at iteration 1


Iteration 2
2	deque([(('175_14', 'h'), ('175_14', 't'))])
2	deque([(('79_2', 'h'), ('169_14', 't')), (('169_14', 'h'), ('159_5', 'h')), (('159_5', 't'), ('79_2', 't'))])
2	deque([(('155_34', 'h'), ('145_37', 'h')), (('155_34', 't'), ('145_37', 't'))])

Chosen seed at iteration 2: 1
Chosen chr at iteration 2



Chosen seed at iteration 3: 2
Chosen chr at iteration 3



Chosen seed at iteration 4: 3
Chosen chr at iteration 4


Iteration 1
1	deque([(('155_18', 't'), ('145_43', 't')), (('155_18', 'h'), ('145_43', 'h'))])
1	deque([(('196_27', 'h'), ('45_6', 'h')), (('319_18', 'h'), ('196_27', 't')), (('65_0', 'h'), ('319_18', 't')), (('196_11', 'h'), ('65_0', 't')), (('311_3', 'h'), ('196_11', 't')), (('311_3', 't'), ('45_6', 't'))])
1	deque([(('79_1', 'h'), ('169_19', 't')), (('159_14', 't'), ('79_1', 't')), (('169_19', 'h'), ('159_14', 'h'))])
1	deque([(('175_0', 'h'), ('175_0', 't'))])

Chosen seed at iteration 1: 1
Chosen chr at iteration 1



Chosen seed at iteration 2: 2
Chosen chr at iteration 2



Chosen seed at iteration 3: 3
Chosen chr at iteration 3



Chosen seed at iteration 4: 4
Chosen chr at iteration 4


Iteration 1
1	deque([(('155_9', 't'), ('145_48', 't')), (('155_9', 'h'), ('145_48', 'h'))])
1	deque([(('196_48', 'h'), ('49_1', 'h')), (('196_48', 't'), ('49_1', 't'))])
1	deque([(('175_7', 'h'), ('175_7', 't'))])

Chosen seed at iteration 1: 1
Chosen chr at iteration 1



Chosen seed at iteration 2: 2
Chosen chr at iteration 2



Chosen seed at iteration 3: 3
Chosen chr at iteration 3


Iteration 4
4	deque([(('155_23', 'h'), ('145_0', 'h')), (('155_23', 't'), ('145_0', 't'))])
4	deque([(('196_33', 't'), ('49_1', 't')), (('196_33', 'h'), ('49_1', 'h'))])
4	deque([(('175_21', 'h'), ('175_21', 't'))])

Chosen seed at iteration 4: 1
Chosen chr at iteration 4



Chosen seed at iteration 5: 2
Chosen chr at iteration 5



Chosen seed at iteration 6: 3
Chosen chr at iteration 6


Iteration 1
1	deque([(('155_19', 't'), ('145_22', 't')), (('155_19', 'h'), ('145_22', 'h'))])
1	deque([(('175_7', 'h'), ('175_7', 't'))])

Chosen seed at iteration 1: 1
Chosen chr at iteration 1



Chosen seed at iteration 2: 2
Chosen chr at iteration 2


Iteration 3
3	deque([(('155_26', 't'), ('145_40', 't')), (('155_26', 'h'), ('145_40', 'h'))])

Chosen seed at iteration 3: 1
Chosen chr at iteration 3


Iteration 4
4	deque([(('155_26', 'h'), ('145_16', 'h')), (('155_26', 't'), ('145_16', 't'))])
4	deque([(('196_43', 'h'), ('49_0', 'h')), (('196_43', 't'), ('49_0', 't'))])

Chosen seed at iteration 4: 1
Chosen chr at iteration 4



Chosen seed at iteration 5: 2
Chosen chr at iteration 5


Iteration 1
1	deque([(('175_7', 'h'), ('175_7', 't'))])
1	deque([(('96_0', 'h'), ('196_20', 't')), (('319_1', 't'), ('96_0', 't')), (('319_1', 'h'), ('196_17', 't')), (('196_17', 'h'), ('13_0', 'h')), (('196_20', 'h'), ('13_0', 't'))])
1	deque([(('155_17', 't'), ('145_15', 't')), (('155_17', 'h'), ('145_15', 'h'))])

Chosen seed at iteration 1: 1
Chosen chr at iteration 1



Chosen seed at iteration 2: 2
Chosen chr at iteration 2



Chosen seed at iteration 3: 3
Chosen chr at iteration 3


Iteration 4
4	deque([(('319_6', 'h'), ('196_28', 't')), (('196_28', 'h'), ('13_0', 't')), (('196_48', 'h'), ('13_0', 'h')), (('96_0', 'h'), ('196_48', 't')), (('319_6', 't'), ('96_0', 't'))])
4	deque([(('155_9', 't'), ('145_11', 't')), (('155_9', 'h'), ('145_11', 'h'))])

Chosen seed at iteration 4: 1
Chosen chr at iteration 4



Chosen seed at iteration 5: 2
Chosen chr at iteration 5


Iteration 1
1	deque([(('155_17', 'h'), ('145_9', 'h')), (('155_17', 't'), ('145_9', 't'))])
1	deque([(('319_5', 't'), ('30_0', 't')), (('319_5', 'h'), ('196_20', 't')), (('196_20', 'h'), ('30_0', 'h'))])
1	deque([(('175_7', 'h'), ('175_7', 't'))])
1	deque([(('155_20', 'h'), ('145_9', 'h')), (('155_20', 't'), ('145_9', 't'))])

Chosen seed at iteration 1: 1
Chosen chr at iteration 1



Chosen seed at iteration 2: 2
Chosen chr at iteration 2



Chosen seed at iteration 3: 3
Chosen chr at iteration 3



Chosen seed at iteration 4: 4
Chosen chr at iteration 4


Iteration 1
1	deque([(('155_1', 't'), ('145_48', 't')), (('155_1', 'h'), ('145_48', 'h'))])

Chosen seed at iteration 1: 1
Chosen chr at iteration 1


Iteration 2
2	deque([(('155_2', 'h'), ('145_48', 'h')), (('155_2', 't'), ('145_48', 't'))])

Chosen seed at iteration 2: 1
Chosen chr at iteration 2


Iteration 3
3	deque([(('155_2', 'h'), ('145_45', 'h')), (('155_2', 't'), ('145_45', 't'))])

Chosen seed at iteration 3: 1
Chosen chr at iteration 3


Iteration 4
4	deque([(('155_2', 't'), ('145_36', 't')), (('155_2', 'h'), ('145_36', 'h'))])

Chosen seed at iteration 4: 1
Chosen chr at iteration 4


Iteration 1
1	deque([(('308_0', 'h'), ('31_0', 'h')), (('308_0', 't'), ('196_12', 't')), (('196_12', 'h'), ('31_0', 't'))])
1	deque([(('155_33', 'h'), ('145_40', 'h')), (('155_33', 't'), ('145_40', 't'))])

Chosen seed at iteration 1: 1
Chosen chr at iteration 1



Chosen seed at iteration 2: 2
Chosen chr at iteration 2


Iteration 3
3	deque([(('196_13', 'h'), ('31_0', 't')), (('308_0', 't'), ('196_13', 't')), (('308_0', 'h'), ('31_0', 'h'))])

Chosen seed at iteration 3: 1
Chosen chr at iteration 3


Iteration 4
4	deque([(('308_0', 'h'), ('31_0', 'h')), (('196_55', 'h'), ('31_0', 't')), (('308_0', 't'), ('196_55', 't'))])

Chosen seed at iteration 4: 1
Chosen chr at iteration 4


Iteration 1
1	deque([(('155_19', 't'), ('145_50', 't')), (('155_19', 'h'), ('145_50', 'h'))])

Chosen seed at iteration 1: 1
Chosen chr at iteration 1


Iteration 2
2	deque([(('155_13', 'h'), ('145_45', 'h')), (('155_13', 't'), ('145_45', 't'))])

Chosen seed at iteration 2: 1
Chosen chr at iteration 2


Iteration 3
3	deque([(('155_1', 'h'), ('145_17', 'h')), (('155_1', 't'), ('145_17', 't'))])

Chosen seed at iteration 3: 1
Chosen chr at iteration 3


Iteration 4
4	deque([(('155_0', 'h'), ('145_40', 'h')), (('155_0', 't'), ('145_40', 't'))])

Chosen seed at iteration 4: 1
Chosen chr at iteration 4


Iteration 1
1	deque([(('155_33', 't'), ('145_3', 't')), (('155_33', 'h'), ('145_3', 'h'))])

Chosen seed at iteration 1: 1
Chosen chr at iteration 1


Iteration 2
2	deque([(('155_13', 'h'), ('145_39', 'h')), (('155_13', 't'), ('145_39', 't'))])

Chosen seed at iteration 2: 1
Chosen chr at iteration 2


Iteration 3
3	deque([(('155_1', 't'), ('145_30', 't')), (('155_1', 'h'), ('145_30', 'h'))])

Chosen seed at iteration 3: 1
Chosen chr at iteration 3


Iteration 4
4	deque([(('155_33', 't'), ('145_30', 't')), (('155_33', 'h'), ('145_30', 'h'))])

Chosen seed at iteration 4: 1
Chosen chr at iteration 4


Iteration 1
1	deque([(('196_47', 'h'), ('34_1', 't')), (('309_0', 'h'), ('34_1', 'h')), (('195_1', 'h'), ('309_0', 't')), (('195_1', 't'), ('38_0', 't')), (('38_0', 'h'), ('186_6', 't')), (('186_6', 'h'), ('122_1', 't')), (('122_1', 'h'), ('319_1', 't')), (('319_1', 'h'), ('196_47', 't'))])
1	deque([(('155_21', 'h'), ('145_15', 'h')), (('155_21', 't'), ('145_15', 't'))])

Chosen seed at iteration 1: 1
Chosen chr at iteration 1



Chosen seed at iteration 2: 2
Chosen chr at iteration 2


Iteration 3
3	deque([(('186_1', 'h'), ('122_1', 't')), (('38_0', 'h'), ('186_1', 't')), (('195_2', 't'), ('38_0', 't')), (('195_2', 'h'), ('309_1', 't')), (('309_1', 'h'), ('34_1', 'h')), (('196_44', 'h'), ('34_1', 't')), (('319_1', 'h'), ('196_44', 't')), (('122_1', 'h'), ('319_1', 't'))])
3	deque([(('155_20', 'h'), ('145_39', 'h')), (('155_20', 't'), ('145_39', 't'))])

Chosen seed at iteration 3: 1
Chosen chr at iteration 3



Chosen seed at iteration 4: 2
Chosen chr at iteration 4


Iteration 1
1	deque([(('155_19', 't'), ('145_17', 't')), (('155_19', 'h'), ('145_17', 'h'))])

Chosen seed at iteration 1: 1
Chosen chr at iteration 1


Iteration 2
2	deque([(('155_13', 'h'), ('145_15', 'h')), (('155_13', 't'), ('145_15', 't'))])

Chosen seed at iteration 2: 1
Chosen chr at iteration 2


Iteration 3
3	deque([(('155_30', 'h'), ('145_45', 'h')), (('155_30', 't'), ('145_45', 't'))])

Chosen seed at iteration 3: 1
Chosen chr at iteration 3


Iteration 4
4	deque([(('155_21', 'h'), ('145_48', 'h')), (('155_21', 't'), ('145_48', 't'))])

Chosen seed at iteration 4: 1
Chosen chr at iteration 4


Iteration 1
Iteration 1
Iteration 1
Iteration 1
Iteration 1
Iteration 1
Iteration 1
Iteration 1
Iteration 1
Iteration 1
Iteration 1
Iteration 1
Iteration 1
Iteration 1
Iteration 1
Iteration 1
Iteration 1
Iteration 1
Iteration 1
Iteration 1
Iteration 1
Iteration 1
Iteration 1
Iteration 1
Iteration 1
Iteration 1
Iteration 1
Iteration 1
Iteration 1
Iteration 1
Iteration 1
Iteration 1
Iteration 1
Iteration 1
Iteration 1
Iteration 1
Iteration 1
Iteration 1
