Iteration 1
Iteration 1
Iteration 1
Iteration 1
Iteration 1
1	deque([(('31', 'h'), ('31', 't')), (('31', 'h'), ('31', 't'))])

Chosen seed at iteration 1: 1
Chosen chr at iteration 1
Iteration 2
Iteration 1
1	deque([(('31', 'h'), ('31', 't')), (('31', 'h'), ('31', 't'))])

Chosen seed at iteration 1: 1
Chosen chr at iteration 1
Iteration 2
Iteration 1
1	deque([(('31', 'h'), ('31', 't')), (('31', 'h'), ('31', 't'))])

Chosen seed at iteration 1: 1
Chosen chr at iteration 1
Iteration 2
Iteration 1
1	deque([(('31', 'h'), ('31', 't')), (('31', 'h'), ('31', 't'))])

Chosen seed at iteration 1: 1
Chosen chr at iteration 1
Iteration 2
Iteration 1
1	deque([(('31', 'h'), ('31', 't')), (('31', 'h'), ('31', 't'))])

Chosen seed at iteration 1: 1
Chosen chr at iteration 1
Iteration 2
Iteration 1
1	deque([(('31', 'h'), ('31', 't')), (('31', 'h'), ('31', 't'))])

Chosen seed at iteration 1: 1
Chosen chr at iteration 1
Iteration 2
Iteration 1
1	deque([(('31', 'h'), ('31', 't')), (('31', 'h'), ('31', 't'))])

Chosen seed at iteration 1: 1
Chosen chr at iteration 1
Iteration 2
Iteration 1
1	deque([(('31', 'h'), ('31', 't')), (('31', 'h'), ('31', 't'))])

Chosen seed at iteration 1: 1
Chosen chr at iteration 1
Iteration 2
Iteration 1
1	deque([(('31', 'h'), ('31', 't')), (('31', 'h'), ('31', 't'))])

Chosen seed at iteration 1: 1
Chosen chr at iteration 1
Iteration 2
2	deque([(('48', 'h'), ('48', 't')), (('48', 'h'), ('48', 't'))])

Chosen seed at iteration 2: 1
Chosen chr at iteration 2
Iteration 3
Iteration 1
1	deque([(('31', 'h'), ('31', 't')), (('31', 'h'), ('31', 't'))])

Chosen seed at iteration 1: 1
Chosen chr at iteration 1
Iteration 2
2	deque([(('48', 'h'), ('48', 't')), (('48', 'h'), ('48', 't'))])

Chosen seed at iteration 2: 1
Chosen chr at iteration 2
Iteration 3
Iteration 1
1	deque([(('31', 'h'), ('31', 't')), (('31', 'h'), ('31', 't'))])

Chosen seed at iteration 1: 1
Chosen chr at iteration 1
Iteration 2
2	deque([(('48', 'h'), ('48', 't')), (('48', 'h'), ('48', 't'))])

Chosen seed at iteration 2: 1
Chosen chr at iteration 2
Iteration 3
Iteration 1
1	deque([(('31', 'h'), ('31', 't')), (('31', 'h'), ('31', 't'))])

Chosen seed at iteration 1: 1
Chosen chr at iteration 1
Iteration 2
2	deque([(('48', 'h'), ('48', 't')), (('48', 'h'), ('48', 't'))])

Chosen seed at iteration 2: 1
Chosen chr at iteration 2
Iteration 3
Iteration 1
1	deque([(('31', 'h'), ('31', 't')), (('31', 'h'), ('31', 't'))])

Chosen seed at iteration 1: 1
Chosen chr at iteration 1
Iteration 2
2	deque([(('48', 'h'), ('48', 't')), (('48', 'h'), ('48', 't'))])

Chosen seed at iteration 2: 1
Chosen chr at iteration 2
Iteration 3
Iteration 1
1	deque([(('31', 'h'), ('31', 't')), (('31', 'h'), ('31', 't'))])

Chosen seed at iteration 1: 1
Chosen chr at iteration 1
Iteration 2
2	deque([(('48', 'h'), ('48', 't')), (('48', 'h'), ('48', 't'))])

Chosen seed at iteration 2: 1
Chosen chr at iteration 2
Iteration 3
Iteration 1
1	deque([(('31', 'h'), ('31', 't')), (('31', 'h'), ('31', 't'))])

Chosen seed at iteration 1: 1
Chosen chr at iteration 1
Iteration 2
2	deque([(('48', 'h'), ('48', 't')), (('48', 'h'), ('48', 't'))])

Chosen seed at iteration 2: 1
Chosen chr at iteration 2
Iteration 3
Iteration 1
1	deque([(('31', 'h'), ('31', 't')), (('31', 'h'), ('31', 't'))])

Chosen seed at iteration 1: 1
Chosen chr at iteration 1
Iteration 2
2	deque([(('48', 'h'), ('48', 't')), (('48', 'h'), ('48', 't'))])

Chosen seed at iteration 2: 1
Chosen chr at iteration 2
Iteration 3
Iteration 1
1	deque([(('31', 'h'), ('31', 't')), (('31', 'h'), ('31', 't'))])

Chosen seed at iteration 1: 1
Chosen chr at iteration 1
Iteration 2
2	deque([(('48', 'h'), ('48', 't')), (('48', 'h'), ('48', 't'))])

Chosen seed at iteration 2: 1
Chosen chr at iteration 2
Iteration 3
Iteration 1
1	deque([(('31', 'h'), ('31', 't')), (('31', 'h'), ('31', 't'))])

Chosen seed at iteration 1: 1
Chosen chr at iteration 1
Iteration 2
2	deque([(('48', 'h'), ('48', 't')), (('48', 'h'), ('48', 't'))])

Chosen seed at iteration 2: 1
Chosen chr at iteration 2
Iteration 3
3	deque([(('78', 'h'), ('98', 't')), (('98', 'h'), ('78', 't'))])
3	deque([(('108', 'h'), ('108', 't')), (('108', 'h'), ('108', 't'))])

Chosen seed at iteration 3: 2
Chosen chr at iteration 3
Iteration 4
4	deque([(('98', 'h'), ('78', 't')), (('78', 'h'), ('98', 't'))])

Chosen seed at iteration 4: 1
Chosen chr at iteration 4
Iteration 5
Iteration 1
1	deque([(('31', 'h'), ('31', 't')), (('31', 'h'), ('31', 't'))])

Chosen seed at iteration 1: 1
Chosen chr at iteration 1
Iteration 2
2	deque([(('48', 'h'), ('48', 't')), (('48', 'h'), ('48', 't'))])

Chosen seed at iteration 2: 1
Chosen chr at iteration 2
Iteration 3
3	deque([(('98', 'h'), ('78', 't')), (('78', 'h'), ('98', 't'))])
3	deque([(('108', 'h'), ('108', 't')), (('108', 'h'), ('108', 't'))])

Chosen seed at iteration 3: 1
Chosen chr at iteration 3
Iteration 4
4	deque([(('108', 'h'), ('108', 't')), (('108', 'h'), ('108', 't'))])

Chosen seed at iteration 4: 1
Chosen chr at iteration 4
Iteration 5
5	deque([(('91', 'h'), ('84', 't')), (('84', 'h'), ('91', 't'))])

Chosen seed at iteration 5: 1
Chosen chr at iteration 5
Iteration 6
Iteration 1
1	deque([(('31', 'h'), ('31', 't')), (('31', 'h'), ('31', 't'))])

Chosen seed at iteration 1: 1
Chosen chr at iteration 1
Iteration 2
2	deque([(('48', 'h'), ('48', 't')), (('48', 'h'), ('48', 't'))])

Chosen seed at iteration 2: 1
Chosen chr at iteration 2
Iteration 3
3	deque([(('98', 'h'), ('78', 't')), (('78', 'h'), ('98', 't'))])
3	deque([(('108', 'h'), ('108', 't')), (('108', 'h'), ('108', 't'))])

Chosen seed at iteration 3: 1
Chosen chr at iteration 3
Iteration 4
4	deque([(('108', 'h'), ('108', 't')), (('108', 'h'), ('108', 't'))])
4	deque([(('84', 'h'), ('91', 't')), (('91', 'h'), ('84', 't'))])

Chosen seed at iteration 4: 1
Chosen chr at iteration 4
Iteration 5
5	deque([(('84', 'h'), ('91', 't')), (('91', 'h'), ('84', 't'))])

Chosen seed at iteration 5: 1
Chosen chr at iteration 5
Iteration 6
Iteration 1
1	deque([(('31', 'h'), ('31', 't')), (('31', 'h'), ('31', 't'))])

Chosen seed at iteration 1: 1
Chosen chr at iteration 1
Iteration 2
2	deque([(('48', 'h'), ('48', 't')), (('48', 'h'), ('48', 't'))])

Chosen seed at iteration 2: 1
Chosen chr at iteration 2
Iteration 3
3	deque([(('108', 'h'), ('108', 't')), (('108', 'h'), ('108', 't'))])
3	deque([(('103', 'h'), ('123', 't')), (('123', 'h'), ('103', 't'))])
3	deque([(('98', 'h'), ('78', 't')), (('78', 'h'), ('98', 't'))])
3	deque([(('91', 'h'), ('84', 't')), (('84', 'h'), ('91', 't'))])

Chosen seed at iteration 3: 2
Chosen chr at iteration 3
Iteration 4
4	deque([(('108', 'h'), ('108', 't')), (('108', 'h'), ('108', 't'))])
4	deque([(('98', 'h'), ('78', 't')), (('78', 'h'), ('98', 't'))])
4	deque([(('91', 'h'), ('84', 't')), (('84', 'h'), ('91', 't'))])

Chosen seed at iteration 4: 2
Chosen chr at iteration 4
Iteration 5
5	deque([(('108', 'h'), ('108', 't')), (('108', 'h'), ('108', 't'))])
5	deque([(('91', 'h'), ('84', 't')), (('84', 'h'), ('91', 't'))])

Chosen seed at iteration 5: 1
Chosen chr at iteration 5
Iteration 6
6	deque([(('91', 'h'), ('84', 't')), (('84', 'h'), ('91', 't'))])

Chosen seed at iteration 6: 1
Chosen chr at iteration 6
Iteration 7
Iteration 1
1	deque([(('31', 'h'), ('31', 't')), (('31', 'h'), ('31', 't'))])

Chosen seed at iteration 1: 1
Chosen chr at iteration 1
Iteration 2
2	deque([(('48', 'h'), ('48', 't')), (('48', 'h'), ('48', 't'))])

Chosen seed at iteration 2: 1
Chosen chr at iteration 2
Iteration 3
3	deque([(('108', 'h'), ('108', 't')), (('108', 'h'), ('108', 't'))])
3	deque([(('23', 'h'), ('69', 't')), (('69', 'h'), ('50', 'h')), (('50', 't'), ('126', 'h')), (('126', 't'), ('59', 'h')), (('59', 't'), ('137', 't')), (('137', 'h'), ('134', 'h')), (('134', 't'), ('66', 't')), (('66', 'h'), ('127', 't')), (('127', 'h'), ('86', 't')), (('86', 'h'), ('64', 'h')), (('64', 't'), ('121', 't')), (('121', 'h'), ('129', 'h')), (('129', 't'), ('118', 't')), (('118', 'h'), ('23', 't'))])
3	deque([(('98', 'h'), ('78', 't')), (('78', 'h'), ('98', 't'))])
3	deque([(('91', 'h'), ('84', 't')), (('84', 'h'), ('91', 't'))])
3	deque([(('103', 'h'), ('123', 't')), (('123', 'h'), ('103', 't'))])

Chosen seed at iteration 3: 2
Chosen chr at iteration 3
Iteration 4
4	deque([(('108', 'h'), ('108', 't')), (('108', 'h'), ('108', 't'))])
4	deque([(('23', 'h'), ('69', 't')), (('69', 'h'), ('50', 'h')), (('50', 't'), ('126', 'h')), (('126', 't'), ('59', 'h')), (('59', 't'), ('138', 'h')), (('138', 't'), ('134', 'h')), (('134', 't'), ('66', 't')), (('66', 'h'), ('127', 't')), (('127', 'h'), ('86', 't')), (('86', 'h'), ('64', 'h')), (('64', 't'), ('121', 't')), (('121', 'h'), ('129', 'h')), (('129', 't'), ('118', 't')), (('118', 'h'), ('23', 't'))])
4	deque([(('98', 'h'), ('78', 't')), (('78', 'h'), ('98', 't'))])
4	deque([(('91', 'h'), ('84', 't')), (('84', 'h'), ('91', 't'))])
4	deque([(('103', 'h'), ('123', 't')), (('123', 'h'), ('103', 't'))])

Chosen seed at iteration 4: 4
Chosen chr at iteration 4
Iteration 5
5	deque([(('98', 'h'), ('78', 't')), (('78', 'h'), ('98', 't'))])
5	deque([(('121', 't'), ('64', 't')), (('64', 'h'), ('86', 'h')), (('86', 't'), ('127', 'h')), (('127', 't'), ('66', 'h')), (('66', 't'), ('134', 't')), (('134', 'h'), ('138', 't')), (('138', 'h'), ('59', 't')), (('59', 'h'), ('126', 't')), (('126', 'h'), ('50', 't')), (('50', 'h'), ('69', 'h')), (('69', 't'), ('23', 'h')), (('23', 't'), ('118', 'h')), (('118', 't'), ('129', 't')), (('129', 'h'), ('121', 'h'))])
5	deque([(('123', 'h'), ('103', 't')), (('103', 'h'), ('123', 't'))])
5	deque([(('108', 'h'), ('108', 't')), (('108', 'h'), ('108', 't'))])

Chosen seed at iteration 5: 1
Chosen chr at iteration 5
Iteration 6
6	deque([(('121', 't'), ('64', 't')), (('64', 'h'), ('86', 'h')), (('86', 't'), ('127', 'h')), (('127', 't'), ('66', 'h')), (('66', 't'), ('134', 't')), (('134', 'h'), ('138', 't')), (('138', 'h'), ('59', 't')), (('59', 'h'), ('126', 't')), (('126', 'h'), ('50', 't')), (('50', 'h'), ('69', 'h')), (('69', 't'), ('23', 'h')), (('23', 't'), ('118', 'h')), (('118', 't'), ('129', 't')), (('129', 'h'), ('121', 'h'))])
6	deque([(('123', 'h'), ('103', 't')), (('103', 'h'), ('123', 't'))])
6	deque([(('108', 'h'), ('108', 't')), (('108', 'h'), ('108', 't'))])

Chosen seed at iteration 6: 2
Chosen chr at iteration 6
Iteration 7
7	deque([(('121', 't'), ('64', 't')), (('64', 'h'), ('86', 'h')), (('86', 't'), ('127', 'h')), (('127', 't'), ('66', 'h')), (('66', 't'), ('134', 't')), (('134', 'h'), ('138', 't')), (('138', 'h'), ('59', 't')), (('59', 'h'), ('126', 't')), (('126', 'h'), ('50', 't')), (('50', 'h'), ('69', 'h')), (('69', 't'), ('23', 'h')), (('23', 't'), ('118', 'h')), (('118', 't'), ('129', 't')), (('129', 'h'), ('121', 'h'))])
7	deque([(('108', 'h'), ('108', 't')), (('108', 'h'), ('108', 't'))])

Chosen seed at iteration 7: 1
Chosen chr at iteration 7
Iteration 8
8	deque([(('86', 'h'), ('64', 'h')), (('64', 't'), ('122', 't')), (('122', 'h'), ('128', 't')), (('128', 'h'), ('118', 't')), (('118', 'h'), ('23', 't')), (('23', 'h'), ('69', 't')), (('69', 'h'), ('50', 'h')), (('50', 't'), ('126', 'h')), (('126', 't'), ('59', 'h')), (('59', 't'), ('137', 't')), (('137', 'h'), ('134', 'h')), (('134', 't'), ('66', 't')), (('66', 'h'), ('127', 't')), (('127', 'h'), ('86', 't'))])
8	deque([(('108', 'h'), ('108', 't')), (('108', 'h'), ('108', 't'))])

Chosen seed at iteration 8: 1
Chosen chr at iteration 8
Iteration 9
9	deque([(('86', 'h'), ('64', 'h')), (('64', 't'), ('122', 't')), (('122', 'h'), ('128', 't')), (('128', 'h'), ('118', 't')), (('118', 'h'), ('23', 't')), (('23', 'h'), ('69', 't')), (('69', 'h'), ('50', 'h')), (('50', 't'), ('126', 'h')), (('126', 't'), ('59', 'h')), (('59', 't'), ('138', 'h')), (('138', 't'), ('134', 'h')), (('134', 't'), ('66', 't')), (('66', 'h'), ('127', 't')), (('127', 'h'), ('86', 't'))])
9	deque([(('108', 'h'), ('108', 't')), (('108', 'h'), ('108', 't'))])

Chosen seed at iteration 9: 2
Chosen chr at iteration 9
Iteration 10
10	deque([(('86', 'h'), ('64', 'h')), (('64', 't'), ('122', 't')), (('122', 'h'), ('128', 't')), (('128', 'h'), ('118', 't')), (('118', 'h'), ('23', 't')), (('23', 'h'), ('69', 't')), (('69', 'h'), ('50', 'h')), (('50', 't'), ('126', 'h')), (('126', 't'), ('59', 'h')), (('59', 't'), ('138', 'h')), (('138', 't'), ('134', 'h')), (('134', 't'), ('66', 't')), (('66', 'h'), ('127', 't')), (('127', 'h'), ('86', 't'))])

Chosen seed at iteration 10: 1
Chosen chr at iteration 10
Iteration 11
11	deque([(('85', 'h'), ('64', 'h')), (('64', 't'), ('121', 't')), (('121', 'h'), ('129', 'h')), (('129', 't'), ('118', 't')), (('118', 'h'), ('23', 't')), (('23', 'h'), ('69', 't')), (('69', 'h'), ('50', 'h')), (('50', 't'), ('126', 'h')), (('126', 't'), ('59', 'h')), (('59', 't'), ('137', 't')), (('137', 'h'), ('134', 'h')), (('134', 't'), ('66', 't')), (('66', 'h'), ('127', 't')), (('127', 'h'), ('110', 't')), (('110', 'h'), ('85', 't'))])

Chosen seed at iteration 11: 1
Chosen chr at iteration 11
Iteration 12
12	deque([(('85', 'h'), ('64', 'h')), (('64', 't'), ('121', 't')), (('121', 'h'), ('129', 'h')), (('129', 't'), ('118', 't')), (('118', 'h'), ('23', 't')), (('23', 'h'), ('69', 't')), (('69', 'h'), ('50', 'h')), (('50', 't'), ('126', 'h')), (('126', 't'), ('59', 'h')), (('59', 't'), ('138', 'h')), (('138', 't'), ('134', 'h')), (('134', 't'), ('66', 't')), (('66', 'h'), ('127', 't')), (('127', 'h'), ('110', 't')), (('110', 'h'), ('85', 't'))])

Chosen seed at iteration 12: 1
Chosen chr at iteration 12
Iteration 13
13	deque([(('85', 'h'), ('64', 'h')), (('64', 't'), ('122', 't')), (('122', 'h'), ('128', 't')), (('128', 'h'), ('118', 't')), (('118', 'h'), ('23', 't')), (('23', 'h'), ('69', 't')), (('69', 'h'), ('50', 'h')), (('50', 't'), ('126', 'h')), (('126', 't'), ('59', 'h')), (('59', 't'), ('137', 't')), (('137', 'h'), ('134', 'h')), (('134', 't'), ('66', 't')), (('66', 'h'), ('127', 't')), (('127', 'h'), ('110', 't')), (('110', 'h'), ('85', 't'))])

Chosen seed at iteration 13: 1
Chosen chr at iteration 13
Iteration 14
14	deque([(('85', 'h'), ('64', 'h')), (('64', 't'), ('122', 't')), (('122', 'h'), ('128', 't')), (('128', 'h'), ('118', 't')), (('118', 'h'), ('23', 't')), (('23', 'h'), ('69', 't')), (('69', 'h'), ('50', 'h')), (('50', 't'), ('126', 'h')), (('126', 't'), ('59', 'h')), (('59', 't'), ('138', 'h')), (('138', 't'), ('134', 'h')), (('134', 't'), ('66', 't')), (('66', 'h'), ('127', 't')), (('127', 'h'), ('110', 't')), (('110', 'h'), ('85', 't'))])

Chosen seed at iteration 14: 1
Chosen chr at iteration 14
Iteration 15
Iteration 1
1	deque([(('31', 'h'), ('31', 't')), (('31', 'h'), ('31', 't'))])

Chosen seed at iteration 1: 1
Chosen chr at iteration 1
Iteration 2
2	deque([(('48', 'h'), ('48', 't')), (('48', 'h'), ('48', 't'))])

Chosen seed at iteration 2: 1
Chosen chr at iteration 2
Iteration 3
3	deque([(('103', 'h'), ('123', 't')), (('123', 'h'), ('103', 't'))])
3	deque([(('78', 'h'), ('98', 't')), (('98', 'h'), ('78', 't'))])
3	deque([(('108', 'h'), ('108', 't')), (('108', 'h'), ('108', 't'))])
3	deque([(('91', 'h'), ('84', 't')), (('84', 'h'), ('91', 't'))])

Chosen seed at iteration 3: 3
Chosen chr at iteration 3
Iteration 4
4	deque([(('103', 'h'), ('123', 't')), (('123', 'h'), ('103', 't'))])
4	deque([(('78', 'h'), ('98', 't')), (('98', 'h'), ('78', 't'))])
4	deque([(('91', 'h'), ('84', 't')), (('84', 'h'), ('91', 't'))])

Chosen seed at iteration 4: 3
Chosen chr at iteration 4
Iteration 5
5	deque([(('123', 'h'), ('103', 't')), (('103', 'h'), ('123', 't'))])
5	deque([(('78', 'h'), ('98', 't')), (('98', 'h'), ('78', 't'))])

Chosen seed at iteration 5: 1
Chosen chr at iteration 5
Iteration 6
6	deque([(('98', 'h'), ('78', 't')), (('78', 'h'), ('98', 't'))])

Chosen seed at iteration 6: 1
Chosen chr at iteration 6
Iteration 7
Iteration 1
1	deque([(('31', 'h'), ('31', 't')), (('31', 'h'), ('31', 't'))])

Chosen seed at iteration 1: 1
Chosen chr at iteration 1
Iteration 2
2	deque([(('48', 'h'), ('48', 't')), (('48', 'h'), ('48', 't'))])

Chosen seed at iteration 2: 1
Chosen chr at iteration 2
Iteration 3
3	deque([(('98', 'h'), ('78', 't')), (('78', 'h'), ('98', 't'))])
3	deque([(('103', 'h'), ('123', 't')), (('123', 'h'), ('103', 't'))])
3	deque([(('108', 'h'), ('108', 't')), (('108', 'h'), ('108', 't'))])
3	deque([(('91', 'h'), ('84', 't')), (('84', 'h'), ('91', 't'))])

Chosen seed at iteration 3: 2
Chosen chr at iteration 3
Iteration 4
4	deque([(('78', 'h'), ('98', 't')), (('98', 'h'), ('78', 't'))])
4	deque([(('108', 'h'), ('108', 't')), (('108', 'h'), ('108', 't'))])
4	deque([(('91', 'h'), ('84', 't')), (('84', 'h'), ('91', 't'))])

Chosen seed at iteration 4: 1
Chosen chr at iteration 4
Iteration 5
5	deque([(('108', 'h'), ('108', 't')), (('108', 'h'), ('108', 't'))])
5	deque([(('91', 'h'), ('84', 't')), (('84', 'h'), ('91', 't'))])

Chosen seed at iteration 5: 1
Chosen chr at iteration 5
Iteration 6
6	deque([(('91', 'h'), ('84', 't')), (('84', 'h'), ('91', 't'))])

Chosen seed at iteration 6: 1
Chosen chr at iteration 6
Iteration 7
Iteration 1
1	deque([(('31', 'h'), ('31', 't')), (('31', 'h'), ('31', 't'))])

Chosen seed at iteration 1: 1
Chosen chr at iteration 1
Iteration 2
2	deque([(('48', 'h'), ('48', 't')), (('48', 'h'), ('48', 't'))])

Chosen seed at iteration 2: 1
Chosen chr at iteration 2
Iteration 3
3	deque([(('103', 'h'), ('123', 't')), (('123', 'h'), ('103', 't'))])
3	deque([(('78', 'h'), ('98', 't')), (('98', 'h'), ('78', 't'))])
3	deque([(('108', 'h'), ('108', 't')), (('108', 'h'), ('108', 't'))])
3	deque([(('84', 'h'), ('91', 't')), (('91', 'h'), ('84', 't'))])

Chosen seed at iteration 3: 3
Chosen chr at iteration 3
Iteration 4
4	deque([(('98', 'h'), ('78', 't')), (('78', 'h'), ('98', 't'))])
4	deque([(('103', 'h'), ('123', 't')), (('123', 'h'), ('103', 't'))])
4	deque([(('84', 'h'), ('91', 't')), (('91', 'h'), ('84', 't'))])

Chosen seed at iteration 4: 2
Chosen chr at iteration 4
Iteration 5
5	deque([(('78', 'h'), ('98', 't')), (('98', 'h'), ('78', 't'))])
5	deque([(('91', 'h'), ('84', 't')), (('84', 'h'), ('91', 't'))])

Chosen seed at iteration 5: 2
Chosen chr at iteration 5
Iteration 6
6	deque([(('78', 'h'), ('98', 't')), (('98', 'h'), ('78', 't'))])

Chosen seed at iteration 6: 1
Chosen chr at iteration 6
Iteration 7
Iteration 1
1	deque([(('31', 'h'), ('31', 't')), (('31', 'h'), ('31', 't'))])

Chosen seed at iteration 1: 1
Chosen chr at iteration 1
Iteration 2
2	deque([(('48', 'h'), ('48', 't')), (('48', 'h'), ('48', 't'))])

Chosen seed at iteration 2: 1
Chosen chr at iteration 2
