Iteration 1
Iteration 1
Iteration 1
Iteration 1
Iteration 1
Iteration 1
Iteration 1
Iteration 1
Iteration 1
Iteration 1
1	deque([(('31', 'h'), ('31', 't')), (('31', 'h'), ('31', 't'))])

Chosen seed at iteration 1: 1
Chosen chr at iteration 1
Iteration 2
Iteration 1
1	deque([(('31', 'h'), ('31', 't')), (('31', 'h'), ('31', 't'))])

Chosen seed at iteration 1: 1
Chosen chr at iteration 1
Iteration 2
Iteration 1
1	deque([(('31', 'h'), ('31', 't')), (('31', 'h'), ('31', 't'))])

Chosen seed at iteration 1: 1
Chosen chr at iteration 1
Iteration 2
Iteration 1
1	deque([(('31', 'h'), ('31', 't')), (('31', 'h'), ('31', 't'))])

Chosen seed at iteration 1: 1
Chosen chr at iteration 1
Iteration 2
Iteration 1
1	deque([(('31', 'h'), ('31', 't')), (('31', 'h'), ('31', 't'))])

Chosen seed at iteration 1: 1
Chosen chr at iteration 1
Iteration 2
Iteration 1
1	deque([(('31', 'h'), ('31', 't')), (('31', 'h'), ('31', 't'))])

Chosen seed at iteration 1: 1
Chosen chr at iteration 1
Iteration 2
Iteration 1
1	deque([(('31', 'h'), ('31', 't')), (('31', 'h'), ('31', 't'))])

Chosen seed at iteration 1: 1
Chosen chr at iteration 1
Iteration 2
Iteration 1
1	deque([(('31', 'h'), ('31', 't')), (('31', 'h'), ('31', 't'))])

Chosen seed at iteration 1: 1
Chosen chr at iteration 1
Iteration 2
Iteration 1
1	deque([(('31', 'h'), ('31', 't')), (('31', 'h'), ('31', 't'))])

Chosen seed at iteration 1: 1
Chosen chr at iteration 1
Iteration 2
Iteration 1
1	deque([(('31', 'h'), ('31', 't')), (('31', 'h'), ('31', 't'))])

Chosen seed at iteration 1: 1
Chosen chr at iteration 1
Iteration 2
Iteration 1
1	deque([(('31', 'h'), ('31', 't')), (('31', 'h'), ('31', 't'))])

Chosen seed at iteration 1: 1
Chosen chr at iteration 1
Iteration 2
Iteration 1
1	deque([(('31', 'h'), ('31', 't')), (('31', 'h'), ('31', 't'))])

Chosen seed at iteration 1: 1
Chosen chr at iteration 1
Iteration 2
2	deque([(('48', 'h'), ('48', 't')), (('48', 'h'), ('48', 't'))])

Chosen seed at iteration 2: 1
Chosen chr at iteration 2
Iteration 3
Iteration 1
1	deque([(('31', 'h'), ('31', 't')), (('31', 'h'), ('31', 't'))])

Chosen seed at iteration 1: 1
Chosen chr at iteration 1
Iteration 2
2	deque([(('48', 'h'), ('48', 't')), (('48', 'h'), ('48', 't'))])

Chosen seed at iteration 2: 1
Chosen chr at iteration 2
Iteration 3
Iteration 1
1	deque([(('31', 'h'), ('31', 't')), (('31', 'h'), ('31', 't'))])

Chosen seed at iteration 1: 1
Chosen chr at iteration 1
Iteration 2
2	deque([(('48', 'h'), ('48', 't')), (('48', 'h'), ('48', 't'))])

Chosen seed at iteration 2: 1
Chosen chr at iteration 2
Iteration 3
Iteration 1
1	deque([(('31', 'h'), ('31', 't')), (('31', 'h'), ('31', 't'))])

Chosen seed at iteration 1: 1
Chosen chr at iteration 1
Iteration 2
2	deque([(('48', 'h'), ('48', 't')), (('48', 'h'), ('48', 't'))])

Chosen seed at iteration 2: 1
Chosen chr at iteration 2
Iteration 3
Iteration 1
1	deque([(('31', 'h'), ('31', 't')), (('31', 'h'), ('31', 't'))])

Chosen seed at iteration 1: 1
Chosen chr at iteration 1
Iteration 2
2	deque([(('48', 'h'), ('48', 't')), (('48', 'h'), ('48', 't'))])

Chosen seed at iteration 2: 1
Chosen chr at iteration 2
Iteration 3
Iteration 1
1	deque([(('31', 'h'), ('31', 't')), (('31', 'h'), ('31', 't'))])

Chosen seed at iteration 1: 1
Chosen chr at iteration 1
Iteration 2
2	deque([(('48', 'h'), ('48', 't')), (('48', 'h'), ('48', 't'))])

Chosen seed at iteration 2: 1
Chosen chr at iteration 2
Iteration 3
Iteration 1
1	deque([(('31', 'h'), ('31', 't')), (('31', 'h'), ('31', 't'))])

Chosen seed at iteration 1: 1
Chosen chr at iteration 1
Iteration 2
2	deque([(('48', 'h'), ('48', 't')), (('48', 'h'), ('48', 't'))])

Chosen seed at iteration 2: 1
Chosen chr at iteration 2
Iteration 3
Iteration 1
1	deque([(('31', 'h'), ('31', 't')), (('31', 'h'), ('31', 't'))])

Chosen seed at iteration 1: 1
Chosen chr at iteration 1
Iteration 2
2	deque([(('48', 'h'), ('48', 't')), (('48', 'h'), ('48', 't'))])

Chosen seed at iteration 2: 1
Chosen chr at iteration 2
Iteration 3
Iteration 1
1	deque([(('31', 'h'), ('31', 't')), (('31', 'h'), ('31', 't'))])

Chosen seed at iteration 1: 1
Chosen chr at iteration 1
Iteration 2
2	deque([(('48', 'h'), ('48', 't')), (('48', 'h'), ('48', 't'))])

Chosen seed at iteration 2: 1
Chosen chr at iteration 2
Iteration 3
Iteration 1
1	deque([(('31', 'h'), ('31', 't')), (('31', 'h'), ('31', 't'))])

Chosen seed at iteration 1: 1
Chosen chr at iteration 1
Iteration 2
2	deque([(('48', 'h'), ('48', 't')), (('48', 'h'), ('48', 't'))])

Chosen seed at iteration 2: 1
Chosen chr at iteration 2
Iteration 3
Iteration 1
1	deque([(('31', 'h'), ('31', 't')), (('31', 'h'), ('31', 't'))])

Chosen seed at iteration 1: 1
Chosen chr at iteration 1
Iteration 2
2	deque([(('48', 'h'), ('48', 't')), (('48', 'h'), ('48', 't'))])

Chosen seed at iteration 2: 1
Chosen chr at iteration 2
Iteration 3
Iteration 1
1	deque([(('31', 'h'), ('31', 't')), (('31', 'h'), ('31', 't'))])

Chosen seed at iteration 1: 1
Chosen chr at iteration 1
Iteration 2
2	deque([(('48', 'h'), ('48', 't')), (('48', 'h'), ('48', 't'))])

Chosen seed at iteration 2: 1
Chosen chr at iteration 2
Iteration 3
Iteration 1
1	deque([(('31', 'h'), ('31', 't')), (('31', 'h'), ('31', 't'))])

Chosen seed at iteration 1: 1
Chosen chr at iteration 1
Iteration 2
2	deque([(('48', 'h'), ('48', 't')), (('48', 'h'), ('48', 't'))])

Chosen seed at iteration 2: 1
Chosen chr at iteration 2
Iteration 3
Iteration 1
1	deque([(('31', 'h'), ('31', 't')), (('31', 'h'), ('31', 't'))])

Chosen seed at iteration 1: 1
Chosen chr at iteration 1
Iteration 2
2	deque([(('48', 'h'), ('48', 't')), (('48', 'h'), ('48', 't'))])

Chosen seed at iteration 2: 1
Chosen chr at iteration 2
Iteration 3
Iteration 1
1	deque([(('31', 'h'), ('31', 't')), (('31', 'h'), ('31', 't'))])

Chosen seed at iteration 1: 1
Chosen chr at iteration 1
Iteration 2
2	deque([(('48', 'h'), ('48', 't')), (('48', 'h'), ('48', 't'))])

Chosen seed at iteration 2: 1
Chosen chr at iteration 2
Iteration 3
Iteration 1
1	deque([(('31', 'h'), ('31', 't')), (('31', 'h'), ('31', 't'))])

Chosen seed at iteration 1: 1
Chosen chr at iteration 1
Iteration 2
2	deque([(('48', 'h'), ('48', 't')), (('48', 'h'), ('48', 't'))])

Chosen seed at iteration 2: 1
Chosen chr at iteration 2
Iteration 3
3	deque([(('77', 'h'), ('61', 't')), (('61', 'h'), ('55', 't')), (('55', 'h'), ('52', 'h')), (('52', 't'), ('77', 't'))])

Chosen seed at iteration 3: 1
Chosen chr at iteration 3
Iteration 4
Iteration 1
1	deque([(('31', 'h'), ('31', 't')), (('31', 'h'), ('31', 't'))])

Chosen seed at iteration 1: 1
Chosen chr at iteration 1
Iteration 2
2	deque([(('48', 'h'), ('48', 't')), (('48', 'h'), ('48', 't'))])

Chosen seed at iteration 2: 1
Chosen chr at iteration 2
Iteration 3
3	deque([(('77', 'h'), ('61', 't')), (('61', 'h'), ('55', 't')), (('55', 'h'), ('52', 'h')), (('52', 't'), ('77', 't'))])

Chosen seed at iteration 3: 1
Chosen chr at iteration 3
Iteration 4
Iteration 1
1	deque([(('31', 'h'), ('31', 't')), (('31', 'h'), ('31', 't'))])

Chosen seed at iteration 1: 1
Chosen chr at iteration 1
Iteration 2
2	deque([(('48', 'h'), ('48', 't')), (('48', 'h'), ('48', 't'))])

Chosen seed at iteration 2: 1
Chosen chr at iteration 2
Iteration 3
3	deque([(('77', 'h'), ('61', 't')), (('61', 'h'), ('55', 't')), (('55', 'h'), ('52', 'h')), (('52', 't'), ('77', 't'))])

Chosen seed at iteration 3: 1
Chosen chr at iteration 3
Iteration 4
Iteration 1
1	deque([(('31', 'h'), ('31', 't')), (('31', 'h'), ('31', 't'))])

Chosen seed at iteration 1: 1
Chosen chr at iteration 1
Iteration 2
2	deque([(('48', 'h'), ('48', 't')), (('48', 'h'), ('48', 't'))])

Chosen seed at iteration 2: 1
Chosen chr at iteration 2
Iteration 3
Iteration 1
1	deque([(('31', 'h'), ('31', 't')), (('31', 'h'), ('31', 't'))])

Chosen seed at iteration 1: 1
Chosen chr at iteration 1
Iteration 2
2	deque([(('48', 'h'), ('48', 't')), (('48', 'h'), ('48', 't'))])

Chosen seed at iteration 2: 1
Chosen chr at iteration 2
Iteration 3
3	deque([(('85', 'h'), ('64', 'h')), (('64', 't'), ('122', 't')), (('122', 'h'), ('135', 'h')), (('135', 't'), ('95', 't')), (('95', 'h'), ('100', 'h')), (('100', 't'), ('16', 't')), (('16', 'h'), ('120', 't')), (('120', 'h'), ('126', 'h')), (('126', 't'), ('59', 'h')), (('59', 't'), ('137', 't')), (('137', 'h'), ('134', 'h')), (('134', 't'), ('66', 't')), (('66', 'h'), ('107', 'h')), (('107', 't'), ('85', 't'))])
3	deque([(('103', 'h'), ('123', 't')), (('123', 'h'), ('103', 't'))])

Chosen seed at iteration 3: 2
Chosen chr at iteration 3
Iteration 4
4	deque([(('85', 'h'), ('64', 'h')), (('64', 't'), ('122', 't')), (('122', 'h'), ('135', 'h')), (('135', 't'), ('95', 't')), (('95', 'h'), ('100', 'h')), (('100', 't'), ('16', 't')), (('16', 'h'), ('120', 't')), (('120', 'h'), ('126', 'h')), (('126', 't'), ('59', 'h')), (('59', 't'), ('137', 't')), (('137', 'h'), ('134', 'h')), (('134', 't'), ('66', 't')), (('66', 'h'), ('107', 'h')), (('107', 't'), ('85', 't'))])

Chosen seed at iteration 4: 1
Chosen chr at iteration 4
Iteration 5
5	deque([(('85', 'h'), ('64', 'h')), (('64', 't'), ('122', 't')), (('122', 'h'), ('135', 'h')), (('135', 't'), ('95', 't')), (('95', 'h'), ('100', 'h')), (('100', 't'), ('16', 't')), (('16', 'h'), ('120', 't')), (('120', 'h'), ('126', 'h')), (('126', 't'), ('59', 'h')), (('59', 't'), ('138', 'h')), (('138', 't'), ('134', 'h')), (('134', 't'), ('66', 't')), (('66', 'h'), ('107', 'h')), (('107', 't'), ('85', 't'))])

Chosen seed at iteration 5: 1
Chosen chr at iteration 5
Iteration 6
6	deque([(('85', 'h'), ('64', 'h')), (('64', 't'), ('122', 't')), (('122', 'h'), ('135', 'h')), (('135', 't'), ('95', 't')), (('95', 'h'), ('100', 'h')), (('100', 't'), ('16', 't')), (('16', 'h'), ('120', 't')), (('120', 'h'), ('126', 'h')), (('126', 't'), ('59', 'h')), (('59', 't'), ('138', 'h')), (('138', 't'), ('133', 'h')), (('133', 't'), ('66', 't')), (('66', 'h'), ('107', 'h')), (('107', 't'), ('85', 't'))])

Chosen seed at iteration 6: 1
Chosen chr at iteration 6
Iteration 7
7	deque([(('85', 'h'), ('64', 'h')), (('64', 't'), ('122', 't')), (('122', 'h'), ('135', 'h')), (('135', 't'), ('95', 't')), (('95', 'h'), ('100', 'h')), (('100', 't'), ('16', 't')), (('16', 'h'), ('120', 't')), (('120', 'h'), ('126', 'h')), (('126', 't'), ('59', 'h')), (('59', 't'), ('137', 't')), (('137', 'h'), ('134', 'h')), (('134', 't'), ('66', 't')), (('66', 'h'), ('127', 't')), (('127', 'h'), ('110', 't')), (('110', 'h'), ('85', 't'))])

Chosen seed at iteration 7: 1
Chosen chr at iteration 7
Iteration 8
8	deque([(('85', 'h'), ('64', 'h')), (('64', 't'), ('122', 't')), (('122', 'h'), ('135', 'h')), (('135', 't'), ('95', 't')), (('95', 'h'), ('100', 'h')), (('100', 't'), ('16', 't')), (('16', 'h'), ('120', 't')), (('120', 'h'), ('126', 'h')), (('126', 't'), ('59', 'h')), (('59', 't'), ('138', 'h')), (('138', 't'), ('134', 'h')), (('134', 't'), ('66', 't')), (('66', 'h'), ('127', 't')), (('127', 'h'), ('110', 't')), (('110', 'h'), ('85', 't'))])

Chosen seed at iteration 8: 1
Chosen chr at iteration 8
Iteration 9
9	deque([(('85', 'h'), ('64', 'h')), (('64', 't'), ('122', 't')), (('122', 'h'), ('135', 'h')), (('135', 't'), ('95', 't')), (('95', 'h'), ('100', 'h')), (('100', 't'), ('16', 't')), (('16', 'h'), ('120', 't')), (('120', 'h'), ('126', 'h')), (('126', 't'), ('59', 'h')), (('59', 't'), ('138', 'h')), (('138', 't'), ('133', 'h')), (('133', 't'), ('66', 't')), (('66', 'h'), ('127', 't')), (('127', 'h'), ('110', 't')), (('110', 'h'), ('85', 't'))])

Chosen seed at iteration 9: 1
Chosen chr at iteration 9
Iteration 10
10	deque([(('85', 'h'), ('64', 'h')), (('64', 't'), ('121', 't')), (('121', 'h'), ('109', 't')), (('109', 'h'), ('117', 't')), (('117', 'h'), ('100', 'h')), (('100', 't'), ('16', 't')), (('16', 'h'), ('120', 't')), (('120', 'h'), ('126', 'h')), (('126', 't'), ('59', 'h')), (('59', 't'), ('137', 't')), (('137', 'h'), ('134', 'h')), (('134', 't'), ('66', 't')), (('66', 'h'), ('107', 'h')), (('107', 't'), ('85', 't'))])

Chosen seed at iteration 10: 1
Chosen chr at iteration 10
Iteration 11
11	deque([(('85', 'h'), ('64', 'h')), (('64', 't'), ('121', 't')), (('121', 'h'), ('109', 't')), (('109', 'h'), ('117', 't')), (('117', 'h'), ('100', 'h')), (('100', 't'), ('16', 't')), (('16', 'h'), ('120', 't')), (('120', 'h'), ('126', 'h')), (('126', 't'), ('59', 'h')), (('59', 't'), ('138', 'h')), (('138', 't'), ('134', 'h')), (('134', 't'), ('66', 't')), (('66', 'h'), ('107', 'h')), (('107', 't'), ('85', 't'))])

Chosen seed at iteration 11: 1
Chosen chr at iteration 11
Iteration 12
12	deque([(('85', 'h'), ('64', 'h')), (('64', 't'), ('121', 't')), (('121', 'h'), ('109', 't')), (('109', 'h'), ('117', 't')), (('117', 'h'), ('100', 'h')), (('100', 't'), ('16', 't')), (('16', 'h'), ('120', 't')), (('120', 'h'), ('126', 'h')), (('126', 't'), ('59', 'h')), (('59', 't'), ('138', 'h')), (('138', 't'), ('133', 'h')), (('133', 't'), ('66', 't')), (('66', 'h'), ('107', 'h')), (('107', 't'), ('85', 't'))])

Chosen seed at iteration 12: 1
Chosen chr at iteration 12
Iteration 13
13	deque([(('85', 'h'), ('64', 'h')), (('64', 't'), ('121', 't')), (('121', 'h'), ('109', 't')), (('109', 'h'), ('117', 't')), (('117', 'h'), ('100', 'h')), (('100', 't'), ('16', 't')), (('16', 'h'), ('120', 't')), (('120', 'h'), ('126', 'h')), (('126', 't'), ('59', 'h')), (('59', 't'), ('137', 't')), (('137', 'h'), ('134', 'h')), (('134', 't'), ('66', 't')), (('66', 'h'), ('127', 't')), (('127', 'h'), ('110', 't')), (('110', 'h'), ('85', 't'))])

Chosen seed at iteration 13: 1
Chosen chr at iteration 13
Iteration 14
14	deque([(('85', 'h'), ('64', 'h')), (('64', 't'), ('121', 't')), (('121', 'h'), ('109', 't')), (('109', 'h'), ('117', 't')), (('117', 'h'), ('100', 'h')), (('100', 't'), ('16', 't')), (('16', 'h'), ('120', 't')), (('120', 'h'), ('126', 'h')), (('126', 't'), ('59', 'h')), (('59', 't'), ('138', 'h')), (('138', 't'), ('134', 'h')), (('134', 't'), ('66', 't')), (('66', 'h'), ('127', 't')), (('127', 'h'), ('110', 't')), (('110', 'h'), ('85', 't'))])

Chosen seed at iteration 14: 1
Chosen chr at iteration 14
Iteration 15
15	deque([(('85', 'h'), ('64', 'h')), (('64', 't'), ('121', 't')), (('121', 'h'), ('109', 't')), (('109', 'h'), ('117', 't')), (('117', 'h'), ('100', 'h')), (('100', 't'), ('16', 't')), (('16', 'h'), ('120', 't')), (('120', 'h'), ('126', 'h')), (('126', 't'), ('59', 'h')), (('59', 't'), ('138', 'h')), (('138', 't'), ('133', 'h')), (('133', 't'), ('66', 't')), (('66', 'h'), ('127', 't')), (('127', 'h'), ('110', 't')), (('110', 'h'), ('85', 't'))])

Chosen seed at iteration 15: 1
Chosen chr at iteration 15
Iteration 16
16	deque([(('135', 'h'), ('122', 'h')), (('122', 't'), ('64', 't')), (('64', 'h'), ('86', 'h')), (('86', 't'), ('127', 'h')), (('127', 't'), ('66', 'h')), (('66', 't'), ('134', 't')), (('134', 'h'), ('137', 'h')), (('137', 't'), ('59', 't')), (('59', 'h'), ('126', 't')), (('126', 'h'), ('120', 'h')), (('120', 't'), ('16', 'h')), (('16', 't'), ('100', 't')), (('100', 'h'), ('95', 'h')), (('95', 't'), ('135', 't'))])

Chosen seed at iteration 16: 1
Chosen chr at iteration 16
Iteration 17
17	deque([(('135', 'h'), ('122', 'h')), (('122', 't'), ('64', 't')), (('64', 'h'), ('86', 'h')), (('86', 't'), ('127', 'h')), (('127', 't'), ('66', 'h')), (('66', 't'), ('134', 't')), (('134', 'h'), ('138', 't')), (('138', 'h'), ('59', 't')), (('59', 'h'), ('126', 't')), (('126', 'h'), ('120', 'h')), (('120', 't'), ('16', 'h')), (('16', 't'), ('100', 't')), (('100', 'h'), ('95', 'h')), (('95', 't'), ('135', 't'))])

Chosen seed at iteration 17: 1
Chosen chr at iteration 17
Iteration 18
18	deque([(('135', 'h'), ('122', 'h')), (('122', 't'), ('64', 't')), (('64', 'h'), ('86', 'h')), (('86', 't'), ('127', 'h')), (('127', 't'), ('66', 'h')), (('66', 't'), ('133', 't')), (('133', 'h'), ('138', 't')), (('138', 'h'), ('59', 't')), (('59', 'h'), ('126', 't')), (('126', 'h'), ('120', 'h')), (('120', 't'), ('16', 'h')), (('16', 't'), ('100', 't')), (('100', 'h'), ('95', 'h')), (('95', 't'), ('135', 't'))])

Chosen seed at iteration 18: 1
Chosen chr at iteration 18
Iteration 19
19	deque([(('121', 't'), ('64', 't')), (('64', 'h'), ('86', 'h')), (('86', 't'), ('127', 'h')), (('127', 't'), ('66', 'h')), (('66', 't'), ('134', 't')), (('134', 'h'), ('137', 'h')), (('137', 't'), ('59', 't')), (('59', 'h'), ('126', 't')), (('126', 'h'), ('120', 'h')), (('120', 't'), ('16', 'h')), (('16', 't'), ('100', 't')), (('100', 'h'), ('117', 'h')), (('117', 't'), ('109', 'h')), (('109', 't'), ('121', 'h'))])

Chosen seed at iteration 19: 1
Chosen chr at iteration 19
Iteration 20
20	deque([(('121', 't'), ('64', 't')), (('64', 'h'), ('86', 'h')), (('86', 't'), ('127', 'h')), (('127', 't'), ('66', 'h')), (('66', 't'), ('134', 't')), (('134', 'h'), ('138', 't')), (('138', 'h'), ('59', 't')), (('59', 'h'), ('126', 't')), (('126', 'h'), ('120', 'h')), (('120', 't'), ('16', 'h')), (('16', 't'), ('100', 't')), (('100', 'h'), ('117', 'h')), (('117', 't'), ('109', 'h')), (('109', 't'), ('121', 'h'))])

Chosen seed at iteration 20: 1
Chosen chr at iteration 20
Iteration 21
21	deque([(('121', 't'), ('64', 't')), (('64', 'h'), ('86', 'h')), (('86', 't'), ('127', 'h')), (('127', 't'), ('66', 'h')), (('66', 't'), ('133', 't')), (('133', 'h'), ('138', 't')), (('138', 'h'), ('59', 't')), (('59', 'h'), ('126', 't')), (('126', 'h'), ('120', 'h')), (('120', 't'), ('16', 'h')), (('16', 't'), ('100', 't')), (('100', 'h'), ('117', 'h')), (('117', 't'), ('109', 'h')), (('109', 't'), ('121', 'h'))])

Chosen seed at iteration 21: 1
Chosen chr at iteration 21
Iteration 22
22	deque([(('85', 'h'), ('64', 'h')), (('64', 't'), ('122', 't')), (('122', 'h'), ('135', 'h')), (('135', 't'), ('95', 't')), (('95', 'h'), ('100', 'h')), (('100', 't'), ('17', 'h')), (('17', 't'), ('105', 'h')), (('105', 't'), ('59', 'h')), (('59', 't'), ('137', 't')), (('137', 'h'), ('134', 'h')), (('134', 't'), ('66', 't')), (('66', 'h'), ('107', 'h')), (('107', 't'), ('85', 't'))])

Chosen seed at iteration 22: 1
Chosen chr at iteration 22
Iteration 23
23	deque([(('85', 'h'), ('64', 'h')), (('64', 't'), ('122', 't')), (('122', 'h'), ('135', 'h')), (('135', 't'), ('95', 't')), (('95', 'h'), ('100', 'h')), (('100', 't'), ('17', 'h')), (('17', 't'), ('105', 'h')), (('105', 't'), ('59', 'h')), (('59', 't'), ('138', 'h')), (('138', 't'), ('134', 'h')), (('134', 't'), ('66', 't')), (('66', 'h'), ('107', 'h')), (('107', 't'), ('85', 't'))])

Chosen seed at iteration 23: 1
Chosen chr at iteration 23
Iteration 24
24	deque([(('85', 'h'), ('64', 'h')), (('64', 't'), ('122', 't')), (('122', 'h'), ('135', 'h')), (('135', 't'), ('95', 't')), (('95', 'h'), ('100', 'h')), (('100', 't'), ('17', 'h')), (('17', 't'), ('105', 'h')), (('105', 't'), ('59', 'h')), (('59', 't'), ('138', 'h')), (('138', 't'), ('133', 'h')), (('133', 't'), ('66', 't')), (('66', 'h'), ('107', 'h')), (('107', 't'), ('85', 't'))])

Chosen seed at iteration 24: 1
Chosen chr at iteration 24
Iteration 25
25	deque([(('85', 'h'), ('64', 'h')), (('64', 't'), ('122', 't')), (('122', 'h'), ('135', 'h')), (('135', 't'), ('95', 't')), (('95', 'h'), ('100', 'h')), (('100', 't'), ('17', 'h')), (('17', 't'), ('105', 'h')), (('105', 't'), ('59', 'h')), (('59', 't'), ('137', 't')), (('137', 'h'), ('134', 'h')), (('134', 't'), ('66', 't')), (('66', 'h'), ('127', 't')), (('127', 'h'), ('110', 't')), (('110', 'h'), ('85', 't'))])

Chosen seed at iteration 25: 1
Chosen chr at iteration 25
Iteration 26
26	deque([(('85', 'h'), ('64', 'h')), (('64', 't'), ('122', 't')), (('122', 'h'), ('135', 'h')), (('135', 't'), ('95', 't')), (('95', 'h'), ('100', 'h')), (('100', 't'), ('17', 'h')), (('17', 't'), ('105', 'h')), (('105', 't'), ('59', 'h')), (('59', 't'), ('138', 'h')), (('138', 't'), ('134', 'h')), (('134', 't'), ('66', 't')), (('66', 'h'), ('127', 't')), (('127', 'h'), ('110', 't')), (('110', 'h'), ('85', 't'))])

Chosen seed at iteration 26: 1
Chosen chr at iteration 26
Iteration 27
27	deque([(('85', 'h'), ('64', 'h')), (('64', 't'), ('122', 't')), (('122', 'h'), ('135', 'h')), (('135', 't'), ('95', 't')), (('95', 'h'), ('100', 'h')), (('100', 't'), ('17', 'h')), (('17', 't'), ('105', 'h')), (('105', 't'), ('59', 'h')), (('59', 't'), ('138', 'h')), (('138', 't'), ('133', 'h')), (('133', 't'), ('66', 't')), (('66', 'h'), ('127', 't')), (('127', 'h'), ('110', 't')), (('110', 'h'), ('85', 't'))])

Chosen seed at iteration 27: 1
Chosen chr at iteration 27
Iteration 28
28	deque([(('85', 'h'), ('64', 'h')), (('64', 't'), ('121', 't')), (('121', 'h'), ('109', 't')), (('109', 'h'), ('117', 't')), (('117', 'h'), ('100', 'h')), (('100', 't'), ('17', 'h')), (('17', 't'), ('105', 'h')), (('105', 't'), ('59', 'h')), (('59', 't'), ('137', 't')), (('137', 'h'), ('134', 'h')), (('134', 't'), ('66', 't')), (('66', 'h'), ('107', 'h')), (('107', 't'), ('85', 't'))])

Chosen seed at iteration 28: 1
Chosen chr at iteration 28
Iteration 29
29	deque([(('85', 'h'), ('64', 'h')), (('64', 't'), ('121', 't')), (('121', 'h'), ('109', 't')), (('109', 'h'), ('117', 't')), (('117', 'h'), ('100', 'h')), (('100', 't'), ('17', 'h')), (('17', 't'), ('105', 'h')), (('105', 't'), ('59', 'h')), (('59', 't'), ('138', 'h')), (('138', 't'), ('134', 'h')), (('134', 't'), ('66', 't')), (('66', 'h'), ('107', 'h')), (('107', 't'), ('85', 't'))])

Chosen seed at iteration 29: 1
Chosen chr at iteration 29
Iteration 30
30	deque([(('85', 'h'), ('64', 'h')), (('64', 't'), ('121', 't')), (('121', 'h'), ('109', 't')), (('109', 'h'), ('117', 't')), (('117', 'h'), ('100', 'h')), (('100', 't'), ('17', 'h')), (('17', 't'), ('105', 'h')), (('105', 't'), ('59', 'h')), (('59', 't'), ('138', 'h')), (('138', 't'), ('133', 'h')), (('133', 't'), ('66', 't')), (('66', 'h'), ('107', 'h')), (('107', 't'), ('85', 't'))])

Chosen seed at iteration 30: 1
Chosen chr at iteration 30
Iteration 31
31	deque([(('85', 'h'), ('64', 'h')), (('64', 't'), ('121', 't')), (('121', 'h'), ('109', 't')), (('109', 'h'), ('117', 't')), (('117', 'h'), ('100', 'h')), (('100', 't'), ('17', 'h')), (('17', 't'), ('105', 'h')), (('105', 't'), ('59', 'h')), (('59', 't'), ('137', 't')), (('137', 'h'), ('134', 'h')), (('134', 't'), ('66', 't')), (('66', 'h'), ('127', 't')), (('127', 'h'), ('110', 't')), (('110', 'h'), ('85', 't'))])

Chosen seed at iteration 31: 1
Chosen chr at iteration 31
Iteration 32
32	deque([(('85', 'h'), ('64', 'h')), (('64', 't'), ('121', 't')), (('121', 'h'), ('109', 't')), (('109', 'h'), ('117', 't')), (('117', 'h'), ('100', 'h')), (('100', 't'), ('17', 'h')), (('17', 't'), ('105', 'h')), (('105', 't'), ('59', 'h')), (('59', 't'), ('138', 'h')), (('138', 't'), ('134', 'h')), (('134', 't'), ('66', 't')), (('66', 'h'), ('127', 't')), (('127', 'h'), ('110', 't')), (('110', 'h'), ('85', 't'))])

Chosen seed at iteration 32: 1
Chosen chr at iteration 32
Iteration 33
33	deque([(('85', 'h'), ('64', 'h')), (('64', 't'), ('121', 't')), (('121', 'h'), ('109', 't')), (('109', 'h'), ('117', 't')), (('117', 'h'), ('100', 'h')), (('100', 't'), ('17', 'h')), (('17', 't'), ('105', 'h')), (('105', 't'), ('59', 'h')), (('59', 't'), ('138', 'h')), (('138', 't'), ('133', 'h')), (('133', 't'), ('66', 't')), (('66', 'h'), ('127', 't')), (('127', 'h'), ('110', 't')), (('110', 'h'), ('85', 't'))])

Chosen seed at iteration 33: 1
Chosen chr at iteration 33
Iteration 34
34	deque([(('105', 'h'), ('17', 't')), (('17', 'h'), ('100', 't')), (('100', 'h'), ('95', 'h')), (('95', 't'), ('135', 't')), (('135', 'h'), ('122', 'h')), (('122', 't'), ('64', 't')), (('64', 'h'), ('86', 'h')), (('86', 't'), ('127', 'h')), (('127', 't'), ('66', 'h')), (('66', 't'), ('134', 't')), (('134', 'h'), ('137', 'h')), (('137', 't'), ('59', 't')), (('59', 'h'), ('105', 't'))])

Chosen seed at iteration 34: 1
Chosen chr at iteration 34
Iteration 35
35	deque([(('105', 'h'), ('17', 't')), (('17', 'h'), ('100', 't')), (('100', 'h'), ('95', 'h')), (('95', 't'), ('135', 't')), (('135', 'h'), ('122', 'h')), (('122', 't'), ('64', 't')), (('64', 'h'), ('86', 'h')), (('86', 't'), ('127', 'h')), (('127', 't'), ('66', 'h')), (('66', 't'), ('134', 't')), (('134', 'h'), ('138', 't')), (('138', 'h'), ('59', 't')), (('59', 'h'), ('105', 't'))])

Chosen seed at iteration 35: 1
Chosen chr at iteration 35
Iteration 36
36	deque([(('105', 'h'), ('17', 't')), (('17', 'h'), ('100', 't')), (('100', 'h'), ('95', 'h')), (('95', 't'), ('135', 't')), (('135', 'h'), ('122', 'h')), (('122', 't'), ('64', 't')), (('64', 'h'), ('86', 'h')), (('86', 't'), ('127', 'h')), (('127', 't'), ('66', 'h')), (('66', 't'), ('133', 't')), (('133', 'h'), ('138', 't')), (('138', 'h'), ('59', 't')), (('59', 'h'), ('105', 't'))])

Chosen seed at iteration 36: 1
Chosen chr at iteration 36
Iteration 37
37	deque([(('105', 'h'), ('17', 't')), (('17', 'h'), ('100', 't')), (('100', 'h'), ('117', 'h')), (('117', 't'), ('109', 'h')), (('109', 't'), ('121', 'h')), (('121', 't'), ('64', 't')), (('64', 'h'), ('86', 'h')), (('86', 't'), ('127', 'h')), (('127', 't'), ('66', 'h')), (('66', 't'), ('134', 't')), (('134', 'h'), ('137', 'h')), (('137', 't'), ('59', 't')), (('59', 'h'), ('105', 't'))])

Chosen seed at iteration 37: 1
Chosen chr at iteration 37
Iteration 38
38	deque([(('105', 'h'), ('17', 't')), (('17', 'h'), ('100', 't')), (('100', 'h'), ('117', 'h')), (('117', 't'), ('109', 'h')), (('109', 't'), ('121', 'h')), (('121', 't'), ('64', 't')), (('64', 'h'), ('86', 'h')), (('86', 't'), ('127', 'h')), (('127', 't'), ('66', 'h')), (('66', 't'), ('134', 't')), (('134', 'h'), ('138', 't')), (('138', 'h'), ('59', 't')), (('59', 'h'), ('105', 't'))])

Chosen seed at iteration 38: 1
Chosen chr at iteration 38
Iteration 39
39	deque([(('105', 'h'), ('17', 't')), (('17', 'h'), ('100', 't')), (('100', 'h'), ('117', 'h')), (('117', 't'), ('109', 'h')), (('109', 't'), ('121', 'h')), (('121', 't'), ('64', 't')), (('64', 'h'), ('86', 'h')), (('86', 't'), ('127', 'h')), (('127', 't'), ('66', 'h')), (('66', 't'), ('133', 't')), (('133', 'h'), ('138', 't')), (('138', 'h'), ('59', 't')), (('59', 'h'), ('105', 't'))])

Chosen seed at iteration 39: 1
Chosen chr at iteration 39
Iteration 40
Iteration 1
1	deque([(('31', 'h'), ('31', 't')), (('31', 'h'), ('31', 't'))])

Chosen seed at iteration 1: 1
Chosen chr at iteration 1
Iteration 2
2	deque([(('48', 'h'), ('48', 't')), (('48', 'h'), ('48', 't'))])

Chosen seed at iteration 2: 1
Chosen chr at iteration 2
Iteration 3
3	deque([(('85', 'h'), ('64', 'h')), (('64', 't'), ('122', 't')), (('122', 'h'), ('135', 'h')), (('135', 't'), ('95', 't')), (('95', 'h'), ('100', 'h')), (('100', 't'), ('16', 't')), (('16', 'h'), ('120', 't')), (('120', 'h'), ('126', 'h')), (('126', 't'), ('59', 'h')), (('59', 't'), ('137', 't')), (('137', 'h'), ('134', 'h')), (('134', 't'), ('66', 't')), (('66', 'h'), ('107', 'h')), (('107', 't'), ('85', 't'))])
3	deque([(('103', 'h'), ('123', 't')), (('123', 'h'), ('103', 't'))])

Chosen seed at iteration 3: 2
Chosen chr at iteration 3
Iteration 4
4	deque([(('85', 'h'), ('64', 'h')), (('64', 't'), ('122', 't')), (('122', 'h'), ('135', 'h')), (('135', 't'), ('95', 't')), (('95', 'h'), ('100', 'h')), (('100', 't'), ('16', 't')), (('16', 'h'), ('120', 't')), (('120', 'h'), ('126', 'h')), (('126', 't'), ('59', 'h')), (('59', 't'), ('137', 't')), (('137', 'h'), ('134', 'h')), (('134', 't'), ('66', 't')), (('66', 'h'), ('107', 'h')), (('107', 't'), ('85', 't'))])

Chosen seed at iteration 4: 1
Chosen chr at iteration 4
Iteration 5
5	deque([(('85', 'h'), ('64', 'h')), (('64', 't'), ('122', 't')), (('122', 'h'), ('135', 'h')), (('135', 't'), ('95', 't')), (('95', 'h'), ('100', 'h')), (('100', 't'), ('16', 't')), (('16', 'h'), ('120', 't')), (('120', 'h'), ('126', 'h')), (('126', 't'), ('59', 'h')), (('59', 't'), ('138', 'h')), (('138', 't'), ('134', 'h')), (('134', 't'), ('66', 't')), (('66', 'h'), ('107', 'h')), (('107', 't'), ('85', 't'))])

Chosen seed at iteration 5: 1
Chosen chr at iteration 5
Iteration 6
6	deque([(('85', 'h'), ('64', 'h')), (('64', 't'), ('122', 't')), (('122', 'h'), ('135', 'h')), (('135', 't'), ('95', 't')), (('95', 'h'), ('100', 'h')), (('100', 't'), ('16', 't')), (('16', 'h'), ('120', 't')), (('120', 'h'), ('126', 'h')), (('126', 't'), ('59', 'h')), (('59', 't'), ('138', 'h')), (('138', 't'), ('133', 'h')), (('133', 't'), ('66', 't')), (('66', 'h'), ('107', 'h')), (('107', 't'), ('85', 't'))])

Chosen seed at iteration 6: 1
Chosen chr at iteration 6
Iteration 7
7	deque([(('85', 'h'), ('64', 'h')), (('64', 't'), ('122', 't')), (('122', 'h'), ('135', 'h')), (('135', 't'), ('95', 't')), (('95', 'h'), ('100', 'h')), (('100', 't'), ('16', 't')), (('16', 'h'), ('120', 't')), (('120', 'h'), ('126', 'h')), (('126', 't'), ('59', 'h')), (('59', 't'), ('137', 't')), (('137', 'h'), ('134', 'h')), (('134', 't'), ('66', 't')), (('66', 'h'), ('127', 't')), (('127', 'h'), ('110', 't')), (('110', 'h'), ('85', 't'))])

Chosen seed at iteration 7: 1
Chosen chr at iteration 7
Iteration 8
8	deque([(('85', 'h'), ('64', 'h')), (('64', 't'), ('122', 't')), (('122', 'h'), ('135', 'h')), (('135', 't'), ('95', 't')), (('95', 'h'), ('100', 'h')), (('100', 't'), ('16', 't')), (('16', 'h'), ('120', 't')), (('120', 'h'), ('126', 'h')), (('126', 't'), ('59', 'h')), (('59', 't'), ('138', 'h')), (('138', 't'), ('134', 'h')), (('134', 't'), ('66', 't')), (('66', 'h'), ('127', 't')), (('127', 'h'), ('110', 't')), (('110', 'h'), ('85', 't'))])

Chosen seed at iteration 8: 1
Chosen chr at iteration 8
Iteration 9
9	deque([(('85', 'h'), ('64', 'h')), (('64', 't'), ('122', 't')), (('122', 'h'), ('135', 'h')), (('135', 't'), ('95', 't')), (('95', 'h'), ('100', 'h')), (('100', 't'), ('16', 't')), (('16', 'h'), ('120', 't')), (('120', 'h'), ('126', 'h')), (('126', 't'), ('59', 'h')), (('59', 't'), ('138', 'h')), (('138', 't'), ('133', 'h')), (('133', 't'), ('66', 't')), (('66', 'h'), ('127', 't')), (('127', 'h'), ('110', 't')), (('110', 'h'), ('85', 't'))])

Chosen seed at iteration 9: 1
Chosen chr at iteration 9
Iteration 10
10	deque([(('85', 'h'), ('64', 'h')), (('64', 't'), ('121', 't')), (('121', 'h'), ('109', 't')), (('109', 'h'), ('117', 't')), (('117', 'h'), ('100', 'h')), (('100', 't'), ('16', 't')), (('16', 'h'), ('120', 't')), (('120', 'h'), ('126', 'h')), (('126', 't'), ('59', 'h')), (('59', 't'), ('137', 't')), (('137', 'h'), ('134', 'h')), (('134', 't'), ('66', 't')), (('66', 'h'), ('107', 'h')), (('107', 't'), ('85', 't'))])

Chosen seed at iteration 10: 1
Chosen chr at iteration 10
Iteration 11
11	deque([(('85', 'h'), ('64', 'h')), (('64', 't'), ('121', 't')), (('121', 'h'), ('109', 't')), (('109', 'h'), ('117', 't')), (('117', 'h'), ('100', 'h')), (('100', 't'), ('16', 't')), (('16', 'h'), ('120', 't')), (('120', 'h'), ('126', 'h')), (('126', 't'), ('59', 'h')), (('59', 't'), ('138', 'h')), (('138', 't'), ('134', 'h')), (('134', 't'), ('66', 't')), (('66', 'h'), ('107', 'h')), (('107', 't'), ('85', 't'))])

Chosen seed at iteration 11: 1
Chosen chr at iteration 11
Iteration 12
12	deque([(('85', 'h'), ('64', 'h')), (('64', 't'), ('121', 't')), (('121', 'h'), ('109', 't')), (('109', 'h'), ('117', 't')), (('117', 'h'), ('100', 'h')), (('100', 't'), ('16', 't')), (('16', 'h'), ('120', 't')), (('120', 'h'), ('126', 'h')), (('126', 't'), ('59', 'h')), (('59', 't'), ('138', 'h')), (('138', 't'), ('133', 'h')), (('133', 't'), ('66', 't')), (('66', 'h'), ('107', 'h')), (('107', 't'), ('85', 't'))])

Chosen seed at iteration 12: 1
Chosen chr at iteration 12
Iteration 13
13	deque([(('85', 'h'), ('64', 'h')), (('64', 't'), ('121', 't')), (('121', 'h'), ('109', 't')), (('109', 'h'), ('117', 't')), (('117', 'h'), ('100', 'h')), (('100', 't'), ('16', 't')), (('16', 'h'), ('120', 't')), (('120', 'h'), ('126', 'h')), (('126', 't'), ('59', 'h')), (('59', 't'), ('137', 't')), (('137', 'h'), ('134', 'h')), (('134', 't'), ('66', 't')), (('66', 'h'), ('127', 't')), (('127', 'h'), ('110', 't')), (('110', 'h'), ('85', 't'))])

Chosen seed at iteration 13: 1
Chosen chr at iteration 13
Iteration 14
14	deque([(('85', 'h'), ('64', 'h')), (('64', 't'), ('121', 't')), (('121', 'h'), ('109', 't')), (('109', 'h'), ('117', 't')), (('117', 'h'), ('100', 'h')), (('100', 't'), ('16', 't')), (('16', 'h'), ('120', 't')), (('120', 'h'), ('126', 'h')), (('126', 't'), ('59', 'h')), (('59', 't'), ('138', 'h')), (('138', 't'), ('134', 'h')), (('134', 't'), ('66', 't')), (('66', 'h'), ('127', 't')), (('127', 'h'), ('110', 't')), (('110', 'h'), ('85', 't'))])

Chosen seed at iteration 14: 1
Chosen chr at iteration 14
Iteration 15
15	deque([(('85', 'h'), ('64', 'h')), (('64', 't'), ('121', 't')), (('121', 'h'), ('109', 't')), (('109', 'h'), ('117', 't')), (('117', 'h'), ('100', 'h')), (('100', 't'), ('16', 't')), (('16', 'h'), ('120', 't')), (('120', 'h'), ('126', 'h')), (('126', 't'), ('59', 'h')), (('59', 't'), ('138', 'h')), (('138', 't'), ('133', 'h')), (('133', 't'), ('66', 't')), (('66', 'h'), ('127', 't')), (('127', 'h'), ('110', 't')), (('110', 'h'), ('85', 't'))])

Chosen seed at iteration 15: 1
Chosen chr at iteration 15
Iteration 16
16	deque([(('135', 'h'), ('122', 'h')), (('122', 't'), ('64', 't')), (('64', 'h'), ('86', 'h')), (('86', 't'), ('127', 'h')), (('127', 't'), ('66', 'h')), (('66', 't'), ('134', 't')), (('134', 'h'), ('137', 'h')), (('137', 't'), ('59', 't')), (('59', 'h'), ('126', 't')), (('126', 'h'), ('120', 'h')), (('120', 't'), ('16', 'h')), (('16', 't'), ('100', 't')), (('100', 'h'), ('95', 'h')), (('95', 't'), ('135', 't'))])

Chosen seed at iteration 16: 1
Chosen chr at iteration 16
Iteration 17
17	deque([(('135', 'h'), ('122', 'h')), (('122', 't'), ('64', 't')), (('64', 'h'), ('86', 'h')), (('86', 't'), ('127', 'h')), (('127', 't'), ('66', 'h')), (('66', 't'), ('134', 't')), (('134', 'h'), ('138', 't')), (('138', 'h'), ('59', 't')), (('59', 'h'), ('126', 't')), (('126', 'h'), ('120', 'h')), (('120', 't'), ('16', 'h')), (('16', 't'), ('100', 't')), (('100', 'h'), ('95', 'h')), (('95', 't'), ('135', 't'))])

Chosen seed at iteration 17: 1
Chosen chr at iteration 17
Iteration 18
18	deque([(('135', 'h'), ('122', 'h')), (('122', 't'), ('64', 't')), (('64', 'h'), ('86', 'h')), (('86', 't'), ('127', 'h')), (('127', 't'), ('66', 'h')), (('66', 't'), ('133', 't')), (('133', 'h'), ('138', 't')), (('138', 'h'), ('59', 't')), (('59', 'h'), ('126', 't')), (('126', 'h'), ('120', 'h')), (('120', 't'), ('16', 'h')), (('16', 't'), ('100', 't')), (('100', 'h'), ('95', 'h')), (('95', 't'), ('135', 't'))])

Chosen seed at iteration 18: 1
Chosen chr at iteration 18
Iteration 19
19	deque([(('121', 't'), ('64', 't')), (('64', 'h'), ('86', 'h')), (('86', 't'), ('127', 'h')), (('127', 't'), ('66', 'h')), (('66', 't'), ('134', 't')), (('134', 'h'), ('137', 'h')), (('137', 't'), ('59', 't')), (('59', 'h'), ('126', 't')), (('126', 'h'), ('120', 'h')), (('120', 't'), ('16', 'h')), (('16', 't'), ('100', 't')), (('100', 'h'), ('117', 'h')), (('117', 't'), ('109', 'h')), (('109', 't'), ('121', 'h'))])

Chosen seed at iteration 19: 1
Chosen chr at iteration 19
Iteration 20
20	deque([(('121', 't'), ('64', 't')), (('64', 'h'), ('86', 'h')), (('86', 't'), ('127', 'h')), (('127', 't'), ('66', 'h')), (('66', 't'), ('134', 't')), (('134', 'h'), ('138', 't')), (('138', 'h'), ('59', 't')), (('59', 'h'), ('126', 't')), (('126', 'h'), ('120', 'h')), (('120', 't'), ('16', 'h')), (('16', 't'), ('100', 't')), (('100', 'h'), ('117', 'h')), (('117', 't'), ('109', 'h')), (('109', 't'), ('121', 'h'))])

Chosen seed at iteration 20: 1
Chosen chr at iteration 20
Iteration 21
21	deque([(('121', 't'), ('64', 't')), (('64', 'h'), ('86', 'h')), (('86', 't'), ('127', 'h')), (('127', 't'), ('66', 'h')), (('66', 't'), ('133', 't')), (('133', 'h'), ('138', 't')), (('138', 'h'), ('59', 't')), (('59', 'h'), ('126', 't')), (('126', 'h'), ('120', 'h')), (('120', 't'), ('16', 'h')), (('16', 't'), ('100', 't')), (('100', 'h'), ('117', 'h')), (('117', 't'), ('109', 'h')), (('109', 't'), ('121', 'h'))])

Chosen seed at iteration 21: 1
Chosen chr at iteration 21
Iteration 22
22	deque([(('85', 'h'), ('64', 'h')), (('64', 't'), ('122', 't')), (('122', 'h'), ('135', 'h')), (('135', 't'), ('95', 't')), (('95', 'h'), ('100', 'h')), (('100', 't'), ('17', 'h')), (('17', 't'), ('105', 'h')), (('105', 't'), ('59', 'h')), (('59', 't'), ('137', 't')), (('137', 'h'), ('134', 'h')), (('134', 't'), ('66', 't')), (('66', 'h'), ('107', 'h')), (('107', 't'), ('85', 't'))])

Chosen seed at iteration 22: 1
Chosen chr at iteration 22
Iteration 23
23	deque([(('85', 'h'), ('64', 'h')), (('64', 't'), ('122', 't')), (('122', 'h'), ('135', 'h')), (('135', 't'), ('95', 't')), (('95', 'h'), ('100', 'h')), (('100', 't'), ('17', 'h')), (('17', 't'), ('105', 'h')), (('105', 't'), ('59', 'h')), (('59', 't'), ('138', 'h')), (('138', 't'), ('134', 'h')), (('134', 't'), ('66', 't')), (('66', 'h'), ('107', 'h')), (('107', 't'), ('85', 't'))])

Chosen seed at iteration 23: 1
Chosen chr at iteration 23
Iteration 24
24	deque([(('85', 'h'), ('64', 'h')), (('64', 't'), ('122', 't')), (('122', 'h'), ('135', 'h')), (('135', 't'), ('95', 't')), (('95', 'h'), ('100', 'h')), (('100', 't'), ('17', 'h')), (('17', 't'), ('105', 'h')), (('105', 't'), ('59', 'h')), (('59', 't'), ('138', 'h')), (('138', 't'), ('133', 'h')), (('133', 't'), ('66', 't')), (('66', 'h'), ('107', 'h')), (('107', 't'), ('85', 't'))])

Chosen seed at iteration 24: 1
Chosen chr at iteration 24
Iteration 25
25	deque([(('85', 'h'), ('64', 'h')), (('64', 't'), ('122', 't')), (('122', 'h'), ('135', 'h')), (('135', 't'), ('95', 't')), (('95', 'h'), ('100', 'h')), (('100', 't'), ('17', 'h')), (('17', 't'), ('105', 'h')), (('105', 't'), ('59', 'h')), (('59', 't'), ('137', 't')), (('137', 'h'), ('134', 'h')), (('134', 't'), ('66', 't')), (('66', 'h'), ('127', 't')), (('127', 'h'), ('110', 't')), (('110', 'h'), ('85', 't'))])

Chosen seed at iteration 25: 1
Chosen chr at iteration 25
Iteration 26
26	deque([(('85', 'h'), ('64', 'h')), (('64', 't'), ('122', 't')), (('122', 'h'), ('135', 'h')), (('135', 't'), ('95', 't')), (('95', 'h'), ('100', 'h')), (('100', 't'), ('17', 'h')), (('17', 't'), ('105', 'h')), (('105', 't'), ('59', 'h')), (('59', 't'), ('138', 'h')), (('138', 't'), ('134', 'h')), (('134', 't'), ('66', 't')), (('66', 'h'), ('127', 't')), (('127', 'h'), ('110', 't')), (('110', 'h'), ('85', 't'))])

Chosen seed at iteration 26: 1
Chosen chr at iteration 26
Iteration 27
27	deque([(('85', 'h'), ('64', 'h')), (('64', 't'), ('122', 't')), (('122', 'h'), ('135', 'h')), (('135', 't'), ('95', 't')), (('95', 'h'), ('100', 'h')), (('100', 't'), ('17', 'h')), (('17', 't'), ('105', 'h')), (('105', 't'), ('59', 'h')), (('59', 't'), ('138', 'h')), (('138', 't'), ('133', 'h')), (('133', 't'), ('66', 't')), (('66', 'h'), ('127', 't')), (('127', 'h'), ('110', 't')), (('110', 'h'), ('85', 't'))])

Chosen seed at iteration 27: 1
Chosen chr at iteration 27
Iteration 28
28	deque([(('85', 'h'), ('64', 'h')), (('64', 't'), ('121', 't')), (('121', 'h'), ('109', 't')), (('109', 'h'), ('117', 't')), (('117', 'h'), ('100', 'h')), (('100', 't'), ('17', 'h')), (('17', 't'), ('105', 'h')), (('105', 't'), ('59', 'h')), (('59', 't'), ('137', 't')), (('137', 'h'), ('134', 'h')), (('134', 't'), ('66', 't')), (('66', 'h'), ('107', 'h')), (('107', 't'), ('85', 't'))])

Chosen seed at iteration 28: 1
Chosen chr at iteration 28
Iteration 29
29	deque([(('85', 'h'), ('64', 'h')), (('64', 't'), ('121', 't')), (('121', 'h'), ('109', 't')), (('109', 'h'), ('117', 't')), (('117', 'h'), ('100', 'h')), (('100', 't'), ('17', 'h')), (('17', 't'), ('105', 'h')), (('105', 't'), ('59', 'h')), (('59', 't'), ('138', 'h')), (('138', 't'), ('134', 'h')), (('134', 't'), ('66', 't')), (('66', 'h'), ('107', 'h')), (('107', 't'), ('85', 't'))])

Chosen seed at iteration 29: 1
Chosen chr at iteration 29
Iteration 30
30	deque([(('85', 'h'), ('64', 'h')), (('64', 't'), ('121', 't')), (('121', 'h'), ('109', 't')), (('109', 'h'), ('117', 't')), (('117', 'h'), ('100', 'h')), (('100', 't'), ('17', 'h')), (('17', 't'), ('105', 'h')), (('105', 't'), ('59', 'h')), (('59', 't'), ('138', 'h')), (('138', 't'), ('133', 'h')), (('133', 't'), ('66', 't')), (('66', 'h'), ('107', 'h')), (('107', 't'), ('85', 't'))])

Chosen seed at iteration 30: 1
Chosen chr at iteration 30
Iteration 31
31	deque([(('85', 'h'), ('64', 'h')), (('64', 't'), ('121', 't')), (('121', 'h'), ('109', 't')), (('109', 'h'), ('117', 't')), (('117', 'h'), ('100', 'h')), (('100', 't'), ('17', 'h')), (('17', 't'), ('105', 'h')), (('105', 't'), ('59', 'h')), (('59', 't'), ('137', 't')), (('137', 'h'), ('134', 'h')), (('134', 't'), ('66', 't')), (('66', 'h'), ('127', 't')), (('127', 'h'), ('110', 't')), (('110', 'h'), ('85', 't'))])

Chosen seed at iteration 31: 1
Chosen chr at iteration 31
Iteration 32
32	deque([(('85', 'h'), ('64', 'h')), (('64', 't'), ('121', 't')), (('121', 'h'), ('109', 't')), (('109', 'h'), ('117', 't')), (('117', 'h'), ('100', 'h')), (('100', 't'), ('17', 'h')), (('17', 't'), ('105', 'h')), (('105', 't'), ('59', 'h')), (('59', 't'), ('138', 'h')), (('138', 't'), ('134', 'h')), (('134', 't'), ('66', 't')), (('66', 'h'), ('127', 't')), (('127', 'h'), ('110', 't')), (('110', 'h'), ('85', 't'))])

Chosen seed at iteration 32: 1
Chosen chr at iteration 32
Iteration 33
33	deque([(('85', 'h'), ('64', 'h')), (('64', 't'), ('121', 't')), (('121', 'h'), ('109', 't')), (('109', 'h'), ('117', 't')), (('117', 'h'), ('100', 'h')), (('100', 't'), ('17', 'h')), (('17', 't'), ('105', 'h')), (('105', 't'), ('59', 'h')), (('59', 't'), ('138', 'h')), (('138', 't'), ('133', 'h')), (('133', 't'), ('66', 't')), (('66', 'h'), ('127', 't')), (('127', 'h'), ('110', 't')), (('110', 'h'), ('85', 't'))])

Chosen seed at iteration 33: 1
Chosen chr at iteration 33
Iteration 34
34	deque([(('105', 'h'), ('17', 't')), (('17', 'h'), ('100', 't')), (('100', 'h'), ('95', 'h')), (('95', 't'), ('135', 't')), (('135', 'h'), ('122', 'h')), (('122', 't'), ('64', 't')), (('64', 'h'), ('86', 'h')), (('86', 't'), ('127', 'h')), (('127', 't'), ('66', 'h')), (('66', 't'), ('134', 't')), (('134', 'h'), ('137', 'h')), (('137', 't'), ('59', 't')), (('59', 'h'), ('105', 't'))])

Chosen seed at iteration 34: 1
Chosen chr at iteration 34
Iteration 35
35	deque([(('105', 'h'), ('17', 't')), (('17', 'h'), ('100', 't')), (('100', 'h'), ('95', 'h')), (('95', 't'), ('135', 't')), (('135', 'h'), ('122', 'h')), (('122', 't'), ('64', 't')), (('64', 'h'), ('86', 'h')), (('86', 't'), ('127', 'h')), (('127', 't'), ('66', 'h')), (('66', 't'), ('134', 't')), (('134', 'h'), ('138', 't')), (('138', 'h'), ('59', 't')), (('59', 'h'), ('105', 't'))])

Chosen seed at iteration 35: 1
Chosen chr at iteration 35
Iteration 36
36	deque([(('105', 'h'), ('17', 't')), (('17', 'h'), ('100', 't')), (('100', 'h'), ('95', 'h')), (('95', 't'), ('135', 't')), (('135', 'h'), ('122', 'h')), (('122', 't'), ('64', 't')), (('64', 'h'), ('86', 'h')), (('86', 't'), ('127', 'h')), (('127', 't'), ('66', 'h')), (('66', 't'), ('133', 't')), (('133', 'h'), ('138', 't')), (('138', 'h'), ('59', 't')), (('59', 'h'), ('105', 't'))])

Chosen seed at iteration 36: 1
Chosen chr at iteration 36
Iteration 37
37	deque([(('105', 'h'), ('17', 't')), (('17', 'h'), ('100', 't')), (('100', 'h'), ('117', 'h')), (('117', 't'), ('109', 'h')), (('109', 't'), ('121', 'h')), (('121', 't'), ('64', 't')), (('64', 'h'), ('86', 'h')), (('86', 't'), ('127', 'h')), (('127', 't'), ('66', 'h')), (('66', 't'), ('134', 't')), (('134', 'h'), ('137', 'h')), (('137', 't'), ('59', 't')), (('59', 'h'), ('105', 't'))])

Chosen seed at iteration 37: 1
Chosen chr at iteration 37
Iteration 38
38	deque([(('105', 'h'), ('17', 't')), (('17', 'h'), ('100', 't')), (('100', 'h'), ('117', 'h')), (('117', 't'), ('109', 'h')), (('109', 't'), ('121', 'h')), (('121', 't'), ('64', 't')), (('64', 'h'), ('86', 'h')), (('86', 't'), ('127', 'h')), (('127', 't'), ('66', 'h')), (('66', 't'), ('134', 't')), (('134', 'h'), ('138', 't')), (('138', 'h'), ('59', 't')), (('59', 'h'), ('105', 't'))])

Chosen seed at iteration 38: 1
Chosen chr at iteration 38
Iteration 39
39	deque([(('121', 't'), ('64', 't')), (('64', 'h'), ('86', 'h')), (('86', 't'), ('127', 'h')), (('127', 't'), ('66', 'h')), (('66', 't'), ('133', 't')), (('133', 'h'), ('138', 't')), (('138', 'h'), ('59', 't')), (('59', 'h'), ('105', 't')), (('105', 'h'), ('17', 't')), (('17', 'h'), ('100', 't')), (('100', 'h'), ('117', 'h')), (('117', 't'), ('109', 'h')), (('109', 't'), ('121', 'h'))])

Chosen seed at iteration 39: 1
Chosen chr at iteration 39
Iteration 40
40	deque([(('85', 'h'), ('64', 'h')), (('64', 't'), ('122', 't')), (('122', 'h'), ('128', 't')), (('128', 'h'), ('118', 't')), (('118', 'h'), ('23', 't')), (('23', 'h'), ('69', 't')), (('69', 'h'), ('50', 'h')), (('50', 't'), ('126', 'h')), (('126', 't'), ('59', 'h')), (('59', 't'), ('137', 't')), (('137', 'h'), ('134', 'h')), (('134', 't'), ('66', 't')), (('66', 'h'), ('107', 'h')), (('107', 't'), ('85', 't'))])
40	deque([(('132', 'h'), ('94', 'h')), (('94', 't'), ('116', 'h')), (('116', 't'), ('80', 'h')), (('80', 't'), ('132', 't'))])

Chosen seed at iteration 40: 2
Chosen chr at iteration 40
Iteration 41
41	deque([(('94', 'h'), ('75', 't')), (('75', 'h'), ('94', 't'))])
41	deque([(('85', 'h'), ('64', 'h')), (('64', 't'), ('122', 't')), (('122', 'h'), ('128', 't')), (('128', 'h'), ('118', 't')), (('118', 'h'), ('23', 't')), (('23', 'h'), ('69', 't')), (('69', 'h'), ('50', 'h')), (('50', 't'), ('126', 'h')), (('126', 't'), ('59', 'h')), (('59', 't'), ('137', 't')), (('137', 'h'), ('134', 'h')), (('134', 't'), ('66', 't')), (('66', 'h'), ('107', 'h')), (('107', 't'), ('85', 't'))])

Chosen seed at iteration 41: 1
Chosen chr at iteration 41
Iteration 42
42	deque([(('85', 'h'), ('64', 'h')), (('64', 't'), ('122', 't')), (('122', 'h'), ('128', 't')), (('128', 'h'), ('118', 't')), (('118', 'h'), ('23', 't')), (('23', 'h'), ('69', 't')), (('69', 'h'), ('50', 'h')), (('50', 't'), ('126', 'h')), (('126', 't'), ('59', 'h')), (('59', 't'), ('137', 't')), (('137', 'h'), ('134', 'h')), (('134', 't'), ('66', 't')), (('66', 'h'), ('107', 'h')), (('107', 't'), ('85', 't'))])

Chosen seed at iteration 42: 1
Chosen chr at iteration 42
Iteration 43
43	deque([(('85', 'h'), ('64', 'h')), (('64', 't'), ('122', 't')), (('122', 'h'), ('128', 't')), (('128', 'h'), ('118', 't')), (('118', 'h'), ('23', 't')), (('23', 'h'), ('69', 't')), (('69', 'h'), ('50', 'h')), (('50', 't'), ('126', 'h')), (('126', 't'), ('59', 'h')), (('59', 't'), ('138', 'h')), (('138', 't'), ('134', 'h')), (('134', 't'), ('66', 't')), (('66', 'h'), ('107', 'h')), (('107', 't'), ('85', 't'))])

Chosen seed at iteration 43: 1
Chosen chr at iteration 43
Iteration 44
44	deque([(('85', 'h'), ('64', 'h')), (('64', 't'), ('122', 't')), (('122', 'h'), ('128', 't')), (('128', 'h'), ('118', 't')), (('118', 'h'), ('23', 't')), (('23', 'h'), ('69', 't')), (('69', 'h'), ('50', 'h')), (('50', 't'), ('126', 'h')), (('126', 't'), ('59', 'h')), (('59', 't'), ('138', 'h')), (('138', 't'), ('133', 'h')), (('133', 't'), ('66', 't')), (('66', 'h'), ('107', 'h')), (('107', 't'), ('85', 't'))])

Chosen seed at iteration 44: 1
Chosen chr at iteration 44
Iteration 45
45	deque([(('85', 'h'), ('64', 'h')), (('64', 't'), ('121', 't')), (('121', 'h'), ('129', 'h')), (('129', 't'), ('118', 't')), (('118', 'h'), ('23', 't')), (('23', 'h'), ('69', 't')), (('69', 'h'), ('50', 'h')), (('50', 't'), ('126', 'h')), (('126', 't'), ('59', 'h')), (('59', 't'), ('137', 't')), (('137', 'h'), ('134', 'h')), (('134', 't'), ('66', 't')), (('66', 'h'), ('107', 'h')), (('107', 't'), ('85', 't'))])

Chosen seed at iteration 45: 1
Chosen chr at iteration 45
Iteration 46
46	deque([(('85', 'h'), ('64', 'h')), (('64', 't'), ('121', 't')), (('121', 'h'), ('129', 'h')), (('129', 't'), ('118', 't')), (('118', 'h'), ('23', 't')), (('23', 'h'), ('69', 't')), (('69', 'h'), ('50', 'h')), (('50', 't'), ('126', 'h')), (('126', 't'), ('59', 'h')), (('59', 't'), ('138', 'h')), (('138', 't'), ('134', 'h')), (('134', 't'), ('66', 't')), (('66', 'h'), ('107', 'h')), (('107', 't'), ('85', 't'))])

Chosen seed at iteration 46: 1
Chosen chr at iteration 46
Iteration 47
47	deque([(('85', 'h'), ('64', 'h')), (('64', 't'), ('122', 't')), (('122', 'h'), ('128', 't')), (('128', 'h'), ('118', 't')), (('118', 'h'), ('23', 't')), (('23', 'h'), ('69', 't')), (('69', 'h'), ('50', 'h')), (('50', 't'), ('126', 'h')), (('126', 't'), ('59', 'h')), (('59', 't'), ('137', 't')), (('137', 'h'), ('134', 'h')), (('134', 't'), ('66', 't')), (('66', 'h'), ('127', 't')), (('127', 'h'), ('110', 't')), (('110', 'h'), ('85', 't'))])

Chosen seed at iteration 47: 1
Chosen chr at iteration 47
Iteration 48
48	deque([(('85', 'h'), ('64', 'h')), (('64', 't'), ('121', 't')), (('121', 'h'), ('129', 'h')), (('129', 't'), ('118', 't')), (('118', 'h'), ('23', 't')), (('23', 'h'), ('69', 't')), (('69', 'h'), ('50', 'h')), (('50', 't'), ('126', 'h')), (('126', 't'), ('59', 'h')), (('59', 't'), ('138', 'h')), (('138', 't'), ('133', 'h')), (('133', 't'), ('66', 't')), (('66', 'h'), ('107', 'h')), (('107', 't'), ('85', 't'))])

Chosen seed at iteration 48: 1
Chosen chr at iteration 48
Iteration 49
49	deque([(('85', 'h'), ('64', 'h')), (('64', 't'), ('122', 't')), (('122', 'h'), ('128', 't')), (('128', 'h'), ('118', 't')), (('118', 'h'), ('23', 't')), (('23', 'h'), ('69', 't')), (('69', 'h'), ('50', 'h')), (('50', 't'), ('126', 'h')), (('126', 't'), ('59', 'h')), (('59', 't'), ('138', 'h')), (('138', 't'), ('134', 'h')), (('134', 't'), ('66', 't')), (('66', 'h'), ('127', 't')), (('127', 'h'), ('110', 't')), (('110', 'h'), ('85', 't'))])

Chosen seed at iteration 49: 1
Chosen chr at iteration 49
Iteration 1
1	deque([(('31', 'h'), ('31', 't')), (('31', 'h'), ('31', 't'))])

Chosen seed at iteration 1: 1
Chosen chr at iteration 1
Iteration 2
2	deque([(('48', 'h'), ('48', 't')), (('48', 'h'), ('48', 't'))])

Chosen seed at iteration 2: 1
Chosen chr at iteration 2
