Iteration 1
1	deque([(('219_0', 'h'), ('121_5', 't')), (('222_4', 'h'), ('219_0', 't')), (('121_5', 'h'), ('222_4', 't'))])
1	deque([(('130_8', 't'), ('86_0', 't')), (('130_8', 'h'), ('86_0', 'h'))])
1	deque([(('221_3', 'h'), ('217_2', 'h')), (('221_3', 't'), ('121_1', 't')), (('121_1', 'h'), ('68_0', 't')), (('68_0', 'h'), ('134_2', 't')), (('178_2', 'h'), ('134_2', 'h')), (('234_3', 't'), ('178_2', 't')), (('234_3', 'h'), ('189_1', 't')), (('189_1', 'h'), ('80_1', 't')), (('100_7', 'h'), ('80_1', 'h')), (('78_0', 'h'), ('100_7', 't')), (('133_3', 't'), ('78_0', 't')), (('133_3', 'h'), ('158_2', 't')), (('158_2', 'h'), ('175_0', 't')), (('175_0', 'h'), ('217_2', 't'))])
1	deque([(('243_0', 't'), ('107_6', 't')), (('107_6', 'h'), ('106_0', 'h')), (('106_0', 't'), ('83_1', 't')), (('83_1', 'h'), ('153_6', 't')), (('153_6', 'h'), ('113_8', 'h')), (('109_0', 'h'), ('113_8', 't')), (('90_1', 'h'), ('109_0', 't')), (('93_0', 'h'), ('90_1', 't')), (('199_11', 't'), ('93_0', 't')), (('199_11', 'h'), ('165_12', 't')), (('243_0', 'h'), ('165_12', 'h'))])
1	deque([(('81_1', 'h'), ('130_13', 't')), (('130_13', 'h'), ('81_1', 't'))])

Chosen seed at iteration 1: 1
Chosen chr at iteration 1


Iteration 2
2	deque([(('221_0', 'h'), ('217_1', 'h')), (('221_0', 't'), ('121_4', 't')), (('121_4', 'h'), ('222_1', 't')), (('222_1', 'h'), ('219_0', 't')), (('219_0', 'h'), ('121_2', 't')), (('121_2', 'h'), ('68_0', 't')), (('68_0', 'h'), ('134_3', 't')), (('178_3', 'h'), ('134_3', 'h')), (('234_2', 't'), ('178_3', 't')), (('234_2', 'h'), ('189_0', 't')), (('189_0', 'h'), ('80_1', 't')), (('100_7', 'h'), ('80_1', 'h')), (('78_0', 'h'), ('100_7', 't')), (('133_1', 't'), ('78_0', 't')), (('133_1', 'h'), ('158_2', 't')), (('158_2', 'h'), ('175_0', 't')), (('175_0', 'h'), ('217_1', 't'))])
2	deque([(('243_1', 'h'), ('165_2', 'h')), (('199_13', 'h'), ('165_2', 't')), (('199_13', 't'), ('93_0', 't')), (('93_0', 'h'), ('90_0', 't')), (('90_0', 'h'), ('109_0', 't')), (('109_0', 'h'), ('113_0', 't')), (('153_2', 'h'), ('113_0', 'h')), (('83_1', 'h'), ('153_2', 't')), (('106_2', 't'), ('83_1', 't')), (('107_1', 'h'), ('106_2', 'h')), (('243_1', 't'), ('107_1', 't'))])

Chosen seed at iteration 2: 2
Chosen chr at iteration 2


Iteration 3
3	deque([(('177_0', 't'), ('111_2', 't')), (('177_0', 'h'), ('141_1', 't')), (('141_1', 'h'), ('130_4', 'h')), (('81_0', 'h'), ('130_4', 't')), (('130_10', 'h'), ('81_0', 't')), (('64_0', 'h'), ('130_10', 't')), (('104_1', 'h'), ('64_0', 't')), (('96_1', 'h'), ('104_1', 't')), (('230_1', 'h'), ('96_1', 't')), (('111_3', 'h'), ('230_1', 't')), (('130_12', 'h'), ('111_3', 't')), (('130_12', 't'), ('75_0', 't')), (('103_2', 'h'), ('75_0', 'h')), (('29_2', 'h'), ('103_2', 't')), (('130_9', 'h'), ('29_2', 't')), (('101_0', 'h'), ('130_9', 't')), (('130_13', 't'), ('101_0', 't')), (('130_13', 'h'), ('86_0', 'h')), (('130_0', 't'), ('86_0', 't')), (('130_0', 'h'), ('87_1', 'h')), (('111_2', 'h'), ('87_1', 't'))])
3	deque([(('165_3', 'h'), ('181_1', 't')), (('199_12', 'h'), ('165_3', 't')), (('199_12', 't'), ('93_0', 't')), (('93_0', 'h'), ('90_0', 't')), (('90_0', 'h'), ('109_1', 't')), (('109_1', 'h'), ('113_1', 't')), (('153_0', 'h'), ('113_1', 'h')), (('153_0', 't'), ('147_1', 't')), (('201_7', 'h'), ('147_1', 'h')), (('106_2', 'h'), ('201_7', 't')), (('114_0', 't'), ('106_2', 't')), (('213_0', 'h'), ('114_0', 'h')), (('190_5', 'h'), ('213_0', 't')), (('188_7', 'h'), ('190_5', 't')), (('207_1', 'h'), ('188_7', 't')), (('148_9', 'h'), ('207_1', 't')), (('181_1', 'h'), ('148_9', 't'))])
3	deque([(('222_0', 'h'), ('219_0', 't')), (('121_5', 'h'), ('222_0', 't')), (('219_0', 'h'), ('121_5', 't'))])

Chosen seed at iteration 3: 3
Chosen chr at iteration 3


Iteration 4
4	deque([(('90_2', 'h'), ('109_0', 't')), (('93_0', 'h'), ('90_2', 't')), (('199_12', 't'), ('93_0', 't')), (('199_12', 'h'), ('165_8', 't')), (('243_0', 'h'), ('165_8', 'h')), (('243_0', 't'), ('107_3', 't')), (('107_3', 'h'), ('106_0', 'h')), (('106_0', 't'), ('83_0', 't')), (('83_0', 'h'), ('153_11', 't')), (('153_11', 'h'), ('113_3', 'h')), (('109_0', 'h'), ('113_3', 't'))])
4	deque([(('221_6', 'h'), ('217_2', 'h')), (('175_1', 'h'), ('217_2', 't')), (('158_1', 'h'), ('175_1', 't')), (('133_3', 'h'), ('158_1', 't')), (('133_3', 't'), ('78_0', 't')), (('78_0', 'h'), ('100_2', 't')), (('100_2', 'h'), ('80_1', 'h')), (('189_1', 'h'), ('80_1', 't')), (('234_2', 'h'), ('189_1', 't')), (('234_2', 't'), ('178_3', 't')), (('178_3', 'h'), ('134_2', 'h')), (('68_0', 'h'), ('134_2', 't')), (('121_5', 'h'), ('68_0', 't')), (('221_6', 't'), ('121_5', 't'))])
4	deque([(('222_1', 'h'), ('219_1', 't')), (('219_1', 'h'), ('121_6', 't')), (('121_6', 'h'), ('222_1', 't'))])

Chosen seed at iteration 4: 3
Chosen chr at iteration 4


Iteration 1
1	deque([(('219_0', 'h'), ('121_1', 't')), (('222_0', 'h'), ('219_0', 't')), (('121_1', 'h'), ('222_0', 't'))])

Chosen seed at iteration 1: 1
Chosen chr at iteration 1


Iteration 2
2	deque([(('177_1', 'h'), ('85_1', 'h')), (('103_0', 'h'), ('85_1', 't')), (('29_2', 'h'), ('103_0', 't')), (('130_12', 'h'), ('29_2', 't')), (('81_0', 'h'), ('130_12', 't')), (('130_13', 'h'), ('81_0', 't')), (('130_13', 't'), ('101_0', 't')), (('101_0', 'h'), ('130_6', 't')), (('130_6', 'h'), ('86_0', 'h')), (('130_5', 't'), ('86_0', 't')), (('130_5', 'h'), ('87_1', 'h')), (('111_2', 'h'), ('87_1', 't')), (('130_4', 'h'), ('111_2', 't')), (('64_0', 'h'), ('130_4', 't')), (('104_2', 'h'), ('64_0', 't')), (('96_0', 'h'), ('104_2', 't')), (('230_1', 'h'), ('96_0', 't')), (('111_4', 'h'), ('230_1', 't')), (('177_1', 't'), ('111_4', 't'))])
2	deque([(('121_4', 'h'), ('222_5', 't')), (('219_0', 'h'), ('121_4', 't')), (('222_5', 'h'), ('219_0', 't'))])

Chosen seed at iteration 2: 2
Chosen chr at iteration 2


Iteration 3
3	deque([(('111_4', 'h'), ('87_1', 't')), (('177_3', 't'), ('111_4', 't')), (('177_3', 'h'), ('85_1', 'h')), (('103_2', 'h'), ('85_1', 't')), (('29_0', 'h'), ('103_2', 't')), (('130_12', 'h'), ('29_0', 't')), (('130_12', 't'), ('101_0', 't')), (('101_0', 'h'), ('130_0', 't')), (('130_0', 'h'), ('87_1', 'h'))])
3	deque([(('111_2', 'h'), ('230_2', 't')), (('230_2', 'h'), ('96_0', 't')), (('96_0', 'h'), ('104_2', 't')), (('104_2', 'h'), ('64_0', 't')), (('64_0', 'h'), ('130_4', 't')), (('130_4', 'h'), ('86_0', 'h')), (('130_3', 't'), ('86_0', 't')), (('130_3', 'h'), ('111_2', 't'))])
3	deque([(('121_1', 'h'), ('222_3', 't')), (('222_3', 'h'), ('219_0', 't')), (('219_0', 'h'), ('121_1', 't'))])
3	deque([(('130_5', 'h'), ('81_0', 't')), (('81_0', 'h'), ('130_5', 't'))])

Chosen seed at iteration 3: 4
Chosen chr at iteration 3


Iteration 4
4	deque([(('101_0', 'h'), ('130_12', 't')), (('130_10', 't'), ('101_0', 't')), (('130_10', 'h'), ('87_1', 'h')), (('111_4', 'h'), ('87_1', 't')), (('177_3', 't'), ('111_4', 't')), (('177_3', 'h'), ('141_0', 't')), (('141_0', 'h'), ('130_3', 'h')), (('81_0', 'h'), ('130_3', 't')), (('130_13', 'h'), ('81_0', 't')), (('130_13', 't'), ('86_0', 't')), (('130_6', 'h'), ('86_0', 'h')), (('64_0', 'h'), ('130_6', 't')), (('104_2', 'h'), ('64_0', 't')), (('96_0', 'h'), ('104_2', 't')), (('230_2', 'h'), ('96_0', 't')), (('111_2', 'h'), ('230_2', 't')), (('130_12', 'h'), ('111_2', 't'))])
4	deque([(('121_2', 'h'), ('222_4', 't')), (('222_4', 'h'), ('219_0', 't')), (('219_0', 'h'), ('121_2', 't'))])

Chosen seed at iteration 4: 1
Chosen chr at iteration 4


