Iteration 1
Iteration 1
Iteration 1
Iteration 1
1	deque([(('487_0', 'h'), ('466_11', 'h')), (('137_2', 'h'), ('487_0', 't')), (('467_3', 't'), ('137_2', 't')), (('467_3', 'h'), ('378_16', 't')), (('378_16', 'h'), ('265_10', 't')), (('315_15', 'h'), ('265_10', 'h')), (('468_1', 't'), ('315_15', 't')), (('468_1', 'h'), ('359_13', 't')), (('359_13', 'h'), ('403_25', 't')), (('403_25', 'h'), ('262_2', 't')), (('262_2', 'h'), ('466_11', 't'))])

Chosen seed at iteration 1: 1
Chosen chr at iteration 1


Iteration 2
2	deque([(('487_0', 'h'), ('466_11', 'h')), (('137_10', 'h'), ('487_0', 't')), (('467_6', 't'), ('137_10', 't')), (('467_6', 'h'), ('378_14', 't')), (('378_14', 'h'), ('265_10', 't')), (('315_10', 'h'), ('265_10', 'h')), (('468_4', 't'), ('315_10', 't')), (('468_4', 'h'), ('359_10', 't')), (('359_10', 'h'), ('403_6', 't')), (('403_6', 'h'), ('262_2', 't')), (('262_2', 'h'), ('466_11', 't'))])

Chosen seed at iteration 2: 1
Chosen chr at iteration 2


Iteration 3
Iteration 1
Iteration 1
Iteration 1
Iteration 1
Iteration 1
1	deque([(('192_11', 'h'), ('170_10', 't'))])

Chosen seed at iteration 1: 1
Chosen chr at iteration 1


Iteration 2
Iteration 1
Iteration 1
Iteration 1
Iteration 1
Iteration 1
Iteration 1
Iteration 1
Iteration 1
Iteration 1
Iteration 1
Iteration 1
Iteration 1
Iteration 1
Iteration 1
Iteration 1
Iteration 1
Iteration 1
Iteration 1
Iteration 1
Iteration 1
Iteration 1
Iteration 1
Iteration 1
Iteration 1
Iteration 1
Iteration 1
Iteration 1
Iteration 1
Iteration 1
Iteration 1
Iteration 1
