Iteration 1
1	deque([(('174_1', 'h'), ('100_0', 't')), (('145_1', 'h'), ('100_0', 'h')), (('76_0', 'h'), ('145_1', 't')), (('104_0', 't'), ('76_0', 't')), (('104_0', 'h'), ('174_1', 't'))])
1	deque([(('55_90', 'h'), ('55_90', 't'))])

Chosen seed at iteration 1: 1
Chosen chr at iteration 1



Chosen seed at iteration 2: 2
Chosen chr at iteration 2


Iteration 3
3	deque([(('145_1', 'h'), ('100_0', 'h')), (('174_1', 'h'), ('100_0', 't')), (('104_13', 'h'), ('174_1', 't')), (('104_13', 't'), ('76_2', 't')), (('76_2', 'h'), ('145_1', 't'))])
3	deque([(('55_40', 'h'), ('55_40', 't'))])

Chosen seed at iteration 3: 1
Chosen chr at iteration 3



Chosen seed at iteration 4: 2
Chosen chr at iteration 4


Iteration 1
1	deque([(('85_0', 'h'), ('53_1', 't')), (('53_1', 'h'), ('87_2', 't')), (('114_0', 'h'), ('87_2', 'h')), (('114_0', 't'), ('70_3', 't')), (('70_3', 'h'), ('25_0', 't')), (('25_0', 'h'), ('85_0', 't'))])
1	deque([(('55_41', 'h'), ('55_41', 't'))])

Chosen seed at iteration 1: 1
Chosen chr at iteration 1



Chosen seed at iteration 2: 2
Chosen chr at iteration 2


Iteration 3
3	deque([(('25_0', 'h'), ('85_0', 't')), (('70_2', 'h'), ('25_0', 't')), (('114_0', 't'), ('70_2', 't')), (('114_0', 'h'), ('87_2', 'h')), (('53_1', 'h'), ('87_2', 't')), (('85_0', 'h'), ('53_1', 't'))])
3	deque([(('55_67', 'h'), ('55_67', 't'))])

Chosen seed at iteration 3: 1
Chosen chr at iteration 3



Chosen seed at iteration 4: 2
Chosen chr at iteration 4


Iteration 1
1	deque([(('55_114', 'h'), ('55_114', 't'))])

Chosen seed at iteration 1: 1
Chosen chr at iteration 1


Iteration 2
2	deque([(('55_97', 'h'), ('55_97', 't'))])

Chosen seed at iteration 2: 1
Chosen chr at iteration 2


Iteration 3
3	deque([(('55_101', 'h'), ('55_101', 't'))])

Chosen seed at iteration 3: 1
Chosen chr at iteration 3


Iteration 4
4	deque([(('55_1', 'h'), ('55_1', 't'))])

Chosen seed at iteration 4: 1
Chosen chr at iteration 4


Iteration 1
1	deque([(('129_3', 'h'), ('103_0', 't')), (('95_1', 'h'), ('129_3', 't')), (('95_1', 't'), ('67_0', 't')), (('139_2', 'h'), ('67_0', 'h')), (('98_0', 'h'), ('139_2', 't')), (('130_5', 't'), ('98_0', 't')), (('130_5', 'h'), ('39_3', 't')), (('54_2', 'h'), ('39_3', 'h')), (('127_0', 't'), ('54_2', 't')), (('127_0', 'h'), ('112_1', 't')), (('112_1', 'h'), ('91_9', 't')), (('91_9', 'h'), ('161_6', 't')), (('161_6', 'h'), ('117_4', 'h')), (('84_6', 'h'), ('117_4', 't')), (('115_0', 'h'), ('84_6', 't')), (('103_0', 'h'), ('115_0', 't'))])
1	deque([(('55_60', 'h'), ('55_60', 't'))])

Chosen seed at iteration 1: 1
Chosen chr at iteration 1



Chosen seed at iteration 2: 2
Chosen chr at iteration 2


Iteration 3
3	deque([(('55_18', 'h'), ('55_18', 't'))])

Chosen seed at iteration 3: 1
Chosen chr at iteration 3


Iteration 4
4	deque([(('76_3', 'h'), ('13_1', 't')), (('104_14', 'h'), ('13_1', 'h')), (('104_14', 't'), ('76_3', 't'))])
4	deque([(('55_30', 'h'), ('55_30', 't'))])

Chosen seed at iteration 4: 1
Chosen chr at iteration 4



Chosen seed at iteration 5: 2
Chosen chr at iteration 5


Iteration 1
1	deque([(('104_10', 'h'), ('13_0', 'h')), (('76_5', 'h'), ('13_0', 't')), (('104_10', 't'), ('76_5', 't'))])
1	deque([(('161_8', 'h'), ('117_0', 'h')), (('91_9', 'h'), ('161_8', 't')), (('112_2', 'h'), ('91_9', 't')), (('127_3', 'h'), ('112_2', 't')), (('127_3', 't'), ('54_4', 't')), (('54_4', 'h'), ('39_0', 'h')), (('130_2', 'h'), ('39_0', 't')), (('130_2', 't'), ('98_0', 't')), (('98_0', 'h'), ('139_1', 't')), (('139_1', 'h'), ('67_0', 'h')), (('95_1', 't'), ('67_0', 't')), (('95_1', 'h'), ('129_5', 't')), (('129_5', 'h'), ('103_1', 't')), (('103_1', 'h'), ('115_0', 't')), (('115_0', 'h'), ('84_3', 't')), (('84_3', 'h'), ('117_0', 't'))])
1	deque([(('55_80', 'h'), ('55_80', 't'))])
1	deque([(('150_5', 'h'), ('74_6', 't'))])

Chosen seed at iteration 1: 1
Chosen chr at iteration 1



Chosen seed at iteration 2: 2
Chosen chr at iteration 2



Chosen seed at iteration 3: 3
Chosen chr at iteration 3



Chosen seed at iteration 4: 4
Chosen chr at iteration 4


Iteration 1
1	deque([(('32_0', 'h'), ('73_1', 't')), (('160_2', 'h'), ('32_0', 't')), (('64_3', 'h'), ('160_2', 't')), (('152_2', 'h'), ('64_3', 't')), (('152_2', 't'), ('14_0', 't')), (('116_4', 'h'), ('14_0', 'h')), (('74_7', 'h'), ('116_4', 't')), (('150_3', 'h'), ('74_7', 't')), (('150_3', 't'), ('46_0', 't')), (('73_1', 'h'), ('46_0', 'h'))])
1	deque([(('55_39', 'h'), ('55_39', 't'))])

Chosen seed at iteration 1: 1
Chosen chr at iteration 1



Chosen seed at iteration 2: 2
Chosen chr at iteration 2


Iteration 3
3	deque([(('116_4', 'h'), ('14_0', 'h')), (('74_3', 'h'), ('116_4', 't')), (('150_3', 'h'), ('74_3', 't')), (('150_3', 't'), ('46_0', 't')), (('73_0', 'h'), ('46_0', 'h')), (('32_0', 'h'), ('73_0', 't')), (('160_2', 'h'), ('32_0', 't')), (('64_2', 'h'), ('160_2', 't')), (('152_0', 'h'), ('64_2', 't')), (('152_0', 't'), ('14_0', 't'))])
3	deque([(('55_3', 'h'), ('55_3', 't'))])

Chosen seed at iteration 3: 1
Chosen chr at iteration 3



Chosen seed at iteration 4: 2
Chosen chr at iteration 4


Iteration 1
1	deque([(('55_38', 'h'), ('55_38', 't'))])

Chosen seed at iteration 1: 1
Chosen chr at iteration 1


Iteration 2
2	deque([(('55_91', 'h'), ('55_91', 't'))])

Chosen seed at iteration 2: 1
Chosen chr at iteration 2


Iteration 3
3	deque([(('55_27', 'h'), ('55_27', 't'))])

Chosen seed at iteration 3: 1
Chosen chr at iteration 3


Iteration 4
4	deque([(('55_73', 'h'), ('55_73', 't'))])

Chosen seed at iteration 4: 1
Chosen chr at iteration 4


Iteration 1
1	deque([(('103_8', 'h'), ('115_1', 't')), (('115_1', 'h'), ('84_2', 't')), (('84_2', 'h'), ('117_1', 't')), (('161_6', 'h'), ('117_1', 'h')), (('91_11', 'h'), ('161_6', 't')), (('112_5', 'h'), ('91_11', 't')), (('112_5', 't'), ('37_0', 't')), (('37_0', 'h'), ('129_1', 't')), (('129_1', 'h'), ('103_8', 't'))])
1	deque([(('55_13', 'h'), ('55_13', 't'))])

Chosen seed at iteration 1: 1
Chosen chr at iteration 1



Chosen seed at iteration 2: 2
Chosen chr at iteration 2


Iteration 3
3	deque([(('84_0', 'h'), ('117_1', 't')), (('161_5', 'h'), ('117_1', 'h')), (('91_12', 'h'), ('161_5', 't')), (('112_0', 'h'), ('91_12', 't')), (('112_0', 't'), ('37_1', 't')), (('37_1', 'h'), ('129_1', 't')), (('129_1', 'h'), ('103_7', 't')), (('103_7', 'h'), ('115_6', 't')), (('115_6', 'h'), ('84_0', 't'))])
3	deque([(('55_51', 'h'), ('55_51', 't'))])

Chosen seed at iteration 3: 1
Chosen chr at iteration 3



Chosen seed at iteration 4: 2
Chosen chr at iteration 4


Iteration 1
1	deque([(('115_1', 'h'), ('84_1', 't')), (('103_2', 'h'), ('115_1', 't')), (('129_2', 'h'), ('103_2', 't')), (('37_0', 'h'), ('129_2', 't')), (('112_4', 't'), ('37_0', 't')), (('112_4', 'h'), ('91_2', 't')), (('91_2', 'h'), ('161_6', 't')), (('161_6', 'h'), ('117_4', 'h')), (('84_1', 'h'), ('117_4', 't'))])
1	deque([(('55_101', 'h'), ('55_101', 't'))])

Chosen seed at iteration 1: 1
Chosen chr at iteration 1



Chosen seed at iteration 2: 2
Chosen chr at iteration 2


Iteration 3
3	deque([(('91_5', 'h'), ('161_6', 't')), (('161_6', 'h'), ('117_4', 'h')), (('84_6', 'h'), ('117_4', 't')), (('115_8', 'h'), ('84_6', 't')), (('103_5', 'h'), ('115_8', 't')), (('129_2', 'h'), ('103_5', 't')), (('37_0', 'h'), ('129_2', 't')), (('112_5', 't'), ('37_0', 't')), (('112_5', 'h'), ('91_5', 't'))])
3	deque([(('55_7', 'h'), ('55_7', 't'))])

Chosen seed at iteration 3: 1
Chosen chr at iteration 3



Chosen seed at iteration 4: 2
Chosen chr at iteration 4


Iteration 1
1	deque([(('55_78', 'h'), ('55_78', 't'))])

Chosen seed at iteration 1: 1
Chosen chr at iteration 1


Iteration 2
2	deque([(('55_111', 'h'), ('55_111', 't'))])
2	deque([(('55_14', 'h'), ('55_14', 't'))])

Chosen seed at iteration 2: 1
Chosen chr at iteration 2



Chosen seed at iteration 3: 2
Chosen chr at iteration 3


Iteration 4
4	deque([(('55_98', 'h'), ('55_98', 't'))])

Chosen seed at iteration 4: 1
Chosen chr at iteration 4


Iteration 1
1	deque([(('55_2', 'h'), ('55_2', 't'))])

Chosen seed at iteration 1: 1
Chosen chr at iteration 1


Iteration 2
2	deque([(('55_23', 'h'), ('55_23', 't'))])

Chosen seed at iteration 2: 1
Chosen chr at iteration 2


Iteration 3
3	deque([(('55_109', 'h'), ('55_109', 't'))])

Chosen seed at iteration 3: 1
Chosen chr at iteration 3


Iteration 4
4	deque([(('55_85', 'h'), ('55_85', 't'))])

Chosen seed at iteration 4: 1
Chosen chr at iteration 4


Iteration 1
1	deque([(('55_20', 'h'), ('55_20', 't'))])

Chosen seed at iteration 1: 1
Chosen chr at iteration 1


Iteration 2
2	deque([(('55_35', 'h'), ('55_35', 't'))])

Chosen seed at iteration 2: 1
Chosen chr at iteration 2


Iteration 3
3	deque([(('55_78', 'h'), ('55_78', 't'))])

Chosen seed at iteration 3: 1
Chosen chr at iteration 3


Iteration 4
4	deque([(('55_96', 'h'), ('55_96', 't'))])

Chosen seed at iteration 4: 1
Chosen chr at iteration 4


Iteration 1
1	deque([(('55_22', 'h'), ('55_22', 't'))])

Chosen seed at iteration 1: 1
Chosen chr at iteration 1


Iteration 2
2	deque([(('55_84', 'h'), ('55_84', 't'))])

Chosen seed at iteration 2: 1
Chosen chr at iteration 2


Iteration 3
3	deque([(('55_17', 'h'), ('55_17', 't'))])

Chosen seed at iteration 3: 1
Chosen chr at iteration 3


Iteration 4
4	deque([(('55_10', 'h'), ('55_10', 't'))])

Chosen seed at iteration 4: 1
Chosen chr at iteration 4


Iteration 1
Iteration 1
1	deque([(('55_31', 'h'), ('55_31', 't'))])

Chosen seed at iteration 1: 1
Chosen chr at iteration 1


Iteration 2
2	deque([(('55_8', 'h'), ('55_8', 't'))])

Chosen seed at iteration 2: 1
Chosen chr at iteration 2


Iteration 3
3	deque([(('55_113', 'h'), ('55_113', 't'))])

Chosen seed at iteration 3: 1
Chosen chr at iteration 3


Iteration 4
4	deque([(('55_48', 'h'), ('55_48', 't'))])

Chosen seed at iteration 4: 1
Chosen chr at iteration 4


Iteration 1
1	deque([(('55_37', 'h'), ('55_37', 't'))])

Chosen seed at iteration 1: 1
Chosen chr at iteration 1


Iteration 2
2	deque([(('55_45', 'h'), ('55_45', 't'))])

Chosen seed at iteration 2: 1
Chosen chr at iteration 2


Iteration 3
3	deque([(('55_0', 'h'), ('55_0', 't'))])

Chosen seed at iteration 3: 1
Chosen chr at iteration 3


Iteration 4
4	deque([(('55_114', 'h'), ('55_114', 't'))])

Chosen seed at iteration 4: 1
Chosen chr at iteration 4


Iteration 1
1	deque([(('55_112', 'h'), ('55_112', 't'))])

Chosen seed at iteration 1: 1
Chosen chr at iteration 1


Iteration 2
2	deque([(('55_57', 'h'), ('55_57', 't'))])

Chosen seed at iteration 2: 1
Chosen chr at iteration 2


Iteration 3
3	deque([(('55_37', 'h'), ('55_37', 't'))])

Chosen seed at iteration 3: 1
Chosen chr at iteration 3


Iteration 4
4	deque([(('55_60', 'h'), ('55_60', 't'))])

Chosen seed at iteration 4: 1
Chosen chr at iteration 4


Iteration 1
1	deque([(('55_4', 'h'), ('55_4', 't'))])

Chosen seed at iteration 1: 1
Chosen chr at iteration 1


Iteration 2
2	deque([(('55_102', 'h'), ('55_102', 't'))])

Chosen seed at iteration 2: 1
Chosen chr at iteration 2


Iteration 3
3	deque([(('55_28', 'h'), ('55_28', 't'))])

Chosen seed at iteration 3: 1
Chosen chr at iteration 3


Iteration 4
4	deque([(('55_2', 'h'), ('55_2', 't'))])

Chosen seed at iteration 4: 1
Chosen chr at iteration 4


Iteration 1
1	deque([(('55_6', 'h'), ('55_6', 't'))])

Chosen seed at iteration 1: 1
Chosen chr at iteration 1


Iteration 2
2	deque([(('55_27', 'h'), ('55_27', 't'))])

Chosen seed at iteration 2: 1
Chosen chr at iteration 2


Iteration 3
3	deque([(('55_49', 'h'), ('55_49', 't'))])

Chosen seed at iteration 3: 1
Chosen chr at iteration 3


Iteration 4
4	deque([(('55_21', 'h'), ('55_21', 't'))])

Chosen seed at iteration 4: 1
Chosen chr at iteration 4


Iteration 1
1	deque([(('55_101', 'h'), ('55_101', 't'))])

Chosen seed at iteration 1: 1
Chosen chr at iteration 1


Iteration 2
2	deque([(('55_26', 'h'), ('55_26', 't'))])

Chosen seed at iteration 2: 1
Chosen chr at iteration 2


Iteration 3
3	deque([(('55_33', 'h'), ('55_33', 't'))])

Chosen seed at iteration 3: 1
Chosen chr at iteration 3


Iteration 4
4	deque([(('55_108', 'h'), ('55_108', 't'))])

Chosen seed at iteration 4: 1
Chosen chr at iteration 4


Iteration 1
1	deque([(('55_16', 'h'), ('55_16', 't'))])

Chosen seed at iteration 1: 1
Chosen chr at iteration 1


Iteration 2
2	deque([(('55_70', 'h'), ('55_70', 't'))])

Chosen seed at iteration 2: 1
Chosen chr at iteration 2


Iteration 3
3	deque([(('55_39', 'h'), ('55_39', 't'))])

Chosen seed at iteration 3: 1
Chosen chr at iteration 3


Iteration 4
4	deque([(('55_92', 'h'), ('55_92', 't'))])
4	deque([(('55_79', 'h'), ('55_79', 't'))])

Chosen seed at iteration 4: 1
Chosen chr at iteration 4



Chosen seed at iteration 5: 2
Chosen chr at iteration 5


Iteration 1
1	deque([(('55_86', 'h'), ('55_86', 't'))])
1	deque([(('55_112', 'h'), ('55_112', 't'))])

Chosen seed at iteration 1: 1
Chosen chr at iteration 1



Chosen seed at iteration 2: 2
Chosen chr at iteration 2


Iteration 3
3	deque([(('55_12', 'h'), ('55_12', 't'))])

Chosen seed at iteration 3: 1
Chosen chr at iteration 3


Iteration 4
4	deque([(('55_0', 'h'), ('55_0', 't'))])
4	deque([(('55_70', 'h'), ('55_70', 't'))])

Chosen seed at iteration 4: 1
Chosen chr at iteration 4



Chosen seed at iteration 5: 2
Chosen chr at iteration 5


Iteration 1
1	deque([(('55_14', 'h'), ('55_14', 't'))])

Chosen seed at iteration 1: 1
Chosen chr at iteration 1


Iteration 2
2	deque([(('55_89', 'h'), ('55_89', 't'))])

Chosen seed at iteration 2: 1
Chosen chr at iteration 2


Iteration 3
3	deque([(('55_105', 'h'), ('55_105', 't'))])

Chosen seed at iteration 3: 1
Chosen chr at iteration 3


Iteration 4
4	deque([(('55_97', 'h'), ('55_97', 't'))])

Chosen seed at iteration 4: 1
Chosen chr at iteration 4


Iteration 1
1	deque([(('55_87', 'h'), ('55_87', 't'))])

Chosen seed at iteration 1: 1
Chosen chr at iteration 1


Iteration 2
2	deque([(('55_82', 'h'), ('55_82', 't'))])

Chosen seed at iteration 2: 1
Chosen chr at iteration 2


Iteration 3
3	deque([(('55_91', 'h'), ('55_91', 't'))])

Chosen seed at iteration 3: 1
Chosen chr at iteration 3


Iteration 4
4	deque([(('55_12', 'h'), ('55_12', 't'))])

Chosen seed at iteration 4: 1
Chosen chr at iteration 4


Iteration 1
1	deque([(('55_15', 'h'), ('55_15', 't'))])

Chosen seed at iteration 1: 1
Chosen chr at iteration 1


Iteration 2
2	deque([(('55_103', 'h'), ('55_103', 't'))])

Chosen seed at iteration 2: 1
Chosen chr at iteration 2


Iteration 3
3	deque([(('55_105', 'h'), ('55_105', 't'))])

Chosen seed at iteration 3: 1
Chosen chr at iteration 3


Iteration 4
4	deque([(('55_88', 'h'), ('55_88', 't'))])

Chosen seed at iteration 4: 1
Chosen chr at iteration 4


Iteration 1
1	deque([(('55_47', 'h'), ('55_47', 't'))])

Chosen seed at iteration 1: 1
Chosen chr at iteration 1


Iteration 2
2	deque([(('55_32', 'h'), ('55_32', 't'))])

Chosen seed at iteration 2: 1
Chosen chr at iteration 2


Iteration 3
3	deque([(('55_113', 'h'), ('55_113', 't'))])

Chosen seed at iteration 3: 1
Chosen chr at iteration 3


Iteration 4
4	deque([(('55_93', 'h'), ('55_93', 't'))])

Chosen seed at iteration 4: 1
Chosen chr at iteration 4


Iteration 1
1	deque([(('55_76', 'h'), ('55_76', 't'))])

Chosen seed at iteration 1: 1
Chosen chr at iteration 1


Iteration 2
2	deque([(('55_95', 'h'), ('55_95', 't'))])

Chosen seed at iteration 2: 1
Chosen chr at iteration 2


Iteration 3
3	deque([(('55_4', 'h'), ('55_4', 't'))])

Chosen seed at iteration 3: 1
Chosen chr at iteration 3


Iteration 4
4	deque([(('55_94', 'h'), ('55_94', 't'))])

Chosen seed at iteration 4: 1
Chosen chr at iteration 4


Iteration 1
1	deque([(('55_50', 'h'), ('55_50', 't'))])

Chosen seed at iteration 1: 1
Chosen chr at iteration 1


Iteration 2
2	deque([(('55_17', 'h'), ('55_17', 't'))])

Chosen seed at iteration 2: 1
Chosen chr at iteration 2


Iteration 3
3	deque([(('55_110', 'h'), ('55_110', 't'))])

Chosen seed at iteration 3: 1
Chosen chr at iteration 3


Iteration 4
4	deque([(('55_8', 'h'), ('55_8', 't'))])

Chosen seed at iteration 4: 1
Chosen chr at iteration 4


Iteration 1
1	deque([(('55_79', 'h'), ('55_79', 't'))])

Chosen seed at iteration 1: 1
Chosen chr at iteration 1


Iteration 2
2	deque([(('55_34', 'h'), ('55_34', 't'))])

Chosen seed at iteration 2: 1
Chosen chr at iteration 2


Iteration 3
3	deque([(('55_112', 'h'), ('55_112', 't'))])

Chosen seed at iteration 3: 1
Chosen chr at iteration 3


Iteration 4
4	deque([(('55_0', 'h'), ('55_0', 't'))])

Chosen seed at iteration 4: 1
Chosen chr at iteration 4


Iteration 1
1	deque([(('55_91', 'h'), ('55_91', 't'))])

Chosen seed at iteration 1: 1
Chosen chr at iteration 1


Iteration 2
2	deque([(('55_102', 'h'), ('55_102', 't'))])

Chosen seed at iteration 2: 1
Chosen chr at iteration 2


Iteration 3
3	deque([(('55_28', 'h'), ('55_28', 't'))])

Chosen seed at iteration 3: 1
Chosen chr at iteration 3


Iteration 4
4	deque([(('55_90', 'h'), ('55_90', 't'))])

Chosen seed at iteration 4: 1
Chosen chr at iteration 4


Iteration 1
1	deque([(('55_54', 'h'), ('55_54', 't'))])

Chosen seed at iteration 1: 1
Chosen chr at iteration 1


Iteration 2
2	deque([(('55_57', 'h'), ('55_57', 't'))])

Chosen seed at iteration 2: 1
Chosen chr at iteration 2


Iteration 3
3	deque([(('55_49', 'h'), ('55_49', 't'))])

Chosen seed at iteration 3: 1
Chosen chr at iteration 3


Iteration 4
4	deque([(('55_106', 'h'), ('55_106', 't'))])

Chosen seed at iteration 4: 1
Chosen chr at iteration 4


Iteration 1
1	deque([(('55_113', 'h'), ('55_113', 't'))])

Chosen seed at iteration 1: 1
Chosen chr at iteration 1


Iteration 2
2	deque([(('55_20', 'h'), ('55_20', 't'))])

Chosen seed at iteration 2: 1
Chosen chr at iteration 2


Iteration 3
3	deque([(('55_102', 'h'), ('55_102', 't'))])

Chosen seed at iteration 3: 1
Chosen chr at iteration 3


Iteration 4
4	deque([(('55_111', 'h'), ('55_111', 't'))])

Chosen seed at iteration 4: 1
Chosen chr at iteration 4


Iteration 1
1	deque([(('55_57', 'h'), ('55_57', 't'))])

Chosen seed at iteration 1: 1
Chosen chr at iteration 1


Iteration 2
2	deque([(('55_112', 'h'), ('55_112', 't'))])

Chosen seed at iteration 2: 1
Chosen chr at iteration 2


Iteration 3
3	deque([(('55_84', 'h'), ('55_84', 't'))])

Chosen seed at iteration 3: 1
Chosen chr at iteration 3


Iteration 4
4	deque([(('55_50', 'h'), ('55_50', 't'))])

Chosen seed at iteration 4: 1
Chosen chr at iteration 4


Iteration 1
1	deque([(('55_66', 'h'), ('55_66', 't'))])

Chosen seed at iteration 1: 1
Chosen chr at iteration 1


Iteration 2
2	deque([(('55_112', 'h'), ('55_112', 't'))])

Chosen seed at iteration 2: 1
Chosen chr at iteration 2


Iteration 3
3	deque([(('55_47', 'h'), ('55_47', 't'))])

Chosen seed at iteration 3: 1
Chosen chr at iteration 3


Iteration 4
4	deque([(('55_82', 'h'), ('55_82', 't'))])

Chosen seed at iteration 4: 1
Chosen chr at iteration 4


Iteration 1
1	deque([(('55_38', 'h'), ('55_38', 't'))])

Chosen seed at iteration 1: 1
Chosen chr at iteration 1


Iteration 2
2	deque([(('55_11', 'h'), ('55_11', 't'))])

Chosen seed at iteration 2: 1
Chosen chr at iteration 2


Iteration 3
3	deque([(('55_113', 'h'), ('55_113', 't'))])

Chosen seed at iteration 3: 1
Chosen chr at iteration 3


Iteration 4
Iteration 1
1	deque([(('55_45', 'h'), ('55_45', 't'))])

Chosen seed at iteration 1: 1
Chosen chr at iteration 1


Iteration 2
2	deque([(('55_77', 'h'), ('55_77', 't'))])

Chosen seed at iteration 2: 1
Chosen chr at iteration 2


Iteration 3
3	deque([(('55_13', 'h'), ('55_13', 't'))])

Chosen seed at iteration 3: 1
Chosen chr at iteration 3


Iteration 4
4	deque([(('55_64', 'h'), ('55_64', 't'))])

Chosen seed at iteration 4: 1
Chosen chr at iteration 4


Iteration 1
1	deque([(('55_45', 'h'), ('55_45', 't'))])

Chosen seed at iteration 1: 1
Chosen chr at iteration 1


Iteration 2
2	deque([(('55_14', 'h'), ('55_14', 't'))])

Chosen seed at iteration 2: 1
Chosen chr at iteration 2


Iteration 3
3	deque([(('55_112', 'h'), ('55_112', 't'))])

Chosen seed at iteration 3: 1
Chosen chr at iteration 3


Iteration 4
4	deque([(('55_109', 'h'), ('55_109', 't'))])

Chosen seed at iteration 4: 1
Chosen chr at iteration 4


Iteration 1
1	deque([(('55_54', 'h'), ('55_54', 't'))])

Chosen seed at iteration 1: 1
Chosen chr at iteration 1


Iteration 2
2	deque([(('55_79', 'h'), ('55_79', 't'))])

Chosen seed at iteration 2: 1
Chosen chr at iteration 2


Iteration 3
3	deque([(('55_38', 'h'), ('55_38', 't'))])

Chosen seed at iteration 3: 1
Chosen chr at iteration 3


Iteration 4
4	deque([(('55_33', 'h'), ('55_33', 't'))])

Chosen seed at iteration 4: 1
Chosen chr at iteration 4


Iteration 1
1	deque([(('55_38', 'h'), ('55_38', 't'))])

Chosen seed at iteration 1: 1
Chosen chr at iteration 1


Iteration 2
2	deque([(('55_43', 'h'), ('55_43', 't'))])

Chosen seed at iteration 2: 1
Chosen chr at iteration 2


Iteration 3
3	deque([(('55_15', 'h'), ('55_15', 't'))])

Chosen seed at iteration 3: 1
Chosen chr at iteration 3


Iteration 4
4	deque([(('55_24', 'h'), ('55_24', 't'))])

Chosen seed at iteration 4: 1
Chosen chr at iteration 4


Iteration 1
1	deque([(('55_58', 'h'), ('55_58', 't'))])

Chosen seed at iteration 1: 1
Chosen chr at iteration 1


Iteration 2
2	deque([(('55_86', 'h'), ('55_86', 't'))])

Chosen seed at iteration 2: 1
Chosen chr at iteration 2


Iteration 3
3	deque([(('55_43', 'h'), ('55_43', 't'))])

Chosen seed at iteration 3: 1
Chosen chr at iteration 3


Iteration 4
4	deque([(('55_19', 'h'), ('55_19', 't'))])

Chosen seed at iteration 4: 1
Chosen chr at iteration 4


Iteration 1
1	deque([(('55_16', 'h'), ('55_16', 't'))])

Chosen seed at iteration 1: 1
Chosen chr at iteration 1


Iteration 2
2	deque([(('55_26', 'h'), ('55_26', 't'))])

Chosen seed at iteration 2: 1
Chosen chr at iteration 2


Iteration 3
3	deque([(('55_43', 'h'), ('55_43', 't'))])

Chosen seed at iteration 3: 1
Chosen chr at iteration 3


Iteration 4
4	deque([(('55_47', 'h'), ('55_47', 't'))])

Chosen seed at iteration 4: 1
Chosen chr at iteration 4


Iteration 1
1	deque([(('55_58', 'h'), ('55_58', 't'))])

Chosen seed at iteration 1: 1
Chosen chr at iteration 1


Iteration 2
2	deque([(('55_39', 'h'), ('55_39', 't'))])

Chosen seed at iteration 2: 1
Chosen chr at iteration 2


Iteration 3
3	deque([(('55_62', 'h'), ('55_62', 't'))])

Chosen seed at iteration 3: 1
Chosen chr at iteration 3


Iteration 4
4	deque([(('55_107', 'h'), ('55_107', 't'))])

Chosen seed at iteration 4: 1
Chosen chr at iteration 4


Iteration 1
1	deque([(('55_43', 'h'), ('55_43', 't'))])

Chosen seed at iteration 1: 1
Chosen chr at iteration 1


Iteration 2
Iteration 1
1	deque([(('55_71', 'h'), ('55_71', 't'))])

Chosen seed at iteration 1: 1
Chosen chr at iteration 1


Iteration 2
2	deque([(('55_102', 'h'), ('55_102', 't'))])

Chosen seed at iteration 2: 1
Chosen chr at iteration 2


Iteration 3
3	deque([(('55_52', 'h'), ('55_52', 't'))])

Chosen seed at iteration 3: 1
Chosen chr at iteration 3


Iteration 4
4	deque([(('55_22', 'h'), ('55_22', 't'))])

Chosen seed at iteration 4: 1
Chosen chr at iteration 4


Iteration 1
1	deque([(('55_66', 'h'), ('55_66', 't'))])

Chosen seed at iteration 1: 1
Chosen chr at iteration 1


Iteration 2
2	deque([(('55_41', 'h'), ('55_41', 't'))])

Chosen seed at iteration 2: 1
Chosen chr at iteration 2


Iteration 3
3	deque([(('55_18', 'h'), ('55_18', 't'))])

Chosen seed at iteration 3: 1
Chosen chr at iteration 3


Iteration 4
4	deque([(('55_16', 'h'), ('55_16', 't'))])

Chosen seed at iteration 4: 1
Chosen chr at iteration 4


Iteration 1
Iteration 1
1	deque([(('55_84', 'h'), ('55_84', 't'))])

Chosen seed at iteration 1: 1
Chosen chr at iteration 1


Iteration 2
2	deque([(('55_95', 'h'), ('55_95', 't'))])

Chosen seed at iteration 2: 1
Chosen chr at iteration 2


Iteration 3
3	deque([(('55_101', 'h'), ('55_101', 't'))])

Chosen seed at iteration 3: 1
Chosen chr at iteration 3


Iteration 4
Iteration 1
1	deque([(('55_91', 'h'), ('55_91', 't'))])

Chosen seed at iteration 1: 1
Chosen chr at iteration 1


Iteration 2
2	deque([(('55_66', 'h'), ('55_66', 't'))])

Chosen seed at iteration 2: 1
Chosen chr at iteration 2


Iteration 3
3	deque([(('55_43', 'h'), ('55_43', 't'))])

Chosen seed at iteration 3: 1
Chosen chr at iteration 3


Iteration 4
4	deque([(('55_100', 'h'), ('55_100', 't'))])

Chosen seed at iteration 4: 1
Chosen chr at iteration 4


Iteration 1
1	deque([(('55_63', 'h'), ('55_63', 't'))])

Chosen seed at iteration 1: 1
Chosen chr at iteration 1


Iteration 2
Iteration 1
1	deque([(('55_45', 'h'), ('55_45', 't'))])

Chosen seed at iteration 1: 1
Chosen chr at iteration 1


Iteration 2
2	deque([(('55_66', 'h'), ('55_66', 't'))])

Chosen seed at iteration 2: 1
Chosen chr at iteration 2


Iteration 3
3	deque([(('55_61', 'h'), ('55_61', 't'))])

Chosen seed at iteration 3: 1
Chosen chr at iteration 3


Iteration 4
4	deque([(('55_79', 'h'), ('55_79', 't'))])

Chosen seed at iteration 4: 1
Chosen chr at iteration 4


Iteration 1
1	deque([(('55_52', 'h'), ('55_52', 't'))])

Chosen seed at iteration 1: 1
Chosen chr at iteration 1


Iteration 2
2	deque([(('55_68', 'h'), ('55_68', 't'))])

Chosen seed at iteration 2: 1
Chosen chr at iteration 2


Iteration 3
3	deque([(('55_62', 'h'), ('55_62', 't'))])

Chosen seed at iteration 3: 1
Chosen chr at iteration 3


Iteration 4
4	deque([(('55_65', 'h'), ('55_65', 't'))])

Chosen seed at iteration 4: 1
Chosen chr at iteration 4


Iteration 1
1	deque([(('55_54', 'h'), ('55_54', 't'))])

Chosen seed at iteration 1: 1
Chosen chr at iteration 1


Iteration 2
2	deque([(('55_72', 'h'), ('55_72', 't'))])

Chosen seed at iteration 2: 1
Chosen chr at iteration 2


Iteration 3
3	deque([(('55_63', 'h'), ('55_63', 't'))])

Chosen seed at iteration 3: 1
Chosen chr at iteration 3


Iteration 4
4	deque([(('55_95', 'h'), ('55_95', 't'))])

Chosen seed at iteration 4: 1
Chosen chr at iteration 4


Iteration 1
1	deque([(('55_54', 'h'), ('55_54', 't'))])

Chosen seed at iteration 1: 1
Chosen chr at iteration 1


Iteration 2
2	deque([(('55_103', 'h'), ('55_103', 't'))])

Chosen seed at iteration 2: 1
Chosen chr at iteration 2


Iteration 3
3	deque([(('55_78', 'h'), ('55_78', 't'))])

Chosen seed at iteration 3: 1
Chosen chr at iteration 3


Iteration 4
4	deque([(('55_52', 'h'), ('55_52', 't'))])

Chosen seed at iteration 4: 1
Chosen chr at iteration 4


Iteration 1
1	deque([(('55_63', 'h'), ('55_63', 't'))])

Chosen seed at iteration 1: 1
Chosen chr at iteration 1


Iteration 2
2	deque([(('55_105', 'h'), ('55_105', 't'))])

Chosen seed at iteration 2: 1
Chosen chr at iteration 2


Iteration 3
3	deque([(('55_102', 'h'), ('55_102', 't'))])

Chosen seed at iteration 3: 1
Chosen chr at iteration 3


Iteration 4
4	deque([(('55_75', 'h'), ('55_75', 't'))])

Chosen seed at iteration 4: 1
Chosen chr at iteration 4


Iteration 1
1	deque([(('55_76', 'h'), ('55_76', 't'))])

Chosen seed at iteration 1: 1
Chosen chr at iteration 1


Iteration 2
2	deque([(('55_56', 'h'), ('55_56', 't'))])

Chosen seed at iteration 2: 1
Chosen chr at iteration 2


Iteration 3
3	deque([(('55_45', 'h'), ('55_45', 't'))])

Chosen seed at iteration 3: 1
Chosen chr at iteration 3


Iteration 4
4	deque([(('55_78', 'h'), ('55_78', 't'))])

Chosen seed at iteration 4: 1
Chosen chr at iteration 4


Iteration 1
1	deque([(('55_36', 'h'), ('55_36', 't'))])

Chosen seed at iteration 1: 1
Chosen chr at iteration 1


Iteration 2
2	deque([(('55_39', 'h'), ('55_39', 't'))])

Chosen seed at iteration 2: 1
Chosen chr at iteration 2


Iteration 3
3	deque([(('55_45', 'h'), ('55_45', 't'))])

Chosen seed at iteration 3: 1
Chosen chr at iteration 3


Iteration 4
4	deque([(('55_35', 'h'), ('55_35', 't'))])

Chosen seed at iteration 4: 1
Chosen chr at iteration 4


Iteration 1
1	deque([(('55_44', 'h'), ('55_44', 't'))])

Chosen seed at iteration 1: 1
Chosen chr at iteration 1


Iteration 2
2	deque([(('55_41', 'h'), ('55_41', 't'))])

Chosen seed at iteration 2: 1
Chosen chr at iteration 2


Iteration 3
3	deque([(('55_54', 'h'), ('55_54', 't'))])

Chosen seed at iteration 3: 1
Chosen chr at iteration 3


Iteration 4
4	deque([(('55_76', 'h'), ('55_76', 't'))])

Chosen seed at iteration 4: 1
Chosen chr at iteration 4


Iteration 1
1	deque([(('55_84', 'h'), ('55_84', 't'))])

Chosen seed at iteration 1: 1
Chosen chr at iteration 1


Iteration 2
2	deque([(('55_58', 'h'), ('55_58', 't'))])

Chosen seed at iteration 2: 1
Chosen chr at iteration 2


Iteration 3
3	deque([(('55_32', 'h'), ('55_32', 't'))])

Chosen seed at iteration 3: 1
Chosen chr at iteration 3


Iteration 4
4	deque([(('55_99', 'h'), ('55_99', 't'))])

Chosen seed at iteration 4: 1
Chosen chr at iteration 4


Iteration 1
1	deque([(('55_86', 'h'), ('55_86', 't'))])

Chosen seed at iteration 1: 1
Chosen chr at iteration 1


Iteration 2
2	deque([(('55_103', 'h'), ('55_103', 't'))])

Chosen seed at iteration 2: 1
Chosen chr at iteration 2


Iteration 3
3	deque([(('55_58', 'h'), ('55_58', 't'))])

Chosen seed at iteration 3: 1
Chosen chr at iteration 3


Iteration 4
4	deque([(('55_68', 'h'), ('55_68', 't'))])

Chosen seed at iteration 4: 1
Chosen chr at iteration 4


Iteration 1
1	deque([(('55_104', 'h'), ('55_104', 't'))])

Chosen seed at iteration 1: 1
Chosen chr at iteration 1


Iteration 2
2	deque([(('55_110', 'h'), ('55_110', 't'))])

Chosen seed at iteration 2: 1
Chosen chr at iteration 2


Iteration 3
3	deque([(('55_62', 'h'), ('55_62', 't'))])

Chosen seed at iteration 3: 1
Chosen chr at iteration 3


Iteration 4
4	deque([(('55_58', 'h'), ('55_58', 't'))])

Chosen seed at iteration 4: 1
Chosen chr at iteration 4


Iteration 1
1	deque([(('55_71', 'h'), ('55_71', 't'))])

Chosen seed at iteration 1: 1
Chosen chr at iteration 1


Iteration 2
2	deque([(('55_66', 'h'), ('55_66', 't'))])

Chosen seed at iteration 2: 1
Chosen chr at iteration 2


Iteration 3
3	deque([(('55_110', 'h'), ('55_110', 't'))])

Chosen seed at iteration 3: 1
Chosen chr at iteration 3


Iteration 4
4	deque([(('55_62', 'h'), ('55_62', 't'))])

Chosen seed at iteration 4: 1
Chosen chr at iteration 4


Iteration 1
1	deque([(('55_72', 'h'), ('55_72', 't'))])

Chosen seed at iteration 1: 1
Chosen chr at iteration 1


Iteration 2
2	deque([(('55_39', 'h'), ('55_39', 't'))])

Chosen seed at iteration 2: 1
Chosen chr at iteration 2


Iteration 3
3	deque([(('55_103', 'h'), ('55_103', 't'))])

Chosen seed at iteration 3: 1
Chosen chr at iteration 3


Iteration 4
4	deque([(('55_56', 'h'), ('55_56', 't'))])

Chosen seed at iteration 4: 1
Chosen chr at iteration 4


Iteration 1
1	deque([(('55_74', 'h'), ('55_74', 't'))])

Chosen seed at iteration 1: 1
Chosen chr at iteration 1


Iteration 2
2	deque([(('55_103', 'h'), ('55_103', 't'))])

Chosen seed at iteration 2: 1
Chosen chr at iteration 2


Iteration 3
3	deque([(('55_72', 'h'), ('55_72', 't'))])

Chosen seed at iteration 3: 1
Chosen chr at iteration 3


Iteration 4
4	deque([(('55_39', 'h'), ('55_39', 't'))])

Chosen seed at iteration 4: 1
Chosen chr at iteration 4


Iteration 1
1	deque([(('55_45', 'h'), ('55_45', 't'))])

Chosen seed at iteration 1: 1
Chosen chr at iteration 1


Iteration 2
2	deque([(('55_84', 'h'), ('55_84', 't'))])

Chosen seed at iteration 2: 1
Chosen chr at iteration 2


Iteration 3
3	deque([(('55_86', 'h'), ('55_86', 't'))])

Chosen seed at iteration 3: 1
Chosen chr at iteration 3


Iteration 4
4	deque([(('55_72', 'h'), ('55_72', 't'))])

Chosen seed at iteration 4: 1
Chosen chr at iteration 4


Iteration 1
1	deque([(('55_84', 'h'), ('55_84', 't'))])

Chosen seed at iteration 1: 1
Chosen chr at iteration 1


Iteration 2
2	deque([(('55_104', 'h'), ('55_104', 't'))])

Chosen seed at iteration 2: 1
Chosen chr at iteration 2


Iteration 3
3	deque([(('55_110', 'h'), ('55_110', 't'))])

Chosen seed at iteration 3: 1
Chosen chr at iteration 3


Iteration 4
4	deque([(('55_102', 'h'), ('55_102', 't'))])

Chosen seed at iteration 4: 1
Chosen chr at iteration 4


Iteration 1
1	deque([(('55_104', 'h'), ('55_104', 't'))])

Chosen seed at iteration 1: 1
Chosen chr at iteration 1


Iteration 2
2	deque([(('55_74', 'h'), ('55_74', 't'))])

Chosen seed at iteration 2: 1
Chosen chr at iteration 2


Iteration 3
3	deque([(('55_45', 'h'), ('55_45', 't'))])

Chosen seed at iteration 3: 1
Chosen chr at iteration 3


Iteration 4
4	deque([(('55_71', 'h'), ('55_71', 't'))])

Chosen seed at iteration 4: 1
Chosen chr at iteration 4


Iteration 1
1	deque([(('55_110', 'h'), ('55_110', 't'))])

Chosen seed at iteration 1: 1
Chosen chr at iteration 1


Iteration 2
2	deque([(('55_86', 'h'), ('55_86', 't'))])

Chosen seed at iteration 2: 1
Chosen chr at iteration 2


Iteration 3
3	deque([(('55_63', 'h'), ('55_63', 't'))])

Chosen seed at iteration 3: 1
Chosen chr at iteration 3


Iteration 4
4	deque([(('55_77', 'h'), ('55_77', 't'))])

Chosen seed at iteration 4: 1
Chosen chr at iteration 4


Iteration 1
1	deque([(('55_103', 'h'), ('55_103', 't'))])

Chosen seed at iteration 1: 1
Chosen chr at iteration 1


Iteration 2
2	deque([(('55_84', 'h'), ('55_84', 't'))])

Chosen seed at iteration 2: 1
Chosen chr at iteration 2


Iteration 3
3	deque([(('55_101', 'h'), ('55_101', 't'))])

Chosen seed at iteration 3: 1
Chosen chr at iteration 3


Iteration 4
4	deque([(('55_91', 'h'), ('55_91', 't'))])

Chosen seed at iteration 4: 1
Chosen chr at iteration 4


Iteration 1
1	deque([(('55_110', 'h'), ('55_110', 't'))])

Chosen seed at iteration 1: 1
Chosen chr at iteration 1


Iteration 2
2	deque([(('55_101', 'h'), ('55_101', 't'))])

Chosen seed at iteration 2: 1
Chosen chr at iteration 2


Iteration 3
3	deque([(('55_104', 'h'), ('55_104', 't'))])

Chosen seed at iteration 3: 1
Chosen chr at iteration 3


Iteration 4
4	deque([(('55_103', 'h'), ('55_103', 't'))])

Chosen seed at iteration 4: 1
Chosen chr at iteration 4


Iteration 1
1	deque([(('55_110', 'h'), ('55_110', 't'))])

Chosen seed at iteration 1: 1
Chosen chr at iteration 1


Iteration 2
2	deque([(('55_101', 'h'), ('55_101', 't'))])

Chosen seed at iteration 2: 1
Chosen chr at iteration 2


Iteration 3
3	deque([(('55_63', 'h'), ('55_63', 't'))])

Chosen seed at iteration 3: 1
Chosen chr at iteration 3


Iteration 4
4	deque([(('55_104', 'h'), ('55_104', 't'))])

Chosen seed at iteration 4: 1
Chosen chr at iteration 4


Iteration 1
1	deque([(('55_105', 'h'), ('55_105', 't'))])

Chosen seed at iteration 1: 1
Chosen chr at iteration 1


Iteration 2
2	deque([(('55_84', 'h'), ('55_84', 't'))])

Chosen seed at iteration 2: 1
Chosen chr at iteration 2


Iteration 3
3	deque([(('55_110', 'h'), ('55_110', 't'))])

Chosen seed at iteration 3: 1
Chosen chr at iteration 3


Iteration 4
4	deque([(('55_101', 'h'), ('55_101', 't'))])

Chosen seed at iteration 4: 1
Chosen chr at iteration 4


Iteration 1
1	deque([(('55_105', 'h'), ('55_105', 't'))])

Chosen seed at iteration 1: 1
Chosen chr at iteration 1


Iteration 2
2	deque([(('55_110', 'h'), ('55_110', 't'))])

Chosen seed at iteration 2: 1
Chosen chr at iteration 2


Iteration 3
3	deque([(('55_84', 'h'), ('55_84', 't'))])

Chosen seed at iteration 3: 1
Chosen chr at iteration 3


Iteration 4
Iteration 1
1	deque([(('55_105', 'h'), ('55_105', 't'))])

Chosen seed at iteration 1: 1
Chosen chr at iteration 1


Iteration 2
Iteration 1
1	deque([(('55_105', 'h'), ('55_105', 't'))])

Chosen seed at iteration 1: 1
Chosen chr at iteration 1


Iteration 2
Iteration 1
Iteration 1
Iteration 1
Iteration 1
Iteration 1
Iteration 1
Iteration 1
Iteration 1
Iteration 1
Iteration 1
Iteration 1
Iteration 1
