Iteration 1
1	deque([(('132_0', 't'), ('38_2', 't')), (('132_0', 'h'), ('61_0', 'h')), (('99_2', 't'), ('61_0', 't')), (('99_2', 'h'), ('57_1', 't')), (('181_1', 'h'), ('57_1', 'h')), (('117_1', 'h'), ('181_1', 't')), (('181_0', 'h'), ('117_1', 't')), (('38_2', 'h'), ('181_0', 't'))])

Chosen seed at iteration 1: 1
Chosen chr at iteration 1


Iteration 2
2	deque([(('181_2', 'h'), ('57_1', 'h')), (('99_2', 'h'), ('57_1', 't')), (('99_2', 't'), ('61_0', 't')), (('61_0', 'h'), ('132_0', 't')), (('132_0', 'h'), ('38_1', 't')), (('38_1', 'h'), ('181_2', 't'))])
2	deque([(('117_1', 'h'), ('181_3', 't')), (('181_3', 'h'), ('117_1', 't'))])

Chosen seed at iteration 2: 1
Chosen chr at iteration 2



Chosen seed at iteration 3: 2
Chosen chr at iteration 3


Iteration 4
4	deque([(('203_13', 't'), ('171_0', 't')), (('201_0', 'h'), ('171_0', 'h')), (('157_6', 'h'), ('201_0', 't')), (('187_6', 'h'), ('157_6', 't')), (('60_0', 'h'), ('187_6', 't')), (('89_6', 't'), ('60_0', 't')), (('89_6', 'h'), ('50_5', 'h')), (('115_10', 'h'), ('50_5', 't')), (('62_2', 'h'), ('115_10', 't')), (('203_13', 'h'), ('62_2', 't'))])
4	deque([(('181_1', 'h'), ('117_1', 't')), (('117_1', 'h'), ('181_1', 't'))])
4	deque([(('61_2', 'h'), ('132_2', 't')), (('132_2', 'h'), ('38_2', 't')), (('38_2', 'h'), ('181_0', 't')), (('181_0', 'h'), ('57_1', 'h')), (('99_3', 'h'), ('57_1', 't')), (('99_3', 't'), ('61_2', 't'))])
4	deque([(('151_0', 'h'), ('208_1', 't')), (('208_1', 'h'), ('151_0', 't'))])

Chosen seed at iteration 4: 1
Chosen chr at iteration 4



Chosen seed at iteration 5: 2
Chosen chr at iteration 5



Chosen seed at iteration 6: 3
Chosen chr at iteration 6



Chosen seed at iteration 7: 4
Chosen chr at iteration 7


Iteration 1
1	deque([(('99_2', 'h'), ('57_0', 't')), (('99_2', 't'), ('61_0', 't')), (('132_4', 'h'), ('61_0', 'h')), (('132_4', 't'), ('38_1', 't')), (('38_1', 'h'), ('181_3', 't')), (('181_3', 'h'), ('57_0', 'h'))])
1	deque([(('115_1', 'h'), ('78_8', 't')), (('62_5', 'h'), ('115_1', 't')), (('203_20', 'h'), ('62_5', 't')), (('203_20', 't'), ('170_8', 't')), (('202_9', 'h'), ('170_8', 'h')), (('126_0', 'h'), ('202_9', 't')), (('126_0', 't'), ('115_62', 't')), (('115_62', 'h'), ('74_1', 'h')), (('115_7', 't'), ('74_1', 't')), (('115_7', 'h'), ('72_0', 'h')), (('115_55', 'h'), ('72_0', 't')), (('78_8', 'h'), ('115_55', 't'))])
1	deque([(('181_2', 'h'), ('117_0', 't')), (('117_0', 'h'), ('181_2', 't'))])

Chosen seed at iteration 1: 1
Chosen chr at iteration 1



Chosen seed at iteration 2: 2
Chosen chr at iteration 2



Chosen seed at iteration 3: 3
Chosen chr at iteration 3


Iteration 4
4	deque([(('99_1', 'h'), ('57_0', 't')), (('99_1', 't'), ('61_1', 't')), (('132_0', 'h'), ('61_1', 'h')), (('132_0', 't'), ('38_0', 't')), (('38_0', 'h'), ('181_2', 't')), (('181_2', 'h'), ('57_0', 'h'))])
4	deque([(('115_45', 't'), ('83_4', 't')), (('115_45', 'h'), ('63_3', 'h')), (('115_40', 'h'), ('63_3', 't')), (('115_40', 't'), ('74_0', 't')), (('115_31', 'h'), ('74_0', 'h')), (('78_5', 'h'), ('115_31', 't')), (('115_38', 'h'), ('78_5', 't')), (('76_5', 'h'), ('115_38', 't')), (('115_6', 't'), ('76_5', 't')), (('115_6', 'h'), ('50_4', 't')), (('89_1', 'h'), ('50_4', 'h')), (('89_1', 't'), ('60_6', 't')), (('60_6', 'h'), ('187_4', 't')), (('187_4', 'h'), ('157_7', 't')), (('157_7', 'h'), ('201_1', 't')), (('201_1', 'h'), ('171_1', 'h')), (('203_3', 't'), ('171_1', 't')), (('203_3', 'h'), ('62_3', 't')), (('62_3', 'h'), ('115_24', 't')), (('115_24', 'h'), ('83_4', 'h'))])
4	deque([(('181_3', 'h'), ('117_0', 't')), (('117_0', 'h'), ('181_3', 't'))])

Chosen seed at iteration 4: 1
Chosen chr at iteration 4



Chosen seed at iteration 5: 2
Chosen chr at iteration 5



Chosen seed at iteration 6: 3
Chosen chr at iteration 6


Iteration 1
Iteration 1
1	deque([(('96_5', 't'), ('40_0', 't')), (('96_5', 'h'), ('45_0', 'h')), (('87_0', 'h'), ('45_0', 't')), (('155_1', 't'), ('87_0', 't')), (('155_1', 'h'), ('40_0', 'h'))])

Chosen seed at iteration 1: 1
Chosen chr at iteration 1


Iteration 2
2	deque([(('155_1', 'h'), ('40_0', 'h')), (('155_1', 't'), ('87_0', 't')), (('87_0', 'h'), ('45_0', 't')), (('96_0', 'h'), ('45_0', 'h')), (('96_0', 't'), ('40_0', 't'))])

Chosen seed at iteration 2: 1
Chosen chr at iteration 2


Iteration 3
3	deque([(('155_0', 't'), ('87_0', 't')), (('87_0', 'h'), ('45_0', 't')), (('96_4', 'h'), ('45_0', 'h')), (('96_4', 't'), ('40_0', 't')), (('155_0', 'h'), ('40_0', 'h'))])
3	deque([(('115_50', 'h'), ('83_3', 'h')), (('115_50', 't'), ('83_3', 't'))])

Chosen seed at iteration 3: 1
Chosen chr at iteration 3



Chosen seed at iteration 4: 2
Chosen chr at iteration 4


Iteration 1
1	deque([(('115_9', 't'), ('76_4', 't')), (('76_4', 'h'), ('115_41', 't')), (('115_41', 'h'), ('63_6', 'h')), (('115_43', 'h'), ('63_6', 't')), (('115_43', 't'), ('74_1', 't')), (('115_9', 'h'), ('74_1', 'h'))])
1	deque([(('115_64', 'h'), ('83_5', 'h')), (('115_64', 't'), ('83_5', 't'))])

Chosen seed at iteration 1: 1
Chosen chr at iteration 1



Chosen seed at iteration 2: 2
Chosen chr at iteration 2


Iteration 3
3	deque([(('78_3', 'h'), ('115_49', 't')), (('115_49', 'h'), ('83_7', 'h')), (('115_36', 't'), ('83_7', 't')), (('115_36', 'h'), ('78_3', 't'))])

Chosen seed at iteration 3: 1
Chosen chr at iteration 3


Iteration 4
4	deque([(('115_34', 't'), ('74_1', 't')), (('115_34', 'h'), ('83_5', 'h')), (('115_20', 't'), ('83_5', 't')), (('115_20', 'h'), ('78_2', 't')), (('78_2', 'h'), ('115_28', 't')), (('115_28', 'h'), ('74_1', 'h'))])

Chosen seed at iteration 4: 1
Chosen chr at iteration 4


Iteration 1
1	deque([(('203_2', 't'), ('170_26', 't')), (('202_6', 'h'), ('170_26', 'h')), (('126_1', 'h'), ('202_6', 't')), (('126_1', 't'), ('115_15', 't')), (('115_15', 'h'), ('78_3', 't')), (('78_3', 'h'), ('115_41', 't')), (('115_41', 'h'), ('72_4', 't')), (('115_33', 'h'), ('72_4', 'h')), (('76_0', 'h'), ('115_33', 't')), (('115_32', 't'), ('76_0', 't')), (('115_32', 'h'), ('83_0', 'h')), (('115_42', 't'), ('83_0', 't')), (('115_42', 'h'), ('63_2', 't')), (('115_56', 'h'), ('63_2', 'h')), (('62_1', 'h'), ('115_56', 't')), (('203_2', 'h'), ('62_1', 't'))])

Chosen seed at iteration 1: 1
Chosen chr at iteration 1


Iteration 2
2	deque([(('115_56', 't'), ('83_0', 't')), (('115_56', 'h'), ('83_0', 'h'))])

Chosen seed at iteration 2: 1
Chosen chr at iteration 2


Iteration 3
Iteration 1
1	deque([(('202_1', 'h'), ('170_14', 'h')), (('157_11', 'h'), ('202_1', 't')), (('188_3', 'h'), ('157_11', 't')), (('188_3', 't'), ('53_1', 't')), (('53_1', 'h'), ('115_15', 't')), (('115_15', 'h'), ('72_0', 't')), (('115_35', 'h'), ('72_0', 'h')), (('115_35', 't'), ('83_6', 't')), (('115_9', 'h'), ('83_6', 'h')), (('115_9', 't'), ('76_3', 't')), (('76_3', 'h'), ('115_41', 't')), (('115_41', 'h'), ('63_6', 't')), (('115_56', 'h'), ('63_6', 'h')), (('78_9', 'h'), ('115_56', 't')), (('115_63', 'h'), ('78_9', 't')), (('62_0', 'h'), ('115_63', 't')), (('203_17', 'h'), ('62_0', 't')), (('203_17', 't'), ('170_14', 't'))])

Chosen seed at iteration 1: 1
Chosen chr at iteration 1


Iteration 2
2	deque([(('115_17', 'h'), ('72_0', 'h')), (('115_17', 't'), ('83_7', 't')), (('115_43', 'h'), ('83_7', 'h')), (('62_1', 'h'), ('115_43', 't')), (('203_5', 'h'), ('62_1', 't')), (('203_5', 't'), ('170_9', 't')), (('202_6', 'h'), ('170_9', 'h')), (('157_2', 'h'), ('202_6', 't')), (('188_2', 'h'), ('157_2', 't')), (('188_2', 't'), ('53_0', 't')), (('53_0', 'h'), ('115_18', 't')), (('115_18', 'h'), ('63_6', 't')), (('115_27', 'h'), ('63_6', 'h')), (('76_0', 'h'), ('115_27', 't')), (('115_47', 't'), ('76_0', 't')), (('115_47', 'h'), ('72_0', 't'))])
2	deque([(('78_0', 'h'), ('115_48', 't')), (('115_48', 'h'), ('78_0', 't'))])

Chosen seed at iteration 2: 1
Chosen chr at iteration 2



Chosen seed at iteration 3: 2
Chosen chr at iteration 3


Iteration 4
4	deque([(('115_30', 't'), ('76_0', 't')), (('115_30', 'h'), ('72_0', 't')), (('115_48', 'h'), ('72_0', 'h')), (('78_9', 'h'), ('115_48', 't')), (('115_27', 'h'), ('78_9', 't')), (('53_1', 'h'), ('115_27', 't')), (('188_4', 't'), ('53_1', 't')), (('188_4', 'h'), ('157_5', 't')), (('157_5', 'h'), ('202_4', 't')), (('202_4', 'h'), ('170_24', 'h')), (('203_20', 't'), ('170_24', 't')), (('203_20', 'h'), ('62_4', 't')), (('62_4', 'h'), ('115_18', 't')), (('115_18', 'h'), ('63_1', 't')), (('115_63', 'h'), ('63_1', 'h')), (('76_0', 'h'), ('115_63', 't'))])
4	deque([(('115_55', 't'), ('83_6', 't')), (('115_55', 'h'), ('83_6', 'h'))])

Chosen seed at iteration 4: 1
Chosen chr at iteration 4



Chosen seed at iteration 5: 2
Chosen chr at iteration 5


Iteration 1
1	deque([(('115_17', 'h'), ('78_8', 't')), (('78_8', 'h'), ('115_17', 't'))])

Chosen seed at iteration 1: 1
Chosen chr at iteration 1


Iteration 2
Iteration 1
1	deque([(('115_14', 'h'), ('63_8', 'h')), (('62_1', 'h'), ('115_14', 't')), (('203_1', 'h'), ('62_1', 't')), (('203_1', 't'), ('170_16', 't')), (('202_15', 'h'), ('170_16', 'h')), (('157_13', 'h'), ('202_15', 't')), (('188_0', 'h'), ('157_13', 't')), (('188_0', 't'), ('53_2', 't')), (('53_2', 'h'), ('115_61', 't')), (('115_61', 'h'), ('63_8', 't'))])
1	deque([(('78_3', 'h'), ('115_9', 't')), (('115_9', 'h'), ('78_3', 't'))])

Chosen seed at iteration 1: 1
Chosen chr at iteration 1



Chosen seed at iteration 2: 2
Chosen chr at iteration 2


Iteration 3
3	deque([(('78_3', 'h'), ('115_22', 't')), (('115_22', 'h'), ('78_3', 't'))])

Chosen seed at iteration 3: 1
Chosen chr at iteration 3


Iteration 4
4	deque([(('157_12', 'h'), ('202_15', 't')), (('202_15', 'h'), ('170_5', 'h')), (('203_1', 't'), ('170_5', 't')), (('203_1', 'h'), ('62_1', 't')), (('62_1', 'h'), ('115_14', 't')), (('115_14', 'h'), ('63_8', 'h')), (('115_41', 'h'), ('63_8', 't')), (('78_3', 'h'), ('115_41', 't')), (('115_22', 'h'), ('78_3', 't')), (('53_4', 'h'), ('115_22', 't')), (('188_0', 't'), ('53_4', 't')), (('188_0', 'h'), ('157_12', 't'))])

Chosen seed at iteration 4: 1
Chosen chr at iteration 4


Iteration 1
1	deque([(('203_14', 't'), ('170_8', 't')), (('202_0', 'h'), ('170_8', 'h')), (('157_10', 'h'), ('202_0', 't')), (('188_2', 'h'), ('157_10', 't')), (('188_2', 't'), ('53_2', 't')), (('53_2', 'h'), ('115_61', 't')), (('115_61', 'h'), ('63_2', 'h')), (('115_21', 'h'), ('63_2', 't')), (('62_0', 'h'), ('115_21', 't')), (('203_14', 'h'), ('62_0', 't'))])
1	deque([(('78_8', 'h'), ('115_9', 't')), (('115_9', 'h'), ('78_8', 't'))])

Chosen seed at iteration 1: 1
Chosen chr at iteration 1



Chosen seed at iteration 2: 2
Chosen chr at iteration 2


Iteration 3
3	deque([(('203_5', 'h'), ('62_0', 't')), (('203_5', 't'), ('170_14', 't')), (('202_20', 'h'), ('170_14', 'h')), (('157_10', 'h'), ('202_20', 't')), (('188_3', 'h'), ('157_10', 't')), (('188_3', 't'), ('53_2', 't')), (('53_2', 'h'), ('115_21', 't')), (('115_21', 'h'), ('63_2', 't')), (('115_61', 'h'), ('63_2', 'h')), (('78_8', 'h'), ('115_61', 't')), (('115_44', 'h'), ('78_8', 't')), (('62_0', 'h'), ('115_44', 't'))])

Chosen seed at iteration 3: 1
Chosen chr at iteration 3


Iteration 4
4	deque([(('115_43', 'h'), ('78_8', 't')), (('78_8', 'h'), ('115_21', 't')), (('115_21', 'h'), ('63_4', 't')), (('115_9', 'h'), ('63_4', 'h')), (('53_2', 'h'), ('115_9', 't')), (('188_2', 't'), ('53_2', 't')), (('188_2', 'h'), ('157_10', 't')), (('157_10', 'h'), ('202_1', 't')), (('202_1', 'h'), ('170_4', 'h')), (('203_10', 't'), ('170_4', 't')), (('203_10', 'h'), ('62_0', 't')), (('62_0', 'h'), ('115_43', 't'))])

Chosen seed at iteration 4: 1
Chosen chr at iteration 4


Iteration 1
1	deque([(('166_0', 't'), ('41_0', 't')), (('166_0', 'h'), ('153_4', 'h')), (('153_4', 't'), ('119_8', 't')), (('200_1', 'h'), ('119_8', 'h')), (('216_6', 'h'), ('200_1', 't')), (('14_0', 'h'), ('216_6', 't')), (('112_2', 't'), ('14_0', 't')), (('145_1', 'h'), ('112_2', 'h')), (('145_1', 't'), ('67_0', 't')), (('67_0', 'h'), ('96_6', 't')), (('96_6', 'h'), ('41_0', 'h'))])

Chosen seed at iteration 1: 1
Chosen chr at iteration 1


Iteration 2
2	deque([(('145_0', 'h'), ('112_2', 'h')), (('145_0', 't'), ('67_0', 't')), (('67_0', 'h'), ('96_6', 't')), (('96_6', 'h'), ('41_0', 'h')), (('166_4', 't'), ('41_0', 't')), (('166_4', 'h'), ('153_4', 'h')), (('153_4', 't'), ('119_14', 't')), (('200_8', 'h'), ('119_14', 'h')), (('216_3', 'h'), ('200_8', 't')), (('14_0', 'h'), ('216_3', 't')), (('112_2', 't'), ('14_0', 't'))])

Chosen seed at iteration 2: 1
Chosen chr at iteration 2


Iteration 3
3	deque([(('96_0', 'h'), ('41_0', 'h')), (('166_10', 't'), ('41_0', 't')), (('166_10', 'h'), ('153_1', 'h')), (('153_1', 't'), ('119_7', 't')), (('200_10', 'h'), ('119_7', 'h')), (('216_1', 'h'), ('200_10', 't')), (('14_0', 'h'), ('216_1', 't')), (('112_2', 't'), ('14_0', 't')), (('145_1', 'h'), ('112_2', 'h')), (('145_1', 't'), ('67_0', 't')), (('67_0', 'h'), ('96_0', 't'))])

Chosen seed at iteration 3: 1
Chosen chr at iteration 3


Iteration 4
4	deque([(('203_2', 'h'), ('172_3', 'h')), (('203_2', 't'), ('170_8', 't')), (('202_0', 'h'), ('170_8', 'h')), (('157_2', 'h'), ('202_0', 't')), (('187_1', 'h'), ('157_2', 't')), (('60_2', 'h'), ('187_1', 't')), (('89_3', 't'), ('60_2', 't'))])
4	deque([(('96_6', 'h'), ('41_0', 'h'))])
4	deque([(('103_6', 'h'), ('124_7', 't')), (('172_3', 't'), ('103_6', 't'))])
4	deque([(('60_3', 'h'), ('187_1', 't')), (('187_1', 'h'), ('157_1', 't')), (('157_1', 'h'), ('202_18', 't')), (('202_18', 'h'), ('170_8', 'h'))])
4	deque([(('172_7', 't'), ('103_6', 't')), (('203_2', 'h'), ('172_7', 'h'))])
4	deque([(('103_6', 'h'), ('124_2', 't'))])
4	deque([(('60_4', 'h'), ('187_1', 't')), (('89_3', 't'), ('60_4', 't'))])
4	deque([(('89_8', 't'), ('60_3', 't'))])
4	deque([(('67_0', 'h'), ('96_6', 't'))])

Chosen seed at iteration 4: 1
Chosen chr at iteration 4



Chosen seed at iteration 5: 2
Chosen chr at iteration 5



Chosen seed at iteration 6: 3
Chosen chr at iteration 6



Chosen seed at iteration 7: 4
Chosen chr at iteration 7



Chosen seed at iteration 8: 5
Chosen chr at iteration 8



Chosen seed at iteration 9: 6
Chosen chr at iteration 9



Chosen seed at iteration 10: 7
Chosen chr at iteration 10



Chosen seed at iteration 11: 8
Chosen chr at iteration 11



Chosen seed at iteration 12: 9
Chosen chr at iteration 12


Iteration 1
Iteration 1
Iteration 1
Iteration 1
Iteration 1
Iteration 1
Iteration 1
Iteration 1
Iteration 1
Iteration 1
Iteration 1
Iteration 1
Iteration 1
Iteration 1
Iteration 1
Iteration 1
Iteration 1
Iteration 1
Iteration 1
Iteration 1
Iteration 1
Iteration 1
Iteration 1
Iteration 1
Iteration 1
Iteration 1
Iteration 1
