Iteration 1
1	deque([(('79_0', 'h'), ('62_1', 'h')), (('79_3', 't'), ('62_1', 't')), (('79_3', 'h'), ('62_2', 'h')), (('79_4', 't'), ('62_2', 't')), (('79_4', 'h'), ('62_0', 'h')), (('79_0', 't'), ('62_0', 't'))])
1	deque([(('53_0', 'h'), ('76_1', 't')), (('76_1', 'h'), ('36_0', 't')), (('36_0', 'h'), ('125_0', 't')), (('125_0', 'h'), ('115_2', 'h')), (('82_3', 'h'), ('115_2', 't')), (('73_2', 'h'), ('82_3', 't')), (('73_2', 't'), ('42_0', 't')), (('42_0', 'h'), ('55_5', 't')), (('55_5', 'h'), ('52_0', 'h')), (('77_2', 't'), ('52_0', 't')), (('77_2', 'h'), ('61_1', 't')), (('61_1', 'h'), ('55_2', 't')), (('55_2', 'h'), ('52_1', 'h')), (('77_1', 't'), ('52_1', 't')), (('77_1', 'h'), ('51_0', 't')), (('51_0', 'h'), ('56_5', 't')), (('56_5', 'h'), ('46_1', 'h')), (('53_0', 't'), ('46_1', 't'))])
1	deque([(('48_6', 'h'), ('48_5', 't')), (('48_53', 'h'), ('48_6', 't')), (('48_5', 'h'), ('48_53', 't'))])
1	deque([(('48_14', 'h'), ('48_14', 't'))])
1	deque([(('48_10', 'h'), ('48_10', 't'))])

Chosen seed at iteration 1: 2
Chosen chr at iteration 1


Iteration 2
2	deque([(('48_19', 'h'), ('48_19', 't'))])
2	deque([(('48_50', 'h'), ('48_28', 't')), (('48_28', 'h'), ('48_50', 't'))])
2	deque([(('79_1', 't'), ('62_0', 't')), (('79_1', 'h'), ('62_0', 'h'))])
2	deque([(('79_8', 't'), ('62_2', 't')), (('79_8', 'h'), ('62_2', 'h'))])
2	deque([(('90_0', 'h'), ('40_0', 't')), (('90_0', 't'), ('81_4', 't')), (('101_0', 'h'), ('81_4', 'h')), (('40_0', 'h'), ('101_0', 't'))])
2	deque([(('48_7', 'h'), ('48_10', 't')), (('48_10', 'h'), ('48_7', 't'))])
2	deque([(('79_7', 't'), ('62_1', 't')), (('79_7', 'h'), ('62_1', 'h'))])

Chosen seed at iteration 2: 3
Chosen chr at iteration 2


Iteration 3
3	deque([(('77_0', 't'), ('52_1', 't')), (('55_3', 'h'), ('52_1', 'h')), (('61_0', 'h'), ('55_3', 't')), (('77_0', 'h'), ('61_0', 't'))])
3	deque([(('48_52', 'h'), ('48_52', 't'))])
3	deque([(('79_0', 'h'), ('62_2', 'h')), (('79_0', 't'), ('62_0', 't')), (('79_3', 'h'), ('62_0', 'h')), (('79_3', 't'), ('62_2', 't'))])
3	deque([(('48_51', 'h'), ('48_51', 't'))])
3	deque([(('48_9', 'h'), ('48_9', 't'))])
3	deque([(('48_53', 'h'), ('48_53', 't'))])
3	deque([(('48_50', 'h'), ('48_50', 't'))])
3	deque([(('79_5', 'h'), ('62_1', 'h')), (('79_5', 't'), ('62_1', 't'))])

Chosen seed at iteration 3: 4
Chosen chr at iteration 3


Iteration 4
4	deque([(('79_5', 'h'), ('62_2', 'h')), (('79_5', 't'), ('62_2', 't'))])
4	deque([(('79_3', 't'), ('62_0', 't')), (('79_3', 'h'), ('62_1', 'h')), (('79_0', 't'), ('62_1', 't')), (('79_0', 'h'), ('62_0', 'h'))])
4	deque([(('48_52', 'h'), ('48_52', 't'))])
4	deque([(('61_0', 'h'), ('55_5', 't')), (('77_1', 'h'), ('61_0', 't')), (('77_1', 't'), ('52_1', 't')), (('55_5', 'h'), ('52_1', 'h'))])
4	deque([(('48_50', 'h'), ('48_50', 't'))])
4	deque([(('48_9', 'h'), ('48_9', 't'))])
4	deque([(('48_8', 'h'), ('48_8', 't'))])
4	deque([(('40_0', 'h'), ('101_0', 't')), (('90_1', 'h'), ('40_0', 't')), (('90_1', 't'), ('81_3', 't')), (('101_0', 'h'), ('81_3', 'h'))])
4	deque([(('48_53', 'h'), ('48_53', 't'))])

Chosen seed at iteration 4: 6
Chosen chr at iteration 4


Iteration 5
5	deque([(('82_1', 'h'), ('115_0', 't')), (('73_2', 'h'), ('82_1', 't')), (('73_2', 't'), ('42_0', 't')), (('42_0', 'h'), ('55_0', 't')), (('55_0', 'h'), ('52_0', 'h')), (('77_0', 't'), ('52_0', 't')), (('77_0', 'h'), ('61_0', 't')), (('61_0', 'h'), ('55_3', 't')), (('55_3', 'h'), ('52_1', 'h')), (('77_2', 't'), ('52_1', 't')), (('77_2', 'h'), ('51_0', 't')), (('51_0', 'h'), ('56_1', 't')), (('56_1', 'h'), ('46_1', 'h')), (('53_1', 't'), ('46_1', 't')), (('53_1', 'h'), ('76_1', 't')), (('76_1', 'h'), ('36_0', 't')), (('36_0', 'h'), ('125_1', 't')), (('125_1', 'h'), ('115_0', 'h'))])
5	deque([(('99_0', 'h'), ('87_0', 't')), (('87_0', 'h'), ('81_0', 't')), (('102_3', 'h'), ('81_0', 'h')), (('102_3', 't'), ('96_0', 't')), (('96_0', 'h'), ('99_3', 't')), (('99_3', 'h'), ('38_0', 't')), (('38_0', 'h'), ('93_1', 't')), (('93_1', 'h'), ('131_1', 't')), (('131_1', 'h'), ('63_2', 't')), (('63_2', 'h'), ('39_0', 'h')), (('63_1', 'h'), ('39_0', 't')), (('131_0', 'h'), ('63_1', 't')), (('93_0', 'h'), ('131_0', 't')), (('113_0', 'h'), ('93_0', 't')), (('113_0', 't'), ('83_0', 't')), (('92_0', 'h'), ('83_0', 'h')), (('89_2', 'h'), ('92_0', 't')), (('30_0', 'h'), ('89_2', 't')), (('56_6', 't'), ('30_0', 't')), (('56_6', 'h'), ('47_0', 't')), (('47_0', 'h'), ('102_2', 't')), (('106_0', 'h'), ('102_2', 'h')), (('106_0', 't'), ('71_3', 't')), (('71_3', 'h'), ('99_0', 't'))])
5	deque([(('90_1', 't'), ('81_2', 't')), (('101_0', 'h'), ('81_2', 'h')), (('40_0', 'h'), ('101_0', 't')), (('90_1', 'h'), ('40_0', 't'))])
5	deque([(('48_7', 'h'), ('48_52', 't')), (('48_52', 'h'), ('48_7', 't'))])
5	deque([(('48_53', 'h'), ('48_2', 't')), (('48_2', 'h'), ('48_9', 't')), (('48_9', 'h'), ('48_53', 't'))])
5	deque([(('79_3', 'h'), ('62_1', 'h')), (('79_3', 't'), ('62_2', 't')), (('79_8', 'h'), ('62_2', 'h')), (('79_8', 't'), ('62_0', 't')), (('79_5', 'h'), ('62_0', 'h')), (('79_5', 't'), ('62_1', 't'))])

Chosen seed at iteration 5: 2
Chosen chr at iteration 5


Iteration 6
6	deque([(('79_3', 'h'), ('62_1', 'h')), (('79_3', 't'), ('62_0', 't')), (('79_0', 'h'), ('62_0', 'h')), (('79_0', 't'), ('62_2', 't')), (('79_4', 'h'), ('62_2', 'h')), (('79_4', 't'), ('62_1', 't'))])
6	deque([(('48_50', 'h'), ('48_50', 't'))])
6	deque([(('77_1', 'h'), ('61_0', 't')), (('77_1', 't'), ('52_0', 't')), (('55_5', 'h'), ('52_0', 'h')), (('61_0', 'h'), ('55_5', 't'))])
6	deque([(('48_5', 'h'), ('48_5', 't'))])
6	deque([(('48_52', 'h'), ('48_52', 't'))])
6	deque([(('48_53', 'h'), ('48_53', 't'))])
6	deque([(('48_8', 'h'), ('48_8', 't'))])

Chosen seed at iteration 6: 5
Chosen chr at iteration 6


Iteration 7
7	deque([(('79_3', 't'), ('62_1', 't')), (('79_0', 'h'), ('62_1', 'h')), (('79_0', 't'), ('62_0', 't')), (('79_4', 'h'), ('62_0', 'h')), (('79_4', 't'), ('62_2', 't')), (('79_3', 'h'), ('62_2', 'h'))])
7	deque([(('48_50', 'h'), ('48_50', 't'))])
7	deque([(('77_0', 'h'), ('61_0', 't')), (('61_0', 'h'), ('55_1', 't')), (('55_1', 'h'), ('52_1', 'h')), (('77_0', 't'), ('52_1', 't'))])
7	deque([(('48_4', 'h'), ('48_4', 't'))])
7	deque([(('48_5', 'h'), ('48_5', 't'))])
7	deque([(('48_53', 'h'), ('48_53', 't'))])
7	deque([(('48_8', 'h'), ('48_8', 't'))])

Chosen seed at iteration 7: 4
Chosen chr at iteration 7


Iteration 8
8	deque([(('93_0', 'h'), ('131_0', 't')), (('38_0', 'h'), ('93_0', 't')), (('99_3', 'h'), ('38_0', 't')), (('71_3', 'h'), ('99_3', 't')), (('106_0', 't'), ('71_3', 't')), (('106_0', 'h'), ('102_0', 'h')), (('47_0', 'h'), ('102_0', 't')), (('56_3', 'h'), ('47_0', 't')), (('51_1', 'h'), ('56_3', 't')), (('77_2', 'h'), ('51_1', 't')), (('77_2', 't'), ('52_1', 't')), (('55_5', 'h'), ('52_1', 'h')), (('61_0', 'h'), ('55_5', 't')), (('77_1', 'h'), ('61_0', 't')), (('77_1', 't'), ('52_0', 't')), (('55_4', 'h'), ('52_0', 'h')), (('42_0', 'h'), ('55_4', 't')), (('73_1', 't'), ('42_0', 't')), (('73_1', 'h'), ('82_0', 't')), (('82_0', 'h'), ('115_2', 't')), (('125_0', 'h'), ('115_2', 'h')), (('36_1', 'h'), ('125_0', 't')), (('76_2', 'h'), ('36_1', 't')), (('76_2', 't'), ('54_0', 't')), (('54_0', 'h'), ('63_0', 't')), (('63_0', 'h'), ('39_0', 'h')), (('63_1', 'h'), ('39_0', 't')), (('131_0', 'h'), ('63_1', 't'))])
8	deque([(('102_1', 't'), ('96_0', 't')), (('102_1', 'h'), ('81_1', 'h')), (('87_0', 'h'), ('81_1', 't')), (('99_1', 'h'), ('87_0', 't')), (('96_0', 'h'), ('99_1', 't'))])
8	deque([(('48_8', 'h'), ('48_8', 't'))])
8	deque([(('79_4', 'h'), ('62_0', 'h')), (('79_4', 't'), ('62_1', 't')), (('79_0', 'h'), ('62_1', 'h')), (('79_0', 't'), ('62_0', 't'))])
8	deque([(('48_50', 'h'), ('48_50', 't'))])
8	deque([(('79_3', 't'), ('62_2', 't')), (('79_3', 'h'), ('62_2', 'h'))])
8	deque([(('48_5', 'h'), ('48_5', 't'))])
8	deque([(('48_7', 'h'), ('48_7', 't'))])
8	deque([(('48_53', 'h'), ('48_53', 't'))])

Chosen seed at iteration 8: 9
Chosen chr at iteration 8


Iteration 9
9	deque([(('38_0', 'h'), ('93_1', 't')), (('93_1', 'h'), ('131_0', 't')), (('131_0', 'h'), ('63_2', 't')), (('63_2', 'h'), ('39_0', 't')), (('63_1', 'h'), ('39_0', 'h')), (('54_0', 'h'), ('63_1', 't')), (('76_2', 't'), ('54_0', 't')), (('76_2', 'h'), ('36_1', 't')), (('36_1', 'h'), ('125_0', 't')), (('125_0', 'h'), ('115_0', 'h')), (('82_0', 'h'), ('115_0', 't')), (('73_2', 'h'), ('82_0', 't')), (('73_2', 't'), ('42_0', 't')), (('42_0', 'h'), ('55_5', 't')), (('55_5', 'h'), ('52_0', 'h')), (('77_1', 't'), ('52_0', 't')), (('77_1', 'h'), ('61_0', 't')), (('61_0', 'h'), ('55_1', 't')), (('55_1', 'h'), ('52_1', 'h')), (('77_2', 't'), ('52_1', 't')), (('77_2', 'h'), ('51_1', 't')), (('51_1', 'h'), ('56_3', 't')), (('56_3', 'h'), ('47_0', 't')), (('47_0', 'h'), ('102_1', 't')), (('106_0', 'h'), ('102_1', 'h')), (('106_0', 't'), ('71_0', 't')), (('71_0', 'h'), ('99_3', 't')), (('99_3', 'h'), ('38_0', 't'))])
9	deque([(('48_6', 'h'), ('48_6', 't'))])
9	deque([(('40_0', 'h'), ('101_1', 't')), (('90_2', 'h'), ('40_0', 't')), (('90_2', 't'), ('81_0', 't')), (('102_0', 'h'), ('81_0', 'h')), (('102_0', 't'), ('96_0', 't')), (('96_0', 'h'), ('99_1', 't')), (('99_1', 'h'), ('87_0', 't')), (('87_0', 'h'), ('81_2', 't')), (('101_1', 'h'), ('81_2', 'h'))])
9	deque([(('79_3', 'h'), ('62_0', 'h')), (('79_3', 't'), ('62_0', 't'))])
9	deque([(('48_7', 'h'), ('48_7', 't'))])
9	deque([(('79_0', 'h'), ('62_2', 'h')), (('79_4', 't'), ('62_2', 't')), (('79_4', 'h'), ('62_1', 'h')), (('79_0', 't'), ('62_1', 't'))])
9	deque([(('48_5', 'h'), ('48_5', 't'))])
9	deque([(('48_8', 'h'), ('48_8', 't'))])
9	deque([(('48_50', 'h'), ('48_50', 't'))])

Chosen seed at iteration 9: 1
Chosen chr at iteration 9


Iteration 10
10	deque([(('77_2', 'h'), ('61_0', 't')), (('77_2', 't'), ('52_1', 't')), (('55_3', 'h'), ('52_1', 'h')), (('61_0', 'h'), ('55_3', 't'))])
10	deque([(('79_4', 'h'), ('62_2', 'h')), (('79_4', 't'), ('62_0', 't')), (('79_0', 'h'), ('62_0', 'h')), (('79_0', 't'), ('62_2', 't'))])
10	deque([(('79_5', 'h'), ('62_1', 'h')), (('79_5', 't'), ('62_1', 't'))])
10	deque([(('48_7', 'h'), ('48_7', 't'))])
10	deque([(('48_8', 'h'), ('48_8', 't'))])
10	deque([(('48_50', 'h'), ('48_50', 't'))])
10	deque([(('48_6', 'h'), ('48_6', 't'))])
10	deque([(('48_5', 'h'), ('48_5', 't'))])

Chosen seed at iteration 10: 2
Chosen chr at iteration 10


Iteration 11
11	deque([(('79_3', 'h'), ('62_0', 'h')), (('79_3', 't'), ('62_0', 't'))])
11	deque([(('77_0', 'h'), ('51_1', 't')), (('51_1', 'h'), ('56_0', 't')), (('56_0', 'h'), ('46_0', 'h')), (('53_1', 't'), ('46_0', 't')), (('53_1', 'h'), ('76_2', 't')), (('76_2', 'h'), ('36_0', 't')), (('36_0', 'h'), ('125_1', 't')), (('125_1', 'h'), ('115_0', 'h')), (('82_1', 'h'), ('115_0', 't')), (('73_0', 'h'), ('82_1', 't')), (('73_0', 't'), ('42_0', 't')), (('42_0', 'h'), ('55_2', 't')), (('55_2', 'h'), ('52_0', 'h')), (('77_1', 't'), ('52_0', 't')), (('77_1', 'h'), ('61_0', 't')), (('61_0', 'h'), ('55_5', 't')), (('55_5', 'h'), ('52_1', 'h')), (('77_0', 't'), ('52_1', 't'))])
11	deque([(('79_2', 't'), ('62_1', 't')), (('79_2', 'h'), ('62_2', 'h')), (('79_1', 't'), ('62_2', 't')), (('79_1', 'h'), ('62_1', 'h'))])
11	deque([(('48_8', 'h'), ('48_8', 't'))])
11	deque([(('48_7', 'h'), ('48_7', 't'))])
11	deque([(('48_5', 'h'), ('48_5', 't'))])
11	deque([(('48_6', 'h'), ('48_6', 't'))])
11	deque([(('48_50', 'h'), ('48_50', 't'))])

Chosen seed at iteration 11: 3
Chosen chr at iteration 11


Iteration 12
12	deque([(('48_7', 'h'), ('48_7', 't'))])
12	deque([(('36_0', 'h'), ('125_1', 't')), (('125_1', 'h'), ('115_0', 'h')), (('82_1', 'h'), ('115_0', 't')), (('73_0', 'h'), ('82_1', 't')), (('73_0', 't'), ('42_0', 't')), (('42_0', 'h'), ('55_2', 't')), (('55_2', 'h'), ('52_0', 'h')), (('77_1', 't'), ('52_0', 't')), (('77_1', 'h'), ('61_0', 't')), (('61_0', 'h'), ('55_5', 't')), (('55_5', 'h'), ('52_1', 'h')), (('77_0', 't'), ('52_1', 't')), (('77_0', 'h'), ('51_1', 't')), (('51_1', 'h'), ('56_0', 't')), (('56_0', 'h'), ('46_0', 'h')), (('53_1', 't'), ('46_0', 't')), (('53_1', 'h'), ('76_2', 't')), (('76_2', 'h'), ('36_0', 't'))])
12	deque([(('48_5', 'h'), ('48_5', 't'))])
12	deque([(('48_8', 'h'), ('48_8', 't'))])
12	deque([(('48_50', 'h'), ('48_50', 't'))])
12	deque([(('79_1', 'h'), ('62_1', 'h')), (('79_1', 't'), ('62_1', 't'))])
12	deque([(('48_6', 'h'), ('48_6', 't'))])
12	deque([(('79_2', 'h'), ('62_2', 'h')), (('79_2', 't'), ('62_2', 't'))])
12	deque([(('79_3', 'h'), ('62_0', 'h')), (('79_3', 't'), ('62_0', 't'))])

Chosen seed at iteration 12: 1
Chosen chr at iteration 12


Iteration 13
13	deque([(('79_2', 't'), ('62_0', 't')), (('79_2', 'h'), ('62_1', 'h')), (('79_3', 't'), ('62_1', 't')), (('79_3', 'h'), ('62_0', 'h'))])
13	deque([(('48_50', 'h'), ('48_50', 't'))])
13	deque([(('48_6', 'h'), ('48_6', 't'))])
13	deque([(('79_1', 't'), ('62_2', 't')), (('79_1', 'h'), ('62_2', 'h'))])
13	deque([(('48_8', 'h'), ('48_8', 't'))])
13	deque([(('48_1', 'h'), ('48_1', 't'))])
13	deque([(('48_5', 'h'), ('48_5', 't'))])
13	deque([(('55_5', 'h'), ('52_1', 'h')), (('77_2', 't'), ('52_1', 't')), (('77_2', 'h'), ('61_0', 't')), (('61_0', 'h'), ('55_5', 't'))])

Chosen seed at iteration 13: 4
Chosen chr at iteration 13


Iteration 14
14	deque([(('48_6', 'h'), ('48_6', 't'))])
14	deque([(('79_3', 'h'), ('62_0', 'h')), (('79_3', 't'), ('62_1', 't')), (('79_2', 'h'), ('62_1', 'h')), (('79_2', 't'), ('62_2', 't')), (('79_1', 'h'), ('62_2', 'h')), (('79_1', 't'), ('62_0', 't'))])
14	deque([(('48_1', 'h'), ('48_1', 't'))])
14	deque([(('48_8', 'h'), ('48_8', 't'))])
14	deque([(('55_5', 'h'), ('52_1', 'h')), (('77_2', 't'), ('52_1', 't')), (('77_2', 'h'), ('61_0', 't')), (('61_0', 'h'), ('55_5', 't'))])
14	deque([(('48_50', 'h'), ('48_50', 't'))])
14	deque([(('48_5', 'h'), ('48_5', 't'))])

Chosen seed at iteration 14: 6
Chosen chr at iteration 14


