Iteration 1
1	deque([(('159_2', 'h'), ('140_11', 'h')), (('173_2', 't'), ('140_11', 't')), (('173_2', 'h'), ('117_6', 'h')), (('206_2', 't'), ('117_6', 't')), (('206_2', 'h'), ('74_1', 'h')), (('194_0', 't'), ('74_1', 't')), (('194_0', 'h'), ('106_3', 't')), (('106_3', 'h'), ('93_2', 't')), (('93_2', 'h'), ('116_0', 't')), (('116_0', 'h'), ('105_0', 'h')), (('122_1', 't'), ('105_0', 't')), (('122_1', 'h'), ('144_1', 't')), (('145_1', 'h'), ('144_1', 'h')), (('145_1', 't'), ('94_3', 't')), (('177_2', 'h'), ('94_3', 'h')), (('182_7', 'h'), ('177_2', 't')), (('160_10', 'h'), ('182_7', 't')), (('160_10', 't'), ('159_2', 't'))])
1	deque([(('142_7', 't'), ('73_5', 't')), (('142_7', 'h'), ('73_5', 'h'))])
1	deque([(('96_5', 'h'), ('170_1', 't')), (('170_1', 'h'), ('96_5', 't'))])
1	deque([(('84_4', 'h'), ('201_5', 't')), (('201_5', 'h'), ('84_4', 't'))])
1	deque([(('75_10', 'h'), ('75_10', 't'))])
1	deque([(('71_3', 'h'), ('142_3', 't')), (('142_3', 'h'), ('71_3', 't'))])
1	deque([(('129_8', 'h'), ('129_8', 't'))])

Chosen seed at iteration 1: 1
Chosen chr at iteration 1



Chosen seed at iteration 2: 2
Chosen chr at iteration 2



Chosen seed at iteration 3: 3
Chosen chr at iteration 3



Chosen seed at iteration 4: 4
Chosen chr at iteration 4



Chosen seed at iteration 5: 5
Chosen chr at iteration 5



Chosen seed at iteration 6: 6
Chosen chr at iteration 6



Chosen seed at iteration 7: 7
Chosen chr at iteration 7


Iteration 1
1	deque([(('142_0', 'h'), ('71_7', 't')), (('71_7', 'h'), ('142_0', 't'))])
1	deque([(('142_1', 't'), ('73_0', 't')), (('142_1', 'h'), ('73_0', 'h'))])
1	deque([(('84_5', 'h'), ('201_0', 't')), (('201_0', 'h'), ('84_5', 't'))])
1	deque([(('75_11', 'h'), ('75_11', 't'))])

Chosen seed at iteration 1: 1
Chosen chr at iteration 1



Chosen seed at iteration 2: 2
Chosen chr at iteration 2



Chosen seed at iteration 3: 3
Chosen chr at iteration 3



Chosen seed at iteration 4: 4
Chosen chr at iteration 4


Iteration 1
1	deque([(('158_0', 't'), ('44_0', 't')), (('44_0', 'h'), ('198_2', 't')), (('198_2', 'h'), ('210_0', 't')), (('210_0', 'h'), ('167_3', 't')), (('167_3', 'h'), ('192_0', 't')), (('192_0', 'h'), ('120_5', 't')), (('120_5', 'h'), ('216_0', 't')), (('216_0', 'h'), ('204_4', 'h')), (('101_2', 'h'), ('204_4', 't')), (('133_1', 'h'), ('101_2', 't')), (('133_1', 't'), ('79_2', 't')), (('196_3', 'h'), ('79_2', 'h')), (('196_3', 't'), ('179_3', 't')), (('179_3', 'h'), ('188_0', 't')), (('188_0', 'h'), ('153_1', 'h')), (('212_2', 't'), ('153_1', 't')), (('212_2', 'h'), ('157_1', 'h')), (('52_0', 'h'), ('157_1', 't')), (('96_4', 't'), ('52_0', 't')), (('96_4', 'h'), ('61_1', 'h')), (('96_10', 'h'), ('61_1', 't')), (('38_1', 'h'), ('96_10', 't')), (('110_1', 't'), ('38_1', 't')), (('128_0', 'h'), ('110_1', 'h')), (('158_0', 'h'), ('128_0', 't'))])
1	deque([(('75_8', 'h'), ('75_8', 't'))])
1	deque([(('84_1', 'h'), ('201_2', 't')), (('201_2', 'h'), ('84_1', 't'))])
1	deque([(('142_5', 'h'), ('73_1', 'h')), (('71_1', 'h'), ('142_5', 't')), (('142_11', 'h'), ('71_1', 't')), (('142_11', 't'), ('73_1', 't'))])
1	deque([(('129_14', 'h'), ('129_14', 't'))])

Chosen seed at iteration 1: 1
Chosen chr at iteration 1



Chosen seed at iteration 2: 2
Chosen chr at iteration 2



Chosen seed at iteration 3: 3
Chosen chr at iteration 3



Chosen seed at iteration 4: 4
Chosen chr at iteration 4



Chosen seed at iteration 5: 5
Chosen chr at iteration 5


Iteration 1
1	deque([(('166_5', 'h'), ('86_1', 'h')), (('166_5', 't'), ('107_3', 't')), (('181_3', 'h'), ('107_3', 'h')), (('181_3', 't'), ('166_1', 't')), (('166_1', 'h'), ('112_0', 'h')), (('193_1', 'h'), ('112_0', 't')), (('214_2', 't'), ('193_1', 't')), (('214_2', 'h'), ('141_2', 't')), (('154_9', 'h'), ('141_2', 'h')), (('129_29', 'h'), ('154_9', 't')), (('164_1', 'h'), ('129_29', 't')), (('164_1', 't'), ('151_0', 't')), (('151_0', 'h'), ('125_1', 't')), (('125_1', 'h'), ('161_1', 't')), (('161_1', 'h'), ('55_1', 'h')), (('94_2', 't'), ('55_1', 't')), (('177_0', 'h'), ('94_2', 'h')), (('182_0', 'h'), ('177_0', 't')), (('160_2', 'h'), ('182_0', 't')), (('160_2', 't'), ('159_0', 't')), (('159_0', 'h'), ('146_1', 't')), (('146_1', 'h'), ('173_1', 't')), (('173_1', 'h'), ('117_7', 'h')), (('206_6', 't'), ('117_7', 't')), (('206_6', 'h'), ('86_1', 't'))])
1	deque([(('142_14', 'h'), ('73_6', 'h')), (('142_14', 't'), ('73_6', 't'))])
1	deque([(('142_15', 'h'), ('71_9', 't')), (('71_9', 'h'), ('142_15', 't'))])
1	deque([(('75_0', 'h'), ('75_0', 't'))])

Chosen seed at iteration 1: 1
Chosen chr at iteration 1



Chosen seed at iteration 2: 2
Chosen chr at iteration 2



Chosen seed at iteration 3: 3
Chosen chr at iteration 3



Chosen seed at iteration 4: 4
Chosen chr at iteration 4


Iteration 1
1	deque([(('142_9', 't'), ('73_2', 't')), (('142_12', 'h'), ('73_2', 'h')), (('71_10', 'h'), ('142_12', 't')), (('142_9', 'h'), ('71_10', 't'))])
1	deque([(('84_2', 'h'), ('201_3', 't')), (('201_3', 'h'), ('84_2', 't'))])
1	deque([(('75_9', 'h'), ('75_9', 't'))])

Chosen seed at iteration 1: 1
Chosen chr at iteration 1



Chosen seed at iteration 2: 2
Chosen chr at iteration 2



Chosen seed at iteration 3: 3
Chosen chr at iteration 3


Iteration 4
4	deque([(('142_2', 'h'), ('73_4', 'h')), (('142_2', 't'), ('73_4', 't'))])
4	deque([(('160_16', 't'), ('159_1', 't')), (('160_16', 'h'), ('182_6', 't')), (('182_6', 'h'), ('176_1', 't')), (('176_1', 'h'), ('62_0', 'h')), (('169_1', 'h'), ('62_0', 't')), (('83_3', 'h'), ('169_1', 't')), (('215_1', 'h'), ('83_3', 't')), (('87_8', 'h'), ('215_1', 't')), (('95_0', 't'), ('87_8', 't')), (('95_0', 'h'), ('81_4', 'h')), (('129_21', 't'), ('81_4', 't')), (('129_21', 'h'), ('129_11', 't')), (('129_11', 'h'), ('154_23', 't')), (('154_23', 'h'), ('141_5', 'h')), (('191_7', 't'), ('141_5', 't')), (('191_7', 'h'), ('77_1', 't')), (('107_2', 'h'), ('77_1', 'h')), (('166_3', 't'), ('107_2', 't')), (('166_3', 'h'), ('86_0', 'h')), (('206_3', 'h'), ('86_0', 't')), (('206_3', 't'), ('117_8', 't')), (('173_5', 'h'), ('117_8', 'h')), (('173_5', 't'), ('140_9', 't')), (('159_1', 'h'), ('140_9', 'h'))])
4	deque([(('75_4', 'h'), ('75_4', 't'))])
4	deque([(('71_4', 'h'), ('142_8', 't')), (('142_8', 'h'), ('71_4', 't'))])

Chosen seed at iteration 4: 1
Chosen chr at iteration 4



Chosen seed at iteration 5: 2
Chosen chr at iteration 5



Chosen seed at iteration 6: 3
Chosen chr at iteration 6



Chosen seed at iteration 7: 4
Chosen chr at iteration 7


Iteration 1
1	deque([(('71_0', 'h'), ('142_12', 't')), (('142_12', 'h'), ('71_0', 't'))])
1	deque([(('142_4', 'h'), ('73_2', 'h')), (('142_4', 't'), ('73_2', 't'))])
1	deque([(('129_20', 'h'), ('129_20', 't'))])
1	deque([(('84_8', 'h'), ('201_3', 't')), (('201_3', 'h'), ('84_8', 't'))])
1	deque([(('75_2', 'h'), ('75_2', 't'))])

Chosen seed at iteration 1: 1
Chosen chr at iteration 1



Chosen seed at iteration 2: 2
Chosen chr at iteration 2



Chosen seed at iteration 3: 3
Chosen chr at iteration 3



Chosen seed at iteration 4: 4
Chosen chr at iteration 4



Chosen seed at iteration 5: 5
Chosen chr at iteration 5


Iteration 1
1	deque([(('34_1', 'h'), ('76_0', 't')), (('100_2', 't'), ('34_1', 't')), (('100_2', 'h'), ('66_0', 'h')), (('176_0', 'h'), ('66_0', 't')), (('182_11', 'h'), ('176_0', 't')), (('160_15', 'h'), ('182_11', 't')), (('160_15', 't'), ('159_16', 't')), (('159_16', 'h'), ('140_7', 'h')), (('172_1', 'h'), ('140_7', 't')), (('119_2', 'h'), ('172_1', 't')), (('119_2', 't'), ('47_0', 't')), (('87_4', 'h'), ('47_0', 'h')), (('108_2', 'h'), ('87_4', 't')), (('32_0', 'h'), ('108_2', 't')), (('96_15', 'h'), ('32_0', 't')), (('51_0', 'h'), ('96_15', 't')), (('191_13', 'h'), ('51_0', 't')), (('191_13', 't'), ('141_15', 't')), (('154_30', 'h'), ('141_15', 'h')), (('129_17', 'h'), ('154_30', 't')), (('129_34', 'h'), ('129_17', 't')), (('164_0', 'h'), ('129_34', 't')), (('164_0', 't'), ('151_4', 't')), (('151_4', 'h'), ('125_0', 't')), (('125_0', 'h'), ('161_3', 't')), (('161_3', 'h'), ('85_2', 't')), (('191_8', 'h'), ('85_2', 'h'))])
1	deque([(('76_0', 'h'), ('129_23', 't'))])
1	deque([(('129_5', 'h'), ('129_5', 't'))])
1	deque([(('129_37', 'h'), ('154_30', 't'))])
1	deque([(('142_9', 'h'), ('73_3', 'h')), (('142_9', 't'), ('73_3', 't'))])
1	deque([(('142_6', 'h'), ('71_6', 't')), (('71_6', 'h'), ('142_6', 't'))])
1	deque([(('84_6', 'h'), ('201_6', 't')), (('201_6', 'h'), ('84_6', 't'))])
1	deque([(('164_0', 'h'), ('129_37', 't'))])
1	deque([(('75_6', 'h'), ('75_6', 't'))])

Chosen seed at iteration 1: 1
Chosen chr at iteration 1



Chosen seed at iteration 2: 2
Chosen chr at iteration 2



Chosen seed at iteration 3: 3
Chosen chr at iteration 3



Chosen seed at iteration 4: 4
Chosen chr at iteration 4



Chosen seed at iteration 5: 5
Chosen chr at iteration 5



Chosen seed at iteration 6: 6
Chosen chr at iteration 6



Chosen seed at iteration 7: 7
Chosen chr at iteration 7



Chosen seed at iteration 8: 8
Chosen chr at iteration 8



Chosen seed at iteration 9: 9
Chosen chr at iteration 9


Iteration 1
1	deque([(('71_5', 'h'), ('142_10', 't')), (('142_10', 'h'), ('71_5', 't'))])
1	deque([(('75_5', 'h'), ('75_5', 't'))])
1	deque([(('129_5', 'h'), ('129_5', 't'))])

Chosen seed at iteration 1: 1
Chosen chr at iteration 1



Chosen seed at iteration 2: 2
Chosen chr at iteration 2



Chosen seed at iteration 3: 3
Chosen chr at iteration 3


Iteration 4
4	deque([(('214_7', 't'), ('193_4', 't')), (('214_7', 'h'), ('141_31', 't')), (('154_13', 'h'), ('141_31', 'h')), (('129_28', 'h'), ('154_13', 't')), (('129_28', 't'), ('81_3', 't')), (('81_3', 'h'), ('83_2', 't')), (('83_2', 'h'), ('169_3', 't')), (('169_3', 'h'), ('62_1', 't')), (('176_4', 'h'), ('62_1', 'h')), (('182_4', 'h'), ('176_4', 't')), (('160_3', 'h'), ('182_4', 't')), (('160_3', 't'), ('159_4', 't')), (('159_4', 'h'), ('140_6', 'h')), (('172_3', 'h'), ('140_6', 't')), (('119_0', 'h'), ('172_3', 't')), (('119_0', 't'), ('35_0', 't')), (('35_0', 'h'), ('108_0', 't')), (('108_0', 'h'), ('87_6', 't')), (('87_6', 'h'), ('24_0', 't')), (('84_7', 'h'), ('24_0', 'h')), (('64_0', 'h'), ('84_7', 't')), (('193_4', 'h'), ('64_0', 't'))])
4	deque([(('129_37', 'h'), ('129_37', 't'))])
4	deque([(('142_13', 'h'), ('71_5', 't')), (('71_5', 'h'), ('142_13', 't'))])
4	deque([(('75_7', 'h'), ('75_7', 't'))])

Chosen seed at iteration 4: 1
Chosen chr at iteration 4



Chosen seed at iteration 5: 2
Chosen chr at iteration 5



Chosen seed at iteration 6: 3
Chosen chr at iteration 6



Chosen seed at iteration 7: 4
Chosen chr at iteration 7


Iteration 1
1	deque([(('119_4', 'h'), ('172_9', 't')), (('172_9', 'h'), ('140_3', 't')), (('159_6', 'h'), ('140_3', 'h')), (('160_8', 't'), ('159_6', 't')), (('160_8', 'h'), ('182_9', 't')), (('182_9', 'h'), ('26_1', 't')), (('87_10', 'h'), ('26_1', 'h')), (('108_1', 'h'), ('87_10', 't')), (('35_1', 'h'), ('108_1', 't')), (('119_4', 't'), ('35_1', 't'))])
1	deque([(('142_10', 'h'), ('71_8', 't')), (('71_8', 'h'), ('142_10', 't'))])
1	deque([(('75_1', 'h'), ('75_1', 't'))])

Chosen seed at iteration 1: 1
Chosen chr at iteration 1



Chosen seed at iteration 2: 2
Chosen chr at iteration 2



Chosen seed at iteration 3: 3
Chosen chr at iteration 3


Iteration 4
4	deque([(('182_1', 'h'), ('26_1', 't')), (('87_2', 'h'), ('26_1', 'h')), (('108_1', 'h'), ('87_2', 't')), (('35_1', 'h'), ('108_1', 't')), (('119_4', 't'), ('35_1', 't')), (('119_4', 'h'), ('172_0', 't')), (('172_0', 'h'), ('140_3', 't')), (('159_5', 'h'), ('140_3', 'h')), (('160_6', 't'), ('159_5', 't')), (('160_6', 'h'), ('182_1', 't'))])
4	deque([(('191_27', 'h'), ('58_0', 'h')), (('191_27', 't'), ('141_25', 't')), (('154_34', 'h'), ('141_25', 'h')), (('129_27', 'h'), ('154_34', 't')), (('129_27', 't'), ('81_1', 't')), (('81_1', 'h'), ('83_0', 't')), (('83_0', 'h'), ('58_0', 't'))])
4	deque([(('142_10', 'h'), ('71_10', 't')), (('71_10', 'h'), ('142_10', 't'))])
4	deque([(('75_3', 'h'), ('75_3', 't'))])

Chosen seed at iteration 4: 1
Chosen chr at iteration 4



Chosen seed at iteration 5: 2
Chosen chr at iteration 5



Chosen seed at iteration 6: 3
Chosen chr at iteration 6



Chosen seed at iteration 7: 4
Chosen chr at iteration 7


Iteration 1
1	deque([(('129_19', 'h'), ('154_22', 't')), (('129_19', 't'), ('97_0', 't')), (('97_0', 'h'), ('166_8', 't')), (('166_8', 'h'), ('112_1', 'h')), (('193_0', 'h'), ('112_1', 't')), (('214_5', 't'), ('193_0', 't')), (('214_5', 'h'), ('141_12', 't')), (('154_22', 'h'), ('141_12', 'h'))])
1	deque([(('129_36', 'h'), ('129_36', 't'))])
1	deque([(('75_9', 'h'), ('75_9', 't'))])

Chosen seed at iteration 1: 1
Chosen chr at iteration 1



Chosen seed at iteration 2: 2
Chosen chr at iteration 2



Chosen seed at iteration 3: 3
Chosen chr at iteration 3


Iteration 4
4	deque([(('75_5', 'h'), ('75_5', 't'))])
4	deque([(('129_13', 'h'), ('129_13', 't'))])

Chosen seed at iteration 4: 1
Chosen chr at iteration 4



Chosen seed at iteration 5: 2
Chosen chr at iteration 5


Iteration 1
1	deque([(('129_12', 'h'), ('129_12', 't'))])
1	deque([(('154_35', 'h'), ('141_7', 'h')), (('191_9', 't'), ('141_7', 't')), (('191_9', 'h'), ('88_2', 'h')), (('129_24', 't'), ('88_2', 't')), (('129_24', 'h'), ('154_35', 't'))])
1	deque([(('75_9', 'h'), ('75_9', 't'))])

Chosen seed at iteration 1: 1
Chosen chr at iteration 1



Chosen seed at iteration 2: 2
Chosen chr at iteration 2



Chosen seed at iteration 3: 3
Chosen chr at iteration 3


Iteration 4
4	deque([(('129_6', 'h'), ('129_6', 't'))])
4	deque([(('191_25', 't'), ('141_27', 't')), (('154_21', 'h'), ('141_27', 'h')), (('129_3', 'h'), ('154_21', 't')), (('129_3', 't'), ('88_0', 't')), (('191_25', 'h'), ('88_0', 'h'))])
4	deque([(('75_1', 'h'), ('75_1', 't'))])

Chosen seed at iteration 4: 1
Chosen chr at iteration 4



Chosen seed at iteration 5: 2
Chosen chr at iteration 5



Chosen seed at iteration 6: 3
Chosen chr at iteration 6


Iteration 1
1	deque([(('129_19', 'h'), ('129_19', 't'))])
1	deque([(('75_9', 'h'), ('75_9', 't'))])

Chosen seed at iteration 1: 1
Chosen chr at iteration 1



Chosen seed at iteration 2: 2
Chosen chr at iteration 2


Iteration 3
Iteration 1
1	deque([(('75_9', 'h'), ('75_9', 't'))])

Chosen seed at iteration 1: 1
Chosen chr at iteration 1


Iteration 2
2	deque([(('129_36', 'h'), ('129_36', 't'))])

Chosen seed at iteration 2: 1
Chosen chr at iteration 2


Iteration 3
3	deque([(('40_0', 'h'), ('213_3', 't'))])
3	deque([(('129_35', 'h'), ('129_35', 't'))])
3	deque([(('143_2', 'h'), ('129_12', 't')), (('106_2', 'h'), ('143_2', 't')), (('219_5', 't'), ('106_2', 't')), (('219_5', 'h'), ('129_38', 't'))])
3	deque([(('129_12', 'h'), ('154_26', 't'))])
3	deque([(('154_26', 'h'), ('141_21', 'h')), (('214_0', 'h'), ('141_21', 't')), (('214_0', 't'), ('98_6', 't')), (('98_6', 'h'), ('57_0', 'h')), (('191_6', 'h'), ('57_0', 't')), (('191_6', 't'), ('141_36', 't'))])
3	deque([(('213_3', 'h'), ('92_4', 't'))])

Chosen seed at iteration 3: 1
Chosen chr at iteration 3



Chosen seed at iteration 4: 2
Chosen chr at iteration 4



Chosen seed at iteration 5: 3
Chosen chr at iteration 5



Chosen seed at iteration 6: 4
Chosen chr at iteration 6



Chosen seed at iteration 7: 5
Chosen chr at iteration 7



Chosen seed at iteration 8: 6
Chosen chr at iteration 8


Iteration 1
1	deque([(('75_9', 'h'), ('75_9', 't'))])

Chosen seed at iteration 1: 1
Chosen chr at iteration 1


Iteration 2
2	deque([(('129_30', 'h'), ('129_30', 't'))])

Chosen seed at iteration 2: 1
Chosen chr at iteration 2


Iteration 3
3	deque([(('29_0', 'h'), ('92_0', 't')), (('92_0', 'h'), ('41_0', 't')), (('96_7', 'h'), ('41_0', 'h')), (('23_1', 'h'), ('96_7', 't')), (('154_2', 'h'), ('23_1', 't')), (('129_30', 'h'), ('154_2', 't')), (('129_30', 't'), ('88_2', 't')), (('191_18', 'h'), ('88_2', 'h'))])
3	deque([(('98_1', 'h'), ('57_2', 'h'))])
3	deque([(('118_0', 't'), ('29_0', 't'))])
3	deque([(('160_9', 'h'), ('182_5', 't'))])
3	deque([(('129_33', 'h'), ('129_33', 't'))])
3	deque([(('191_12', 'h'), ('57_2', 't'))])
3	deque([(('183_2', 'h'), ('118_0', 'h'))])

Chosen seed at iteration 3: 1
Chosen chr at iteration 3



Chosen seed at iteration 4: 2
Chosen chr at iteration 4



Chosen seed at iteration 5: 3
Chosen chr at iteration 5



Chosen seed at iteration 6: 4
Chosen chr at iteration 6



Chosen seed at iteration 7: 5
Chosen chr at iteration 7



Chosen seed at iteration 8: 6
Chosen chr at iteration 8



Chosen seed at iteration 9: 7
Chosen chr at iteration 9


Iteration 1
1	deque([(('129_36', 'h'), ('129_36', 't'))])
1	deque([(('75_9', 'h'), ('75_9', 't'))])

Chosen seed at iteration 1: 1
Chosen chr at iteration 1



Chosen seed at iteration 2: 2
Chosen chr at iteration 2


Iteration 3
Iteration 1
1	deque([(('75_9', 'h'), ('75_9', 't'))])

Chosen seed at iteration 1: 1
Chosen chr at iteration 1


Iteration 2
Iteration 1
1	deque([(('75_9', 'h'), ('75_9', 't'))])

Chosen seed at iteration 1: 1
Chosen chr at iteration 1


Iteration 2
Iteration 1
1	deque([(('75_9', 'h'), ('75_9', 't'))])

Chosen seed at iteration 1: 1
Chosen chr at iteration 1


Iteration 2
Iteration 1
1	deque([(('75_9', 'h'), ('75_9', 't'))])
1	deque([(('154_20', 'h'), ('141_8', 'h'))])

Chosen seed at iteration 1: 1
Chosen chr at iteration 1



Chosen seed at iteration 2: 2
Chosen chr at iteration 2


Iteration 3
Iteration 1
1	deque([(('75_9', 'h'), ('75_9', 't'))])

Chosen seed at iteration 1: 1
Chosen chr at iteration 1


Iteration 2
Iteration 1
1	deque([(('75_9', 'h'), ('75_9', 't'))])

Chosen seed at iteration 1: 1
Chosen chr at iteration 1


Iteration 2
Iteration 1
1	deque([(('75_9', 'h'), ('75_9', 't'))])

Chosen seed at iteration 1: 1
Chosen chr at iteration 1


Iteration 2
Iteration 1
1	deque([(('75_9', 'h'), ('75_9', 't'))])
1	deque([(('191_26', 't'), ('141_14', 't'))])
1	deque([(('154_12', 'h'), ('141_14', 'h'))])

Chosen seed at iteration 1: 1
Chosen chr at iteration 1



Chosen seed at iteration 2: 2
Chosen chr at iteration 2



Chosen seed at iteration 3: 3
Chosen chr at iteration 3


Iteration 4
Iteration 1
1	deque([(('75_9', 'h'), ('75_9', 't'))])

Chosen seed at iteration 1: 1
Chosen chr at iteration 1


Iteration 2
Iteration 1
1	deque([(('75_9', 'h'), ('75_9', 't'))])
1	deque([(('191_18', 't'), ('141_13', 't')), (('154_24', 'h'), ('141_13', 'h'))])

Chosen seed at iteration 1: 1
Chosen chr at iteration 1



Chosen seed at iteration 2: 2
Chosen chr at iteration 2


Iteration 3
Iteration 1
1	deque([(('75_9', 'h'), ('75_9', 't'))])

Chosen seed at iteration 1: 1
Chosen chr at iteration 1


Iteration 2
Iteration 1
1	deque([(('75_9', 'h'), ('75_9', 't'))])

Chosen seed at iteration 1: 1
Chosen chr at iteration 1


Iteration 2
Iteration 1
1	deque([(('75_9', 'h'), ('75_9', 't'))])

Chosen seed at iteration 1: 1
Chosen chr at iteration 1


Iteration 2
Iteration 1
1	deque([(('75_9', 'h'), ('75_9', 't'))])

Chosen seed at iteration 1: 1
Chosen chr at iteration 1


Iteration 2
Iteration 1
1	deque([(('75_9', 'h'), ('75_9', 't'))])

Chosen seed at iteration 1: 1
Chosen chr at iteration 1


Iteration 2
Iteration 1
1	deque([(('75_9', 'h'), ('75_9', 't'))])

Chosen seed at iteration 1: 1
Chosen chr at iteration 1


Iteration 2
Iteration 1
1	deque([(('75_9', 'h'), ('75_9', 't'))])

Chosen seed at iteration 1: 1
Chosen chr at iteration 1


Iteration 2
Iteration 1
1	deque([(('75_9', 'h'), ('75_9', 't'))])

Chosen seed at iteration 1: 1
Chosen chr at iteration 1


Iteration 2
Iteration 1
1	deque([(('75_9', 'h'), ('75_9', 't'))])

Chosen seed at iteration 1: 1
Chosen chr at iteration 1


Iteration 2
Iteration 1
1	deque([(('75_9', 'h'), ('75_9', 't'))])

Chosen seed at iteration 1: 1
Chosen chr at iteration 1


Iteration 2
Iteration 1
1	deque([(('75_9', 'h'), ('75_9', 't'))])

Chosen seed at iteration 1: 1
Chosen chr at iteration 1


Iteration 2
Iteration 1
1	deque([(('75_9', 'h'), ('75_9', 't'))])

Chosen seed at iteration 1: 1
Chosen chr at iteration 1


Iteration 2
Iteration 1
1	deque([(('75_9', 'h'), ('75_9', 't'))])

Chosen seed at iteration 1: 1
Chosen chr at iteration 1


Iteration 2
Iteration 1
1	deque([(('75_9', 'h'), ('75_9', 't'))])

Chosen seed at iteration 1: 1
Chosen chr at iteration 1


Iteration 2
Iteration 1
1	deque([(('75_9', 'h'), ('75_9', 't'))])

Chosen seed at iteration 1: 1
Chosen chr at iteration 1


Iteration 2
Iteration 1
1	deque([(('75_9', 'h'), ('75_9', 't'))])

Chosen seed at iteration 1: 1
Chosen chr at iteration 1


Iteration 2
Iteration 1
1	deque([(('75_9', 'h'), ('75_9', 't'))])

Chosen seed at iteration 1: 1
Chosen chr at iteration 1


Iteration 2
Iteration 1
1	deque([(('75_9', 'h'), ('75_9', 't'))])

Chosen seed at iteration 1: 1
Chosen chr at iteration 1


Iteration 2
Iteration 1
1	deque([(('75_9', 'h'), ('75_9', 't'))])

Chosen seed at iteration 1: 1
Chosen chr at iteration 1


Iteration 2
Iteration 1
1	deque([(('75_9', 'h'), ('75_9', 't'))])

Chosen seed at iteration 1: 1
Chosen chr at iteration 1


Iteration 2
Iteration 1
1	deque([(('75_9', 'h'), ('75_9', 't'))])

Chosen seed at iteration 1: 1
Chosen chr at iteration 1


Iteration 2
Iteration 1
1	deque([(('75_9', 'h'), ('75_9', 't'))])

Chosen seed at iteration 1: 1
Chosen chr at iteration 1


Iteration 2
Iteration 1
1	deque([(('75_9', 'h'), ('75_9', 't'))])

Chosen seed at iteration 1: 1
Chosen chr at iteration 1


Iteration 2
Iteration 1
1	deque([(('75_9', 'h'), ('75_9', 't'))])

Chosen seed at iteration 1: 1
Chosen chr at iteration 1


Iteration 2
Iteration 1
1	deque([(('75_9', 'h'), ('75_9', 't'))])

Chosen seed at iteration 1: 1
Chosen chr at iteration 1


Iteration 2
Iteration 1
1	deque([(('75_9', 'h'), ('75_9', 't'))])

Chosen seed at iteration 1: 1
Chosen chr at iteration 1


Iteration 2
Iteration 1
1	deque([(('75_9', 'h'), ('75_9', 't'))])

Chosen seed at iteration 1: 1
Chosen chr at iteration 1


Iteration 2
Iteration 1
1	deque([(('75_9', 'h'), ('75_9', 't'))])

Chosen seed at iteration 1: 1
Chosen chr at iteration 1


Iteration 2
Iteration 1
1	deque([(('75_9', 'h'), ('75_9', 't'))])

Chosen seed at iteration 1: 1
Chosen chr at iteration 1


Iteration 2
Iteration 1
1	deque([(('75_9', 'h'), ('75_9', 't'))])

Chosen seed at iteration 1: 1
Chosen chr at iteration 1


Iteration 2
Iteration 1
1	deque([(('75_9', 'h'), ('75_9', 't'))])

Chosen seed at iteration 1: 1
Chosen chr at iteration 1


Iteration 2
Iteration 1
1	deque([(('199_0', 'h'), ('157_3', 't')), (('157_3', 'h'), ('175_6', 't')), (('188_1', 'h'), ('175_6', 'h')), (('179_2', 'h'), ('188_1', 't')), (('197_0', 't'), ('179_2', 't')), (('197_0', 'h'), ('79_0', 'h')), (('186_0', 't'), ('79_0', 't')), (('200_0', 'h'), ('186_0', 'h')), (('200_0', 't'), ('101_0', 't')), (('101_0', 'h'), ('204_2', 't')), (('216_3', 'h'), ('204_2', 'h'))])
1	deque([(('199_0', 't'), ('189_1', 't'))])
1	deque([(('75_9', 'h'), ('75_9', 't'))])

Chosen seed at iteration 1: 1
Chosen chr at iteration 1



Chosen seed at iteration 2: 2
Chosen chr at iteration 2



Chosen seed at iteration 3: 3
Chosen chr at iteration 3


Iteration 4
Iteration 1
1	deque([(('75_9', 'h'), ('75_9', 't'))])

Chosen seed at iteration 1: 1
Chosen chr at iteration 1


Iteration 2
Iteration 1
1	deque([(('75_9', 'h'), ('75_9', 't'))])

Chosen seed at iteration 1: 1
Chosen chr at iteration 1


Iteration 2
Iteration 1
1	deque([(('75_9', 'h'), ('75_9', 't'))])

Chosen seed at iteration 1: 1
Chosen chr at iteration 1


Iteration 2
Iteration 1
1	deque([(('75_9', 'h'), ('75_9', 't'))])

Chosen seed at iteration 1: 1
Chosen chr at iteration 1


Iteration 2
Iteration 1
1	deque([(('75_9', 'h'), ('75_9', 't'))])

Chosen seed at iteration 1: 1
Chosen chr at iteration 1


Iteration 2
Iteration 1
1	deque([(('75_9', 'h'), ('75_9', 't'))])

Chosen seed at iteration 1: 1
Chosen chr at iteration 1


Iteration 2
Iteration 1
1	deque([(('75_9', 'h'), ('75_9', 't'))])

Chosen seed at iteration 1: 1
Chosen chr at iteration 1


Iteration 2
Iteration 1
1	deque([(('75_9', 'h'), ('75_9', 't'))])

Chosen seed at iteration 1: 1
Chosen chr at iteration 1


Iteration 2
Iteration 1
1	deque([(('75_9', 'h'), ('75_9', 't'))])

Chosen seed at iteration 1: 1
Chosen chr at iteration 1


Iteration 2
Iteration 1
Iteration 1
Iteration 1
Iteration 1
Iteration 1
Iteration 1
Iteration 1
