Iteration 1
1	deque([(('119_2', 't'), ('63_1', 't')), (('119_2', 'h'), ('109_0', 'h')), (('109_0', 't'), ('94_0', 't')), (('94_0', 'h'), ('99_1', 't')), (('99_1', 'h'), ('163_0', 't')), (('163_0', 'h'), ('148_3', 'h')), (('148_3', 't'), ('147_11', 't')), (('147_11', 'h'), ('121_5', 't')), (('121_5', 'h'), ('113_1', 't')), (('182_3', 'h'), ('113_1', 'h')), (('50_0', 'h'), ('182_3', 't')), (('83_10', 't'), ('50_0', 't')), (('90_0', 'h'), ('83_10', 'h')), (('78_4', 'h'), ('90_0', 't')), (('49_0', 'h'), ('78_4', 't')), (('93_0', 'h'), ('49_0', 't')), (('39_1', 'h'), ('93_0', 't')), (('106_3', 'h'), ('39_1', 't')), (('106_3', 't'), ('60_1', 't')), (('167_1', 'h'), ('60_1', 'h')), (('167_1', 't'), ('123_6', 't')), (('123_6', 'h'), ('143_8', 't')), (('143_8', 'h'), ('134_27', 't')), (('134_27', 'h'), ('168_4', 't')), (('168_4', 'h'), ('141_0', 't')), (('141_0', 'h'), ('119_0', 'h')), (('63_1', 'h'), ('119_0', 't'))])
1	deque([(('123_34', 'h'), ('171_5', 't')), (('171_5', 'h'), ('123_34', 't'))])
1	deque([(('133_14', 'h'), ('69_6', 'h')), (('133_14', 't'), ('69_6', 't'))])
1	deque([(('81_0', 'h'), ('164_1', 't')), (('164_1', 'h'), ('173_0', 't')), (('173_0', 'h'), ('81_0', 't'))])
1	deque([(('67_3', 'h'), ('133_20', 't')), (('133_20', 'h'), ('67_3', 't'))])
1	deque([(('70_0', 'h'), ('70_0', 't'))])

Chosen seed at iteration 1: 1
Chosen chr at iteration 1



Chosen seed at iteration 2: 2
Chosen chr at iteration 2



Chosen seed at iteration 3: 3
Chosen chr at iteration 3



Chosen seed at iteration 4: 4
Chosen chr at iteration 4



Chosen seed at iteration 5: 5
Chosen chr at iteration 5



Chosen seed at iteration 6: 6
Chosen chr at iteration 6


Iteration 1
1	deque([(('76_2', 'h'), ('110_1', 't')), (('101_0', 't'), ('76_2', 't')), (('101_0', 'h'), ('136_0', 't')), (('187_0', 'h'), ('136_0', 'h')), (('187_0', 't'), ('95_0', 't')), (('95_0', 'h'), ('34_0', 't')), (('34_0', 'h'), ('93_5', 't')), (('93_5', 'h'), ('54_1', 'h')), (('91_1', 'h'), ('54_1', 't')), (('45_0', 'h'), ('91_1', 't')), (('168_0', 'h'), ('45_0', 't')), (('134_33', 'h'), ('168_0', 't')), (('143_17', 'h'), ('134_33', 't')), (('123_25', 'h'), ('143_17', 't')), (('171_3', 'h'), ('123_25', 't')), (('123_9', 'h'), ('171_3', 't')), (('167_2', 't'), ('123_9', 't')), (('167_2', 'h'), ('60_0', 'h')), (('106_2', 't'), ('60_0', 't')), (('106_2', 'h'), ('39_0', 't')), (('39_0', 'h'), ('93_2', 't')), (('93_2', 'h'), ('49_1', 't')), (('49_1', 'h'), ('78_5', 't')), (('78_5', 'h'), ('90_1', 't')), (('90_1', 'h'), ('83_11', 'h')), (('209_0', 't'), ('83_11', 't')), (('209_0', 'h'), ('80_2', 'h')), (('80_2', 't'), ('61_1', 't')), (('202_0', 'h'), ('61_1', 'h')), (('202_0', 't'), ('176_6', 't')), (('208_5', 'h'), ('176_6', 'h')), (('208_5', 't'), ('177_7', 't')), (('177_7', 'h'), ('148_0', 'h')), (('148_0', 't'), ('147_0', 't')), (('147_0', 'h'), ('121_1', 't')), (('121_1', 'h'), ('113_5', 't')), (('182_6', 'h'), ('113_5', 'h')), (('203_0', 'h'), ('182_6', 't')), (('64_1', 'h'), ('203_0', 't')), (('151_6', 't'), ('64_1', 't')), (('151_6', 'h'), ('100_1', 'h')), (('151_0', 'h'), ('100_1', 't')), (('110_1', 'h'), ('151_0', 't'))])
1	deque([(('70_18', 'h'), ('70_18', 't'))])
1	deque([(('133_4', 'h'), ('67_10', 't')), (('67_10', 'h'), ('133_4', 't'))])
1	deque([(('133_17', 'h'), ('69_8', 'h')), (('133_17', 't'), ('69_8', 't'))])
1	deque([(('153_1', 'h'), ('91_3', 't')), (('91_3', 'h'), ('153_1', 't'))])

Chosen seed at iteration 1: 1
Chosen chr at iteration 1



Chosen seed at iteration 2: 2
Chosen chr at iteration 2



Chosen seed at iteration 3: 3
Chosen chr at iteration 3



Chosen seed at iteration 4: 4
Chosen chr at iteration 4



Chosen seed at iteration 5: 5
Chosen chr at iteration 5


Iteration 1
1	deque([(('143_18', 'h'), ('134_13', 't')), (('123_22', 'h'), ('143_18', 't')), (('165_0', 'h'), ('123_22', 't')), (('108_2', 'h'), ('165_0', 't')), (('139_0', 'h'), ('108_2', 't')), (('73_2', 'h'), ('139_0', 't')), (('151_3', 't'), ('73_2', 't')), (('151_3', 'h'), ('100_0', 'h')), (('151_2', 'h'), ('100_0', 't')), (('151_2', 't'), ('64_0', 't')), (('64_0', 'h'), ('203_1', 't')), (('203_1', 'h'), ('182_2', 't')), (('182_2', 'h'), ('113_2', 'h')), (('121_4', 'h'), ('113_2', 't')), (('147_1', 'h'), ('121_4', 't')), (('148_1', 't'), ('147_1', 't')), (('163_2', 'h'), ('148_1', 'h')), (('160_0', 'h'), ('163_2', 't')), (('76_1', 'h'), ('160_0', 't')), (('200_0', 'h'), ('76_1', 't')), (('200_0', 't'), ('136_1', 't')), (('136_1', 'h'), ('107_0', 'h')), (('191_0', 'h'), ('107_0', 't')), (('168_3', 'h'), ('191_0', 't')), (('134_13', 'h'), ('168_3', 't'))])
1	deque([(('133_19', 'h'), ('69_3', 'h')), (('67_4', 'h'), ('133_19', 't')), (('133_1', 'h'), ('67_4', 't')), (('133_1', 't'), ('69_3', 't'))])
1	deque([(('171_2', 'h'), ('123_1', 't')), (('123_1', 'h'), ('171_2', 't'))])

Chosen seed at iteration 1: 1
Chosen chr at iteration 1



Chosen seed at iteration 2: 2
Chosen chr at iteration 2



Chosen seed at iteration 3: 3
Chosen chr at iteration 3


Iteration 4
4	deque([(('147_10', 'h'), ('121_7', 't')), (('148_5', 't'), ('147_10', 't')), (('163_1', 'h'), ('148_5', 'h')), (('160_0', 'h'), ('163_1', 't')), (('76_1', 'h'), ('160_0', 't')), (('200_1', 'h'), ('76_1', 't')), (('200_1', 't'), ('136_1', 't')), (('136_1', 'h'), ('107_0', 'h')), (('191_0', 'h'), ('107_0', 't')), (('168_15', 'h'), ('191_0', 't')), (('134_12', 'h'), ('168_15', 't')), (('143_21', 'h'), ('134_12', 't')), (('123_8', 'h'), ('143_21', 't')), (('165_4', 'h'), ('123_8', 't')), (('108_2', 'h'), ('165_4', 't')), (('139_0', 'h'), ('108_2', 't')), (('73_2', 'h'), ('139_0', 't')), (('151_3', 't'), ('73_2', 't')), (('151_3', 'h'), ('100_3', 'h')), (('151_7', 'h'), ('100_3', 't')), (('151_7', 't'), ('64_0', 't')), (('64_0', 'h'), ('203_3', 't')), (('203_3', 'h'), ('182_5', 't')), (('182_5', 'h'), ('113_7', 'h')), (('121_7', 'h'), ('113_7', 't'))])
4	deque([(('133_15', 'h'), ('67_8', 't')), (('133_15', 't'), ('69_5', 't')), (('133_1', 'h'), ('69_5', 'h')), (('67_8', 'h'), ('133_1', 't'))])

Chosen seed at iteration 4: 1
Chosen chr at iteration 4



Chosen seed at iteration 5: 2
Chosen chr at iteration 5


Iteration 1
1	deque([(('70_4', 'h'), ('70_4', 't'))])
1	deque([(('146_0', 'h'), ('118_0', 'h')), (('146_0', 't'), ('46_1', 't')), (('46_1', 'h'), ('195_3', 't')), (('205_0', 'h'), ('195_3', 'h')), (('205_0', 't'), ('152_4', 't')), (('152_4', 'h'), ('188_2', 't')), (('188_2', 'h'), ('112_7', 't')), (('198_2', 'h'), ('112_7', 'h')), (('211_0', 'h'), ('198_2', 't')), (('96_4', 'h'), ('211_0', 't')), (('125_0', 't'), ('96_4', 't')), (('125_0', 'h'), ('74_0', 'h')), (('193_3', 't'), ('74_0', 't')), (('193_3', 'h'), ('158_0', 'h')), (('181_2', 't'), ('158_0', 't')), (('181_2', 'h'), ('142_0', 'h')), (('207_1', 't'), ('142_0', 't')), (('207_1', 'h'), ('154_7', 'h')), (('169_2', 'h'), ('154_7', 't')), (('169_2', 't'), ('55_0', 't')), (('55_0', 'h'), ('91_6', 't')), (('91_6', 'h'), ('43_0', 't')), (('91_4', 'h'), ('43_0', 'h')), (('91_4', 't'), ('38_0', 't')), (('103_1', 'h'), ('38_0', 'h')), (('118_0', 't'), ('103_1', 't'))])
1	deque([(('171_0', 'h'), ('123_24', 't')), (('123_24', 'h'), ('171_0', 't'))])
1	deque([(('67_11', 'h'), ('133_8', 't')), (('133_7', 'h'), ('67_11', 't')), (('133_7', 't'), ('69_2', 't')), (('133_8', 'h'), ('69_2', 'h'))])

Chosen seed at iteration 1: 1
Chosen chr at iteration 1



Chosen seed at iteration 2: 2
Chosen chr at iteration 2



Chosen seed at iteration 3: 3
Chosen chr at iteration 3



Chosen seed at iteration 4: 4
Chosen chr at iteration 4


Iteration 1
1	deque([(('70_7', 'h'), ('70_7', 't'))])
1	deque([(('133_0', 'h'), ('67_2', 't')), (('67_2', 'h'), ('133_0', 't'))])
1	deque([(('133_5', 't'), ('69_3', 't')), (('133_5', 'h'), ('69_3', 'h'))])

Chosen seed at iteration 1: 1
Chosen chr at iteration 1



Chosen seed at iteration 2: 2
Chosen chr at iteration 2



Chosen seed at iteration 3: 3
Chosen chr at iteration 3


Iteration 4
4	deque([(('133_2', 't'), ('69_0', 't')), (('133_2', 'h'), ('67_0', 't')), (('67_0', 'h'), ('133_3', 't')), (('133_3', 'h'), ('69_0', 'h'))])
4	deque([(('70_10', 'h'), ('70_10', 't'))])
4	deque([(('171_1', 'h'), ('123_7', 't')), (('123_7', 'h'), ('171_1', 't'))])

Chosen seed at iteration 4: 1
Chosen chr at iteration 4



Chosen seed at iteration 5: 2
Chosen chr at iteration 5



Chosen seed at iteration 6: 3
Chosen chr at iteration 6


Iteration 1
1	deque([(('133_13', 'h'), ('69_4', 'h')), (('133_13', 't'), ('69_4', 't'))])
1	deque([(('133_21', 'h'), ('67_4', 't')), (('67_4', 'h'), ('133_21', 't'))])
1	deque([(('70_13', 'h'), ('70_13', 't'))])

Chosen seed at iteration 1: 1
Chosen chr at iteration 1



Chosen seed at iteration 2: 2
Chosen chr at iteration 2



Chosen seed at iteration 3: 3
Chosen chr at iteration 3


Iteration 4
4	deque([(('70_17', 'h'), ('70_17', 't'))])
4	deque([(('133_9', 'h'), ('67_9', 't')), (('133_9', 't'), ('69_7', 't')), (('133_5', 'h'), ('69_7', 'h')), (('67_9', 'h'), ('133_5', 't'))])
4	deque([(('171_8', 'h'), ('123_20', 't')), (('123_20', 'h'), ('171_8', 't'))])

Chosen seed at iteration 4: 1
Chosen chr at iteration 4



Chosen seed at iteration 5: 2
Chosen chr at iteration 5



Chosen seed at iteration 6: 3
Chosen chr at iteration 6


Iteration 1
1	deque([(('152_1', 'h'), ('188_0', 't')), (('188_0', 'h'), ('112_0', 't')), (('198_3', 'h'), ('112_0', 'h')), (('211_3', 'h'), ('198_3', 't')), (('96_7', 'h'), ('211_3', 't')), (('125_1', 't'), ('96_7', 't')), (('125_1', 'h'), ('74_5', 'h')), (('192_0', 't'), ('74_5', 't')), (('192_0', 'h'), ('158_2', 'h')), (('181_1', 't'), ('158_2', 't')), (('181_1', 'h'), ('142_1', 'h')), (('207_2', 't'), ('142_1', 't')), (('207_2', 'h'), ('154_3', 'h')), (('169_5', 'h'), ('154_3', 't')), (('169_5', 't'), ('55_1', 't')), (('55_1', 'h'), ('91_7', 't')), (('91_7', 'h'), ('43_1', 'h')), (('91_2', 'h'), ('43_1', 't')), (('91_2', 't'), ('38_1', 't')), (('103_0', 'h'), ('38_1', 'h')), (('117_0', 'h'), ('103_0', 't')), (('146_1', 'h'), ('117_0', 't')), (('146_1', 't'), ('46_0', 't')), (('46_0', 'h'), ('195_1', 't')), (('205_1', 'h'), ('195_1', 'h')), (('205_1', 't'), ('152_1', 't'))])
1	deque([(('133_16', 'h'), ('69_3', 'h')), (('67_1', 'h'), ('133_16', 't')), (('133_0', 'h'), ('67_1', 't')), (('133_0', 't'), ('69_3', 't'))])
1	deque([(('70_1', 'h'), ('70_1', 't'))])

Chosen seed at iteration 1: 1
Chosen chr at iteration 1



Chosen seed at iteration 2: 2
Chosen chr at iteration 2



Chosen seed at iteration 3: 3
Chosen chr at iteration 3


Iteration 4
4	deque([(('67_6', 'h'), ('133_11', 't')), (('133_11', 'h'), ('67_6', 't'))])
4	deque([(('125_2', 'h'), ('74_5', 'h')), (('125_2', 't'), ('96_8', 't')), (('96_8', 'h'), ('211_2', 't')), (('211_2', 'h'), ('198_1', 't')), (('198_1', 'h'), ('112_3', 'h')), (('188_3', 'h'), ('112_3', 't')), (('152_2', 'h'), ('188_3', 't')), (('205_3', 't'), ('152_2', 't')), (('205_3', 'h'), ('195_0', 'h')), (('46_0', 'h'), ('195_0', 't')), (('146_1', 't'), ('46_0', 't')), (('146_1', 'h'), ('117_1', 't')), (('117_1', 'h'), ('103_0', 't')), (('103_0', 'h'), ('38_1', 'h')), (('91_8', 't'), ('38_1', 't')), (('91_8', 'h'), ('43_1', 'h')), (('91_7', 'h'), ('43_1', 't')), (('55_1', 'h'), ('91_7', 't')), (('169_0', 't'), ('55_1', 't')), (('169_0', 'h'), ('154_4', 't')), (('207_0', 'h'), ('154_4', 'h')), (('207_0', 't'), ('142_1', 't')), (('181_1', 'h'), ('142_1', 'h')), (('181_1', 't'), ('158_3', 't')), (('193_0', 'h'), ('158_3', 'h')), (('193_0', 't'), ('74_5', 't'))])
4	deque([(('209_2', 'h'), ('80_3', 'h')), (('59_1', 'h'), ('80_3', 't')), (('168_3', 'h'), ('59_1', 't')), (('134_17', 'h'), ('168_3', 't')), (('143_1', 'h'), ('134_17', 't')), (('123_12', 'h'), ('143_1', 't')), (('171_7', 'h'), ('123_12', 't')), (('123_11', 'h'), ('171_7', 't')), (('170_2', 't'), ('123_11', 't')), (('170_2', 'h'), ('78_0', 't')), (('78_0', 'h'), ('90_2', 't')), (('90_2', 'h'), ('83_1', 'h')), (('209_2', 't'), ('83_1', 't'))])
4	deque([(('133_12', 'h'), ('69_3', 'h')), (('133_12', 't'), ('69_3', 't'))])
4	deque([(('70_16', 'h'), ('70_16', 't'))])

Chosen seed at iteration 4: 1
Chosen chr at iteration 4



Chosen seed at iteration 5: 2
Chosen chr at iteration 5



Chosen seed at iteration 6: 3
Chosen chr at iteration 6



Chosen seed at iteration 7: 4
Chosen chr at iteration 7



Chosen seed at iteration 8: 5
Chosen chr at iteration 8


Iteration 1
1	deque([(('133_21', 't'), ('69_4', 't')), (('133_21', 'h'), ('69_4', 'h'))])
1	deque([(('133_19', 'h'), ('67_2', 't')), (('67_2', 'h'), ('133_19', 't'))])
1	deque([(('70_3', 'h'), ('70_3', 't'))])

Chosen seed at iteration 1: 1
Chosen chr at iteration 1



Chosen seed at iteration 2: 2
Chosen chr at iteration 2



Chosen seed at iteration 3: 3
Chosen chr at iteration 3


Iteration 4
4	deque([(('189_9', 'h'), ('134_36', 'h')), (('190_6', 'h'), ('189_9', 't')), (('88_1', 'h'), ('190_6', 't')), (('126_0', 't'), ('88_1', 't')), (('126_0', 'h'), ('86_1', 'h')), (('126_2', 'h'), ('86_1', 't')), (('126_2', 't'), ('116_1', 't')), (('116_1', 'h'), ('72_3', 'h')), (('170_5', 'h'), ('72_3', 't')), (('170_5', 't'), ('123_4', 't')), (('123_4', 'h'), ('143_0', 't')), (('143_0', 'h'), ('134_36', 't'))])
4	deque([(('123_15', 'h'), ('171_2', 't')), (('171_2', 'h'), ('123_15', 't'))])
4	deque([(('70_6', 'h'), ('70_6', 't'))])
4	deque([(('133_21', 'h'), ('69_1', 'h')), (('67_7', 'h'), ('133_21', 't')), (('133_16', 'h'), ('67_7', 't')), (('133_16', 't'), ('69_1', 't'))])

Chosen seed at iteration 4: 1
Chosen chr at iteration 4



Chosen seed at iteration 5: 2
Chosen chr at iteration 5



Chosen seed at iteration 6: 3
Chosen chr at iteration 6



Chosen seed at iteration 7: 4
Chosen chr at iteration 7


Iteration 1
1	deque([(('70_2', 'h'), ('70_2', 't'))])
1	deque([(('67_1', 'h'), ('133_18', 't')), (('133_18', 'h'), ('67_1', 't'))])
1	deque([(('133_19', 't'), ('69_4', 't')), (('133_19', 'h'), ('69_4', 'h'))])

Chosen seed at iteration 1: 1
Chosen chr at iteration 1



Chosen seed at iteration 2: 2
Chosen chr at iteration 2



Chosen seed at iteration 3: 3
Chosen chr at iteration 3


Iteration 4
4	deque([(('190_5', 'h'), ('189_0', 't')), (('88_2', 'h'), ('190_5', 't')), (('126_1', 't'), ('88_2', 't')), (('126_1', 'h'), ('86_2', 't')), (('126_3', 'h'), ('86_2', 'h')), (('126_3', 't'), ('116_2', 't')), (('116_2', 'h'), ('72_0', 'h')), (('170_6', 'h'), ('72_0', 't')), (('170_6', 't'), ('123_17', 't')), (('123_17', 'h'), ('143_5', 't')), (('143_5', 'h'), ('134_4', 't')), (('189_0', 'h'), ('134_4', 'h'))])
4	deque([(('70_7', 'h'), ('70_7', 't'))])
4	deque([(('67_12', 'h'), ('133_19', 't')), (('133_19', 'h'), ('67_12', 't'))])
4	deque([(('133_0', 't'), ('69_4', 't')), (('133_0', 'h'), ('69_4', 'h'))])
4	deque([(('171_4', 'h'), ('123_31', 't')), (('123_31', 'h'), ('171_4', 't'))])

Chosen seed at iteration 4: 1
Chosen chr at iteration 4



Chosen seed at iteration 5: 2
Chosen chr at iteration 5



Chosen seed at iteration 6: 3
Chosen chr at iteration 6



Chosen seed at iteration 7: 4
Chosen chr at iteration 7



Chosen seed at iteration 8: 5
Chosen chr at iteration 8


Iteration 1
1	deque([(('208_2', 'h'), ('176_3', 'h')), (('208_2', 't'), ('177_4', 't')), (('177_4', 'h'), ('148_1', 'h')), (('148_1', 't'), ('147_3', 't')), (('147_3', 'h'), ('121_4', 't')), (('121_4', 'h'), ('113_2', 't')), (('113_2', 'h'), ('35_1', 'h')), (('102_1', 'h'), ('35_1', 't')), (('83_3', 'h'), ('102_1', 't')), (('27_0', 'h'), ('83_3', 't')), (('176_3', 't'), ('27_0', 't'))])
1	deque([(('70_15', 'h'), ('70_15', 't'))])
1	deque([(('67_13', 'h'), ('133_13', 't')), (('133_13', 'h'), ('67_13', 't'))])

Chosen seed at iteration 1: 1
Chosen chr at iteration 1



Chosen seed at iteration 2: 2
Chosen chr at iteration 2



Chosen seed at iteration 3: 3
Chosen chr at iteration 3


Iteration 4
4	deque([(('176_3', 't'), ('27_0', 't')), (('208_7', 'h'), ('176_3', 'h')), (('208_7', 't'), ('177_5', 't')), (('177_5', 'h'), ('148_10', 'h')), (('148_10', 't'), ('147_3', 't')), (('147_3', 'h'), ('121_4', 't')), (('121_4', 'h'), ('113_2', 't')), (('113_2', 'h'), ('35_1', 'h')), (('102_1', 'h'), ('35_1', 't')), (('83_3', 'h'), ('102_1', 't')), (('27_0', 'h'), ('83_3', 't'))])
4	deque([(('67_2', 'h'), ('133_18', 't')), (('133_18', 'h'), ('67_2', 't'))])
4	deque([(('70_11', 'h'), ('70_11', 't'))])

Chosen seed at iteration 4: 1
Chosen chr at iteration 4



Chosen seed at iteration 5: 2
Chosen chr at iteration 5



Chosen seed at iteration 6: 3
Chosen chr at iteration 6


Iteration 1
1	deque([(('133_6', 'h'), ('67_5', 't')), (('67_5', 'h'), ('133_6', 't'))])
1	deque([(('70_14', 'h'), ('70_14', 't'))])

Chosen seed at iteration 1: 1
Chosen chr at iteration 1



Chosen seed at iteration 2: 2
Chosen chr at iteration 2


Iteration 3
3	deque([(('133_10', 'h'), ('67_13', 't')), (('67_13', 'h'), ('133_10', 't'))])
3	deque([(('123_23', 'h'), ('143_15', 't')), (('167_5', 't'), ('123_23', 't')), (('167_5', 'h'), ('65_1', 't')), (('168_24', 'h'), ('65_1', 'h')), (('134_30', 'h'), ('168_24', 't')), (('143_15', 'h'), ('134_30', 't'))])
3	deque([(('70_2', 'h'), ('70_2', 't'))])

Chosen seed at iteration 3: 1
Chosen chr at iteration 3



Chosen seed at iteration 4: 2
Chosen chr at iteration 4



Chosen seed at iteration 5: 3
Chosen chr at iteration 5


Iteration 1
1	deque([(('67_1', 'h'), ('133_13', 't')), (('133_13', 'h'), ('67_1', 't'))])
1	deque([(('70_15', 'h'), ('70_15', 't'))])

Chosen seed at iteration 1: 1
Chosen chr at iteration 1



Chosen seed at iteration 2: 2
Chosen chr at iteration 2


Iteration 3
3	deque([(('70_1', 'h'), ('70_1', 't'))])
3	deque([(('67_4', 'h'), ('133_6', 't')), (('133_6', 'h'), ('67_4', 't'))])

Chosen seed at iteration 3: 1
Chosen chr at iteration 3



Chosen seed at iteration 4: 2
Chosen chr at iteration 4


Iteration 1
1	deque([(('67_14', 'h'), ('133_13', 't')), (('133_13', 'h'), ('67_14', 't'))])
1	deque([(('70_13', 'h'), ('70_13', 't'))])

Chosen seed at iteration 1: 1
Chosen chr at iteration 1



Chosen seed at iteration 2: 2
Chosen chr at iteration 2


Iteration 3
3	deque([(('168_10', 'h'), ('65_2', 'h')), (('167_4', 'h'), ('65_2', 't')), (('167_4', 't'), ('123_30', 't')), (('123_30', 'h'), ('143_4', 't')), (('143_4', 'h'), ('134_31', 't')), (('134_31', 'h'), ('168_10', 't'))])
3	deque([(('70_15', 'h'), ('70_15', 't'))])
3	deque([(('67_1', 'h'), ('133_13', 't')), (('133_13', 'h'), ('67_1', 't'))])

Chosen seed at iteration 3: 1
Chosen chr at iteration 3



Chosen seed at iteration 4: 2
Chosen chr at iteration 4



Chosen seed at iteration 5: 3
Chosen chr at iteration 5


Iteration 1
1	deque([(('75_1', 'h'), ('123_0', 't')), (('123_0', 'h'), ('143_27', 't')), (('143_27', 'h'), ('134_21', 't')), (('134_21', 'h'), ('168_13', 't')), (('168_13', 'h'), ('75_1', 't'))])
1	deque([(('70_12', 'h'), ('70_12', 't'))])

Chosen seed at iteration 1: 1
Chosen chr at iteration 1



Chosen seed at iteration 2: 2
Chosen chr at iteration 2


Iteration 3
3	deque([(('134_6', 'h'), ('168_12', 't')), (('168_12', 'h'), ('75_0', 't')), (('75_0', 'h'), ('123_26', 't')), (('123_26', 'h'), ('143_9', 't')), (('143_9', 'h'), ('134_6', 't'))])
3	deque([(('70_8', 'h'), ('70_8', 't'))])

Chosen seed at iteration 3: 1
Chosen chr at iteration 3



Chosen seed at iteration 4: 2
Chosen chr at iteration 4


Iteration 1
1	deque([(('70_5', 'h'), ('70_5', 't'))])

Chosen seed at iteration 1: 1
Chosen chr at iteration 1


Iteration 2
2	deque([(('123_37', 'h'), ('143_14', 't')), (('143_14', 'h'), ('134_26', 't')), (('134_26', 'h'), ('168_7', 't')), (('168_7', 'h'), ('75_2', 't')), (('75_2', 'h'), ('123_37', 't'))])
2	deque([(('70_3', 'h'), ('70_3', 't'))])

Chosen seed at iteration 2: 1
Chosen chr at iteration 2



Chosen seed at iteration 3: 2
Chosen chr at iteration 3


Iteration 4
4	deque([(('123_37', 'h'), ('143_16', 't')), (('143_16', 'h'), ('134_21', 't')), (('134_21', 'h'), ('168_9', 't')), (('168_9', 'h'), ('75_1', 't')), (('75_1', 'h'), ('123_37', 't'))])
4	deque([(('70_14', 'h'), ('70_14', 't'))])

Chosen seed at iteration 4: 1
Chosen chr at iteration 4



Chosen seed at iteration 5: 2
Chosen chr at iteration 5


Iteration 1
1	deque([(('70_5', 'h'), ('70_5', 't'))])

Chosen seed at iteration 1: 1
Chosen chr at iteration 1


Iteration 2
2	deque([(('70_13', 'h'), ('70_13', 't'))])

Chosen seed at iteration 2: 1
Chosen chr at iteration 2


Iteration 3
3	deque([(('70_9', 'h'), ('70_9', 't'))])

Chosen seed at iteration 3: 1
Chosen chr at iteration 3


Iteration 4
4	deque([(('70_12', 'h'), ('70_12', 't'))])
4	deque([(('70_3', 'h'), ('70_3', 't'))])

Chosen seed at iteration 4: 1
Chosen chr at iteration 4



Chosen seed at iteration 5: 2
Chosen chr at iteration 5


Iteration 1
1	deque([(('70_3', 'h'), ('70_3', 't'))])

Chosen seed at iteration 1: 1
Chosen chr at iteration 1


Iteration 2
2	deque([(('70_9', 'h'), ('70_9', 't'))])

Chosen seed at iteration 2: 1
Chosen chr at iteration 2


Iteration 3
3	deque([(('70_5', 'h'), ('70_5', 't'))])

Chosen seed at iteration 3: 1
Chosen chr at iteration 3


Iteration 4
4	deque([(('70_13', 'h'), ('70_13', 't'))])

Chosen seed at iteration 4: 1
Chosen chr at iteration 4


Iteration 1
1	deque([(('70_5', 'h'), ('70_5', 't'))])

Chosen seed at iteration 1: 1
Chosen chr at iteration 1


Iteration 2
2	deque([(('70_9', 'h'), ('70_9', 't'))])

Chosen seed at iteration 2: 1
Chosen chr at iteration 2


Iteration 3
3	deque([(('167_0', 'h'), ('56_1', 't'))])
3	deque([(('70_3', 'h'), ('70_3', 't'))])

Chosen seed at iteration 3: 1
Chosen chr at iteration 3



Chosen seed at iteration 4: 2
Chosen chr at iteration 4


Iteration 1
1	deque([(('70_9', 'h'), ('70_9', 't'))])

Chosen seed at iteration 1: 1
Chosen chr at iteration 1


Iteration 2
2	deque([(('70_5', 'h'), ('70_5', 't'))])

Chosen seed at iteration 2: 1
Chosen chr at iteration 2


Iteration 3
3	deque([(('170_4', 'h'), ('78_3', 't'))])
3	deque([(('206_2', 't'), ('21_0', 't')), (('206_2', 'h'), ('89_6', 'h'))])
3	deque([(('170_4', 't'), ('123_19', 't'))])
3	deque([(('89_6', 'h'), ('21_0', 'h'))])

Chosen seed at iteration 3: 1
Chosen chr at iteration 3



Chosen seed at iteration 4: 2
Chosen chr at iteration 4



Chosen seed at iteration 5: 3
Chosen chr at iteration 5



Chosen seed at iteration 6: 4
Chosen chr at iteration 6


Iteration 1
1	deque([(('70_5', 'h'), ('70_5', 't'))])

Chosen seed at iteration 1: 1
Chosen chr at iteration 1


Iteration 2
2	deque([(('70_9', 'h'), ('70_9', 't'))])

Chosen seed at iteration 2: 1
Chosen chr at iteration 2


Iteration 3
Iteration 1
1	deque([(('70_5', 'h'), ('70_5', 't'))])

Chosen seed at iteration 1: 1
Chosen chr at iteration 1


Iteration 2
2	deque([(('70_9', 'h'), ('70_9', 't'))])

Chosen seed at iteration 2: 1
Chosen chr at iteration 2


Iteration 3
Iteration 1
1	deque([(('70_9', 'h'), ('70_9', 't'))])

Chosen seed at iteration 1: 1
Chosen chr at iteration 1


Iteration 2
2	deque([(('70_5', 'h'), ('70_5', 't'))])

Chosen seed at iteration 2: 1
Chosen chr at iteration 2


Iteration 3
Iteration 1
1	deque([(('70_9', 'h'), ('70_9', 't'))])

Chosen seed at iteration 1: 1
Chosen chr at iteration 1


Iteration 2
2	deque([(('70_5', 'h'), ('70_5', 't'))])

Chosen seed at iteration 2: 1
Chosen chr at iteration 2


Iteration 3
Iteration 1
1	deque([(('70_5', 'h'), ('70_5', 't'))])

Chosen seed at iteration 1: 1
Chosen chr at iteration 1


Iteration 2
2	deque([(('70_9', 'h'), ('70_9', 't'))])

Chosen seed at iteration 2: 1
Chosen chr at iteration 2


Iteration 3
Iteration 1
1	deque([(('70_9', 'h'), ('70_9', 't'))])

Chosen seed at iteration 1: 1
Chosen chr at iteration 1


Iteration 2
2	deque([(('70_5', 'h'), ('70_5', 't'))])

Chosen seed at iteration 2: 1
Chosen chr at iteration 2


Iteration 3
Iteration 1
1	deque([(('70_9', 'h'), ('70_9', 't'))])
1	deque([(('182_4', 'h'), ('113_4', 'h'))])
1	deque([(('129_2', 't'), ('113_4', 't'))])

Chosen seed at iteration 1: 1
Chosen chr at iteration 1



Chosen seed at iteration 2: 2
Chosen chr at iteration 2



Chosen seed at iteration 3: 3
Chosen chr at iteration 3


Iteration 4
4	deque([(('70_5', 'h'), ('70_5', 't'))])

Chosen seed at iteration 4: 1
Chosen chr at iteration 4


Iteration 1
1	deque([(('70_9', 'h'), ('70_9', 't'))])

Chosen seed at iteration 1: 1
Chosen chr at iteration 1


Iteration 2
Iteration 1
1	deque([(('70_9', 'h'), ('70_9', 't'))])

Chosen seed at iteration 1: 1
Chosen chr at iteration 1


Iteration 2
Iteration 1
1	deque([(('70_9', 'h'), ('70_9', 't'))])

Chosen seed at iteration 1: 1
Chosen chr at iteration 1


Iteration 2
Iteration 1
1	deque([(('70_9', 'h'), ('70_9', 't'))])

Chosen seed at iteration 1: 1
Chosen chr at iteration 1


Iteration 2
Iteration 1
1	deque([(('70_9', 'h'), ('70_9', 't'))])

Chosen seed at iteration 1: 1
Chosen chr at iteration 1


Iteration 2
2	deque([(('185_1', 't'), ('89_6', 't'))])
2	deque([(('206_2', 'h'), ('89_6', 'h'))])

Chosen seed at iteration 2: 1
Chosen chr at iteration 2



Chosen seed at iteration 3: 2
Chosen chr at iteration 3


Iteration 4
Iteration 1
1	deque([(('70_9', 'h'), ('70_9', 't'))])

Chosen seed at iteration 1: 1
Chosen chr at iteration 1


Iteration 2
2	deque([(('175_0', 'h'), ('114_1', 'h')), (('104_0', 'h'), ('175_0', 't')), (('139_2', 't'), ('104_0', 't'))])

Chosen seed at iteration 2: 1
Chosen chr at iteration 2


Iteration 3
Iteration 1
1	deque([(('70_9', 'h'), ('70_9', 't'))])

Chosen seed at iteration 1: 1
Chosen chr at iteration 1


Iteration 2
Iteration 1
1	deque([(('70_9', 'h'), ('70_9', 't'))])

Chosen seed at iteration 1: 1
Chosen chr at iteration 1


Iteration 2
Iteration 1
1	deque([(('70_9', 'h'), ('70_9', 't'))])

Chosen seed at iteration 1: 1
Chosen chr at iteration 1


Iteration 2
Iteration 1
1	deque([(('70_9', 'h'), ('70_9', 't'))])

Chosen seed at iteration 1: 1
Chosen chr at iteration 1


Iteration 2
Iteration 1
1	deque([(('70_9', 'h'), ('70_9', 't'))])

Chosen seed at iteration 1: 1
Chosen chr at iteration 1


Iteration 2
Iteration 1
1	deque([(('70_9', 'h'), ('70_9', 't'))])

Chosen seed at iteration 1: 1
Chosen chr at iteration 1


Iteration 2
Iteration 1
1	deque([(('70_9', 'h'), ('70_9', 't'))])

Chosen seed at iteration 1: 1
Chosen chr at iteration 1


Iteration 2
Iteration 1
1	deque([(('70_9', 'h'), ('70_9', 't'))])

Chosen seed at iteration 1: 1
Chosen chr at iteration 1


Iteration 2
Iteration 1
1	deque([(('70_9', 'h'), ('70_9', 't'))])

Chosen seed at iteration 1: 1
Chosen chr at iteration 1


Iteration 2
Iteration 1
1	deque([(('70_9', 'h'), ('70_9', 't'))])

Chosen seed at iteration 1: 1
Chosen chr at iteration 1


Iteration 2
Iteration 1
1	deque([(('70_9', 'h'), ('70_9', 't'))])

Chosen seed at iteration 1: 1
Chosen chr at iteration 1


Iteration 2
Iteration 1
1	deque([(('70_9', 'h'), ('70_9', 't'))])

Chosen seed at iteration 1: 1
Chosen chr at iteration 1


Iteration 2
Iteration 1
1	deque([(('70_9', 'h'), ('70_9', 't'))])

Chosen seed at iteration 1: 1
Chosen chr at iteration 1


Iteration 2
Iteration 1
1	deque([(('70_9', 'h'), ('70_9', 't'))])

Chosen seed at iteration 1: 1
Chosen chr at iteration 1


Iteration 2
Iteration 1
1	deque([(('70_9', 'h'), ('70_9', 't'))])

Chosen seed at iteration 1: 1
Chosen chr at iteration 1


Iteration 2
Iteration 1
1	deque([(('70_9', 'h'), ('70_9', 't'))])

Chosen seed at iteration 1: 1
Chosen chr at iteration 1


Iteration 2
Iteration 1
1	deque([(('70_9', 'h'), ('70_9', 't'))])

Chosen seed at iteration 1: 1
Chosen chr at iteration 1


Iteration 2
Iteration 1
1	deque([(('70_9', 'h'), ('70_9', 't'))])

Chosen seed at iteration 1: 1
Chosen chr at iteration 1


Iteration 2
Iteration 1
1	deque([(('70_9', 'h'), ('70_9', 't'))])

Chosen seed at iteration 1: 1
Chosen chr at iteration 1


Iteration 2
Iteration 1
1	deque([(('70_9', 'h'), ('70_9', 't'))])

Chosen seed at iteration 1: 1
Chosen chr at iteration 1


Iteration 2
Iteration 1
1	deque([(('70_9', 'h'), ('70_9', 't'))])

Chosen seed at iteration 1: 1
Chosen chr at iteration 1


Iteration 2
Iteration 1
1	deque([(('70_9', 'h'), ('70_9', 't'))])

Chosen seed at iteration 1: 1
Chosen chr at iteration 1


Iteration 2
Iteration 1
1	deque([(('70_9', 'h'), ('70_9', 't'))])

Chosen seed at iteration 1: 1
Chosen chr at iteration 1


Iteration 2
Iteration 1
1	deque([(('70_9', 'h'), ('70_9', 't'))])

Chosen seed at iteration 1: 1
Chosen chr at iteration 1


Iteration 2
Iteration 1
1	deque([(('70_9', 'h'), ('70_9', 't'))])

Chosen seed at iteration 1: 1
Chosen chr at iteration 1


Iteration 2
Iteration 1
1	deque([(('70_9', 'h'), ('70_9', 't'))])

Chosen seed at iteration 1: 1
Chosen chr at iteration 1


Iteration 2
Iteration 1
1	deque([(('70_9', 'h'), ('70_9', 't'))])

Chosen seed at iteration 1: 1
Chosen chr at iteration 1


Iteration 2
Iteration 1
Iteration 1
Iteration 1
Iteration 1
Iteration 1
Iteration 1
Iteration 1
