Iteration 1
1	deque([(('104_0', 'h'), ('95_2', 't')), (('95_2', 'h'), ('93_1', 't')), (('93_1', 'h'), ('47_0', 'h')), (('123_0', 'h'), ('47_0', 't')), (('123_0', 't'), ('104_0', 't'))])

Chosen seed at iteration 1: 1
Chosen chr at iteration 1


Iteration 2
2	deque([(('106_0', 'h'), ('51_1', 'h')), (('51_1', 't'), ('18_1', 't')), (('116_4', 'h'), ('18_1', 'h')), (('113_4', 'h'), ('116_4', 't')), (('113_4', 't'), ('54_4', 't')), (('54_4', 'h'), ('74_7', 't')), (('74_7', 'h'), ('121_4', 't')), (('121_4', 'h'), ('44_1', 'h')), (('51_2', 't'), ('44_1', 't')), (('51_2', 'h'), ('106_0', 't'))])
2	deque([(('104_1', 'h'), ('95_0', 't')), (('123_1', 't'), ('104_1', 't')), (('123_1', 'h'), ('47_1', 't')), (('93_0', 'h'), ('47_1', 'h')), (('95_0', 'h'), ('93_0', 't'))])

Chosen seed at iteration 2: 1
Chosen chr at iteration 2



Chosen seed at iteration 3: 2
Chosen chr at iteration 3


Iteration 4
4	deque([(('123_0', 'h'), ('47_1', 't')), (('123_0', 't'), ('104_0', 't')), (('104_0', 'h'), ('95_0', 't')), (('95_0', 'h'), ('93_1', 't')), (('93_1', 'h'), ('47_1', 'h'))])

Chosen seed at iteration 4: 1
Chosen chr at iteration 4


Iteration 1
1	deque([(('64_2', 'h'), ('24_1', 't')), (('54_1', 'h'), ('24_1', 'h')), (('113_6', 't'), ('54_1', 't')), (('113_6', 'h'), ('116_1', 't')), (('116_1', 'h'), ('38_1', 'h')), (('64_2', 't'), ('38_1', 't'))])
1	deque([(('104_1', 'h'), ('95_1', 't')), (('123_1', 't'), ('104_1', 't')), (('123_1', 'h'), ('47_0', 't')), (('93_0', 'h'), ('47_0', 'h')), (('95_2', 'h'), ('93_0', 't')), (('95_2', 't'), ('13_0', 't')), (('95_1', 'h'), ('13_0', 'h'))])

Chosen seed at iteration 1: 1
Chosen chr at iteration 1



Chosen seed at iteration 2: 2
Chosen chr at iteration 2


Iteration 3
3	deque([(('54_7', 'h'), ('24_1', 'h')), (('64_1', 'h'), ('24_1', 't')), (('64_1', 't'), ('38_1', 't')), (('116_6', 'h'), ('38_1', 'h')), (('113_6', 'h'), ('116_6', 't')), (('113_6', 't'), ('54_7', 't'))])
3	deque([(('95_1', 't'), ('13_1', 't')), (('95_1', 'h'), ('13_1', 'h'))])
3	deque([(('95_2', 'h'), ('93_0', 't')), (('93_0', 'h'), ('47_0', 'h')), (('123_1', 'h'), ('47_0', 't')), (('123_1', 't'), ('104_1', 't')), (('104_1', 'h'), ('95_2', 't'))])

Chosen seed at iteration 3: 1
Chosen chr at iteration 3



Chosen seed at iteration 4: 2
Chosen chr at iteration 4



Chosen seed at iteration 5: 3
Chosen chr at iteration 5


Iteration 1
Iteration 1
Iteration 1
Iteration 1
Iteration 1
Iteration 1
Iteration 1
Iteration 1
Iteration 1
Iteration 1
Iteration 1
Iteration 1
Iteration 1
Iteration 1
Iteration 1
Iteration 1
Iteration 1
