Iteration 1
1	deque([(('54_1', 'h'), ('61_3', 't')), (('52_3', 'h'), ('54_1', 't')), (('66_0', 'h'), ('52_3', 't')), (('66_0', 't'), ('34_0', 't')), (('67_2', 'h'), ('34_0', 'h')), (('61_3', 'h'), ('67_2', 't'))])
1	deque([(('39_2', 'h'), ('36_2', 'h')), (('36_2', 't'), ('24_1', 't')), (('24_1', 'h'), ('39_2', 't'))])
1	deque([(('43_3', 'h'), ('80_0', 't')), (('80_0', 'h'), ('35_0', 'h')), (('43_3', 't'), ('35_0', 't'))])

Chosen seed at iteration 1: 1
Chosen chr at iteration 1



Chosen seed at iteration 2: 2
Chosen chr at iteration 2



Chosen seed at iteration 3: 3
Chosen chr at iteration 3


Iteration 4
4	deque([(('36_2', 't'), ('24_1', 't')), (('24_1', 'h'), ('39_3', 't')), (('39_3', 'h'), ('28_0', 'h')), (('36_2', 'h'), ('28_0', 't'))])
4	deque([(('80_9', 'h'), ('35_3', 'h')), (('43_11', 'h'), ('80_9', 't')), (('43_11', 't'), ('35_3', 't'))])

Chosen seed at iteration 4: 1
Chosen chr at iteration 4



Chosen seed at iteration 5: 2
Chosen chr at iteration 5


Iteration 1
1	deque([(('80_0', 'h'), ('35_0', 'h')), (('43_9', 't'), ('35_0', 't')), (('43_9', 'h'), ('80_0', 't'))])
1	deque([(('24_0', 'h'), ('39_0', 't')), (('39_0', 'h'), ('36_0', 'h')), (('36_0', 't'), ('24_0', 't'))])

Chosen seed at iteration 1: 1
Chosen chr at iteration 1



Chosen seed at iteration 2: 2
Chosen chr at iteration 2


Iteration 3
Iteration 1
1	deque([(('55_5', 'h'), ('67_7', 't')), (('82_2', 'h'), ('55_5', 't')), (('73_2', 'h'), ('82_2', 't')), (('67_7', 'h'), ('73_2', 't'))])
1	deque([(('21_0', 'h'), ('21_0', 't'))])

Chosen seed at iteration 1: 1
Chosen chr at iteration 1



Chosen seed at iteration 2: 2
Chosen chr at iteration 2


Iteration 3
3	deque([(('73_2', 'h'), ('82_0', 't')), (('67_7', 'h'), ('73_2', 't')), (('55_0', 'h'), ('67_7', 't')), (('82_0', 'h'), ('55_0', 't'))])
3	deque([(('80_5', 'h'), ('35_2', 'h')), (('43_0', 'h'), ('80_5', 't')), (('43_0', 't'), ('35_2', 't'))])

Chosen seed at iteration 3: 1
Chosen chr at iteration 3



Chosen seed at iteration 4: 2
Chosen chr at iteration 4


Iteration 1
Iteration 1
1	deque([(('82_2', 'h'), ('55_5', 't')), (('55_5', 'h'), ('67_1', 't')), (('67_1', 'h'), ('73_1', 't')), (('73_1', 'h'), ('82_2', 't'))])
1	deque([(('21_3', 'h'), ('21_3', 't'))])

Chosen seed at iteration 1: 1
Chosen chr at iteration 1



Chosen seed at iteration 2: 2
Chosen chr at iteration 2


Iteration 3
3	deque([(('21_2', 'h'), ('21_2', 't'))])

Chosen seed at iteration 3: 1
Chosen chr at iteration 3


Iteration 4
4	deque([(('21_0', 'h'), ('21_0', 't'))])

Chosen seed at iteration 4: 1
Chosen chr at iteration 4


Iteration 1
1	deque([(('67_6', 'h'), ('73_0', 't')), (('55_5', 'h'), ('67_6', 't')), (('82_1', 'h'), ('55_5', 't')), (('73_0', 'h'), ('82_1', 't'))])

Chosen seed at iteration 1: 1
Chosen chr at iteration 1


Iteration 2
Iteration 1
1	deque([(('21_3', 'h'), ('21_3', 't'))])
1	deque([(('55_5', 'h'), ('67_6', 't')), (('82_1', 'h'), ('55_5', 't')), (('73_0', 'h'), ('82_1', 't')), (('67_6', 'h'), ('73_0', 't'))])

Chosen seed at iteration 1: 1
Chosen chr at iteration 1



Chosen seed at iteration 2: 2
Chosen chr at iteration 2


Iteration 3
Iteration 1
1	deque([(('73_0', 'h'), ('82_1', 't')), (('82_1', 'h'), ('55_5', 't')), (('55_5', 'h'), ('67_6', 't')), (('67_6', 'h'), ('73_0', 't'))])

Chosen seed at iteration 1: 1
Chosen chr at iteration 1


Iteration 2
Iteration 1
Iteration 1
Iteration 1
Iteration 1
Iteration 1
Iteration 1
Iteration 1
Iteration 1
Iteration 1
Iteration 1
Iteration 1
