Iteration 1
1	deque([(('21', 'h'), ('21', 't')), (('21', 'h'), ('21', 't'))])
1	deque([(('17', 'h'), ('17', 't')), (('17', 'h'), ('17', 't'))])
1	deque([(('24', 'h'), ('24', 't')), (('24', 'h'), ('24', 't'))])

Chosen seed at iteration 1: 3
Chosen chr at iteration 1
Iteration 2
2	deque([(('17', 'h'), ('17', 't')), (('17', 'h'), ('17', 't'))])
2	deque([(('21', 'h'), ('21', 't')), (('21', 'h'), ('21', 't'))])

Chosen seed at iteration 2: 1
Chosen chr at iteration 2
Iteration 3
3	deque([(('21', 'h'), ('21', 't')), (('21', 'h'), ('21', 't'))])

Chosen seed at iteration 3: 1
Chosen chr at iteration 3
Iteration 4
Iteration 1
1	deque([(('21', 'h'), ('21', 't')), (('21', 'h'), ('21', 't'))])
1	deque([(('17', 'h'), ('17', 't')), (('17', 'h'), ('17', 't'))])
1	deque([(('24', 'h'), ('24', 't')), (('24', 'h'), ('24', 't'))])

Chosen seed at iteration 1: 2
Chosen chr at iteration 1
Iteration 2
2	deque([(('21', 'h'), ('21', 't')), (('21', 'h'), ('21', 't'))])
2	deque([(('24', 'h'), ('24', 't')), (('24', 'h'), ('24', 't'))])

Chosen seed at iteration 2: 2
Chosen chr at iteration 2
Iteration 3
3	deque([(('21', 'h'), ('21', 't')), (('21', 'h'), ('21', 't'))])

Chosen seed at iteration 3: 1
Chosen chr at iteration 3
Iteration 4
Iteration 1
1	deque([(('21', 'h'), ('21', 't')), (('21', 'h'), ('21', 't'))])
1	deque([(('17', 'h'), ('17', 't')), (('17', 'h'), ('17', 't'))])
1	deque([(('24', 'h'), ('24', 't')), (('24', 'h'), ('24', 't'))])

Chosen seed at iteration 1: 1
Chosen chr at iteration 1
Iteration 2
2	deque([(('17', 'h'), ('17', 't')), (('17', 'h'), ('17', 't'))])
2	deque([(('24', 'h'), ('24', 't')), (('24', 'h'), ('24', 't'))])

Chosen seed at iteration 2: 2
Chosen chr at iteration 2
Iteration 3
3	deque([(('17', 'h'), ('17', 't')), (('17', 'h'), ('17', 't'))])

Chosen seed at iteration 3: 1
Chosen chr at iteration 3
Iteration 4
4	deque([(('48', 'h'), ('36', 't')), (('36', 'h'), ('51', 'h')), (('51', 't'), ('34', 'h')), (('34', 't'), ('55', 't')), (('55', 'h'), ('65', 't')), (('65', 'h'), ('25', 't')), (('25', 'h'), ('79', 'h')), (('79', 't'), ('73', 'h')), (('73', 't'), ('23', 't')), (('23', 'h'), ('30', 't')), (('30', 'h'), ('19', 't')), (('19', 'h'), ('54', 't')), (('54', 'h'), ('49', 'h')), (('49', 't'), ('56', 't')), (('56', 'h'), ('58', 'h')), (('58', 't'), ('68', 'h')), (('68', 't'), ('29', 'h')), (('29', 't'), ('52', 't')), (('52', 'h'), ('71', 'h')), (('71', 't'), ('37', 'h')), (('37', 't'), ('78', 't')), (('78', 'h'), ('82', 'h')), (('82', 't'), ('35', 't')), (('35', 'h'), ('66', 't')), (('66', 'h'), ('48', 't'))])

Chosen seed at iteration 4: 1
Chosen chr at iteration 4
Iteration 5
5	deque([(('48', 'h'), ('36', 't')), (('36', 'h'), ('51', 'h')), (('51', 't'), ('34', 'h')), (('34', 't'), ('55', 't')), (('55', 'h'), ('65', 't')), (('65', 'h'), ('25', 't')), (('25', 'h'), ('79', 'h')), (('79', 't'), ('73', 'h')), (('73', 't'), ('23', 't')), (('23', 'h'), ('30', 't')), (('30', 'h'), ('19', 't')), (('19', 'h'), ('54', 't')), (('54', 'h'), ('49', 'h')), (('49', 't'), ('56', 't')), (('56', 'h'), ('58', 'h')), (('58', 't'), ('68', 'h')), (('68', 't'), ('29', 'h')), (('29', 't'), ('52', 't')), (('52', 'h'), ('71', 'h')), (('71', 't'), ('37', 'h')), (('37', 't'), ('76', 't')), (('76', 'h'), ('35', 't')), (('35', 'h'), ('66', 't')), (('66', 'h'), ('48', 't'))])

Chosen seed at iteration 5: 1
Chosen chr at iteration 5
Iteration 6
6	deque([(('48', 'h'), ('36', 't')), (('36', 'h'), ('51', 'h')), (('51', 't'), ('34', 'h')), (('34', 't'), ('55', 't')), (('55', 'h'), ('65', 't')), (('65', 'h'), ('25', 't')), (('25', 'h'), ('79', 'h')), (('79', 't'), ('73', 'h')), (('73', 't'), ('23', 't')), (('23', 'h'), ('30', 't')), (('30', 'h'), ('19', 't')), (('19', 'h'), ('54', 't')), (('54', 'h'), ('49', 'h')), (('49', 't'), ('56', 't')), (('56', 'h'), ('58', 'h')), (('58', 't'), ('68', 'h')), (('68', 't'), ('29', 'h')), (('29', 't'), ('53', 't')), (('53', 'h'), ('71', 'h')), (('71', 't'), ('37', 'h')), (('37', 't'), ('78', 't')), (('78', 'h'), ('82', 'h')), (('82', 't'), ('35', 't')), (('35', 'h'), ('66', 't')), (('66', 'h'), ('48', 't'))])

Chosen seed at iteration 6: 1
Chosen chr at iteration 6
Iteration 7
7	deque([(('48', 'h'), ('36', 't')), (('36', 'h'), ('51', 'h')), (('51', 't'), ('34', 'h')), (('34', 't'), ('55', 't')), (('55', 'h'), ('65', 't')), (('65', 'h'), ('25', 't')), (('25', 'h'), ('79', 'h')), (('79', 't'), ('73', 'h')), (('73', 't'), ('23', 't')), (('23', 'h'), ('30', 't')), (('30', 'h'), ('19', 't')), (('19', 'h'), ('54', 't')), (('54', 'h'), ('49', 'h')), (('49', 't'), ('56', 't')), (('56', 'h'), ('57', 't')), (('57', 'h'), ('68', 'h')), (('68', 't'), ('29', 'h')), (('29', 't'), ('52', 't')), (('52', 'h'), ('71', 'h')), (('71', 't'), ('37', 'h')), (('37', 't'), ('76', 't')), (('76', 'h'), ('35', 't')), (('35', 'h'), ('66', 't')), (('66', 'h'), ('48', 't'))])

Chosen seed at iteration 7: 1
Chosen chr at iteration 7
Iteration 8
8	deque([(('48', 'h'), ('36', 't')), (('36', 'h'), ('51', 'h')), (('51', 't'), ('34', 'h')), (('34', 't'), ('55', 't')), (('55', 'h'), ('65', 't')), (('65', 'h'), ('25', 't')), (('25', 'h'), ('79', 'h')), (('79', 't'), ('73', 'h')), (('73', 't'), ('23', 't')), (('23', 'h'), ('30', 't')), (('30', 'h'), ('19', 't')), (('19', 'h'), ('54', 't')), (('54', 'h'), ('49', 'h')), (('49', 't'), ('56', 't')), (('56', 'h'), ('57', 't')), (('57', 'h'), ('68', 'h')), (('68', 't'), ('29', 'h')), (('29', 't'), ('53', 't')), (('53', 'h'), ('71', 'h')), (('71', 't'), ('37', 'h')), (('37', 't'), ('76', 't')), (('76', 'h'), ('35', 't')), (('35', 'h'), ('66', 't')), (('66', 'h'), ('48', 't'))])

Chosen seed at iteration 8: 1
Chosen chr at iteration 8
Iteration 9
9	deque([(('48', 'h'), ('36', 't')), (('36', 'h'), ('51', 'h')), (('51', 't'), ('34', 'h')), (('34', 't'), ('55', 't')), (('55', 'h'), ('65', 't')), (('65', 'h'), ('25', 't')), (('25', 'h'), ('79', 'h')), (('79', 't'), ('73', 'h')), (('73', 't'), ('23', 't')), (('23', 'h'), ('30', 't')), (('30', 'h'), ('19', 't')), (('19', 'h'), ('54', 't')), (('54', 'h'), ('49', 'h')), (('49', 't'), ('56', 't')), (('56', 'h'), ('57', 't')), (('57', 'h'), ('68', 'h')), (('68', 't'), ('29', 'h')), (('29', 't'), ('53', 't')), (('53', 'h'), ('71', 'h')), (('71', 't'), ('37', 'h')), (('37', 't'), ('78', 't')), (('78', 'h'), ('82', 'h')), (('82', 't'), ('35', 't')), (('35', 'h'), ('66', 't')), (('66', 'h'), ('48', 't'))])

Chosen seed at iteration 9: 1
Chosen chr at iteration 9
Iteration 10
10	deque([(('48', 'h'), ('36', 't')), (('36', 'h'), ('51', 'h')), (('51', 't'), ('34', 'h')), (('34', 't'), ('55', 't')), (('55', 'h'), ('65', 't')), (('65', 'h'), ('25', 't')), (('25', 'h'), ('79', 'h')), (('79', 't'), ('73', 'h')), (('73', 't'), ('23', 't')), (('23', 'h'), ('30', 't')), (('30', 'h'), ('19', 't')), (('19', 'h'), ('54', 't')), (('54', 'h'), ('49', 'h')), (('49', 't'), ('56', 't')), (('56', 'h'), ('58', 'h')), (('58', 't'), ('68', 'h')), (('68', 't'), ('29', 'h')), (('29', 't'), ('53', 't')), (('53', 'h'), ('71', 'h')), (('71', 't'), ('37', 'h')), (('37', 't'), ('76', 't')), (('76', 'h'), ('35', 't')), (('35', 'h'), ('66', 't')), (('66', 'h'), ('48', 't'))])

Chosen seed at iteration 10: 1
Chosen chr at iteration 10
Iteration 11
11	deque([(('48', 'h'), ('36', 't')), (('36', 'h'), ('51', 'h')), (('51', 't'), ('34', 'h')), (('34', 't'), ('55', 't')), (('55', 'h'), ('65', 't')), (('65', 'h'), ('25', 't')), (('25', 'h'), ('79', 'h')), (('79', 't'), ('73', 'h')), (('73', 't'), ('23', 't')), (('23', 'h'), ('30', 't')), (('30', 'h'), ('19', 't')), (('19', 'h'), ('54', 't')), (('54', 'h'), ('49', 'h')), (('49', 't'), ('56', 't')), (('56', 'h'), ('57', 't')), (('57', 'h'), ('68', 'h')), (('68', 't'), ('29', 'h')), (('29', 't'), ('52', 't')), (('52', 'h'), ('71', 'h')), (('71', 't'), ('37', 'h')), (('37', 't'), ('78', 't')), (('78', 'h'), ('82', 'h')), (('82', 't'), ('35', 't')), (('35', 'h'), ('66', 't')), (('66', 'h'), ('48', 't'))])

Chosen seed at iteration 11: 1
Chosen chr at iteration 11
Iteration 12
12	deque([(('55', 'h'), ('65', 't')), (('65', 'h'), ('25', 't')), (('25', 'h'), ('79', 'h')), (('79', 't'), ('73', 'h')), (('73', 't'), ('23', 't')), (('23', 'h'), ('30', 't')), (('30', 'h'), ('19', 't')), (('19', 'h'), ('54', 't')), (('54', 'h'), ('49', 'h')), (('49', 't'), ('56', 't')), (('56', 'h'), ('58', 'h')), (('58', 't'), ('68', 'h')), (('68', 't'), ('29', 'h')), (('29', 't'), ('52', 't')), (('52', 'h'), ('71', 'h')), (('71', 't'), ('37', 'h')), (('37', 't'), ('78', 't')), (('78', 'h'), ('82', 'h')), (('82', 't'), ('35', 't')), (('35', 'h'), ('64', 'h')), (('64', 't'), ('47', 'h')), (('47', 't'), ('36', 't')), (('36', 'h'), ('51', 'h')), (('51', 't'), ('34', 'h')), (('34', 't'), ('55', 't'))])

Chosen seed at iteration 12: 1
Chosen chr at iteration 12
Iteration 13
13	deque([(('55', 'h'), ('65', 't')), (('65', 'h'), ('25', 't')), (('25', 'h'), ('79', 'h')), (('79', 't'), ('73', 'h')), (('73', 't'), ('23', 't')), (('23', 'h'), ('30', 't')), (('30', 'h'), ('19', 't')), (('19', 'h'), ('54', 't')), (('54', 'h'), ('49', 'h')), (('49', 't'), ('56', 't')), (('56', 'h'), ('58', 'h')), (('58', 't'), ('68', 'h')), (('68', 't'), ('29', 'h')), (('29', 't'), ('53', 't')), (('53', 'h'), ('71', 'h')), (('71', 't'), ('37', 'h')), (('37', 't'), ('76', 't')), (('76', 'h'), ('35', 't')), (('35', 'h'), ('64', 'h')), (('64', 't'), ('47', 'h')), (('47', 't'), ('36', 't')), (('36', 'h'), ('51', 'h')), (('51', 't'), ('34', 'h')), (('34', 't'), ('55', 't'))])

Chosen seed at iteration 13: 1
Chosen chr at iteration 13
Iteration 14
14	deque([(('55', 'h'), ('65', 't')), (('65', 'h'), ('25', 't')), (('25', 'h'), ('79', 'h')), (('79', 't'), ('73', 'h')), (('73', 't'), ('23', 't')), (('23', 'h'), ('30', 't')), (('30', 'h'), ('19', 't')), (('19', 'h'), ('54', 't')), (('54', 'h'), ('49', 'h')), (('49', 't'), ('56', 't')), (('56', 'h'), ('58', 'h')), (('58', 't'), ('68', 'h')), (('68', 't'), ('29', 'h')), (('29', 't'), ('53', 't')), (('53', 'h'), ('71', 'h')), (('71', 't'), ('37', 'h')), (('37', 't'), ('78', 't')), (('78', 'h'), ('82', 'h')), (('82', 't'), ('35', 't')), (('35', 'h'), ('64', 'h')), (('64', 't'), ('47', 'h')), (('47', 't'), ('36', 't')), (('36', 'h'), ('51', 'h')), (('51', 't'), ('34', 'h')), (('34', 't'), ('55', 't'))])

Chosen seed at iteration 14: 1
Chosen chr at iteration 14
Iteration 15
15	deque([(('55', 'h'), ('65', 't')), (('65', 'h'), ('25', 't')), (('25', 'h'), ('79', 'h')), (('79', 't'), ('73', 'h')), (('73', 't'), ('23', 't')), (('23', 'h'), ('30', 't')), (('30', 'h'), ('19', 't')), (('19', 'h'), ('54', 't')), (('54', 'h'), ('49', 'h')), (('49', 't'), ('56', 't')), (('56', 'h'), ('58', 'h')), (('58', 't'), ('68', 'h')), (('68', 't'), ('29', 'h')), (('29', 't'), ('52', 't')), (('52', 'h'), ('71', 'h')), (('71', 't'), ('37', 'h')), (('37', 't'), ('76', 't')), (('76', 'h'), ('35', 't')), (('35', 'h'), ('64', 'h')), (('64', 't'), ('47', 'h')), (('47', 't'), ('36', 't')), (('36', 'h'), ('51', 'h')), (('51', 't'), ('34', 'h')), (('34', 't'), ('55', 't'))])

Chosen seed at iteration 15: 1
Chosen chr at iteration 15
Iteration 16
16	deque([(('55', 'h'), ('65', 't')), (('65', 'h'), ('25', 't')), (('25', 'h'), ('79', 'h')), (('79', 't'), ('73', 'h')), (('73', 't'), ('23', 't')), (('23', 'h'), ('30', 't')), (('30', 'h'), ('19', 't')), (('19', 'h'), ('54', 't')), (('54', 'h'), ('49', 'h')), (('49', 't'), ('56', 't')), (('56', 'h'), ('57', 't')), (('57', 'h'), ('68', 'h')), (('68', 't'), ('29', 'h')), (('29', 't'), ('52', 't')), (('52', 'h'), ('71', 'h')), (('71', 't'), ('37', 'h')), (('37', 't'), ('78', 't')), (('78', 'h'), ('82', 'h')), (('82', 't'), ('35', 't')), (('35', 'h'), ('64', 'h')), (('64', 't'), ('47', 'h')), (('47', 't'), ('36', 't')), (('36', 'h'), ('51', 'h')), (('51', 't'), ('34', 'h')), (('34', 't'), ('55', 't'))])

Chosen seed at iteration 16: 1
Chosen chr at iteration 16
Iteration 17
17	deque([(('55', 'h'), ('65', 't')), (('65', 'h'), ('25', 't')), (('25', 'h'), ('79', 'h')), (('79', 't'), ('73', 'h')), (('73', 't'), ('23', 't')), (('23', 'h'), ('30', 't')), (('30', 'h'), ('19', 't')), (('19', 'h'), ('54', 't')), (('54', 'h'), ('49', 'h')), (('49', 't'), ('56', 't')), (('56', 'h'), ('57', 't')), (('57', 'h'), ('68', 'h')), (('68', 't'), ('29', 'h')), (('29', 't'), ('53', 't')), (('53', 'h'), ('71', 'h')), (('71', 't'), ('37', 'h')), (('37', 't'), ('76', 't')), (('76', 'h'), ('35', 't')), (('35', 'h'), ('64', 'h')), (('64', 't'), ('47', 'h')), (('47', 't'), ('36', 't')), (('36', 'h'), ('51', 'h')), (('51', 't'), ('34', 'h')), (('34', 't'), ('55', 't'))])

Chosen seed at iteration 17: 1
Chosen chr at iteration 17
Iteration 18
18	deque([(('55', 'h'), ('65', 't')), (('65', 'h'), ('25', 't')), (('25', 'h'), ('79', 'h')), (('79', 't'), ('73', 'h')), (('73', 't'), ('23', 't')), (('23', 'h'), ('30', 't')), (('30', 'h'), ('19', 't')), (('19', 'h'), ('54', 't')), (('54', 'h'), ('49', 'h')), (('49', 't'), ('56', 't')), (('56', 'h'), ('57', 't')), (('57', 'h'), ('68', 'h')), (('68', 't'), ('29', 'h')), (('29', 't'), ('52', 't')), (('52', 'h'), ('71', 'h')), (('71', 't'), ('37', 'h')), (('37', 't'), ('76', 't')), (('76', 'h'), ('35', 't')), (('35', 'h'), ('64', 'h')), (('64', 't'), ('47', 'h')), (('47', 't'), ('36', 't')), (('36', 'h'), ('51', 'h')), (('51', 't'), ('34', 'h')), (('34', 't'), ('55', 't'))])

Chosen seed at iteration 18: 1
Chosen chr at iteration 18
Iteration 19
19	deque([(('55', 'h'), ('65', 't')), (('65', 'h'), ('25', 't')), (('25', 'h'), ('79', 'h')), (('79', 't'), ('73', 'h')), (('73', 't'), ('23', 't')), (('23', 'h'), ('30', 't')), (('30', 'h'), ('19', 't')), (('19', 'h'), ('54', 't')), (('54', 'h'), ('49', 'h')), (('49', 't'), ('56', 't')), (('56', 'h'), ('57', 't')), (('57', 'h'), ('68', 'h')), (('68', 't'), ('29', 'h')), (('29', 't'), ('53', 't')), (('53', 'h'), ('71', 'h')), (('71', 't'), ('37', 'h')), (('37', 't'), ('78', 't')), (('78', 'h'), ('82', 'h')), (('82', 't'), ('35', 't')), (('35', 'h'), ('64', 'h')), (('64', 't'), ('47', 'h')), (('47', 't'), ('36', 't')), (('36', 'h'), ('51', 'h')), (('51', 't'), ('34', 'h')), (('34', 't'), ('55', 't'))])

Chosen seed at iteration 19: 1
Chosen chr at iteration 19
Iteration 20
20	deque([(('48', 'h'), ('36', 't')), (('36', 'h'), ('51', 'h')), (('51', 't'), ('34', 'h')), (('34', 't'), ('55', 't')), (('55', 'h'), ('65', 't')), (('65', 'h'), ('25', 't')), (('25', 'h'), ('79', 'h')), (('79', 't'), ('73', 'h')), (('73', 't'), ('23', 't')), (('23', 'h'), ('30', 't')), (('30', 'h'), ('19', 't')), (('19', 'h'), ('54', 't')), (('54', 'h'), ('49', 'h')), (('49', 't'), ('56', 't')), (('56', 'h'), ('57', 't')), (('57', 'h'), ('67', 'h')), (('67', 't'), ('29', 'h')), (('29', 't'), ('52', 't')), (('52', 'h'), ('71', 'h')), (('71', 't'), ('37', 'h')), (('37', 't'), ('76', 't')), (('76', 'h'), ('35', 't')), (('35', 'h'), ('66', 't')), (('66', 'h'), ('48', 't'))])

Chosen seed at iteration 20: 1
Chosen chr at iteration 20
Iteration 21
21	deque([(('48', 'h'), ('36', 't')), (('36', 'h'), ('51', 'h')), (('51', 't'), ('34', 'h')), (('34', 't'), ('55', 't')), (('55', 'h'), ('65', 't')), (('65', 'h'), ('25', 't')), (('25', 'h'), ('79', 'h')), (('79', 't'), ('73', 'h')), (('73', 't'), ('23', 't')), (('23', 'h'), ('30', 't')), (('30', 'h'), ('19', 't')), (('19', 'h'), ('54', 't')), (('54', 'h'), ('49', 'h')), (('49', 't'), ('56', 't')), (('56', 'h'), ('57', 't')), (('57', 'h'), ('67', 'h')), (('67', 't'), ('29', 'h')), (('29', 't'), ('53', 't')), (('53', 'h'), ('71', 'h')), (('71', 't'), ('37', 'h')), (('37', 't'), ('78', 't')), (('78', 'h'), ('82', 'h')), (('82', 't'), ('35', 't')), (('35', 'h'), ('66', 't')), (('66', 'h'), ('48', 't'))])

Chosen seed at iteration 21: 1
Chosen chr at iteration 21
Iteration 22
22	deque([(('48', 'h'), ('36', 't')), (('36', 'h'), ('51', 'h')), (('51', 't'), ('34', 'h')), (('34', 't'), ('55', 't')), (('55', 'h'), ('65', 't')), (('65', 'h'), ('25', 't')), (('25', 'h'), ('79', 'h')), (('79', 't'), ('73', 'h')), (('73', 't'), ('23', 't')), (('23', 'h'), ('30', 't')), (('30', 'h'), ('19', 't')), (('19', 'h'), ('54', 't')), (('54', 'h'), ('49', 'h')), (('49', 't'), ('56', 't')), (('56', 'h'), ('58', 'h')), (('58', 't'), ('67', 'h')), (('67', 't'), ('29', 'h')), (('29', 't'), ('52', 't')), (('52', 'h'), ('71', 'h')), (('71', 't'), ('37', 'h')), (('37', 't'), ('76', 't')), (('76', 'h'), ('35', 't')), (('35', 'h'), ('66', 't')), (('66', 'h'), ('48', 't'))])

Chosen seed at iteration 22: 1
Chosen chr at iteration 22
Iteration 23
23	deque([(('48', 'h'), ('36', 't')), (('36', 'h'), ('51', 'h')), (('51', 't'), ('34', 'h')), (('34', 't'), ('55', 't')), (('55', 'h'), ('65', 't')), (('65', 'h'), ('25', 't')), (('25', 'h'), ('79', 'h')), (('79', 't'), ('73', 'h')), (('73', 't'), ('23', 't')), (('23', 'h'), ('30', 't')), (('30', 'h'), ('19', 't')), (('19', 'h'), ('54', 't')), (('54', 'h'), ('49', 'h')), (('49', 't'), ('56', 't')), (('56', 'h'), ('58', 'h')), (('58', 't'), ('67', 'h')), (('67', 't'), ('29', 'h')), (('29', 't'), ('53', 't')), (('53', 'h'), ('71', 'h')), (('71', 't'), ('37', 'h')), (('37', 't'), ('76', 't')), (('76', 'h'), ('35', 't')), (('35', 'h'), ('66', 't')), (('66', 'h'), ('48', 't'))])

Chosen seed at iteration 23: 1
Chosen chr at iteration 23
Iteration 24
24	deque([(('48', 'h'), ('36', 't')), (('36', 'h'), ('51', 'h')), (('51', 't'), ('34', 'h')), (('34', 't'), ('55', 't')), (('55', 'h'), ('65', 't')), (('65', 'h'), ('25', 't')), (('25', 'h'), ('79', 'h')), (('79', 't'), ('73', 'h')), (('73', 't'), ('23', 't')), (('23', 'h'), ('30', 't')), (('30', 'h'), ('19', 't')), (('19', 'h'), ('54', 't')), (('54', 'h'), ('49', 'h')), (('49', 't'), ('56', 't')), (('56', 'h'), ('58', 'h')), (('58', 't'), ('67', 'h')), (('67', 't'), ('29', 'h')), (('29', 't'), ('52', 't')), (('52', 'h'), ('71', 'h')), (('71', 't'), ('37', 'h')), (('37', 't'), ('78', 't')), (('78', 'h'), ('82', 'h')), (('82', 't'), ('35', 't')), (('35', 'h'), ('66', 't')), (('66', 'h'), ('48', 't'))])

Chosen seed at iteration 24: 1
Chosen chr at iteration 24
Iteration 25
25	deque([(('48', 'h'), ('36', 't')), (('36', 'h'), ('51', 'h')), (('51', 't'), ('34', 'h')), (('34', 't'), ('55', 't')), (('55', 'h'), ('65', 't')), (('65', 'h'), ('25', 't')), (('25', 'h'), ('79', 'h')), (('79', 't'), ('73', 'h')), (('73', 't'), ('23', 't')), (('23', 'h'), ('30', 't')), (('30', 'h'), ('19', 't')), (('19', 'h'), ('54', 't')), (('54', 'h'), ('49', 'h')), (('49', 't'), ('56', 't')), (('56', 'h'), ('57', 't')), (('57', 'h'), ('67', 'h')), (('67', 't'), ('29', 'h')), (('29', 't'), ('53', 't')), (('53', 'h'), ('71', 'h')), (('71', 't'), ('37', 'h')), (('37', 't'), ('76', 't')), (('76', 'h'), ('35', 't')), (('35', 'h'), ('66', 't')), (('66', 'h'), ('48', 't'))])

Chosen seed at iteration 25: 1
Chosen chr at iteration 25
Iteration 26
26	deque([(('48', 'h'), ('36', 't')), (('36', 'h'), ('51', 'h')), (('51', 't'), ('34', 'h')), (('34', 't'), ('55', 't')), (('55', 'h'), ('65', 't')), (('65', 'h'), ('25', 't')), (('25', 'h'), ('79', 'h')), (('79', 't'), ('73', 'h')), (('73', 't'), ('23', 't')), (('23', 'h'), ('30', 't')), (('30', 'h'), ('19', 't')), (('19', 'h'), ('54', 't')), (('54', 'h'), ('49', 'h')), (('49', 't'), ('56', 't')), (('56', 'h'), ('58', 'h')), (('58', 't'), ('67', 'h')), (('67', 't'), ('29', 'h')), (('29', 't'), ('53', 't')), (('53', 'h'), ('71', 'h')), (('71', 't'), ('37', 'h')), (('37', 't'), ('78', 't')), (('78', 'h'), ('82', 'h')), (('82', 't'), ('35', 't')), (('35', 'h'), ('66', 't')), (('66', 'h'), ('48', 't'))])

Chosen seed at iteration 26: 1
Chosen chr at iteration 26
Iteration 27
27	deque([(('48', 'h'), ('36', 't')), (('36', 'h'), ('51', 'h')), (('51', 't'), ('34', 'h')), (('34', 't'), ('55', 't')), (('55', 'h'), ('65', 't')), (('65', 'h'), ('25', 't')), (('25', 'h'), ('79', 'h')), (('79', 't'), ('73', 'h')), (('73', 't'), ('23', 't')), (('23', 'h'), ('30', 't')), (('30', 'h'), ('19', 't')), (('19', 'h'), ('54', 't')), (('54', 'h'), ('49', 'h')), (('49', 't'), ('56', 't')), (('56', 'h'), ('57', 't')), (('57', 'h'), ('67', 'h')), (('67', 't'), ('29', 'h')), (('29', 't'), ('52', 't')), (('52', 'h'), ('71', 'h')), (('71', 't'), ('37', 'h')), (('37', 't'), ('78', 't')), (('78', 'h'), ('82', 'h')), (('82', 't'), ('35', 't')), (('35', 'h'), ('66', 't')), (('66', 'h'), ('48', 't'))])

Chosen seed at iteration 27: 1
Chosen chr at iteration 27
Iteration 28
28	deque([(('48', 'h'), ('36', 't')), (('36', 'h'), ('41', 't')), (('41', 'h'), ('34', 'h')), (('34', 't'), ('55', 't')), (('55', 'h'), ('65', 't')), (('65', 'h'), ('25', 't')), (('25', 'h'), ('79', 'h')), (('79', 't'), ('73', 'h')), (('73', 't'), ('23', 't')), (('23', 'h'), ('30', 't')), (('30', 'h'), ('19', 't')), (('19', 'h'), ('54', 't')), (('54', 'h'), ('49', 'h')), (('49', 't'), ('56', 't')), (('56', 'h'), ('58', 'h')), (('58', 't'), ('68', 'h')), (('68', 't'), ('29', 'h')), (('29', 't'), ('53', 't')), (('53', 'h'), ('71', 'h')), (('71', 't'), ('37', 'h')), (('37', 't'), ('78', 't')), (('78', 'h'), ('82', 'h')), (('82', 't'), ('35', 't')), (('35', 'h'), ('66', 't')), (('66', 'h'), ('48', 't'))])

Chosen seed at iteration 28: 1
Chosen chr at iteration 28
Iteration 29
29	deque([(('48', 'h'), ('36', 't')), (('36', 'h'), ('41', 't')), (('41', 'h'), ('34', 'h')), (('34', 't'), ('55', 't')), (('55', 'h'), ('65', 't')), (('65', 'h'), ('25', 't')), (('25', 'h'), ('79', 'h')), (('79', 't'), ('73', 'h')), (('73', 't'), ('23', 't')), (('23', 'h'), ('30', 't')), (('30', 'h'), ('19', 't')), (('19', 'h'), ('54', 't')), (('54', 'h'), ('49', 'h')), (('49', 't'), ('56', 't')), (('56', 'h'), ('57', 't')), (('57', 'h'), ('68', 'h')), (('68', 't'), ('29', 'h')), (('29', 't'), ('52', 't')), (('52', 'h'), ('71', 'h')), (('71', 't'), ('37', 'h')), (('37', 't'), ('76', 't')), (('76', 'h'), ('35', 't')), (('35', 'h'), ('66', 't')), (('66', 'h'), ('48', 't'))])

Chosen seed at iteration 29: 1
Chosen chr at iteration 29
Iteration 30
30	deque([(('48', 'h'), ('36', 't')), (('36', 'h'), ('41', 't')), (('41', 'h'), ('34', 'h')), (('34', 't'), ('55', 't')), (('55', 'h'), ('65', 't')), (('65', 'h'), ('25', 't')), (('25', 'h'), ('79', 'h')), (('79', 't'), ('73', 'h')), (('73', 't'), ('23', 't')), (('23', 'h'), ('30', 't')), (('30', 'h'), ('19', 't')), (('19', 'h'), ('54', 't')), (('54', 'h'), ('49', 'h')), (('49', 't'), ('56', 't')), (('56', 'h'), ('57', 't')), (('57', 'h'), ('68', 'h')), (('68', 't'), ('29', 'h')), (('29', 't'), ('53', 't')), (('53', 'h'), ('71', 'h')), (('71', 't'), ('37', 'h')), (('37', 't'), ('78', 't')), (('78', 'h'), ('82', 'h')), (('82', 't'), ('35', 't')), (('35', 'h'), ('66', 't')), (('66', 'h'), ('48', 't'))])

Chosen seed at iteration 30: 1
Chosen chr at iteration 30
Iteration 31
31	deque([(('48', 'h'), ('36', 't')), (('36', 'h'), ('41', 't')), (('41', 'h'), ('34', 'h')), (('34', 't'), ('55', 't')), (('55', 'h'), ('65', 't')), (('65', 'h'), ('25', 't')), (('25', 'h'), ('79', 'h')), (('79', 't'), ('73', 'h')), (('73', 't'), ('23', 't')), (('23', 'h'), ('30', 't')), (('30', 'h'), ('19', 't')), (('19', 'h'), ('54', 't')), (('54', 'h'), ('49', 'h')), (('49', 't'), ('56', 't')), (('56', 'h'), ('57', 't')), (('57', 'h'), ('68', 'h')), (('68', 't'), ('29', 'h')), (('29', 't'), ('52', 't')), (('52', 'h'), ('71', 'h')), (('71', 't'), ('37', 'h')), (('37', 't'), ('78', 't')), (('78', 'h'), ('82', 'h')), (('82', 't'), ('35', 't')), (('35', 'h'), ('66', 't')), (('66', 'h'), ('48', 't'))])

Chosen seed at iteration 31: 1
Chosen chr at iteration 31
Iteration 32
32	deque([(('48', 'h'), ('36', 't')), (('36', 'h'), ('41', 't')), (('41', 'h'), ('34', 'h')), (('34', 't'), ('55', 't')), (('55', 'h'), ('65', 't')), (('65', 'h'), ('25', 't')), (('25', 'h'), ('79', 'h')), (('79', 't'), ('73', 'h')), (('73', 't'), ('23', 't')), (('23', 'h'), ('30', 't')), (('30', 'h'), ('19', 't')), (('19', 'h'), ('54', 't')), (('54', 'h'), ('49', 'h')), (('49', 't'), ('56', 't')), (('56', 'h'), ('57', 't')), (('57', 'h'), ('68', 'h')), (('68', 't'), ('29', 'h')), (('29', 't'), ('53', 't')), (('53', 'h'), ('71', 'h')), (('71', 't'), ('37', 'h')), (('37', 't'), ('76', 't')), (('76', 'h'), ('35', 't')), (('35', 'h'), ('66', 't')), (('66', 'h'), ('48', 't'))])

Chosen seed at iteration 32: 1
Chosen chr at iteration 32
Iteration 33
33	deque([(('48', 'h'), ('36', 't')), (('36', 'h'), ('41', 't')), (('41', 'h'), ('34', 'h')), (('34', 't'), ('55', 't')), (('55', 'h'), ('65', 't')), (('65', 'h'), ('25', 't')), (('25', 'h'), ('79', 'h')), (('79', 't'), ('73', 'h')), (('73', 't'), ('23', 't')), (('23', 'h'), ('30', 't')), (('30', 'h'), ('19', 't')), (('19', 'h'), ('54', 't')), (('54', 'h'), ('49', 'h')), (('49', 't'), ('56', 't')), (('56', 'h'), ('58', 'h')), (('58', 't'), ('68', 'h')), (('68', 't'), ('29', 'h')), (('29', 't'), ('53', 't')), (('53', 'h'), ('71', 'h')), (('71', 't'), ('37', 'h')), (('37', 't'), ('76', 't')), (('76', 'h'), ('35', 't')), (('35', 'h'), ('66', 't')), (('66', 'h'), ('48', 't'))])

Chosen seed at iteration 33: 1
Chosen chr at iteration 33
Iteration 34
34	deque([(('48', 'h'), ('36', 't')), (('36', 'h'), ('41', 't')), (('41', 'h'), ('34', 'h')), (('34', 't'), ('55', 't')), (('55', 'h'), ('65', 't')), (('65', 'h'), ('25', 't')), (('25', 'h'), ('79', 'h')), (('79', 't'), ('73', 'h')), (('73', 't'), ('23', 't')), (('23', 'h'), ('30', 't')), (('30', 'h'), ('19', 't')), (('19', 'h'), ('54', 't')), (('54', 'h'), ('49', 'h')), (('49', 't'), ('56', 't')), (('56', 'h'), ('58', 'h')), (('58', 't'), ('68', 'h')), (('68', 't'), ('29', 'h')), (('29', 't'), ('52', 't')), (('52', 'h'), ('71', 'h')), (('71', 't'), ('37', 'h')), (('37', 't'), ('76', 't')), (('76', 'h'), ('35', 't')), (('35', 'h'), ('66', 't')), (('66', 'h'), ('48', 't'))])

Chosen seed at iteration 34: 1
Chosen chr at iteration 34
Iteration 35
35	deque([(('48', 'h'), ('36', 't')), (('36', 'h'), ('41', 't')), (('41', 'h'), ('34', 'h')), (('34', 't'), ('55', 't')), (('55', 'h'), ('65', 't')), (('65', 'h'), ('25', 't')), (('25', 'h'), ('79', 'h')), (('79', 't'), ('73', 'h')), (('73', 't'), ('23', 't')), (('23', 'h'), ('30', 't')), (('30', 'h'), ('19', 't')), (('19', 'h'), ('54', 't')), (('54', 'h'), ('49', 'h')), (('49', 't'), ('56', 't')), (('56', 'h'), ('58', 'h')), (('58', 't'), ('68', 'h')), (('68', 't'), ('29', 'h')), (('29', 't'), ('52', 't')), (('52', 'h'), ('71', 'h')), (('71', 't'), ('37', 'h')), (('37', 't'), ('78', 't')), (('78', 'h'), ('82', 'h')), (('82', 't'), ('35', 't')), (('35', 'h'), ('66', 't')), (('66', 'h'), ('48', 't'))])

Chosen seed at iteration 35: 1
Chosen chr at iteration 35
Iteration 36
36	deque([(('55', 'h'), ('65', 't')), (('65', 'h'), ('25', 't')), (('25', 'h'), ('79', 'h')), (('79', 't'), ('73', 'h')), (('73', 't'), ('23', 't')), (('23', 'h'), ('30', 't')), (('30', 'h'), ('19', 't')), (('19', 'h'), ('54', 't')), (('54', 'h'), ('49', 'h')), (('49', 't'), ('56', 't')), (('56', 'h'), ('58', 'h')), (('58', 't'), ('67', 'h')), (('67', 't'), ('29', 'h')), (('29', 't'), ('52', 't')), (('52', 'h'), ('71', 'h')), (('71', 't'), ('37', 'h')), (('37', 't'), ('76', 't')), (('76', 'h'), ('35', 't')), (('35', 'h'), ('64', 'h')), (('64', 't'), ('47', 'h')), (('47', 't'), ('36', 't')), (('36', 'h'), ('51', 'h')), (('51', 't'), ('34', 'h')), (('34', 't'), ('55', 't'))])

Chosen seed at iteration 36: 1
Chosen chr at iteration 36
Iteration 37
37	deque([(('55', 'h'), ('65', 't')), (('65', 'h'), ('25', 't')), (('25', 'h'), ('79', 'h')), (('79', 't'), ('73', 'h')), (('73', 't'), ('23', 't')), (('23', 'h'), ('30', 't')), (('30', 'h'), ('19', 't')), (('19', 'h'), ('54', 't')), (('54', 'h'), ('49', 'h')), (('49', 't'), ('56', 't')), (('56', 'h'), ('58', 'h')), (('58', 't'), ('67', 'h')), (('67', 't'), ('29', 'h')), (('29', 't'), ('52', 't')), (('52', 'h'), ('71', 'h')), (('71', 't'), ('37', 'h')), (('37', 't'), ('78', 't')), (('78', 'h'), ('82', 'h')), (('82', 't'), ('35', 't')), (('35', 'h'), ('64', 'h')), (('64', 't'), ('47', 'h')), (('47', 't'), ('36', 't')), (('36', 'h'), ('51', 'h')), (('51', 't'), ('34', 'h')), (('34', 't'), ('55', 't'))])

Chosen seed at iteration 37: 1
Chosen chr at iteration 37
Iteration 38
38	deque([(('55', 'h'), ('65', 't')), (('65', 'h'), ('25', 't')), (('25', 'h'), ('79', 'h')), (('79', 't'), ('73', 'h')), (('73', 't'), ('23', 't')), (('23', 'h'), ('30', 't')), (('30', 'h'), ('19', 't')), (('19', 'h'), ('54', 't')), (('54', 'h'), ('49', 'h')), (('49', 't'), ('56', 't')), (('56', 'h'), ('58', 'h')), (('58', 't'), ('67', 'h')), (('67', 't'), ('29', 'h')), (('29', 't'), ('53', 't')), (('53', 'h'), ('71', 'h')), (('71', 't'), ('37', 'h')), (('37', 't'), ('76', 't')), (('76', 'h'), ('35', 't')), (('35', 'h'), ('64', 'h')), (('64', 't'), ('47', 'h')), (('47', 't'), ('36', 't')), (('36', 'h'), ('51', 'h')), (('51', 't'), ('34', 'h')), (('34', 't'), ('55', 't'))])

Chosen seed at iteration 38: 1
Chosen chr at iteration 38
Iteration 39
39	deque([(('55', 'h'), ('65', 't')), (('65', 'h'), ('25', 't')), (('25', 'h'), ('79', 'h')), (('79', 't'), ('73', 'h')), (('73', 't'), ('23', 't')), (('23', 'h'), ('30', 't')), (('30', 'h'), ('19', 't')), (('19', 'h'), ('54', 't')), (('54', 'h'), ('49', 'h')), (('49', 't'), ('56', 't')), (('56', 'h'), ('57', 't')), (('57', 'h'), ('67', 'h')), (('67', 't'), ('29', 'h')), (('29', 't'), ('53', 't')), (('53', 'h'), ('71', 'h')), (('71', 't'), ('37', 'h')), (('37', 't'), ('76', 't')), (('76', 'h'), ('35', 't')), (('35', 'h'), ('64', 'h')), (('64', 't'), ('47', 'h')), (('47', 't'), ('36', 't')), (('36', 'h'), ('51', 'h')), (('51', 't'), ('34', 'h')), (('34', 't'), ('55', 't'))])

Chosen seed at iteration 39: 1
Chosen chr at iteration 39
Iteration 40
40	deque([(('47', 'h'), ('64', 't')), (('64', 'h'), ('35', 'h')), (('35', 't'), ('82', 't')), (('82', 'h'), ('78', 'h')), (('78', 't'), ('37', 't')), (('37', 'h'), ('71', 't')), (('71', 'h'), ('53', 'h')), (('53', 't'), ('29', 't')), (('29', 'h'), ('67', 't')), (('67', 'h'), ('58', 't')), (('58', 'h'), ('56', 'h')), (('56', 't'), ('49', 't')), (('49', 'h'), ('54', 'h')), (('54', 't'), ('19', 'h')), (('19', 't'), ('30', 'h')), (('30', 't'), ('23', 'h')), (('23', 't'), ('73', 't')), (('73', 'h'), ('79', 't')), (('79', 'h'), ('25', 'h')), (('25', 't'), ('65', 'h')), (('65', 't'), ('55', 'h')), (('55', 't'), ('34', 't')), (('34', 'h'), ('51', 't')), (('51', 'h'), ('36', 'h')), (('36', 't'), ('47', 't'))])

Chosen seed at iteration 40: 1
Chosen chr at iteration 40
Iteration 41
41	deque([(('55', 'h'), ('65', 't')), (('65', 'h'), ('25', 't')), (('25', 'h'), ('79', 'h')), (('79', 't'), ('73', 'h')), (('73', 't'), ('23', 't')), (('23', 'h'), ('30', 't')), (('30', 'h'), ('19', 't')), (('19', 'h'), ('54', 't')), (('54', 'h'), ('49', 'h')), (('49', 't'), ('56', 't')), (('56', 'h'), ('57', 't')), (('57', 'h'), ('67', 'h')), (('67', 't'), ('29', 'h')), (('29', 't'), ('53', 't')), (('53', 'h'), ('71', 'h')), (('71', 't'), ('37', 'h')), (('37', 't'), ('78', 't')), (('78', 'h'), ('82', 'h')), (('82', 't'), ('35', 't')), (('35', 'h'), ('64', 'h')), (('64', 't'), ('47', 'h')), (('47', 't'), ('36', 't')), (('36', 'h'), ('51', 'h')), (('51', 't'), ('34', 'h')), (('34', 't'), ('55', 't'))])

Chosen seed at iteration 41: 1
Chosen chr at iteration 41
Iteration 42
42	deque([(('55', 'h'), ('65', 't')), (('65', 'h'), ('25', 't')), (('25', 'h'), ('79', 'h')), (('79', 't'), ('73', 'h')), (('73', 't'), ('23', 't')), (('23', 'h'), ('30', 't')), (('30', 'h'), ('19', 't')), (('19', 'h'), ('54', 't')), (('54', 'h'), ('49', 'h')), (('49', 't'), ('56', 't')), (('56', 'h'), ('57', 't')), (('57', 'h'), ('67', 'h')), (('67', 't'), ('29', 'h')), (('29', 't'), ('52', 't')), (('52', 'h'), ('71', 'h')), (('71', 't'), ('37', 'h')), (('37', 't'), ('76', 't')), (('76', 'h'), ('35', 't')), (('35', 'h'), ('64', 'h')), (('64', 't'), ('47', 'h')), (('47', 't'), ('36', 't')), (('36', 'h'), ('51', 'h')), (('51', 't'), ('34', 'h')), (('34', 't'), ('55', 't'))])

Chosen seed at iteration 42: 1
Chosen chr at iteration 42
Iteration 43
43	deque([(('55', 'h'), ('65', 't')), (('65', 'h'), ('25', 't')), (('25', 'h'), ('79', 'h')), (('79', 't'), ('73', 'h')), (('73', 't'), ('23', 't')), (('23', 'h'), ('30', 't')), (('30', 'h'), ('19', 't')), (('19', 'h'), ('54', 't')), (('54', 'h'), ('49', 'h')), (('49', 't'), ('56', 't')), (('56', 'h'), ('57', 't')), (('57', 'h'), ('67', 'h')), (('67', 't'), ('29', 'h')), (('29', 't'), ('52', 't')), (('52', 'h'), ('71', 'h')), (('71', 't'), ('37', 'h')), (('37', 't'), ('78', 't')), (('78', 'h'), ('82', 'h')), (('82', 't'), ('35', 't')), (('35', 'h'), ('64', 'h')), (('64', 't'), ('47', 'h')), (('47', 't'), ('36', 't')), (('36', 'h'), ('51', 'h')), (('51', 't'), ('34', 'h')), (('34', 't'), ('55', 't'))])

Chosen seed at iteration 43: 1
Chosen chr at iteration 43
Iteration 44
44	deque([(('55', 'h'), ('65', 't')), (('65', 'h'), ('25', 't')), (('25', 'h'), ('79', 'h')), (('79', 't'), ('73', 'h')), (('73', 't'), ('23', 't')), (('23', 'h'), ('30', 't')), (('30', 'h'), ('19', 't')), (('19', 'h'), ('54', 't')), (('54', 'h'), ('49', 'h')), (('49', 't'), ('56', 't')), (('56', 'h'), ('58', 'h')), (('58', 't'), ('68', 'h')), (('68', 't'), ('29', 'h')), (('29', 't'), ('52', 't')), (('52', 'h'), ('71', 'h')), (('71', 't'), ('37', 'h')), (('37', 't'), ('78', 't')), (('78', 'h'), ('82', 'h')), (('82', 't'), ('35', 't')), (('35', 'h'), ('66', 't')), (('66', 'h'), ('47', 'h')), (('47', 't'), ('36', 't')), (('36', 'h'), ('51', 'h')), (('51', 't'), ('34', 'h')), (('34', 't'), ('55', 't'))])

Chosen seed at iteration 44: 1
Chosen chr at iteration 44
Iteration 45
45	deque([(('48', 'h'), ('36', 't')), (('36', 'h'), ('51', 'h')), (('51', 't'), ('34', 'h')), (('34', 't'), ('55', 't')), (('55', 'h'), ('65', 't')), (('65', 'h'), ('25', 't')), (('25', 'h'), ('79', 'h')), (('79', 't'), ('73', 'h')), (('73', 't'), ('23', 't')), (('23', 'h'), ('30', 't')), (('30', 'h'), ('19', 't')), (('19', 'h'), ('54', 't')), (('54', 'h'), ('49', 'h')), (('49', 't'), ('56', 't')), (('56', 'h'), ('58', 'h')), (('58', 't'), ('68', 'h')), (('68', 't'), ('29', 'h')), (('29', 't'), ('53', 't')), (('53', 'h'), ('72', 't')), (('72', 'h'), ('37', 'h')), (('37', 't'), ('78', 't')), (('78', 'h'), ('82', 'h')), (('82', 't'), ('35', 't')), (('35', 'h'), ('66', 't')), (('66', 'h'), ('48', 't'))])

Chosen seed at iteration 45: 1
Chosen chr at iteration 45
Iteration 46
46	deque([(('48', 'h'), ('36', 't')), (('36', 'h'), ('51', 'h')), (('51', 't'), ('34', 'h')), (('34', 't'), ('55', 't')), (('55', 'h'), ('65', 't')), (('65', 'h'), ('25', 't')), (('25', 'h'), ('79', 'h')), (('79', 't'), ('73', 'h')), (('73', 't'), ('23', 't')), (('23', 'h'), ('30', 't')), (('30', 'h'), ('19', 't')), (('19', 'h'), ('54', 't')), (('54', 'h'), ('49', 'h')), (('49', 't'), ('56', 't')), (('56', 'h'), ('57', 't')), (('57', 'h'), ('68', 'h')), (('68', 't'), ('29', 'h')), (('29', 't'), ('53', 't')), (('53', 'h'), ('72', 't')), (('72', 'h'), ('37', 'h')), (('37', 't'), ('76', 't')), (('76', 'h'), ('35', 't')), (('35', 'h'), ('66', 't')), (('66', 'h'), ('48', 't'))])

Chosen seed at iteration 46: 1
Chosen chr at iteration 46
Iteration 47
47	deque([(('48', 'h'), ('36', 't')), (('36', 'h'), ('51', 'h')), (('51', 't'), ('34', 'h')), (('34', 't'), ('55', 't')), (('55', 'h'), ('65', 't')), (('65', 'h'), ('25', 't')), (('25', 'h'), ('79', 'h')), (('79', 't'), ('73', 'h')), (('73', 't'), ('23', 't')), (('23', 'h'), ('30', 't')), (('30', 'h'), ('19', 't')), (('19', 'h'), ('54', 't')), (('54', 'h'), ('49', 'h')), (('49', 't'), ('56', 't')), (('56', 'h'), ('58', 'h')), (('58', 't'), ('68', 'h')), (('68', 't'), ('29', 'h')), (('29', 't'), ('52', 't')), (('52', 'h'), ('72', 't')), (('72', 'h'), ('37', 'h')), (('37', 't'), ('78', 't')), (('78', 'h'), ('82', 'h')), (('82', 't'), ('35', 't')), (('35', 'h'), ('66', 't')), (('66', 'h'), ('48', 't'))])

Chosen seed at iteration 47: 1
Chosen chr at iteration 47
Iteration 48
48	deque([(('55', 'h'), ('65', 't')), (('65', 'h'), ('25', 't')), (('25', 'h'), ('79', 'h')), (('79', 't'), ('73', 'h')), (('73', 't'), ('23', 't')), (('23', 'h'), ('30', 't')), (('30', 'h'), ('19', 't')), (('19', 'h'), ('54', 't')), (('54', 'h'), ('49', 'h')), (('49', 't'), ('56', 't')), (('56', 'h'), ('57', 't')), (('57', 'h'), ('68', 'h')), (('68', 't'), ('29', 'h')), (('29', 't'), ('53', 't')), (('53', 'h'), ('71', 'h')), (('71', 't'), ('37', 'h')), (('37', 't'), ('76', 't')), (('76', 'h'), ('35', 't')), (('35', 'h'), ('66', 't')), (('66', 'h'), ('47', 'h')), (('47', 't'), ('36', 't')), (('36', 'h'), ('51', 'h')), (('51', 't'), ('34', 'h')), (('34', 't'), ('55', 't'))])

Chosen seed at iteration 48: 1
Chosen chr at iteration 48
Iteration 49
49	deque([(('55', 'h'), ('65', 't')), (('65', 'h'), ('25', 't')), (('25', 'h'), ('79', 'h')), (('79', 't'), ('73', 'h')), (('73', 't'), ('23', 't')), (('23', 'h'), ('30', 't')), (('30', 'h'), ('19', 't')), (('19', 'h'), ('54', 't')), (('54', 'h'), ('49', 'h')), (('49', 't'), ('56', 't')), (('56', 'h'), ('58', 'h')), (('58', 't'), ('68', 'h')), (('68', 't'), ('29', 'h')), (('29', 't'), ('53', 't')), (('53', 'h'), ('71', 'h')), (('71', 't'), ('37', 'h')), (('37', 't'), ('76', 't')), (('76', 'h'), ('35', 't')), (('35', 'h'), ('66', 't')), (('66', 'h'), ('47', 'h')), (('47', 't'), ('36', 't')), (('36', 'h'), ('51', 'h')), (('51', 't'), ('34', 'h')), (('34', 't'), ('55', 't'))])

Chosen seed at iteration 49: 1
Chosen chr at iteration 49
Iteration 1
1	deque([(('21', 'h'), ('21', 't')), (('21', 'h'), ('21', 't'))])
1	deque([(('24', 'h'), ('24', 't')), (('24', 'h'), ('24', 't'))])
1	deque([(('17', 'h'), ('17', 't')), (('17', 'h'), ('17', 't'))])

Chosen seed at iteration 1: 3
Chosen chr at iteration 1
Iteration 2
2	deque([(('21', 'h'), ('21', 't')), (('21', 'h'), ('21', 't'))])
2	deque([(('24', 'h'), ('24', 't')), (('24', 'h'), ('24', 't'))])

Chosen seed at iteration 2: 1
Chosen chr at iteration 2
Iteration 3
3	deque([(('24', 'h'), ('24', 't')), (('24', 'h'), ('24', 't'))])

Chosen seed at iteration 3: 1
Chosen chr at iteration 3
Iteration 4
4	deque([(('48', 'h'), ('36', 't')), (('36', 'h'), ('51', 'h')), (('51', 't'), ('34', 'h')), (('34', 't'), ('55', 't')), (('55', 'h'), ('65', 't')), (('65', 'h'), ('25', 't')), (('25', 'h'), ('79', 'h')), (('79', 't'), ('73', 'h')), (('73', 't'), ('23', 't')), (('23', 'h'), ('30', 't')), (('30', 'h'), ('19', 't')), (('19', 'h'), ('54', 't')), (('54', 'h'), ('49', 'h')), (('49', 't'), ('56', 't')), (('56', 'h'), ('58', 'h')), (('58', 't'), ('68', 'h')), (('68', 't'), ('29', 'h')), (('29', 't'), ('53', 't')), (('53', 'h'), ('71', 'h')), (('71', 't'), ('37', 'h')), (('37', 't'), ('78', 't')), (('78', 'h'), ('82', 'h')), (('82', 't'), ('35', 't')), (('35', 'h'), ('66', 't')), (('66', 'h'), ('48', 't'))])

Chosen seed at iteration 4: 1
Chosen chr at iteration 4
Iteration 5
5	deque([(('48', 'h'), ('36', 't')), (('36', 'h'), ('51', 'h')), (('51', 't'), ('34', 'h')), (('34', 't'), ('55', 't')), (('55', 'h'), ('65', 't')), (('65', 'h'), ('25', 't')), (('25', 'h'), ('79', 'h')), (('79', 't'), ('73', 'h')), (('73', 't'), ('23', 't')), (('23', 'h'), ('30', 't')), (('30', 'h'), ('19', 't')), (('19', 'h'), ('54', 't')), (('54', 'h'), ('49', 'h')), (('49', 't'), ('56', 't')), (('56', 'h'), ('58', 'h')), (('58', 't'), ('68', 'h')), (('68', 't'), ('29', 'h')), (('29', 't'), ('52', 't')), (('52', 'h'), ('71', 'h')), (('71', 't'), ('37', 'h')), (('37', 't'), ('76', 't')), (('76', 'h'), ('35', 't')), (('35', 'h'), ('66', 't')), (('66', 'h'), ('48', 't'))])

Chosen seed at iteration 5: 1
Chosen chr at iteration 5
Iteration 6
6	deque([(('48', 'h'), ('36', 't')), (('36', 'h'), ('51', 'h')), (('51', 't'), ('34', 'h')), (('34', 't'), ('55', 't')), (('55', 'h'), ('65', 't')), (('65', 'h'), ('25', 't')), (('25', 'h'), ('79', 'h')), (('79', 't'), ('73', 'h')), (('73', 't'), ('23', 't')), (('23', 'h'), ('30', 't')), (('30', 'h'), ('19', 't')), (('19', 'h'), ('54', 't')), (('54', 'h'), ('49', 'h')), (('49', 't'), ('56', 't')), (('56', 'h'), ('57', 't')), (('57', 'h'), ('68', 'h')), (('68', 't'), ('29', 'h')), (('29', 't'), ('53', 't')), (('53', 'h'), ('71', 'h')), (('71', 't'), ('37', 'h')), (('37', 't'), ('76', 't')), (('76', 'h'), ('35', 't')), (('35', 'h'), ('66', 't')), (('66', 'h'), ('48', 't'))])

Chosen seed at iteration 6: 1
Chosen chr at iteration 6
Iteration 7
7	deque([(('48', 'h'), ('36', 't')), (('36', 'h'), ('51', 'h')), (('51', 't'), ('34', 'h')), (('34', 't'), ('55', 't')), (('55', 'h'), ('65', 't')), (('65', 'h'), ('25', 't')), (('25', 'h'), ('79', 'h')), (('79', 't'), ('73', 'h')), (('73', 't'), ('23', 't')), (('23', 'h'), ('30', 't')), (('30', 'h'), ('19', 't')), (('19', 'h'), ('54', 't')), (('54', 'h'), ('49', 'h')), (('49', 't'), ('56', 't')), (('56', 'h'), ('58', 'h')), (('58', 't'), ('68', 'h')), (('68', 't'), ('29', 'h')), (('29', 't'), ('53', 't')), (('53', 'h'), ('71', 'h')), (('71', 't'), ('37', 'h')), (('37', 't'), ('76', 't')), (('76', 'h'), ('35', 't')), (('35', 'h'), ('66', 't')), (('66', 'h'), ('48', 't'))])

Chosen seed at iteration 7: 1
Chosen chr at iteration 7
Iteration 8
8	deque([(('48', 'h'), ('36', 't')), (('36', 'h'), ('51', 'h')), (('51', 't'), ('34', 'h')), (('34', 't'), ('55', 't')), (('55', 'h'), ('65', 't')), (('65', 'h'), ('25', 't')), (('25', 'h'), ('79', 'h')), (('79', 't'), ('73', 'h')), (('73', 't'), ('23', 't')), (('23', 'h'), ('30', 't')), (('30', 'h'), ('19', 't')), (('19', 'h'), ('54', 't')), (('54', 'h'), ('49', 'h')), (('49', 't'), ('56', 't')), (('56', 'h'), ('58', 'h')), (('58', 't'), ('68', 'h')), (('68', 't'), ('29', 'h')), (('29', 't'), ('52', 't')), (('52', 'h'), ('71', 'h')), (('71', 't'), ('37', 'h')), (('37', 't'), ('78', 't')), (('78', 'h'), ('82', 'h')), (('82', 't'), ('35', 't')), (('35', 'h'), ('66', 't')), (('66', 'h'), ('48', 't'))])

Chosen seed at iteration 8: 1
Chosen chr at iteration 8
Iteration 9
9	deque([(('48', 'h'), ('36', 't')), (('36', 'h'), ('51', 'h')), (('51', 't'), ('34', 'h')), (('34', 't'), ('55', 't')), (('55', 'h'), ('65', 't')), (('65', 'h'), ('25', 't')), (('25', 'h'), ('79', 'h')), (('79', 't'), ('73', 'h')), (('73', 't'), ('23', 't')), (('23', 'h'), ('30', 't')), (('30', 'h'), ('19', 't')), (('19', 'h'), ('54', 't')), (('54', 'h'), ('49', 'h')), (('49', 't'), ('56', 't')), (('56', 'h'), ('57', 't')), (('57', 'h'), ('68', 'h')), (('68', 't'), ('29', 'h')), (('29', 't'), ('52', 't')), (('52', 'h'), ('71', 'h')), (('71', 't'), ('37', 'h')), (('37', 't'), ('78', 't')), (('78', 'h'), ('82', 'h')), (('82', 't'), ('35', 't')), (('35', 'h'), ('66', 't')), (('66', 'h'), ('48', 't'))])

Chosen seed at iteration 9: 1
Chosen chr at iteration 9
Iteration 10
10	deque([(('48', 'h'), ('36', 't')), (('36', 'h'), ('51', 'h')), (('51', 't'), ('34', 'h')), (('34', 't'), ('55', 't')), (('55', 'h'), ('65', 't')), (('65', 'h'), ('25', 't')), (('25', 'h'), ('79', 'h')), (('79', 't'), ('73', 'h')), (('73', 't'), ('23', 't')), (('23', 'h'), ('30', 't')), (('30', 'h'), ('19', 't')), (('19', 'h'), ('54', 't')), (('54', 'h'), ('49', 'h')), (('49', 't'), ('56', 't')), (('56', 'h'), ('57', 't')), (('57', 'h'), ('68', 'h')), (('68', 't'), ('29', 'h')), (('29', 't'), ('52', 't')), (('52', 'h'), ('71', 'h')), (('71', 't'), ('37', 'h')), (('37', 't'), ('76', 't')), (('76', 'h'), ('35', 't')), (('35', 'h'), ('66', 't')), (('66', 'h'), ('48', 't'))])

Chosen seed at iteration 10: 1
Chosen chr at iteration 10
Iteration 11
11	deque([(('48', 'h'), ('36', 't')), (('36', 'h'), ('51', 'h')), (('51', 't'), ('34', 'h')), (('34', 't'), ('55', 't')), (('55', 'h'), ('65', 't')), (('65', 'h'), ('25', 't')), (('25', 'h'), ('79', 'h')), (('79', 't'), ('73', 'h')), (('73', 't'), ('23', 't')), (('23', 'h'), ('30', 't')), (('30', 'h'), ('19', 't')), (('19', 'h'), ('54', 't')), (('54', 'h'), ('49', 'h')), (('49', 't'), ('56', 't')), (('56', 'h'), ('57', 't')), (('57', 'h'), ('68', 'h')), (('68', 't'), ('29', 'h')), (('29', 't'), ('53', 't')), (('53', 'h'), ('71', 'h')), (('71', 't'), ('37', 'h')), (('37', 't'), ('78', 't')), (('78', 'h'), ('82', 'h')), (('82', 't'), ('35', 't')), (('35', 'h'), ('66', 't')), (('66', 'h'), ('48', 't'))])

Chosen seed at iteration 11: 1
Chosen chr at iteration 11
Iteration 12
12	deque([(('55', 'h'), ('65', 't')), (('65', 'h'), ('25', 't')), (('25', 'h'), ('79', 'h')), (('79', 't'), ('73', 'h')), (('73', 't'), ('23', 't')), (('23', 'h'), ('30', 't')), (('30', 'h'), ('19', 't')), (('19', 'h'), ('54', 't')), (('54', 'h'), ('49', 'h')), (('49', 't'), ('56', 't')), (('56', 'h'), ('57', 't')), (('57', 'h'), ('68', 'h')), (('68', 't'), ('29', 'h')), (('29', 't'), ('52', 't')), (('52', 'h'), ('71', 'h')), (('71', 't'), ('37', 'h')), (('37', 't'), ('76', 't')), (('76', 'h'), ('35', 't')), (('35', 'h'), ('64', 'h')), (('64', 't'), ('47', 'h')), (('47', 't'), ('36', 't')), (('36', 'h'), ('51', 'h')), (('51', 't'), ('34', 'h')), (('34', 't'), ('55', 't'))])

Chosen seed at iteration 12: 1
Chosen chr at iteration 12
Iteration 13
13	deque([(('55', 'h'), ('65', 't')), (('65', 'h'), ('25', 't')), (('25', 'h'), ('79', 'h')), (('79', 't'), ('73', 'h')), (('73', 't'), ('23', 't')), (('23', 'h'), ('30', 't')), (('30', 'h'), ('19', 't')), (('19', 'h'), ('54', 't')), (('54', 'h'), ('49', 'h')), (('49', 't'), ('56', 't')), (('56', 'h'), ('58', 'h')), (('58', 't'), ('68', 'h')), (('68', 't'), ('29', 'h')), (('29', 't'), ('52', 't')), (('52', 'h'), ('71', 'h')), (('71', 't'), ('37', 'h')), (('37', 't'), ('78', 't')), (('78', 'h'), ('82', 'h')), (('82', 't'), ('35', 't')), (('35', 'h'), ('64', 'h')), (('64', 't'), ('47', 'h')), (('47', 't'), ('36', 't')), (('36', 'h'), ('51', 'h')), (('51', 't'), ('34', 'h')), (('34', 't'), ('55', 't'))])

Chosen seed at iteration 13: 1
Chosen chr at iteration 13
Iteration 14
14	deque([(('55', 'h'), ('65', 't')), (('65', 'h'), ('25', 't')), (('25', 'h'), ('79', 'h')), (('79', 't'), ('73', 'h')), (('73', 't'), ('23', 't')), (('23', 'h'), ('30', 't')), (('30', 'h'), ('19', 't')), (('19', 'h'), ('54', 't')), (('54', 'h'), ('49', 'h')), (('49', 't'), ('56', 't')), (('56', 'h'), ('57', 't')), (('57', 'h'), ('68', 'h')), (('68', 't'), ('29', 'h')), (('29', 't'), ('52', 't')), (('52', 'h'), ('71', 'h')), (('71', 't'), ('37', 'h')), (('37', 't'), ('78', 't')), (('78', 'h'), ('82', 'h')), (('82', 't'), ('35', 't')), (('35', 'h'), ('64', 'h')), (('64', 't'), ('47', 'h')), (('47', 't'), ('36', 't')), (('36', 'h'), ('51', 'h')), (('51', 't'), ('34', 'h')), (('34', 't'), ('55', 't'))])

Chosen seed at iteration 14: 1
Chosen chr at iteration 14
Iteration 15
15	deque([(('55', 'h'), ('65', 't')), (('65', 'h'), ('25', 't')), (('25', 'h'), ('79', 'h')), (('79', 't'), ('73', 'h')), (('73', 't'), ('23', 't')), (('23', 'h'), ('30', 't')), (('30', 'h'), ('19', 't')), (('19', 'h'), ('54', 't')), (('54', 'h'), ('49', 'h')), (('49', 't'), ('56', 't')), (('56', 'h'), ('58', 'h')), (('58', 't'), ('68', 'h')), (('68', 't'), ('29', 'h')), (('29', 't'), ('53', 't')), (('53', 'h'), ('71', 'h')), (('71', 't'), ('37', 'h')), (('37', 't'), ('78', 't')), (('78', 'h'), ('82', 'h')), (('82', 't'), ('35', 't')), (('35', 'h'), ('64', 'h')), (('64', 't'), ('47', 'h')), (('47', 't'), ('36', 't')), (('36', 'h'), ('51', 'h')), (('51', 't'), ('34', 'h')), (('34', 't'), ('55', 't'))])

Chosen seed at iteration 15: 1
Chosen chr at iteration 15
Iteration 16
16	deque([(('55', 'h'), ('65', 't')), (('65', 'h'), ('25', 't')), (('25', 'h'), ('79', 'h')), (('79', 't'), ('73', 'h')), (('73', 't'), ('23', 't')), (('23', 'h'), ('30', 't')), (('30', 'h'), ('19', 't')), (('19', 'h'), ('54', 't')), (('54', 'h'), ('49', 'h')), (('49', 't'), ('56', 't')), (('56', 'h'), ('57', 't')), (('57', 'h'), ('68', 'h')), (('68', 't'), ('29', 'h')), (('29', 't'), ('53', 't')), (('53', 'h'), ('71', 'h')), (('71', 't'), ('37', 'h')), (('37', 't'), ('76', 't')), (('76', 'h'), ('35', 't')), (('35', 'h'), ('64', 'h')), (('64', 't'), ('47', 'h')), (('47', 't'), ('36', 't')), (('36', 'h'), ('51', 'h')), (('51', 't'), ('34', 'h')), (('34', 't'), ('55', 't'))])

Chosen seed at iteration 16: 1
Chosen chr at iteration 16
Iteration 17
17	deque([(('55', 'h'), ('65', 't')), (('65', 'h'), ('25', 't')), (('25', 'h'), ('79', 'h')), (('79', 't'), ('73', 'h')), (('73', 't'), ('23', 't')), (('23', 'h'), ('30', 't')), (('30', 'h'), ('19', 't')), (('19', 'h'), ('54', 't')), (('54', 'h'), ('49', 'h')), (('49', 't'), ('56', 't')), (('56', 'h'), ('57', 't')), (('57', 'h'), ('68', 'h')), (('68', 't'), ('29', 'h')), (('29', 't'), ('53', 't')), (('53', 'h'), ('71', 'h')), (('71', 't'), ('37', 'h')), (('37', 't'), ('78', 't')), (('78', 'h'), ('82', 'h')), (('82', 't'), ('35', 't')), (('35', 'h'), ('64', 'h')), (('64', 't'), ('47', 'h')), (('47', 't'), ('36', 't')), (('36', 'h'), ('51', 'h')), (('51', 't'), ('34', 'h')), (('34', 't'), ('55', 't'))])

Chosen seed at iteration 17: 1
Chosen chr at iteration 17
Iteration 18
18	deque([(('55', 'h'), ('65', 't')), (('65', 'h'), ('25', 't')), (('25', 'h'), ('79', 'h')), (('79', 't'), ('73', 'h')), (('73', 't'), ('23', 't')), (('23', 'h'), ('30', 't')), (('30', 'h'), ('19', 't')), (('19', 'h'), ('54', 't')), (('54', 'h'), ('49', 'h')), (('49', 't'), ('56', 't')), (('56', 'h'), ('58', 'h')), (('58', 't'), ('68', 'h')), (('68', 't'), ('29', 'h')), (('29', 't'), ('53', 't')), (('53', 'h'), ('71', 'h')), (('71', 't'), ('37', 'h')), (('37', 't'), ('76', 't')), (('76', 'h'), ('35', 't')), (('35', 'h'), ('64', 'h')), (('64', 't'), ('47', 'h')), (('47', 't'), ('36', 't')), (('36', 'h'), ('51', 'h')), (('51', 't'), ('34', 'h')), (('34', 't'), ('55', 't'))])

Chosen seed at iteration 18: 1
Chosen chr at iteration 18
Iteration 19
19	deque([(('55', 'h'), ('65', 't')), (('65', 'h'), ('25', 't')), (('25', 'h'), ('79', 'h')), (('79', 't'), ('73', 'h')), (('73', 't'), ('23', 't')), (('23', 'h'), ('30', 't')), (('30', 'h'), ('19', 't')), (('19', 'h'), ('54', 't')), (('54', 'h'), ('49', 'h')), (('49', 't'), ('56', 't')), (('56', 'h'), ('58', 'h')), (('58', 't'), ('68', 'h')), (('68', 't'), ('29', 'h')), (('29', 't'), ('52', 't')), (('52', 'h'), ('71', 'h')), (('71', 't'), ('37', 'h')), (('37', 't'), ('76', 't')), (('76', 'h'), ('35', 't')), (('35', 'h'), ('64', 'h')), (('64', 't'), ('47', 'h')), (('47', 't'), ('36', 't')), (('36', 'h'), ('51', 'h')), (('51', 't'), ('34', 'h')), (('34', 't'), ('55', 't'))])

Chosen seed at iteration 19: 1
Chosen chr at iteration 19
Iteration 20
20	deque([(('48', 'h'), ('36', 't')), (('36', 'h'), ('51', 'h')), (('51', 't'), ('34', 'h')), (('34', 't'), ('55', 't')), (('55', 'h'), ('65', 't')), (('65', 'h'), ('25', 't')), (('25', 'h'), ('79', 'h')), (('79', 't'), ('73', 'h')), (('73', 't'), ('23', 't')), (('23', 'h'), ('30', 't')), (('30', 'h'), ('19', 't')), (('19', 'h'), ('54', 't')), (('54', 'h'), ('49', 'h')), (('49', 't'), ('56', 't')), (('56', 'h'), ('57', 't')), (('57', 'h'), ('67', 'h')), (('67', 't'), ('29', 'h')), (('29', 't'), ('52', 't')), (('52', 'h'), ('71', 'h')), (('71', 't'), ('37', 'h')), (('37', 't'), ('76', 't')), (('76', 'h'), ('35', 't')), (('35', 'h'), ('66', 't')), (('66', 'h'), ('48', 't'))])

Chosen seed at iteration 20: 1
Chosen chr at iteration 20
Iteration 21
21	deque([(('48', 'h'), ('36', 't')), (('36', 'h'), ('51', 'h')), (('51', 't'), ('34', 'h')), (('34', 't'), ('55', 't')), (('55', 'h'), ('65', 't')), (('65', 'h'), ('25', 't')), (('25', 'h'), ('79', 'h')), (('79', 't'), ('73', 'h')), (('73', 't'), ('23', 't')), (('23', 'h'), ('30', 't')), (('30', 'h'), ('19', 't')), (('19', 'h'), ('54', 't')), (('54', 'h'), ('49', 'h')), (('49', 't'), ('56', 't')), (('56', 'h'), ('57', 't')), (('57', 'h'), ('67', 'h')), (('67', 't'), ('29', 'h')), (('29', 't'), ('53', 't')), (('53', 'h'), ('71', 'h')), (('71', 't'), ('37', 'h')), (('37', 't'), ('78', 't')), (('78', 'h'), ('82', 'h')), (('82', 't'), ('35', 't')), (('35', 'h'), ('66', 't')), (('66', 'h'), ('48', 't'))])

Chosen seed at iteration 21: 1
Chosen chr at iteration 21
Iteration 22
22	deque([(('48', 'h'), ('36', 't')), (('36', 'h'), ('51', 'h')), (('51', 't'), ('34', 'h')), (('34', 't'), ('55', 't')), (('55', 'h'), ('65', 't')), (('65', 'h'), ('25', 't')), (('25', 'h'), ('79', 'h')), (('79', 't'), ('73', 'h')), (('73', 't'), ('23', 't')), (('23', 'h'), ('30', 't')), (('30', 'h'), ('19', 't')), (('19', 'h'), ('54', 't')), (('54', 'h'), ('49', 'h')), (('49', 't'), ('56', 't')), (('56', 'h'), ('58', 'h')), (('58', 't'), ('67', 'h')), (('67', 't'), ('29', 'h')), (('29', 't'), ('52', 't')), (('52', 'h'), ('71', 'h')), (('71', 't'), ('37', 'h')), (('37', 't'), ('76', 't')), (('76', 'h'), ('35', 't')), (('35', 'h'), ('66', 't')), (('66', 'h'), ('48', 't'))])

Chosen seed at iteration 22: 1
Chosen chr at iteration 22
Iteration 23
23	deque([(('48', 'h'), ('36', 't')), (('36', 'h'), ('51', 'h')), (('51', 't'), ('34', 'h')), (('34', 't'), ('55', 't')), (('55', 'h'), ('65', 't')), (('65', 'h'), ('25', 't')), (('25', 'h'), ('79', 'h')), (('79', 't'), ('73', 'h')), (('73', 't'), ('23', 't')), (('23', 'h'), ('30', 't')), (('30', 'h'), ('19', 't')), (('19', 'h'), ('54', 't')), (('54', 'h'), ('49', 'h')), (('49', 't'), ('56', 't')), (('56', 'h'), ('57', 't')), (('57', 'h'), ('67', 'h')), (('67', 't'), ('29', 'h')), (('29', 't'), ('53', 't')), (('53', 'h'), ('71', 'h')), (('71', 't'), ('37', 'h')), (('37', 't'), ('76', 't')), (('76', 'h'), ('35', 't')), (('35', 'h'), ('66', 't')), (('66', 'h'), ('48', 't'))])

Chosen seed at iteration 23: 1
Chosen chr at iteration 23
Iteration 24
24	deque([(('48', 'h'), ('36', 't')), (('36', 'h'), ('51', 'h')), (('51', 't'), ('34', 'h')), (('34', 't'), ('55', 't')), (('55', 'h'), ('65', 't')), (('65', 'h'), ('25', 't')), (('25', 'h'), ('79', 'h')), (('79', 't'), ('73', 'h')), (('73', 't'), ('23', 't')), (('23', 'h'), ('30', 't')), (('30', 'h'), ('19', 't')), (('19', 'h'), ('54', 't')), (('54', 'h'), ('49', 'h')), (('49', 't'), ('56', 't')), (('56', 'h'), ('58', 'h')), (('58', 't'), ('67', 'h')), (('67', 't'), ('29', 'h')), (('29', 't'), ('53', 't')), (('53', 'h'), ('71', 'h')), (('71', 't'), ('37', 'h')), (('37', 't'), ('76', 't')), (('76', 'h'), ('35', 't')), (('35', 'h'), ('66', 't')), (('66', 'h'), ('48', 't'))])

Chosen seed at iteration 24: 1
Chosen chr at iteration 24
Iteration 25
25	deque([(('48', 'h'), ('36', 't')), (('36', 'h'), ('51', 'h')), (('51', 't'), ('34', 'h')), (('34', 't'), ('55', 't')), (('55', 'h'), ('65', 't')), (('65', 'h'), ('25', 't')), (('25', 'h'), ('79', 'h')), (('79', 't'), ('73', 'h')), (('73', 't'), ('23', 't')), (('23', 'h'), ('30', 't')), (('30', 'h'), ('19', 't')), (('19', 'h'), ('54', 't')), (('54', 'h'), ('49', 'h')), (('49', 't'), ('56', 't')), (('56', 'h'), ('58', 'h')), (('58', 't'), ('67', 'h')), (('67', 't'), ('29', 'h')), (('29', 't'), ('52', 't')), (('52', 'h'), ('71', 'h')), (('71', 't'), ('37', 'h')), (('37', 't'), ('78', 't')), (('78', 'h'), ('82', 'h')), (('82', 't'), ('35', 't')), (('35', 'h'), ('66', 't')), (('66', 'h'), ('48', 't'))])

Chosen seed at iteration 25: 1
Chosen chr at iteration 25
Iteration 26
26	deque([(('48', 'h'), ('36', 't')), (('36', 'h'), ('51', 'h')), (('51', 't'), ('34', 'h')), (('34', 't'), ('55', 't')), (('55', 'h'), ('65', 't')), (('65', 'h'), ('25', 't')), (('25', 'h'), ('79', 'h')), (('79', 't'), ('73', 'h')), (('73', 't'), ('23', 't')), (('23', 'h'), ('30', 't')), (('30', 'h'), ('19', 't')), (('19', 'h'), ('54', 't')), (('54', 'h'), ('49', 'h')), (('49', 't'), ('56', 't')), (('56', 'h'), ('58', 'h')), (('58', 't'), ('67', 'h')), (('67', 't'), ('29', 'h')), (('29', 't'), ('53', 't')), (('53', 'h'), ('71', 'h')), (('71', 't'), ('37', 'h')), (('37', 't'), ('78', 't')), (('78', 'h'), ('82', 'h')), (('82', 't'), ('35', 't')), (('35', 'h'), ('66', 't')), (('66', 'h'), ('48', 't'))])

Chosen seed at iteration 26: 1
Chosen chr at iteration 26
Iteration 27
27	deque([(('48', 'h'), ('36', 't')), (('36', 'h'), ('51', 'h')), (('51', 't'), ('34', 'h')), (('34', 't'), ('55', 't')), (('55', 'h'), ('65', 't')), (('65', 'h'), ('25', 't')), (('25', 'h'), ('79', 'h')), (('79', 't'), ('73', 'h')), (('73', 't'), ('23', 't')), (('23', 'h'), ('30', 't')), (('30', 'h'), ('19', 't')), (('19', 'h'), ('54', 't')), (('54', 'h'), ('49', 'h')), (('49', 't'), ('56', 't')), (('56', 'h'), ('57', 't')), (('57', 'h'), ('67', 'h')), (('67', 't'), ('29', 'h')), (('29', 't'), ('52', 't')), (('52', 'h'), ('71', 'h')), (('71', 't'), ('37', 'h')), (('37', 't'), ('78', 't')), (('78', 'h'), ('82', 'h')), (('82', 't'), ('35', 't')), (('35', 'h'), ('66', 't')), (('66', 'h'), ('48', 't'))])

Chosen seed at iteration 27: 1
Chosen chr at iteration 27
Iteration 28
28	deque([(('48', 'h'), ('36', 't')), (('36', 'h'), ('41', 't')), (('41', 'h'), ('34', 'h')), (('34', 't'), ('55', 't')), (('55', 'h'), ('65', 't')), (('65', 'h'), ('25', 't')), (('25', 'h'), ('79', 'h')), (('79', 't'), ('73', 'h')), (('73', 't'), ('23', 't')), (('23', 'h'), ('30', 't')), (('30', 'h'), ('19', 't')), (('19', 'h'), ('54', 't')), (('54', 'h'), ('49', 'h')), (('49', 't'), ('56', 't')), (('56', 'h'), ('58', 'h')), (('58', 't'), ('68', 'h')), (('68', 't'), ('29', 'h')), (('29', 't'), ('53', 't')), (('53', 'h'), ('71', 'h')), (('71', 't'), ('37', 'h')), (('37', 't'), ('78', 't')), (('78', 'h'), ('82', 'h')), (('82', 't'), ('35', 't')), (('35', 'h'), ('66', 't')), (('66', 'h'), ('48', 't'))])

Chosen seed at iteration 28: 1
Chosen chr at iteration 28
Iteration 29
29	deque([(('48', 'h'), ('36', 't')), (('36', 'h'), ('41', 't')), (('41', 'h'), ('34', 'h')), (('34', 't'), ('55', 't')), (('55', 'h'), ('65', 't')), (('65', 'h'), ('25', 't')), (('25', 'h'), ('79', 'h')), (('79', 't'), ('73', 'h')), (('73', 't'), ('23', 't')), (('23', 'h'), ('30', 't')), (('30', 'h'), ('19', 't')), (('19', 'h'), ('54', 't')), (('54', 'h'), ('49', 'h')), (('49', 't'), ('56', 't')), (('56', 'h'), ('58', 'h')), (('58', 't'), ('68', 'h')), (('68', 't'), ('29', 'h')), (('29', 't'), ('53', 't')), (('53', 'h'), ('71', 'h')), (('71', 't'), ('37', 'h')), (('37', 't'), ('76', 't')), (('76', 'h'), ('35', 't')), (('35', 'h'), ('66', 't')), (('66', 'h'), ('48', 't'))])

Chosen seed at iteration 29: 1
Chosen chr at iteration 29
Iteration 30
30	deque([(('48', 'h'), ('36', 't')), (('36', 'h'), ('41', 't')), (('41', 'h'), ('34', 'h')), (('34', 't'), ('55', 't')), (('55', 'h'), ('65', 't')), (('65', 'h'), ('25', 't')), (('25', 'h'), ('79', 'h')), (('79', 't'), ('73', 'h')), (('73', 't'), ('23', 't')), (('23', 'h'), ('30', 't')), (('30', 'h'), ('19', 't')), (('19', 'h'), ('54', 't')), (('54', 'h'), ('49', 'h')), (('49', 't'), ('56', 't')), (('56', 'h'), ('57', 't')), (('57', 'h'), ('68', 'h')), (('68', 't'), ('29', 'h')), (('29', 't'), ('52', 't')), (('52', 'h'), ('71', 'h')), (('71', 't'), ('37', 'h')), (('37', 't'), ('78', 't')), (('78', 'h'), ('82', 'h')), (('82', 't'), ('35', 't')), (('35', 'h'), ('66', 't')), (('66', 'h'), ('48', 't'))])

Chosen seed at iteration 30: 1
Chosen chr at iteration 30
Iteration 31
31	deque([(('48', 'h'), ('36', 't')), (('36', 'h'), ('41', 't')), (('41', 'h'), ('34', 'h')), (('34', 't'), ('55', 't')), (('55', 'h'), ('65', 't')), (('65', 'h'), ('25', 't')), (('25', 'h'), ('79', 'h')), (('79', 't'), ('73', 'h')), (('73', 't'), ('23', 't')), (('23', 'h'), ('30', 't')), (('30', 'h'), ('19', 't')), (('19', 'h'), ('54', 't')), (('54', 'h'), ('49', 'h')), (('49', 't'), ('56', 't')), (('56', 'h'), ('58', 'h')), (('58', 't'), ('68', 'h')), (('68', 't'), ('29', 'h')), (('29', 't'), ('52', 't')), (('52', 'h'), ('71', 'h')), (('71', 't'), ('37', 'h')), (('37', 't'), ('78', 't')), (('78', 'h'), ('82', 'h')), (('82', 't'), ('35', 't')), (('35', 'h'), ('66', 't')), (('66', 'h'), ('48', 't'))])

Chosen seed at iteration 31: 1
Chosen chr at iteration 31
Iteration 32
32	deque([(('48', 'h'), ('36', 't')), (('36', 'h'), ('41', 't')), (('41', 'h'), ('34', 'h')), (('34', 't'), ('55', 't')), (('55', 'h'), ('65', 't')), (('65', 'h'), ('25', 't')), (('25', 'h'), ('79', 'h')), (('79', 't'), ('73', 'h')), (('73', 't'), ('23', 't')), (('23', 'h'), ('30', 't')), (('30', 'h'), ('19', 't')), (('19', 'h'), ('54', 't')), (('54', 'h'), ('49', 'h')), (('49', 't'), ('56', 't')), (('56', 'h'), ('57', 't')), (('57', 'h'), ('68', 'h')), (('68', 't'), ('29', 'h')), (('29', 't'), ('53', 't')), (('53', 'h'), ('71', 'h')), (('71', 't'), ('37', 'h')), (('37', 't'), ('78', 't')), (('78', 'h'), ('82', 'h')), (('82', 't'), ('35', 't')), (('35', 'h'), ('66', 't')), (('66', 'h'), ('48', 't'))])

Chosen seed at iteration 32: 1
Chosen chr at iteration 32
Iteration 33
33	deque([(('48', 'h'), ('36', 't')), (('36', 'h'), ('41', 't')), (('41', 'h'), ('34', 'h')), (('34', 't'), ('55', 't')), (('55', 'h'), ('65', 't')), (('65', 'h'), ('25', 't')), (('25', 'h'), ('79', 'h')), (('79', 't'), ('73', 'h')), (('73', 't'), ('23', 't')), (('23', 'h'), ('30', 't')), (('30', 'h'), ('19', 't')), (('19', 'h'), ('54', 't')), (('54', 'h'), ('49', 'h')), (('49', 't'), ('56', 't')), (('56', 'h'), ('58', 'h')), (('58', 't'), ('68', 'h')), (('68', 't'), ('29', 'h')), (('29', 't'), ('52', 't')), (('52', 'h'), ('71', 'h')), (('71', 't'), ('37', 'h')), (('37', 't'), ('76', 't')), (('76', 'h'), ('35', 't')), (('35', 'h'), ('66', 't')), (('66', 'h'), ('48', 't'))])

Chosen seed at iteration 33: 1
Chosen chr at iteration 33
Iteration 34
34	deque([(('48', 'h'), ('36', 't')), (('36', 'h'), ('41', 't')), (('41', 'h'), ('34', 'h')), (('34', 't'), ('55', 't')), (('55', 'h'), ('65', 't')), (('65', 'h'), ('25', 't')), (('25', 'h'), ('79', 'h')), (('79', 't'), ('73', 'h')), (('73', 't'), ('23', 't')), (('23', 'h'), ('30', 't')), (('30', 'h'), ('19', 't')), (('19', 'h'), ('54', 't')), (('54', 'h'), ('49', 'h')), (('49', 't'), ('56', 't')), (('56', 'h'), ('57', 't')), (('57', 'h'), ('68', 'h')), (('68', 't'), ('29', 'h')), (('29', 't'), ('52', 't')), (('52', 'h'), ('71', 'h')), (('71', 't'), ('37', 'h')), (('37', 't'), ('76', 't')), (('76', 'h'), ('35', 't')), (('35', 'h'), ('66', 't')), (('66', 'h'), ('48', 't'))])

Chosen seed at iteration 34: 1
Chosen chr at iteration 34
Iteration 35
35	deque([(('48', 'h'), ('36', 't')), (('36', 'h'), ('41', 't')), (('41', 'h'), ('34', 'h')), (('34', 't'), ('55', 't')), (('55', 'h'), ('65', 't')), (('65', 'h'), ('25', 't')), (('25', 'h'), ('79', 'h')), (('79', 't'), ('73', 'h')), (('73', 't'), ('23', 't')), (('23', 'h'), ('30', 't')), (('30', 'h'), ('19', 't')), (('19', 'h'), ('54', 't')), (('54', 'h'), ('49', 'h')), (('49', 't'), ('56', 't')), (('56', 'h'), ('57', 't')), (('57', 'h'), ('68', 'h')), (('68', 't'), ('29', 'h')), (('29', 't'), ('53', 't')), (('53', 'h'), ('71', 'h')), (('71', 't'), ('37', 'h')), (('37', 't'), ('76', 't')), (('76', 'h'), ('35', 't')), (('35', 'h'), ('66', 't')), (('66', 'h'), ('48', 't'))])

Chosen seed at iteration 35: 1
Chosen chr at iteration 35
Iteration 36
36	deque([(('55', 'h'), ('65', 't')), (('65', 'h'), ('25', 't')), (('25', 'h'), ('79', 'h')), (('79', 't'), ('73', 'h')), (('73', 't'), ('23', 't')), (('23', 'h'), ('30', 't')), (('30', 'h'), ('19', 't')), (('19', 'h'), ('54', 't')), (('54', 'h'), ('49', 'h')), (('49', 't'), ('56', 't')), (('56', 'h'), ('58', 'h')), (('58', 't'), ('67', 'h')), (('67', 't'), ('29', 'h')), (('29', 't'), ('52', 't')), (('52', 'h'), ('71', 'h')), (('71', 't'), ('37', 'h')), (('37', 't'), ('78', 't')), (('78', 'h'), ('82', 'h')), (('82', 't'), ('35', 't')), (('35', 'h'), ('64', 'h')), (('64', 't'), ('47', 'h')), (('47', 't'), ('36', 't')), (('36', 'h'), ('51', 'h')), (('51', 't'), ('34', 'h')), (('34', 't'), ('55', 't'))])

Chosen seed at iteration 36: 1
Chosen chr at iteration 36
Iteration 37
37	deque([(('55', 'h'), ('65', 't')), (('65', 'h'), ('25', 't')), (('25', 'h'), ('79', 'h')), (('79', 't'), ('73', 'h')), (('73', 't'), ('23', 't')), (('23', 'h'), ('30', 't')), (('30', 'h'), ('19', 't')), (('19', 'h'), ('54', 't')), (('54', 'h'), ('49', 'h')), (('49', 't'), ('56', 't')), (('56', 'h'), ('57', 't')), (('57', 'h'), ('67', 'h')), (('67', 't'), ('29', 'h')), (('29', 't'), ('53', 't')), (('53', 'h'), ('71', 'h')), (('71', 't'), ('37', 'h')), (('37', 't'), ('76', 't')), (('76', 'h'), ('35', 't')), (('35', 'h'), ('64', 'h')), (('64', 't'), ('47', 'h')), (('47', 't'), ('36', 't')), (('36', 'h'), ('51', 'h')), (('51', 't'), ('34', 'h')), (('34', 't'), ('55', 't'))])

Chosen seed at iteration 37: 1
Chosen chr at iteration 37
Iteration 38
38	deque([(('55', 'h'), ('65', 't')), (('65', 'h'), ('25', 't')), (('25', 'h'), ('79', 'h')), (('79', 't'), ('73', 'h')), (('73', 't'), ('23', 't')), (('23', 'h'), ('30', 't')), (('30', 'h'), ('19', 't')), (('19', 'h'), ('54', 't')), (('54', 'h'), ('49', 'h')), (('49', 't'), ('56', 't')), (('56', 'h'), ('57', 't')), (('57', 'h'), ('67', 'h')), (('67', 't'), ('29', 'h')), (('29', 't'), ('52', 't')), (('52', 'h'), ('71', 'h')), (('71', 't'), ('37', 'h')), (('37', 't'), ('76', 't')), (('76', 'h'), ('35', 't')), (('35', 'h'), ('64', 'h')), (('64', 't'), ('47', 'h')), (('47', 't'), ('36', 't')), (('36', 'h'), ('51', 'h')), (('51', 't'), ('34', 'h')), (('34', 't'), ('55', 't'))])

Chosen seed at iteration 38: 1
Chosen chr at iteration 38
Iteration 39
39	deque([(('47', 'h'), ('64', 't')), (('64', 'h'), ('35', 'h')), (('35', 't'), ('76', 'h')), (('76', 't'), ('37', 't')), (('37', 'h'), ('71', 't')), (('71', 'h'), ('53', 'h')), (('53', 't'), ('29', 't')), (('29', 'h'), ('67', 't')), (('67', 'h'), ('58', 't')), (('58', 'h'), ('56', 'h')), (('56', 't'), ('49', 't')), (('49', 'h'), ('54', 'h')), (('54', 't'), ('19', 'h')), (('19', 't'), ('30', 'h')), (('30', 't'), ('23', 'h')), (('23', 't'), ('73', 't')), (('73', 'h'), ('79', 't')), (('79', 'h'), ('25', 'h')), (('25', 't'), ('65', 'h')), (('65', 't'), ('55', 'h')), (('55', 't'), ('34', 't')), (('34', 'h'), ('51', 't')), (('51', 'h'), ('36', 'h')), (('36', 't'), ('47', 't'))])

Chosen seed at iteration 39: 1
Chosen chr at iteration 39
Iteration 40
40	deque([(('47', 'h'), ('64', 't')), (('64', 'h'), ('35', 'h')), (('35', 't'), ('82', 't')), (('82', 'h'), ('78', 'h')), (('78', 't'), ('37', 't')), (('37', 'h'), ('71', 't')), (('71', 'h'), ('53', 'h')), (('53', 't'), ('29', 't')), (('29', 'h'), ('67', 't')), (('67', 'h'), ('58', 't')), (('58', 'h'), ('56', 'h')), (('56', 't'), ('49', 't')), (('49', 'h'), ('54', 'h')), (('54', 't'), ('19', 'h')), (('19', 't'), ('30', 'h')), (('30', 't'), ('23', 'h')), (('23', 't'), ('73', 't')), (('73', 'h'), ('79', 't')), (('79', 'h'), ('25', 'h')), (('25', 't'), ('65', 'h')), (('65', 't'), ('55', 'h')), (('55', 't'), ('34', 't')), (('34', 'h'), ('51', 't')), (('51', 'h'), ('36', 'h')), (('36', 't'), ('47', 't'))])

Chosen seed at iteration 40: 1
Chosen chr at iteration 40
Iteration 41
41	deque([(('55', 'h'), ('65', 't')), (('65', 'h'), ('25', 't')), (('25', 'h'), ('79', 'h')), (('79', 't'), ('73', 'h')), (('73', 't'), ('23', 't')), (('23', 'h'), ('30', 't')), (('30', 'h'), ('19', 't')), (('19', 'h'), ('54', 't')), (('54', 'h'), ('49', 'h')), (('49', 't'), ('56', 't')), (('56', 'h'), ('58', 'h')), (('58', 't'), ('67', 'h')), (('67', 't'), ('29', 'h')), (('29', 't'), ('52', 't')), (('52', 'h'), ('71', 'h')), (('71', 't'), ('37', 'h')), (('37', 't'), ('76', 't')), (('76', 'h'), ('35', 't')), (('35', 'h'), ('64', 'h')), (('64', 't'), ('47', 'h')), (('47', 't'), ('36', 't')), (('36', 'h'), ('51', 'h')), (('51', 't'), ('34', 'h')), (('34', 't'), ('55', 't'))])

Chosen seed at iteration 41: 1
Chosen chr at iteration 41
Iteration 42
42	deque([(('55', 'h'), ('65', 't')), (('65', 'h'), ('25', 't')), (('25', 'h'), ('79', 'h')), (('79', 't'), ('73', 'h')), (('73', 't'), ('23', 't')), (('23', 'h'), ('30', 't')), (('30', 'h'), ('19', 't')), (('19', 'h'), ('54', 't')), (('54', 'h'), ('49', 'h')), (('49', 't'), ('56', 't')), (('56', 'h'), ('57', 't')), (('57', 'h'), ('67', 'h')), (('67', 't'), ('29', 'h')), (('29', 't'), ('53', 't')), (('53', 'h'), ('71', 'h')), (('71', 't'), ('37', 'h')), (('37', 't'), ('78', 't')), (('78', 'h'), ('82', 'h')), (('82', 't'), ('35', 't')), (('35', 'h'), ('64', 'h')), (('64', 't'), ('47', 'h')), (('47', 't'), ('36', 't')), (('36', 'h'), ('51', 'h')), (('51', 't'), ('34', 'h')), (('34', 't'), ('55', 't'))])

Chosen seed at iteration 42: 1
Chosen chr at iteration 42
Iteration 43
43	deque([(('55', 'h'), ('65', 't')), (('65', 'h'), ('25', 't')), (('25', 'h'), ('79', 'h')), (('79', 't'), ('73', 'h')), (('73', 't'), ('23', 't')), (('23', 'h'), ('30', 't')), (('30', 'h'), ('19', 't')), (('19', 'h'), ('54', 't')), (('54', 'h'), ('49', 'h')), (('49', 't'), ('56', 't')), (('56', 'h'), ('57', 't')), (('57', 'h'), ('67', 'h')), (('67', 't'), ('29', 'h')), (('29', 't'), ('52', 't')), (('52', 'h'), ('71', 'h')), (('71', 't'), ('37', 'h')), (('37', 't'), ('78', 't')), (('78', 'h'), ('82', 'h')), (('82', 't'), ('35', 't')), (('35', 'h'), ('64', 'h')), (('64', 't'), ('47', 'h')), (('47', 't'), ('36', 't')), (('36', 'h'), ('51', 'h')), (('51', 't'), ('34', 'h')), (('34', 't'), ('55', 't'))])

Chosen seed at iteration 43: 1
Chosen chr at iteration 43
Iteration 44
44	deque([(('48', 'h'), ('36', 't')), (('36', 'h'), ('51', 'h')), (('51', 't'), ('34', 'h')), (('34', 't'), ('55', 't')), (('55', 'h'), ('65', 't')), (('65', 'h'), ('25', 't')), (('25', 'h'), ('79', 'h')), (('79', 't'), ('73', 'h')), (('73', 't'), ('23', 't')), (('23', 'h'), ('30', 't')), (('30', 'h'), ('19', 't')), (('19', 'h'), ('54', 't')), (('54', 'h'), ('49', 'h')), (('49', 't'), ('56', 't')), (('56', 'h'), ('57', 't')), (('57', 'h'), ('68', 'h')), (('68', 't'), ('29', 'h')), (('29', 't'), ('53', 't')), (('53', 'h'), ('72', 't')), (('72', 'h'), ('37', 'h')), (('37', 't'), ('76', 't')), (('76', 'h'), ('35', 't')), (('35', 'h'), ('66', 't')), (('66', 'h'), ('48', 't'))])

Chosen seed at iteration 44: 1
Chosen chr at iteration 44
Iteration 45
45	deque([(('48', 'h'), ('36', 't')), (('36', 'h'), ('51', 'h')), (('51', 't'), ('34', 'h')), (('34', 't'), ('55', 't')), (('55', 'h'), ('65', 't')), (('65', 'h'), ('25', 't')), (('25', 'h'), ('79', 'h')), (('79', 't'), ('73', 'h')), (('73', 't'), ('23', 't')), (('23', 'h'), ('30', 't')), (('30', 'h'), ('19', 't')), (('19', 'h'), ('54', 't')), (('54', 'h'), ('49', 'h')), (('49', 't'), ('56', 't')), (('56', 'h'), ('57', 't')), (('57', 'h'), ('68', 'h')), (('68', 't'), ('29', 'h')), (('29', 't'), ('52', 't')), (('52', 'h'), ('72', 't')), (('72', 'h'), ('37', 'h')), (('37', 't'), ('76', 't')), (('76', 'h'), ('35', 't')), (('35', 'h'), ('66', 't')), (('66', 'h'), ('48', 't'))])

Chosen seed at iteration 45: 1
Chosen chr at iteration 45
Iteration 46
46	deque([(('48', 'h'), ('36', 't')), (('36', 'h'), ('51', 'h')), (('51', 't'), ('34', 'h')), (('34', 't'), ('55', 't')), (('55', 'h'), ('65', 't')), (('65', 'h'), ('25', 't')), (('25', 'h'), ('79', 'h')), (('79', 't'), ('73', 'h')), (('73', 't'), ('23', 't')), (('23', 'h'), ('30', 't')), (('30', 'h'), ('19', 't')), (('19', 'h'), ('54', 't')), (('54', 'h'), ('49', 'h')), (('49', 't'), ('56', 't')), (('56', 'h'), ('57', 't')), (('57', 'h'), ('68', 'h')), (('68', 't'), ('29', 'h')), (('29', 't'), ('53', 't')), (('53', 'h'), ('72', 't')), (('72', 'h'), ('37', 'h')), (('37', 't'), ('78', 't')), (('78', 'h'), ('82', 'h')), (('82', 't'), ('35', 't')), (('35', 'h'), ('66', 't')), (('66', 'h'), ('48', 't'))])

Chosen seed at iteration 46: 1
Chosen chr at iteration 46
Iteration 47
47	deque([(('55', 'h'), ('65', 't')), (('65', 'h'), ('25', 't')), (('25', 'h'), ('79', 'h')), (('79', 't'), ('73', 'h')), (('73', 't'), ('23', 't')), (('23', 'h'), ('30', 't')), (('30', 'h'), ('19', 't')), (('19', 'h'), ('54', 't')), (('54', 'h'), ('49', 'h')), (('49', 't'), ('56', 't')), (('56', 'h'), ('57', 't')), (('57', 'h'), ('68', 'h')), (('68', 't'), ('29', 'h')), (('29', 't'), ('53', 't')), (('53', 'h'), ('71', 'h')), (('71', 't'), ('37', 'h')), (('37', 't'), ('78', 't')), (('78', 'h'), ('82', 'h')), (('82', 't'), ('35', 't')), (('35', 'h'), ('66', 't')), (('66', 'h'), ('47', 'h')), (('47', 't'), ('36', 't')), (('36', 'h'), ('51', 'h')), (('51', 't'), ('34', 'h')), (('34', 't'), ('55', 't'))])

Chosen seed at iteration 47: 1
Chosen chr at iteration 47
Iteration 48
48	deque([(('55', 'h'), ('65', 't')), (('65', 'h'), ('25', 't')), (('25', 'h'), ('79', 'h')), (('79', 't'), ('73', 'h')), (('73', 't'), ('23', 't')), (('23', 'h'), ('30', 't')), (('30', 'h'), ('19', 't')), (('19', 'h'), ('54', 't')), (('54', 'h'), ('49', 'h')), (('49', 't'), ('56', 't')), (('56', 'h'), ('58', 'h')), (('58', 't'), ('68', 'h')), (('68', 't'), ('29', 'h')), (('29', 't'), ('53', 't')), (('53', 'h'), ('71', 'h')), (('71', 't'), ('37', 'h')), (('37', 't'), ('78', 't')), (('78', 'h'), ('82', 'h')), (('82', 't'), ('35', 't')), (('35', 'h'), ('66', 't')), (('66', 'h'), ('47', 'h')), (('47', 't'), ('36', 't')), (('36', 'h'), ('51', 'h')), (('51', 't'), ('34', 'h')), (('34', 't'), ('55', 't'))])

Chosen seed at iteration 48: 1
Chosen chr at iteration 48
Iteration 49
49	deque([(('48', 'h'), ('36', 't')), (('36', 'h'), ('51', 'h')), (('51', 't'), ('34', 'h')), (('34', 't'), ('55', 't')), (('55', 'h'), ('65', 't')), (('65', 'h'), ('25', 't')), (('25', 'h'), ('79', 'h')), (('79', 't'), ('73', 'h')), (('73', 't'), ('23', 't')), (('23', 'h'), ('30', 't')), (('30', 'h'), ('19', 't')), (('19', 'h'), ('54', 't')), (('54', 'h'), ('49', 'h')), (('49', 't'), ('56', 't')), (('56', 'h'), ('58', 'h')), (('58', 't'), ('68', 'h')), (('68', 't'), ('29', 'h')), (('29', 't'), ('52', 't')), (('52', 'h'), ('72', 't')), (('72', 'h'), ('37', 'h')), (('37', 't'), ('78', 't')), (('78', 'h'), ('82', 'h')), (('82', 't'), ('35', 't')), (('35', 'h'), ('66', 't')), (('66', 'h'), ('48', 't'))])

Chosen seed at iteration 49: 1
Chosen chr at iteration 49
Iteration 1
1	deque([(('17', 'h'), ('17', 't')), (('17', 'h'), ('17', 't'))])
1	deque([(('21', 'h'), ('21', 't')), (('21', 'h'), ('21', 't'))])
1	deque([(('24', 'h'), ('24', 't')), (('24', 'h'), ('24', 't'))])

Chosen seed at iteration 1: 2
Chosen chr at iteration 1
Iteration 2
2	deque([(('17', 'h'), ('17', 't')), (('17', 'h'), ('17', 't'))])
2	deque([(('24', 'h'), ('24', 't')), (('24', 'h'), ('24', 't'))])

Chosen seed at iteration 2: 2
Chosen chr at iteration 2
Iteration 3
3	deque([(('17', 'h'), ('17', 't')), (('17', 'h'), ('17', 't'))])

Chosen seed at iteration 3: 1
Chosen chr at iteration 3
