Iteration 1
1	deque([(('85_0', 'h'), ('72_0', 't')), (('72_0', 'h'), ('70_1', 't')), (('70_1', 'h'), ('213_1', 't')), (('213_1', 'h'), ('200_2', 't')), (('200_2', 'h'), ('158_1', 'h')), (('158_1', 't'), ('87_0', 't')), (('87_0', 'h'), ('59_0', 'h')), (('85_1', 't'), ('59_0', 't')), (('85_1', 'h'), ('78_0', 't')), (('78_0', 'h'), ('70_0', 't')), (('70_0', 'h'), ('69_0', 'h')), (('69_0', 't'), ('52_1', 't')), (('88_0', 'h'), ('52_1', 'h')), (('158_2', 't'), ('88_0', 't')), (('158_2', 'h'), ('58_0', 'h')), (('67_1', 'h'), ('58_0', 't')), (('61_1', 'h'), ('67_1', 't')), (('89_1', 'h'), ('61_1', 't')), (('68_1', 'h'), ('89_1', 't')), (('169_4', 'h'), ('68_1', 't')), (('169_4', 't'), ('103_15', 't')), (('103_15', 'h'), ('201_6', 't')), (('201_6', 'h'), ('85_0', 't'))])
1	deque([(('152_0', 'h'), ('152_0', 't'))])
1	deque([(('181_1', 't'), ('63_1', 't')), (('63_1', 'h'), ('183_0', 't')), (('183_0', 'h'), ('137_1', 'h')), (('181_1', 'h'), ('137_1', 't'))])

Chosen seed at iteration 1: 1
Chosen chr at iteration 1



Chosen seed at iteration 2: 2
Chosen chr at iteration 2



Chosen seed at iteration 3: 3
Chosen chr at iteration 3


Iteration 4
4	deque([(('140_2', 'h'), ('115_3', 't')), (('163_0', 'h'), ('115_3', 'h')), (('169_9', 't'), ('163_0', 't')), (('169_9', 'h'), ('71_0', 'h')), (('89_1', 'h'), ('71_0', 't')), (('127_0', 't'), ('89_1', 't')), (('127_0', 'h'), ('102_0', 'h')), (('43_0', 'h'), ('102_0', 't')), (('80_0', 'h'), ('43_0', 't')), (('106_1', 'h'), ('80_0', 't')), (('106_1', 't'), ('25_0', 't')), (('64_9', 'h'), ('25_0', 'h')), (('139_0', 'h'), ('64_9', 't')), (('157_0', 'h'), ('139_0', 't')), (('191_1', 'h'), ('157_0', 't')), (('191_1', 't'), ('179_2', 't')), (('179_2', 'h'), ('172_0', 't')), (('172_0', 'h'), ('178_2', 't')), (('178_2', 'h'), ('46_1', 't')), (('46_1', 'h'), ('180_2', 't')), (('180_2', 'h'), ('97_0', 't')), (('97_0', 'h'), ('64_0', 'h')), (('124_0', 'h'), ('64_0', 't')), (('205_0', 'h'), ('124_0', 't')), (('205_0', 't'), ('138_3', 't')), (('138_3', 'h'), ('86_1', 't')), (('86_1', 'h'), ('75_0', 't')), (('75_0', 'h'), ('117_1', 't')), (('117_1', 'h'), ('90_1', 'h')), (('91_1', 't'), ('90_1', 't')), (('138_2', 'h'), ('91_1', 'h')), (('51_0', 'h'), ('138_2', 't')), (('156_1', 'h'), ('51_0', 't')), (('94_0', 'h'), ('156_1', 't')), (('94_0', 't'), ('92_1', 't')), (('92_1', 'h'), ('65_1', 'h')), (('143_2', 't'), ('65_1', 't')), (('143_2', 'h'), ('144_1', 't')), (('144_1', 'h'), ('64_5', 'h')), (('64_5', 't'), ('42_1', 't')), (('42_1', 'h'), ('67_1', 't')), (('67_1', 'h'), ('58_0', 't')), (('158_0', 'h'), ('58_0', 'h')), (('158_0', 't'), ('88_0', 't')), (('88_0', 'h'), ('52_0', 'h')), (('69_0', 't'), ('52_0', 't')), (('70_1', 'h'), ('69_0', 'h')), (('72_0', 'h'), ('70_1', 't')), (('85_0', 'h'), ('72_0', 't')), (('201_0', 'h'), ('85_0', 't')), (('103_6', 'h'), ('201_0', 't')), (('169_0', 't'), ('103_6', 't')), (('169_0', 'h'), ('79_0', 'h')), (('140_2', 't'), ('79_0', 't'))])
4	deque([(('183_1', 'h'), ('137_2', 'h')), (('63_0', 'h'), ('183_1', 't')), (('181_0', 't'), ('63_0', 't')), (('181_0', 'h'), ('137_2', 't'))])
4	deque([(('85_1', 'h'), ('78_0', 't')), (('78_0', 'h'), ('70_0', 't')), (('70_0', 'h'), ('213_1', 't')), (('213_1', 'h'), ('200_2', 't')), (('200_2', 'h'), ('158_2', 'h')), (('158_2', 't'), ('87_0', 't')), (('87_0', 'h'), ('59_0', 'h')), (('85_1', 't'), ('59_0', 't'))])
4	deque([(('102_1', 'h'), ('54_0', 'h')), (('102_1', 't'), ('54_0', 't'))])
4	deque([(('152_2', 'h'), ('152_2', 't'))])
4	deque([(('203_1', 'h'), ('180_0', 't')), (('180_0', 'h'), ('203_1', 't'))])

Chosen seed at iteration 4: 1
Chosen chr at iteration 4



Chosen seed at iteration 5: 2
Chosen chr at iteration 5



Chosen seed at iteration 6: 3
Chosen chr at iteration 6



Chosen seed at iteration 7: 4
Chosen chr at iteration 7



Chosen seed at iteration 8: 5
Chosen chr at iteration 8



Chosen seed at iteration 9: 6
Chosen chr at iteration 9


Iteration 1
1	deque([(('125_0', 'h'), ('157_1', 't')), (('157_1', 'h'), ('139_1', 't')), (('139_1', 'h'), ('64_2', 't')), (('97_1', 'h'), ('64_2', 'h')), (('180_1', 'h'), ('97_1', 't')), (('46_0', 'h'), ('180_1', 't')), (('178_1', 'h'), ('46_0', 't')), (('178_1', 't'), ('125_0', 't'))])
1	deque([(('152_1', 'h'), ('152_1', 't'))])
1	deque([(('183_0', 'h'), ('137_0', 'h')), (('181_1', 'h'), ('137_0', 't')), (('181_1', 't'), ('63_1', 't')), (('63_1', 'h'), ('183_0', 't'))])

Chosen seed at iteration 1: 1
Chosen chr at iteration 1



Chosen seed at iteration 2: 2
Chosen chr at iteration 2



Chosen seed at iteration 3: 3
Chosen chr at iteration 3


Iteration 4
4	deque([(('180_1', 'h'), ('97_1', 't')), (('97_1', 'h'), ('64_4', 'h')), (('139_1', 'h'), ('64_4', 't')), (('157_1', 'h'), ('139_1', 't')), (('125_0', 'h'), ('157_1', 't')), (('178_0', 't'), ('125_0', 't')), (('178_0', 'h'), ('46_0', 't')), (('46_0', 'h'), ('180_1', 't'))])
4	deque([(('63_1', 'h'), ('183_0', 't')), (('181_1', 't'), ('63_1', 't')), (('181_1', 'h'), ('137_1', 't')), (('183_0', 'h'), ('137_1', 'h'))])
4	deque([(('152_0', 'h'), ('152_0', 't'))])

Chosen seed at iteration 4: 1
Chosen chr at iteration 4



Chosen seed at iteration 5: 2
Chosen chr at iteration 5



Chosen seed at iteration 6: 3
Chosen chr at iteration 6


Iteration 1
1	deque([(('169_1', 't'), ('103_0', 't')), (('169_1', 'h'), ('147_0', 't')), (('147_0', 'h'), ('115_0', 'h')), (('155_1', 't'), ('115_0', 't')), (('188_2', 'h'), ('155_1', 'h')), (('188_2', 't'), ('177_0', 't')), (('201_10', 'h'), ('177_0', 'h')), (('103_0', 'h'), ('201_10', 't'))])
1	deque([(('117_2', 't'), ('23_0', 't')), (('117_2', 'h'), ('90_0', 'h')), (('23_0', 'h'), ('90_0', 't'))])
1	deque([(('152_1', 'h'), ('152_1', 't'))])

Chosen seed at iteration 1: 1
Chosen chr at iteration 1



Chosen seed at iteration 2: 2
Chosen chr at iteration 2



Chosen seed at iteration 3: 3
Chosen chr at iteration 3


Iteration 4
4	deque([(('169_11', 't'), ('103_15', 't')), (('169_11', 'h'), ('26_0', 'h')), (('137_0', 'h'), ('26_0', 't')), (('137_0', 't'), ('47_0', 't')), (('47_0', 'h'), ('152_1', 't')), (('152_1', 'h'), ('44_1', 'h')), (('201_13', 'h'), ('44_1', 't')), (('103_15', 'h'), ('201_13', 't'))])
4	deque([(('117_0', 'h'), ('90_0', 'h')), (('23_0', 'h'), ('90_0', 't')), (('117_0', 't'), ('23_0', 't'))])

Chosen seed at iteration 4: 1
Chosen chr at iteration 4



Chosen seed at iteration 5: 2
Chosen chr at iteration 5


Iteration 1
1	deque([(('52_1', 'h'), ('192_0', 't')), (('201_1', 'h'), ('52_1', 't')), (('103_0', 'h'), ('201_1', 't')), (('169_12', 't'), ('103_0', 't')), (('169_12', 'h'), ('147_0', 't')), (('147_0', 'h'), ('115_2', 'h')), (('140_4', 'h'), ('115_2', 't')), (('192_0', 'h'), ('140_4', 't'))])

Chosen seed at iteration 1: 1
Chosen chr at iteration 1


Iteration 2
2	deque([(('103_10', 'h'), ('201_7', 't')), (('201_7', 'h'), ('52_1', 't')), (('52_1', 'h'), ('192_0', 't')), (('192_0', 'h'), ('140_1', 't')), (('140_1', 'h'), ('115_0', 't')), (('147_0', 'h'), ('115_0', 'h')), (('169_12', 'h'), ('147_0', 't')), (('169_12', 't'), ('103_10', 't'))])

Chosen seed at iteration 2: 1
Chosen chr at iteration 2


Iteration 3
3	deque([(('103_0', 'h'), ('201_5', 't')), (('201_5', 'h'), ('52_1', 't')), (('52_1', 'h'), ('192_0', 't')), (('192_0', 'h'), ('140_1', 't')), (('140_1', 'h'), ('115_0', 't')), (('147_0', 'h'), ('115_0', 'h')), (('169_8', 'h'), ('147_0', 't')), (('169_8', 't'), ('103_0', 't'))])

Chosen seed at iteration 3: 1
Chosen chr at iteration 3


Iteration 4
4	deque([(('103_11', 'h'), ('201_8', 't')), (('169_8', 't'), ('103_11', 't')), (('169_8', 'h'), ('147_0', 't')), (('147_0', 'h'), ('115_2', 'h')), (('140_4', 'h'), ('115_2', 't')), (('192_0', 'h'), ('140_4', 't')), (('52_1', 'h'), ('192_0', 't')), (('201_8', 'h'), ('52_1', 't'))])

Chosen seed at iteration 4: 1
Chosen chr at iteration 4


Iteration 1
Iteration 1
Iteration 1
Iteration 1
Iteration 1
Iteration 1
Iteration 1
Iteration 1
Iteration 1
Iteration 1
Iteration 1
Iteration 1
Iteration 1
Iteration 1
Iteration 1
Iteration 1
Iteration 1
Iteration 1
Iteration 1
Iteration 1
Iteration 1
Iteration 1
Iteration 1
Iteration 1
Iteration 1
Iteration 1
Iteration 1
Iteration 1
Iteration 1
Iteration 1
Iteration 1
Iteration 1
