Iteration 1
1	deque([(('39', 'h'), ('30', 'h')), (('39', 't'), ('25', 't')), (('25', 'h'), ('41', 't')), (('41', 'h'), ('30', 't'))])
1	deque([(('59', 'h'), ('55', 't')), (('55', 'h'), ('65', 't')), (('65', 'h'), ('36', 'h')), (('64', 't'), ('36', 't')), (('64', 'h'), ('51', 't')), (('51', 'h'), ('59', 't'))])

Chosen seed at iteration 1: 1
Chosen chr at iteration 1


Iteration 2
2	deque([(('48', 'h'), ('57', 't')), (('57', 'h'), ('47', 't')), (('47', 'h'), ('19', 't')), (('62', 'h'), ('19', 'h')), (('62', 't'), ('43', 't')), (('85', 'h'), ('43', 'h')), (('85', 't'), ('71', 't')), (('71', 'h'), ('38', 't')), (('38', 'h'), ('67', 't')), (('67', 'h'), ('72', 't')), (('72', 'h'), ('68', 't')), (('68', 'h'), ('70', 't')), (('78', 'h'), ('70', 'h')), (('69', 'h'), ('78', 't')), (('27', 'h'), ('69', 't')), (('46', 'h'), ('27', 't')), (('31', 'h'), ('46', 't')), (('50', 'h'), ('31', 't')), (('45', 'h'), ('50', 't')), (('48', 't'), ('45', 't'))])
2	deque([(('64', 'h'), ('51', 't')), (('51', 'h'), ('59', 't')), (('59', 'h'), ('55', 't')), (('55', 'h'), ('65', 't')), (('65', 'h'), ('36', 'h')), (('64', 't'), ('36', 't'))])

Chosen seed at iteration 2: 1
Chosen chr at iteration 2


Iteration 3
3	deque([(('59', 'h'), ('55', 't')), (('55', 'h'), ('65', 't')), (('65', 'h'), ('36', 'h')), (('64', 't'), ('36', 't')), (('64', 'h'), ('51', 't')), (('51', 'h'), ('59', 't'))])

Chosen seed at iteration 3: 1
Chosen chr at iteration 3


Iteration 4
4	deque([(('74', 'h'), ('66', 'h')), (('82', 't'), ('74', 't')), (('82', 'h'), ('68', 't')), (('68', 'h'), ('70', 't')), (('78', 'h'), ('70', 'h')), (('69', 'h'), ('78', 't')), (('27', 'h'), ('69', 't')), (('46', 'h'), ('27', 't')), (('31', 'h'), ('46', 't')), (('50', 'h'), ('31', 't')), (('45', 'h'), ('50', 't')), (('48', 't'), ('45', 't')), (('48', 'h'), ('57', 't')), (('57', 'h'), ('47', 't')), (('47', 'h'), ('19', 't')), (('62', 'h'), ('19', 'h')), (('62', 't'), ('43', 't')), (('85', 'h'), ('43', 'h')), (('85', 't'), ('71', 't')), (('71', 'h'), ('38', 't')), (('38', 'h'), ('66', 't'))])

Chosen seed at iteration 4: 1
Chosen chr at iteration 4


Iteration 5
5	deque([(('69', 'h'), ('78', 't')), (('27', 'h'), ('69', 't')), (('46', 'h'), ('27', 't')), (('31', 'h'), ('46', 't')), (('50', 'h'), ('31', 't')), (('45', 'h'), ('50', 't')), (('48', 't'), ('45', 't')), (('48', 'h'), ('57', 't')), (('57', 'h'), ('47', 't')), (('47', 'h'), ('19', 't')), (('62', 'h'), ('19', 'h')), (('62', 't'), ('43', 't')), (('43', 'h'), ('86', 't')), (('86', 'h'), ('83', 't')), (('83', 'h'), ('56', 'h')), (('56', 't'), ('38', 't')), (('38', 'h'), ('67', 't')), (('67', 'h'), ('72', 't')), (('72', 'h'), ('68', 't')), (('68', 'h'), ('70', 't')), (('78', 'h'), ('70', 'h'))])

Chosen seed at iteration 5: 1
Chosen chr at iteration 5


Iteration 6
6	deque([(('71', 'h'), ('38', 't')), (('38', 'h'), ('66', 't')), (('66', 'h'), ('72', 't')), (('72', 'h'), ('68', 't')), (('68', 'h'), ('70', 't')), (('78', 'h'), ('70', 'h')), (('69', 'h'), ('78', 't')), (('27', 'h'), ('69', 't')), (('46', 'h'), ('27', 't')), (('31', 'h'), ('46', 't')), (('50', 'h'), ('31', 't')), (('45', 'h'), ('50', 't')), (('48', 't'), ('45', 't')), (('48', 'h'), ('57', 't')), (('57', 'h'), ('47', 't')), (('47', 'h'), ('19', 't')), (('62', 'h'), ('19', 'h')), (('62', 't'), ('43', 't')), (('85', 'h'), ('43', 'h')), (('85', 't'), ('71', 't'))])

Chosen seed at iteration 6: 1
Chosen chr at iteration 6


Iteration 7
7	deque([(('85', 'h'), ('43', 'h')), (('62', 't'), ('43', 't')), (('62', 'h'), ('19', 'h')), (('47', 'h'), ('19', 't')), (('57', 'h'), ('47', 't')), (('48', 'h'), ('57', 't')), (('48', 't'), ('45', 't')), (('45', 'h'), ('50', 't')), (('50', 'h'), ('31', 't')), (('31', 'h'), ('46', 't')), (('46', 'h'), ('27', 't')), (('27', 'h'), ('69', 't')), (('69', 'h'), ('78', 't')), (('78', 'h'), ('70', 'h')), (('68', 'h'), ('70', 't')), (('72', 'h'), ('68', 't')), (('67', 'h'), ('72', 't')), (('38', 'h'), ('67', 't')), (('56', 't'), ('38', 't')), (('84', 'h'), ('56', 'h')), (('85', 't'), ('84', 't'))])

Chosen seed at iteration 7: 1
Chosen chr at iteration 7


Iteration 8
8	deque([(('85', 't'), ('52', 't')), (('52', 'h'), ('38', 't')), (('38', 'h'), ('67', 't')), (('67', 'h'), ('72', 't')), (('72', 'h'), ('68', 't')), (('68', 'h'), ('70', 't')), (('78', 'h'), ('70', 'h')), (('69', 'h'), ('78', 't')), (('27', 'h'), ('69', 't')), (('46', 'h'), ('27', 't')), (('31', 'h'), ('46', 't')), (('50', 'h'), ('31', 't')), (('45', 'h'), ('50', 't')), (('48', 't'), ('45', 't')), (('48', 'h'), ('57', 't')), (('57', 'h'), ('47', 't')), (('47', 'h'), ('19', 't')), (('62', 'h'), ('19', 'h')), (('62', 't'), ('43', 't')), (('85', 'h'), ('43', 'h'))])

Chosen seed at iteration 8: 1
Chosen chr at iteration 8


Iteration 9
9	deque([(('48', 't'), ('45', 't')), (('45', 'h'), ('50', 't')), (('50', 'h'), ('31', 't')), (('31', 'h'), ('46', 't')), (('46', 'h'), ('27', 't')), (('27', 'h'), ('69', 't')), (('69', 'h'), ('78', 't')), (('78', 'h'), ('70', 'h')), (('68', 'h'), ('70', 't')), (('72', 'h'), ('68', 't')), (('66', 'h'), ('72', 't')), (('38', 'h'), ('66', 't')), (('52', 'h'), ('38', 't')), (('85', 't'), ('52', 't')), (('85', 'h'), ('43', 'h')), (('62', 't'), ('43', 't')), (('62', 'h'), ('19', 'h')), (('47', 'h'), ('19', 't')), (('57', 'h'), ('47', 't')), (('48', 'h'), ('57', 't'))])

Chosen seed at iteration 9: 1
Chosen chr at iteration 9


Iteration 10
10	deque([(('82', 'h'), ('68', 't')), (('68', 'h'), ('70', 't')), (('78', 'h'), ('70', 'h')), (('69', 'h'), ('78', 't')), (('27', 'h'), ('69', 't')), (('46', 'h'), ('27', 't')), (('31', 'h'), ('46', 't')), (('50', 'h'), ('31', 't')), (('45', 'h'), ('50', 't')), (('48', 't'), ('45', 't')), (('48', 'h'), ('57', 't')), (('57', 'h'), ('47', 't')), (('47', 'h'), ('19', 't')), (('62', 'h'), ('19', 'h')), (('62', 't'), ('43', 't')), (('85', 'h'), ('43', 'h')), (('85', 't'), ('52', 't')), (('52', 'h'), ('38', 't')), (('38', 'h'), ('66', 't')), (('74', 'h'), ('66', 'h')), (('82', 't'), ('74', 't'))])

Chosen seed at iteration 10: 1
Chosen chr at iteration 10


Iteration 11
11	deque([(('69', 'h'), ('78', 't')), (('27', 'h'), ('69', 't')), (('46', 'h'), ('27', 't')), (('31', 'h'), ('46', 't')), (('50', 'h'), ('31', 't')), (('45', 'h'), ('50', 't')), (('48', 't'), ('45', 't')), (('48', 'h'), ('57', 't')), (('57', 'h'), ('47', 't')), (('47', 'h'), ('19', 't')), (('62', 'h'), ('19', 'h')), (('62', 't'), ('43', 't')), (('85', 'h'), ('43', 'h')), (('85', 't'), ('84', 't')), (('84', 'h'), ('56', 'h')), (('56', 't'), ('38', 't')), (('38', 'h'), ('66', 't')), (('74', 'h'), ('66', 'h')), (('82', 't'), ('74', 't')), (('82', 'h'), ('68', 't')), (('68', 'h'), ('70', 't')), (('78', 'h'), ('70', 'h'))])

Chosen seed at iteration 11: 1
Chosen chr at iteration 11


Iteration 12
12	deque([(('86', 'h'), ('52', 't')), (('43', 'h'), ('86', 't')), (('62', 't'), ('43', 't')), (('62', 'h'), ('19', 'h')), (('47', 'h'), ('19', 't')), (('57', 'h'), ('47', 't')), (('48', 'h'), ('57', 't')), (('48', 't'), ('45', 't')), (('45', 'h'), ('50', 't')), (('50', 'h'), ('31', 't')), (('31', 'h'), ('46', 't')), (('46', 'h'), ('27', 't')), (('27', 'h'), ('69', 't')), (('69', 'h'), ('78', 't')), (('78', 'h'), ('70', 'h')), (('68', 'h'), ('70', 't')), (('72', 'h'), ('68', 't')), (('67', 'h'), ('72', 't')), (('38', 'h'), ('67', 't')), (('52', 'h'), ('38', 't'))])

Chosen seed at iteration 12: 1
Chosen chr at iteration 12


Iteration 13
13	deque([(('68', 'h'), ('70', 't')), (('72', 'h'), ('68', 't')), (('66', 'h'), ('72', 't')), (('38', 'h'), ('66', 't')), (('52', 'h'), ('38', 't')), (('86', 'h'), ('52', 't')), (('43', 'h'), ('86', 't')), (('62', 't'), ('43', 't')), (('62', 'h'), ('19', 'h')), (('47', 'h'), ('19', 't')), (('57', 'h'), ('47', 't')), (('48', 'h'), ('57', 't')), (('48', 't'), ('45', 't')), (('45', 'h'), ('50', 't')), (('50', 'h'), ('31', 't')), (('31', 'h'), ('46', 't')), (('46', 'h'), ('27', 't')), (('27', 'h'), ('69', 't')), (('69', 'h'), ('78', 't')), (('78', 'h'), ('70', 'h'))])

Chosen seed at iteration 13: 1
Chosen chr at iteration 13


Iteration 14
14	deque([(('72', 'h'), ('68', 't')), (('66', 'h'), ('72', 't')), (('38', 'h'), ('66', 't')), (('56', 't'), ('38', 't')), (('83', 'h'), ('56', 'h')), (('86', 'h'), ('83', 't')), (('43', 'h'), ('86', 't')), (('62', 't'), ('43', 't')), (('62', 'h'), ('19', 'h')), (('47', 'h'), ('19', 't')), (('57', 'h'), ('47', 't')), (('48', 'h'), ('57', 't')), (('48', 't'), ('45', 't')), (('45', 'h'), ('50', 't')), (('50', 'h'), ('31', 't')), (('31', 'h'), ('46', 't')), (('46', 'h'), ('27', 't')), (('27', 'h'), ('69', 't')), (('69', 'h'), ('78', 't')), (('78', 'h'), ('70', 'h')), (('68', 'h'), ('70', 't'))])

Chosen seed at iteration 14: 1
Chosen chr at iteration 14


Iteration 15
15	deque([(('85', 't'), ('84', 't')), (('85', 'h'), ('43', 'h')), (('62', 't'), ('43', 't')), (('62', 'h'), ('19', 'h')), (('47', 'h'), ('19', 't')), (('57', 'h'), ('47', 't')), (('48', 'h'), ('57', 't')), (('48', 't'), ('45', 't')), (('45', 'h'), ('50', 't')), (('50', 'h'), ('31', 't')), (('31', 'h'), ('46', 't')), (('46', 'h'), ('27', 't')), (('27', 'h'), ('69', 't')), (('69', 'h'), ('78', 't')), (('78', 'h'), ('70', 'h')), (('68', 'h'), ('70', 't')), (('72', 'h'), ('68', 't')), (('66', 'h'), ('72', 't')), (('38', 'h'), ('66', 't')), (('56', 't'), ('38', 't')), (('84', 'h'), ('56', 'h'))])

Chosen seed at iteration 15: 1
Chosen chr at iteration 15


Iteration 16
16	deque([(('78', 'h'), ('70', 'h')), (('68', 'h'), ('70', 't')), (('82', 'h'), ('68', 't')), (('82', 't'), ('74', 't')), (('74', 'h'), ('66', 'h')), (('38', 'h'), ('66', 't')), (('56', 't'), ('38', 't')), (('83', 'h'), ('56', 'h')), (('86', 'h'), ('83', 't')), (('43', 'h'), ('86', 't')), (('62', 't'), ('43', 't')), (('62', 'h'), ('19', 'h')), (('47', 'h'), ('19', 't')), (('57', 'h'), ('47', 't')), (('48', 'h'), ('57', 't')), (('48', 't'), ('45', 't')), (('45', 'h'), ('50', 't')), (('50', 'h'), ('31', 't')), (('31', 'h'), ('46', 't')), (('46', 'h'), ('27', 't')), (('27', 'h'), ('69', 't')), (('69', 'h'), ('78', 't'))])

Chosen seed at iteration 16: 1
Chosen chr at iteration 16


Iteration 17
17	deque([(('78', 'h'), ('70', 'h')), (('68', 'h'), ('70', 't')), (('82', 'h'), ('68', 't')), (('82', 't'), ('74', 't')), (('74', 'h'), ('66', 'h')), (('38', 'h'), ('66', 't')), (('52', 'h'), ('38', 't')), (('86', 'h'), ('52', 't')), (('43', 'h'), ('86', 't')), (('62', 't'), ('43', 't')), (('62', 'h'), ('19', 'h')), (('47', 'h'), ('19', 't')), (('57', 'h'), ('47', 't')), (('48', 'h'), ('57', 't')), (('48', 't'), ('45', 't')), (('45', 'h'), ('50', 't')), (('50', 'h'), ('31', 't')), (('31', 'h'), ('46', 't')), (('46', 'h'), ('27', 't')), (('27', 'h'), ('69', 't')), (('69', 'h'), ('78', 't'))])

Chosen seed at iteration 17: 1
Chosen chr at iteration 17


Iteration 18
Iteration 1
1	deque([(('23', 'h'), ('47', 't')), (('77', 'h'), ('23', 't')), (('70', 'h'), ('77', 't')), (('68', 'h'), ('70', 't')), (('82', 'h'), ('68', 't')), (('82', 't'), ('74', 't')), (('74', 'h'), ('66', 'h')), (('38', 'h'), ('66', 't')), (('71', 'h'), ('38', 't')), (('85', 't'), ('71', 't')), (('85', 'h'), ('43', 'h')), (('62', 't'), ('43', 't')), (('62', 'h'), ('19', 'h')), (('47', 'h'), ('19', 't'))])
1	deque([(('41', 'h'), ('30', 't')), (('39', 'h'), ('30', 'h')), (('39', 't'), ('25', 't')), (('25', 'h'), ('41', 't'))])

Chosen seed at iteration 1: 1
Chosen chr at iteration 1


Iteration 2
2	deque([(('38', 'h'), ('67', 't')), (('71', 'h'), ('38', 't')), (('85', 't'), ('71', 't')), (('85', 'h'), ('43', 'h')), (('62', 't'), ('43', 't')), (('62', 'h'), ('19', 'h')), (('47', 'h'), ('19', 't')), (('23', 'h'), ('47', 't')), (('77', 'h'), ('23', 't')), (('70', 'h'), ('77', 't')), (('68', 'h'), ('70', 't')), (('72', 'h'), ('68', 't')), (('67', 'h'), ('72', 't'))])
2	deque([(('41', 'h'), ('30', 't')), (('39', 'h'), ('30', 'h')), (('39', 't'), ('25', 't')), (('25', 'h'), ('41', 't'))])

Chosen seed at iteration 2: 1
Chosen chr at iteration 2


Iteration 3
3	deque([(('86', 'h'), ('52', 't')), (('43', 'h'), ('86', 't')), (('62', 't'), ('43', 't')), (('62', 'h'), ('19', 'h')), (('47', 'h'), ('19', 't')), (('23', 'h'), ('47', 't')), (('77', 'h'), ('23', 't')), (('70', 'h'), ('77', 't')), (('68', 'h'), ('70', 't')), (('72', 'h'), ('68', 't')), (('67', 'h'), ('72', 't')), (('38', 'h'), ('67', 't')), (('52', 'h'), ('38', 't'))])
3	deque([(('41', 'h'), ('30', 't')), (('39', 'h'), ('30', 'h')), (('39', 't'), ('25', 't')), (('25', 'h'), ('41', 't'))])

Chosen seed at iteration 3: 1
Chosen chr at iteration 3


Iteration 4
4	deque([(('39', 't'), ('25', 't')), (('25', 'h'), ('41', 't')), (('41', 'h'), ('30', 't')), (('39', 'h'), ('30', 'h'))])
4	deque([(('62', 't'), ('43', 't')), (('62', 'h'), ('19', 'h')), (('47', 'h'), ('19', 't')), (('23', 'h'), ('47', 't')), (('77', 'h'), ('23', 't')), (('70', 'h'), ('77', 't')), (('68', 'h'), ('70', 't')), (('72', 'h'), ('68', 't')), (('66', 'h'), ('72', 't')), (('38', 'h'), ('66', 't')), (('56', 't'), ('38', 't')), (('83', 'h'), ('56', 'h')), (('86', 'h'), ('83', 't')), (('43', 'h'), ('86', 't'))])

Chosen seed at iteration 4: 2
Chosen chr at iteration 4


Iteration 5
5	deque([(('72', 'h'), ('68', 't')), (('68', 'h'), ('70', 't')), (('70', 'h'), ('77', 't')), (('77', 'h'), ('23', 't')), (('23', 'h'), ('47', 't')), (('47', 'h'), ('19', 't')), (('62', 'h'), ('19', 'h')), (('62', 't'), ('43', 't')), (('85', 'h'), ('43', 'h')), (('85', 't'), ('84', 't')), (('84', 'h'), ('56', 'h')), (('56', 't'), ('38', 't')), (('38', 'h'), ('67', 't')), (('67', 'h'), ('72', 't'))])
5	deque([(('25', 'h'), ('41', 't')), (('41', 'h'), ('30', 't')), (('39', 'h'), ('30', 'h')), (('39', 't'), ('25', 't'))])

Chosen seed at iteration 5: 1
Chosen chr at iteration 5


Iteration 6
6	deque([(('25', 'h'), ('41', 't')), (('39', 't'), ('25', 't')), (('39', 'h'), ('30', 'h')), (('41', 'h'), ('30', 't'))])
6	deque([(('52', 'h'), ('38', 't')), (('38', 'h'), ('67', 't')), (('67', 'h'), ('72', 't')), (('72', 'h'), ('68', 't')), (('68', 'h'), ('70', 't')), (('70', 'h'), ('77', 't')), (('77', 'h'), ('23', 't')), (('23', 'h'), ('47', 't')), (('47', 'h'), ('19', 't')), (('62', 'h'), ('19', 'h')), (('62', 't'), ('43', 't')), (('85', 'h'), ('43', 'h')), (('85', 't'), ('52', 't'))])

Chosen seed at iteration 6: 2
Chosen chr at iteration 6


Iteration 7
7	deque([(('39', 'h'), ('30', 'h')), (('39', 't'), ('25', 't')), (('25', 'h'), ('41', 't')), (('41', 'h'), ('30', 't'))])
7	deque([(('47', 'h'), ('19', 't')), (('23', 'h'), ('47', 't')), (('77', 'h'), ('23', 't')), (('70', 'h'), ('77', 't')), (('68', 'h'), ('70', 't')), (('72', 'h'), ('68', 't')), (('66', 'h'), ('72', 't')), (('38', 'h'), ('66', 't')), (('52', 'h'), ('38', 't')), (('85', 't'), ('52', 't')), (('85', 'h'), ('43', 'h')), (('62', 't'), ('43', 't')), (('62', 'h'), ('19', 'h'))])

Chosen seed at iteration 7: 1
Chosen chr at iteration 7


Iteration 8
8	deque([(('46', 'h'), ('79', 't')), (('37', 'h'), ('46', 't')), (('79', 'h'), ('37', 't'))])
8	deque([(('39', 't'), ('25', 't')), (('25', 'h'), ('41', 't')), (('41', 'h'), ('39', 'h'))])

Chosen seed at iteration 8: 1
Chosen chr at iteration 8


Iteration 9
9	deque([(('41', 'h'), ('39', 'h')), (('39', 't'), ('25', 't')), (('25', 'h'), ('41', 't'))])

Chosen seed at iteration 9: 1
Chosen chr at iteration 9


Iteration 10
10	deque([(('62', 't'), ('43', 't')), (('62', 'h'), ('19', 'h')), (('47', 'h'), ('19', 't')), (('57', 'h'), ('47', 't')), (('48', 'h'), ('57', 't')), (('18', 'h'), ('48', 't')), (('53', 'h'), ('18', 't')), (('76', 'h'), ('53', 't')), (('67', 'h'), ('76', 't')), (('38', 'h'), ('67', 't')), (('71', 'h'), ('38', 't')), (('85', 't'), ('71', 't')), (('85', 'h'), ('43', 'h'))])

Chosen seed at iteration 10: 1
Chosen chr at iteration 10


Iteration 11
11	deque([(('84', 'h'), ('56', 'h')), (('85', 't'), ('84', 't')), (('85', 'h'), ('43', 'h')), (('62', 't'), ('43', 't')), (('62', 'h'), ('19', 'h')), (('47', 'h'), ('19', 't')), (('57', 'h'), ('47', 't')), (('48', 'h'), ('57', 't')), (('18', 'h'), ('48', 't')), (('53', 'h'), ('18', 't')), (('74', 't'), ('53', 't')), (('74', 'h'), ('66', 'h')), (('38', 'h'), ('66', 't')), (('56', 't'), ('38', 't'))])

Chosen seed at iteration 11: 1
Chosen chr at iteration 11


Iteration 12
12	deque([(('57', 'h'), ('47', 't')), (('48', 'h'), ('57', 't')), (('18', 'h'), ('48', 't')), (('53', 'h'), ('18', 't')), (('74', 't'), ('53', 't')), (('74', 'h'), ('66', 'h')), (('38', 'h'), ('66', 't')), (('56', 't'), ('38', 't')), (('83', 'h'), ('56', 'h')), (('86', 'h'), ('83', 't')), (('43', 'h'), ('86', 't')), (('62', 't'), ('43', 't')), (('62', 'h'), ('19', 'h')), (('47', 'h'), ('19', 't'))])

Chosen seed at iteration 12: 1
Chosen chr at iteration 12


Iteration 13
13	deque([(('62', 'h'), ('19', 'h')), (('47', 'h'), ('19', 't')), (('57', 'h'), ('47', 't')), (('48', 'h'), ('57', 't')), (('18', 'h'), ('48', 't')), (('53', 'h'), ('18', 't')), (('74', 't'), ('53', 't')), (('74', 'h'), ('66', 'h')), (('38', 'h'), ('66', 't')), (('71', 'h'), ('38', 't')), (('85', 't'), ('71', 't')), (('85', 'h'), ('43', 'h')), (('62', 't'), ('43', 't'))])

Chosen seed at iteration 13: 1
Chosen chr at iteration 13


Iteration 14
14	deque([(('47', 'h'), ('19', 't')), (('57', 'h'), ('47', 't')), (('48', 'h'), ('57', 't')), (('18', 'h'), ('48', 't')), (('53', 'h'), ('18', 't')), (('76', 'h'), ('53', 't')), (('67', 'h'), ('76', 't')), (('38', 'h'), ('67', 't')), (('56', 't'), ('38', 't')), (('83', 'h'), ('56', 'h')), (('86', 'h'), ('83', 't')), (('43', 'h'), ('86', 't')), (('62', 't'), ('43', 't')), (('62', 'h'), ('19', 'h'))])

Chosen seed at iteration 14: 1
Chosen chr at iteration 14


Iteration 15
15	deque([(('74', 'h'), ('66', 'h')), (('74', 't'), ('53', 't')), (('53', 'h'), ('18', 't')), (('18', 'h'), ('48', 't')), (('48', 'h'), ('57', 't')), (('57', 'h'), ('47', 't')), (('47', 'h'), ('19', 't')), (('62', 'h'), ('19', 'h')), (('62', 't'), ('43', 't')), (('43', 'h'), ('86', 't')), (('86', 'h'), ('52', 't')), (('52', 'h'), ('38', 't')), (('38', 'h'), ('66', 't'))])

Chosen seed at iteration 15: 1
Chosen chr at iteration 15


Iteration 16
16	deque([(('62', 't'), ('43', 't')), (('85', 'h'), ('43', 'h')), (('85', 't'), ('52', 't')), (('52', 'h'), ('38', 't')), (('38', 'h'), ('67', 't')), (('67', 'h'), ('76', 't')), (('76', 'h'), ('53', 't')), (('53', 'h'), ('18', 't')), (('18', 'h'), ('48', 't')), (('48', 'h'), ('57', 't')), (('57', 'h'), ('47', 't')), (('47', 'h'), ('19', 't')), (('62', 'h'), ('19', 'h'))])

Chosen seed at iteration 16: 1
Chosen chr at iteration 16


Iteration 17
17	deque([(('85', 'h'), ('43', 'h')), (('62', 't'), ('43', 't')), (('62', 'h'), ('19', 'h')), (('47', 'h'), ('19', 't')), (('57', 'h'), ('47', 't')), (('48', 'h'), ('57', 't')), (('18', 'h'), ('48', 't')), (('53', 'h'), ('18', 't')), (('74', 't'), ('53', 't')), (('74', 'h'), ('66', 'h')), (('38', 'h'), ('66', 't')), (('52', 'h'), ('38', 't')), (('85', 't'), ('52', 't'))])

Chosen seed at iteration 17: 1
Chosen chr at iteration 17


Iteration 18
18	deque([(('57', 'h'), ('47', 't')), (('48', 'h'), ('57', 't')), (('18', 'h'), ('48', 't')), (('53', 'h'), ('18', 't')), (('76', 'h'), ('53', 't')), (('67', 'h'), ('76', 't')), (('38', 'h'), ('67', 't')), (('52', 'h'), ('38', 't')), (('86', 'h'), ('52', 't')), (('43', 'h'), ('86', 't')), (('62', 't'), ('43', 't')), (('62', 'h'), ('19', 'h')), (('47', 'h'), ('19', 't'))])

Chosen seed at iteration 18: 1
Chosen chr at iteration 18


Iteration 19
19	deque([(('56', 't'), ('38', 't')), (('38', 'h'), ('67', 't')), (('67', 'h'), ('76', 't')), (('76', 'h'), ('53', 't')), (('53', 'h'), ('18', 't')), (('18', 'h'), ('48', 't')), (('48', 'h'), ('57', 't')), (('57', 'h'), ('47', 't')), (('47', 'h'), ('19', 't')), (('62', 'h'), ('19', 'h')), (('62', 't'), ('43', 't')), (('85', 'h'), ('43', 'h')), (('85', 't'), ('84', 't')), (('84', 'h'), ('56', 'h'))])

Chosen seed at iteration 19: 1
Chosen chr at iteration 19


Iteration 20
Iteration 1
1	deque([(('39', 't'), ('25', 't')), (('41', 'h'), ('39', 'h')), (('25', 'h'), ('41', 't'))])

Chosen seed at iteration 1: 1
Chosen chr at iteration 1


Iteration 2
2	deque([(('55', 'h'), ('65', 't')), (('81', 't'), ('55', 't')), (('81', 'h'), ('75', 'h')), (('65', 'h'), ('75', 't'))])
2	deque([(('85', 't'), ('52', 't')), (('85', 'h'), ('43', 'h')), (('62', 't'), ('43', 't')), (('62', 'h'), ('14', 'h')), (('53', 'h'), ('14', 't')), (('74', 't'), ('53', 't')), (('74', 'h'), ('66', 'h')), (('38', 'h'), ('66', 't')), (('52', 'h'), ('38', 't'))])
2	deque([(('33', 'h'), ('33', 't'))])

Chosen seed at iteration 2: 2
Chosen chr at iteration 2


Iteration 3
3	deque([(('65', 'h'), ('75', 't')), (('81', 'h'), ('75', 'h')), (('81', 't'), ('55', 't')), (('55', 'h'), ('65', 't'))])
3	deque([(('33', 'h'), ('33', 't'))])
3	deque([(('22', 'h'), ('22', 't'))])

Chosen seed at iteration 3: 2
Chosen chr at iteration 3


Iteration 4
4	deque([(('55', 'h'), ('65', 't')), (('81', 't'), ('55', 't')), (('81', 'h'), ('75', 'h')), (('65', 'h'), ('75', 't'))])
4	deque([(('62', 'h'), ('14', 'h')), (('62', 't'), ('43', 't')), (('85', 'h'), ('43', 'h')), (('85', 't'), ('52', 't')), (('52', 'h'), ('38', 't')), (('38', 'h'), ('67', 't')), (('67', 'h'), ('76', 't')), (('76', 'h'), ('53', 't')), (('53', 'h'), ('14', 't'))])

Chosen seed at iteration 4: 1
Chosen chr at iteration 4


Iteration 5
5	deque([(('50', 'h'), ('34', 't')), (('50', 't'), ('44', 't')), (('65', 'h'), ('44', 'h')), (('55', 'h'), ('65', 't')), (('59', 'h'), ('55', 't')), (('51', 'h'), ('59', 't')), (('64', 'h'), ('51', 't')), (('64', 't'), ('28', 't')), (('28', 'h'), ('80', 't')), (('80', 'h'), ('46', 't')), (('46', 'h'), ('34', 'h'))])

Chosen seed at iteration 5: 1
Chosen chr at iteration 5


Iteration 6
Iteration 1
1	deque([(('46', 'h'), ('79', 't')), (('37', 'h'), ('46', 't')), (('79', 'h'), ('37', 't'))])
1	deque([(('39', 't'), ('25', 't')), (('25', 'h'), ('41', 't')), (('41', 'h'), ('39', 'h'))])

Chosen seed at iteration 1: 1
Chosen chr at iteration 1


Iteration 2
2	deque([(('39', 't'), ('25', 't')), (('25', 'h'), ('41', 't')), (('41', 'h'), ('39', 'h'))])
2	deque([(('22', 'h'), ('22', 't'))])

Chosen seed at iteration 2: 1
Chosen chr at iteration 2


Iteration 3
3	deque([(('81', 'h'), ('75', 'h')), (('81', 't'), ('55', 't')), (('55', 'h'), ('65', 't')), (('65', 'h'), ('75', 't'))])

Chosen seed at iteration 3: 1
Chosen chr at iteration 3


Iteration 4
4	deque([(('22', 'h'), ('22', 't'))])

Chosen seed at iteration 4: 1
Chosen chr at iteration 4


Iteration 5
Iteration 1
1	deque([(('64', 't'), ('36', 't')), (('64', 'h'), ('51', 't')), (('61', 'h'), ('51', 'h')), (('81', 'h'), ('61', 't')), (('81', 't'), ('55', 't')), (('55', 'h'), ('65', 't')), (('65', 'h'), ('36', 'h'))])
1	deque([(('79', 'h'), ('37', 't')), (('37', 'h'), ('46', 't')), (('46', 'h'), ('79', 't'))])

Chosen seed at iteration 1: 2
Chosen chr at iteration 1


Iteration 2
2	deque([(('65', 'h'), ('36', 'h')), (('64', 't'), ('36', 't')), (('64', 'h'), ('51', 't')), (('61', 'h'), ('51', 'h')), (('81', 'h'), ('61', 't')), (('81', 't'), ('55', 't')), (('55', 'h'), ('65', 't'))])

Chosen seed at iteration 2: 1
Chosen chr at iteration 2


Iteration 3
3	deque([(('55', 'h'), ('65', 't')), (('81', 't'), ('55', 't')), (('81', 'h'), ('75', 'h')), (('65', 'h'), ('75', 't'))])

Chosen seed at iteration 3: 1
Chosen chr at iteration 3


Iteration 4
4	deque([(('78', 'h'), ('70', 'h')), (('69', 'h'), ('78', 't')), (('27', 'h'), ('69', 't')), (('46', 'h'), ('27', 't')), (('46', 't'), ('13', 't')), (('13', 'h'), ('43', 't')), (('85', 'h'), ('43', 'h')), (('85', 't'), ('84', 't')), (('84', 'h'), ('56', 'h')), (('56', 't'), ('38', 't')), (('38', 'h'), ('66', 't')), (('74', 'h'), ('66', 'h')), (('82', 't'), ('74', 't')), (('82', 'h'), ('68', 't')), (('68', 'h'), ('70', 't'))])

Chosen seed at iteration 4: 1
Chosen chr at iteration 4


Iteration 5
5	deque([(('69', 'h'), ('78', 't')), (('27', 'h'), ('69', 't')), (('46', 'h'), ('27', 't')), (('46', 't'), ('13', 't')), (('13', 'h'), ('43', 't')), (('85', 'h'), ('43', 'h')), (('85', 't'), ('84', 't')), (('84', 'h'), ('56', 'h')), (('56', 't'), ('38', 't')), (('38', 'h'), ('67', 't')), (('67', 'h'), ('72', 't')), (('72', 'h'), ('68', 't')), (('68', 'h'), ('70', 't')), (('78', 'h'), ('70', 'h'))])

Chosen seed at iteration 5: 1
Chosen chr at iteration 5


Iteration 6
6	deque([(('69', 'h'), ('78', 't')), (('78', 'h'), ('70', 'h')), (('68', 'h'), ('70', 't')), (('72', 'h'), ('68', 't')), (('66', 'h'), ('72', 't')), (('38', 'h'), ('66', 't')), (('56', 't'), ('38', 't')), (('83', 'h'), ('56', 'h')), (('86', 'h'), ('83', 't')), (('43', 'h'), ('86', 't')), (('13', 'h'), ('43', 't')), (('46', 't'), ('13', 't')), (('46', 'h'), ('27', 't')), (('27', 'h'), ('69', 't'))])

Chosen seed at iteration 6: 1
Chosen chr at iteration 6


Iteration 7
7	deque([(('46', 'h'), ('27', 't')), (('27', 'h'), ('69', 't')), (('69', 'h'), ('78', 't')), (('78', 'h'), ('70', 'h')), (('68', 'h'), ('70', 't')), (('82', 'h'), ('68', 't')), (('82', 't'), ('74', 't')), (('74', 'h'), ('66', 'h')), (('38', 'h'), ('66', 't')), (('56', 't'), ('38', 't')), (('83', 'h'), ('56', 'h')), (('86', 'h'), ('83', 't')), (('43', 'h'), ('86', 't')), (('13', 'h'), ('43', 't')), (('46', 't'), ('13', 't'))])

Chosen seed at iteration 7: 1
Chosen chr at iteration 7


Iteration 8
8	deque([(('52', 'h'), ('38', 't')), (('38', 'h'), ('67', 't')), (('67', 'h'), ('72', 't')), (('72', 'h'), ('68', 't')), (('68', 'h'), ('70', 't')), (('78', 'h'), ('70', 'h')), (('69', 'h'), ('78', 't')), (('27', 'h'), ('69', 't')), (('46', 'h'), ('27', 't')), (('46', 't'), ('13', 't')), (('13', 'h'), ('43', 't')), (('85', 'h'), ('43', 'h')), (('85', 't'), ('52', 't'))])

Chosen seed at iteration 8: 1
Chosen chr at iteration 8


Iteration 9
9	deque([(('69', 'h'), ('78', 't')), (('78', 'h'), ('70', 'h')), (('68', 'h'), ('70', 't')), (('82', 'h'), ('68', 't')), (('82', 't'), ('74', 't')), (('74', 'h'), ('66', 'h')), (('38', 'h'), ('66', 't')), (('52', 'h'), ('38', 't')), (('86', 'h'), ('52', 't')), (('43', 'h'), ('86', 't')), (('13', 'h'), ('43', 't')), (('46', 't'), ('13', 't')), (('46', 'h'), ('27', 't')), (('27', 'h'), ('69', 't'))])

Chosen seed at iteration 9: 1
Chosen chr at iteration 9


Iteration 10
10	deque([(('84', 'h'), ('56', 'h')), (('56', 't'), ('38', 't')), (('38', 'h'), ('66', 't')), (('66', 'h'), ('72', 't')), (('72', 'h'), ('68', 't')), (('68', 'h'), ('70', 't')), (('78', 'h'), ('70', 'h')), (('69', 'h'), ('78', 't')), (('27', 'h'), ('69', 't')), (('46', 'h'), ('27', 't')), (('46', 't'), ('13', 't')), (('13', 'h'), ('43', 't')), (('85', 'h'), ('43', 'h')), (('85', 't'), ('84', 't'))])

Chosen seed at iteration 10: 1
Chosen chr at iteration 10


Iteration 11
11	deque([(('56', 't'), ('38', 't')), (('83', 'h'), ('56', 'h')), (('86', 'h'), ('83', 't')), (('43', 'h'), ('86', 't')), (('13', 'h'), ('43', 't')), (('46', 't'), ('13', 't')), (('46', 'h'), ('27', 't')), (('27', 'h'), ('69', 't')), (('69', 'h'), ('78', 't')), (('78', 'h'), ('70', 'h')), (('68', 'h'), ('70', 't')), (('72', 'h'), ('68', 't')), (('67', 'h'), ('72', 't')), (('38', 'h'), ('67', 't'))])

Chosen seed at iteration 11: 1
Chosen chr at iteration 11


Iteration 12
12	deque([(('78', 'h'), ('70', 'h')), (('69', 'h'), ('78', 't')), (('27', 'h'), ('69', 't')), (('46', 'h'), ('27', 't')), (('46', 't'), ('13', 't')), (('13', 'h'), ('43', 't')), (('43', 'h'), ('86', 't')), (('86', 'h'), ('52', 't')), (('52', 'h'), ('38', 't')), (('38', 'h'), ('67', 't')), (('67', 'h'), ('72', 't')), (('72', 'h'), ('68', 't')), (('68', 'h'), ('70', 't'))])

Chosen seed at iteration 12: 1
Chosen chr at iteration 12


Iteration 13
13	deque([(('66', 'h'), ('72', 't')), (('38', 'h'), ('66', 't')), (('52', 'h'), ('38', 't')), (('85', 't'), ('52', 't')), (('85', 'h'), ('43', 'h')), (('13', 'h'), ('43', 't')), (('46', 't'), ('13', 't')), (('46', 'h'), ('27', 't')), (('27', 'h'), ('69', 't')), (('69', 'h'), ('78', 't')), (('78', 'h'), ('70', 'h')), (('68', 'h'), ('70', 't')), (('72', 'h'), ('68', 't'))])

Chosen seed at iteration 13: 1
Chosen chr at iteration 13


Iteration 14
14	deque([(('46', 'h'), ('27', 't')), (('46', 't'), ('13', 't')), (('13', 'h'), ('43', 't')), (('85', 'h'), ('43', 'h')), (('85', 't'), ('52', 't')), (('52', 'h'), ('38', 't')), (('38', 'h'), ('66', 't')), (('74', 'h'), ('66', 'h')), (('82', 't'), ('74', 't')), (('82', 'h'), ('68', 't')), (('68', 'h'), ('70', 't')), (('78', 'h'), ('70', 'h')), (('69', 'h'), ('78', 't')), (('27', 'h'), ('69', 't'))])

Chosen seed at iteration 14: 1
Chosen chr at iteration 14


Iteration 15
15	deque([(('46', 'h'), ('27', 't')), (('27', 'h'), ('69', 't')), (('69', 'h'), ('78', 't')), (('78', 'h'), ('70', 'h')), (('68', 'h'), ('70', 't')), (('72', 'h'), ('68', 't')), (('66', 'h'), ('72', 't')), (('38', 'h'), ('66', 't')), (('52', 'h'), ('38', 't')), (('86', 'h'), ('52', 't')), (('43', 'h'), ('86', 't')), (('13', 'h'), ('43', 't')), (('46', 't'), ('13', 't'))])

Chosen seed at iteration 15: 1
Chosen chr at iteration 15


Iteration 16
Iteration 1
1	deque([(('46', 'h'), ('79', 't')), (('37', 'h'), ('46', 't')), (('79', 'h'), ('37', 't'))])
1	deque([(('22', 'h'), ('22', 't'))])

Chosen seed at iteration 1: 1
Chosen chr at iteration 1


Iteration 2
2	deque([(('47', 'h'), ('9', 't')), (('9', 'h'), ('48', 't')), (('48', 'h'), ('57', 't')), (('57', 'h'), ('47', 't'))])

Chosen seed at iteration 2: 1
Chosen chr at iteration 2


Iteration 3
3	deque([(('81', 't'), ('55', 't')), (('55', 'h'), ('65', 't')), (('65', 'h'), ('75', 't')), (('81', 'h'), ('75', 'h'))])

Chosen seed at iteration 3: 1
Chosen chr at iteration 3


Iteration 4
4	deque([(('63', 'h'), ('43', 't')), (('85', 'h'), ('43', 'h')), (('85', 't'), ('84', 't')), (('84', 'h'), ('56', 'h')), (('56', 't'), ('38', 't')), (('38', 'h'), ('66', 't')), (('74', 'h'), ('66', 'h')), (('82', 't'), ('74', 't')), (('82', 'h'), ('68', 't')), (('68', 'h'), ('70', 't')), (('70', 'h'), ('77', 't')), (('77', 'h'), ('21', 'h')), (('22', 'h'), ('21', 't')), (('22', 't'), ('15', 't')), (('15', 'h'), ('73', 't')), (('73', 'h'), ('63', 't'))])

Chosen seed at iteration 4: 1
Chosen chr at iteration 4


Iteration 5
Iteration 1
1	deque([(('70', 'h'), ('77', 't')), (('68', 'h'), ('70', 't')), (('82', 'h'), ('68', 't')), (('82', 't'), ('74', 't')), (('74', 'h'), ('66', 'h')), (('38', 'h'), ('66', 't')), (('52', 'h'), ('38', 't')), (('86', 'h'), ('52', 't')), (('43', 'h'), ('86', 't')), (('63', 'h'), ('43', 't')), (('73', 'h'), ('63', 't')), (('15', 'h'), ('73', 't')), (('22', 't'), ('15', 't')), (('22', 'h'), ('21', 't')), (('77', 'h'), ('21', 'h'))])
1	deque([(('46', 'h'), ('79', 't')), (('37', 'h'), ('46', 't')), (('79', 'h'), ('37', 't'))])

Chosen seed at iteration 1: 2
Chosen chr at iteration 1


Iteration 2
2	deque([(('9', 'h'), ('48', 't')), (('48', 'h'), ('57', 't')), (('57', 'h'), ('47', 't')), (('47', 'h'), ('9', 't'))])

Chosen seed at iteration 2: 1
Chosen chr at iteration 2


Iteration 3
3	deque([(('65', 'h'), ('75', 't')), (('55', 'h'), ('65', 't')), (('81', 't'), ('55', 't')), (('81', 'h'), ('75', 'h'))])

Chosen seed at iteration 3: 1
Chosen chr at iteration 3


Iteration 4
Iteration 1
1	deque([(('46', 'h'), ('79', 't')), (('79', 'h'), ('37', 't')), (('37', 'h'), ('46', 't'))])
1	deque([(('22', 'h'), ('22', 't'))])

Chosen seed at iteration 1: 2
Chosen chr at iteration 1


Iteration 2
2	deque([(('38', 'h'), ('66', 't')), (('56', 't'), ('38', 't')), (('84', 'h'), ('56', 'h')), (('85', 't'), ('84', 't')), (('85', 'h'), ('43', 'h')), (('62', 't'), ('43', 't')), (('62', 'h'), ('14', 'h')), (('53', 'h'), ('14', 't')), (('74', 't'), ('53', 't')), (('74', 'h'), ('66', 'h'))])
2	deque([(('37', 'h'), ('46', 't')), (('46', 'h'), ('79', 't')), (('79', 'h'), ('37', 't'))])

Chosen seed at iteration 2: 1
Chosen chr at iteration 2


Iteration 3
3	deque([(('37', 'h'), ('46', 't')), (('46', 'h'), ('79', 't')), (('79', 'h'), ('37', 't'))])

Chosen seed at iteration 3: 1
Chosen chr at iteration 3


Iteration 4
4	deque([(('85', 'h'), ('43', 'h')), (('85', 't'), ('52', 't')), (('52', 'h'), ('38', 't')), (('38', 'h'), ('67', 't')), (('67', 'h'), ('76', 't')), (('76', 'h'), ('53', 't')), (('53', 'h'), ('14', 't')), (('62', 'h'), ('14', 'h')), (('62', 't'), ('43', 't'))])

Chosen seed at iteration 4: 1
Chosen chr at iteration 4


Iteration 5
Iteration 1
1	deque([(('79', 'h'), ('37', 't')), (('46', 'h'), ('79', 't')), (('37', 'h'), ('46', 't'))])

Chosen seed at iteration 1: 1
Chosen chr at iteration 1


Iteration 2
Iteration 1
1	deque([(('62', 't'), ('43', 't')), (('43', 'h'), ('86', 't')), (('86', 'h'), ('83', 't')), (('83', 'h'), ('56', 'h')), (('56', 't'), ('38', 't')), (('38', 'h'), ('66', 't')), (('74', 'h'), ('66', 'h')), (('74', 't'), ('53', 't')), (('53', 'h'), ('14', 't')), (('62', 'h'), ('14', 'h'))])
1	deque([(('79', 'h'), ('37', 't')), (('37', 'h'), ('46', 't')), (('46', 'h'), ('79', 't'))])
1	deque([(('22', 'h'), ('22', 't'))])

Chosen seed at iteration 1: 1
Chosen chr at iteration 1


Iteration 2
2	deque([(('37', 'h'), ('46', 't')), (('79', 'h'), ('37', 't')), (('46', 'h'), ('79', 't'))])

Chosen seed at iteration 2: 1
Chosen chr at iteration 2


Iteration 3
3	deque([(('67', 'h'), ('76', 't')), (('38', 'h'), ('67', 't')), (('52', 'h'), ('38', 't')), (('85', 't'), ('52', 't')), (('85', 'h'), ('43', 'h')), (('62', 't'), ('43', 't')), (('62', 'h'), ('14', 'h')), (('53', 'h'), ('14', 't')), (('76', 'h'), ('53', 't'))])
3	deque([(('22', 'h'), ('22', 't'))])

Chosen seed at iteration 3: 2
Chosen chr at iteration 3


Iteration 4
4	deque([(('76', 'h'), ('53', 't')), (('67', 'h'), ('76', 't')), (('38', 'h'), ('67', 't')), (('52', 'h'), ('38', 't')), (('86', 'h'), ('52', 't')), (('43', 'h'), ('86', 't')), (('62', 't'), ('43', 't')), (('62', 'h'), ('14', 'h')), (('53', 'h'), ('14', 't'))])

Chosen seed at iteration 4: 1
Chosen chr at iteration 4


Iteration 5
Iteration 1
1	deque([(('85', 'h'), ('43', 'h')), (('63', 'h'), ('43', 't')), (('73', 'h'), ('63', 't')), (('15', 'h'), ('73', 't')), (('22', 't'), ('15', 't')), (('22', 'h'), ('21', 't')), (('77', 'h'), ('21', 'h')), (('70', 'h'), ('77', 't')), (('68', 'h'), ('70', 't')), (('82', 'h'), ('68', 't')), (('82', 't'), ('74', 't')), (('74', 'h'), ('66', 'h')), (('38', 'h'), ('66', 't')), (('52', 'h'), ('38', 't')), (('85', 't'), ('52', 't'))])

Chosen seed at iteration 1: 1
Chosen chr at iteration 1


Iteration 2
2	deque([(('85', 't'), ('52', 't')), (('52', 'h'), ('38', 't')), (('38', 'h'), ('66', 't')), (('66', 'h'), ('72', 't')), (('72', 'h'), ('68', 't')), (('68', 'h'), ('70', 't')), (('70', 'h'), ('77', 't')), (('77', 'h'), ('21', 'h')), (('22', 'h'), ('21', 't')), (('22', 't'), ('15', 't')), (('15', 'h'), ('73', 't')), (('73', 'h'), ('63', 't')), (('63', 'h'), ('43', 't')), (('85', 'h'), ('43', 'h'))])

Chosen seed at iteration 2: 1
Chosen chr at iteration 2


Iteration 3
3	deque([(('33', 'h'), ('33', 't'))])

Chosen seed at iteration 3: 1
Chosen chr at iteration 3


Iteration 4
Iteration 1
Iteration 1
Iteration 1
Iteration 1
Iteration 1
