Iteration 1
1	deque([(('49', 'h'), ('178', 't')), (('178', 'h'), ('154', 't')), (('154', 'h'), ('135', 't')), (('135', 'h'), ('176', 't')), (('176', 'h'), ('49', 't'))])

Chosen seed at iteration 1: 1
Chosen chr at iteration 1


Iteration 2
Iteration 1
1	deque([(('188', 'h'), ('186', 'h')), (('41', 'h'), ('188', 't')), (('100', 't'), ('41', 't')), (('100', 'h'), ('61', 'h')), (('96', 'h'), ('61', 't')), (('122', 'h'), ('96', 't')), (('101', 'h'), ('122', 't')), (('101', 't'), ('63', 't')), (('107', 'h'), ('63', 'h')), (('163', 'h'), ('107', 't')), (('163', 't'), ('159', 't')), (('159', 'h'), ('48', 't')), (('195', 'h'), ('48', 'h')), (('212', 'h'), ('195', 't')), (('212', 't'), ('208', 't')), (('210', 'h'), ('208', 'h')), (('210', 't'), ('120', 't')), (('120', 'h'), ('186', 't'))])
1	deque([(('176', 'h'), ('49', 't')), (('135', 'h'), ('176', 't')), (('154', 'h'), ('135', 't')), (('178', 'h'), ('154', 't')), (('49', 'h'), ('178', 't'))])

Chosen seed at iteration 1: 2
Chosen chr at iteration 1


Iteration 2
2	deque([(('135', 'h'), ('176', 't')), (('176', 'h'), ('52', 'h')), (('193', 'h'), ('52', 't')), (('212', 'h'), ('193', 't')), (('212', 't'), ('208', 't')), (('210', 'h'), ('208', 'h')), (('210', 't'), ('120', 't')), (('120', 'h'), ('186', 't')), (('186', 'h'), ('191', 't')), (('191', 'h'), ('147', 't')), (('147', 'h'), ('135', 't'))])

Chosen seed at iteration 2: 1
Chosen chr at iteration 2


Iteration 3
Iteration 1
1	deque([(('49', 'h'), ('178', 't')), (('178', 'h'), ('154', 't')), (('154', 'h'), ('135', 't')), (('135', 'h'), ('176', 't')), (('176', 'h'), ('49', 't'))])

Chosen seed at iteration 1: 1
Chosen chr at iteration 1


Iteration 2
Iteration 1
1	deque([(('154', 'h'), ('135', 't')), (('135', 'h'), ('176', 't')), (('176', 'h'), ('49', 't')), (('49', 'h'), ('178', 't')), (('178', 'h'), ('154', 't'))])

Chosen seed at iteration 1: 1
Chosen chr at iteration 1


Iteration 2
Iteration 1
1	deque([(('176', 'h'), ('49', 't')), (('135', 'h'), ('176', 't')), (('154', 'h'), ('135', 't')), (('178', 'h'), ('154', 't')), (('49', 'h'), ('178', 't'))])

Chosen seed at iteration 1: 1
Chosen chr at iteration 1


Iteration 2
Iteration 1
Iteration 1
Iteration 1
1	deque([(('212', 't'), ('208', 't')), (('212', 'h'), ('194', 't')), (('194', 'h'), ('32', 'h')), (('137', 't'), ('32', 't')), (('144', 'h'), ('137', 'h')), (('181', 't'), ('144', 't')), (('181', 'h'), ('92', 'h')), (('164', 'h'), ('92', 't')), (('164', 't'), ('89', 't')), (('89', 'h'), ('138', 't')), (('138', 'h'), ('156', 't')), (('156', 'h'), ('69', 'h')), (('190', 't'), ('69', 't')), (('190', 'h'), ('186', 'h')), (('120', 'h'), ('186', 't')), (('210', 't'), ('120', 't')), (('210', 'h'), ('208', 'h'))])

Chosen seed at iteration 1: 1
Chosen chr at iteration 1


Iteration 2
Iteration 1
1	deque([(('187', 'h'), ('189', 't')), (('189', 'h'), ('45', 't')), (('194', 'h'), ('45', 'h')), (('212', 'h'), ('194', 't')), (('212', 't'), ('208', 't')), (('210', 'h'), ('208', 'h')), (('210', 't'), ('120', 't')), (('120', 'h'), ('187', 't'))])

Chosen seed at iteration 1: 1
Chosen chr at iteration 1


Iteration 2
Iteration 1
Iteration 1
Iteration 1
1	deque([(('205', 'h'), ('21', 't')), (('207', 't'), ('205', 't')), (('207', 'h'), ('94', 'h')), (('217', 'h'), ('94', 't')), (('141', 'h'), ('217', 't')), (('214', 't'), ('141', 't')), (('214', 'h'), ('200', 'h')), (('200', 't'), ('87', 't')), (('87', 'h'), ('149', 't')), (('170', 'h'), ('149', 'h')), (('21', 'h'), ('170', 't'))])

Chosen seed at iteration 1: 1
Chosen chr at iteration 1


Iteration 2
Iteration 1
Iteration 1
Iteration 1
Iteration 1
Iteration 1
Iteration 1
Iteration 1
Iteration 1
1	deque([(('192', 'h'), ('62', 'h')), (('212', 'h'), ('192', 't')), (('212', 't'), ('208', 't')), (('210', 'h'), ('208', 'h')), (('210', 't'), ('120', 't')), (('120', 'h'), ('187', 't')), (('190', 'h'), ('187', 'h')), (('190', 't'), ('62', 't'))])

Chosen seed at iteration 1: 1
Chosen chr at iteration 1


Iteration 2
2	deque([(('210', 'h'), ('208', 'h')), (('212', 't'), ('208', 't')), (('212', 'h'), ('192', 't')), (('192', 'h'), ('62', 'h')), (('190', 't'), ('62', 't')), (('190', 'h'), ('186', 'h')), (('120', 'h'), ('186', 't')), (('210', 't'), ('120', 't'))])

Chosen seed at iteration 2: 1
Chosen chr at iteration 2


Iteration 3
Iteration 1
1	deque([(('212', 'h'), ('192', 't')), (('212', 't'), ('208', 't')), (('210', 'h'), ('208', 'h')), (('210', 't'), ('120', 't')), (('120', 'h'), ('187', 't')), (('187', 'h'), ('189', 't')), (('189', 'h'), ('7', 't')), (('192', 'h'), ('7', 'h'))])

Chosen seed at iteration 1: 1
Chosen chr at iteration 1


Iteration 2
Iteration 1
1	deque([(('187', 'h'), ('191', 't')), (('191', 'h'), ('70', 'h')), (('193', 'h'), ('70', 't')), (('212', 'h'), ('193', 't')), (('212', 't'), ('208', 't')), (('210', 'h'), ('208', 'h')), (('210', 't'), ('120', 't')), (('120', 'h'), ('187', 't'))])

Chosen seed at iteration 1: 1
Chosen chr at iteration 1


Iteration 2
2	deque([(('94', 'h'), ('180', 't')), (('180', 'h'), ('33', 't')), (('33', 'h'), ('108', 't')), (('108', 'h'), ('78', 'h')), (('157', 'h'), ('78', 't')), (('87', 'h'), ('157', 't')), (('209', 'h'), ('87', 't')), (('203', 'h'), ('209', 't')), (('203', 't'), ('141', 't')), (('141', 'h'), ('217', 't')), (('217', 'h'), ('94', 't'))])
2	deque([(('212', 't'), ('208', 't')), (('212', 'h'), ('193', 't')), (('193', 'h'), ('70', 't')), (('191', 'h'), ('70', 'h')), (('186', 'h'), ('191', 't')), (('120', 'h'), ('186', 't')), (('210', 't'), ('120', 't')), (('210', 'h'), ('208', 'h'))])

Chosen seed at iteration 2: 1
Chosen chr at iteration 2


Iteration 3
3	deque([(('212', 'h'), ('193', 't')), (('212', 't'), ('208', 't')), (('210', 'h'), ('208', 'h')), (('210', 't'), ('120', 't')), (('120', 'h'), ('186', 't')), (('186', 'h'), ('191', 't')), (('191', 'h'), ('70', 'h')), (('193', 'h'), ('70', 't'))])

Chosen seed at iteration 3: 1
Chosen chr at iteration 3


Iteration 4
Iteration 1
1	deque([(('207', 't'), ('205', 't')), (('205', 'h'), ('201', 't')), (('201', 'h'), ('22', 't')), (('22', 'h'), ('34', 't')), (('191', 'h'), ('34', 'h')), (('187', 'h'), ('191', 't')), (('120', 'h'), ('187', 't')), (('210', 't'), ('120', 't')), (('210', 'h'), ('208', 'h')), (('212', 't'), ('208', 't')), (('212', 'h'), ('192', 't')), (('192', 'h'), ('29', 't')), (('157', 'h'), ('29', 'h')), (('87', 'h'), ('157', 't')), (('209', 'h'), ('87', 't')), (('203', 'h'), ('209', 't')), (('203', 't'), ('141', 't')), (('141', 'h'), ('217', 't')), (('217', 'h'), ('94', 't')), (('207', 'h'), ('94', 'h'))])

Chosen seed at iteration 1: 1
Chosen chr at iteration 1


Iteration 2
2	deque([(('210', 'h'), ('208', 'h')), (('210', 't'), ('120', 't')), (('120', 'h'), ('186', 't')), (('186', 'h'), ('191', 't')), (('191', 'h'), ('34', 'h')), (('22', 'h'), ('34', 't')), (('201', 'h'), ('22', 't')), (('205', 'h'), ('201', 't')), (('207', 't'), ('205', 't')), (('207', 'h'), ('94', 'h')), (('217', 'h'), ('94', 't')), (('141', 'h'), ('217', 't')), (('203', 't'), ('141', 't')), (('203', 'h'), ('209', 't')), (('209', 'h'), ('87', 't')), (('87', 'h'), ('157', 't')), (('157', 'h'), ('29', 'h')), (('192', 'h'), ('29', 't')), (('212', 'h'), ('192', 't')), (('212', 't'), ('208', 't'))])

Chosen seed at iteration 2: 1
Chosen chr at iteration 2


Iteration 3
Iteration 1
Iteration 1
Iteration 1
Iteration 1
Iteration 1
Iteration 1
Iteration 1
Iteration 1
Iteration 1
Iteration 1
Iteration 1
Iteration 1
Iteration 1
Iteration 1
Iteration 1
Iteration 1
Iteration 1
Iteration 1
Iteration 1
Iteration 1
Iteration 1
Iteration 1
Iteration 1
Iteration 1
Iteration 1
Iteration 1
Iteration 1
Iteration 1
Iteration 1
Iteration 1
Iteration 1
Iteration 1
