Iteration 1
1	deque([(('64_1', 'h'), ('42_4', 'h')), (('92_4', 'h'), ('42_4', 't')), (('92_4', 't'), ('52_1', 't')), (('52_1', 'h'), ('38_5', 't')), (('90_4', 'h'), ('38_5', 'h')), (('73_0', 'h'), ('90_4', 't')), (('73_0', 't'), ('50_5', 't')), (('80_1', 'h'), ('50_5', 'h')), (('66_3', 'h'), ('80_1', 't')), (('81_4', 't'), ('66_3', 't')), (('81_4', 'h'), ('70_1', 'h')), (('25_1', 'h'), ('70_1', 't')), (('45_2', 't'), ('25_1', 't')), (('45_2', 'h'), ('29_1', 'h')), (('51_2', 't'), ('29_1', 't')), (('51_2', 'h'), ('44_1', 'h')), (('47_2', 't'), ('44_1', 't')), (('47_2', 'h'), ('59_0', 't')), (('59_0', 'h'), ('46_6', 't')), (('46_6', 'h'), ('17_0', 't')), (('17_0', 'h'), ('64_1', 't'))])
1	deque([(('36_1', 'h'), ('23_0', 't')), (('40_1', 'h'), ('36_1', 't')), (('23_0', 'h'), ('40_1', 't'))])
1	deque([(('63_1', 'h'), ('69_2', 't')), (('53_0', 'h'), ('63_1', 't')), (('62_0', 'h'), ('53_0', 't')), (('84_0', 'h'), ('62_0', 't')), (('56_3', 'h'), ('84_0', 't')), (('68_5', 't'), ('56_3', 't')), (('68_5', 'h'), ('37_0', 't')), (('76_1', 'h'), ('37_0', 'h')), (('69_2', 'h'), ('76_1', 't'))])

Chosen seed at iteration 1: 1
Chosen chr at iteration 1



Chosen seed at iteration 2: 2
Chosen chr at iteration 2



Chosen seed at iteration 3: 3
Chosen chr at iteration 3


Iteration 4
4	deque([(('90_1', 'h'), ('38_4', 'h')), (('73_1', 'h'), ('90_1', 't')), (('73_1', 't'), ('50_7', 't')), (('80_2', 'h'), ('50_7', 'h')), (('66_0', 'h'), ('80_2', 't')), (('81_0', 't'), ('66_0', 't')), (('81_0', 'h'), ('70_1', 'h')), (('25_1', 'h'), ('70_1', 't')), (('45_3', 't'), ('25_1', 't')), (('45_3', 'h'), ('29_1', 'h')), (('51_1', 't'), ('29_1', 't')), (('51_1', 'h'), ('44_1', 'h')), (('47_0', 't'), ('44_1', 't')), (('47_0', 'h'), ('59_0', 't')), (('59_0', 'h'), ('46_0', 't')), (('46_0', 'h'), ('17_0', 't')), (('17_0', 'h'), ('64_2', 't')), (('64_2', 'h'), ('42_0', 'h')), (('92_0', 'h'), ('42_0', 't')), (('92_0', 't'), ('52_1', 't')), (('52_1', 'h'), ('38_4', 't'))])
4	deque([(('45_4', 'h'), ('35_0', 'h')), (('82_0', 'h'), ('35_0', 't')), (('82_0', 't'), ('45_4', 't'))])

Chosen seed at iteration 4: 1
Chosen chr at iteration 4



Chosen seed at iteration 5: 2
Chosen chr at iteration 5


Iteration 1
1	deque([(('47_2', 't'), ('44_0', 't')), (('51_0', 'h'), ('44_0', 'h')), (('51_0', 't'), ('29_0', 't')), (('45_0', 'h'), ('29_0', 'h')), (('45_0', 't'), ('25_0', 't')), (('25_0', 'h'), ('70_2', 't')), (('81_4', 'h'), ('70_2', 'h')), (('81_4', 't'), ('66_7', 't')), (('66_7', 'h'), ('80_3', 't')), (('80_3', 'h'), ('50_9', 'h')), (('73_5', 't'), ('50_9', 't')), (('91_2', 'h'), ('73_5', 'h')), (('38_0', 'h'), ('91_2', 't')), (('58_4', 't'), ('38_0', 't')), (('58_4', 'h'), ('87_0', 't')), (('93_4', 'h'), ('87_0', 'h')), (('93_4', 't'), ('42_10', 't')), (('64_3', 'h'), ('42_10', 'h')), (('17_1', 'h'), ('64_3', 't')), (('46_5', 'h'), ('17_1', 't')), (('59_1', 'h'), ('46_5', 't')), (('47_2', 'h'), ('59_1', 't'))])
1	deque([(('68_0', 't'), ('56_3', 't')), (('56_3', 'h'), ('86_3', 't')), (('86_3', 'h'), ('61_2', 't')), (('61_2', 'h'), ('60_3', 't')), (('60_3', 'h'), ('54_3', 't')), (('54_3', 'h'), ('69_0', 't')), (('69_0', 'h'), ('76_2', 't')), (('76_2', 'h'), ('37_1', 'h')), (('68_0', 'h'), ('37_1', 't'))])
1	deque([(('23_0', 'h'), ('40_0', 't')), (('40_0', 'h'), ('36_1', 't')), (('36_1', 'h'), ('23_0', 't'))])

Chosen seed at iteration 1: 1
Chosen chr at iteration 1



Chosen seed at iteration 2: 2
Chosen chr at iteration 2



Chosen seed at iteration 3: 3
Chosen chr at iteration 3


Iteration 4
4	deque([(('86_2', 'h'), ('61_1', 't')), (('56_2', 'h'), ('86_2', 't')), (('68_5', 't'), ('56_2', 't')), (('68_5', 'h'), ('37_1', 't')), (('76_2', 'h'), ('37_1', 'h')), (('69_1', 'h'), ('76_2', 't')), (('54_2', 'h'), ('69_1', 't')), (('60_1', 'h'), ('54_2', 't')), (('61_1', 'h'), ('60_1', 't'))])

Chosen seed at iteration 4: 1
Chosen chr at iteration 4


Iteration 1
1	deque([(('40_0', 'h'), ('36_4', 't')), (('23_0', 'h'), ('40_0', 't')), (('36_4', 'h'), ('23_0', 't'))])

Chosen seed at iteration 1: 1
Chosen chr at iteration 1


Iteration 2
2	deque([(('36_1', 'h'), ('23_2', 't')), (('40_0', 'h'), ('36_1', 't')), (('23_2', 'h'), ('40_0', 't'))])
2	deque([(('20_1', 'h'), ('20_1', 't'))])

Chosen seed at iteration 2: 1
Chosen chr at iteration 2



Chosen seed at iteration 3: 2
Chosen chr at iteration 3


Iteration 4
4	deque([(('20_0', 'h'), ('20_0', 't'))])
4	deque([(('85_0', 'h'), ('75_1', 'h')), (('69_2', 'h'), ('75_1', 't')), (('54_0', 'h'), ('69_2', 't')), (('85_0', 't'), ('54_0', 't'))])
4	deque([(('40_0', 'h'), ('36_4', 't')), (('23_2', 'h'), ('40_0', 't')), (('36_4', 'h'), ('23_2', 't'))])

Chosen seed at iteration 4: 1
Chosen chr at iteration 4



Chosen seed at iteration 5: 2
Chosen chr at iteration 5



Chosen seed at iteration 6: 3
Chosen chr at iteration 6


Iteration 1
1	deque([(('54_6', 'h'), ('69_0', 't')), (('85_2', 't'), ('54_6', 't')), (('85_2', 'h'), ('75_2', 'h')), (('69_0', 'h'), ('75_2', 't'))])
1	deque([(('20_1', 'h'), ('20_1', 't'))])

Chosen seed at iteration 1: 1
Chosen chr at iteration 1



Chosen seed at iteration 2: 2
Chosen chr at iteration 2


Iteration 3
3	deque([(('69_6', 'h'), ('75_0', 't')), (('85_1', 'h'), ('75_0', 'h')), (('85_1', 't'), ('54_6', 't')), (('54_6', 'h'), ('69_6', 't'))])

Chosen seed at iteration 3: 1
Chosen chr at iteration 3


Iteration 4
4	deque([(('85_2', 'h'), ('75_2', 'h')), (('85_2', 't'), ('54_6', 't')), (('54_6', 'h'), ('69_8', 't')), (('69_8', 'h'), ('75_2', 't'))])

Chosen seed at iteration 4: 1
Chosen chr at iteration 4


Iteration 1
1	deque([(('20_1', 'h'), ('20_1', 't'))])

Chosen seed at iteration 1: 1
Chosen chr at iteration 1


Iteration 2
2	deque([(('54_5', 'h'), ('69_5', 't')), (('85_1', 't'), ('54_5', 't')), (('85_1', 'h'), ('75_0', 'h')), (('69_5', 'h'), ('75_0', 't'))])

Chosen seed at iteration 2: 1
Chosen chr at iteration 2


Iteration 3
3	deque([(('85_1', 'h'), ('75_0', 'h')), (('69_0', 'h'), ('75_0', 't')), (('54_5', 'h'), ('69_0', 't')), (('85_1', 't'), ('54_5', 't'))])

Chosen seed at iteration 3: 1
Chosen chr at iteration 3


Iteration 4
Iteration 1
1	deque([(('20_1', 'h'), ('20_1', 't'))])

Chosen seed at iteration 1: 1
Chosen chr at iteration 1


Iteration 2
Iteration 1
Iteration 1
Iteration 1
Iteration 1
Iteration 1
Iteration 1
Iteration 1
Iteration 1
Iteration 1
Iteration 1
Iteration 1
