Iteration 1
1	deque([(('23_22', 'h'), ('23_5', 't')), (('23_5', 'h'), ('23_19', 't')), (('23_19', 'h'), ('23_12', 't')), (('23_12', 'h'), ('23_22', 't'))])
1	deque([(('23_9', 'h'), ('23_7', 't')), (('23_2', 'h'), ('23_9', 't')), (('23_6', 'h'), ('23_2', 't')), (('23_21', 'h'), ('23_6', 't')), (('23_11', 'h'), ('23_21', 't')), (('23_17', 'h'), ('23_11', 't')), (('23_8', 'h'), ('23_17', 't')), (('23_4', 'h'), ('23_8', 't')), (('23_14', 'h'), ('23_4', 't')), (('23_1', 'h'), ('23_14', 't')), (('23_0', 'h'), ('23_1', 't')), (('23_18', 'h'), ('23_0', 't')), (('23_15', 'h'), ('23_18', 't')), (('23_20', 'h'), ('23_15', 't')), (('23_10', 'h'), ('23_20', 't')), (('23_13', 'h'), ('23_10', 't')), (('23_16', 'h'), ('23_13', 't')), (('23_3', 'h'), ('23_16', 't')), (('23_7', 'h'), ('23_3', 't'))])

Chosen seed at iteration 1: 1
Chosen chr at iteration 1


Iteration 2
2	deque([(('23_21', 'h'), ('23_19', 't')), (('23_19', 'h'), ('23_12', 't')), (('23_12', 'h'), ('23_22', 't')), (('23_22', 'h'), ('23_5', 't')), (('23_5', 'h'), ('23_17', 't')), (('23_17', 'h'), ('23_11', 't')), (('23_11', 'h'), ('23_21', 't'))])
2	deque([(('23_15', 'h'), ('23_18', 't')), (('23_18', 'h'), ('23_0', 't')), (('23_0', 'h'), ('23_1', 't')), (('23_1', 'h'), ('23_14', 't')), (('23_14', 'h'), ('23_4', 't')), (('23_4', 'h'), ('23_8', 't')), (('23_8', 'h'), ('23_6', 't')), (('23_6', 'h'), ('23_2', 't')), (('23_2', 'h'), ('23_9', 't')), (('23_9', 'h'), ('23_7', 't')), (('23_7', 'h'), ('23_3', 't')), (('23_3', 'h'), ('23_16', 't')), (('23_16', 'h'), ('23_13', 't')), (('23_13', 'h'), ('23_10', 't')), (('23_10', 'h'), ('23_20', 't')), (('23_20', 'h'), ('23_15', 't'))])

Chosen seed at iteration 2: 1
Chosen chr at iteration 2


Iteration 3
3	deque([(('23_17', 'h'), ('23_11', 't')), (('23_5', 'h'), ('23_17', 't')), (('23_22', 'h'), ('23_5', 't')), (('23_12', 'h'), ('23_22', 't')), (('23_19', 'h'), ('23_12', 't')), (('23_3', 'h'), ('23_19', 't')), (('23_7', 'h'), ('23_3', 't')), (('23_21', 'h'), ('23_7', 't')), (('23_11', 'h'), ('23_21', 't'))])
3	deque([(('23_0', 'h'), ('23_1', 't')), (('23_1', 'h'), ('23_14', 't')), (('23_14', 'h'), ('23_4', 't')), (('23_4', 'h'), ('23_8', 't')), (('23_8', 'h'), ('23_6', 't')), (('23_6', 'h'), ('23_2', 't')), (('23_2', 'h'), ('23_9', 't')), (('23_9', 'h'), ('23_16', 't')), (('23_16', 'h'), ('23_13', 't')), (('23_13', 'h'), ('23_10', 't')), (('23_10', 'h'), ('23_20', 't')), (('23_20', 'h'), ('23_15', 't')), (('23_15', 'h'), ('23_18', 't')), (('23_18', 'h'), ('23_0', 't'))])

Chosen seed at iteration 3: 2
Chosen chr at iteration 3


Iteration 4
4	deque([(('23_20', 'h'), ('23_15', 't')), (('23_10', 'h'), ('23_20', 't')), (('23_13', 'h'), ('23_10', 't')), (('23_16', 'h'), ('23_13', 't')), (('23_9', 'h'), ('23_16', 't')), (('23_2', 'h'), ('23_9', 't')), (('23_0', 'h'), ('23_2', 't')), (('23_6', 'h'), ('23_0', 't')), (('23_8', 'h'), ('23_6', 't')), (('23_4', 'h'), ('23_8', 't')), (('23_14', 'h'), ('23_4', 't')), (('23_1', 'h'), ('23_14', 't')), (('23_18', 'h'), ('23_1', 't')), (('23_15', 'h'), ('23_18', 't'))])
4	deque([(('23_17', 'h'), ('23_11', 't')), (('23_11', 'h'), ('23_21', 't')), (('23_21', 'h'), ('23_7', 't')), (('23_7', 'h'), ('23_3', 't')), (('23_3', 'h'), ('23_19', 't')), (('23_19', 'h'), ('23_12', 't')), (('23_12', 'h'), ('23_22', 't')), (('23_22', 'h'), ('23_5', 't')), (('23_5', 'h'), ('23_17', 't'))])

Chosen seed at iteration 4: 2
Chosen chr at iteration 4


Iteration 5
5	deque([(('23_22', 'h'), ('23_5', 't')), (('23_5', 'h'), ('23_17', 't')), (('23_17', 'h'), ('23_18', 't')), (('23_18', 'h'), ('23_1', 't')), (('23_1', 'h'), ('23_14', 't')), (('23_14', 'h'), ('23_4', 't')), (('23_4', 'h'), ('23_8', 't')), (('23_8', 'h'), ('23_6', 't')), (('23_6', 'h'), ('23_0', 't')), (('23_0', 'h'), ('23_2', 't')), (('23_2', 'h'), ('23_9', 't')), (('23_9', 'h'), ('23_7', 't')), (('23_7', 'h'), ('23_3', 't')), (('23_3', 'h'), ('23_16', 't')), (('23_16', 'h'), ('23_13', 't')), (('23_13', 'h'), ('23_10', 't')), (('23_10', 'h'), ('23_20', 't')), (('23_20', 'h'), ('23_15', 't')), (('23_15', 'h'), ('23_11', 't')), (('23_11', 'h'), ('23_21', 't')), (('23_21', 'h'), ('23_19', 't')), (('23_19', 'h'), ('23_12', 't')), (('23_12', 'h'), ('23_22', 't'))])

Chosen seed at iteration 5: 1
Chosen chr at iteration 5


Iteration 6
6	deque([(('23_4', 'h'), ('23_8', 't')), (('23_8', 'h'), ('23_10', 't')), (('23_10', 'h'), ('23_20', 't')), (('23_20', 'h'), ('23_15', 't')), (('23_15', 'h'), ('23_18', 't')), (('23_18', 'h'), ('23_0', 't')), (('23_0', 'h'), ('23_7', 't')), (('23_7', 'h'), ('23_3', 't')), (('23_3', 'h'), ('23_19', 't')), (('23_19', 'h'), ('23_12', 't')), (('23_12', 'h'), ('23_22', 't')), (('23_22', 'h'), ('23_5', 't')), (('23_5', 'h'), ('23_17', 't')), (('23_17', 'h'), ('23_11', 't')), (('23_11', 'h'), ('23_21', 't')), (('23_21', 'h'), ('23_6', 't')), (('23_6', 'h'), ('23_1', 't')), (('23_1', 'h'), ('23_14', 't')), (('23_14', 'h'), ('23_4', 't'))])
6	deque([(('23_2', 'h'), ('23_9', 't')), (('23_13', 'h'), ('23_2', 't')), (('23_16', 'h'), ('23_13', 't')), (('23_9', 'h'), ('23_16', 't'))])

Chosen seed at iteration 6: 2
Chosen chr at iteration 6


Iteration 7
7	deque([(('23_4', 'h'), ('23_8', 't')), (('23_14', 'h'), ('23_4', 't')), (('23_1', 'h'), ('23_14', 't')), (('23_6', 'h'), ('23_1', 't')), (('23_21', 'h'), ('23_6', 't')), (('23_11', 'h'), ('23_21', 't')), (('23_17', 'h'), ('23_11', 't')), (('23_5', 'h'), ('23_17', 't')), (('23_15', 'h'), ('23_5', 't')), (('23_20', 'h'), ('23_15', 't')), (('23_10', 'h'), ('23_20', 't')), (('23_8', 'h'), ('23_10', 't'))])
7	deque([(('23_7', 'h'), ('23_22', 't')), (('23_22', 'h'), ('23_3', 't')), (('23_3', 'h'), ('23_19', 't')), (('23_19', 'h'), ('23_12', 't')), (('23_12', 'h'), ('23_18', 't')), (('23_18', 'h'), ('23_0', 't')), (('23_0', 'h'), ('23_7', 't'))])
7	deque([(('23_13', 'h'), ('23_13', 't'))])
7	deque([(('23_2', 'h'), ('23_9', 't')), (('23_9', 'h'), ('23_16', 't')), (('23_16', 'h'), ('23_2', 't'))])

Chosen seed at iteration 7: 3
Chosen chr at iteration 7


Iteration 8
8	deque([(('23_0', 'h'), ('23_3', 't')), (('23_3', 'h'), ('23_4', 't')), (('23_4', 'h'), ('23_8', 't')), (('23_8', 'h'), ('23_20', 't')), (('23_20', 'h'), ('23_15', 't')), (('23_15', 'h'), ('23_19', 't')), (('23_19', 'h'), ('23_13', 't')), (('23_13', 'h'), ('23_10', 't')), (('23_10', 'h'), ('23_18', 't')), (('23_18', 'h'), ('23_2', 't')), (('23_2', 'h'), ('23_9', 't')), (('23_9', 'h'), ('23_16', 't')), (('23_16', 'h'), ('23_11', 't')), (('23_11', 'h'), ('23_21', 't')), (('23_21', 'h'), ('23_7', 't')), (('23_7', 'h'), ('23_0', 't'))])
8	deque([(('23_6', 'h'), ('23_1', 't')), (('23_22', 'h'), ('23_6', 't')), (('23_12', 'h'), ('23_22', 't')), (('23_17', 'h'), ('23_12', 't')), (('23_5', 'h'), ('23_17', 't')), (('23_14', 'h'), ('23_5', 't')), (('23_1', 'h'), ('23_14', 't'))])

Chosen seed at iteration 8: 1
Chosen chr at iteration 8


Iteration 9
9	deque([(('23_17', 'h'), ('23_9', 't')), (('23_9', 'h'), ('23_6', 't')), (('23_6', 'h'), ('23_12', 't')), (('23_12', 'h'), ('23_4', 't')), (('23_4', 'h'), ('23_7', 't')), (('23_7', 'h'), ('23_1', 't')), (('23_1', 'h'), ('23_22', 't')), (('23_22', 'h'), ('23_14', 't')), (('23_14', 'h'), ('23_13', 't')), (('23_13', 'h'), ('23_17', 't'))])
9	deque([(('23_5', 'h'), ('23_0', 't')), (('23_0', 'h'), ('23_21', 't')), (('23_21', 'h'), ('23_15', 't')), (('23_15', 'h'), ('23_19', 't')), (('23_19', 'h'), ('23_8', 't')), (('23_8', 'h'), ('23_11', 't')), (('23_11', 'h'), ('23_10', 't')), (('23_10', 'h'), ('23_18', 't')), (('23_18', 'h'), ('23_3', 't')), (('23_3', 'h'), ('23_20', 't')), (('23_20', 'h'), ('23_16', 't')), (('23_16', 'h'), ('23_5', 't'))])
9	deque([(('23_2', 'h'), ('23_2', 't'))])

Chosen seed at iteration 9: 3
Chosen chr at iteration 9


Iteration 10
10	deque([(('23_2', 'h'), ('23_3', 't')), (('23_13', 'h'), ('23_2', 't')), (('23_6', 'h'), ('23_13', 't')), (('23_16', 'h'), ('23_6', 't')), (('23_21', 'h'), ('23_16', 't')), (('23_0', 'h'), ('23_21', 't')), (('23_5', 'h'), ('23_0', 't')), (('23_12', 'h'), ('23_5', 't')), (('23_8', 'h'), ('23_12', 't')), (('23_4', 'h'), ('23_8', 't')), (('23_18', 'h'), ('23_4', 't')), (('23_15', 'h'), ('23_18', 't')), (('23_22', 'h'), ('23_15', 't')), (('23_3', 'h'), ('23_22', 't'))])
10	deque([(('23_11', 'h'), ('23_11', 't'))])
10	deque([(('23_20', 'h'), ('23_17', 't')), (('23_14', 'h'), ('23_20', 't')), (('23_19', 'h'), ('23_14', 't')), (('23_1', 'h'), ('23_19', 't')), (('23_7', 'h'), ('23_1', 't')), (('23_9', 'h'), ('23_7', 't')), (('23_10', 'h'), ('23_9', 't')), (('23_17', 'h'), ('23_10', 't'))])

Chosen seed at iteration 10: 2
Chosen chr at iteration 10


Iteration 11
11	deque([(('23_13', 'h'), ('23_3', 't')), (('23_6', 'h'), ('23_13', 't')), (('23_12', 'h'), ('23_6', 't')), (('23_11', 'h'), ('23_12', 't')), (('23_17', 'h'), ('23_11', 't')), (('23_14', 'h'), ('23_17', 't')), (('23_21', 'h'), ('23_14', 't')), (('23_0', 'h'), ('23_21', 't')), (('23_5', 'h'), ('23_0', 't')), (('23_18', 'h'), ('23_5', 't')), (('23_20', 'h'), ('23_18', 't')), (('23_22', 'h'), ('23_20', 't')), (('23_3', 'h'), ('23_22', 't'))])
11	deque([(('23_4', 'h'), ('23_8', 't')), (('23_2', 'h'), ('23_4', 't')), (('23_15', 'h'), ('23_2', 't')), (('23_19', 'h'), ('23_15', 't')), (('23_1', 'h'), ('23_19', 't')), (('23_7', 'h'), ('23_1', 't')), (('23_9', 'h'), ('23_7', 't')), (('23_10', 'h'), ('23_9', 't')), (('23_8', 'h'), ('23_10', 't'))])
11	deque([(('23_16', 'h'), ('23_16', 't'))])

Chosen seed at iteration 11: 3
Chosen chr at iteration 11


Iteration 12
12	deque([(('23_9', 'h'), ('23_7', 't')), (('23_10', 'h'), ('23_9', 't')), (('23_8', 'h'), ('23_10', 't')), (('23_4', 'h'), ('23_8', 't')), (('23_2', 'h'), ('23_4', 't')), (('23_15', 'h'), ('23_2', 't')), (('23_21', 'h'), ('23_15', 't')), (('23_0', 'h'), ('23_21', 't')), (('23_5', 'h'), ('23_0', 't')), (('23_11', 'h'), ('23_5', 't')), (('23_19', 'h'), ('23_11', 't')), (('23_20', 'h'), ('23_19', 't')), (('23_14', 'h'), ('23_20', 't')), (('23_22', 'h'), ('23_14', 't')), (('23_1', 'h'), ('23_22', 't')), (('23_7', 'h'), ('23_1', 't'))])
12	deque([(('23_16', 'h'), ('23_17', 't')), (('23_17', 'h'), ('23_12', 't')), (('23_12', 'h'), ('23_18', 't')), (('23_18', 'h'), ('23_6', 't')), (('23_6', 'h'), ('23_13', 't')), (('23_13', 'h'), ('23_3', 't')), (('23_3', 'h'), ('23_16', 't'))])

Chosen seed at iteration 12: 1
Chosen chr at iteration 12


Iteration 13
13	deque([(('23_17', 'h'), ('23_12', 't')), (('23_12', 'h'), ('23_18', 't')), (('23_18', 'h'), ('23_6', 't')), (('23_6', 'h'), ('23_13', 't')), (('23_13', 'h'), ('23_3', 't')), (('23_3', 'h'), ('23_22', 't')), (('23_22', 'h'), ('23_14', 't')), (('23_14', 'h'), ('23_9', 't')), (('23_9', 'h'), ('23_7', 't')), (('23_7', 'h'), ('23_2', 't')), (('23_2', 'h'), ('23_1', 't')), (('23_1', 'h'), ('23_20', 't')), (('23_20', 'h'), ('23_19', 't')), (('23_19', 'h'), ('23_11', 't')), (('23_11', 'h'), ('23_0', 't')), (('23_0', 'h'), ('23_4', 't')), (('23_4', 'h'), ('23_8', 't')), (('23_8', 'h'), ('23_10', 't')), (('23_10', 'h'), ('23_16', 't')), (('23_16', 'h'), ('23_17', 't'))])
13	deque([(('23_5', 'h'), ('23_21', 't')), (('23_15', 'h'), ('23_5', 't')), (('23_21', 'h'), ('23_15', 't'))])

Chosen seed at iteration 13: 2
Chosen chr at iteration 13


Iteration 14
14	deque([(('23_4', 'h'), ('23_0', 't')), (('23_0', 'h'), ('23_18', 't')), (('23_18', 'h'), ('23_1', 't')), (('23_1', 'h'), ('23_10', 't')), (('23_10', 'h'), ('23_15', 't')), (('23_15', 'h'), ('23_14', 't')), (('23_14', 'h'), ('23_22', 't')), (('23_22', 'h'), ('23_12', 't')), (('23_12', 'h'), ('23_11', 't')), (('23_11', 'h'), ('23_17', 't')), (('23_17', 'h'), ('23_13', 't')), (('23_13', 'h'), ('23_19', 't')), (('23_19', 'h'), ('23_6', 't')), (('23_6', 'h'), ('23_7', 't')), (('23_7', 'h'), ('23_8', 't')), (('23_8', 'h'), ('23_2', 't')), (('23_2', 'h'), ('23_21', 't')), (('23_21', 'h'), ('23_5', 't')), (('23_5', 'h'), ('23_20', 't')), (('23_20', 'h'), ('23_4', 't'))])
14	deque([(('23_3', 'h'), ('23_16', 't')), (('23_9', 'h'), ('23_3', 't')), (('23_16', 'h'), ('23_9', 't'))])

Chosen seed at iteration 14: 1
Chosen chr at iteration 14


Iteration 15
15	deque([(('23_22', 'h'), ('23_12', 't')), (('23_14', 'h'), ('23_22', 't')), (('23_15', 'h'), ('23_14', 't')), (('23_10', 'h'), ('23_15', 't')), (('23_1', 'h'), ('23_10', 't')), (('23_2', 'h'), ('23_1', 't')), (('23_5', 'h'), ('23_2', 't')), (('23_21', 'h'), ('23_5', 't')), (('23_18', 'h'), ('23_21', 't')), (('23_0', 'h'), ('23_18', 't')), (('23_8', 'h'), ('23_0', 't')), (('23_16', 'h'), ('23_8', 't')), (('23_3', 'h'), ('23_16', 't')), (('23_6', 'h'), ('23_3', 't')), (('23_19', 'h'), ('23_6', 't')), (('23_13', 'h'), ('23_19', 't')), (('23_17', 'h'), ('23_13', 't')), (('23_11', 'h'), ('23_17', 't')), (('23_12', 'h'), ('23_11', 't'))])
15	deque([(('23_4', 'h'), ('23_20', 't')), (('23_20', 'h'), ('23_4', 't'))])
15	deque([(('23_7', 'h'), ('23_7', 't'))])
15	deque([(('23_9', 'h'), ('23_9', 't'))])

Chosen seed at iteration 15: 4
Chosen chr at iteration 15


Iteration 16
16	deque([(('23_19', 'h'), ('23_7', 't')), (('23_7', 'h'), ('23_4', 't')), (('23_4', 'h'), ('23_21', 't')), (('23_21', 'h'), ('23_17', 't')), (('23_17', 'h'), ('23_13', 't')), (('23_13', 'h'), ('23_20', 't')), (('23_20', 'h'), ('23_5', 't')), (('23_5', 'h'), ('23_14', 't')), (('23_14', 'h'), ('23_9', 't')), (('23_9', 'h'), ('23_3', 't')), (('23_3', 'h'), ('23_22', 't')), (('23_22', 'h'), ('23_12', 't')), (('23_12', 'h'), ('23_19', 't'))])
16	deque([(('23_2', 'h'), ('23_1', 't')), (('23_18', 'h'), ('23_2', 't')), (('23_0', 'h'), ('23_18', 't')), (('23_8', 'h'), ('23_0', 't')), (('23_11', 'h'), ('23_8', 't')), (('23_6', 'h'), ('23_11', 't')), (('23_1', 'h'), ('23_6', 't'))])
16	deque([(('23_16', 'h'), ('23_10', 't')), (('23_10', 'h'), ('23_16', 't'))])
16	deque([(('23_15', 'h'), ('23_15', 't'))])

Chosen seed at iteration 16: 4
Chosen chr at iteration 16


Iteration 17
17	deque([(('23_1', 'h'), ('23_6', 't')), (('23_6', 'h'), ('23_5', 't')), (('23_5', 'h'), ('23_2', 't')), (('23_2', 'h'), ('23_1', 't'))])
17	deque([(('23_15', 'h'), ('23_20', 't')), (('23_20', 'h'), ('23_18', 't')), (('23_18', 'h'), ('23_3', 't')), (('23_3', 'h'), ('23_22', 't')), (('23_22', 'h'), ('23_14', 't')), (('23_14', 'h'), ('23_9', 't')), (('23_9', 'h'), ('23_10', 't')), (('23_10', 'h'), ('23_16', 't')), (('23_16', 'h'), ('23_11', 't')), (('23_11', 'h'), ('23_8', 't')), (('23_8', 'h'), ('23_0', 't')), (('23_0', 'h'), ('23_4', 't')), (('23_4', 'h'), ('23_21', 't')), (('23_21', 'h'), ('23_13', 't')), (('23_13', 'h'), ('23_12', 't')), (('23_12', 'h'), ('23_19', 't')), (('23_19', 'h'), ('23_15', 't'))])
17	deque([(('23_17', 'h'), ('23_17', 't'))])
17	deque([(('23_7', 'h'), ('23_7', 't'))])

Chosen seed at iteration 17: 2
Chosen chr at iteration 17


Iteration 18
18	deque([(('23_13', 'h'), ('23_5', 't')), (('23_11', 'h'), ('23_13', 't')), (('23_8', 'h'), ('23_11', 't')), (('23_18', 'h'), ('23_8', 't')), (('23_14', 'h'), ('23_18', 't')), (('23_17', 'h'), ('23_14', 't')), (('23_21', 'h'), ('23_17', 't')), (('23_6', 'h'), ('23_21', 't')), (('23_15', 'h'), ('23_6', 't')), (('23_19', 'h'), ('23_15', 't')), (('23_16', 'h'), ('23_19', 't')), (('23_22', 'h'), ('23_16', 't')), (('23_0', 'h'), ('23_22', 't')), (('23_10', 'h'), ('23_0', 't')), (('23_9', 'h'), ('23_10', 't')), (('23_3', 'h'), ('23_9', 't')), (('23_4', 'h'), ('23_3', 't')), (('23_7', 'h'), ('23_4', 't')), (('23_12', 'h'), ('23_7', 't')), (('23_20', 'h'), ('23_12', 't')), (('23_1', 'h'), ('23_20', 't')), (('23_2', 'h'), ('23_1', 't')), (('23_5', 'h'), ('23_2', 't'))])

Chosen seed at iteration 18: 1
Chosen chr at iteration 18


Iteration 19
19	deque([(('23_11', 'h'), ('23_0', 't')), (('23_13', 'h'), ('23_11', 't')), (('23_4', 'h'), ('23_13', 't')), (('23_6', 'h'), ('23_4', 't')), (('23_21', 'h'), ('23_6', 't')), (('23_7', 'h'), ('23_21', 't')), (('23_19', 'h'), ('23_7', 't')), (('23_5', 'h'), ('23_19', 't')), (('23_0', 'h'), ('23_5', 't'))])
19	deque([(('23_15', 'h'), ('23_9', 't')), (('23_9', 'h'), ('23_22', 't')), (('23_22', 'h'), ('23_12', 't')), (('23_12', 'h'), ('23_18', 't')), (('23_18', 'h'), ('23_2', 't')), (('23_2', 'h'), ('23_3', 't')), (('23_3', 'h'), ('23_16', 't')), (('23_16', 'h'), ('23_10', 't')), (('23_10', 'h'), ('23_15', 't'))])
19	deque([(('23_14', 'h'), ('23_8', 't')), (('23_17', 'h'), ('23_14', 't')), (('23_20', 'h'), ('23_17', 't')), (('23_8', 'h'), ('23_20', 't'))])
19	deque([(('23_1', 'h'), ('23_1', 't'))])

Chosen seed at iteration 19: 1
Chosen chr at iteration 19


Iteration 20
20	deque([(('23_11', 'h'), ('23_1', 't')), (('23_15', 'h'), ('23_11', 't')), (('23_10', 'h'), ('23_15', 't')), (('23_21', 'h'), ('23_10', 't')), (('23_1', 'h'), ('23_21', 't'))])
20	deque([(('23_12', 'h'), ('23_5', 't')), (('23_5', 'h'), ('23_3', 't')), (('23_3', 'h'), ('23_13', 't')), (('23_13', 'h'), ('23_12', 't'))])
20	deque([(('23_14', 'h'), ('23_4', 't')), (('23_4', 'h'), ('23_14', 't'))])
20	deque([(('23_0', 'h'), ('23_6', 't')), (('23_6', 'h'), ('23_22', 't')), (('23_22', 'h'), ('23_7', 't')), (('23_7', 'h'), ('23_19', 't')), (('23_19', 'h'), ('23_2', 't')), (('23_2', 'h'), ('23_18', 't')), (('23_18', 'h'), ('23_16', 't')), (('23_16', 'h'), ('23_9', 't')), (('23_9', 'h'), ('23_0', 't'))])
20	deque([(('23_8', 'h'), ('23_20', 't')), (('23_20', 'h'), ('23_8', 't'))])
20	deque([(('23_17', 'h'), ('23_17', 't'))])

Chosen seed at iteration 20: 1
Chosen chr at iteration 20


Iteration 21
21	deque([(('23_2', 'h'), ('23_9', 't')), (('23_11', 'h'), ('23_2', 't')), (('23_4', 'h'), ('23_11', 't')), (('23_12', 'h'), ('23_4', 't')), (('23_8', 'h'), ('23_12', 't')), (('23_14', 'h'), ('23_8', 't')), (('23_1', 'h'), ('23_14', 't')), (('23_10', 'h'), ('23_1', 't')), (('23_9', 'h'), ('23_10', 't'))])
21	deque([(('23_3', 'h'), ('23_0', 't')), (('23_22', 'h'), ('23_3', 't')), (('23_6', 'h'), ('23_22', 't')), (('23_0', 'h'), ('23_6', 't'))])
21	deque([(('23_17', 'h'), ('23_18', 't')), (('23_18', 'h'), ('23_7', 't')), (('23_7', 'h'), ('23_5', 't')), (('23_5', 'h'), ('23_16', 't')), (('23_16', 'h'), ('23_20', 't')), (('23_20', 'h'), ('23_21', 't')), (('23_21', 'h'), ('23_13', 't')), (('23_13', 'h'), ('23_15', 't')), (('23_15', 'h'), ('23_17', 't'))])
21	deque([(('23_19', 'h'), ('23_19', 't'))])

Chosen seed at iteration 21: 2
Chosen chr at iteration 21


Iteration 22
22	deque([(('23_18', 'h'), ('23_4', 't')), (('23_5', 'h'), ('23_18', 't')), (('23_8', 'h'), ('23_5', 't')), (('23_6', 'h'), ('23_8', 't')), (('23_15', 'h'), ('23_6', 't')), (('23_16', 'h'), ('23_15', 't')), (('23_11', 'h'), ('23_16', 't')), (('23_0', 'h'), ('23_11', 't')), (('23_9', 'h'), ('23_0', 't')), (('23_2', 'h'), ('23_9', 't')), (('23_7', 'h'), ('23_2', 't')), (('23_13', 'h'), ('23_7', 't')), (('23_22', 'h'), ('23_13', 't')), (('23_4', 'h'), ('23_22', 't'))])
22	deque([(('23_1', 'h'), ('23_3', 't')), (('23_10', 'h'), ('23_1', 't')), (('23_19', 'h'), ('23_10', 't')), (('23_12', 'h'), ('23_19', 't')), (('23_21', 'h'), ('23_12', 't')), (('23_3', 'h'), ('23_21', 't'))])
22	deque([(('23_17', 'h'), ('23_20', 't')), (('23_14', 'h'), ('23_17', 't')), (('23_20', 'h'), ('23_14', 't'))])

Chosen seed at iteration 22: 3
Chosen chr at iteration 22


Iteration 23
23	deque([(('23_21', 'h'), ('23_5', 't')), (('23_5', 'h'), ('23_18', 't')), (('23_18', 'h'), ('23_4', 't')), (('23_4', 'h'), ('23_22', 't')), (('23_22', 'h'), ('23_13', 't')), (('23_13', 'h'), ('23_7', 't')), (('23_7', 'h'), ('23_2', 't')), (('23_2', 'h'), ('23_9', 't')), (('23_9', 'h'), ('23_19', 't')), (('23_19', 'h'), ('23_10', 't')), (('23_10', 'h'), ('23_1', 't')), (('23_1', 'h'), ('23_3', 't')), (('23_3', 'h'), ('23_21', 't'))])
23	deque([(('23_12', 'h'), ('23_16', 't')), (('23_16', 'h'), ('23_15', 't')), (('23_15', 'h'), ('23_6', 't')), (('23_6', 'h'), ('23_8', 't')), (('23_8', 'h'), ('23_0', 't')), (('23_0', 'h'), ('23_11', 't')), (('23_11', 'h'), ('23_17', 't')), (('23_17', 'h'), ('23_20', 't')), (('23_20', 'h'), ('23_14', 't')), (('23_14', 'h'), ('23_12', 't'))])

Chosen seed at iteration 23: 1
Chosen chr at iteration 23


Iteration 24
24	deque([(('23_0', 'h'), ('23_6', 't')), (('23_6', 'h'), ('23_1', 't')), (('23_1', 'h'), ('23_0', 't'))])
24	deque([(('23_2', 'h'), ('23_11', 't')), (('23_11', 'h'), ('23_2', 't'))])
24	deque([(('23_14', 'h'), ('23_8', 't')), (('23_8', 'h'), ('23_10', 't')), (('23_10', 'h'), ('23_21', 't')), (('23_21', 'h'), ('23_13', 't')), (('23_13', 'h'), ('23_15', 't')), (('23_15', 'h'), ('23_17', 't')), (('23_17', 'h'), ('23_18', 't')), (('23_18', 'h'), ('23_7', 't')), (('23_7', 'h'), ('23_5', 't')), (('23_5', 'h'), ('23_16', 't')), (('23_16', 'h'), ('23_20', 't')), (('23_20', 'h'), ('23_22', 't')), (('23_22', 'h'), ('23_12', 't')), (('23_12', 'h'), ('23_4', 't')), (('23_4', 'h'), ('23_9', 't')), (('23_9', 'h'), ('23_14', 't'))])
24	deque([(('23_3', 'h'), ('23_3', 't'))])
24	deque([(('23_19', 'h'), ('23_19', 't'))])

Chosen seed at iteration 24: 4
Chosen chr at iteration 24


Iteration 25
25	deque([(('23_20', 'h'), ('23_5', 't')), (('23_12', 'h'), ('23_20', 't')), (('23_16', 'h'), ('23_12', 't')), (('23_13', 'h'), ('23_16', 't')), (('23_21', 'h'), ('23_13', 't')), (('23_3', 'h'), ('23_21', 't')), (('23_2', 'h'), ('23_3', 't')), (('23_1', 'h'), ('23_2', 't')), (('23_6', 'h'), ('23_1', 't')), (('23_11', 'h'), ('23_6', 't')), (('23_5', 'h'), ('23_11', 't'))])
25	deque([(('23_0', 'h'), ('23_8', 't')), (('23_8', 'h'), ('23_22', 't')), (('23_22', 'h'), ('23_15', 't')), (('23_15', 'h'), ('23_14', 't')), (('23_14', 'h'), ('23_7', 't')), (('23_7', 'h'), ('23_9', 't')), (('23_9', 'h'), ('23_0', 't'))])
25	deque([(('23_10', 'h'), ('23_18', 't')), (('23_18', 'h'), ('23_19', 't')), (('23_19', 'h'), ('23_4', 't')), (('23_4', 'h'), ('23_17', 't')), (('23_17', 'h'), ('23_10', 't'))])

Chosen seed at iteration 25: 1
Chosen chr at iteration 25


Iteration 26
26	deque([(('23_3', 'h'), ('23_18', 't')), (('23_18', 'h'), ('23_10', 't')), (('23_10', 'h'), ('23_21', 't')), (('23_21', 'h'), ('23_19', 't')), (('23_19', 'h'), ('23_15', 't')), (('23_15', 'h'), ('23_8', 't')), (('23_8', 'h'), ('23_12', 't')), (('23_12', 'h'), ('23_4', 't')), (('23_4', 'h'), ('23_9', 't')), (('23_9', 'h'), ('23_11', 't')), (('23_11', 'h'), ('23_2', 't')), (('23_2', 'h'), ('23_5', 't')), (('23_5', 'h'), ('23_22', 't')), (('23_22', 'h'), ('23_3', 't'))])
26	deque([(('23_7', 'h'), ('23_6', 't')), (('23_6', 'h'), ('23_13', 't')), (('23_13', 'h'), ('23_14', 't')), (('23_14', 'h'), ('23_20', 't')), (('23_20', 'h'), ('23_17', 't')), (('23_17', 'h'), ('23_16', 't')), (('23_16', 'h'), ('23_0', 't')), (('23_0', 'h'), ('23_7', 't'))])
26	deque([(('23_1', 'h'), ('23_1', 't'))])

Chosen seed at iteration 26: 3
Chosen chr at iteration 26


Iteration 27
27	deque([(('23_16', 'h'), ('23_15', 't')), (('23_15', 'h'), ('23_11', 't')), (('23_11', 'h'), ('23_13', 't')), (('23_13', 'h'), ('23_9', 't')), (('23_9', 'h'), ('23_0', 't')), (('23_0', 'h'), ('23_7', 't')), (('23_7', 'h'), ('23_6', 't')), (('23_6', 'h'), ('23_3', 't')), (('23_3', 'h'), ('23_14', 't')), (('23_14', 'h'), ('23_10', 't')), (('23_10', 'h'), ('23_22', 't')), (('23_22', 'h'), ('23_8', 't')), (('23_8', 'h'), ('23_1', 't')), (('23_1', 'h'), ('23_4', 't')), (('23_4', 'h'), ('23_2', 't')), (('23_2', 'h'), ('23_5', 't')), (('23_5', 'h'), ('23_20', 't')), (('23_20', 'h'), ('23_18', 't')), (('23_18', 'h'), ('23_16', 't'))])
27	deque([(('23_19', 'h'), ('23_17', 't')), (('23_17', 'h'), ('23_21', 't')), (('23_21', 'h'), ('23_12', 't')), (('23_12', 'h'), ('23_19', 't'))])

Chosen seed at iteration 27: 2
Chosen chr at iteration 27


Iteration 28
28	deque([(('23_0', 'h'), ('23_11', 't')), (('23_11', 'h'), ('23_13', 't')), (('23_13', 'h'), ('23_21', 't')), (('23_21', 'h'), ('23_12', 't')), (('23_12', 'h'), ('23_19', 't')), (('23_19', 'h'), ('23_17', 't')), (('23_17', 'h'), ('23_9', 't')), (('23_9', 'h'), ('23_20', 't')), (('23_20', 'h'), ('23_15', 't')), (('23_15', 'h'), ('23_7', 't')), (('23_7', 'h'), ('23_0', 't'))])
28	deque([(('23_10', 'h'), ('23_22', 't')), (('23_14', 'h'), ('23_10', 't')), (('23_3', 'h'), ('23_14', 't')), (('23_6', 'h'), ('23_3', 't')), (('23_16', 'h'), ('23_6', 't')), (('23_18', 'h'), ('23_16', 't')), (('23_5', 'h'), ('23_18', 't')), (('23_2', 'h'), ('23_5', 't')), (('23_4', 'h'), ('23_2', 't')), (('23_1', 'h'), ('23_4', 't')), (('23_8', 'h'), ('23_1', 't')), (('23_22', 'h'), ('23_8', 't'))])

Chosen seed at iteration 28: 2
Chosen chr at iteration 28


Iteration 29
29	deque([(('23_5', 'h'), ('23_1', 't')), (('23_1', 'h'), ('23_16', 't')), (('23_16', 'h'), ('23_9', 't')), (('23_9', 'h'), ('23_0', 't')), (('23_0', 'h'), ('23_7', 't')), (('23_7', 'h'), ('23_15', 't')), (('23_15', 'h'), ('23_19', 't')), (('23_19', 'h'), ('23_14', 't')), (('23_14', 'h'), ('23_11', 't')), (('23_11', 'h'), ('23_2', 't')), (('23_2', 'h'), ('23_22', 't')), (('23_22', 'h'), ('23_8', 't')), (('23_8', 'h'), ('23_13', 't')), (('23_13', 'h'), ('23_18', 't')), (('23_18', 'h'), ('23_10', 't')), (('23_10', 'h'), ('23_3', 't')), (('23_3', 'h'), ('23_20', 't')), (('23_20', 'h'), ('23_12', 't')), (('23_12', 'h'), ('23_5', 't'))])
29	deque([(('23_6', 'h'), ('23_6', 't'))])
29	deque([(('23_17', 'h'), ('23_21', 't')), (('23_21', 'h'), ('23_17', 't'))])
29	deque([(('23_4', 'h'), ('23_4', 't'))])

Chosen seed at iteration 29: 2
Chosen chr at iteration 29


Iteration 30
30	deque([(('23_21', 'h'), ('23_17', 't')), (('23_17', 'h'), ('23_22', 't')), (('23_22', 'h'), ('23_9', 't')), (('23_9', 'h'), ('23_19', 't')), (('23_19', 'h'), ('23_15', 't')), (('23_15', 'h'), ('23_0', 't')), (('23_0', 'h'), ('23_7', 't')), (('23_7', 'h'), ('23_5', 't')), (('23_5', 'h'), ('23_1', 't')), (('23_1', 'h'), ('23_16', 't')), (('23_16', 'h'), ('23_21', 't'))])
30	deque([(('23_4', 'h'), ('23_4', 't'))])
30	deque([(('23_2', 'h'), ('23_10', 't')), (('23_10', 'h'), ('23_3', 't')), (('23_3', 'h'), ('23_20', 't')), (('23_20', 'h'), ('23_13', 't')), (('23_13', 'h'), ('23_18', 't')), (('23_18', 'h'), ('23_11', 't')), (('23_11', 'h'), ('23_2', 't'))])
30	deque([(('23_14', 'h'), ('23_12', 't')), (('23_12', 'h'), ('23_6', 't')), (('23_6', 'h'), ('23_8', 't')), (('23_8', 'h'), ('23_14', 't'))])

Chosen seed at iteration 30: 2
Chosen chr at iteration 30


Iteration 31
31	deque([(('23_8', 'h'), ('23_3', 't')), (('23_18', 'h'), ('23_8', 't')), (('23_13', 'h'), ('23_18', 't')), (('23_19', 'h'), ('23_13', 't')), (('23_22', 'h'), ('23_19', 't')), (('23_17', 'h'), ('23_22', 't')), (('23_12', 'h'), ('23_17', 't')), (('23_21', 'h'), ('23_12', 't')), (('23_10', 'h'), ('23_21', 't')), (('23_6', 'h'), ('23_10', 't')), (('23_0', 'h'), ('23_6', 't')), (('23_1', 'h'), ('23_0', 't')), (('23_5', 'h'), ('23_1', 't')), (('23_14', 'h'), ('23_5', 't')), (('23_9', 'h'), ('23_14', 't')), (('23_4', 'h'), ('23_9', 't')), (('23_2', 'h'), ('23_4', 't')), (('23_11', 'h'), ('23_2', 't')), (('23_20', 'h'), ('23_11', 't')), (('23_3', 'h'), ('23_20', 't'))])
31	deque([(('23_7', 'h'), ('23_7', 't'))])
31	deque([(('23_16', 'h'), ('23_15', 't')), (('23_15', 'h'), ('23_16', 't'))])

Chosen seed at iteration 31: 3
Chosen chr at iteration 31


Iteration 32
32	deque([(('23_8', 'h'), ('23_3', 't')), (('23_3', 'h'), ('23_20', 't')), (('23_20', 'h'), ('23_11', 't')), (('23_11', 'h'), ('23_16', 't')), (('23_16', 'h'), ('23_15', 't')), (('23_15', 'h'), ('23_9', 't')), (('23_9', 'h'), ('23_14', 't')), (('23_14', 'h'), ('23_2', 't')), (('23_2', 'h'), ('23_4', 't')), (('23_4', 'h'), ('23_5', 't')), (('23_5', 'h'), ('23_1', 't')), (('23_1', 'h'), ('23_0', 't')), (('23_0', 'h'), ('23_6', 't')), (('23_6', 'h'), ('23_10', 't')), (('23_10', 'h'), ('23_21', 't')), (('23_21', 'h'), ('23_12', 't')), (('23_12', 'h'), ('23_17', 't')), (('23_17', 'h'), ('23_22', 't')), (('23_22', 'h'), ('23_19', 't')), (('23_19', 'h'), ('23_13', 't')), (('23_13', 'h'), ('23_18', 't')), (('23_18', 'h'), ('23_8', 't'))])
32	deque([(('23_7', 'h'), ('23_7', 't'))])

Chosen seed at iteration 32: 2
Chosen chr at iteration 32


Iteration 33
33	deque([(('23_11', 'h'), ('23_17', 't')), (('23_17', 'h'), ('23_21', 't')), (('23_21', 'h'), ('23_13', 't')), (('23_13', 'h'), ('23_2', 't')), (('23_2', 'h'), ('23_4', 't')), (('23_4', 'h'), ('23_5', 't')), (('23_5', 'h'), ('23_1', 't')), (('23_1', 'h'), ('23_0', 't')), (('23_0', 'h'), ('23_7', 't')), (('23_7', 'h'), ('23_11', 't'))])
33	deque([(('23_6', 'h'), ('23_8', 't')), (('23_14', 'h'), ('23_6', 't')), (('23_19', 'h'), ('23_14', 't')), (('23_22', 'h'), ('23_19', 't')), (('23_8', 'h'), ('23_22', 't'))])
33	deque([(('23_10', 'h'), ('23_3', 't')), (('23_15', 'h'), ('23_10', 't')), (('23_9', 'h'), ('23_15', 't')), (('23_18', 'h'), ('23_9', 't')), (('23_16', 'h'), ('23_18', 't')), (('23_12', 'h'), ('23_16', 't')), (('23_20', 'h'), ('23_12', 't')), (('23_3', 'h'), ('23_20', 't'))])

Chosen seed at iteration 33: 3
Chosen chr at iteration 33


Iteration 34
34	deque([(('23_19', 'h'), ('23_22', 't')), (('23_21', 'h'), ('23_19', 't')), (('23_15', 'h'), ('23_21', 't')), (('23_4', 'h'), ('23_15', 't')), (('23_10', 'h'), ('23_4', 't')), (('23_2', 'h'), ('23_10', 't')), (('23_11', 'h'), ('23_2', 't')), (('23_16', 'h'), ('23_11', 't')), (('23_17', 'h'), ('23_16', 't')), (('23_22', 'h'), ('23_17', 't'))])
34	deque([(('23_18', 'h'), ('23_12', 't')), (('23_12', 'h'), ('23_9', 't')), (('23_9', 'h'), ('23_0', 't')), (('23_0', 'h'), ('23_7', 't')), (('23_7', 'h'), ('23_18', 't'))])
34	deque([(('23_13', 'h'), ('23_20', 't')), (('23_14', 'h'), ('23_13', 't')), (('23_20', 'h'), ('23_14', 't'))])
34	deque([(('23_8', 'h'), ('23_3', 't')), (('23_6', 'h'), ('23_8', 't')), (('23_3', 'h'), ('23_6', 't'))])
34	deque([(('23_1', 'h'), ('23_5', 't')), (('23_5', 'h'), ('23_1', 't'))])

Chosen seed at iteration 34: 5
Chosen chr at iteration 34


Iteration 35
35	deque([(('23_9', 'h'), ('23_17', 't')), (('23_8', 'h'), ('23_9', 't')), (('23_15', 'h'), ('23_8', 't')), (('23_21', 'h'), ('23_15', 't')), (('23_13', 'h'), ('23_21', 't')), (('23_14', 'h'), ('23_13', 't')), (('23_20', 'h'), ('23_14', 't')), (('23_12', 'h'), ('23_20', 't')), (('23_7', 'h'), ('23_12', 't')), (('23_17', 'h'), ('23_7', 't'))])
35	deque([(('23_1', 'h'), ('23_6', 't')), (('23_6', 'h'), ('23_5', 't')), (('23_5', 'h'), ('23_22', 't')), (('23_22', 'h'), ('23_3', 't')), (('23_3', 'h'), ('23_2', 't')), (('23_2', 'h'), ('23_10', 't')), (('23_10', 'h'), ('23_4', 't')), (('23_4', 'h'), ('23_1', 't'))])
35	deque([(('23_16', 'h'), ('23_19', 't')), (('23_19', 'h'), ('23_16', 't'))])
35	deque([(('23_0', 'h'), ('23_18', 't')), (('23_11', 'h'), ('23_0', 't')), (('23_18', 'h'), ('23_11', 't'))])

Chosen seed at iteration 35: 1
Chosen chr at iteration 35


Iteration 36
36	deque([(('23_1', 'h'), ('23_6', 't')), (('23_6', 'h'), ('23_5', 't')), (('23_5', 'h'), ('23_22', 't')), (('23_22', 'h'), ('23_3', 't')), (('23_3', 'h'), ('23_2', 't')), (('23_2', 'h'), ('23_10', 't')), (('23_10', 'h'), ('23_4', 't')), (('23_4', 'h'), ('23_1', 't'))])
36	deque([(('23_17', 'h'), ('23_7', 't')), (('23_7', 'h'), ('23_12', 't')), (('23_12', 'h'), ('23_21', 't')), (('23_21', 'h'), ('23_15', 't')), (('23_15', 'h'), ('23_8', 't')), (('23_8', 'h'), ('23_9', 't')), (('23_9', 'h'), ('23_17', 't'))])
36	deque([(('23_16', 'h'), ('23_20', 't')), (('23_20', 'h'), ('23_14', 't')), (('23_14', 'h'), ('23_13', 't')), (('23_13', 'h'), ('23_18', 't')), (('23_18', 'h'), ('23_11', 't')), (('23_11', 'h'), ('23_0', 't')), (('23_0', 'h'), ('23_19', 't')), (('23_19', 'h'), ('23_16', 't'))])

Chosen seed at iteration 36: 3
Chosen chr at iteration 36


Iteration 37
37	deque([(('23_7', 'h'), ('23_12', 't')), (('23_12', 'h'), ('23_20', 't')), (('23_20', 'h'), ('23_14', 't')), (('23_14', 'h'), ('23_13', 't')), (('23_13', 'h'), ('23_21', 't')), (('23_21', 'h'), ('23_15', 't')), (('23_15', 'h'), ('23_8', 't')), (('23_8', 'h'), ('23_9', 't')), (('23_9', 'h'), ('23_17', 't')), (('23_17', 'h'), ('23_18', 't')), (('23_18', 'h'), ('23_11', 't')), (('23_11', 'h'), ('23_0', 't')), (('23_0', 'h'), ('23_7', 't'))])
37	deque([(('23_16', 'h'), ('23_19', 't')), (('23_19', 'h'), ('23_16', 't'))])
37	deque([(('23_10', 'h'), ('23_4', 't')), (('23_2', 'h'), ('23_10', 't')), (('23_3', 'h'), ('23_2', 't')), (('23_22', 'h'), ('23_3', 't')), (('23_5', 'h'), ('23_22', 't')), (('23_6', 'h'), ('23_5', 't')), (('23_1', 'h'), ('23_6', 't')), (('23_4', 'h'), ('23_1', 't'))])

Chosen seed at iteration 37: 2
Chosen chr at iteration 37


Iteration 38
38	deque([(('23_18', 'h'), ('23_11', 't')), (('23_12', 'h'), ('23_18', 't')), (('23_7', 'h'), ('23_12', 't')), (('23_0', 'h'), ('23_7', 't')), (('23_11', 'h'), ('23_0', 't'))])
38	deque([(('23_14', 'h'), ('23_13', 't')), (('23_13', 'h'), ('23_21', 't')), (('23_21', 'h'), ('23_15', 't')), (('23_15', 'h'), ('23_8', 't')), (('23_8', 'h'), ('23_9', 't')), (('23_9', 'h'), ('23_17', 't')), (('23_17', 'h'), ('23_19', 't')), (('23_19', 'h'), ('23_16', 't')), (('23_16', 'h'), ('23_20', 't')), (('23_20', 'h'), ('23_14', 't'))])
38	deque([(('23_10', 'h'), ('23_4', 't')), (('23_2', 'h'), ('23_10', 't')), (('23_3', 'h'), ('23_2', 't')), (('23_22', 'h'), ('23_3', 't')), (('23_5', 'h'), ('23_22', 't')), (('23_6', 'h'), ('23_5', 't')), (('23_1', 'h'), ('23_6', 't')), (('23_4', 'h'), ('23_1', 't'))])

Chosen seed at iteration 38: 3
Chosen chr at iteration 38


Iteration 39
39	deque([(('23_1', 'h'), ('23_17', 't')), (('23_17', 'h'), ('23_13', 't')), (('23_13', 'h'), ('23_14', 't')), (('23_14', 'h'), ('23_7', 't')), (('23_7', 'h'), ('23_5', 't')), (('23_5', 'h'), ('23_4', 't')), (('23_4', 'h'), ('23_6', 't')), (('23_6', 'h'), ('23_9', 't')), (('23_9', 'h'), ('23_10', 't')), (('23_10', 'h'), ('23_1', 't'))])
39	deque([(('23_22', 'h'), ('23_12', 't')), (('23_12', 'h'), ('23_0', 't')), (('23_0', 'h'), ('23_8', 't')), (('23_8', 'h'), ('23_3', 't')), (('23_3', 'h'), ('23_15', 't')), (('23_15', 'h'), ('23_11', 't')), (('23_11', 'h'), ('23_18', 't')), (('23_18', 'h'), ('23_2', 't')), (('23_2', 'h'), ('23_22', 't'))])
39	deque([(('23_16', 'h'), ('23_20', 't')), (('23_21', 'h'), ('23_16', 't')), (('23_19', 'h'), ('23_21', 't')), (('23_20', 'h'), ('23_19', 't'))])

Chosen seed at iteration 39: 1
Chosen chr at iteration 39


Iteration 40
40	deque([(('23_19', 'h'), ('23_20', 't')), (('23_20', 'h'), ('23_13', 't')), (('23_13', 'h'), ('23_3', 't')), (('23_3', 'h'), ('23_1', 't')), (('23_1', 'h'), ('23_18', 't')), (('23_18', 'h'), ('23_19', 't'))])
40	deque([(('23_5', 'h'), ('23_6', 't')), (('23_4', 'h'), ('23_5', 't')), (('23_10', 'h'), ('23_4', 't')), (('23_6', 'h'), ('23_10', 't'))])
40	deque([(('23_7', 'h'), ('23_22', 't')), (('23_22', 'h'), ('23_14', 't')), (('23_14', 'h'), ('23_15', 't')), (('23_15', 'h'), ('23_17', 't')), (('23_17', 'h'), ('23_12', 't')), (('23_12', 'h'), ('23_9', 't')), (('23_9', 'h'), ('23_0', 't')), (('23_0', 'h'), ('23_7', 't'))])
40	deque([(('23_21', 'h'), ('23_11', 't')), (('23_11', 'h'), ('23_2', 't')), (('23_2', 'h'), ('23_16', 't')), (('23_16', 'h'), ('23_8', 't')), (('23_8', 'h'), ('23_21', 't'))])

Chosen seed at iteration 40: 4
Chosen chr at iteration 40


Iteration 41
41	deque([(('23_1', 'h'), ('23_7', 't')), (('23_7', 'h'), ('23_9', 't')), (('23_9', 'h'), ('23_15', 't')), (('23_15', 'h'), ('23_11', 't')), (('23_11', 'h'), ('23_17', 't')), (('23_17', 'h'), ('23_13', 't')), (('23_13', 'h'), ('23_14', 't')), (('23_14', 'h'), ('23_2', 't')), (('23_2', 'h'), ('23_22', 't')), (('23_22', 'h'), ('23_12', 't')), (('23_12', 'h'), ('23_0', 't')), (('23_0', 'h'), ('23_18', 't')), (('23_18', 'h'), ('23_20', 't')), (('23_20', 'h'), ('23_19', 't')), (('23_19', 'h'), ('23_21', 't')), (('23_21', 'h'), ('23_16', 't')), (('23_16', 'h'), ('23_10', 't')), (('23_10', 'h'), ('23_4', 't')), (('23_4', 'h'), ('23_5', 't')), (('23_5', 'h'), ('23_6', 't')), (('23_6', 'h'), ('23_8', 't')), (('23_8', 'h'), ('23_3', 't')), (('23_3', 'h'), ('23_1', 't'))])

Chosen seed at iteration 41: 1
Chosen chr at iteration 41


Iteration 42
42	deque([(('23_7', 'h'), ('23_6', 't')), (('23_6', 'h'), ('23_10', 't')), (('23_10', 'h'), ('23_2', 't')), (('23_2', 'h'), ('23_20', 't')), (('23_20', 'h'), ('23_17', 't')), (('23_17', 'h'), ('23_19', 't')), (('23_19', 'h'), ('23_18', 't')), (('23_18', 'h'), ('23_13', 't')), (('23_13', 'h'), ('23_1', 't')), (('23_1', 'h'), ('23_8', 't')), (('23_8', 'h'), ('23_4', 't')), (('23_4', 'h'), ('23_9', 't')), (('23_9', 'h'), ('23_0', 't')), (('23_0', 'h'), ('23_7', 't'))])
42	deque([(('23_3', 'h'), ('23_5', 't')), (('23_5', 'h'), ('23_3', 't'))])
42	deque([(('23_12', 'h'), ('23_12', 't'))])
42	deque([(('23_11', 'h'), ('23_22', 't')), (('23_22', 'h'), ('23_16', 't')), (('23_16', 'h'), ('23_14', 't')), (('23_14', 'h'), ('23_15', 't')), (('23_15', 'h'), ('23_11', 't'))])
42	deque([(('23_21', 'h'), ('23_21', 't'))])

Chosen seed at iteration 42: 2
Chosen chr at iteration 42


Iteration 43
43	deque([(('23_4', 'h'), ('23_9', 't')), (('23_8', 'h'), ('23_4', 't')), (('23_1', 'h'), ('23_8', 't')), (('23_18', 'h'), ('23_1', 't')), (('23_20', 'h'), ('23_18', 't')), (('23_19', 'h'), ('23_20', 't')), (('23_16', 'h'), ('23_19', 't')), (('23_2', 'h'), ('23_16', 't')), (('23_10', 'h'), ('23_2', 't')), (('23_3', 'h'), ('23_10', 't')), (('23_0', 'h'), ('23_3', 't')), (('23_9', 'h'), ('23_0', 't'))])
43	deque([(('23_14', 'h'), ('23_5', 't')), (('23_15', 'h'), ('23_14', 't')), (('23_17', 'h'), ('23_15', 't')), (('23_11', 'h'), ('23_17', 't')), (('23_22', 'h'), ('23_11', 't')), (('23_12', 'h'), ('23_22', 't')), (('23_13', 'h'), ('23_12', 't')), (('23_21', 'h'), ('23_13', 't')), (('23_6', 'h'), ('23_21', 't')), (('23_7', 'h'), ('23_6', 't')), (('23_5', 'h'), ('23_7', 't'))])

Chosen seed at iteration 43: 1
Chosen chr at iteration 43


Iteration 44
44	deque([(('23_14', 'h'), ('23_13', 't')), (('23_13', 'h'), ('23_2', 't')), (('23_2', 'h'), ('23_20', 't')), (('23_20', 'h'), ('23_18', 't')), (('23_18', 'h'), ('23_19', 't')), (('23_19', 'h'), ('23_4', 't')), (('23_4', 'h'), ('23_3', 't')), (('23_3', 'h'), ('23_8', 't')), (('23_8', 'h'), ('23_5', 't')), (('23_5', 'h'), ('23_7', 't')), (('23_7', 'h'), ('23_6', 't')), (('23_6', 'h'), ('23_10', 't')), (('23_10', 'h'), ('23_21', 't')), (('23_21', 'h'), ('23_15', 't')), (('23_15', 'h'), ('23_14', 't'))])
44	deque([(('23_16', 'h'), ('23_9', 't')), (('23_1', 'h'), ('23_16', 't')), (('23_9', 'h'), ('23_1', 't'))])
44	deque([(('23_0', 'h'), ('23_0', 't'))])
44	deque([(('23_17', 'h'), ('23_12', 't')), (('23_12', 'h'), ('23_22', 't')), (('23_22', 'h'), ('23_11', 't')), (('23_11', 'h'), ('23_17', 't'))])

Chosen seed at iteration 44: 2
Chosen chr at iteration 44


Iteration 45
45	deque([(('23_22', 'h'), ('23_1', 't')), (('23_19', 'h'), ('23_22', 't')), (('23_20', 'h'), ('23_19', 't')), (('23_11', 'h'), ('23_20', 't')), (('23_3', 'h'), ('23_11', 't')), (('23_13', 'h'), ('23_3', 't')), (('23_15', 'h'), ('23_13', 't')), (('23_18', 'h'), ('23_15', 't')), (('23_16', 'h'), ('23_18', 't')), (('23_8', 'h'), ('23_16', 't')), (('23_0', 'h'), ('23_8', 't')), (('23_1', 'h'), ('23_0', 't'))])
45	deque([(('23_6', 'h'), ('23_10', 't')), (('23_7', 'h'), ('23_6', 't')), (('23_5', 'h'), ('23_7', 't')), (('23_21', 'h'), ('23_5', 't')), (('23_17', 'h'), ('23_21', 't')), (('23_14', 'h'), ('23_17', 't')), (('23_4', 'h'), ('23_14', 't')), (('23_2', 'h'), ('23_4', 't')), (('23_9', 'h'), ('23_2', 't')), (('23_12', 'h'), ('23_9', 't')), (('23_10', 'h'), ('23_12', 't'))])

Chosen seed at iteration 45: 2
Chosen chr at iteration 45


Iteration 46
46	deque([(('23_10', 'h'), ('23_6', 't')), (('23_15', 'h'), ('23_10', 't')), (('23_22', 'h'), ('23_15', 't')), (('23_18', 'h'), ('23_22', 't')), (('23_8', 'h'), ('23_18', 't')), (('23_3', 'h'), ('23_8', 't')), (('23_11', 'h'), ('23_3', 't')), (('23_7', 'h'), ('23_11', 't')), (('23_0', 'h'), ('23_7', 't')), (('23_1', 'h'), ('23_0', 't')), (('23_4', 'h'), ('23_1', 't')), (('23_14', 'h'), ('23_4', 't')), (('23_16', 'h'), ('23_14', 't')), (('23_6', 'h'), ('23_16', 't'))])
46	deque([(('23_21', 'h'), ('23_9', 't')), (('23_9', 'h'), ('23_13', 't')), (('23_13', 'h'), ('23_21', 't'))])
46	deque([(('23_17', 'h'), ('23_5', 't')), (('23_5', 'h'), ('23_17', 't'))])
46	deque([(('23_19', 'h'), ('23_12', 't')), (('23_12', 'h'), ('23_19', 't'))])
46	deque([(('23_20', 'h'), ('23_2', 't')), (('23_2', 'h'), ('23_20', 't'))])

Chosen seed at iteration 46: 1
Chosen chr at iteration 46


Iteration 47
47	deque([(('23_17', 'h'), ('23_1', 't')), (('23_7', 'h'), ('23_17', 't')), (('23_2', 'h'), ('23_7', 't')), (('23_14', 'h'), ('23_2', 't')), (('23_22', 'h'), ('23_14', 't')), (('23_20', 'h'), ('23_22', 't')), (('23_15', 'h'), ('23_20', 't')), (('23_16', 'h'), ('23_15', 't')), (('23_12', 'h'), ('23_16', 't')), (('23_18', 'h'), ('23_12', 't')), (('23_13', 'h'), ('23_18', 't')), (('23_19', 'h'), ('23_13', 't')), (('23_21', 'h'), ('23_19', 't')), (('23_10', 'h'), ('23_21', 't')), (('23_4', 'h'), ('23_10', 't')), (('23_11', 'h'), ('23_4', 't')), (('23_6', 'h'), ('23_11', 't')), (('23_3', 'h'), ('23_6', 't')), (('23_9', 'h'), ('23_3', 't')), (('23_1', 'h'), ('23_9', 't'))])
47	deque([(('23_8', 'h'), ('23_5', 't')), (('23_5', 'h'), ('23_8', 't'))])
47	deque([(('23_0', 'h'), ('23_0', 't'))])

Chosen seed at iteration 47: 3
Chosen chr at iteration 47


Iteration 48
48	deque([(('23_8', 'h'), ('23_6', 't')), (('23_0', 'h'), ('23_8', 't')), (('23_1', 'h'), ('23_0', 't')), (('23_20', 'h'), ('23_1', 't')), (('23_18', 'h'), ('23_20', 't')), (('23_5', 'h'), ('23_18', 't')), (('23_9', 'h'), ('23_5', 't')), (('23_15', 'h'), ('23_9', 't')), (('23_12', 'h'), ('23_15', 't')), (('23_21', 'h'), ('23_12', 't')), (('23_14', 'h'), ('23_21', 't')), (('23_16', 'h'), ('23_14', 't')), (('23_6', 'h'), ('23_16', 't'))])
48	deque([(('23_10', 'h'), ('23_2', 't')), (('23_2', 'h'), ('23_3', 't')), (('23_3', 'h'), ('23_19', 't')), (('23_19', 'h'), ('23_11', 't')), (('23_11', 'h'), ('23_13', 't')), (('23_13', 'h'), ('23_17', 't')), (('23_17', 'h'), ('23_7', 't')), (('23_7', 'h'), ('23_22', 't')), (('23_22', 'h'), ('23_4', 't')), (('23_4', 'h'), ('23_10', 't'))])

Chosen seed at iteration 48: 1
Chosen chr at iteration 48


Iteration 49
49	deque([(('23_1', 'h'), ('23_0', 't')), (('23_20', 'h'), ('23_1', 't')), (('23_18', 'h'), ('23_20', 't')), (('23_5', 'h'), ('23_18', 't')), (('23_9', 'h'), ('23_5', 't')), (('23_0', 'h'), ('23_9', 't'))])
49	deque([(('23_12', 'h'), ('23_15', 't')), (('23_21', 'h'), ('23_12', 't')), (('23_14', 'h'), ('23_21', 't')), (('23_16', 'h'), ('23_14', 't')), (('23_6', 'h'), ('23_16', 't')), (('23_8', 'h'), ('23_6', 't')), (('23_15', 'h'), ('23_8', 't'))])
49	deque([(('23_2', 'h'), ('23_3', 't')), (('23_10', 'h'), ('23_2', 't')), (('23_4', 'h'), ('23_10', 't')), (('23_22', 'h'), ('23_4', 't')), (('23_7', 'h'), ('23_22', 't')), (('23_17', 'h'), ('23_7', 't')), (('23_13', 'h'), ('23_17', 't')), (('23_11', 'h'), ('23_13', 't')), (('23_19', 'h'), ('23_11', 't')), (('23_3', 'h'), ('23_19', 't'))])

Chosen seed at iteration 49: 3
Chosen chr at iteration 49


Iteration 50
50	deque([(('23_12', 'h'), ('23_15', 't')), (('23_15', 'h'), ('23_8', 't')), (('23_8', 'h'), ('23_6', 't')), (('23_6', 'h'), ('23_16', 't')), (('23_16', 'h'), ('23_14', 't')), (('23_14', 'h'), ('23_21', 't')), (('23_21', 'h'), ('23_12', 't'))])
50	deque([(('23_1', 'h'), ('23_22', 't')), (('23_20', 'h'), ('23_1', 't')), (('23_18', 'h'), ('23_20', 't')), (('23_5', 'h'), ('23_18', 't')), (('23_9', 'h'), ('23_5', 't')), (('23_0', 'h'), ('23_9', 't')), (('23_7', 'h'), ('23_0', 't')), (('23_17', 'h'), ('23_7', 't')), (('23_13', 'h'), ('23_17', 't')), (('23_11', 'h'), ('23_13', 't')), (('23_19', 'h'), ('23_11', 't')), (('23_3', 'h'), ('23_19', 't')), (('23_2', 'h'), ('23_3', 't')), (('23_10', 'h'), ('23_2', 't')), (('23_4', 'h'), ('23_10', 't')), (('23_22', 'h'), ('23_4', 't'))])

Chosen seed at iteration 50: 2
Chosen chr at iteration 50


Iteration 51
51	deque([(('23_0', 'h'), ('23_10', 't')), (('23_1', 'h'), ('23_0', 't')), (('23_20', 'h'), ('23_1', 't')), (('23_4', 'h'), ('23_20', 't')), (('23_22', 'h'), ('23_4', 't')), (('23_7', 'h'), ('23_22', 't')), (('23_17', 'h'), ('23_7', 't')), (('23_13', 'h'), ('23_17', 't')), (('23_11', 'h'), ('23_13', 't')), (('23_19', 'h'), ('23_11', 't')), (('23_3', 'h'), ('23_19', 't')), (('23_2', 'h'), ('23_3', 't')), (('23_10', 'h'), ('23_2', 't'))])
51	deque([(('23_14', 'h'), ('23_21', 't')), (('23_21', 'h'), ('23_12', 't')), (('23_12', 'h'), ('23_15', 't')), (('23_15', 'h'), ('23_9', 't')), (('23_9', 'h'), ('23_5', 't')), (('23_5', 'h'), ('23_18', 't')), (('23_18', 'h'), ('23_8', 't')), (('23_8', 'h'), ('23_6', 't')), (('23_6', 'h'), ('23_16', 't')), (('23_16', 'h'), ('23_14', 't'))])

Chosen seed at iteration 51: 1
Chosen chr at iteration 51


Iteration 52
52	deque([(('23_19', 'h'), ('23_21', 't')), (('23_21', 'h'), ('23_20', 't')), (('23_20', 'h'), ('23_5', 't')), (('23_5', 'h'), ('23_3', 't')), (('23_3', 'h'), ('23_19', 't'))])
52	deque([(('23_15', 'h'), ('23_13', 't')), (('23_13', 'h'), ('23_9', 't')), (('23_9', 'h'), ('23_17', 't')), (('23_17', 'h'), ('23_4', 't')), (('23_4', 'h'), ('23_16', 't')), (('23_16', 'h'), ('23_6', 't')), (('23_6', 'h'), ('23_15', 't'))])
52	deque([(('23_14', 'h'), ('23_10', 't')), (('23_10', 'h'), ('23_2', 't')), (('23_2', 'h'), ('23_0', 't')), (('23_0', 'h'), ('23_11', 't')), (('23_11', 'h'), ('23_14', 't'))])
52	deque([(('23_7', 'h'), ('23_22', 't')), (('23_22', 'h'), ('23_8', 't')), (('23_8', 'h'), ('23_18', 't')), (('23_18', 'h'), ('23_7', 't'))])
52	deque([(('23_12', 'h'), ('23_1', 't')), (('23_1', 'h'), ('23_12', 't'))])

Chosen seed at iteration 52: 1
Chosen chr at iteration 52


Iteration 53
53	deque([(('23_8', 'h'), ('23_18', 't')), (('23_18', 'h'), ('23_5', 't')), (('23_5', 'h'), ('23_3', 't')), (('23_3', 'h'), ('23_7', 't')), (('23_7', 'h'), ('23_22', 't')), (('23_22', 'h'), ('23_8', 't'))])
53	deque([(('23_19', 'h'), ('23_21', 't')), (('23_21', 'h'), ('23_20', 't')), (('23_20', 'h'), ('23_19', 't'))])
53	deque([(('23_6', 'h'), ('23_15', 't')), (('23_16', 'h'), ('23_6', 't')), (('23_4', 'h'), ('23_16', 't')), (('23_17', 'h'), ('23_4', 't')), (('23_9', 'h'), ('23_17', 't')), (('23_13', 'h'), ('23_9', 't')), (('23_15', 'h'), ('23_13', 't'))])
53	deque([(('23_12', 'h'), ('23_1', 't')), (('23_1', 'h'), ('23_12', 't'))])
53	deque([(('23_2', 'h'), ('23_0', 't')), (('23_10', 'h'), ('23_2', 't')), (('23_14', 'h'), ('23_10', 't')), (('23_11', 'h'), ('23_14', 't')), (('23_0', 'h'), ('23_11', 't'))])

Chosen seed at iteration 53: 4
Chosen chr at iteration 53


Iteration 54
54	deque([(('23_14', 'h'), ('23_10', 't')), (('23_10', 'h'), ('23_2', 't')), (('23_2', 'h'), ('23_0', 't')), (('23_0', 'h'), ('23_11', 't')), (('23_11', 'h'), ('23_14', 't'))])
54	deque([(('23_15', 'h'), ('23_13', 't')), (('23_13', 'h'), ('23_3', 't')), (('23_3', 'h'), ('23_19', 't')), (('23_19', 'h'), ('23_21', 't')), (('23_21', 'h'), ('23_20', 't')), (('23_20', 'h'), ('23_1', 't')), (('23_1', 'h'), ('23_7', 't')), (('23_7', 'h'), ('23_22', 't')), (('23_22', 'h'), ('23_8', 't')), (('23_8', 'h'), ('23_18', 't')), (('23_18', 'h'), ('23_5', 't')), (('23_5', 'h'), ('23_12', 't')), (('23_12', 'h'), ('23_9', 't')), (('23_9', 'h'), ('23_17', 't')), (('23_17', 'h'), ('23_4', 't')), (('23_4', 'h'), ('23_16', 't')), (('23_16', 'h'), ('23_6', 't')), (('23_6', 'h'), ('23_15', 't'))])

Chosen seed at iteration 54: 1
Chosen chr at iteration 54


Iteration 55
55	deque([(('23_22', 'h'), ('23_3', 't')), (('23_14', 'h'), ('23_22', 't')), (('23_16', 'h'), ('23_14', 't')), (('23_21', 'h'), ('23_16', 't')), (('23_19', 'h'), ('23_21', 't')), (('23_20', 'h'), ('23_19', 't')), (('23_6', 'h'), ('23_20', 't')), (('23_11', 'h'), ('23_6', 't')), (('23_5', 'h'), ('23_11', 't')), (('23_18', 'h'), ('23_5', 't')), (('23_9', 'h'), ('23_18', 't')), (('23_2', 'h'), ('23_9', 't')), (('23_17', 'h'), ('23_2', 't')), (('23_8', 'h'), ('23_17', 't')), (('23_12', 'h'), ('23_8', 't')), (('23_0', 'h'), ('23_12', 't')), (('23_13', 'h'), ('23_0', 't')), (('23_15', 'h'), ('23_13', 't')), (('23_4', 'h'), ('23_15', 't')), (('23_7', 'h'), ('23_4', 't')), (('23_1', 'h'), ('23_7', 't')), (('23_10', 'h'), ('23_1', 't')), (('23_3', 'h'), ('23_10', 't'))])

Chosen seed at iteration 55: 1
Chosen chr at iteration 55


Iteration 56
56	deque([(('23_18', 'h'), ('23_7', 't')), (('23_7', 'h'), ('23_4', 't')), (('23_4', 'h'), ('23_15', 't')), (('23_15', 'h'), ('23_13', 't')), (('23_13', 'h'), ('23_8', 't')), (('23_8', 'h'), ('23_17', 't')), (('23_17', 'h'), ('23_2', 't')), (('23_2', 'h'), ('23_9', 't')), (('23_9', 'h'), ('23_18', 't'))])
56	deque([(('23_12', 'h'), ('23_22', 't')), (('23_22', 'h'), ('23_3', 't')), (('23_3', 'h'), ('23_10', 't')), (('23_10', 'h'), ('23_1', 't')), (('23_1', 'h'), ('23_12', 't'))])
56	deque([(('23_5', 'h'), ('23_11', 't')), (('23_16', 'h'), ('23_5', 't')), (('23_21', 'h'), ('23_16', 't')), (('23_19', 'h'), ('23_21', 't')), (('23_20', 'h'), ('23_19', 't')), (('23_6', 'h'), ('23_20', 't')), (('23_11', 'h'), ('23_6', 't'))])
56	deque([(('23_0', 'h'), ('23_14', 't')), (('23_14', 'h'), ('23_0', 't'))])

Chosen seed at iteration 56: 3
Chosen chr at iteration 56


Iteration 57
57	deque([(('23_1', 'h'), ('23_12', 't')), (('23_12', 'h'), ('23_22', 't')), (('23_22', 'h'), ('23_3', 't')), (('23_3', 'h'), ('23_18', 't')), (('23_18', 'h'), ('23_7', 't')), (('23_7', 'h'), ('23_4', 't')), (('23_4', 'h'), ('23_15', 't')), (('23_15', 'h'), ('23_13', 't')), (('23_13', 'h'), ('23_8', 't')), (('23_8', 'h'), ('23_17', 't')), (('23_17', 'h'), ('23_2', 't')), (('23_2', 'h'), ('23_9', 't')), (('23_9', 'h'), ('23_20', 't')), (('23_20', 'h'), ('23_19', 't')), (('23_19', 'h'), ('23_21', 't')), (('23_21', 'h'), ('23_16', 't')), (('23_16', 'h'), ('23_5', 't')), (('23_5', 'h'), ('23_11', 't')), (('23_11', 'h'), ('23_6', 't')), (('23_6', 'h'), ('23_10', 't')), (('23_10', 'h'), ('23_1', 't'))])
57	deque([(('23_14', 'h'), ('23_0', 't')), (('23_0', 'h'), ('23_14', 't'))])

Chosen seed at iteration 57: 1
Chosen chr at iteration 57


Iteration 58
58	deque([(('23_7', 'h'), ('23_4', 't')), (('23_18', 'h'), ('23_7', 't')), (('23_3', 'h'), ('23_18', 't')), (('23_22', 'h'), ('23_3', 't')), (('23_12', 'h'), ('23_22', 't')), (('23_1', 'h'), ('23_12', 't')), (('23_10', 'h'), ('23_1', 't')), (('23_6', 'h'), ('23_10', 't')), (('23_11', 'h'), ('23_6', 't')), (('23_5', 'h'), ('23_11', 't')), (('23_16', 'h'), ('23_5', 't')), (('23_9', 'h'), ('23_16', 't')), (('23_2', 'h'), ('23_9', 't')), (('23_17', 'h'), ('23_2', 't')), (('23_8', 'h'), ('23_17', 't')), (('23_13', 'h'), ('23_8', 't')), (('23_15', 'h'), ('23_13', 't')), (('23_4', 'h'), ('23_15', 't'))])
58	deque([(('23_0', 'h'), ('23_14', 't')), (('23_14', 'h'), ('23_0', 't'))])
58	deque([(('23_21', 'h'), ('23_20', 't')), (('23_20', 'h'), ('23_19', 't')), (('23_19', 'h'), ('23_21', 't'))])

Chosen seed at iteration 58: 3
Chosen chr at iteration 58


Iteration 59
59	deque([(('23_4', 'h'), ('23_15', 't')), (('23_15', 'h'), ('23_5', 't')), (('23_5', 'h'), ('23_11', 't')), (('23_11', 'h'), ('23_6', 't')), (('23_6', 'h'), ('23_20', 't')), (('23_20', 'h'), ('23_19', 't')), (('23_19', 'h'), ('23_21', 't')), (('23_21', 'h'), ('23_16', 't')), (('23_16', 'h'), ('23_14', 't')), (('23_14', 'h'), ('23_0', 't')), (('23_0', 'h'), ('23_13', 't')), (('23_13', 'h'), ('23_8', 't')), (('23_8', 'h'), ('23_17', 't')), (('23_17', 'h'), ('23_2', 't')), (('23_2', 'h'), ('23_9', 't')), (('23_9', 'h'), ('23_18', 't')), (('23_18', 'h'), ('23_7', 't')), (('23_7', 'h'), ('23_4', 't'))])
59	deque([(('23_12', 'h'), ('23_22', 't')), (('23_22', 'h'), ('23_3', 't')), (('23_3', 'h'), ('23_10', 't')), (('23_10', 'h'), ('23_1', 't')), (('23_1', 'h'), ('23_12', 't'))])

Chosen seed at iteration 59: 1
Chosen chr at iteration 59


Iteration 60
60	deque([(('23_9', 'h'), ('23_16', 't')), (('23_16', 'h'), ('23_5', 't')), (('23_5', 'h'), ('23_11', 't')), (('23_11', 'h'), ('23_6', 't')), (('23_6', 'h'), ('23_10', 't')), (('23_10', 'h'), ('23_4', 't')), (('23_4', 'h'), ('23_15', 't')), (('23_15', 'h'), ('23_0', 't')), (('23_0', 'h'), ('23_14', 't')), (('23_14', 'h'), ('23_12', 't')), (('23_12', 'h'), ('23_22', 't')), (('23_22', 'h'), ('23_3', 't')), (('23_3', 'h'), ('23_1', 't')), (('23_1', 'h'), ('23_18', 't')), (('23_18', 'h'), ('23_7', 't')), (('23_7', 'h'), ('23_21', 't')), (('23_21', 'h'), ('23_20', 't')), (('23_20', 'h'), ('23_19', 't')), (('23_19', 'h'), ('23_13', 't')), (('23_13', 'h'), ('23_8', 't')), (('23_8', 'h'), ('23_17', 't')), (('23_17', 'h'), ('23_2', 't')), (('23_2', 'h'), ('23_9', 't'))])

Chosen seed at iteration 60: 1
Chosen chr at iteration 60


Iteration 61
61	deque([(('23_10', 'h'), ('23_4', 't')), (('23_4', 'h'), ('23_15', 't')), (('23_15', 'h'), ('23_12', 't')), (('23_12', 'h'), ('23_0', 't')), (('23_0', 'h'), ('23_16', 't')), (('23_16', 'h'), ('23_14', 't')), (('23_14', 'h'), ('23_9', 't')), (('23_9', 'h'), ('23_18', 't')), (('23_18', 'h'), ('23_5', 't')), (('23_5', 'h'), ('23_11', 't')), (('23_11', 'h'), ('23_6', 't')), (('23_6', 'h'), ('23_10', 't'))])
61	deque([(('23_13', 'h'), ('23_8', 't')), (('23_19', 'h'), ('23_13', 't')), (('23_20', 'h'), ('23_19', 't')), (('23_21', 'h'), ('23_20', 't')), (('23_7', 'h'), ('23_21', 't')), (('23_1', 'h'), ('23_7', 't')), (('23_3', 'h'), ('23_1', 't')), (('23_22', 'h'), ('23_3', 't')), (('23_2', 'h'), ('23_22', 't')), (('23_17', 'h'), ('23_2', 't')), (('23_8', 'h'), ('23_17', 't'))])

Chosen seed at iteration 61: 1
Chosen chr at iteration 61


Iteration 62
62	deque([(('23_21', 'h'), ('23_20', 't')), (('23_20', 'h'), ('23_19', 't')), (('23_19', 'h'), ('23_13', 't')), (('23_13', 'h'), ('23_8', 't')), (('23_8', 'h'), ('23_17', 't')), (('23_17', 'h'), ('23_2', 't')), (('23_2', 'h'), ('23_22', 't')), (('23_22', 'h'), ('23_3', 't')), (('23_3', 'h'), ('23_1', 't')), (('23_1', 'h'), ('23_7', 't')), (('23_7', 'h'), ('23_21', 't'))])
62	deque([(('23_16', 'h'), ('23_14', 't')), (('23_14', 'h'), ('23_9', 't')), (('23_9', 'h'), ('23_5', 't')), (('23_5', 'h'), ('23_11', 't')), (('23_11', 'h'), ('23_6', 't')), (('23_6', 'h'), ('23_10', 't')), (('23_10', 'h'), ('23_4', 't')), (('23_4', 'h'), ('23_15', 't')), (('23_15', 'h'), ('23_12', 't')), (('23_12', 'h'), ('23_0', 't')), (('23_0', 'h'), ('23_16', 't'))])
62	deque([(('23_18', 'h'), ('23_18', 't'))])

Chosen seed at iteration 62: 2
Chosen chr at iteration 62


Iteration 63
63	deque([(('23_4', 'h'), ('23_15', 't')), (('23_15', 'h'), ('23_12', 't')), (('23_12', 'h'), ('23_0', 't')), (('23_0', 'h'), ('23_19', 't')), (('23_19', 'h'), ('23_13', 't')), (('23_13', 'h'), ('23_8', 't')), (('23_8', 'h'), ('23_17', 't')), (('23_17', 'h'), ('23_2', 't')), (('23_2', 'h'), ('23_22', 't')), (('23_22', 'h'), ('23_3', 't')), (('23_3', 'h'), ('23_1', 't')), (('23_1', 'h'), ('23_7', 't')), (('23_7', 'h'), ('23_21', 't')), (('23_21', 'h'), ('23_20', 't')), (('23_20', 'h'), ('23_16', 't')), (('23_16', 'h'), ('23_14', 't')), (('23_14', 'h'), ('23_9', 't')), (('23_9', 'h'), ('23_18', 't')), (('23_18', 'h'), ('23_5', 't')), (('23_5', 'h'), ('23_11', 't')), (('23_11', 'h'), ('23_6', 't')), (('23_6', 'h'), ('23_10', 't')), (('23_10', 'h'), ('23_4', 't'))])

Chosen seed at iteration 63: 1
Chosen chr at iteration 63


Iteration 64
64	deque([(('23_13', 'h'), ('23_8', 't')), (('23_19', 'h'), ('23_13', 't')), (('23_20', 'h'), ('23_19', 't')), (('23_21', 'h'), ('23_20', 't')), (('23_7', 'h'), ('23_21', 't')), (('23_1', 'h'), ('23_7', 't')), (('23_3', 'h'), ('23_1', 't')), (('23_22', 'h'), ('23_3', 't')), (('23_2', 'h'), ('23_22', 't')), (('23_17', 'h'), ('23_2', 't')), (('23_0', 'h'), ('23_17', 't')), (('23_8', 'h'), ('23_0', 't'))])
64	deque([(('23_10', 'h'), ('23_4', 't')), (('23_6', 'h'), ('23_10', 't')), (('23_11', 'h'), ('23_6', 't')), (('23_5', 'h'), ('23_11', 't')), (('23_18', 'h'), ('23_5', 't')), (('23_9', 'h'), ('23_18', 't')), (('23_14', 'h'), ('23_9', 't')), (('23_16', 'h'), ('23_14', 't')), (('23_12', 'h'), ('23_16', 't')), (('23_15', 'h'), ('23_12', 't')), (('23_4', 'h'), ('23_15', 't'))])

Chosen seed at iteration 64: 1
Chosen chr at iteration 64


Iteration 65
65	deque([(('23_15', 'h'), ('23_12', 't')), (('23_12', 'h'), ('23_0', 't')), (('23_0', 'h'), ('23_18', 't')), (('23_18', 'h'), ('23_5', 't')), (('23_5', 'h'), ('23_11', 't')), (('23_11', 'h'), ('23_6', 't')), (('23_6', 'h'), ('23_10', 't')), (('23_10', 'h'), ('23_4', 't')), (('23_4', 'h'), ('23_15', 't'))])
65	deque([(('23_1', 'h'), ('23_7', 't')), (('23_3', 'h'), ('23_1', 't')), (('23_22', 'h'), ('23_3', 't')), (('23_2', 'h'), ('23_22', 't')), (('23_17', 'h'), ('23_2', 't')), (('23_8', 'h'), ('23_17', 't')), (('23_13', 'h'), ('23_8', 't')), (('23_19', 'h'), ('23_13', 't')), (('23_20', 'h'), ('23_19', 't')), (('23_21', 'h'), ('23_20', 't')), (('23_7', 'h'), ('23_21', 't'))])
65	deque([(('23_14', 'h'), ('23_9', 't')), (('23_9', 'h'), ('23_16', 't')), (('23_16', 'h'), ('23_14', 't'))])

Chosen seed at iteration 65: 2
Chosen chr at iteration 65


Iteration 66
66	deque([(('23_1', 'h'), ('23_7', 't')), (('23_7', 'h'), ('23_12', 't')), (('23_12', 'h'), ('23_10', 't')), (('23_10', 'h'), ('23_4', 't')), (('23_4', 'h'), ('23_15', 't')), (('23_15', 'h'), ('23_21', 't')), (('23_21', 'h'), ('23_20', 't')), (('23_20', 'h'), ('23_19', 't')), (('23_19', 'h'), ('23_13', 't')), (('23_13', 'h'), ('23_8', 't')), (('23_8', 'h'), ('23_17', 't')), (('23_17', 'h'), ('23_2', 't')), (('23_2', 'h'), ('23_22', 't')), (('23_22', 'h'), ('23_3', 't')), (('23_3', 'h'), ('23_1', 't'))])
66	deque([(('23_6', 'h'), ('23_14', 't')), (('23_14', 'h'), ('23_9', 't')), (('23_9', 'h'), ('23_18', 't')), (('23_18', 'h'), ('23_5', 't')), (('23_5', 'h'), ('23_11', 't')), (('23_11', 'h'), ('23_6', 't'))])
66	deque([(('23_0', 'h'), ('23_16', 't')), (('23_16', 'h'), ('23_0', 't'))])

Chosen seed at iteration 66: 1
Chosen chr at iteration 66


Iteration 67
67	deque([(('23_15', 'h'), ('23_4', 't')), (('23_4', 'h'), ('23_15', 't'))])
67	deque([(('23_18', 'h'), ('23_5', 't')), (('23_9', 'h'), ('23_18', 't')), (('23_2', 'h'), ('23_9', 't')), (('23_17', 'h'), ('23_2', 't')), (('23_8', 'h'), ('23_17', 't')), (('23_13', 'h'), ('23_8', 't')), (('23_19', 'h'), ('23_13', 't')), (('23_20', 'h'), ('23_19', 't')), (('23_21', 'h'), ('23_20', 't')), (('23_7', 'h'), ('23_21', 't')), (('23_1', 'h'), ('23_7', 't')), (('23_10', 'h'), ('23_1', 't')), (('23_3', 'h'), ('23_10', 't')), (('23_22', 'h'), ('23_3', 't')), (('23_12', 'h'), ('23_22', 't')), (('23_14', 'h'), ('23_12', 't')), (('23_6', 'h'), ('23_14', 't')), (('23_11', 'h'), ('23_6', 't')), (('23_5', 'h'), ('23_11', 't'))])
67	deque([(('23_0', 'h'), ('23_16', 't')), (('23_16', 'h'), ('23_0', 't'))])

Chosen seed at iteration 67: 1
Chosen chr at iteration 67


Iteration 68
68	deque([(('23_20', 'h'), ('23_19', 't')), (('23_19', 'h'), ('23_13', 't')), (('23_13', 'h'), ('23_8', 't')), (('23_8', 'h'), ('23_17', 't')), (('23_17', 'h'), ('23_0', 't')), (('23_0', 'h'), ('23_16', 't')), (('23_16', 'h'), ('23_2', 't')), (('23_2', 'h'), ('23_4', 't')), (('23_4', 'h'), ('23_15', 't')), (('23_15', 'h'), ('23_12', 't')), (('23_12', 'h'), ('23_22', 't')), (('23_22', 'h'), ('23_3', 't')), (('23_3', 'h'), ('23_10', 't')), (('23_10', 'h'), ('23_1', 't')), (('23_1', 'h'), ('23_7', 't')), (('23_7', 'h'), ('23_21', 't')), (('23_21', 'h'), ('23_20', 't'))])
68	deque([(('23_14', 'h'), ('23_9', 't')), (('23_6', 'h'), ('23_14', 't')), (('23_11', 'h'), ('23_6', 't')), (('23_5', 'h'), ('23_11', 't')), (('23_18', 'h'), ('23_5', 't')), (('23_9', 'h'), ('23_18', 't'))])

Chosen seed at iteration 68: 1
Chosen chr at iteration 68


Iteration 69
69	deque([(('23_1', 'h'), ('23_7', 't')), (('23_7', 'h'), ('23_4', 't')), (('23_4', 'h'), ('23_15', 't')), (('23_15', 'h'), ('23_12', 't')), (('23_12', 'h'), ('23_0', 't')), (('23_0', 'h'), ('23_16', 't')), (('23_16', 'h'), ('23_14', 't')), (('23_14', 'h'), ('23_9', 't')), (('23_9', 'h'), ('23_18', 't')), (('23_18', 'h'), ('23_5', 't')), (('23_5', 'h'), ('23_11', 't')), (('23_11', 'h'), ('23_21', 't')), (('23_21', 'h'), ('23_20', 't')), (('23_20', 'h'), ('23_19', 't')), (('23_19', 'h'), ('23_13', 't')), (('23_13', 'h'), ('23_8', 't')), (('23_8', 'h'), ('23_17', 't')), (('23_17', 'h'), ('23_2', 't')), (('23_2', 'h'), ('23_22', 't')), (('23_22', 'h'), ('23_3', 't')), (('23_3', 'h'), ('23_6', 't')), (('23_6', 'h'), ('23_10', 't')), (('23_10', 'h'), ('23_1', 't'))])

Chosen seed at iteration 69: 1
Chosen chr at iteration 69


Iteration 70
70	deque([(('23_1', 'h'), ('23_3', 't')), (('23_3', 'h'), ('23_1', 't'))])
70	deque([(('23_21', 'h'), ('23_11', 't')), (('23_11', 'h'), ('23_10', 't')), (('23_10', 'h'), ('23_2', 't')), (('23_2', 'h'), ('23_20', 't')), (('23_20', 'h'), ('23_5', 't')), (('23_5', 'h'), ('23_0', 't')), (('23_0', 'h'), ('23_15', 't')), (('23_15', 'h'), ('23_16', 't')), (('23_16', 'h'), ('23_13', 't')), (('23_13', 'h'), ('23_8', 't')), (('23_8', 'h'), ('23_12', 't')), (('23_12', 'h'), ('23_14', 't')), (('23_14', 'h'), ('23_22', 't')), (('23_22', 'h'), ('23_6', 't')), (('23_6', 'h'), ('23_7', 't')), (('23_7', 'h'), ('23_17', 't')), (('23_17', 'h'), ('23_9', 't')), (('23_9', 'h'), ('23_4', 't')), (('23_4', 'h'), ('23_19', 't')), (('23_19', 'h'), ('23_18', 't')), (('23_18', 'h'), ('23_21', 't'))])

Chosen seed at iteration 70: 1
Chosen chr at iteration 70


Iteration 71
71	deque([(('23_15', 'h'), ('23_16', 't')), (('23_16', 'h'), ('23_13', 't')), (('23_13', 'h'), ('23_8', 't')), (('23_8', 'h'), ('23_12', 't')), (('23_12', 'h'), ('23_14', 't')), (('23_14', 'h'), ('23_1', 't')), (('23_1', 'h'), ('23_3', 't')), (('23_3', 'h'), ('23_6', 't')), (('23_6', 'h'), ('23_22', 't')), (('23_22', 'h'), ('23_7', 't')), (('23_7', 'h'), ('23_17', 't')), (('23_17', 'h'), ('23_9', 't')), (('23_9', 'h'), ('23_4', 't')), (('23_4', 'h'), ('23_19', 't')), (('23_19', 'h'), ('23_18', 't')), (('23_18', 'h'), ('23_21', 't')), (('23_21', 'h'), ('23_11', 't')), (('23_11', 'h'), ('23_10', 't')), (('23_10', 'h'), ('23_2', 't')), (('23_2', 'h'), ('23_20', 't')), (('23_20', 'h'), ('23_5', 't')), (('23_5', 'h'), ('23_0', 't')), (('23_0', 'h'), ('23_15', 't'))])

Chosen seed at iteration 71: 1
Chosen chr at iteration 71


Iteration 72
72	deque([(('23_18', 'h'), ('23_21', 't')), (('23_21', 'h'), ('23_11', 't')), (('23_11', 'h'), ('23_10', 't')), (('23_10', 'h'), ('23_2', 't')), (('23_2', 'h'), ('23_12', 't')), (('23_12', 'h'), ('23_14', 't')), (('23_14', 'h'), ('23_1', 't')), (('23_1', 'h'), ('23_3', 't')), (('23_3', 'h'), ('23_6', 't')), (('23_6', 'h'), ('23_22', 't')), (('23_22', 'h'), ('23_7', 't')), (('23_7', 'h'), ('23_17', 't')), (('23_17', 'h'), ('23_9', 't')), (('23_9', 'h'), ('23_4', 't')), (('23_4', 'h'), ('23_19', 't')), (('23_19', 'h'), ('23_18', 't'))])
72	deque([(('23_16', 'h'), ('23_13', 't')), (('23_15', 'h'), ('23_16', 't')), (('23_8', 'h'), ('23_15', 't')), (('23_13', 'h'), ('23_8', 't'))])
72	deque([(('23_20', 'h'), ('23_5', 't')), (('23_0', 'h'), ('23_20', 't')), (('23_5', 'h'), ('23_0', 't'))])

Chosen seed at iteration 72: 1
Chosen chr at iteration 72


Iteration 73
73	deque([(('23_2', 'h'), ('23_12', 't')), (('23_10', 'h'), ('23_2', 't')), (('23_11', 'h'), ('23_10', 't')), (('23_21', 'h'), ('23_11', 't')), (('23_18', 'h'), ('23_21', 't')), (('23_19', 'h'), ('23_18', 't')), (('23_7', 'h'), ('23_19', 't')), (('23_4', 'h'), ('23_7', 't')), (('23_9', 'h'), ('23_4', 't')), (('23_17', 'h'), ('23_9', 't')), (('23_12', 'h'), ('23_17', 't'))])
73	deque([(('23_0', 'h'), ('23_20', 't')), (('23_20', 'h'), ('23_5', 't')), (('23_5', 'h'), ('23_0', 't'))])
73	deque([(('23_13', 'h'), ('23_8', 't')), (('23_16', 'h'), ('23_13', 't')), (('23_15', 'h'), ('23_16', 't')), (('23_8', 'h'), ('23_15', 't'))])
73	deque([(('23_22', 'h'), ('23_14', 't')), (('23_14', 'h'), ('23_1', 't')), (('23_1', 'h'), ('23_3', 't')), (('23_3', 'h'), ('23_6', 't')), (('23_6', 'h'), ('23_22', 't'))])

Chosen seed at iteration 73: 1
Chosen chr at iteration 73


Iteration 74
74	deque([(('23_4', 'h'), ('23_19', 't')), (('23_19', 'h'), ('23_18', 't')), (('23_18', 'h'), ('23_21', 't')), (('23_21', 'h'), ('23_11', 't')), (('23_11', 'h'), ('23_10', 't')), (('23_10', 'h'), ('23_2', 't')), (('23_2', 'h'), ('23_12', 't')), (('23_12', 'h'), ('23_14', 't')), (('23_14', 'h'), ('23_20', 't')), (('23_20', 'h'), ('23_5', 't')), (('23_5', 'h'), ('23_0', 't')), (('23_0', 'h'), ('23_1', 't')), (('23_1', 'h'), ('23_3', 't')), (('23_3', 'h'), ('23_6', 't')), (('23_6', 'h'), ('23_22', 't')), (('23_22', 'h'), ('23_7', 't')), (('23_7', 'h'), ('23_17', 't')), (('23_17', 'h'), ('23_9', 't')), (('23_9', 'h'), ('23_4', 't'))])
74	deque([(('23_16', 'h'), ('23_13', 't')), (('23_15', 'h'), ('23_16', 't')), (('23_8', 'h'), ('23_15', 't')), (('23_13', 'h'), ('23_8', 't'))])

Chosen seed at iteration 74: 1
Chosen chr at iteration 74


Iteration 75
75	deque([(('23_4', 'h'), ('23_19', 't')), (('23_9', 'h'), ('23_4', 't')), (('23_17', 'h'), ('23_9', 't')), (('23_7', 'h'), ('23_17', 't')), (('23_22', 'h'), ('23_7', 't')), (('23_6', 'h'), ('23_22', 't')), (('23_3', 'h'), ('23_6', 't')), (('23_1', 'h'), ('23_3', 't')), (('23_14', 'h'), ('23_1', 't')), (('23_12', 'h'), ('23_14', 't')), (('23_2', 'h'), ('23_12', 't')), (('23_10', 'h'), ('23_2', 't')), (('23_5', 'h'), ('23_10', 't')), (('23_20', 'h'), ('23_5', 't')), (('23_0', 'h'), ('23_20', 't')), (('23_11', 'h'), ('23_0', 't')), (('23_21', 'h'), ('23_11', 't')), (('23_18', 'h'), ('23_21', 't')), (('23_19', 'h'), ('23_18', 't'))])
75	deque([(('23_13', 'h'), ('23_8', 't')), (('23_8', 'h'), ('23_15', 't')), (('23_15', 'h'), ('23_16', 't')), (('23_16', 'h'), ('23_13', 't'))])

Chosen seed at iteration 75: 1
Chosen chr at iteration 75


Iteration 76
76	deque([(('23_15', 'h'), ('23_8', 't')), (('23_9', 'h'), ('23_15', 't')), (('23_20', 'h'), ('23_9', 't')), (('23_18', 'h'), ('23_20', 't')), (('23_22', 'h'), ('23_18', 't')), (('23_3', 'h'), ('23_22', 't')), (('23_0', 'h'), ('23_3', 't')), (('23_16', 'h'), ('23_0', 't')), (('23_13', 'h'), ('23_16', 't')), (('23_6', 'h'), ('23_13', 't')), (('23_19', 'h'), ('23_6', 't')), (('23_4', 'h'), ('23_19', 't')), (('23_14', 'h'), ('23_4', 't')), (('23_12', 'h'), ('23_14', 't')), (('23_11', 'h'), ('23_12', 't')), (('23_21', 'h'), ('23_11', 't')), (('23_7', 'h'), ('23_21', 't')), (('23_17', 'h'), ('23_7', 't')), (('23_5', 'h'), ('23_17', 't')), (('23_8', 'h'), ('23_5', 't'))])
76	deque([(('23_2', 'h'), ('23_1', 't')), (('23_1', 'h'), ('23_2', 't'))])
76	deque([(('23_10', 'h'), ('23_10', 't'))])

Chosen seed at iteration 76: 3
Chosen chr at iteration 76


Iteration 77
77	deque([(('23_1', 'h'), ('23_7', 't')), (('23_10', 'h'), ('23_1', 't')), (('23_20', 'h'), ('23_10', 't')), (('23_13', 'h'), ('23_20', 't')), (('23_11', 'h'), ('23_13', 't')), (('23_7', 'h'), ('23_11', 't'))])
77	deque([(('23_3', 'h'), ('23_18', 't')), (('23_18', 'h'), ('23_21', 't')), (('23_21', 'h'), ('23_12', 't')), (('23_12', 'h'), ('23_17', 't')), (('23_17', 'h'), ('23_8', 't')), (('23_8', 'h'), ('23_15', 't')), (('23_15', 'h'), ('23_9', 't')), (('23_9', 'h'), ('23_4', 't')), (('23_4', 'h'), ('23_19', 't')), (('23_19', 'h'), ('23_6', 't')), (('23_6', 'h'), ('23_16', 't')), (('23_16', 'h'), ('23_0', 't')), (('23_0', 'h'), ('23_3', 't'))])
77	deque([(('23_14', 'h'), ('23_22', 't')), (('23_2', 'h'), ('23_14', 't')), (('23_22', 'h'), ('23_2', 't'))])
77	deque([(('23_5', 'h'), ('23_5', 't'))])

Chosen seed at iteration 77: 3
Chosen chr at iteration 77


Iteration 78
78	deque([(('23_18', 'h'), ('23_6', 't')), (('23_20', 'h'), ('23_18', 't')), (('23_9', 'h'), ('23_20', 't')), (('23_15', 'h'), ('23_9', 't')), (('23_11', 'h'), ('23_15', 't')), (('23_3', 'h'), ('23_11', 't')), (('23_16', 'h'), ('23_3', 't')), (('23_10', 'h'), ('23_16', 't')), (('23_13', 'h'), ('23_10', 't')), (('23_7', 'h'), ('23_13', 't')), (('23_1', 'h'), ('23_7', 't')), (('23_12', 'h'), ('23_1', 't')), (('23_6', 'h'), ('23_12', 't'))])
78	deque([(('23_2', 'h'), ('23_14', 't')), (('23_22', 'h'), ('23_2', 't')), (('23_19', 'h'), ('23_22', 't')), (('23_8', 'h'), ('23_19', 't')), (('23_0', 'h'), ('23_8', 't')), (('23_4', 'h'), ('23_0', 't')), (('23_21', 'h'), ('23_4', 't')), (('23_5', 'h'), ('23_21', 't')), (('23_17', 'h'), ('23_5', 't')), (('23_14', 'h'), ('23_17', 't'))])

Chosen seed at iteration 78: 1
Chosen chr at iteration 78


Iteration 79
79	deque([(('23_12', 'h'), ('23_9', 't')), (('23_1', 'h'), ('23_12', 't')), (('23_8', 'h'), ('23_1', 't')), (('23_18', 'h'), ('23_8', 't')), (('23_9', 'h'), ('23_18', 't'))])
79	deque([(('23_20', 'h'), ('23_20', 't'))])
79	deque([(('23_11', 'h'), ('23_7', 't')), (('23_5', 'h'), ('23_11', 't')), (('23_2', 'h'), ('23_5', 't')), (('23_13', 'h'), ('23_2', 't')), (('23_15', 'h'), ('23_13', 't')), (('23_4', 'h'), ('23_15', 't')), (('23_10', 'h'), ('23_4', 't')), (('23_6', 'h'), ('23_10', 't')), (('23_3', 'h'), ('23_6', 't')), (('23_17', 'h'), ('23_3', 't')), (('23_21', 'h'), ('23_17', 't')), (('23_7', 'h'), ('23_21', 't'))])
79	deque([(('23_22', 'h'), ('23_19', 't')), (('23_19', 'h'), ('23_14', 't')), (('23_14', 'h'), ('23_22', 't'))])
79	deque([(('23_0', 'h'), ('23_16', 't')), (('23_16', 'h'), ('23_0', 't'))])

Chosen seed at iteration 79: 4
Chosen chr at iteration 79


Iteration 80
80	deque([(('23_21', 'h'), ('23_19', 't')), (('23_7', 'h'), ('23_21', 't')), (('23_11', 'h'), ('23_7', 't')), (('23_5', 'h'), ('23_11', 't')), (('23_2', 'h'), ('23_5', 't')), (('23_13', 'h'), ('23_2', 't')), (('23_15', 'h'), ('23_13', 't')), (('23_4', 'h'), ('23_15', 't')), (('23_22', 'h'), ('23_4', 't')), (('23_14', 'h'), ('23_22', 't')), (('23_19', 'h'), ('23_14', 't'))])
80	deque([(('23_17', 'h'), ('23_3', 't')), (('23_8', 'h'), ('23_17', 't')), (('23_18', 'h'), ('23_8', 't')), (('23_9', 'h'), ('23_18', 't')), (('23_12', 'h'), ('23_9', 't')), (('23_1', 'h'), ('23_12', 't')), (('23_10', 'h'), ('23_1', 't')), (('23_6', 'h'), ('23_10', 't')), (('23_3', 'h'), ('23_6', 't'))])
80	deque([(('23_0', 'h'), ('23_16', 't')), (('23_16', 'h'), ('23_0', 't'))])
80	deque([(('23_20', 'h'), ('23_20', 't'))])

Chosen seed at iteration 80: 3
Chosen chr at iteration 80


Iteration 81
81	deque([(('23_1', 'h'), ('23_12', 't')), (('23_12', 'h'), ('23_8', 't')), (('23_8', 'h'), ('23_17', 't')), (('23_17', 'h'), ('23_2', 't')), (('23_2', 'h'), ('23_5', 't')), (('23_5', 'h'), ('23_11', 't')), (('23_11', 'h'), ('23_19', 't')), (('23_19', 'h'), ('23_0', 't')), (('23_0', 'h'), ('23_16', 't')), (('23_16', 'h'), ('23_14', 't')), (('23_14', 'h'), ('23_22', 't')), (('23_22', 'h'), ('23_4', 't')), (('23_4', 'h'), ('23_15', 't')), (('23_15', 'h'), ('23_13', 't')), (('23_13', 'h'), ('23_3', 't')), (('23_3', 'h'), ('23_6', 't')), (('23_6', 'h'), ('23_10', 't')), (('23_10', 'h'), ('23_1', 't'))])
81	deque([(('23_21', 'h'), ('23_9', 't')), (('23_9', 'h'), ('23_18', 't')), (('23_18', 'h'), ('23_7', 't')), (('23_7', 'h'), ('23_21', 't'))])
81	deque([(('23_20', 'h'), ('23_20', 't'))])

Chosen seed at iteration 81: 2
Chosen chr at iteration 81


Iteration 82
82	deque([(('23_22', 'h'), ('23_19', 't')), (('23_19', 'h'), ('23_0', 't')), (('23_0', 'h'), ('23_16', 't')), (('23_16', 'h'), ('23_14', 't')), (('23_14', 'h'), ('23_3', 't')), (('23_3', 'h'), ('23_6', 't')), (('23_6', 'h'), ('23_10', 't')), (('23_10', 'h'), ('23_4', 't')), (('23_4', 'h'), ('23_15', 't')), (('23_15', 'h'), ('23_13', 't')), (('23_13', 'h'), ('23_9', 't')), (('23_9', 'h'), ('23_18', 't')), (('23_18', 'h'), ('23_7', 't')), (('23_7', 'h'), ('23_21', 't')), (('23_21', 'h'), ('23_17', 't')), (('23_17', 'h'), ('23_2', 't')), (('23_2', 'h'), ('23_5', 't')), (('23_5', 'h'), ('23_11', 't')), (('23_11', 'h'), ('23_22', 't'))])
82	deque([(('23_20', 'h'), ('23_20', 't'))])
82	deque([(('23_12', 'h'), ('23_8', 't')), (('23_8', 'h'), ('23_1', 't')), (('23_1', 'h'), ('23_12', 't'))])

Chosen seed at iteration 82: 2
Chosen chr at iteration 82


Iteration 83
83	deque([(('23_0', 'h'), ('23_20', 't')), (('23_19', 'h'), ('23_0', 't')), (('23_4', 'h'), ('23_19', 't')), (('23_12', 'h'), ('23_4', 't')), (('23_10', 'h'), ('23_12', 't')), (('23_1', 'h'), ('23_10', 't')), (('23_15', 'h'), ('23_1', 't')), (('23_6', 'h'), ('23_15', 't')), (('23_9', 'h'), ('23_6', 't')), (('23_21', 'h'), ('23_9', 't')), (('23_8', 'h'), ('23_21', 't')), (('23_17', 'h'), ('23_8', 't')), (('23_2', 'h'), ('23_17', 't')), (('23_20', 'h'), ('23_2', 't'))])
83	deque([(('23_13', 'h'), ('23_22', 't')), (('23_16', 'h'), ('23_13', 't')), (('23_11', 'h'), ('23_16', 't')), (('23_7', 'h'), ('23_11', 't')), (('23_3', 'h'), ('23_7', 't')), (('23_5', 'h'), ('23_3', 't')), (('23_22', 'h'), ('23_5', 't'))])
83	deque([(('23_14', 'h'), ('23_14', 't'))])
83	deque([(('23_18', 'h'), ('23_18', 't'))])

Chosen seed at iteration 83: 3
Chosen chr at iteration 83


Iteration 84
84	deque([(('23_1', 'h'), ('23_11', 't')), (('23_11', 'h'), ('23_16', 't')), (('23_16', 'h'), ('23_14', 't')), (('23_14', 'h'), ('23_1', 't'))])
84	deque([(('23_9', 'h'), ('23_0', 't')), (('23_0', 'h'), ('23_7', 't')), (('23_7', 'h'), ('23_2', 't')), (('23_2', 'h'), ('23_17', 't')), (('23_17', 'h'), ('23_18', 't')), (('23_18', 'h'), ('23_13', 't')), (('23_13', 'h'), ('23_22', 't')), (('23_22', 'h'), ('23_6', 't')), (('23_6', 'h'), ('23_15', 't')), (('23_15', 'h'), ('23_9', 't'))])
84	deque([(('23_8', 'h'), ('23_10', 't')), (('23_10', 'h'), ('23_12', 't')), (('23_12', 'h'), ('23_4', 't')), (('23_4', 'h'), ('23_19', 't')), (('23_19', 'h'), ('23_20', 't')), (('23_20', 'h'), ('23_3', 't')), (('23_3', 'h'), ('23_5', 't')), (('23_5', 'h'), ('23_21', 't')), (('23_21', 'h'), ('23_8', 't'))])

Chosen seed at iteration 84: 3
Chosen chr at iteration 84


Iteration 85
85	deque([(('23_8', 'h'), ('23_10', 't')), (('23_10', 'h'), ('23_12', 't')), (('23_12', 'h'), ('23_4', 't')), (('23_4', 'h'), ('23_0', 't')), (('23_0', 'h'), ('23_7', 't')), (('23_7', 'h'), ('23_2', 't')), (('23_2', 'h'), ('23_17', 't')), (('23_17', 'h'), ('23_18', 't')), (('23_18', 'h'), ('23_13', 't')), (('23_13', 'h'), ('23_22', 't')), (('23_22', 'h'), ('23_6', 't')), (('23_6', 'h'), ('23_15', 't')), (('23_15', 'h'), ('23_9', 't')), (('23_9', 'h'), ('23_1', 't')), (('23_1', 'h'), ('23_11', 't')), (('23_11', 'h'), ('23_16', 't')), (('23_16', 'h'), ('23_14', 't')), (('23_14', 'h'), ('23_3', 't')), (('23_3', 'h'), ('23_5', 't')), (('23_5', 'h'), ('23_21', 't')), (('23_21', 'h'), ('23_8', 't'))])
85	deque([(('23_19', 'h'), ('23_20', 't')), (('23_20', 'h'), ('23_19', 't'))])

Chosen seed at iteration 85: 1
Chosen chr at iteration 85


Iteration 86
86	deque([(('23_19', 'h'), ('23_20', 't')), (('23_20', 'h'), ('23_3', 't')), (('23_3', 'h'), ('23_5', 't')), (('23_5', 'h'), ('23_21', 't')), (('23_21', 'h'), ('23_8', 't')), (('23_8', 'h'), ('23_15', 't')), (('23_15', 'h'), ('23_9', 't')), (('23_9', 'h'), ('23_0', 't')), (('23_0', 'h'), ('23_7', 't')), (('23_7', 'h'), ('23_2', 't')), (('23_2', 'h'), ('23_17', 't')), (('23_17', 'h'), ('23_18', 't')), (('23_18', 'h'), ('23_13', 't')), (('23_13', 'h'), ('23_22', 't')), (('23_22', 'h'), ('23_6', 't')), (('23_6', 'h'), ('23_10', 't')), (('23_10', 'h'), ('23_12', 't')), (('23_12', 'h'), ('23_4', 't')), (('23_4', 'h'), ('23_19', 't'))])
86	deque([(('23_16', 'h'), ('23_14', 't')), (('23_11', 'h'), ('23_16', 't')), (('23_1', 'h'), ('23_11', 't')), (('23_14', 'h'), ('23_1', 't'))])

Chosen seed at iteration 86: 1
Chosen chr at iteration 86


Iteration 87
87	deque([(('23_17', 'h'), ('23_18', 't')), (('23_2', 'h'), ('23_17', 't')), (('23_7', 'h'), ('23_2', 't')), (('23_0', 'h'), ('23_7', 't')), (('23_4', 'h'), ('23_0', 't')), (('23_12', 'h'), ('23_4', 't')), (('23_10', 'h'), ('23_12', 't')), (('23_6', 'h'), ('23_10', 't')), (('23_22', 'h'), ('23_6', 't')), (('23_13', 'h'), ('23_22', 't')), (('23_18', 'h'), ('23_13', 't'))])
87	deque([(('23_16', 'h'), ('23_14', 't')), (('23_14', 'h'), ('23_15', 't')), (('23_15', 'h'), ('23_9', 't')), (('23_9', 'h'), ('23_1', 't')), (('23_1', 'h'), ('23_11', 't')), (('23_11', 'h'), ('23_16', 't'))])
87	deque([(('23_5', 'h'), ('23_21', 't')), (('23_3', 'h'), ('23_5', 't')), (('23_20', 'h'), ('23_3', 't')), (('23_19', 'h'), ('23_20', 't')), (('23_8', 'h'), ('23_19', 't')), (('23_21', 'h'), ('23_8', 't'))])

Chosen seed at iteration 87: 1
Chosen chr at iteration 87


Iteration 88
88	deque([(('23_3', 'h'), ('23_5', 't')), (('23_5', 'h'), ('23_21', 't')), (('23_21', 'h'), ('23_8', 't')), (('23_8', 'h'), ('23_19', 't')), (('23_19', 'h'), ('23_20', 't')), (('23_20', 'h'), ('23_3', 't'))])
88	deque([(('23_11', 'h'), ('23_16', 't')), (('23_16', 'h'), ('23_14', 't')), (('23_14', 'h'), ('23_15', 't')), (('23_15', 'h'), ('23_9', 't')), (('23_9', 'h'), ('23_1', 't')), (('23_1', 'h'), ('23_11', 't'))])
88	deque([(('23_17', 'h'), ('23_18', 't')), (('23_2', 'h'), ('23_17', 't')), (('23_7', 'h'), ('23_2', 't')), (('23_4', 'h'), ('23_7', 't')), (('23_12', 'h'), ('23_4', 't')), (('23_0', 'h'), ('23_12', 't')), (('23_10', 'h'), ('23_0', 't')), (('23_6', 'h'), ('23_10', 't')), (('23_22', 'h'), ('23_6', 't')), (('23_13', 'h'), ('23_22', 't')), (('23_18', 'h'), ('23_13', 't'))])

Chosen seed at iteration 88: 2
Chosen chr at iteration 88


Iteration 89
89	deque([(('23_9', 'h'), ('23_1', 't')), (('23_1', 'h'), ('23_13', 't')), (('23_13', 'h'), ('23_22', 't')), (('23_22', 'h'), ('23_6', 't')), (('23_6', 'h'), ('23_2', 't')), (('23_2', 'h'), ('23_17', 't')), (('23_17', 'h'), ('23_18', 't')), (('23_18', 'h'), ('23_10', 't')), (('23_10', 'h'), ('23_12', 't')), (('23_12', 'h'), ('23_4', 't')), (('23_4', 'h'), ('23_0', 't')), (('23_0', 'h'), ('23_7', 't')), (('23_7', 'h'), ('23_11', 't')), (('23_11', 'h'), ('23_16', 't')), (('23_16', 'h'), ('23_14', 't')), (('23_14', 'h'), ('23_15', 't')), (('23_15', 'h'), ('23_9', 't'))])
89	deque([(('23_5', 'h'), ('23_21', 't')), (('23_3', 'h'), ('23_5', 't')), (('23_20', 'h'), ('23_3', 't')), (('23_19', 'h'), ('23_20', 't')), (('23_8', 'h'), ('23_19', 't')), (('23_21', 'h'), ('23_8', 't'))])

Chosen seed at iteration 89: 2
Chosen chr at iteration 89


Iteration 90
90	deque([(('23_4', 'h'), ('23_0', 't')), (('23_12', 'h'), ('23_4', 't')), (('23_10', 'h'), ('23_12', 't')), (('23_8', 'h'), ('23_10', 't')), (('23_21', 'h'), ('23_8', 't')), (('23_5', 'h'), ('23_21', 't')), (('23_3', 'h'), ('23_5', 't')), (('23_20', 'h'), ('23_3', 't')), (('23_19', 'h'), ('23_20', 't')), (('23_18', 'h'), ('23_19', 't')), (('23_17', 'h'), ('23_18', 't')), (('23_2', 'h'), ('23_17', 't')), (('23_6', 'h'), ('23_2', 't')), (('23_22', 'h'), ('23_6', 't')), (('23_13', 'h'), ('23_22', 't')), (('23_1', 'h'), ('23_13', 't')), (('23_9', 'h'), ('23_1', 't')), (('23_15', 'h'), ('23_9', 't')), (('23_14', 'h'), ('23_15', 't')), (('23_16', 'h'), ('23_14', 't')), (('23_11', 'h'), ('23_16', 't')), (('23_7', 'h'), ('23_11', 't')), (('23_0', 'h'), ('23_7', 't'))])

Chosen seed at iteration 90: 1
Chosen chr at iteration 90


Iteration 91
91	deque([(('23_9', 'h'), ('23_1', 't')), (('23_0', 'h'), ('23_9', 't')), (('23_4', 'h'), ('23_0', 't')), (('23_12', 'h'), ('23_4', 't')), (('23_10', 'h'), ('23_12', 't')), (('23_8', 'h'), ('23_10', 't')), (('23_21', 'h'), ('23_8', 't')), (('23_17', 'h'), ('23_21', 't')), (('23_2', 'h'), ('23_17', 't')), (('23_7', 'h'), ('23_2', 't')), (('23_22', 'h'), ('23_7', 't')), (('23_13', 'h'), ('23_22', 't')), (('23_18', 'h'), ('23_13', 't')), (('23_1', 'h'), ('23_18', 't'))])
91	deque([(('23_20', 'h'), ('23_3', 't')), (('23_19', 'h'), ('23_20', 't')), (('23_14', 'h'), ('23_19', 't')), (('23_16', 'h'), ('23_14', 't')), (('23_11', 'h'), ('23_16', 't')), (('23_15', 'h'), ('23_11', 't')), (('23_6', 'h'), ('23_15', 't')), (('23_5', 'h'), ('23_6', 't')), (('23_3', 'h'), ('23_5', 't'))])

Chosen seed at iteration 91: 2
Chosen chr at iteration 91


Iteration 92
92	deque([(('23_1', 'h'), ('23_11', 't')), (('23_9', 'h'), ('23_1', 't')), (('23_15', 'h'), ('23_9', 't')), (('23_6', 'h'), ('23_15', 't')), (('23_22', 'h'), ('23_6', 't')), (('23_13', 'h'), ('23_22', 't')), (('23_18', 'h'), ('23_13', 't')), (('23_17', 'h'), ('23_18', 't')), (('23_2', 'h'), ('23_17', 't')), (('23_7', 'h'), ('23_2', 't')), (('23_0', 'h'), ('23_7', 't')), (('23_4', 'h'), ('23_0', 't')), (('23_12', 'h'), ('23_4', 't')), (('23_10', 'h'), ('23_12', 't')), (('23_8', 'h'), ('23_10', 't')), (('23_21', 'h'), ('23_8', 't')), (('23_5', 'h'), ('23_21', 't')), (('23_3', 'h'), ('23_5', 't')), (('23_20', 'h'), ('23_3', 't')), (('23_19', 'h'), ('23_20', 't')), (('23_14', 'h'), ('23_19', 't')), (('23_16', 'h'), ('23_14', 't')), (('23_11', 'h'), ('23_16', 't'))])

Chosen seed at iteration 92: 1
Chosen chr at iteration 92


Iteration 93
93	deque([(('23_17', 'h'), ('23_18', 't')), (('23_2', 'h'), ('23_17', 't')), (('23_7', 'h'), ('23_2', 't')), (('23_0', 'h'), ('23_7', 't')), (('23_4', 'h'), ('23_0', 't')), (('23_12', 'h'), ('23_4', 't')), (('23_10', 'h'), ('23_12', 't')), (('23_8', 'h'), ('23_10', 't')), (('23_21', 'h'), ('23_8', 't')), (('23_5', 'h'), ('23_21', 't')), (('23_3', 'h'), ('23_5', 't')), (('23_20', 'h'), ('23_3', 't')), (('23_19', 'h'), ('23_20', 't')), (('23_22', 'h'), ('23_19', 't')), (('23_13', 'h'), ('23_22', 't')), (('23_18', 'h'), ('23_13', 't'))])
93	deque([(('23_15', 'h'), ('23_9', 't')), (('23_6', 'h'), ('23_15', 't')), (('23_14', 'h'), ('23_6', 't')), (('23_16', 'h'), ('23_14', 't')), (('23_11', 'h'), ('23_16', 't')), (('23_1', 'h'), ('23_11', 't')), (('23_9', 'h'), ('23_1', 't'))])

Chosen seed at iteration 93: 1
Chosen chr at iteration 93


Iteration 94
94	deque([(('23_7', 'h'), ('23_2', 't')), (('23_2', 'h'), ('23_17', 't')), (('23_17', 'h'), ('23_18', 't')), (('23_18', 'h'), ('23_13', 't')), (('23_13', 'h'), ('23_22', 't')), (('23_22', 'h'), ('23_6', 't')), (('23_6', 'h'), ('23_15', 't')), (('23_15', 'h'), ('23_9', 't')), (('23_9', 'h'), ('23_1', 't')), (('23_1', 'h'), ('23_11', 't')), (('23_11', 'h'), ('23_16', 't')), (('23_16', 'h'), ('23_14', 't')), (('23_14', 'h'), ('23_20', 't')), (('23_20', 'h'), ('23_3', 't')), (('23_3', 'h'), ('23_5', 't')), (('23_5', 'h'), ('23_21', 't')), (('23_21', 'h'), ('23_8', 't')), (('23_8', 'h'), ('23_10', 't')), (('23_10', 'h'), ('23_12', 't')), (('23_12', 'h'), ('23_4', 't')), (('23_4', 'h'), ('23_0', 't')), (('23_0', 'h'), ('23_7', 't'))])
94	deque([(('23_19', 'h'), ('23_19', 't'))])

Chosen seed at iteration 94: 2
Chosen chr at iteration 94


Iteration 95
95	deque([(('23_8', 'h'), ('23_5', 't')), (('23_12', 'h'), ('23_8', 't')), (('23_10', 'h'), ('23_12', 't')), (('23_13', 'h'), ('23_10', 't')), (('23_18', 'h'), ('23_13', 't')), (('23_17', 'h'), ('23_18', 't')), (('23_2', 'h'), ('23_17', 't')), (('23_7', 'h'), ('23_2', 't')), (('23_3', 'h'), ('23_7', 't')), (('23_22', 'h'), ('23_3', 't')), (('23_15', 'h'), ('23_22', 't')), (('23_6', 'h'), ('23_15', 't')), (('23_9', 'h'), ('23_6', 't')), (('23_21', 'h'), ('23_9', 't')), (('23_5', 'h'), ('23_21', 't'))])
95	deque([(('23_16', 'h'), ('23_14', 't')), (('23_11', 'h'), ('23_16', 't')), (('23_1', 'h'), ('23_11', 't')), (('23_14', 'h'), ('23_1', 't'))])
95	deque([(('23_0', 'h'), ('23_20', 't')), (('23_20', 'h'), ('23_4', 't')), (('23_4', 'h'), ('23_19', 't')), (('23_19', 'h'), ('23_0', 't'))])

Chosen seed at iteration 95: 3
Chosen chr at iteration 95


Iteration 96
96	deque([(('23_17', 'h'), ('23_11', 't')), (('23_11', 'h'), ('23_15', 't')), (('23_15', 'h'), ('23_0', 't')), (('23_0', 'h'), ('23_3', 't')), (('23_3', 'h'), ('23_18', 't')), (('23_18', 'h'), ('23_9', 't')), (('23_9', 'h'), ('23_4', 't')), (('23_4', 'h'), ('23_19', 't')), (('23_19', 'h'), ('23_6', 't')), (('23_6', 'h'), ('23_13', 't')), (('23_13', 'h'), ('23_20', 't')), (('23_20', 'h'), ('23_12', 't')), (('23_12', 'h'), ('23_17', 't'))])
96	deque([(('23_7', 'h'), ('23_21', 't')), (('23_16', 'h'), ('23_7', 't')), (('23_21', 'h'), ('23_16', 't'))])
96	deque([(('23_8', 'h'), ('23_5', 't')), (('23_5', 'h'), ('23_8', 't'))])
96	deque([(('23_10', 'h'), ('23_1', 't')), (('23_22', 'h'), ('23_10', 't')), (('23_14', 'h'), ('23_22', 't')), (('23_2', 'h'), ('23_14', 't')), (('23_1', 'h'), ('23_2', 't'))])

Chosen seed at iteration 96: 3
Chosen chr at iteration 96


Iteration 97
97	deque([(('23_8', 'h'), ('23_5', 't')), (('23_5', 'h'), ('23_14', 't')), (('23_14', 'h'), ('23_22', 't')), (('23_22', 'h'), ('23_20', 't')), (('23_20', 'h'), ('23_12', 't')), (('23_12', 'h'), ('23_15', 't')), (('23_15', 'h'), ('23_10', 't')), (('23_10', 'h'), ('23_2', 't')), (('23_2', 'h'), ('23_1', 't')), (('23_1', 'h'), ('23_0', 't')), (('23_0', 'h'), ('23_3', 't')), (('23_3', 'h'), ('23_8', 't'))])
97	deque([(('23_11', 'h'), ('23_13', 't')), (('23_13', 'h'), ('23_17', 't')), (('23_17', 'h'), ('23_11', 't'))])
97	deque([(('23_16', 'h'), ('23_7', 't')), (('23_7', 'h'), ('23_21', 't')), (('23_21', 'h'), ('23_16', 't'))])
97	deque([(('23_9', 'h'), ('23_4', 't')), (('23_4', 'h'), ('23_19', 't')), (('23_19', 'h'), ('23_6', 't')), (('23_6', 'h'), ('23_18', 't')), (('23_18', 'h'), ('23_9', 't'))])

Chosen seed at iteration 97: 1
Chosen chr at iteration 97


Iteration 98
98	deque([(('23_10', 'h'), ('23_1', 't')), (('23_1', 'h'), ('23_2', 't')), (('23_2', 'h'), ('23_14', 't')), (('23_14', 'h'), ('23_22', 't')), (('23_22', 'h'), ('23_10', 't'))])
98	deque([(('23_3', 'h'), ('23_8', 't')), (('23_0', 'h'), ('23_3', 't')), (('23_15', 'h'), ('23_0', 't')), (('23_8', 'h'), ('23_15', 't'))])
98	deque([(('23_6', 'h'), ('23_9', 't')), (('23_9', 'h'), ('23_4', 't')), (('23_4', 'h'), ('23_19', 't')), (('23_19', 'h'), ('23_6', 't'))])
98	deque([(('23_5', 'h'), ('23_5', 't'))])
98	deque([(('23_11', 'h'), ('23_13', 't')), (('23_13', 'h'), ('23_20', 't')), (('23_20', 'h'), ('23_12', 't')), (('23_12', 'h'), ('23_17', 't')), (('23_17', 'h'), ('23_11', 't'))])
98	deque([(('23_21', 'h'), ('23_16', 't')), (('23_7', 'h'), ('23_21', 't')), (('23_16', 'h'), ('23_7', 't'))])
98	deque([(('23_18', 'h'), ('23_18', 't'))])

Chosen seed at iteration 98: 2
Chosen chr at iteration 98


Iteration 99
99	deque([(('23_11', 'h'), ('23_13', 't')), (('23_13', 'h'), ('23_17', 't')), (('23_17', 'h'), ('23_11', 't'))])
99	deque([(('23_1', 'h'), ('23_3', 't')), (('23_3', 'h'), ('23_8', 't')), (('23_8', 'h'), ('23_5', 't')), (('23_5', 'h'), ('23_14', 't')), (('23_14', 'h'), ('23_22', 't')), (('23_22', 'h'), ('23_20', 't')), (('23_20', 'h'), ('23_0', 't')), (('23_0', 'h'), ('23_12', 't')), (('23_12', 'h'), ('23_15', 't')), (('23_15', 'h'), ('23_10', 't')), (('23_10', 'h'), ('23_2', 't')), (('23_2', 'h'), ('23_1', 't'))])
99	deque([(('23_19', 'h'), ('23_6', 't')), (('23_6', 'h'), ('23_18', 't')), (('23_18', 'h'), ('23_9', 't')), (('23_9', 'h'), ('23_4', 't')), (('23_4', 'h'), ('23_19', 't'))])
99	deque([(('23_16', 'h'), ('23_7', 't')), (('23_21', 'h'), ('23_16', 't')), (('23_7', 'h'), ('23_21', 't'))])

Chosen seed at iteration 99: 2
Chosen chr at iteration 99


Iteration 1
1	deque([(('20_1', 'h'), ('20_1', 't'))])
1	deque([(('20_3', 'h'), ('20_3', 't'))])
1	deque([(('20_2', 'h'), ('20_2', 't'))])
1	deque([(('20_0', 'h'), ('20_0', 't'))])

Chosen seed at iteration 1: 4
Chosen chr at iteration 1


Iteration 2
2	deque([(('20_3', 'h'), ('20_1', 't')), (('20_1', 'h'), ('20_2', 't')), (('20_2', 'h'), ('20_0', 't')), (('20_0', 'h'), ('20_3', 't'))])

Chosen seed at iteration 2: 1
Chosen chr at iteration 2


Iteration 3
3	deque([(('20_1', 'h'), ('20_3', 't')), (('20_3', 'h'), ('20_1', 't'))])
3	deque([(('20_0', 'h'), ('20_2', 't')), (('20_2', 'h'), ('20_0', 't'))])

Chosen seed at iteration 3: 2
Chosen chr at iteration 3


Iteration 4
4	deque([(('20_0', 'h'), ('20_3', 't')), (('20_3', 'h'), ('20_2', 't')), (('20_2', 'h'), ('20_1', 't')), (('20_1', 'h'), ('20_0', 't'))])

Chosen seed at iteration 4: 1
Chosen chr at iteration 4


Iteration 5
5	deque([(('20_1', 'h'), ('20_2', 't')), (('20_2', 'h'), ('20_0', 't')), (('20_0', 'h'), ('20_1', 't'))])
5	deque([(('20_3', 'h'), ('20_3', 't'))])

Chosen seed at iteration 5: 2
Chosen chr at iteration 5


Iteration 6
6	deque([(('20_1', 'h'), ('20_0', 't')), (('20_3', 'h'), ('20_1', 't')), (('20_2', 'h'), ('20_3', 't')), (('20_0', 'h'), ('20_2', 't'))])

Chosen seed at iteration 6: 1
Chosen chr at iteration 6


Iteration 7
7	deque([(('20_0', 'h'), ('20_1', 't')), (('20_1', 'h'), ('20_2', 't')), (('20_2', 'h'), ('20_3', 't')), (('20_3', 'h'), ('20_0', 't'))])

Chosen seed at iteration 7: 1
Chosen chr at iteration 7


Iteration 8
8	deque([(('20_3', 'h'), ('20_0', 't')), (('20_0', 'h'), ('20_3', 't'))])
8	deque([(('20_1', 'h'), ('20_2', 't')), (('20_2', 'h'), ('20_1', 't'))])

Chosen seed at iteration 8: 1
Chosen chr at iteration 8


Iteration 9
9	deque([(('20_3', 'h'), ('20_0', 't')), (('20_1', 'h'), ('20_3', 't')), (('20_2', 'h'), ('20_1', 't')), (('20_0', 'h'), ('20_2', 't'))])

Chosen seed at iteration 9: 1
Chosen chr at iteration 9


Iteration 10
10	deque([(('20_2', 'h'), ('20_0', 't')), (('20_3', 'h'), ('20_2', 't')), (('20_0', 'h'), ('20_3', 't'))])
10	deque([(('20_1', 'h'), ('20_1', 't'))])

Chosen seed at iteration 10: 2
Chosen chr at iteration 10


Iteration 11
11	deque([(('20_1', 'h'), ('20_3', 't')), (('20_0', 'h'), ('20_1', 't')), (('20_2', 'h'), ('20_0', 't')), (('20_3', 'h'), ('20_2', 't'))])

Chosen seed at iteration 11: 1
Chosen chr at iteration 11


Iteration 12
12	deque([(('20_3', 'h'), ('20_0', 't')), (('20_0', 'h'), ('20_1', 't')), (('20_1', 'h'), ('20_3', 't'))])
12	deque([(('20_2', 'h'), ('20_2', 't'))])

Chosen seed at iteration 12: 1
Chosen chr at iteration 12


Iteration 13
13	deque([(('20_2', 'h'), ('20_3', 't')), (('20_3', 'h'), ('20_2', 't'))])
13	deque([(('20_0', 'h'), ('20_1', 't')), (('20_1', 'h'), ('20_0', 't'))])

Chosen seed at iteration 13: 2
Chosen chr at iteration 13


Iteration 14
14	deque([(('20_3', 'h'), ('20_1', 't')), (('20_0', 'h'), ('20_3', 't')), (('20_1', 'h'), ('20_0', 't'))])
14	deque([(('20_2', 'h'), ('20_2', 't'))])

Chosen seed at iteration 14: 1
Chosen chr at iteration 14


Iteration 15
15	deque([(('20_1', 'h'), ('20_2', 't')), (('20_0', 'h'), ('20_1', 't')), (('20_2', 'h'), ('20_0', 't'))])

Chosen seed at iteration 15: 1
Chosen chr at iteration 15


Iteration 16
16	deque([(('20_3', 'h'), ('20_1', 't')), (('20_1', 'h'), ('20_3', 't'))])
16	deque([(('20_2', 'h'), ('20_2', 't'))])

Chosen seed at iteration 16: 1
Chosen chr at iteration 16


Iteration 17
17	deque([(('20_3', 'h'), ('20_1', 't')), (('20_2', 'h'), ('20_3', 't')), (('20_1', 'h'), ('20_2', 't'))])

Chosen seed at iteration 17: 1
Chosen chr at iteration 17


Iteration 18
18	deque([(('20_0', 'h'), ('20_3', 't')), (('20_3', 'h'), ('20_2', 't')), (('20_2', 'h'), ('20_0', 't'))])

Chosen seed at iteration 18: 1
Chosen chr at iteration 18


Iteration 19
19	deque([(('20_1', 'h'), ('20_0', 't')), (('20_0', 'h'), ('20_2', 't')), (('20_2', 'h'), ('20_1', 't'))])

Chosen seed at iteration 19: 1
Chosen chr at iteration 19


Iteration 20
20	deque([(('20_3', 'h'), ('20_2', 't')), (('20_1', 'h'), ('20_3', 't')), (('20_2', 'h'), ('20_1', 't'))])

Chosen seed at iteration 20: 1
Chosen chr at iteration 20


Iteration 21
21	deque([(('20_3', 'h'), ('20_0', 't')), (('20_0', 'h'), ('20_2', 't')), (('20_2', 'h'), ('20_3', 't'))])

Chosen seed at iteration 21: 1
Chosen chr at iteration 21


Iteration 22
Iteration 1
Iteration 1
Iteration 1
Iteration 1
Iteration 1
Iteration 1
Iteration 1
Iteration 1
