Iteration 1
Iteration 1
1	deque([(('62_3', 'h'), ('19_1', 'h')), (('62_3', 't'), ('43_7', 't')), (('43_7', 'h'), ('86_3', 't')), (('86_3', 'h'), ('52_2', 't')), (('52_2', 'h'), ('38_8', 't')), (('38_8', 'h'), ('67_5', 't')), (('67_5', 'h'), ('72_0', 't')), (('72_0', 'h'), ('68_6', 't')), (('68_6', 'h'), ('70_2', 't')), (('78_0', 'h'), ('70_2', 'h')), (('69_0', 'h'), ('78_0', 't')), (('27_0', 'h'), ('69_0', 't')), (('46_0', 'h'), ('27_0', 't')), (('37_1', 'h'), ('46_0', 't')), (('79_4', 'h'), ('37_1', 't')), (('46_2', 'h'), ('79_4', 't')), (('31_0', 'h'), ('46_2', 't')), (('50_0', 'h'), ('31_0', 't')), (('45_1', 'h'), ('50_0', 't')), (('48_3', 't'), ('45_1', 't')), (('48_3', 'h'), ('57_1', 't')), (('57_1', 'h'), ('47_3', 't')), (('47_3', 'h'), ('19_1', 't'))])
1	deque([(('41_0', 'h'), ('30_1', 't')), (('25_1', 'h'), ('41_0', 't')), (('39_5', 't'), ('25_1', 't')), (('39_5', 'h'), ('30_1', 'h'))])

Chosen seed at iteration 1: 1
Chosen chr at iteration 1



Chosen seed at iteration 2: 2
Chosen chr at iteration 2


Iteration 3
Iteration 1
1	deque([(('25_2', 'h'), ('41_0', 't')), (('39_5', 't'), ('25_2', 't')), (('41_0', 'h'), ('39_5', 'h'))])
1	deque([(('55_1', 'h'), ('65_0', 't')), (('59_0', 'h'), ('55_1', 't')), (('51_3', 'h'), ('59_0', 't')), (('64_1', 'h'), ('51_3', 't')), (('64_1', 't'), ('36_0', 't')), (('65_0', 'h'), ('36_0', 'h'))])
1	deque([(('22_0', 'h'), ('22_0', 't'))])

Chosen seed at iteration 1: 1
Chosen chr at iteration 1



Chosen seed at iteration 2: 2
Chosen chr at iteration 2



Chosen seed at iteration 3: 3
Chosen chr at iteration 3


Iteration 4
4	deque([(('65_5', 'h'), ('36_0', 'h')), (('55_1', 'h'), ('65_5', 't')), (('59_0', 'h'), ('55_1', 't')), (('51_5', 'h'), ('59_0', 't')), (('64_4', 'h'), ('51_5', 't')), (('64_4', 't'), ('36_0', 't'))])
4	deque([(('25_2', 'h'), ('41_0', 't')), (('41_0', 'h'), ('39_0', 'h')), (('39_0', 't'), ('25_2', 't'))])
4	deque([(('22_1', 'h'), ('22_1', 't'))])

Chosen seed at iteration 4: 1
Chosen chr at iteration 4



Chosen seed at iteration 5: 2
Chosen chr at iteration 5



Chosen seed at iteration 6: 3
Chosen chr at iteration 6


Iteration 1
1	deque([(('22_0', 'h'), ('22_0', 't'))])

Chosen seed at iteration 1: 1
Chosen chr at iteration 1


Iteration 2
Iteration 1
1	deque([(('22_0', 'h'), ('22_0', 't'))])

Chosen seed at iteration 1: 1
Chosen chr at iteration 1


Iteration 2
Iteration 1
Iteration 1
1	deque([(('22_0', 'h'), ('22_0', 't'))])

Chosen seed at iteration 1: 1
Chosen chr at iteration 1


Iteration 2
Iteration 1
Iteration 1
Iteration 1
1	deque([(('49_0', 'h'), ('26_1', 't')), (('11_0', 'h'), ('49_0', 't')), (('47_3', 'h'), ('11_0', 't'))])
1	deque([(('26_1', 'h'), ('73_1', 't'))])

Chosen seed at iteration 1: 1
Chosen chr at iteration 1



Chosen seed at iteration 2: 2
Chosen chr at iteration 2


Iteration 3
Iteration 1
Iteration 1
Iteration 1
Iteration 1
Iteration 1
Iteration 1
Iteration 1
Iteration 1
