Iteration 1
1	deque([(('152_0', 'h'), ('141_3', 't')), (('141_3', 'h'), ('123_3', 'h')), (('123_3', 't'), ('111_2', 't')), (('137_1', 'h'), ('111_2', 'h')), (('95_5', 'h'), ('137_1', 't')), (('139_1', 'h'), ('95_5', 't')), (('139_1', 't'), ('49_0', 't')), (('80_0', 'h'), ('49_0', 'h')), (('68_1', 'h'), ('80_0', 't')), (('58_0', 'h'), ('68_1', 't')), (('106_1', 'h'), ('58_0', 't')), (('106_1', 't'), ('63_0', 't')), (('63_0', 'h'), ('93_0', 't')), (('93_0', 'h'), ('70_1', 't')), (('70_1', 'h'), ('56_0', 'h')), (('77_1', 'h'), ('56_0', 't')), (('54_0', 'h'), ('77_1', 't')), (('78_14', 'h'), ('54_0', 't')), (('152_0', 't'), ('78_14', 't'))])
1	deque([(('103_0', 't'), ('78_16', 't')), (('78_16', 'h'), ('59_0', 'h')), (('140_1', 'h'), ('59_0', 't')), (('140_1', 't'), ('95_3', 't')), (('138_4', 'h'), ('95_3', 'h')), (('111_1', 'h'), ('138_4', 't')), (('103_0', 'h'), ('111_1', 't'))])

Chosen seed at iteration 1: 1
Chosen chr at iteration 1



Chosen seed at iteration 2: 2
Chosen chr at iteration 2


Iteration 3
3	deque([(('78_12', 'h'), ('59_0', 'h')), (('152_0', 't'), ('78_12', 't')), (('152_0', 'h'), ('141_3', 't')), (('141_3', 'h'), ('123_2', 'h')), (('123_2', 't'), ('111_3', 't')), (('137_5', 'h'), ('111_3', 'h')), (('95_7', 'h'), ('137_5', 't')), (('140_0', 't'), ('95_7', 't')), (('140_0', 'h'), ('59_0', 't'))])
3	deque([(('78_1', 't'), ('67_0', 't')), (('142_0', 'h'), ('78_1', 'h')), (('79_3', 'h'), ('142_0', 't')), (('79_3', 't'), ('60_1', 't')), (('132_0', 'h'), ('60_1', 'h')), (('132_0', 't'), ('76_0', 't')), (('78_0', 'h'), ('76_0', 'h')), (('67_0', 'h'), ('78_0', 't'))])

Chosen seed at iteration 3: 1
Chosen chr at iteration 3



Chosen seed at iteration 4: 2
Chosen chr at iteration 4


Iteration 1
1	deque([(('111_4', 'h'), ('138_5', 't')), (('138_5', 'h'), ('95_5', 'h')), (('140_5', 't'), ('95_5', 't')), (('140_5', 'h'), ('43_0', 't')), (('140_4', 'h'), ('43_0', 'h'))])
1	deque([(('111_2', 'h'), ('138_3', 't'))])
1	deque([(('141_6', 'h'), ('123_1', 'h')), (('152_1', 'h'), ('141_6', 't')), (('152_1', 't'), ('78_3', 't')), (('78_3', 'h'), ('21_0', 'h')), (('77_0', 'h'), ('21_0', 't')), (('77_0', 't'), ('38_0', 't')), (('78_2', 'h'), ('38_0', 'h')), (('103_2', 't'), ('78_2', 't')), (('103_2', 'h'), ('111_0', 't')), (('137_2', 'h'), ('111_0', 'h')), (('95_8', 'h'), ('137_2', 't'))])
1	deque([(('123_1', 't'), ('111_4', 't'))])
1	deque([(('138_3', 'h'), ('95_5', 'h'))])

Chosen seed at iteration 1: 1
Chosen chr at iteration 1



Chosen seed at iteration 2: 2
Chosen chr at iteration 2



Chosen seed at iteration 3: 3
Chosen chr at iteration 3



Chosen seed at iteration 4: 4
Chosen chr at iteration 4



Chosen seed at iteration 5: 5
Chosen chr at iteration 5


Iteration 1
Iteration 1
1	deque([(('12_0', 'h'), ('78_13', 't')), (('78_13', 'h'), ('12_0', 't'))])

Chosen seed at iteration 1: 1
Chosen chr at iteration 1


Iteration 2
Iteration 1
1	deque([(('140_6', 't'), ('95_4', 't'))])
1	deque([(('138_4', 'h'), ('95_4', 'h'))])

Chosen seed at iteration 1: 1
Chosen chr at iteration 1



Chosen seed at iteration 2: 2
Chosen chr at iteration 2


Iteration 3
Iteration 1
Iteration 1
Iteration 1
1	deque([(('28_0', 'h'), ('77_6', 't')), (('77_6', 'h'), ('36_0', 'h')), (('98_0', 'h'), ('36_0', 't')), (('98_0', 't'), ('71_0', 't')), (('71_0', 'h'), ('51_0', 't')), (('51_0', 'h'), ('68_0', 't')), (('68_0', 'h'), ('65_1', 'h')), (('65_1', 't'), ('28_0', 't'))])

Chosen seed at iteration 1: 1
Chosen chr at iteration 1


Iteration 2
2	deque([(('98_0', 't'), ('71_0', 't')), (('98_0', 'h'), ('36_0', 't')), (('77_5', 'h'), ('36_0', 'h')), (('28_0', 'h'), ('77_5', 't')), (('65_0', 't'), ('28_0', 't')), (('68_1', 'h'), ('65_0', 'h')), (('51_0', 'h'), ('68_1', 't')), (('71_0', 'h'), ('51_0', 't'))])

Chosen seed at iteration 2: 1
Chosen chr at iteration 2


Iteration 3
3	deque([(('71_0', 'h'), ('51_0', 't')), (('51_0', 'h'), ('68_0', 't')), (('68_0', 'h'), ('65_1', 'h')), (('65_1', 't'), ('28_0', 't')), (('28_0', 'h'), ('77_2', 't')), (('77_2', 'h'), ('36_0', 'h')), (('98_0', 'h'), ('36_0', 't')), (('98_0', 't'), ('71_0', 't'))])

Chosen seed at iteration 3: 1
Chosen chr at iteration 3


Iteration 4
4	deque([(('51_0', 'h'), ('68_1', 't')), (('68_1', 'h'), ('65_0', 'h')), (('65_0', 't'), ('28_0', 't')), (('28_0', 'h'), ('77_6', 't')), (('77_6', 'h'), ('36_0', 'h')), (('98_0', 'h'), ('36_0', 't')), (('98_0', 't'), ('71_0', 't')), (('71_0', 'h'), ('51_0', 't'))])

Chosen seed at iteration 4: 1
Chosen chr at iteration 4


Iteration 1
Iteration 1
Iteration 1
Iteration 1
Iteration 1
