Iteration 1
1	deque([(('278_14', 't'), ('273_21', 't')), (('278_14', 'h'), ('329_4', 't')), (('329_4', 'h'), ('232_31', 't')), (('297_3', 'h'), ('232_31', 'h')), (('416_16', 'h'), ('297_3', 't')), (('416_16', 't'), ('135_1', 't')), (('135_1', 'h'), ('62_0', 'h')), (('394_0', 't'), ('62_0', 't')), (('420_1', 'h'), ('394_0', 'h')), (('420_1', 't'), ('321_1', 't')), (('350_0', 'h'), ('321_1', 'h')), (('408_0', 'h'), ('350_0', 't')), (('273_21', 'h'), ('408_0', 't'))])
1	deque([(('404_0', 't'), ('285_6', 't')), (('399_8', 'h'), ('285_6', 'h')), (('330_4', 'h'), ('399_8', 't')), (('356_3', 't'), ('330_4', 't')), (('356_3', 'h'), ('254_4', 't')), (('254_4', 'h'), ('287_6', 't')), (('287_6', 'h'), ('92_0', 't')), (('404_0', 'h'), ('92_0', 'h'))])

Chosen seed at iteration 1: 1
Chosen chr at iteration 1



Chosen seed at iteration 2: 2
Chosen chr at iteration 2


Iteration 3
3	deque([(('426_0', 'h'), ('91_9', 't')), (('242_3', 'h'), ('426_0', 't')), (('428_3', 'h'), ('242_3', 't')), (('428_3', 't'), ('119_6', 't')), (('365_4', 'h'), ('119_6', 'h')), (('383_1', 't'), ('365_4', 't')), (('383_1', 'h'), ('26_1', 'h')), (('261_0', 'h'), ('26_1', 't')), (('261_0', 't'), ('34_0', 't')), (('34_0', 'h'), ('322_1', 't')), (('322_1', 'h'), ('326_1', 't')), (('326_1', 'h'), ('91_9', 'h'))])
3	deque([(('254_1', 'h'), ('287_7', 't')), (('357_3', 't'), ('254_1', 't')), (('357_3', 'h'), ('330_0', 't')), (('330_0', 'h'), ('399_0', 't')), (('399_0', 'h'), ('285_1', 'h')), (('404_0', 't'), ('285_1', 't')), (('404_0', 'h'), ('92_0', 'h')), (('287_7', 'h'), ('92_0', 't'))])
3	deque([(('297_6', 'h'), ('232_0', 'h')), (('416_46', 'h'), ('297_6', 't')), (('416_46', 't'), ('135_1', 't')), (('135_1', 'h'), ('62_0', 'h')), (('394_0', 't'), ('62_0', 't')), (('420_0', 'h'), ('394_0', 'h')), (('420_0', 't'), ('321_5', 't')), (('350_0', 'h'), ('321_5', 'h')), (('408_8', 'h'), ('350_0', 't')), (('273_29', 'h'), ('408_8', 't')), (('278_22', 't'), ('273_29', 't')), (('278_22', 'h'), ('329_26', 't')), (('329_26', 'h'), ('232_0', 't'))])

Chosen seed at iteration 3: 1
Chosen chr at iteration 3



Chosen seed at iteration 4: 2
Chosen chr at iteration 4



Chosen seed at iteration 5: 3
Chosen chr at iteration 5


Iteration 1
Iteration 1
Iteration 1
1	deque([(('151_0', 't'), ('59_0', 't')), (('96_0', 'h'), ('59_0', 'h')), (('187_0', 'h'), ('96_0', 't')), (('357_0', 't'), ('187_0', 't')), (('357_0', 'h'), ('330_1', 't')), (('330_1', 'h'), ('278_8', 'h')), (('278_8', 't'), ('273_28', 't')), (('273_28', 'h'), ('235_1', 't')), (('235_1', 'h'), ('415_1', 't')), (('429_2', 'h'), ('415_1', 'h')), (('429_2', 't'), ('389_2', 't')), (('389_2', 'h'), ('124_8', 'h')), (('174_14', 'h'), ('124_8', 't')), (('183_0', 't'), ('174_14', 't')), (('183_0', 'h'), ('151_0', 'h'))])

Chosen seed at iteration 1: 1
Chosen chr at iteration 1


Iteration 2
2	deque([(('183_0', 't'), ('174_7', 't')), (('174_7', 'h'), ('124_8', 't')), (('389_2', 'h'), ('124_8', 'h')), (('429_0', 't'), ('389_2', 't')), (('429_0', 'h'), ('415_3', 'h')), (('235_2', 'h'), ('415_3', 't')), (('273_11', 'h'), ('235_2', 't')), (('278_37', 't'), ('273_11', 't')), (('330_4', 'h'), ('278_37', 'h')), (('357_0', 'h'), ('330_4', 't')), (('357_0', 't'), ('187_0', 't')), (('187_0', 'h'), ('96_0', 't')), (('96_0', 'h'), ('59_0', 'h')), (('151_0', 't'), ('59_0', 't')), (('183_0', 'h'), ('151_0', 'h'))])

Chosen seed at iteration 2: 1
Chosen chr at iteration 2


Iteration 3
Iteration 1
Iteration 1
Iteration 1
Iteration 1
Iteration 1
Iteration 1
Iteration 1
1	deque([(('392_0', 'h'), ('229_2', 'h')), (('290_1', 't'), ('229_2', 't'))])
1	deque([(('296_0', 'h'), ('145_3', 'h')), (('206_1', 'h'), ('145_3', 't'))])
1	deque([(('392_0', 't'), ('296_1', 't')), (('296_1', 'h'), ('145_4', 'h'))])

Chosen seed at iteration 1: 1
Chosen chr at iteration 1



Chosen seed at iteration 2: 2
Chosen chr at iteration 2



Chosen seed at iteration 3: 3
Chosen chr at iteration 3


Iteration 4
Iteration 1
Iteration 1
Iteration 1
Iteration 1
Iteration 1
Iteration 1
Iteration 1
Iteration 1
1	deque([(('96_1', 'h'), ('22_0', 'h')), (('398_0', 'h'), ('22_0', 't')), (('398_0', 't'), ('304_0', 't')), (('304_0', 'h'), ('215_0', 'h')), (('215_0', 't'), ('137_0', 't')), (('137_0', 'h'), ('318_1', 't')), (('318_1', 'h'), ('177_0', 't')), (('184_0', 'h'), ('177_0', 'h')), (('355_0', 'h'), ('184_0', 't')), (('355_0', 't'), ('54_0', 't')), (('271_2', 'h'), ('54_0', 'h')), (('191_0', 'h'), ('271_2', 't')), (('294_2', 't'), ('191_0', 't')), (('294_2', 'h'), ('241_5', 't')), (('241_5', 'h'), ('250_2', 't')), (('250_2', 'h'), ('359_2', 't')), (('359_2', 'h'), ('138_2', 'h')), (('324_0', 'h'), ('138_2', 't'))])
1	deque([(('209_0', 'h'), ('151_0', 't'))])
1	deque([(('278_14', 'h'), ('329_29', 't')), (('278_14', 't'), ('273_0', 't')), (('273_0', 'h'), ('235_13', 't')), (('235_13', 'h'), ('412_4', 't')), (('412_4', 'h'), ('102_0', 'h'))])
1	deque([(('329_29', 'h'), ('232_27', 't'))])
1	deque([(('98_0', 'h'), ('96_1', 't'))])
1	deque([(('235_13', 'h'), ('415_17', 't'))])

Chosen seed at iteration 1: 1
Chosen chr at iteration 1



Chosen seed at iteration 2: 2
Chosen chr at iteration 2



Chosen seed at iteration 3: 3
Chosen chr at iteration 3



Chosen seed at iteration 4: 4
Chosen chr at iteration 4



Chosen seed at iteration 5: 5
Chosen chr at iteration 5



Chosen seed at iteration 6: 6
Chosen chr at iteration 6


Iteration 1
1	deque([(('60_0', 'h'), ('429_5', 't'))])

Chosen seed at iteration 1: 1
Chosen chr at iteration 1


Iteration 2
Iteration 1
1	deque([(('409_0', 'h'), ('166_0', 't')), (('166_0', 'h'), ('134_0', 'h'))])

Chosen seed at iteration 1: 1
Chosen chr at iteration 1


Iteration 2
2	deque([(('235_4', 'h'), ('415_10', 't'))])

Chosen seed at iteration 2: 1
Chosen chr at iteration 2


Iteration 3
Iteration 1
Iteration 1
Iteration 1
Iteration 1
Iteration 1
Iteration 1
1	deque([(('429_3', 't'), ('391_0', 't')), (('391_0', 'h'), ('324_1', 't'))])

Chosen seed at iteration 1: 1
Chosen chr at iteration 1


Iteration 2
Iteration 1
Iteration 1
Iteration 1
Iteration 1
Iteration 1
Iteration 1
Iteration 1
Iteration 1
Iteration 1
Iteration 1
Iteration 1
Iteration 1
Iteration 1
Iteration 1
Iteration 1
Iteration 1
Iteration 1
Iteration 1
Iteration 1
Iteration 1
Iteration 1
Iteration 1
Iteration 1
