Iteration 1
1	deque([(('92_15', 't'), ('59_2', 't')), (('92_15', 'h'), ('30_1', 'h')), (('59_2', 'h'), ('30_1', 't'))])
1	deque([(('51_5', 'h'), ('95_37', 't')), (('95_37', 'h'), ('49_1', 'h')), (('95_8', 't'), ('49_1', 't')), (('95_8', 'h'), ('51_5', 't'))])
1	deque([(('41_1', 'h'), ('105_21', 't')), (('105_21', 'h'), ('41_1', 't'))])
1	deque([(('105_2', 't'), ('61_6', 't')), (('105_2', 'h'), ('61_6', 'h'))])

Chosen seed at iteration 1: 4
Chosen chr at iteration 1


Iteration 2
2	deque([(('51_14', 'h'), ('95_42', 't')), (('95_42', 'h'), ('51_14', 't'))])
2	deque([(('95_36', 'h'), ('49_3', 'h')), (('95_36', 't'), ('49_3', 't'))])
2	deque([(('105_18', 'h'), ('61_25', 'h')), (('41_11', 'h'), ('105_18', 't')), (('105_14', 'h'), ('41_11', 't')), (('105_14', 't'), ('61_25', 't'))])

Chosen seed at iteration 2: 2
Chosen chr at iteration 2


Iteration 3
3	deque([(('95_0', 'h'), ('49_10', 'h')), (('95_0', 't'), ('49_10', 't'))])
3	deque([(('105_2', 't'), ('61_2', 't')), (('105_2', 'h'), ('41_0', 't')), (('41_0', 'h'), ('105_15', 't')), (('105_15', 'h'), ('61_2', 'h'))])
3	deque([(('59_0', 'h'), ('30_2', 't')), (('92_17', 'h'), ('30_2', 'h')), (('92_17', 't'), ('59_0', 't'))])
3	deque([(('95_7', 'h'), ('51_4', 't')), (('51_4', 'h'), ('95_7', 't'))])

Chosen seed at iteration 3: 2
Chosen chr at iteration 3


Iteration 4
4	deque([(('92_0', 't'), ('59_0', 't')), (('59_0', 'h'), ('30_0', 't')), (('92_0', 'h'), ('30_0', 'h'))])
4	deque([(('95_18', 't'), ('49_1', 't')), (('95_18', 'h'), ('49_1', 'h'))])
4	deque([(('105_6', 'h'), ('41_11', 't')), (('41_11', 'h'), ('105_6', 't'))])
4	deque([(('105_31', 'h'), ('61_16', 'h')), (('105_31', 't'), ('61_16', 't'))])
4	deque([(('95_35', 'h'), ('51_0', 't')), (('51_0', 'h'), ('95_35', 't'))])

Chosen seed at iteration 4: 2
Chosen chr at iteration 4


Iteration 1
1	deque([(('105_4', 't'), ('61_13', 't')), (('105_4', 'h'), ('41_13', 't')), (('41_13', 'h'), ('105_14', 't')), (('105_14', 'h'), ('61_13', 'h'))])
1	deque([(('95_5', 'h'), ('49_5', 'h')), (('95_5', 't'), ('49_5', 't'))])
1	deque([(('51_4', 'h'), ('95_7', 't')), (('95_7', 'h'), ('51_4', 't'))])
1	deque([(('102_13', 'h'), ('46_11', 't')), (('46_11', 'h'), ('102_13', 't'))])

Chosen seed at iteration 1: 1
Chosen chr at iteration 1


Iteration 2
2	deque([(('92_3', 't'), ('59_1', 't')), (('59_1', 'h'), ('30_1', 't')), (('30_1', 'h'), ('28_2', 'h')), (('68_2', 't'), ('28_2', 't')), (('68_2', 'h'), ('66_0', 'h')), (('56_2', 'h'), ('66_0', 't')), (('76_0', 'h'), ('56_2', 't')), (('107_2', 't'), ('76_0', 't')), (('107_2', 'h'), ('37_1', 'h')), (('92_3', 'h'), ('37_1', 't'))])
2	deque([(('95_9', 'h'), ('51_7', 't')), (('51_7', 'h'), ('95_9', 't'))])
2	deque([(('105_17', 'h'), ('41_1', 't')), (('41_1', 'h'), ('105_1', 't')), (('105_1', 'h'), ('61_4', 'h')), (('105_17', 't'), ('61_4', 't'))])
2	deque([(('95_14', 'h'), ('49_4', 'h')), (('95_14', 't'), ('49_4', 't'))])
2	deque([(('102_14', 'h'), ('46_11', 't')), (('46_11', 'h'), ('102_14', 't'))])

Chosen seed at iteration 2: 1
Chosen chr at iteration 2


Iteration 3
3	deque([(('107_2', 'h'), ('37_0', 'h')), (('92_12', 'h'), ('37_0', 't')), (('92_12', 't'), ('59_1', 't')), (('59_1', 'h'), ('30_2', 't')), (('30_2', 'h'), ('28_3', 'h')), (('68_3', 't'), ('28_3', 't')), (('68_3', 'h'), ('66_0', 'h')), (('56_3', 'h'), ('66_0', 't')), (('76_0', 'h'), ('56_3', 't')), (('107_2', 't'), ('76_0', 't'))])
3	deque([(('51_8', 'h'), ('95_9', 't')), (('95_9', 'h'), ('49_11', 'h')), (('95_36', 't'), ('49_11', 't')), (('95_36', 'h'), ('51_8', 't'))])
3	deque([(('92_15', 't'), ('87_4', 't')), (('97_0', 'h'), ('87_4', 'h')), (('97_0', 't'), ('70_2', 't')), (('70_2', 'h'), ('93_0', 't')), (('93_0', 'h'), ('80_1', 't')), (('80_1', 'h'), ('57_1', 't')), (('57_1', 'h'), ('65_2', 't')), (('65_2', 'h'), ('53_1', 'h')), (('113_3', 'h'), ('53_1', 't')), (('113_3', 't'), ('81_0', 't')), (('81_0', 'h'), ('112_2', 't')), (('112_2', 'h'), ('60_2', 't')), (('60_2', 'h'), ('47_4', 't')), (('47_4', 'h'), ('88_0', 't')), (('92_15', 'h'), ('88_0', 'h'))])
3	deque([(('105_24', 't'), ('61_8', 't')), (('105_4', 'h'), ('61_8', 'h')), (('41_2', 'h'), ('105_4', 't')), (('105_24', 'h'), ('41_2', 't'))])
3	deque([(('102_8', 'h'), ('46_2', 't')), (('46_2', 'h'), ('102_8', 't'))])

Chosen seed at iteration 3: 3
Chosen chr at iteration 3


Iteration 4
4	deque([(('85_1', 'h'), ('107_0', 't')), (('99_0', 't'), ('85_1', 't')), (('99_0', 'h'), ('79_1', 'h')), (('42_1', 'h'), ('79_1', 't')), (('96_4', 't'), ('42_1', 't')), (('96_4', 'h'), ('94_3', 'h')), (('144_1', 't'), ('94_3', 't')), (('144_1', 'h'), ('108_0', 't')), (('108_0', 'h'), ('86_0', 't')), (('86_0', 'h'), ('72_2', 't')), (('72_2', 'h'), ('126_2', 't')), (('140_2', 'h'), ('126_2', 'h')), (('84_5', 'h'), ('140_2', 't')), (('133_0', 'h'), ('84_5', 't')), (('101_4', 'h'), ('133_0', 't')), (('137_1', 't'), ('101_4', 't')), (('137_1', 'h'), ('102_2', 'h')), (('115_2', 'h'), ('102_2', 't')), (('115_2', 't'), ('70_2', 't')), (('70_2', 'h'), ('98_2', 't')), (('98_2', 'h'), ('80_0', 't')), (('80_0', 'h'), ('57_1', 't')), (('57_1', 'h'), ('65_1', 't')), (('65_1', 'h'), ('58_1', 'h')), (('87_4', 'h'), ('58_1', 't')), (('92_16', 't'), ('87_4', 't')), (('92_16', 'h'), ('88_1', 'h')), (('47_2', 'h'), ('88_1', 't')), (('47_2', 't'), ('36_0', 't')), (('112_4', 'h'), ('36_0', 'h')), (('81_0', 'h'), ('112_4', 't')), (('113_0', 't'), ('81_0', 't')), (('113_0', 'h'), ('90_0', 't')), (('90_0', 'h'), ('69_3', 'h')), (('69_3', 't'), ('23_0', 't')), (('75_1', 'h'), ('23_0', 'h')), (('91_0', 'h'), ('75_1', 't')), (('38_0', 'h'), ('91_0', 't')), (('107_0', 'h'), ('38_0', 't'))])
4	deque([(('102_11', 'h'), ('46_2', 't')), (('46_2', 'h'), ('102_11', 't'))])
4	deque([(('68_2', 'h'), ('66_0', 'h')), (('56_1', 'h'), ('66_0', 't')), (('76_0', 'h'), ('56_1', 't')), (('107_2', 't'), ('76_0', 't')), (('107_2', 'h'), ('37_0', 'h')), (('92_3', 'h'), ('37_0', 't')), (('92_3', 't'), ('59_2', 't')), (('59_2', 'h'), ('30_3', 't')), (('30_3', 'h'), ('28_0', 'h')), (('68_2', 't'), ('28_0', 't'))])
4	deque([(('41_9', 'h'), ('105_33', 't')), (('105_33', 'h'), ('61_14', 'h')), (('105_12', 't'), ('61_14', 't')), (('105_12', 'h'), ('41_9', 't'))])
4	deque([(('95_43', 'h'), ('49_10', 'h')), (('95_29', 't'), ('49_10', 't')), (('95_29', 'h'), ('51_22', 't')), (('51_22', 'h'), ('95_43', 't'))])

Chosen seed at iteration 4: 2
Chosen chr at iteration 4


Iteration 1
1	deque([(('95_10', 'h'), ('51_8', 't')), (('51_8', 'h'), ('95_33', 't')), (('95_33', 'h'), ('49_3', 'h')), (('95_10', 't'), ('49_3', 't'))])
1	deque([(('68_3', 't'), ('28_3', 't')), (('30_2', 'h'), ('28_3', 'h')), (('40_1', 't'), ('30_2', 't')), (('68_3', 'h'), ('40_1', 'h'))])
1	deque([(('102_1', 'h'), ('46_4', 't')), (('46_4', 'h'), ('102_1', 't'))])
1	deque([(('105_5', 'h'), ('61_23', 'h')), (('105_5', 't'), ('61_23', 't'))])
1	deque([(('105_9', 'h'), ('41_2', 't')), (('41_2', 'h'), ('105_9', 't'))])

Chosen seed at iteration 1: 5
Chosen chr at iteration 1


Iteration 2
2	deque([(('51_8', 'h'), ('95_12', 't')), (('95_12', 'h'), ('49_7', 'h')), (('95_28', 't'), ('49_7', 't')), (('95_28', 'h'), ('51_8', 't'))])
2	deque([(('68_8', 't'), ('28_1', 't')), (('30_2', 'h'), ('28_1', 'h')), (('40_0', 't'), ('30_2', 't')), (('68_8', 'h'), ('40_0', 'h'))])
2	deque([(('105_23', 'h'), ('41_6', 't')), (('41_6', 'h'), ('105_23', 't'))])
2	deque([(('105_0', 'h'), ('61_4', 'h')), (('105_0', 't'), ('61_4', 't'))])
2	deque([(('102_7', 'h'), ('46_5', 't')), (('46_5', 'h'), ('102_7', 't'))])

Chosen seed at iteration 2: 3
Chosen chr at iteration 2


Iteration 3
3	deque([(('105_27', 'h'), ('41_15', 't')), (('41_15', 'h'), ('105_27', 't'))])
3	deque([(('95_20', 'h'), ('51_7', 't')), (('51_7', 'h'), ('95_20', 't'))])
3	deque([(('105_9', 'h'), ('61_10', 'h')), (('105_9', 't'), ('61_10', 't'))])
3	deque([(('40_0', 't'), ('30_1', 't')), (('30_1', 'h'), ('28_3', 'h')), (('68_3', 't'), ('28_3', 't')), (('68_3', 'h'), ('40_0', 'h'))])
3	deque([(('46_0', 'h'), ('102_10', 't')), (('102_10', 'h'), ('46_0', 't'))])
3	deque([(('95_30', 't'), ('49_4', 't')), (('95_30', 'h'), ('49_4', 'h'))])

Chosen seed at iteration 3: 5
Chosen chr at iteration 3


Iteration 4
4	deque([(('105_22', 'h'), ('61_2', 'h')), (('105_13', 't'), ('61_2', 't')), (('105_13', 'h'), ('41_8', 't')), (('41_8', 'h'), ('105_22', 't'))])
4	deque([(('95_26', 'h'), ('51_21', 't')), (('95_26', 't'), ('49_5', 't')), (('95_38', 'h'), ('49_5', 'h')), (('51_21', 'h'), ('95_38', 't'))])
4	deque([(('102_13', 'h'), ('46_4', 't')), (('46_4', 'h'), ('102_13', 't'))])
4	deque([(('30_1', 'h'), ('28_1', 'h')), (('40_1', 't'), ('30_1', 't')), (('68_5', 'h'), ('40_1', 'h')), (('68_5', 't'), ('28_1', 't'))])

Chosen seed at iteration 4: 3
Chosen chr at iteration 4


Iteration 1
1	deque([(('41_1', 'h'), ('105_25', 't')), (('105_25', 'h'), ('41_1', 't'))])
1	deque([(('95_4', 'h'), ('51_17', 't')), (('95_4', 't'), ('49_12', 't')), (('95_23', 'h'), ('49_12', 'h')), (('51_17', 'h'), ('95_23', 't'))])
1	deque([(('30_2', 'h'), ('28_3', 'h')), (('68_4', 't'), ('28_3', 't')), (('68_4', 'h'), ('40_2', 'h')), (('40_2', 't'), ('30_2', 't'))])
1	deque([(('71_1', 'h'), ('56_4', 't')), (('56_4', 'h'), ('20_0', 't')), (('20_0', 'h'), ('68_3', 't')), (('68_3', 'h'), ('71_1', 't'))])
1	deque([(('105_10', 'h'), ('61_7', 'h')), (('105_10', 't'), ('61_7', 't'))])

Chosen seed at iteration 1: 4
Chosen chr at iteration 1


Iteration 2
2	deque([(('95_34', 'h'), ('51_14', 't')), (('95_34', 't'), ('49_3', 't')), (('95_7', 'h'), ('49_3', 'h')), (('51_14', 'h'), ('95_7', 't'))])
2	deque([(('68_6', 't'), ('28_3', 't')), (('30_2', 'h'), ('28_3', 'h')), (('40_0', 't'), ('30_2', 't')), (('68_6', 'h'), ('40_0', 'h'))])
2	deque([(('102_14', 'h'), ('46_9', 't')), (('46_9', 'h'), ('102_14', 't'))])
2	deque([(('68_0', 'h'), ('71_1', 't')), (('71_1', 'h'), ('56_0', 't')), (('56_0', 'h'), ('20_0', 't')), (('20_0', 'h'), ('68_0', 't'))])
2	deque([(('105_24', 'h'), ('61_3', 'h')), (('105_24', 't'), ('61_3', 't'))])
2	deque([(('105_34', 'h'), ('41_1', 't')), (('41_1', 'h'), ('105_34', 't'))])

Chosen seed at iteration 2: 3
Chosen chr at iteration 2


Iteration 3
3	deque([(('105_18', 'h'), ('41_0', 't')), (('105_18', 't'), ('61_9', 't')), (('105_21', 'h'), ('61_9', 'h')), (('41_0', 'h'), ('105_21', 't'))])
3	deque([(('68_6', 't'), ('28_3', 't')), (('30_2', 'h'), ('28_3', 'h')), (('40_2', 't'), ('30_2', 't')), (('68_3', 'h'), ('40_2', 'h')), (('20_0', 'h'), ('68_3', 't')), (('56_4', 'h'), ('20_0', 't')), (('71_1', 'h'), ('56_4', 't')), (('68_6', 'h'), ('71_1', 't'))])
3	deque([(('95_16', 'h'), ('49_0', 'h')), (('95_16', 't'), ('49_0', 't'))])
3	deque([(('95_27', 'h'), ('51_2', 't')), (('51_2', 'h'), ('95_27', 't'))])
3	deque([(('102_6', 'h'), ('46_6', 't')), (('46_6', 'h'), ('102_6', 't'))])

Chosen seed at iteration 3: 5
Chosen chr at iteration 3


Iteration 4
4	deque([(('46_11', 'h'), ('102_14', 't')), (('102_14', 'h'), ('46_11', 't'))])
4	deque([(('30_2', 'h'), ('28_2', 'h')), (('40_2', 't'), ('30_2', 't')), (('68_3', 'h'), ('40_2', 'h')), (('20_0', 'h'), ('68_3', 't')), (('56_4', 'h'), ('20_0', 't')), (('71_1', 'h'), ('56_4', 't')), (('68_1', 'h'), ('71_1', 't')), (('68_1', 't'), ('28_2', 't'))])
4	deque([(('105_30', 't'), ('61_24', 't')), (('105_30', 'h'), ('41_0', 't')), (('41_0', 'h'), ('105_15', 't')), (('105_15', 'h'), ('61_24', 'h'))])
4	deque([(('51_3', 'h'), ('95_33', 't')), (('95_33', 'h'), ('49_3', 'h')), (('95_44', 't'), ('49_3', 't')), (('95_44', 'h'), ('51_3', 't'))])

Chosen seed at iteration 4: 1
Chosen chr at iteration 4


Iteration 1
1	deque([(('95_39', 't'), ('49_6', 't')), (('95_39', 'h'), ('51_18', 't')), (('51_18', 'h'), ('95_3', 't')), (('95_3', 'h'), ('49_6', 'h'))])
1	deque([(('105_0', 't'), ('61_26', 't')), (('105_0', 'h'), ('41_14', 't')), (('41_14', 'h'), ('105_27', 't')), (('105_27', 'h'), ('61_26', 'h'))])
1	deque([(('92_15', 't'), ('87_12', 't')), (('87_12', 'h'), ('55_0', 'h')), (('92_15', 'h'), ('55_0', 't'))])
1	deque([(('46_5', 'h'), ('102_1', 't')), (('102_1', 'h'), ('46_5', 't'))])

Chosen seed at iteration 1: 1
Chosen chr at iteration 1


Iteration 2
2	deque([(('95_5', 't'), ('49_2', 't')), (('95_5', 'h'), ('51_6', 't')), (('51_6', 'h'), ('95_7', 't')), (('95_7', 'h'), ('49_2', 'h'))])
2	deque([(('92_10', 'h'), ('55_0', 't')), (('92_10', 't'), ('87_9', 't')), (('87_9', 'h'), ('55_0', 'h'))])
2	deque([(('105_26', 'h'), ('61_11', 'h')), (('41_1', 'h'), ('105_26', 't')), (('105_27', 'h'), ('41_1', 't')), (('105_27', 't'), ('61_11', 't'))])
2	deque([(('102_9', 'h'), ('46_7', 't')), (('46_7', 'h'), ('102_9', 't'))])

Chosen seed at iteration 2: 3
Chosen chr at iteration 2


Iteration 3
3	deque([(('41_4', 'h'), ('105_27', 't')), (('105_27', 'h'), ('41_4', 't'))])
3	deque([(('102_5', 'h'), ('46_8', 't')), (('46_8', 'h'), ('102_5', 't'))])
3	deque([(('92_17', 'h'), ('55_0', 't')), (('87_5', 'h'), ('55_0', 'h')), (('92_17', 't'), ('87_5', 't'))])
3	deque([(('95_25', 'h'), ('51_10', 't')), (('51_10', 'h'), ('95_25', 't'))])
3	deque([(('95_5', 't'), ('49_6', 't')), (('95_5', 'h'), ('49_6', 'h'))])
3	deque([(('105_26', 't'), ('61_3', 't')), (('105_26', 'h'), ('61_3', 'h'))])

Chosen seed at iteration 3: 1
Chosen chr at iteration 3


Iteration 4
4	deque([(('102_12', 'h'), ('46_5', 't')), (('46_5', 'h'), ('102_12', 't'))])
4	deque([(('92_9', 'h'), ('55_0', 't')), (('87_5', 'h'), ('55_0', 'h')), (('92_9', 't'), ('87_5', 't'))])
4	deque([(('105_20', 'h'), ('61_11', 'h')), (('105_26', 't'), ('61_11', 't')), (('105_26', 'h'), ('41_3', 't')), (('41_3', 'h'), ('105_20', 't'))])
4	deque([(('95_23', 't'), ('49_12', 't')), (('95_23', 'h'), ('49_12', 'h'))])
4	deque([(('51_9', 'h'), ('95_25', 't')), (('95_25', 'h'), ('51_9', 't'))])

Chosen seed at iteration 4: 4
Chosen chr at iteration 4


Iteration 1
1	deque([(('92_17', 'h'), ('48_0', 'h')), (('87_6', 'h'), ('48_0', 't')), (('92_17', 't'), ('87_6', 't'))])
1	deque([(('51_18', 'h'), ('95_37', 't')), (('95_37', 'h'), ('51_18', 't'))])
1	deque([(('105_8', 't'), ('61_26', 't')), (('105_8', 'h'), ('41_14', 't')), (('41_14', 'h'), ('105_5', 't')), (('105_5', 'h'), ('61_26', 'h'))])
1	deque([(('46_3', 'h'), ('102_1', 't')), (('102_1', 'h'), ('46_3', 't'))])
1	deque([(('95_1', 'h'), ('49_6', 'h')), (('95_1', 't'), ('49_6', 't'))])

Chosen seed at iteration 1: 4
Chosen chr at iteration 1


Iteration 2
2	deque([(('51_20', 'h'), ('95_22', 't')), (('95_22', 'h'), ('49_7', 'h')), (('95_42', 't'), ('49_7', 't')), (('95_42', 'h'), ('51_20', 't'))])
2	deque([(('105_4', 'h'), ('61_9', 'h')), (('105_8', 't'), ('61_9', 't')), (('105_8', 'h'), ('41_12', 't')), (('41_12', 'h'), ('105_4', 't'))])
2	deque([(('46_7', 'h'), ('102_7', 't')), (('102_7', 'h'), ('46_7', 't'))])
2	deque([(('92_4', 't'), ('87_11', 't')), (('87_11', 'h'), ('48_1', 't')), (('92_4', 'h'), ('48_1', 'h'))])

Chosen seed at iteration 2: 1
Chosen chr at iteration 2


Iteration 3
3	deque([(('105_21', 'h'), ('61_6', 'h')), (('105_1', 't'), ('61_6', 't')), (('105_1', 'h'), ('41_4', 't')), (('41_4', 'h'), ('105_21', 't'))])
3	deque([(('102_0', 'h'), ('46_10', 't')), (('46_10', 'h'), ('102_0', 't'))])
3	deque([(('92_10', 't'), ('87_6', 't')), (('92_10', 'h'), ('48_2', 'h')), (('87_6', 'h'), ('48_2', 't'))])
3	deque([(('95_42', 'h'), ('51_23', 't')), (('51_23', 'h'), ('95_39', 't')), (('95_39', 'h'), ('49_8', 'h')), (('95_42', 't'), ('49_8', 't'))])

Chosen seed at iteration 3: 4
Chosen chr at iteration 3


Iteration 4
4	deque([(('95_0', 'h'), ('49_4', 'h')), (('95_36', 't'), ('49_4', 't')), (('95_36', 'h'), ('51_4', 't')), (('51_4', 'h'), ('95_0', 't'))])
4	deque([(('105_16', 't'), ('61_13', 't')), (('105_16', 'h'), ('41_15', 't')), (('41_15', 'h'), ('105_24', 't')), (('105_24', 'h'), ('61_13', 'h'))])
4	deque([(('92_11', 't'), ('87_12', 't')), (('92_11', 'h'), ('48_1', 'h')), (('87_12', 'h'), ('48_1', 't'))])

Chosen seed at iteration 4: 1
Chosen chr at iteration 4


Iteration 1
1	deque([(('64_0', 'h'), ('15_1', 't')), (('15_1', 'h'), ('67_2', 't')), (('67_2', 'h'), ('39_0', 't')), (('68_0', 'h'), ('39_0', 'h')), (('44_0', 'h'), ('68_0', 't')), (('64_0', 't'), ('44_0', 't'))])
1	deque([(('92_4', 'h'), ('63_1', 'h')), (('92_4', 't'), ('87_11', 't')), (('87_11', 'h'), ('63_1', 't'))])
1	deque([(('105_7', 't'), ('61_12', 't')), (('105_7', 'h'), ('61_12', 'h'))])
1	deque([(('95_42', 'h'), ('51_16', 't')), (('51_16', 'h'), ('95_16', 't')), (('95_16', 'h'), ('49_6', 'h')), (('95_42', 't'), ('49_6', 't'))])
1	deque([(('41_13', 'h'), ('105_0', 't')), (('105_0', 'h'), ('41_13', 't'))])

Chosen seed at iteration 1: 4
Chosen chr at iteration 1


Iteration 2
2	deque([(('51_19', 'h'), ('95_40', 't')), (('95_40', 'h'), ('49_2', 'h')), (('95_45', 't'), ('49_2', 't')), (('95_45', 'h'), ('51_19', 't'))])
2	deque([(('64_0', 't'), ('44_0', 't')), (('64_0', 'h'), ('15_0', 't')), (('15_0', 'h'), ('67_4', 't')), (('67_4', 'h'), ('39_0', 't')), (('68_0', 'h'), ('39_0', 'h')), (('44_0', 'h'), ('68_0', 't'))])
2	deque([(('92_1', 'h'), ('63_0', 'h')), (('87_2', 'h'), ('63_0', 't')), (('92_1', 't'), ('87_2', 't'))])
2	deque([(('105_7', 't'), ('61_22', 't')), (('105_7', 'h'), ('61_22', 'h'))])
2	deque([(('105_11', 'h'), ('41_16', 't')), (('41_16', 'h'), ('105_11', 't'))])

Chosen seed at iteration 2: 2
Chosen chr at iteration 2


Iteration 3
3	deque([(('64_0', 't'), ('44_0', 't')), (('64_0', 'h'), ('15_1', 't')), (('15_1', 'h'), ('67_0', 't')), (('67_0', 'h'), ('39_1', 't')), (('68_0', 'h'), ('39_1', 'h')), (('44_0', 'h'), ('68_0', 't'))])
3	deque([(('105_34', 't'), ('61_18', 't')), (('105_23', 'h'), ('61_18', 'h')), (('41_12', 'h'), ('105_23', 't')), (('105_34', 'h'), ('41_12', 't'))])
3	deque([(('92_15', 'h'), ('63_0', 'h')), (('92_15', 't'), ('87_9', 't')), (('87_9', 'h'), ('63_0', 't'))])
3	deque([(('95_16', 'h'), ('49_9', 'h')), (('95_16', 't'), ('49_9', 't'))])
3	deque([(('95_17', 'h'), ('51_18', 't')), (('51_18', 'h'), ('95_17', 't'))])

Chosen seed at iteration 3: 4
Chosen chr at iteration 3


Iteration 4
4	deque([(('67_4', 'h'), ('39_1', 't')), (('15_1', 'h'), ('67_4', 't')), (('64_0', 'h'), ('15_1', 't')), (('64_0', 't'), ('44_0', 't')), (('44_0', 'h'), ('68_4', 't')), (('68_4', 'h'), ('39_1', 'h'))])
4	deque([(('92_10', 'h'), ('63_0', 'h')), (('87_2', 'h'), ('63_0', 't')), (('92_10', 't'), ('87_2', 't'))])
4	deque([(('51_7', 'h'), ('95_32', 't')), (('95_32', 'h'), ('51_7', 't'))])
4	deque([(('105_7', 't'), ('61_3', 't')), (('105_7', 'h'), ('41_1', 't')), (('41_1', 'h'), ('105_4', 't')), (('105_4', 'h'), ('61_3', 'h'))])
4	deque([(('95_1', 'h'), ('49_7', 'h')), (('95_1', 't'), ('49_7', 't'))])

Chosen seed at iteration 4: 5
Chosen chr at iteration 4


Iteration 1
1	deque([(('95_40', 'h'), ('51_18', 't')), (('51_18', 'h'), ('95_40', 't'))])
1	deque([(('92_15', 't'), ('87_6', 't')), (('87_6', 'h'), ('48_0', 't')), (('92_15', 'h'), ('48_0', 'h'))])
1	deque([(('46_3', 'h'), ('102_6', 't')), (('102_6', 'h'), ('46_3', 't'))])
1	deque([(('105_32', 'h'), ('41_2', 't')), (('105_32', 't'), ('61_15', 't')), (('105_3', 'h'), ('61_15', 'h')), (('41_2', 'h'), ('105_3', 't'))])
1	deque([(('95_6', 't'), ('49_0', 't')), (('95_6', 'h'), ('49_0', 'h'))])

Chosen seed at iteration 1: 3
Chosen chr at iteration 1


Iteration 2
2	deque([(('92_7', 't'), ('87_13', 't')), (('87_13', 'h'), ('48_0', 't')), (('92_7', 'h'), ('48_0', 'h'))])
2	deque([(('46_0', 'h'), ('102_5', 't')), (('102_5', 'h'), ('46_0', 't'))])
2	deque([(('105_9', 'h'), ('61_20', 'h')), (('105_9', 't'), ('61_20', 't'))])
2	deque([(('95_19', 'h'), ('49_8', 'h')), (('95_19', 't'), ('49_8', 't'))])
2	deque([(('41_5', 'h'), ('105_34', 't')), (('105_34', 'h'), ('41_5', 't'))])
2	deque([(('95_2', 'h'), ('51_8', 't')), (('51_8', 'h'), ('95_2', 't'))])

Chosen seed at iteration 2: 6
Chosen chr at iteration 2


Iteration 3
3	deque([(('92_15', 'h'), ('48_0', 'h')), (('87_9', 'h'), ('48_0', 't')), (('92_15', 't'), ('87_9', 't'))])
3	deque([(('51_14', 'h'), ('95_28', 't')), (('95_28', 'h'), ('51_14', 't'))])
3	deque([(('105_19', 'h'), ('61_25', 'h')), (('41_2', 'h'), ('105_19', 't')), (('105_25', 'h'), ('41_2', 't')), (('105_25', 't'), ('61_25', 't'))])
3	deque([(('46_7', 'h'), ('102_5', 't')), (('102_5', 'h'), ('46_7', 't'))])
3	deque([(('95_19', 't'), ('49_2', 't')), (('95_19', 'h'), ('49_2', 'h'))])

Chosen seed at iteration 3: 5
Chosen chr at iteration 3


Iteration 4
4	deque([(('95_2', 'h'), ('51_18', 't')), (('51_18', 'h'), ('95_37', 't')), (('95_37', 'h'), ('49_6', 'h')), (('95_2', 't'), ('49_6', 't'))])
4	deque([(('87_7', 'h'), ('48_2', 't')), (('92_14', 'h'), ('48_2', 'h')), (('92_14', 't'), ('87_7', 't'))])
4	deque([(('105_8', 'h'), ('61_4', 'h')), (('105_8', 't'), ('61_4', 't'))])
4	deque([(('102_5', 'h'), ('46_7', 't')), (('46_7', 'h'), ('102_5', 't'))])
4	deque([(('105_10', 'h'), ('41_7', 't')), (('41_7', 'h'), ('105_10', 't'))])

Chosen seed at iteration 4: 3
Chosen chr at iteration 4


Iteration 1
1	deque([(('102_8', 'h'), ('46_6', 't')), (('46_6', 'h'), ('102_8', 't'))])
1	deque([(('105_25', 't'), ('61_0', 't')), (('105_25', 'h'), ('41_10', 't')), (('41_10', 'h'), ('105_27', 't')), (('105_27', 'h'), ('61_0', 'h'))])
1	deque([(('51_19', 'h'), ('95_13', 't')), (('95_13', 'h'), ('51_19', 't'))])
1	deque([(('95_3', 'h'), ('49_2', 'h')), (('95_3', 't'), ('49_2', 't'))])

Chosen seed at iteration 1: 3
Chosen chr at iteration 1


Iteration 2
2	deque([(('105_0', 't'), ('61_9', 't')), (('105_0', 'h'), ('41_2', 't')), (('41_2', 'h'), ('105_28', 't')), (('105_28', 'h'), ('61_9', 'h'))])
2	deque([(('95_31', 'h'), ('49_11', 'h')), (('95_31', 't'), ('49_11', 't'))])
2	deque([(('46_0', 'h'), ('102_3', 't')), (('102_3', 'h'), ('46_0', 't'))])
2	deque([(('51_2', 'h'), ('95_24', 't')), (('95_24', 'h'), ('51_2', 't'))])

Chosen seed at iteration 2: 1
Chosen chr at iteration 2


Iteration 3
3	deque([(('105_3', 'h'), ('61_19', 'h')), (('105_29', 't'), ('61_19', 't')), (('105_29', 'h'), ('41_4', 't')), (('41_4', 'h'), ('105_3', 't'))])
3	deque([(('51_12', 'h'), ('95_7', 't')), (('95_7', 'h'), ('51_12', 't'))])
3	deque([(('102_1', 'h'), ('46_3', 't')), (('46_3', 'h'), ('102_1', 't'))])
3	deque([(('95_24', 't'), ('49_2', 't')), (('95_24', 'h'), ('49_2', 'h'))])

Chosen seed at iteration 3: 2
Chosen chr at iteration 3


Iteration 4
4	deque([(('41_5', 'h'), ('105_0', 't')), (('105_0', 'h'), ('41_5', 't'))])
4	deque([(('46_6', 'h'), ('102_3', 't')), (('102_3', 'h'), ('46_6', 't'))])
4	deque([(('95_9', 'h'), ('51_16', 't')), (('51_16', 'h'), ('95_11', 't')), (('95_11', 'h'), ('49_8', 'h')), (('95_9', 't'), ('49_8', 't'))])
4	deque([(('105_9', 't'), ('61_25', 't')), (('105_9', 'h'), ('61_25', 'h'))])

Chosen seed at iteration 4: 1
Chosen chr at iteration 4


Iteration 1
1	deque([(('95_17', 'h'), ('51_23', 't')), (('51_23', 'h'), ('95_17', 't'))])
1	deque([(('105_5', 'h'), ('61_22', 'h')), (('105_5', 't'), ('61_22', 't'))])
1	deque([(('102_7', 'h'), ('46_10', 't')), (('46_10', 'h'), ('102_7', 't'))])
1	deque([(('105_34', 'h'), ('41_6', 't')), (('41_6', 'h'), ('105_34', 't'))])
1	deque([(('95_6', 'h'), ('49_2', 'h')), (('95_6', 't'), ('49_2', 't'))])

Chosen seed at iteration 1: 5
Chosen chr at iteration 1


Iteration 2
2	deque([(('105_2', 'h'), ('41_14', 't')), (('41_14', 'h'), ('105_2', 't'))])
2	deque([(('95_24', 'h'), ('49_0', 'h')), (('95_3', 't'), ('49_0', 't')), (('95_3', 'h'), ('51_13', 't')), (('51_13', 'h'), ('95_24', 't'))])
2	deque([(('105_28', 'h'), ('61_22', 'h')), (('105_28', 't'), ('61_22', 't'))])
2	deque([(('46_3', 'h'), ('102_6', 't')), (('102_6', 'h'), ('46_3', 't'))])

Chosen seed at iteration 2: 2
Chosen chr at iteration 2


Iteration 3
3	deque([(('92_15', 'h'), ('34_1', 'h'))])
3	deque([(('87_6', 'h'), ('33_0', 'h')), (('69_2', 't'), ('33_0', 't'))])
3	deque([(('92_1', 't'), ('87_6', 't'))])
3	deque([(('51_11', 'h'), ('95_41', 't'))])
3	deque([(('41_6', 'h'), ('105_25', 't')), (('105_25', 'h'), ('41_6', 't'))])
3	deque([(('102_7', 'h'), ('46_0', 't')), (('46_0', 'h'), ('102_7', 't'))])
3	deque([(('92_1', 'h'), ('34_1', 't'))])
3	deque([(('105_1', 'h'), ('61_5', 'h')), (('105_1', 't'), ('61_5', 't'))])
3	deque([(('95_41', 'h'), ('49_11', 'h'))])

Chosen seed at iteration 3: 6
Chosen chr at iteration 3


Iteration 4
4	deque([(('95_10', 'h'), ('49_9', 'h')), (('95_13', 't'), ('49_9', 't')), (('95_13', 'h'), ('51_8', 't')), (('51_8', 'h'), ('95_10', 't'))])
4	deque([(('105_17', 'h'), ('41_10', 't')), (('41_10', 'h'), ('105_29', 't')), (('105_29', 'h'), ('61_26', 'h')), (('105_17', 't'), ('61_26', 't'))])
4	deque([(('102_9', 'h'), ('46_0', 't')), (('46_0', 'h'), ('102_9', 't'))])

Chosen seed at iteration 4: 3
Chosen chr at iteration 4


Iteration 1
1	deque([(('51_13', 'h'), ('95_8', 't')), (('95_8', 'h'), ('49_0', 'h')), (('95_20', 't'), ('49_0', 't')), (('95_20', 'h'), ('51_13', 't'))])
1	deque([(('105_27', 't'), ('61_27', 't')), (('105_27', 'h'), ('61_27', 'h'))])
1	deque([(('105_23', 'h'), ('41_6', 't')), (('41_6', 'h'), ('105_23', 't'))])
1	deque([(('102_1', 'h'), ('46_9', 't')), (('46_9', 'h'), ('102_1', 't'))])

Chosen seed at iteration 1: 3
Chosen chr at iteration 1


Iteration 2
2	deque([(('105_23', 'h'), ('41_2', 't')), (('105_23', 't'), ('61_10', 't')), (('105_19', 'h'), ('61_10', 'h')), (('41_2', 'h'), ('105_19', 't'))])
2	deque([(('87_13', 'h'), ('48_0', 't')), (('92_1', 'h'), ('48_0', 'h')), (('92_1', 't'), ('87_13', 't'))])
2	deque([(('51_12', 'h'), ('95_34', 't')), (('95_42', 'h'), ('51_12', 't')), (('95_42', 't'), ('49_0', 't')), (('95_34', 'h'), ('49_0', 'h'))])
2	deque([(('102_0', 'h'), ('46_10', 't')), (('46_10', 'h'), ('102_0', 't'))])

Chosen seed at iteration 2: 3
Chosen chr at iteration 2


Iteration 3
3	deque([(('41_2', 'h'), ('105_32', 't')), (('105_32', 'h'), ('61_12', 'h')), (('105_1', 't'), ('61_12', 't')), (('105_1', 'h'), ('41_2', 't'))])
3	deque([(('95_3', 'h'), ('51_1', 't')), (('51_1', 'h'), ('95_3', 't'))])
3	deque([(('95_31', 't'), ('49_11', 't')), (('95_31', 'h'), ('49_11', 'h'))])
3	deque([(('46_3', 'h'), ('102_0', 't')), (('102_0', 'h'), ('46_3', 't'))])

Chosen seed at iteration 3: 4
Chosen chr at iteration 3


Iteration 4
4	deque([(('105_1', 'h'), ('41_4', 't')), (('105_1', 't'), ('61_0', 't')), (('105_2', 'h'), ('61_0', 'h')), (('41_4', 'h'), ('105_2', 't'))])
4	deque([(('95_27', 'h'), ('49_11', 'h')), (('51_2', 'h'), ('95_27', 't')), (('95_20', 'h'), ('51_2', 't')), (('95_20', 't'), ('49_11', 't'))])
4	deque([(('46_10', 'h'), ('102_7', 't')), (('102_7', 'h'), ('46_10', 't'))])

Chosen seed at iteration 4: 1
Chosen chr at iteration 4


Iteration 1
1	deque([(('51_1', 'h'), ('95_3', 't')), (('95_3', 'h'), ('51_1', 't'))])
1	deque([(('105_32', 'h'), ('61_19', 'h')), (('105_5', 't'), ('61_19', 't')), (('105_5', 'h'), ('41_6', 't')), (('41_6', 'h'), ('105_32', 't'))])
1	deque([(('95_17', 't'), ('49_2', 't')), (('95_17', 'h'), ('49_2', 'h'))])
1	deque([(('102_0', 'h'), ('46_9', 't')), (('46_9', 'h'), ('102_0', 't'))])

Chosen seed at iteration 1: 2
Chosen chr at iteration 1


Iteration 2
2	deque([(('51_20', 'h'), ('95_45', 't')), (('95_45', 'h'), ('49_0', 'h')), (('95_15', 't'), ('49_0', 't')), (('95_15', 'h'), ('51_20', 't'))])
2	deque([(('105_11', 'h'), ('41_2', 't')), (('41_2', 'h'), ('105_11', 't'))])
2	deque([(('105_23', 't'), ('61_1', 't')), (('105_23', 'h'), ('61_1', 'h'))])
2	deque([(('46_9', 'h'), ('102_6', 't')), (('102_6', 'h'), ('46_9', 't'))])

Chosen seed at iteration 2: 3
Chosen chr at iteration 2


Iteration 3
3	deque([(('95_8', 'h'), ('51_1', 't')), (('95_8', 't'), ('49_2', 't')), (('95_7', 'h'), ('49_2', 'h')), (('51_1', 'h'), ('95_7', 't'))])
3	deque([(('105_5', 't'), ('61_1', 't')), (('105_5', 'h'), ('41_13', 't')), (('41_13', 'h'), ('105_23', 't')), (('105_23', 'h'), ('61_1', 'h'))])
3	deque([(('46_9', 'h'), ('102_8', 't')), (('102_8', 'h'), ('46_9', 't'))])

Chosen seed at iteration 3: 1
Chosen chr at iteration 3


Iteration 4
4	deque([(('46_9', 'h'), ('102_1', 't')), (('102_1', 'h'), ('46_9', 't'))])
4	deque([(('51_11', 'h'), ('95_6', 't')), (('95_6', 'h'), ('51_11', 't'))])
4	deque([(('105_5', 't'), ('61_17', 't')), (('105_5', 'h'), ('61_17', 'h'))])
4	deque([(('95_12', 'h'), ('49_0', 'h')), (('95_12', 't'), ('49_0', 't'))])
4	deque([(('105_28', 'h'), ('41_13', 't')), (('41_13', 'h'), ('105_28', 't'))])

Chosen seed at iteration 4: 5
Chosen chr at iteration 4


Iteration 1
1	deque([(('105_25', 't'), ('61_22', 't')), (('105_25', 'h'), ('41_6', 't')), (('41_6', 'h'), ('105_21', 't')), (('105_21', 'h'), ('61_22', 'h'))])
1	deque([(('46_3', 'h'), ('102_8', 't')), (('102_8', 'h'), ('46_3', 't'))])
1	deque([(('51_13', 'h'), ('95_42', 't')), (('95_42', 'h'), ('49_2', 'h')), (('95_24', 't'), ('49_2', 't')), (('95_24', 'h'), ('51_13', 't'))])

Chosen seed at iteration 1: 2
Chosen chr at iteration 1


Iteration 2
2	deque([(('95_15', 't'), ('49_2', 't')), (('95_15', 'h'), ('51_19', 't')), (('51_19', 'h'), ('95_3', 't')), (('95_3', 'h'), ('49_2', 'h'))])
2	deque([(('102_0', 'h'), ('46_3', 't')), (('46_3', 'h'), ('102_0', 't'))])
2	deque([(('105_18', 'h'), ('61_23', 'h')), (('105_18', 't'), ('61_23', 't'))])
2	deque([(('41_12', 'h'), ('105_3', 't')), (('105_3', 'h'), ('41_12', 't'))])

Chosen seed at iteration 2: 1
Chosen chr at iteration 2


Iteration 3
3	deque([(('105_3', 't'), ('61_12', 't')), (('105_3', 'h'), ('61_12', 'h'))])
3	deque([(('105_32', 'h'), ('41_16', 't')), (('41_16', 'h'), ('105_32', 't'))])
3	deque([(('102_6', 'h'), ('46_3', 't')), (('46_3', 'h'), ('102_6', 't'))])
3	deque([(('95_7', 'h'), ('51_12', 't')), (('51_12', 'h'), ('95_7', 't'))])
3	deque([(('95_34', 'h'), ('49_2', 'h')), (('95_34', 't'), ('49_2', 't'))])

Chosen seed at iteration 3: 5
Chosen chr at iteration 3


Iteration 4
4	deque([(('95_3', 't'), ('49_2', 't')), (('95_3', 'h'), ('51_23', 't')), (('51_23', 'h'), ('95_39', 't')), (('95_39', 'h'), ('49_2', 'h'))])
4	deque([(('102_0', 'h'), ('46_3', 't')), (('46_3', 'h'), ('102_0', 't'))])
4	deque([(('105_14', 'h'), ('41_14', 't')), (('105_14', 't'), ('61_8', 't')), (('105_18', 'h'), ('61_8', 'h')), (('41_14', 'h'), ('105_18', 't'))])

Chosen seed at iteration 4: 1
Chosen chr at iteration 4


Iteration 1
1	deque([(('105_21', 'h'), ('41_2', 't')), (('41_2', 'h'), ('105_19', 't')), (('105_19', 'h'), ('61_21', 'h')), (('105_21', 't'), ('61_21', 't'))])
1	deque([(('51_5', 'h'), ('95_40', 't')), (('95_40', 'h'), ('51_5', 't'))])

Chosen seed at iteration 1: 1
Chosen chr at iteration 1


Iteration 2
2	deque([(('105_21', 'h'), ('61_27', 'h')), (('105_21', 't'), ('61_27', 't'))])
2	deque([(('41_2', 'h'), ('105_27', 't')), (('105_27', 'h'), ('41_2', 't'))])
2	deque([(('51_10', 'h'), ('95_42', 't')), (('95_42', 'h'), ('51_10', 't'))])

Chosen seed at iteration 2: 3
Chosen chr at iteration 2


Iteration 3
3	deque([(('41_2', 'h'), ('105_3', 't')), (('105_3', 'h'), ('41_2', 't'))])
3	deque([(('105_19', 't'), ('61_23', 't')), (('105_19', 'h'), ('61_23', 'h'))])
3	deque([(('95_40', 'h'), ('51_13', 't')), (('51_13', 'h'), ('95_40', 't'))])

Chosen seed at iteration 3: 3
Chosen chr at iteration 3


Iteration 4
4	deque([(('95_45', 'h'), ('51_17', 't')), (('51_17', 'h'), ('95_45', 't'))])
4	deque([(('41_6', 'h'), ('105_27', 't')), (('105_27', 'h'), ('41_6', 't'))])
4	deque([(('105_23', 't'), ('61_18', 't')), (('105_23', 'h'), ('61_18', 'h'))])

Chosen seed at iteration 4: 1
Chosen chr at iteration 4


Iteration 1
1	deque([(('105_34', 'h'), ('41_12', 't')), (('41_12', 'h'), ('105_34', 't'))])
1	deque([(('95_30', 'h'), ('51_1', 't')), (('51_1', 'h'), ('95_30', 't'))])
1	deque([(('105_21', 't'), ('61_1', 't')), (('105_21', 'h'), ('61_1', 'h'))])

Chosen seed at iteration 1: 2
Chosen chr at iteration 1


Iteration 2
2	deque([(('105_32', 'h'), ('61_5', 'h')), (('105_34', 't'), ('61_5', 't')), (('105_34', 'h'), ('41_12', 't')), (('41_12', 'h'), ('105_32', 't'))])
2	deque([(('51_13', 'h'), ('95_15', 't')), (('95_15', 'h'), ('51_13', 't'))])

Chosen seed at iteration 2: 1
Chosen chr at iteration 2


Iteration 3
3	deque([(('105_32', 't'), ('61_12', 't')), (('105_32', 'h'), ('41_16', 't')), (('41_16', 'h'), ('105_3', 't')), (('105_3', 'h'), ('61_12', 'h'))])
3	deque([(('95_31', 'h'), ('51_1', 't')), (('51_1', 'h'), ('95_31', 't'))])

Chosen seed at iteration 3: 1
Chosen chr at iteration 3


Iteration 4
4	deque([(('51_6', 'h'), ('95_30', 't')), (('95_30', 'h'), ('51_6', 't'))])
4	deque([(('41_12', 'h'), ('105_19', 't')), (('105_19', 'h'), ('41_12', 't'))])
4	deque([(('105_11', 't'), ('61_1', 't')), (('105_11', 'h'), ('61_1', 'h'))])

Chosen seed at iteration 4: 3
Chosen chr at iteration 4


Iteration 1
1	deque([(('105_25', 'h'), ('41_2', 't')), (('41_2', 'h'), ('105_25', 't'))])
1	deque([(('105_32', 't'), ('61_5', 't')), (('105_32', 'h'), ('61_5', 'h'))])
1	deque([(('95_4', 'h'), ('51_19', 't')), (('51_19', 'h'), ('95_4', 't'))])

Chosen seed at iteration 1: 2
Chosen chr at iteration 1


Iteration 2
2	deque([(('105_3', 't'), ('61_21', 't')), (('105_3', 'h'), ('41_2', 't')), (('41_2', 'h'), ('105_25', 't')), (('105_25', 'h'), ('61_21', 'h'))])
2	deque([(('95_7', 'h'), ('51_12', 't')), (('51_12', 'h'), ('95_7', 't'))])

Chosen seed at iteration 2: 1
Chosen chr at iteration 2


Iteration 3
3	deque([(('51_12', 'h'), ('95_19', 't')), (('95_19', 'h'), ('51_12', 't'))])
3	deque([(('105_25', 't'), ('61_5', 't')), (('105_25', 'h'), ('61_5', 'h'))])
3	deque([(('105_3', 'h'), ('41_2', 't')), (('41_2', 'h'), ('105_3', 't'))])

Chosen seed at iteration 3: 1
Chosen chr at iteration 3


Iteration 4
4	deque([(('41_16', 'h'), ('105_25', 't')), (('105_21', 'h'), ('41_16', 't')), (('105_21', 't'), ('61_7', 't')), (('105_25', 'h'), ('61_7', 'h'))])
4	deque([(('95_31', 'h'), ('51_14', 't')), (('51_14', 'h'), ('95_31', 't'))])

Chosen seed at iteration 4: 1
Chosen chr at iteration 4


Iteration 1
1	deque([(('105_34', 'h'), ('41_2', 't')), (('41_2', 'h'), ('105_3', 't')), (('105_3', 'h'), ('61_27', 'h')), (('105_34', 't'), ('61_27', 't'))])
1	deque([(('95_8', 'h'), ('51_13', 't')), (('51_13', 'h'), ('95_8', 't'))])

Chosen seed at iteration 1: 1
Chosen chr at iteration 1


Iteration 2
2	deque([(('105_32', 't'), ('61_22', 't')), (('105_34', 'h'), ('61_22', 'h')), (('41_2', 'h'), ('105_34', 't')), (('105_32', 'h'), ('41_2', 't'))])
2	deque([(('95_42', 'h'), ('51_1', 't')), (('51_1', 'h'), ('95_14', 't')), (('95_14', 'h'), ('51_1', 't')), (('51_1', 'h'), ('95_42', 't'))])

Chosen seed at iteration 2: 2
Chosen chr at iteration 2


Iteration 3
3	deque([(('41_2', 'h'), ('105_32', 't')), (('105_32', 'h'), ('41_2', 't'))])
3	deque([(('105_3', 't'), ('61_23', 't')), (('105_3', 'h'), ('61_23', 'h'))])
3	deque([(('95_4', 'h'), ('51_1', 't')), (('51_1', 'h'), ('95_4', 't'))])

Chosen seed at iteration 3: 3
Chosen chr at iteration 3


Iteration 4
4	deque([(('105_3', 'h'), ('41_2', 't')), (('41_2', 'h'), ('105_3', 't'))])
4	deque([(('105_32', 't'), ('61_6', 't')), (('105_32', 'h'), ('61_6', 'h'))])
4	deque([(('51_15', 'h'), ('95_4', 't')), (('95_4', 'h'), ('51_15', 't'))])

Chosen seed at iteration 4: 2
Chosen chr at iteration 4


Iteration 1
1	deque([(('95_17', 'h'), ('51_20', 't')), (('51_20', 'h'), ('95_17', 't'))])
1	deque([(('105_34', 't'), ('61_21', 't')), (('105_34', 'h'), ('61_21', 'h'))])

Chosen seed at iteration 1: 1
Chosen chr at iteration 1


Iteration 2
2	deque([(('51_12', 'h'), ('95_7', 't')), (('95_7', 'h'), ('51_12', 't'))])
2	deque([(('105_34', 't'), ('61_20', 't')), (('105_34', 'h'), ('61_20', 'h'))])

Chosen seed at iteration 2: 1
Chosen chr at iteration 2


Iteration 3
3	deque([(('105_34', 'h'), ('61_12', 'h')), (('105_34', 't'), ('61_12', 't'))])
3	deque([(('51_19', 'h'), ('95_15', 't')), (('95_15', 'h'), ('51_19', 't'))])

Chosen seed at iteration 3: 2
Chosen chr at iteration 3


Iteration 4
4	deque([(('95_40', 'h'), ('51_20', 't')), (('51_20', 'h'), ('95_40', 't'))])
4	deque([(('105_34', 'h'), ('61_15', 'h')), (('105_34', 't'), ('61_15', 't'))])

Chosen seed at iteration 4: 1
Chosen chr at iteration 4


Iteration 1
1	deque([(('51_12', 'h'), ('95_17', 't')), (('95_17', 'h'), ('51_12', 't'))])

Chosen seed at iteration 1: 1
Chosen chr at iteration 1


Iteration 2
2	deque([(('95_14', 'h'), ('51_1', 't')), (('51_1', 'h'), ('95_14', 't'))])

Chosen seed at iteration 2: 1
Chosen chr at iteration 2


Iteration 3
3	deque([(('51_12', 'h'), ('95_24', 't')), (('95_24', 'h'), ('51_12', 't'))])

Chosen seed at iteration 3: 1
Chosen chr at iteration 3


Iteration 4
4	deque([(('51_13', 'h'), ('95_5', 't')), (('95_5', 'h'), ('51_13', 't'))])

Chosen seed at iteration 4: 1
Chosen chr at iteration 4


Iteration 1
1	deque([(('51_12', 'h'), ('95_19', 't')), (('95_19', 'h'), ('51_12', 't'))])

Chosen seed at iteration 1: 1
Chosen chr at iteration 1


Iteration 2
2	deque([(('95_19', 'h'), ('51_5', 't')), (('51_5', 'h'), ('95_19', 't'))])

Chosen seed at iteration 2: 1
Chosen chr at iteration 2


Iteration 3
3	deque([(('51_5', 'h'), ('95_14', 't')), (('95_14', 'h'), ('51_5', 't'))])

Chosen seed at iteration 3: 1
Chosen chr at iteration 3


Iteration 4
4	deque([(('95_16', 'h'), ('51_19', 't')), (('51_19', 'h'), ('95_16', 't'))])

Chosen seed at iteration 4: 1
Chosen chr at iteration 4


Iteration 1
1	deque([(('95_21', 'h'), ('51_10', 't')), (('51_10', 'h'), ('95_21', 't'))])

Chosen seed at iteration 1: 1
Chosen chr at iteration 1


Iteration 2
2	deque([(('51_5', 'h'), ('95_7', 't')), (('95_7', 'h'), ('51_5', 't'))])

Chosen seed at iteration 2: 1
Chosen chr at iteration 2


Iteration 3
3	deque([(('51_12', 'h'), ('95_41', 't')), (('95_41', 'h'), ('51_12', 't'))])
3	deque([(('99_1', 't'), ('14_1', 't'))])

Chosen seed at iteration 3: 2
Chosen chr at iteration 3


Iteration 4
4	deque([(('95_28', 'h'), ('51_5', 't')), (('51_5', 'h'), ('95_28', 't'))])

Chosen seed at iteration 4: 1
Chosen chr at iteration 4


Iteration 1
1	deque([(('95_15', 'h'), ('51_12', 't')), (('51_12', 'h'), ('95_15', 't'))])

Chosen seed at iteration 1: 1
Chosen chr at iteration 1


Iteration 2
2	deque([(('95_8', 'h'), ('51_1', 't')), (('51_1', 'h'), ('95_8', 't'))])
2	deque([(('67_3', 'h'), ('18_0', 't')), (('18_0', 'h'), ('56_0', 't')), (('56_0', 'h'), ('29_1', 'h')), (('67_0', 'h'), ('29_1', 't'))])
2	deque([(('67_2', 'h'), ('29_1', 't'))])

Chosen seed at iteration 2: 3
Chosen chr at iteration 2


Iteration 3
3	deque([(('51_10', 'h'), ('95_15', 't')), (('95_15', 'h'), ('51_10', 't'))])

Chosen seed at iteration 3: 1
Chosen chr at iteration 3


Iteration 4
4	deque([(('51_10', 'h'), ('95_41', 't')), (('95_41', 'h'), ('51_10', 't'))])

Chosen seed at iteration 4: 1
Chosen chr at iteration 4


Iteration 1
Iteration 1
1	deque([(('51_1', 'h'), ('95_21', 't')), (('95_21', 'h'), ('51_1', 't'))])

Chosen seed at iteration 1: 1
Chosen chr at iteration 1


Iteration 2
Iteration 1
Iteration 1
Iteration 1
Iteration 1
Iteration 1
Iteration 1
Iteration 1
Iteration 1
Iteration 1
Iteration 1
Iteration 1
Iteration 1
Iteration 1
Iteration 1
Iteration 1
Iteration 1
Iteration 1
Iteration 1
Iteration 1
Iteration 1
Iteration 1
Iteration 1
Iteration 1
Iteration 1
Iteration 1
Iteration 1
Iteration 1
Iteration 1
Iteration 1
Iteration 1
Iteration 1
Iteration 1
