
Gurobi 7.5.2 (linux64) logging started Thu Mar 21 01:06:06 2019

Changed value of parameter LogFile to /home/aniket/python_scripts/Plasmids/exp/2019-03-21__iterative_with_questionable/output/sample_109/1.5.1/nplasmids_1/MILP/m.log
   Prev: gurobi.log  Default: 
Changed value of parameter TimeLimit to 2400.0
   Prev: 1e+100  Min: 0.0  Max: 1e+100  Default: 1e+100
Optimize a model with 3459 rows, 1006 columns and 14534 nonzeros
Variable types: 265 continuous, 741 integer (389 binary)
Coefficient statistics:
  Matrix range     [2e-01, 1e+06]
  Objective range  [6e-04, 1e+06]
  Bounds range     [1e+00, 1e+00]
  RHS range        [9e-01, 1e+06]
Presolve removed 2747 rows and 600 columns
Presolve time: 0.02s
Presolved: 712 rows, 406 columns, 2369 nonzeros
Variable types: 82 continuous, 324 integer (243 binary)
Found heuristic solution: objective -516906.7588

Root relaxation: objective -3.237358e+06, 528 iterations, 0.01 seconds

    Nodes    |    Current Node    |     Objective Bounds      |     Work
 Expl Unexpl |  Obj  Depth IntInf | Incumbent    BestBd   Gap | It/Node Time

     0     0 -3237357.9    0  112 -516906.76 -3237357.9   526%     -    0s
     0     0 -2871165.2    0  111 -516906.76 -2871165.2   455%     -    0s
     0     0 -2586089.5    0   97 -516906.76 -2586089.5   400%     -    0s
     0     0 -2574086.8    0   94 -516906.76 -2574086.8   398%     -    0s
     0     0 -2573850.9    0  114 -516906.76 -2573850.9   398%     -    0s
     0     0 -2535308.9    0   95 -516906.76 -2535308.9   390%     -    0s
H    0     0                    -1565185.129 -2535308.9  62.0%     -    0s
     0     0 -2534718.4    0   83 -1565185.1 -2534718.4  61.9%     -    0s
     0     0 -2534043.2    0   86 -1565185.1 -2534043.2  61.9%     -    0s
     0     0 -2534037.6    0   96 -1565185.1 -2534037.6  61.9%     -    0s
     0     0 -2530781.6    0   70 -1565185.1 -2530781.6  61.7%     -    0s
H    0     0                    -2482876.640 -2530781.6  1.93%     -    0s
     0     0 -2525232.6    0   30 -2482876.6 -2525232.6  1.71%     -    0s
     0     0 -2497911.8    0    8 -2482876.6 -2497911.8  0.61%     -    0s
*    0     0               0    -2497903.649 -2497903.6  0.00%     -    0s

Cutting planes:
  Gomory: 3
  Cover: 55
  Clique: 10
  MIR: 7
  Flow cover: 10
  Zero half: 5

Explored 1 nodes (942 simplex iterations) in 0.09 seconds
Thread count was 4 (of 4 available processors)

Solution count 4: -2.4979e+06 -2.48288e+06 -1.56519e+06 -516907 

Optimal solution found (tolerance 1.00e-04)
Best objective -2.497903648864e+06, best bound -2.497903648864e+06, gap 0.0000%

Gurobi 7.5.2 (linux64) logging started Thu Mar 21 01:06:06 2019

Changed value of parameter LogFile to /home/aniket/python_scripts/Plasmids/exp/2019-03-21__iterative_with_questionable/output/sample_109/1.5.1/nplasmids_1/MILP/m.log
   Prev: gurobi.log  Default: 
Changed value of parameter TimeLimit to 2400.0
   Prev: 1e+100  Min: 0.0  Max: 1e+100  Default: 1e+100
Optimize a model with 3172 rows, 922 columns and 12749 nonzeros
Variable types: 244 continuous, 678 integer (354 binary)
Coefficient statistics:
  Matrix range     [6e-02, 1e+06]
  Objective range  [1e-03, 2e+05]
  Bounds range     [1e+00, 1e+00]
  RHS range        [6e-02, 1e+06]
Presolve removed 2472 rows and 523 columns
Presolve time: 0.02s
Presolved: 700 rows, 399 columns, 2329 nonzeros
Variable types: 81 continuous, 318 integer (238 binary)
Found heuristic solution: objective -516906.7588

Root relaxation: objective -1.766041e+06, 549 iterations, 0.01 seconds

    Nodes    |    Current Node    |     Objective Bounds      |     Work
 Expl Unexpl |  Obj  Depth IntInf | Incumbent    BestBd   Gap | It/Node Time

     0     0 -1766040.7    0  109 -516906.76 -1766040.7   242%     -    0s
     0     0 -1631318.4    0   88 -516906.76 -1631318.4   216%     -    0s
     0     0 -1615988.0    0   86 -516906.76 -1615988.0   213%     -    0s
     0     0 -1615368.0    0   82 -516906.76 -1615368.0   213%     -    0s
     0     0 -1615366.7    0   97 -516906.76 -1615366.7   213%     -    0s
     0     0 -1585144.7    0   19 -516906.76 -1585144.7   207%     -    0s
     0     0 -1577444.6    0   15 -516906.76 -1577444.6   205%     -    0s
     0     0 -1577420.1    0   16 -516906.76 -1577420.1   205%     -    0s
     0     0 -1577414.6    0   10 -516906.76 -1577414.6   205%     -    0s
     0     0 -1577414.6    0   10 -516906.76 -1577414.6   205%     -    0s
     0     0 -1577410.7    0    2 -516906.76 -1577410.7   205%     -    0s
     0     0 -1577396.6    0   49 -516906.76 -1577396.6   205%     -    0s
H    0     0                    -1577395.350 -1577396.6  0.00%     -    0s

Cutting planes:
  Gomory: 5
  Cover: 55
  Implied bound: 3
  Clique: 15
  MIR: 5
  Flow cover: 19
  Zero half: 9

Explored 1 nodes (844 simplex iterations) in 0.08 seconds
Thread count was 4 (of 4 available processors)

Solution count 2: -1.5774e+06 -516907 

Optimal solution found (tolerance 1.00e-04)
Best objective -1.577395349815e+06, best bound -1.577396570475e+06, gap 0.0001%

Gurobi 7.5.2 (linux64) logging started Thu Mar 21 01:06:06 2019

Changed value of parameter LogFile to /home/aniket/python_scripts/Plasmids/exp/2019-03-21__iterative_with_questionable/output/sample_109/1.5.1/nplasmids_1/MILP/m.log
   Prev: gurobi.log  Default: 
Changed value of parameter TimeLimit to 2400.0
   Prev: 1e+100  Min: 0.0  Max: 1e+100  Default: 1e+100
Optimize a model with 3128 rows, 909 columns and 12487 nonzeros
Variable types: 241 continuous, 668 integer (348 binary)
Coefficient statistics:
  Matrix range     [6e-02, 1e+06]
  Objective range  [1e-03, 2e+05]
  Bounds range     [1e+00, 1e+00]
  RHS range        [6e-02, 1e+06]
Presolve removed 2442 rows and 520 columns
Presolve time: 0.02s
Presolved: 686 rows, 389 columns, 2277 nonzeros
Variable types: 80 continuous, 309 integer (230 binary)
Found heuristic solution: objective -420156.9318

Root relaxation: objective -5.750193e+05, 455 iterations, 0.01 seconds

    Nodes    |    Current Node    |     Objective Bounds      |     Work
 Expl Unexpl |  Obj  Depth IntInf | Incumbent    BestBd   Gap | It/Node Time

     0     0 -575019.27    0   69 -420156.93 -575019.27  36.9%     -    0s
     0     0 -528759.14    0   19 -420156.93 -528759.14  25.8%     -    0s
     0     0 -497699.30    0    9 -420156.93 -497699.30  18.5%     -    0s
H    0     0                    -494373.7103 -497699.30  0.67%     -    0s

Explored 1 nodes (802 simplex iterations) in 0.05 seconds
Thread count was 4 (of 4 available processors)

Solution count 2: -494374 -420157 

Optimal solution found (tolerance 1.00e-04)
Best objective -4.943737102949e+05, best bound -4.943737102949e+05, gap 0.0000%

Gurobi 7.5.2 (linux64) logging started Thu Mar 21 01:06:07 2019

Changed value of parameter LogFile to /home/aniket/python_scripts/Plasmids/exp/2019-03-21__iterative_with_questionable/output/sample_109/1.5.1/nplasmids_1/MILP/m.log
   Prev: gurobi.log  Default: 
Changed value of parameter TimeLimit to 2400.0
   Prev: 1e+100  Min: 0.0  Max: 1e+100  Default: 1e+100
Optimize a model with 3087 rows, 897 columns and 12241 nonzeros
Variable types: 238 continuous, 659 integer (343 binary)
Coefficient statistics:
  Matrix range     [6e-02, 1e+06]
  Objective range  [1e-03, 2e+05]
  Bounds range     [1e+00, 1e+00]
  RHS range        [6e-02, 1e+06]
Presolve removed 2413 rows and 515 columns
Presolve time: 0.02s
Presolved: 674 rows, 382 columns, 2230 nonzeros
Variable types: 79 continuous, 303 integer (225 binary)
Found heuristic solution: objective -17547.74731

Root relaxation: objective -1.698084e+05, 547 iterations, 0.01 seconds

    Nodes    |    Current Node    |     Objective Bounds      |     Work
 Expl Unexpl |  Obj  Depth IntInf | Incumbent    BestBd   Gap | It/Node Time

     0     0 -169808.36    0   97 -17547.747 -169808.36   868%     -    0s
     0     0 -141854.90    0  103 -17547.747 -141854.90   708%     -    0s
     0     0 -137467.73    0   86 -17547.747 -137467.73   683%     -    0s
     0     0 -137349.76    0   93 -17547.747 -137349.76   683%     -    0s
     0     0 -133374.95    0  110 -17547.747 -133374.95   660%     -    0s
H    0     0                    -50329.65936 -133374.95   165%     -    0s
     0     0 -130352.35    0  119 -50329.659 -130352.35   159%     -    0s
     0     0 -126183.24    0  124 -50329.659 -126183.24   151%     -    0s
     0     0 -125978.75    0  122 -50329.659 -125978.75   150%     -    0s
     0     0 -125933.29    0  122 -50329.659 -125933.29   150%     -    0s
     0     0 -125933.26    0  122 -50329.659 -125933.26   150%     -    0s
     0     0 -123906.17    0   88 -50329.659 -123906.17   146%     -    0s
H    0     0                    -71426.24797 -123906.17  73.5%     -    0s
H    0     0                    -95905.88973 -123906.17  29.2%     -    0s
     0     0 -118685.53    0   90 -95905.890 -118685.53  23.8%     -    0s
     0     0 -118685.26    0   90 -95905.890 -118685.26  23.8%     -    0s
     0     0 -118462.44    0   88 -95905.890 -118462.44  23.5%     -    0s
     0     0 -118459.75    0   64 -95905.890 -118459.75  23.5%     -    0s
     0     0 -118454.50    0   27 -95905.890 -118454.50  23.5%     -    0s
     0     0 -118439.46    0   27 -95905.890 -118439.46  23.5%     -    0s
     0     0 -116749.38    0  111 -95905.890 -116749.38  21.7%     -    0s
     0     0 -116706.82    0  115 -95905.890 -116706.82  21.7%     -    0s
     0     0 -116706.82    0  115 -95905.890 -116706.82  21.7%     -    0s
     0     0 -116469.97    0  113 -95905.890 -116469.97  21.4%     -    0s
     0     0 -116469.97    0  111 -95905.890 -116469.97  21.4%     -    0s
H    0     0                    -95934.54840 -116469.97  21.4%     -    0s
*    0     0               0    -107768.0990 -107768.10  0.00%     -    0s

Explored 1 nodes (968 simplex iterations) in 0.16 seconds
Thread count was 4 (of 4 available processors)

Solution count 6: -107768 -95934.5 -95905.9 ... -17547.7

Optimal solution found (tolerance 1.00e-04)
Best objective -1.077680989659e+05, best bound -1.077680989659e+05, gap 0.0000%

Gurobi 7.5.2 (linux64) logging started Thu Mar 21 01:06:07 2019

Changed value of parameter LogFile to /home/aniket/python_scripts/Plasmids/exp/2019-03-21__iterative_with_questionable/output/sample_109/1.5.1/nplasmids_1/MILP/m.log
   Prev: gurobi.log  Default: 
Changed value of parameter TimeLimit to 2400.0
   Prev: 1e+100  Min: 0.0  Max: 1e+100  Default: 1e+100
Optimize a model with 3043 rows, 884 columns and 11985 nonzeros
Variable types: 235 continuous, 649 integer (337 binary)
Coefficient statistics:
  Matrix range     [6e-02, 1e+06]
  Objective range  [1e-03, 2e+05]
  Bounds range     [1e+00, 1e+00]
  RHS range        [6e-02, 1e+06]
Presolve removed 2382 rows and 512 columns
Presolve time: 0.02s
Presolved: 661 rows, 372 columns, 2184 nonzeros
Variable types: 78 continuous, 294 integer (217 binary)
Found heuristic solution: objective -17547.74731

Root relaxation: objective -1.697939e+05, 467 iterations, 0.01 seconds

    Nodes    |    Current Node    |     Objective Bounds      |     Work
 Expl Unexpl |  Obj  Depth IntInf | Incumbent    BestBd   Gap | It/Node Time

     0     0 -169793.91    0   83 -17547.747 -169793.91   868%     -    0s
     0     0 -139797.31    0   80 -17547.747 -139797.31   697%     -    0s
H    0     0                    -30919.24456 -139797.31   352%     -    0s
     0     0 -137144.78    0   85 -30919.245 -137144.78   344%     -    0s
     0     0 -137012.45    0   86 -30919.245 -137012.45   343%     -    0s
     0     0 -136978.34    0   77 -30919.245 -136978.34   343%     -    0s
     0     0 -136966.83    0   77 -30919.245 -136966.83   343%     -    0s
     0     0 -136964.22    0   77 -30919.245 -136964.22   343%     -    0s
     0     0 -130338.21    0   93 -30919.245 -130338.21   322%     -    0s
H    0     0                    -41691.71546 -130338.21   213%     -    0s
     0     0 -129455.84    0   98 -41691.715 -129455.84   211%     -    0s
     0     0 -128245.79    0   98 -41691.715 -128245.79   208%     -    0s
     0     0 -127871.84    0   94 -41691.715 -127871.84   207%     -    0s
     0     0 -127804.94    0   96 -41691.715 -127804.94   207%     -    0s
     0     0 -127803.92    0   98 -41691.715 -127803.92   207%     -    0s
     0     0 -124059.93    0  100 -41691.715 -124059.93   198%     -    0s
H    0     0                    -63291.90338 -124059.93  96.0%     -    0s
     0     0 -119506.49    0   87 -63291.903 -119506.49  88.8%     -    0s
     0     0 -119340.59    0   87 -63291.903 -119340.59  88.6%     -    0s
     0     0 -118265.86    0   89 -63291.903 -118265.86  86.9%     -    0s
     0     0 -118149.98    0   89 -63291.903 -118149.98  86.7%     -    0s
     0     0 -118102.55    0   93 -63291.903 -118102.55  86.6%     -    0s
H    0     0                    -95905.88973 -118102.55  23.1%     -    0s
     0     0 -117739.71    0   92 -95905.890 -117739.71  22.8%     -    0s
     0     0 -117717.78    0   95 -95905.890 -117717.78  22.7%     -    0s
     0     0 -117643.23    0  104 -95905.890 -117643.23  22.7%     -    0s
     0     0 -117610.44    0  102 -95905.890 -117610.44  22.6%     -    0s
     0     0 -117608.06    0  102 -95905.890 -117608.06  22.6%     -    0s
     0     0 -117355.45    0   98 -95905.890 -117355.45  22.4%     -    0s
     0     0 -117283.77    0   95 -95905.890 -117283.77  22.3%     -    0s
     0     0 -117269.60    0   97 -95905.890 -117269.60  22.3%     -    0s
     0     0 -117269.60    0   97 -95905.890 -117269.60  22.3%     -    0s

Cutting planes:
  Gomory: 5
  Cover: 51
  Clique: 8
  Flow cover: 10
  Zero half: 3

Explored 1 nodes (876 simplex iterations) in 0.15 seconds
Thread count was 4 (of 4 available processors)

Solution count 5: -95905.9 -63291.9 -41691.7 ... -17547.7

Optimal solution found (tolerance 1.00e-04)
Best objective -9.590588972732e+04, best bound -9.590588972732e+04, gap 0.0000%

Gurobi 7.5.2 (linux64) logging started Thu Mar 21 01:06:07 2019

Changed value of parameter LogFile to /home/aniket/python_scripts/Plasmids/exp/2019-03-21__iterative_with_questionable/output/sample_109/1.5.1/nplasmids_1/MILP/m.log
   Prev: gurobi.log  Default: 
Changed value of parameter TimeLimit to 2400.0
   Prev: 1e+100  Min: 0.0  Max: 1e+100  Default: 1e+100
Optimize a model with 3000 rows, 872 columns and 11736 nonzeros
Variable types: 232 continuous, 640 integer (332 binary)
Coefficient statistics:
  Matrix range     [6e-02, 1e+06]
  Objective range  [1e-03, 2e+05]
  Bounds range     [1e+00, 1e+00]
  RHS range        [6e-02, 1e+06]
Presolve removed 2353 rows and 508 columns
Presolve time: 0.02s
Presolved: 647 rows, 364 columns, 2134 nonzeros
Variable types: 77 continuous, 287 integer (211 binary)
Found heuristic solution: objective -17547.74731

Root relaxation: objective -1.807437e+05, 500 iterations, 0.01 seconds

    Nodes    |    Current Node    |     Objective Bounds      |     Work
 Expl Unexpl |  Obj  Depth IntInf | Incumbent    BestBd   Gap | It/Node Time

     0     0 -180743.68    0   86 -17547.747 -180743.68   930%     -    0s
     0     0 -149758.41    0   90 -17547.747 -149758.41   753%     -    0s
     0     0 -146980.69    0   88 -17547.747 -146980.69   738%     -    0s
     0     0 -144872.86    0   86 -17547.747 -144872.86   726%     -    0s
     0     0 -144809.82    0   85 -17547.747 -144809.82   725%     -    0s
     0     0 -133191.25    0   87 -17547.747 -133191.25   659%     -    0s
H    0     0                    -32120.67406 -133191.25   315%     -    0s
     0     0 -132933.67    0   80 -32120.674 -132933.67   314%     -    0s
     0     0 -132854.27    0   87 -32120.674 -132854.27   314%     -    0s
     0     0 -132851.22    0   87 -32120.674 -132851.22   314%     -    0s
     0     0 -130127.90    0   97 -32120.674 -130127.90   305%     -    0s
H    0     0                    -83243.42515 -130127.90  56.3%     -    0s
     0     0 -121271.56    0   90 -83243.425 -121271.56  45.7%     -    0s
     0     0 -121028.94    0   92 -83243.425 -121028.94  45.4%     -    0s
     0     0 -120941.53    0   92 -83243.425 -120941.53  45.3%     -    0s
     0     0 -120935.01    0   92 -83243.425 -120935.01  45.3%     -    0s
     0     0 -120867.69    0   71 -83243.425 -120867.69  45.2%     -    0s
     0     0 -120866.80    0   95 -83243.425 -120866.80  45.2%     -    0s
     0     0 -120736.23    0   67 -83243.425 -120736.23  45.0%     -    0s
     0     0 -120716.44    0   67 -83243.425 -120716.44  45.0%     -    0s
     0     0 -120361.70    0   65 -83243.425 -120361.70  44.6%     -    0s
     0     0 -120307.46    0   53 -83243.425 -120307.46  44.5%     -    0s
     0     0 -120293.78    0   40 -83243.425 -120293.78  44.5%     -    0s
     0     0 -119630.49    0   50 -83243.425 -119630.49  43.7%     -    0s
     0     0 -119627.33    0   49 -83243.425 -119627.33  43.7%     -    0s
     0     0 -118710.60    0   59 -83243.425 -118710.60  42.6%     -    0s
     0     0 -118622.10    0   59 -83243.425 -118622.10  42.5%     -    0s
     0     0 -118619.01    0   62 -83243.425 -118619.01  42.5%     -    0s
     0     0 -118616.74    0   71 -83243.425 -118616.74  42.5%     -    0s
     0     0 -118615.98    0   65 -83243.425 -118615.98  42.5%     -    0s
     0     0 -114515.15    0   47 -83243.425 -114515.15  37.6%     -    0s
     0     0 -113719.11    0   49 -83243.425 -113719.11  36.6%     -    0s
     0     0 -113686.86    0   46 -83243.425 -113686.86  36.6%     -    0s
     0     0 -113642.96    0   53 -83243.425 -113642.96  36.5%     -    0s
     0     0 -113642.67    0   53 -83243.425 -113642.67  36.5%     -    0s
     0     0 -113640.74    0   56 -83243.425 -113640.74  36.5%     -    0s
     0     2 -113640.74    0   56 -83243.425 -113640.74  36.5%     -    0s

Cutting planes:
  Gomory: 5
  Implied bound: 4
  MIR: 2
  Flow cover: 7

Explored 37 nodes (1588 simplex iterations) in 0.23 seconds
Thread count was 4 (of 4 available processors)

Solution count 3: -83243.4 -32120.7 -17547.7 

Optimal solution found (tolerance 1.00e-04)
Best objective -8.324342514985e+04, best bound -8.324342514985e+04, gap 0.0000%

Gurobi 7.5.2 (linux64) logging started Thu Mar 21 01:06:07 2019

Changed value of parameter LogFile to /home/aniket/python_scripts/Plasmids/exp/2019-03-21__iterative_with_questionable/output/sample_109/1.5.1/nplasmids_1/MILP/m.log
   Prev: gurobi.log  Default: 
Changed value of parameter TimeLimit to 2400.0
   Prev: 1e+100  Min: 0.0  Max: 1e+100  Default: 1e+100
Optimize a model with 2955 rows, 860 columns and 11480 nonzeros
Variable types: 229 continuous, 631 integer (327 binary)
Coefficient statistics:
  Matrix range     [6e-02, 1e+06]
  Objective range  [1e-03, 2e+05]
  Bounds range     [1e+00, 1e+00]
  RHS range        [6e-02, 1e+06]
Presolve removed 2321 rows and 505 columns
Presolve time: 0.02s
Presolved: 634 rows, 355 columns, 2088 nonzeros
Variable types: 76 continuous, 279 integer (204 binary)
Found heuristic solution: objective -17547.74731

Root relaxation: objective -1.481224e+05, 478 iterations, 0.01 seconds

    Nodes    |    Current Node    |     Objective Bounds      |     Work
 Expl Unexpl |  Obj  Depth IntInf | Incumbent    BestBd   Gap | It/Node Time

     0     0 -148122.41    0   69 -17547.747 -148122.41   744%     -    0s
H    0     0                    -23368.65001 -148122.41   534%     -    0s
     0     0 -132216.83    0   98 -23368.650 -132216.83   466%     -    0s
H    0     0                    -37663.77369 -132216.83   251%     -    0s
H    0     0                    -59104.49225 -132216.83   124%     -    0s
     0     0 -120268.16    0   84 -59104.492 -120268.16   103%     -    0s
     0     0 -120268.09    0   88 -59104.492 -120268.09   103%     -    0s
     0     0 -118472.10    0   66 -59104.492 -118472.10   100%     -    0s
     0     0 -118411.64    0   93 -59104.492 -118411.64   100%     -    0s
     0     0 -118331.16    0   64 -59104.492 -118331.16   100%     -    0s
     0     0 -114751.71    0  105 -59104.492 -114751.71  94.2%     -    0s
H    0     0                    -79969.19458 -114751.71  43.5%     -    0s
     0     0 -114399.57    0  120 -79969.195 -114399.57  43.1%     -    0s
     0     0 -113958.53    0  123 -79969.195 -113958.53  42.5%     -    0s
     0     0 -113888.53    0  133 -79969.195 -113888.53  42.4%     -    0s
     0     0 -113885.23    0  124 -79969.195 -113885.23  42.4%     -    0s
     0     0 -113859.49    0  128 -79969.195 -113859.49  42.4%     -    0s
     0     0 -113830.11    0  125 -79969.195 -113830.11  42.3%     -    0s
     0     0 -113809.94    0  128 -79969.195 -113809.94  42.3%     -    0s
     0     0 -113741.08    0  127 -79969.195 -113741.08  42.2%     -    0s
     0     0 -113737.98    0  127 -79969.195 -113737.98  42.2%     -    0s
     0     0 -113540.17    0  119 -79969.195 -113540.17  42.0%     -    0s
     0     0 -113507.31    0  115 -79969.195 -113507.31  41.9%     -    0s
     0     0 -113501.42    0  113 -79969.195 -113501.42  41.9%     -    0s
     0     0 -113489.58    0  114 -79969.195 -113489.58  41.9%     -    0s
     0     0 -113489.36    0  114 -79969.195 -113489.36  41.9%     -    0s
     0     0 -113480.17    0  115 -79969.195 -113480.17  41.9%     -    0s
     0     0 -113480.17    0  115 -79969.195 -113480.17  41.9%     -    0s

Explored 1 nodes (1309 simplex iterations) in 0.17 seconds
Thread count was 4 (of 4 available processors)

Solution count 5: -79969.2 -59104.5 -37663.8 ... -17547.7

Optimal solution found (tolerance 1.00e-04)
Best objective -7.996919457597e+04, best bound -7.996919457597e+04, gap 0.0000%

Gurobi 7.5.2 (linux64) logging started Thu Mar 21 01:06:07 2019

Changed value of parameter LogFile to /home/aniket/python_scripts/Plasmids/exp/2019-03-21__iterative_with_questionable/output/sample_109/1.5.1/nplasmids_1/MILP/m.log
   Prev: gurobi.log  Default: 
Changed value of parameter TimeLimit to 2400.0
   Prev: 1e+100  Min: 0.0  Max: 1e+100  Default: 1e+100
Optimize a model with 2914 rows, 848 columns and 11244 nonzeros
Variable types: 226 continuous, 622 integer (322 binary)
Coefficient statistics:
  Matrix range     [6e-02, 1e+06]
  Objective range  [1e-03, 2e+05]
  Bounds range     [1e+00, 1e+00]
  RHS range        [6e-02, 1e+06]
Presolve removed 2290 rows and 500 columns
Presolve time: 0.02s
Presolved: 624 rows, 348 columns, 2057 nonzeros
Variable types: 75 continuous, 273 integer (199 binary)
Found heuristic solution: objective -17547.74731

Root relaxation: objective -1.478681e+05, 458 iterations, 0.01 seconds

    Nodes    |    Current Node    |     Objective Bounds      |     Work
 Expl Unexpl |  Obj  Depth IntInf | Incumbent    BestBd   Gap | It/Node Time

     0     0 -147868.08    0   70 -17547.747 -147868.08   743%     -    0s
     0     0 -122506.24    0   86 -17547.747 -122506.24   598%     -    0s
     0     0 -115001.97    0   74 -17547.747 -115001.97   555%     -    0s
     0     0 -114140.25    0   69 -17547.747 -114140.25   550%     -    0s
     0     0 -114116.14    0   69 -17547.747 -114116.14   550%     -    0s
     0     0 -100716.12    0   85 -17547.747 -100716.12   474%     -    0s
     0     0 -100283.90    0   84 -17547.747 -100283.90   471%     -    0s
     0     0 -100276.40    0   84 -17547.747 -100276.40   471%     -    0s
     0     0 -98708.026    0   96 -17547.747 -98708.026   463%     -    0s
     0     0 -98387.581    0   70 -17547.747 -98387.581   461%     -    0s
     0     0 -98387.220    0   70 -17547.747 -98387.220   461%     -    0s
     0     0 -98259.697    0   72 -17547.747 -98259.697   460%     -    0s
H    0     0                    -47364.34062 -98259.697   107%     -    0s
     0     0 -95085.672    0   70 -47364.341 -95085.672   101%     -    0s
     0     0 -93400.044    0   51 -47364.341 -93400.044  97.2%     -    0s
     0     0 -93072.203    0   51 -47364.341 -93072.203  96.5%     -    0s
     0     0 -92754.551    0   51 -47364.341 -92754.551  95.8%     -    0s
     0     0 -92747.726    0   51 -47364.341 -92747.726  95.8%     -    0s
     0     0 -92641.904    0   55 -47364.341 -92641.904  95.6%     -    0s
     0     0 -92606.542    0   47 -47364.341 -92606.542  95.5%     -    0s
     0     0 -92604.525    0   47 -47364.341 -92604.525  95.5%     -    0s
     0     0 -91190.139    0   50 -47364.341 -91190.139  92.5%     -    0s
H    0     0                    -67655.99744 -91190.139  34.8%     -    0s
     0     0 -80326.903    0   55 -67655.997 -80326.903  18.7%     -    0s
     0     0 -79987.299    0   93 -67655.997 -79987.299  18.2%     -    0s
     0     0 -79758.134    0   49 -67655.997 -79758.134  17.9%     -    0s
     0     0 -79755.360    0   49 -67655.997 -79755.360  17.9%     -    0s
     0     0 -79749.879    0   55 -67655.997 -79749.879  17.9%     -    0s
     0     0 -79680.226    0   50 -67655.997 -79680.226  17.8%     -    0s
     0     0 -79487.754    0   51 -67655.997 -79487.754  17.5%     -    0s
     0     0 -79487.187    0   51 -67655.997 -79487.187  17.5%     -    0s
     0     0 -78536.547    0   53 -67655.997 -78536.547  16.1%     -    0s
     0     0 -78311.562    0   58 -67655.997 -78311.562  15.7%     -    0s
     0     0 -78249.961    0  105 -67655.997 -78249.961  15.7%     -    0s
     0     0 -78148.696    0   58 -67655.997 -78148.696  15.5%     -    0s
     0     0 -78148.696    0   58 -67655.997 -78148.696  15.5%     -    0s
     0     0 -77477.072    0   66 -67655.997 -77477.072  14.5%     -    0s
     0     0 -76308.600    0   61 -67655.997 -76308.600  12.8%     -    0s
     0     0 -76270.018    0   64 -67655.997 -76270.018  12.7%     -    0s
     0     0 -76266.360    0   64 -67655.997 -76266.360  12.7%     -    0s
     0     0 -76181.928    0   72 -67655.997 -76181.928  12.6%     -    0s
H    0     0                    -69319.92824 -76181.928  9.90%     -    0s
     0     0 -76170.861    0   70 -69319.928 -76170.861  9.88%     -    0s
     0     0 -75830.285    0   63 -69319.928 -75830.285  9.39%     -    0s
     0     0 -75703.945    0   54 -69319.928 -75703.945  9.21%     -    0s
     0     0 -75311.404    0   70 -69319.928 -75311.404  8.64%     -    0s
     0     0 -75268.539    0   75 -69319.928 -75268.539  8.58%     -    0s
     0     0 -75199.937    0   75 -69319.928 -75199.937  8.48%     -    0s
     0     0 -75171.899    0  105 -69319.928 -75171.899  8.44%     -    0s
     0     0 -75064.802    0   70 -69319.928 -75064.802  8.29%     -    0s
     0     0 -74779.021    0   81 -69319.928 -74779.021  7.88%     -    0s
     0     0 -74480.350    0   81 -69319.928 -74480.350  7.44%     -    0s
     0     0 -74480.350    0   81 -69319.928 -74480.350  7.44%     -    0s
     0     0 -74421.107    0   73 -69319.928 -74421.107  7.36%     -    0s
     0     0 -74400.517    0   72 -69319.928 -74400.517  7.33%     -    0s
     0     0 -74345.887    0   73 -69319.928 -74345.887  7.25%     -    0s
     0     0 -74345.887    0   73 -69319.928 -74345.887  7.25%     -    0s
     0     0 -74345.887    0    7 -69319.928 -74345.887  7.25%     -    0s
     0     0     cutoff    0      -69319.928 -69319.928  0.00%     -    0s

Cutting planes:
  Implied bound: 1
  MIR: 5
  Flow cover: 3

Explored 1 nodes (1295 simplex iterations) in 0.22 seconds
Thread count was 4 (of 4 available processors)

Solution count 4: -69319.9 -67656 -47364.3 -17547.7 

Optimal solution found (tolerance 1.00e-04)
Best objective -6.931992824346e+04, best bound -6.931992824346e+04, gap 0.0000%

Gurobi 7.5.2 (linux64) logging started Thu Mar 21 01:06:08 2019

Changed value of parameter LogFile to /home/aniket/python_scripts/Plasmids/exp/2019-03-21__iterative_with_questionable/output/sample_109/1.5.1/nplasmids_1/MILP/m.log
   Prev: gurobi.log  Default: 
Changed value of parameter TimeLimit to 2400.0
   Prev: 1e+100  Min: 0.0  Max: 1e+100  Default: 1e+100
Optimize a model with 2875 rows, 836 columns and 11018 nonzeros
Variable types: 223 continuous, 613 integer (317 binary)
Coefficient statistics:
  Matrix range     [6e-02, 1e+06]
  Objective range  [1e-03, 2e+05]
  Bounds range     [1e+00, 1e+00]
  RHS range        [6e-02, 1e+06]
Presolve removed 2260 rows and 494 columns
Presolve time: 0.02s
Presolved: 615 rows, 342 columns, 2025 nonzeros
Variable types: 74 continuous, 268 integer (195 binary)
Found heuristic solution: objective -17547.74731

Root relaxation: objective -9.297791e+04, 412 iterations, 0.01 seconds

    Nodes    |    Current Node    |     Objective Bounds      |     Work
 Expl Unexpl |  Obj  Depth IntInf | Incumbent    BestBd   Gap | It/Node Time

     0     0 -92977.907    0   71 -17547.747 -92977.907   430%     -    0s
     0     0 -60995.161    0   94 -17547.747 -60995.161   248%     -    0s
     0     0 -60737.558    0   93 -17547.747 -60737.558   246%     -    0s
     0     0 -60709.642    0   93 -17547.747 -60709.642   246%     -    0s
     0     0 -59873.024    0   75 -17547.747 -59873.024   241%     -    0s
     0     0 -57397.865    0   81 -17547.747 -57397.865   227%     -    0s
     0     0 -57386.437    0   85 -17547.747 -57386.437   227%     -    0s
     0     0 -57385.081    0   85 -17547.747 -57385.081   227%     -    0s
     0     0 -56950.652    0  101 -17547.747 -56950.652   225%     -    0s
     0     0 -56934.337    0   94 -17547.747 -56934.337   224%     -    0s
     0     0 -56933.997    0   98 -17547.747 -56933.997   224%     -    0s
     0     0 -56695.709    0   90 -17547.747 -56695.709   223%     -    0s
H    0     0                    -17757.67608 -56695.709   219%     -    0s
     0     0 -56582.117    0   84 -17757.676 -56582.117   219%     -    0s
     0     0 -56506.307    0  107 -17757.676 -56506.307   218%     -    0s
     0     0 -56402.571    0   78 -17757.676 -56402.571   218%     -    0s
H    0     0                    -39881.75506 -56402.571  41.4%     -    0s
     0     0 -56277.439    0   78 -39881.755 -56277.439  41.1%     -    0s
     0     0 -56269.896    0   78 -39881.755 -56269.896  41.1%     -    0s
     0     0 -56114.172    0   75 -39881.755 -56114.172  40.7%     -    0s
     0     0 -56103.676    0   56 -39881.755 -56103.676  40.7%     -    0s
     0     0 -56090.728    0   58 -39881.755 -56090.728  40.6%     -    0s
     0     0 -56086.798    0   71 -39881.755 -56086.798  40.6%     -    0s
     0     0 -56069.354    0   66 -39881.755 -56069.354  40.6%     -    0s
     0     0 -56037.783    0   63 -39881.755 -56037.783  40.5%     -    0s
     0     0 -56033.582    0   66 -39881.755 -56033.582  40.5%     -    0s
     0     0 -56005.988    0   77 -39881.755 -56005.988  40.4%     -    0s
     0     0 -56005.988    0   77 -39881.755 -56005.988  40.4%     -    0s
     0     2 -56005.988    0   77 -39881.755 -56005.988  40.4%     -    0s
H   17    15                    -40617.24015 -50864.659  25.2%  28.6    0s

Cutting planes:
  Gomory: 3
  Cover: 52
  Implied bound: 1
  Clique: 9
  MIR: 5
  Flow cover: 9
  GUB cover: 1
  Zero half: 11

Explored 74 nodes (2120 simplex iterations) in 0.20 seconds
Thread count was 4 (of 4 available processors)

Solution count 4: -40617.2 -39881.8 -17757.7 -17547.7 

Optimal solution found (tolerance 1.00e-04)
Best objective -4.061724015145e+04, best bound -4.061724015145e+04, gap 0.0000%

Gurobi 7.5.2 (linux64) logging started Thu Mar 21 01:06:08 2019

Changed value of parameter LogFile to /home/aniket/python_scripts/Plasmids/exp/2019-03-21__iterative_with_questionable/output/sample_109/1.5.1/nplasmids_1/MILP/m.log
   Prev: gurobi.log  Default: 
Changed value of parameter TimeLimit to 2400.0
   Prev: 1e+100  Min: 0.0  Max: 1e+100  Default: 1e+100
Optimize a model with 1017 rows, 295 columns and 2593 nonzeros
Variable types: 82 continuous, 213 integer (105 binary)
Coefficient statistics:
  Matrix range     [2e-01, 1e+06]
  Objective range  [4e-03, 3e+04]
  Bounds range     [1e+00, 1e+00]
  RHS range        [4e-01, 1e+06]
Presolve removed 832 rows and 202 columns
Presolve time: 0.00s
Presolved: 185 rows, 93 columns, 555 nonzeros
Variable types: 25 continuous, 68 integer (44 binary)
Found heuristic solution: objective -4825.221110

Root relaxation: objective -4.697234e+04, 65 iterations, 0.00 seconds

    Nodes    |    Current Node    |     Objective Bounds      |     Work
 Expl Unexpl |  Obj  Depth IntInf | Incumbent    BestBd   Gap | It/Node Time

     0     0 -46972.342    0   35 -4825.2211 -46972.342   873%     -    0s
H    0     0                    -17380.46876 -46972.342   170%     -    0s
H    0     0                    -26243.44070 -46972.342  79.0%     -    0s
     0     0     cutoff    0      -26243.441 -26243.441  0.00%     -    0s

Cutting planes:
  Gomory: 2
  Clique: 1

Explored 1 nodes (82 simplex iterations) in 0.01 seconds
Thread count was 4 (of 4 available processors)

Solution count 3: -26243.4 -17380.5 -4825.22 

Optimal solution found (tolerance 1.00e-04)
Best objective -2.624344069865e+04, best bound -2.624344069865e+04, gap 0.0000%

Gurobi 7.5.2 (linux64) logging started Thu Mar 21 01:06:08 2019

Changed value of parameter LogFile to /home/aniket/python_scripts/Plasmids/exp/2019-03-21__iterative_with_questionable/output/sample_109/1.5.1/nplasmids_1/MILP/m.log
   Prev: gurobi.log  Default: 
Changed value of parameter TimeLimit to 2400.0
   Prev: 1e+100  Min: 0.0  Max: 1e+100  Default: 1e+100
Optimize a model with 976 rows, 283 columns and 2455 nonzeros
Variable types: 79 continuous, 204 integer (100 binary)
Coefficient statistics:
  Matrix range     [2e-01, 1e+06]
  Objective range  [4e-03, 3e+04]
  Bounds range     [1e+00, 1e+00]
  RHS range        [4e-01, 1e+06]
Presolve removed 802 rows and 197 columns
Presolve time: 0.00s
Presolved: 174 rows, 86 columns, 515 nonzeros
Variable types: 24 continuous, 62 integer (39 binary)
Found heuristic solution: objective -4825.221110

Root relaxation: objective -4.661628e+04, 64 iterations, 0.00 seconds

    Nodes    |    Current Node    |     Objective Bounds      |     Work
 Expl Unexpl |  Obj  Depth IntInf | Incumbent    BestBd   Gap | It/Node Time

     0     0 -46616.283    0   32 -4825.2211 -46616.283   866%     -    0s
H    0     0                    -25501.47744 -46616.283  82.8%     -    0s
     0     0     cutoff    0      -25501.477 -25501.477  0.00%     -    0s

Cutting planes:
  Gomory: 2
  Clique: 1

Explored 1 nodes (82 simplex iterations) in 0.01 seconds
Thread count was 4 (of 4 available processors)

Solution count 2: -25501.5 -4825.22 

Optimal solution found (tolerance 1.00e-04)
Best objective -2.550147744265e+04, best bound -2.550147744265e+04, gap 0.0000%

Gurobi 7.5.2 (linux64) logging started Thu Mar 21 01:06:08 2019

Changed value of parameter LogFile to /home/aniket/python_scripts/Plasmids/exp/2019-03-21__iterative_with_questionable/output/sample_109/1.5.1/nplasmids_1/MILP/m.log
   Prev: gurobi.log  Default: 
Changed value of parameter TimeLimit to 2400.0
   Prev: 1e+100  Min: 0.0  Max: 1e+100  Default: 1e+100
Optimize a model with 936 rows, 272 columns and 2324 nonzeros
Variable types: 76 continuous, 196 integer (96 binary)
Coefficient statistics:
  Matrix range     [2e-01, 1e+06]
  Objective range  [4e-03, 3e+04]
  Bounds range     [1e+00, 1e+00]
  RHS range        [4e-01, 1e+06]
Presolve removed 772 rows and 191 columns
Presolve time: 0.00s
Presolved: 164 rows, 81 columns, 482 nonzeros
Variable types: 23 continuous, 58 integer (36 binary)
Found heuristic solution: objective -4825.221110

Root relaxation: objective -4.615993e+04, 59 iterations, 0.00 seconds

    Nodes    |    Current Node    |     Objective Bounds      |     Work
 Expl Unexpl |  Obj  Depth IntInf | Incumbent    BestBd   Gap | It/Node Time

     0     0 -46159.933    0   29 -4825.2211 -46159.933   857%     -    0s
H    0     0                    -24188.33628 -46159.933  90.8%     -    0s
     0     0     cutoff    0      -24188.336 -24188.336  0.00%     -    0s

Cutting planes:
  Gomory: 2

Explored 1 nodes (75 simplex iterations) in 0.01 seconds
Thread count was 4 (of 4 available processors)

Solution count 2: -24188.3 -4825.22 

Optimal solution found (tolerance 1.00e-04)
Best objective -2.418833627672e+04, best bound -2.418833627672e+04, gap 0.0000%

Gurobi 7.5.2 (linux64) logging started Thu Mar 21 01:06:08 2019

Changed value of parameter LogFile to /home/aniket/python_scripts/Plasmids/exp/2019-03-21__iterative_with_questionable/output/sample_109/1.5.1/nplasmids_1/MILP/m.log
   Prev: gurobi.log  Default: 
Changed value of parameter TimeLimit to 2400.0
   Prev: 1e+100  Min: 0.0  Max: 1e+100  Default: 1e+100
Optimize a model with 895 rows, 260 columns and 2190 nonzeros
Variable types: 73 continuous, 187 integer (91 binary)
Coefficient statistics:
  Matrix range     [6e-02, 1e+06]
  Objective range  [9e-03, 3e+04]
  Bounds range     [1e+00, 1e+00]
  RHS range        [6e-02, 1e+06]
Presolve removed 747 rows and 187 columns
Presolve time: 0.00s
Presolved: 148 rows, 73 columns, 433 nonzeros
Variable types: 21 continuous, 52 integer (32 binary)
Found heuristic solution: objective -4825.221110

Root relaxation: objective -4.556019e+04, 51 iterations, 0.00 seconds

    Nodes    |    Current Node    |     Objective Bounds      |     Work
 Expl Unexpl |  Obj  Depth IntInf | Incumbent    BestBd   Gap | It/Node Time

     0     0 -45560.194    0   26 -4825.2211 -45560.194   844%     -    0s
H    0     0                    -22075.14753 -45560.194   106%     -    0s
     0     0     cutoff    0      -22075.148 -22075.148  0.00%     -    0s

Cutting planes:
  Gomory: 2

Explored 1 nodes (64 simplex iterations) in 0.01 seconds
Thread count was 4 (of 4 available processors)

Solution count 2: -22075.1 -4825.22 

Optimal solution found (tolerance 1.00e-04)
Best objective -2.207514753092e+04, best bound -2.207514753092e+04, gap 0.0000%

Gurobi 7.5.2 (linux64) logging started Thu Mar 21 01:06:08 2019

Changed value of parameter LogFile to /home/aniket/python_scripts/Plasmids/exp/2019-03-21__iterative_with_questionable/output/sample_109/1.5.1/nplasmids_1/MILP/m.log
   Prev: gurobi.log  Default: 
Changed value of parameter TimeLimit to 2400.0
   Prev: 1e+100  Min: 0.0  Max: 1e+100  Default: 1e+100
Optimize a model with 854 rows, 248 columns and 2058 nonzeros
Variable types: 70 continuous, 178 integer (86 binary)
Coefficient statistics:
  Matrix range     [6e-02, 1e+06]
  Objective range  [9e-03, 3e+04]
  Bounds range     [1e+00, 1e+00]
  RHS range        [6e-02, 1e+06]
Presolve removed 722 rows and 183 columns
Presolve time: 0.00s
Presolved: 132 rows, 65 columns, 384 nonzeros
Variable types: 19 continuous, 46 integer (28 binary)
Found heuristic solution: objective -4542.524272

Root relaxation: objective -4.476566e+04, 45 iterations, 0.00 seconds

    Nodes    |    Current Node    |     Objective Bounds      |     Work
 Expl Unexpl |  Obj  Depth IntInf | Incumbent    BestBd   Gap | It/Node Time

     0     0 -44765.659    0   23 -4542.5243 -44765.659   885%     -    0s
H    0     0                    -5939.058089 -44765.659   654%     -    0s
     0     0 -39254.668    0   20 -5939.0581 -39254.668   561%     -    0s
     0     0 -36318.728    0   20 -5939.0581 -36318.728   512%     -    0s
H    0     0                    -10230.76387 -36318.728   255%     -    0s
H    0     0                    -20530.99690 -36318.728  76.9%     -    0s
     0     0     cutoff    0      -20530.997 -20530.997  0.00%     -    0s

Cutting planes:
  Gomory: 17
  Cover: 1
  Implied bound: 2

Explored 1 nodes (96 simplex iterations) in 0.01 seconds
Thread count was 4 (of 4 available processors)

Solution count 4: -20531 -10230.8 -5939.06 -4542.52 

Optimal solution found (tolerance 1.00e-04)
Best objective -2.053099690342e+04, best bound -2.053099690342e+04, gap 0.0000%

Gurobi 7.5.2 (linux64) logging started Thu Mar 21 01:06:08 2019

Changed value of parameter LogFile to /home/aniket/python_scripts/Plasmids/exp/2019-03-21__iterative_with_questionable/output/sample_109/1.5.1/nplasmids_1/MILP/m.log
   Prev: gurobi.log  Default: 
Changed value of parameter TimeLimit to 2400.0
   Prev: 1e+100  Min: 0.0  Max: 1e+100  Default: 1e+100
Optimize a model with 816 rows, 237 columns and 1942 nonzeros
Variable types: 67 continuous, 170 integer (82 binary)
Coefficient statistics:
  Matrix range     [6e-02, 1e+06]
  Objective range  [9e-03, 3e+04]
  Bounds range     [1e+00, 1e+00]
  RHS range        [6e-02, 1e+06]
Presolve removed 692 rows and 176 columns
Presolve time: 0.00s
Presolved: 124 rows, 61 columns, 359 nonzeros
Variable types: 18 continuous, 43 integer (26 binary)
Found heuristic solution: objective -4461.633579

Root relaxation: objective -4.425468e+04, 41 iterations, 0.00 seconds

    Nodes    |    Current Node    |     Objective Bounds      |     Work
 Expl Unexpl |  Obj  Depth IntInf | Incumbent    BestBd   Gap | It/Node Time

     0     0 -44254.677    0   20 -4461.6336 -44254.677   892%     -    0s
H    0     0                    -10197.76688 -44254.677   334%     -    0s
H    0     0                    -10200.00033 -44254.677   334%     -    0s
     0     0     cutoff    0      -10200.000 -10200.000  0.00%     -    0s

Cutting planes:
  Gomory: 2

Explored 1 nodes (56 simplex iterations) in 0.01 seconds
Thread count was 4 (of 4 available processors)

Solution count 3: -10200 -10197.8 -4461.63 

Optimal solution found (tolerance 1.00e-04)
Best objective -1.020000032548e+04, best bound -1.020000032548e+04, gap 0.0000%

Gurobi 7.5.2 (linux64) logging started Thu Mar 21 01:06:08 2019

Changed value of parameter LogFile to /home/aniket/python_scripts/Plasmids/exp/2019-03-21__iterative_with_questionable/output/sample_109/1.5.1/nplasmids_1/MILP/m.log
   Prev: gurobi.log  Default: 
Changed value of parameter TimeLimit to 2400.0
   Prev: 1e+100  Min: 0.0  Max: 1e+100  Default: 1e+100
Optimize a model with 776 rows, 226 columns and 1819 nonzeros
Variable types: 64 continuous, 162 integer (78 binary)
Coefficient statistics:
  Matrix range     [6e-02, 1e+06]
  Objective range  [1e-02, 3e+04]
  Bounds range     [1e+00, 1e+00]
  RHS range        [6e-02, 1e+06]
Presolve removed 662 rows and 170 columns
Presolve time: 0.00s
Presolved: 114 rows, 56 columns, 326 nonzeros
Variable types: 17 continuous, 39 integer (23 binary)
Found heuristic solution: objective -4461.633579

Root relaxation: objective -4.328410e+04, 35 iterations, 0.00 seconds

    Nodes    |    Current Node    |     Objective Bounds      |     Work
 Expl Unexpl |  Obj  Depth IntInf | Incumbent    BestBd   Gap | It/Node Time

     0     0 -43284.102    0   17 -4461.6336 -43284.102   870%     -    0s
H    0     0                    -6617.366491 -43284.102   554%     -    0s
     0     0 -36070.329    0   16 -6617.3665 -36070.329   445%     -    0s
H    0     0                    -7233.702515 -36070.329   399%     -    0s
     0     0 -30141.134    0   16 -7233.7025 -30141.134   317%     -    0s
     0     0 -30137.871    0   17 -7233.7025 -30137.871   317%     -    0s
H    0     0                    -8237.141851 -30137.871   266%     -    0s
     0     2 -30125.755    0   16 -8237.1419 -30125.755   266%     -    0s
*    2     2               1    -8243.952499 -27823.757   238%  18.0    0s
*   16     0               4    -8268.081841 -8268.0818  0.00%   7.9    0s

Cutting planes:
  Gomory: 7
  Cover: 3
  Implied bound: 3
  MIR: 1
  Flow cover: 1

Explored 17 nodes (198 simplex iterations) in 0.01 seconds
Thread count was 4 (of 4 available processors)

Solution count 6: -8268.08 -8243.95 -8237.14 ... -4461.63

Optimal solution found (tolerance 1.00e-04)
Best objective -8.268081840612e+03, best bound -8.268081840612e+03, gap 0.0000%

Gurobi 7.5.2 (linux64) logging started Thu Mar 21 01:06:08 2019

Changed value of parameter LogFile to /home/aniket/python_scripts/Plasmids/exp/2019-03-21__iterative_with_questionable/output/sample_109/1.5.1/nplasmids_1/MILP/m.log
   Prev: gurobi.log  Default: 
Changed value of parameter TimeLimit to 2400.0
   Prev: 1e+100  Min: 0.0  Max: 1e+100  Default: 1e+100
Optimize a model with 738 rows, 215 columns and 1706 nonzeros
Variable types: 61 continuous, 154 integer (74 binary)
Coefficient statistics:
  Matrix range     [6e-02, 1e+06]
  Objective range  [1e-02, 3e+04]
  Bounds range     [1e+00, 1e+00]
  RHS range        [6e-02, 1e+06]
Presolve removed 630 rows and 162 columns
Presolve time: 0.00s
Presolved: 108 rows, 53 columns, 309 nonzeros
Variable types: 16 continuous, 37 integer (22 binary)
Found heuristic solution: objective -1584.751974

Root relaxation: objective -4.222021e+04, 35 iterations, 0.00 seconds

    Nodes    |    Current Node    |     Objective Bounds      |     Work
 Expl Unexpl |  Obj  Depth IntInf | Incumbent    BestBd   Gap | It/Node Time

     0     0 -42220.206    0   16 -1584.7520 -42220.206  2564%     -    0s
H    0     0                    -6616.644592 -42220.206   538%     -    0s
*    0     0               0    -7233.702515 -7233.7025  0.00%     -    0s
     0     0          -    0      -7233.7025 -7233.7025  0.00%     -    0s

Cutting planes:
  Gomory: 1

Explored 1 nodes (49 simplex iterations) in 0.01 seconds
Thread count was 4 (of 4 available processors)

Solution count 3: -7233.7 -6616.64 -1584.75 

Optimal solution found (tolerance 1.00e-04)
Best objective -7.233702514940e+03, best bound -7.233702514940e+03, gap 0.0000%

Gurobi 7.5.2 (linux64) logging started Thu Mar 21 01:06:08 2019

Changed value of parameter LogFile to /home/aniket/python_scripts/Plasmids/exp/2019-03-21__iterative_with_questionable/output/sample_109/1.5.1/nplasmids_1/MILP/m.log
   Prev: gurobi.log  Default: 
Changed value of parameter TimeLimit to 2400.0
   Prev: 1e+100  Min: 0.0  Max: 1e+100  Default: 1e+100
Optimize a model with 697 rows, 203 columns and 1582 nonzeros
Variable types: 58 continuous, 145 integer (69 binary)
Coefficient statistics:
  Matrix range     [6e-02, 1e+06]
  Objective range  [1e-02, 3e+04]
  Bounds range     [1e+00, 1e+00]
  RHS range        [6e-02, 1e+06]
Presolve removed 632 rows and 165 columns
Presolve time: 0.00s
Presolved: 65 rows, 38 columns, 173 nonzeros
Variable types: 14 continuous, 24 integer (18 binary)
Found heuristic solution: objective -2535.526254

Root relaxation: objective -4.060481e+04, 26 iterations, 0.00 seconds

    Nodes    |    Current Node    |     Objective Bounds      |     Work
 Expl Unexpl |  Obj  Depth IntInf | Incumbent    BestBd   Gap | It/Node Time

     0     0 -40604.809    0   13 -2535.5263 -40604.809  1501%     -    0s
H    0     0                    -4926.489520 -40604.809   724%     -    0s
     0     0 -26849.668    0   10 -4926.4895 -26849.668   445%     -    0s
     0     0 -21088.406    0   10 -4926.4895 -21088.406   328%     -    0s
     0     0 -17058.806    0   10 -4926.4895 -17058.806   246%     -    0s
     0     0 -15082.832    0    8 -4926.4895 -15082.832   206%     -    0s
     0     0 -15079.643    0   10 -4926.4895 -15079.643   206%     -    0s
     0     0 -15079.514    0   10 -4926.4895 -15079.514   206%     -    0s
H    0     0                    -5294.653324 -15079.514   185%     -    0s
     0     0 -15079.466    0   10 -5294.6533 -15079.466   185%     -    0s
     0     2 -15079.466    0   10 -5294.6533 -15079.466   185%     -    0s

Cutting planes:
  Gomory: 4
  Cover: 1
  Implied bound: 1
  MIR: 1

Explored 3 nodes (63 simplex iterations) in 0.01 seconds
Thread count was 4 (of 4 available processors)

Solution count 3: -5294.65 -4926.49 -2535.53 

Optimal solution found (tolerance 1.00e-04)
Best objective -5.294653324288e+03, best bound -5.294653324288e+03, gap 0.0000%

Gurobi 7.5.2 (linux64) logging started Thu Mar 21 01:06:08 2019

Changed value of parameter LogFile to /home/aniket/python_scripts/Plasmids/exp/2019-03-21__iterative_with_questionable/output/sample_109/1.5.1/nplasmids_1/MILP/m.log
   Prev: gurobi.log  Default: 
Changed value of parameter TimeLimit to 2400.0
   Prev: 1e+100  Min: 0.0  Max: 1e+100  Default: 1e+100
Optimize a model with 617 rows, 179 columns and 1349 nonzeros
Variable types: 52 continuous, 127 integer (59 binary)
Coefficient statistics:
  Matrix range     [6e-02, 1e+06]
  Objective range  [2e-02, 1e+04]
  Bounds range     [1e+00, 1e+00]
  RHS range        [6e-02, 1e+06]
Presolve removed 588 rows and 161 columns
Presolve time: 0.00s
Presolved: 29 rows, 18 columns, 72 nonzeros
Variable types: 9 continuous, 9 integer (9 binary)

Root relaxation: objective -3.335450e+04, 11 iterations, 0.00 seconds

    Nodes    |    Current Node    |     Objective Bounds      |     Work
 Expl Unexpl |  Obj  Depth IntInf | Incumbent    BestBd   Gap | It/Node Time

     0     0 -33354.496    0    5          - -33354.496      -     -    0s
H    0     0                    -1549.593935 -33354.496  2052%     -    0s
H    0     0                    -1586.040341 -33354.496  2003%     -    0s
*    0     0               0    -1608.647228 -1608.6472  0.00%     -    0s

Cutting planes:
  Flow cover: 1

Explored 1 nodes (14 simplex iterations) in 0.00 seconds
Thread count was 4 (of 4 available processors)

Solution count 3: -1608.65 -1586.04 -1549.59 

Optimal solution found (tolerance 1.00e-04)
Best objective -1.608647228342e+03, best bound -1.608647228342e+03, gap 0.0000%

Gurobi 7.5.2 (linux64) logging started Thu Mar 21 01:06:08 2019

Changed value of parameter LogFile to /home/aniket/python_scripts/Plasmids/exp/2019-03-21__iterative_with_questionable/output/sample_109/1.5.1/nplasmids_1/MILP/m.log
   Prev: gurobi.log  Default: 
Changed value of parameter TimeLimit to 2400.0
   Prev: 1e+100  Min: 0.0  Max: 1e+100  Default: 1e+100
Optimize a model with 576 rows, 167 columns and 1231 nonzeros
Variable types: 49 continuous, 118 integer (54 binary)
Coefficient statistics:
  Matrix range     [6e-02, 1e+06]
  Objective range  [2e-02, 1e+04]
  Bounds range     [1e+00, 1e+00]
  RHS range        [6e-02, 1e+06]
Presolve removed 558 rows and 155 columns
Presolve time: 0.00s
Presolved: 18 rows, 12 columns, 45 nonzeros
Variable types: 6 continuous, 6 integer (6 binary)
Found heuristic solution: objective -1443.186082

Root relaxation: cutoff, 0 iterations, 0.00 seconds

Explored 0 nodes (0 simplex iterations) in 0.00 seconds
Thread count was 4 (of 4 available processors)

Solution count 1: -1443.19 

Optimal solution found (tolerance 1.00e-04)
Best objective -1.443186081662e+03, best bound -1.443186081662e+03, gap 0.0000%

Gurobi 7.5.2 (linux64) logging started Thu Mar 21 01:06:08 2019

Changed value of parameter LogFile to /home/aniket/python_scripts/Plasmids/exp/2019-03-21__iterative_with_questionable/output/sample_109/1.5.1/nplasmids_1/MILP/m.log
   Prev: gurobi.log  Default: 
Changed value of parameter TimeLimit to 2400.0
   Prev: 1e+100  Min: 0.0  Max: 1e+100  Default: 1e+100
Optimize a model with 502 rows, 145 columns and 1038 nonzeros
Variable types: 43 continuous, 102 integer (46 binary)
Coefficient statistics:
  Matrix range     [6e-02, 1e+06]
  Objective range  [2e-02, 1e+04]
  Bounds range     [1e+00, 1e+00]
  RHS range        [6e-02, 1e+06]
Presolve removed 496 rows and 140 columns
Presolve time: 0.00s
Presolved: 6 rows, 5 columns, 14 nonzeros
Variable types: 3 continuous, 2 integer (2 binary)
Found heuristic solution: objective -285.4291964

Explored 0 nodes (0 simplex iterations) in 0.00 seconds
Thread count was 4 (of 4 available processors)

Solution count 1: -285.429 

Optimal solution found (tolerance 1.00e-04)
Best objective -2.854291963742e+02, best bound -2.854291963742e+02, gap 0.0000%

Gurobi 7.5.2 (linux64) logging started Thu Mar 21 01:06:08 2019

Changed value of parameter LogFile to /home/aniket/python_scripts/Plasmids/exp/2019-03-21__iterative_with_questionable/output/sample_109/1.5.1/nplasmids_1/MILP/m.log
   Prev: gurobi.log  Default: 
Changed value of parameter TimeLimit to 2400.0
   Prev: 1e+100  Min: 0.0  Max: 1e+100  Default: 1e+100
Optimize a model with 464 rows, 134 columns and 940 nonzeros
Variable types: 40 continuous, 94 integer (42 binary)
Coefficient statistics:
  Matrix range     [6e-02, 1e+06]
  Objective range  [2e-02, 1e+04]
  Bounds range     [1e+00, 1e+00]
  RHS range        [6e-02, 1e+06]
Presolve removed 453 rows and 127 columns
Presolve time: 0.00s

Explored 0 nodes (0 simplex iterations) in 0.00 seconds
Thread count was 1 (of 4 available processors)

Solution count 0

Model is infeasible or unbounded
Best objective -, best bound -, gap -
Presolve removed 457 rows and 129 columns
Presolve time: 0.00s

Explored 0 nodes (0 simplex iterations) in 0.00 seconds
Thread count was 1 (of 4 available processors)

Solution count 0

Model is infeasible
Best objective -, best bound -, gap -

Computing Irreducible Inconsistent Subsystem (IIS)...

      Constraints           Bounds       Runtime
     Min       Max       Min      Max
------------------------------------------------
        0      374         0       92         0s
       40       40         0        0         0s

IIS computed: 40 constraints, 0 bounds
IIS runtime: 0.13 seconds
Warning: linear constraint 0 and linear constraint 1 have the same name "extr_ubd"
