Iteration 1
1	deque([(('48_1', 'h'), ('137_1', 't')), (('137_1', 'h'), ('48_1', 't'))])
1	deque([(('166_0', 'h'), ('120_0', 'h')), (('166_0', 't'), ('59_0', 't')), (('59_0', 'h'), ('120_0', 't'))])

Chosen seed at iteration 1: 1
Chosen chr at iteration 1



Chosen seed at iteration 2: 2
Chosen chr at iteration 2


Iteration 3
3	deque([(('151_0', 'h'), ('112_1', 'h')), (('113_0', 'h'), ('112_1', 't')), (('165_0', 't'), ('113_0', 't')), (('165_0', 'h'), ('85_1', 't')), (('102_0', 'h'), ('85_1', 'h')), (('151_0', 't'), ('102_0', 't'))])

Chosen seed at iteration 3: 1
Chosen chr at iteration 3


Iteration 4
4	deque([(('145_0', 't'), ('110_0', 't')), (('118_0', 'h'), ('110_0', 'h')), (('96_0', 'h'), ('118_0', 't')), (('179_0', 'h'), ('96_0', 't')), (('179_0', 't'), ('66_1', 't')), (('66_1', 'h'), ('74_0', 't')), (('74_0', 'h'), ('58_0', 'h')), (('133_1', 't'), ('58_0', 't')), (('136_1', 'h'), ('133_1', 'h')), (('190_4', 't'), ('136_1', 't')), (('190_4', 'h'), ('95_1', 'h')), (('145_0', 'h'), ('95_1', 't'))])
4	deque([(('199_0', 't'), ('31_0', 't')), (('175_2', 'h'), ('31_0', 'h')), (('178_2', 'h'), ('175_2', 't')), (('169_0', 'h'), ('178_2', 't')), (('169_0', 't'), ('56_1', 't')), (('162_0', 'h'), ('56_1', 'h')), (('162_0', 't'), ('128_0', 't')), (('128_0', 'h'), ('103_1', 't')), (('103_1', 'h'), ('114_0', 't')), (('114_0', 'h'), ('82_1', 'h')), (('165_1', 't'), ('82_1', 't')), (('165_1', 'h'), ('85_1', 't')), (('102_0', 'h'), ('85_1', 'h')), (('151_1', 't'), ('102_0', 't')), (('151_1', 'h'), ('112_0', 'h')), (('113_1', 'h'), ('112_0', 't')), (('92_0', 'h'), ('113_1', 't')), (('149_7', 'h'), ('92_0', 't')), (('93_0', 'h'), ('149_7', 't')), (('202_1', 'h'), ('93_0', 't')), (('170_2', 'h'), ('202_1', 't')), (('158_2', 'h'), ('170_2', 't')), (('157_1', 'h'), ('158_2', 't')), (('157_1', 't'), ('87_3', 't')), (('104_0', 'h'), ('87_3', 'h')), (('60_0', 'h'), ('104_0', 't')), (('64_0', 'h'), ('60_0', 't')), (('137_1', 't'), ('64_0', 't')), (('137_1', 'h'), ('78_0', 't')), (('86_0', 'h'), ('78_0', 'h')), (('149_6', 't'), ('86_0', 't')), (('149_6', 'h'), ('55_0', 't')), (('55_0', 'h'), ('53_2', 't')), (('53_2', 'h'), ('79_0', 't')), (('79_0', 'h'), ('135_0', 't')), (('142_0', 'h'), ('135_0', 'h')), (('65_0', 'h'), ('142_0', 't')), (('196_4', 't'), ('65_0', 't')), (('196_4', 'h'), ('47_1', 't')), (('160_1', 'h'), ('47_1', 'h')), (('160_1', 't'), ('76_2', 't')), (('76_2', 'h'), ('62_0', 't')), (('62_0', 'h'), ('102_1', 't')), (('102_1', 'h'), ('70_1', 't')), (('165_2', 'h'), ('70_1', 'h')), (('165_2', 't'), ('113_0', 't')), (('113_0', 'h'), ('91_0', 'h')), (('109_0', 'h'), ('91_0', 't')), (('138_1', 'h'), ('109_0', 't')), (('199_0', 'h'), ('138_1', 't'))])
4	deque([(('48_3', 'h'), ('137_0', 't')), (('137_0', 'h'), ('48_3', 't'))])

Chosen seed at iteration 4: 1
Chosen chr at iteration 4



Chosen seed at iteration 5: 2
Chosen chr at iteration 5



Chosen seed at iteration 6: 3
Chosen chr at iteration 6


Iteration 1
1	deque([(('48_1', 'h'), ('137_3', 't')), (('137_3', 'h'), ('48_1', 't'))])

Chosen seed at iteration 1: 1
Chosen chr at iteration 1


Iteration 2
2	deque([(('74_1', 'h'), ('63_0', 'h')), (('66_2', 'h'), ('74_1', 't')), (('103_2', 't'), ('66_2', 't')), (('103_2', 'h'), ('162_1', 't')), (('162_1', 'h'), ('89_0', 'h')), (('76_1', 'h'), ('89_0', 't')), (('160_2', 't'), ('76_1', 't')), (('160_2', 'h'), ('47_0', 'h')), (('196_2', 'h'), ('47_0', 't')), (('196_2', 't'), ('65_2', 't')), (('65_2', 'h'), ('39_1', 'h')), (('198_10', 't'), ('39_1', 't')), (('198_10', 'h'), ('95_7', 't')), (('190_13', 'h'), ('95_7', 'h')), (('190_13', 't'), ('63_0', 't'))])
2	deque([(('59_0', 'h'), ('120_0', 't')), (('166_0', 'h'), ('120_0', 'h')), (('166_0', 't'), ('59_0', 't'))])
2	deque([(('137_3', 'h'), ('48_2', 't')), (('48_2', 'h'), ('137_3', 't'))])

Chosen seed at iteration 2: 1
Chosen chr at iteration 2



Chosen seed at iteration 3: 2
Chosen chr at iteration 3



Chosen seed at iteration 4: 3
Chosen chr at iteration 4


Iteration 1
1	deque([(('137_2', 'h'), ('48_1', 't')), (('48_1', 'h'), ('137_2', 't'))])

Chosen seed at iteration 1: 1
Chosen chr at iteration 1


Iteration 2
2	deque([(('48_0', 'h'), ('137_2', 't')), (('137_2', 'h'), ('48_0', 't'))])

Chosen seed at iteration 2: 1
Chosen chr at iteration 2


Iteration 3
Iteration 1
1	deque([(('137_2', 'h'), ('48_0', 't')), (('48_0', 'h'), ('137_2', 't'))])

Chosen seed at iteration 1: 1
Chosen chr at iteration 1


Iteration 2
2	deque([(('48_1', 'h'), ('137_2', 't')), (('137_2', 'h'), ('48_1', 't'))])

Chosen seed at iteration 2: 1
Chosen chr at iteration 2


Iteration 3
Iteration 1
1	deque([(('137_2', 'h'), ('48_1', 't')), (('48_1', 'h'), ('137_2', 't'))])

Chosen seed at iteration 1: 1
Chosen chr at iteration 1


Iteration 2
2	deque([(('137_2', 'h'), ('48_0', 't')), (('48_0', 'h'), ('137_2', 't'))])

Chosen seed at iteration 2: 1
Chosen chr at iteration 2


Iteration 3
Iteration 1
1	deque([(('149_2', 't'), ('86_5', 't')), (('86_5', 'h'), ('29_0', 't')), (('29_0', 'h'), ('198_9', 't')), (('198_9', 'h'), ('95_12', 't')), (('190_2', 'h'), ('95_12', 'h')), (('75_0', 'h'), ('190_2', 't')), (('149_2', 'h'), ('75_0', 't'))])
1	deque([(('137_2', 'h'), ('48_0', 't')), (('48_0', 'h'), ('137_2', 't'))])

Chosen seed at iteration 1: 1
Chosen chr at iteration 1



Chosen seed at iteration 2: 2
Chosen chr at iteration 2


Iteration 3
3	deque([(('137_2', 'h'), ('48_1', 't')), (('48_1', 'h'), ('137_2', 't'))])

Chosen seed at iteration 3: 1
Chosen chr at iteration 3


Iteration 4
Iteration 1
1	deque([(('48_0', 'h'), ('137_2', 't')), (('137_2', 'h'), ('48_0', 't'))])
1	deque([(('190_2', 't'), ('136_0', 't')), (('190_2', 'h'), ('95_4', 'h')), (('198_1', 'h'), ('95_4', 't')), (('44_0', 'h'), ('198_1', 't')), (('133_0', 't'), ('44_0', 't')), (('136_0', 'h'), ('133_0', 'h'))])

Chosen seed at iteration 1: 1
Chosen chr at iteration 1



Chosen seed at iteration 2: 2
Chosen chr at iteration 2


Iteration 3
3	deque([(('48_1', 'h'), ('137_2', 't')), (('137_2', 'h'), ('48_1', 't'))])
3	deque([(('133_0', 't'), ('44_1', 't')), (('44_1', 'h'), ('198_6', 't')), (('198_6', 'h'), ('95_5', 't')), (('190_7', 'h'), ('95_5', 'h')), (('190_7', 't'), ('136_0', 't')), (('136_0', 'h'), ('133_0', 'h'))])

Chosen seed at iteration 3: 1
Chosen chr at iteration 3



Chosen seed at iteration 4: 2
Chosen chr at iteration 4


Iteration 1
Iteration 1
1	deque([(('198_1', 'h'), ('95_4', 't')), (('190_2', 'h'), ('95_4', 'h')), (('51_0', 'h'), ('190_2', 't')), (('198_1', 't'), ('51_0', 't'))])

Chosen seed at iteration 1: 1
Chosen chr at iteration 1


Iteration 2
2	deque([(('51_0', 'h'), ('190_8', 't')), (('198_3', 't'), ('51_0', 't')), (('198_3', 'h'), ('95_4', 't')), (('190_8', 'h'), ('95_4', 'h'))])

Chosen seed at iteration 2: 1
Chosen chr at iteration 2


Iteration 3
3	deque([(('198_13', 't'), ('51_0', 't')), (('198_13', 'h'), ('95_6', 't')), (('190_8', 'h'), ('95_6', 'h')), (('51_0', 'h'), ('190_8', 't'))])

Chosen seed at iteration 3: 1
Chosen chr at iteration 3


Iteration 4
4	deque([(('190_3', 'h'), ('95_10', 'h')), (('51_0', 'h'), ('190_3', 't')), (('198_2', 't'), ('51_0', 't')), (('198_2', 'h'), ('95_10', 't'))])

Chosen seed at iteration 4: 1
Chosen chr at iteration 4


Iteration 1
Iteration 1
Iteration 1
Iteration 1
Iteration 1
Iteration 1
Iteration 1
Iteration 1
Iteration 1
Iteration 1
Iteration 1
Iteration 1
Iteration 1
Iteration 1
Iteration 1
Iteration 1
Iteration 1
Iteration 1
Iteration 1
Iteration 1
Iteration 1
Iteration 1
Iteration 1
Iteration 1
