
Gurobi 9.1.1 (linux64) logging started Tue Aug  3 19:08:25 2021

Changed value of parameter LogFile to /home/aniket/python_scripts/Plasmids-Optimization/exp/2021-06-14__iterative_MILP_edge_novelty/output/sample_5/1.1.1/nplasmids_1/MILP/m.log
   Prev:   Default: 
Changed value of parameter TimeLimit to 240.0
   Prev: inf  Min: 0.0  Max: inf  Default: inf
Changed value of parameter MIPGap to 0.05
   Prev: 0.0001  Min: 0.0  Max: inf  Default: 0.0001
Gurobi Optimizer version 9.1.1 build v9.1.1rc0 (linux64)
Thread count: 2 physical cores, 4 logical processors, using up to 4 threads
Optimize a model with 14797 rows, 4982 columns and 40019 nonzeros
Model fingerprint: 0x58e36167
Variable types: 1291 continuous, 3691 integer (3433 binary)
Coefficient statistics:
  Matrix range     [1e-02, 9e+05]
  Objective range  [3e-03, 1e+00]
  Bounds range     [1e+00, 1e+00]
  RHS range        [1e+00, 2e+05]
Presolve removed 12772 rows and 2495 columns
Presolve time: 0.06s
Presolved: 2025 rows, 2487 columns, 12573 nonzeros
Variable types: 491 continuous, 1996 integer (1996 binary)
Found heuristic solution: objective -0.8589053

Root relaxation: objective -6.440921e+00, 1277 iterations, 0.02 seconds

    Nodes    |    Current Node    |     Objective Bounds      |     Work
 Expl Unexpl |  Obj  Depth IntInf | Incumbent    BestBd   Gap | It/Node Time

     0     0   -6.44092    0   57   -0.85891   -6.44092   650%     -    0s
H    0     0                      -0.9804688   -6.44092   557%     -    0s
     0     0   -6.09884    0   76   -0.98047   -6.09884   522%     -    0s
H    0     0                      -4.6448080   -6.09884  31.3%     -    0s
     0     0   -5.82011    0   55   -4.64481   -5.82011  25.3%     -    0s
     0     0   -5.68111    0   68   -4.64481   -5.68111  22.3%     -    0s
H    0     0                      -4.6448098   -5.68111  22.3%     -    0s
     0     0   -5.68034    0   67   -4.64481   -5.68034  22.3%     -    0s
     0     0   -5.67424    0   51   -4.64481   -5.67424  22.2%     -    0s
     0     0   -5.67424    0   62   -4.64481   -5.67424  22.2%     -    0s
     0     0   -5.62890    0   95   -4.64481   -5.62890  21.2%     -    0s
     0     0   -5.62185    0  100   -4.64481   -5.62185  21.0%     -    0s
     0     0   -5.60462    0   94   -4.64481   -5.60462  20.7%     -    0s
     0     0   -5.60279    0   95   -4.64481   -5.60279  20.6%     -    0s
     0     0   -5.60279    0   94   -4.64481   -5.60279  20.6%     -    0s
     0     0   -5.59977    0   93   -4.64481   -5.59977  20.6%     -    0s
     0     0   -5.59977    0   96   -4.64481   -5.59977  20.6%     -    0s
     0     0   -5.59977    0   93   -4.64481   -5.59977  20.6%     -    0s
     0     0   -5.59977    0   94   -4.64481   -5.59977  20.6%     -    0s
     0     0   -5.59498    0   93   -4.64481   -5.59498  20.5%     -    0s
     0     0   -5.59498    0   94   -4.64481   -5.59498  20.5%     -    0s
     0     0   -5.59497    0   94   -4.64481   -5.59497  20.5%     -    0s
     0     0   -5.59393    0   99   -4.64481   -5.59393  20.4%     -    0s
     0     0   -5.59357    0   99   -4.64481   -5.59357  20.4%     -    0s
     0     0   -5.56665    0   69   -4.64481   -5.56665  19.8%     -    0s
     0     0   -5.55318    0   67   -4.64481   -5.55318  19.6%     -    0s
     0     0   -5.55318    0   67   -4.64481   -5.55318  19.6%     -    0s
     0     0   -5.53860    0   62   -4.64481   -5.53860  19.2%     -    0s
     0     0   -5.53748    0   67   -4.64481   -5.53748  19.2%     -    0s
     0     0   -5.53748    0   67   -4.64481   -5.53748  19.2%     -    0s
     0     0   -5.53415    0   67   -4.64481   -5.53415  19.1%     -    0s
     0     0   -5.53411    0   68   -4.64481   -5.53411  19.1%     -    0s
     0     0   -5.53383    0   66   -4.64481   -5.53383  19.1%     -    0s
     0     0   -5.53383    0   67   -4.64481   -5.53383  19.1%     -    0s
     0     0   -5.53383    0   69   -4.64481   -5.53383  19.1%     -    0s
     0     0   -5.53383    0   69   -4.64481   -5.53383  19.1%     -    0s
     0     2   -5.53383    0   61   -4.64481   -5.53383  19.1%     -    0s

Cutting planes:
  Gomory: 5
  Cover: 1
  Implied bound: 5
  MIR: 4
  Flow cover: 32
  Zero half: 1
  RLT: 89

Explored 167 nodes (15123 simplex iterations) in 1.31 seconds
Thread count was 4 (of 4 available processors)

Solution count 4: -4.64481 -4.64481 -0.980469 -0.858905 

Optimal solution found (tolerance 5.00e-02)
Best objective -4.644809784458e+00, best bound -4.768523772539e+00, gap 2.6635%
Gurobi Optimizer version 9.1.1 build v9.1.1rc0 (linux64)
Thread count: 2 physical cores, 4 logical processors, using up to 4 threads
Optimize a model with 14798 rows, 4982 columns and 40021 nonzeros
Model fingerprint: 0x95a5fb86
Variable types: 1291 continuous, 3691 integer (3433 binary)
Coefficient statistics:
  Matrix range     [1e-02, 9e+05]
  Objective range  [3e-03, 1e+00]
  Bounds range     [1e+00, 1e+00]
  RHS range        [1e+00, 2e+05]

MIP start from previous solve did not produce a new incumbent solution
MIP start from previous solve violates constraint circular by 1.000000000

Presolve removed 12772 rows and 2495 columns
Presolve time: 0.06s
Presolved: 2026 rows, 2487 columns, 12576 nonzeros
Variable types: 491 continuous, 1996 integer (1996 binary)
Found heuristic solution: objective -0.8589053

Root relaxation: objective -6.440921e+00, 1379 iterations, 0.02 seconds

    Nodes    |    Current Node    |     Objective Bounds      |     Work
 Expl Unexpl |  Obj  Depth IntInf | Incumbent    BestBd   Gap | It/Node Time

     0     0   -6.44092    0   56   -0.85891   -6.44092   650%     -    0s
H    0     0                      -0.9804688   -6.44092   557%     -    0s
     0     0   -6.09177    0   70   -0.98047   -6.09177   521%     -    0s
H    0     0                      -4.6448080   -6.09177  31.2%     -    0s
     0     0   -5.81628    0   54   -4.64481   -5.81628  25.2%     -    0s
     0     0   -5.67468    0   68   -4.64481   -5.67468  22.2%     -    0s
     0     0   -5.67468    0   66   -4.64481   -5.67468  22.2%     -    0s
     0     0   -5.64317    0   98   -4.64481   -5.64317  21.5%     -    0s
     0     0   -5.62509    0  102   -4.64481   -5.62509  21.1%     -    0s
     0     0   -5.62050    0   98   -4.64481   -5.62050  21.0%     -    0s
     0     0   -5.62050    0   98   -4.64481   -5.62050  21.0%     -    0s
     0     0   -5.59233    0   99   -4.64481   -5.59233  20.4%     -    0s
     0     0   -5.59224    0  102   -4.64481   -5.59224  20.4%     -    0s
     0     0   -5.59224    0  104   -4.64481   -5.59224  20.4%     -    0s
     0     0   -5.59224    0  106   -4.64481   -5.59224  20.4%     -    0s
     0     0   -5.59114    0  112   -4.64481   -5.59114  20.4%     -    0s
     0     0   -5.59114    0  113   -4.64481   -5.59114  20.4%     -    0s
     0     0   -5.59114    0  113   -4.64481   -5.59114  20.4%     -    0s
     0     0   -5.59114    0   98   -4.64481   -5.59114  20.4%     -    0s
     0     2   -5.59114    0   95   -4.64481   -5.59114  20.4%     -    0s

Cutting planes:
  Cover: 2
  Implied bound: 15
  MIR: 2
  StrongCG: 1
  Flow cover: 49
  Zero half: 2
  RLT: 72

Explored 167 nodes (15384 simplex iterations) in 1.14 seconds
Thread count was 4 (of 4 available processors)

Solution count 3: -4.64481 -0.980469 -0.858905 

Optimal solution found (tolerance 5.00e-02)
Best objective -4.644807956967e+00, best bound -4.828377833540e+00, gap 3.9522%
Gurobi Optimizer version 9.1.1 build v9.1.1rc0 (linux64)
Thread count: 2 physical cores, 4 logical processors, using up to 4 threads
Optimize a model with 14799 rows, 4982 columns and 40026 nonzeros
Model fingerprint: 0xe9d4fce3
Variable types: 1291 continuous, 3691 integer (3433 binary)
Coefficient statistics:
  Matrix range     [1e-02, 9e+05]
  Objective range  [3e-03, 1e+00]
  Bounds range     [1e+00, 1e+00]
  RHS range        [1e+00, 2e+05]

MIP start from previous solve did not produce a new incumbent solution
MIP start from previous solve violates constraint circular by 1.000000000

Presolve removed 12772 rows and 2495 columns
Presolve time: 0.06s
Presolved: 2027 rows, 2487 columns, 12589 nonzeros
Variable types: 491 continuous, 1996 integer (1996 binary)
Found heuristic solution: objective -0.8589053

Root relaxation: objective -6.440921e+00, 1360 iterations, 0.02 seconds

    Nodes    |    Current Node    |     Objective Bounds      |     Work
 Expl Unexpl |  Obj  Depth IntInf | Incumbent    BestBd   Gap | It/Node Time

     0     0   -6.44092    0   54   -0.85891   -6.44092   650%     -    0s
H    0     0                      -0.9804688   -6.44092   557%     -    0s
     0     0   -6.08244    0   75   -0.98047   -6.08244   520%     -    0s
H    0     0                      -4.6448080   -6.08244  31.0%     -    0s
     0     0   -5.83691    0   53   -4.64481   -5.83691  25.7%     -    0s
     0     0   -5.77423    0   63   -4.64481   -5.77423  24.3%     -    0s
     0     0   -5.75859    0   62   -4.64481   -5.75859  24.0%     -    0s
     0     0   -5.68856    0   74   -4.64481   -5.68856  22.5%     -    0s
     0     0   -5.67547    0   65   -4.64481   -5.67547  22.2%     -    0s
     0     0   -5.67443    0   64   -4.64481   -5.67443  22.2%     -    0s
     0     0   -5.67443    0   66   -4.64481   -5.67443  22.2%     -    0s
     0     0   -5.64114    0   67   -4.64481   -5.64114  21.5%     -    0s
H    0     0                      -4.6448080   -5.64114  21.5%     -    0s
     0     0   -5.63235    0   98   -4.64481   -5.63235  21.3%     -    0s
     0     0   -5.63127    0   65   -4.64481   -5.63127  21.2%     -    0s
     0     0   -5.63122    0   66   -4.64481   -5.63122  21.2%     -    0s
     0     0   -5.60084    0   93   -4.64481   -5.60084  20.6%     -    0s
     0     0   -5.60084    0   94   -4.64481   -5.60084  20.6%     -    0s
     0     0   -5.60056    0  123   -4.64481   -5.60056  20.6%     -    0s
     0     0   -5.60056    0  108   -4.64481   -5.60056  20.6%     -    0s
     0     0   -5.60056    0  116   -4.64481   -5.60056  20.6%     -    0s
     0     0   -5.60040    0  120   -4.64481   -5.60040  20.6%     -    0s
     0     0   -5.59278    0  109   -4.64481   -5.59278  20.4%     -    0s
     0     0   -5.59277    0  108   -4.64481   -5.59277  20.4%     -    0s
     0     0   -5.58341    0   93   -4.64481   -5.58341  20.2%     -    0s
     0     0   -5.58341    0   95   -4.64481   -5.58341  20.2%     -    0s
     0     0   -5.58283    0   97   -4.64481   -5.58283  20.2%     -    0s
     0     0   -5.58283    0   98   -4.64481   -5.58283  20.2%     -    0s
     0     0   -5.58283    0   94   -4.64481   -5.58283  20.2%     -    0s
     0     0   -5.58283    0   94   -4.64481   -5.58283  20.2%     -    0s
     0     2   -5.58283    0   90   -4.64481   -5.58283  20.2%     -    0s
H   27    15                      -4.6448127   -5.17111  11.3%   106    1s
  1854   500   -4.68138   16    4   -4.64481   -4.88580  5.19%  45.6    5s

Cutting planes:
  Gomory: 6
  Cover: 6
  Implied bound: 32
  Clique: 1
  MIR: 11
  Flow cover: 100
  Zero half: 4
  RLT: 110

Explored 2163 nodes (100845 simplex iterations) in 5.65 seconds
Thread count was 4 (of 4 available processors)

Solution count 5: -4.64481 -4.64481 -4.64481 ... -0.858905

Optimal solution found (tolerance 5.00e-02)
Best objective -4.644812733653e+00, best bound -4.873921028134e+00, gap 4.9326%
Gurobi Optimizer version 9.1.1 build v9.1.1rc0 (linux64)
Thread count: 2 physical cores, 4 logical processors, using up to 4 threads
Optimize a model with 14800 rows, 4982 columns and 40028 nonzeros
Model fingerprint: 0xb8164885
Variable types: 1291 continuous, 3691 integer (3433 binary)
Coefficient statistics:
  Matrix range     [1e-02, 9e+05]
  Objective range  [3e-03, 1e+00]
  Bounds range     [1e+00, 1e+00]
  RHS range        [1e+00, 2e+05]

MIP start from previous solve did not produce a new incumbent solution
MIP start from previous solve violates constraint circular by 1.000000000

Presolve removed 12772 rows and 2495 columns
Presolve time: 0.05s
Presolved: 2028 rows, 2487 columns, 12592 nonzeros
Variable types: 491 continuous, 1996 integer (1996 binary)
Found heuristic solution: objective -0.8589053

Root relaxation: objective -6.440921e+00, 1491 iterations, 0.03 seconds

    Nodes    |    Current Node    |     Objective Bounds      |     Work
 Expl Unexpl |  Obj  Depth IntInf | Incumbent    BestBd   Gap | It/Node Time

     0     0   -6.44092    0   54   -0.85891   -6.44092   650%     -    0s
H    0     0                      -0.9804688   -6.44092   557%     -    0s
     0     0   -6.08882    0   77   -0.98047   -6.08882   521%     -    0s
H    0     0                      -4.6448081   -6.08882  31.1%     -    0s
     0     0   -5.81624    0   58   -4.64481   -5.81624  25.2%     -    0s
     0     0   -5.76290    0   67   -4.64481   -5.76290  24.1%     -    0s
     0     0   -5.76290    0   66   -4.64481   -5.76290  24.1%     -    0s
     0     0   -5.64092    0   66   -4.64481   -5.64092  21.4%     -    0s
     0     0   -5.64052    0   67   -4.64481   -5.64052  21.4%     -    0s
     0     0   -5.64052    0   70   -4.64481   -5.64052  21.4%     -    0s
     0     0   -5.59685    0   87   -4.64481   -5.59685  20.5%     -    0s
     0     0   -5.59661    0  101   -4.64481   -5.59661  20.5%     -    0s
     0     0   -5.59658    0  102   -4.64481   -5.59658  20.5%     -    0s
     0     0   -5.59572    0  101   -4.64481   -5.59572  20.5%     -    0s
     0     0   -5.59546    0  104   -4.64481   -5.59546  20.5%     -    0s
     0     0   -5.59530    0   99   -4.64481   -5.59530  20.5%     -    0s
     0     0   -5.59528    0  103   -4.64481   -5.59528  20.5%     -    0s
     0     0   -5.59036    0  105   -4.64481   -5.59036  20.4%     -    0s
     0     0   -5.59036    0  106   -4.64481   -5.59036  20.4%     -    0s
     0     0   -5.57132    0  101   -4.64481   -5.57132  19.9%     -    0s
     0     0   -5.57060    0  105   -4.64481   -5.57060  19.9%     -    0s
     0     0   -5.56967    0  107   -4.64481   -5.56967  19.9%     -    0s
     0     0   -5.56646    0  103   -4.64481   -5.56646  19.8%     -    0s
     0     0   -5.56632    0  110   -4.64481   -5.56632  19.8%     -    0s
     0     0   -5.56612    0  113   -4.64481   -5.56612  19.8%     -    0s
     0     0   -5.56349    0  110   -4.64481   -5.56349  19.8%     -    0s
     0     0   -5.56319    0  112   -4.64481   -5.56319  19.8%     -    0s
     0     0   -5.56307    0  112   -4.64481   -5.56307  19.8%     -    0s
     0     0   -5.56307    0  111   -4.64481   -5.56307  19.8%     -    0s
     0     0   -5.55951    0  113   -4.64481   -5.55951  19.7%     -    0s
     0     0   -5.55863    0  117   -4.64481   -5.55863  19.7%     -    0s
     0     0   -5.55787    0  114   -4.64481   -5.55787  19.7%     -    0s
     0     0   -5.55752    0  112   -4.64481   -5.55752  19.7%     -    0s
     0     0   -5.55743    0  110   -4.64481   -5.55743  19.6%     -    0s
     0     0   -5.55740    0  109   -4.64481   -5.55740  19.6%     -    0s
     0     0   -5.55740    0   98   -4.64481   -5.55740  19.6%     -    0s
     0     2   -5.55740    0   92   -4.64481   -5.55740  19.6%     -    0s
H   92    38                      -4.6448087   -5.08418  9.46%  84.2    1s
H  203    75                      -4.6448087   -5.01677  8.01%  65.8    1s
H  589   171                      -4.6448101   -4.93614  6.27%  53.7    2s

Cutting planes:
  Gomory: 1
  Cover: 3
  Implied bound: 28
  Clique: 1
  MIR: 10
  StrongCG: 1
  Flow cover: 112
  Zero half: 4
  RLT: 85

Explored 1039 nodes (52987 simplex iterations) in 3.69 seconds
Thread count was 4 (of 4 available processors)

Solution count 5: -4.64481 -4.64481 -4.64481 ... -0.858905

Optimal solution found (tolerance 5.00e-02)
Best objective -4.644810123098e+00, best bound -4.876840968171e+00, gap 4.9955%

Gurobi 9.1.1 (linux64) logging started Tue Aug  3 19:08:37 2021

Changed value of parameter LogFile to /home/aniket/python_scripts/Plasmids-Optimization/exp/2021-06-14__iterative_MILP_edge_novelty/output/sample_5/1.1.1/nplasmids_1/MILP/m.log
   Prev:   Default: 
Changed value of parameter TimeLimit to 240.0
   Prev: inf  Min: 0.0  Max: inf  Default: inf
Changed value of parameter MIPGap to 0.05
   Prev: 0.0001  Min: 0.0  Max: inf  Default: 0.0001
Gurobi Optimizer version 9.1.1 build v9.1.1rc0 (linux64)
Thread count: 2 physical cores, 4 logical processors, using up to 4 threads
Optimize a model with 14028 rows, 4722 columns and 37689 nonzeros
Model fingerprint: 0xaae3dfbd
Variable types: 1236 continuous, 3486 integer (3239 binary)
Coefficient statistics:
  Matrix range     [1e-02, 9e+05]
  Objective range  [3e-03, 1e+00]
  Bounds range     [1e+00, 1e+00]
  RHS range        [1e+00, 2e+05]
Presolve removed 12094 rows and 2384 columns
Presolve time: 0.05s
Presolved: 1934 rows, 2338 columns, 11834 nonzeros
Variable types: 469 continuous, 1869 integer (1869 binary)
Found heuristic solution: objective -0.8589053

Root relaxation: objective -4.581616e+00, 1322 iterations, 0.02 seconds

    Nodes    |    Current Node    |     Objective Bounds      |     Work
 Expl Unexpl |  Obj  Depth IntInf | Incumbent    BestBd   Gap | It/Node Time

     0     0   -4.58162    0   50   -0.85891   -4.58162   433%     -    0s
H    0     0                      -0.9804688   -4.58162   367%     -    0s
     0     0   -4.18259    0   44   -0.98047   -4.18259   327%     -    0s
H    0     0                      -3.5854857   -4.18259  16.7%     -    0s
     0     0   -4.15891    0   43   -3.58549   -4.15891  16.0%     -    0s
     0     0   -4.05864    0   80   -3.58549   -4.05864  13.2%     -    0s
     0     0   -4.02051    0   80   -3.58549   -4.02051  12.1%     -    0s
     0     0   -3.97529    0   75   -3.58549   -3.97529  10.9%     -    0s
     0     0   -3.97529    0   75   -3.58549   -3.97529  10.9%     -    0s
     0     0   -3.97529    0   46   -3.58549   -3.97529  10.9%     -    0s
     0     0   -3.97529    0   47   -3.58549   -3.97529  10.9%     -    0s
     0     0   -3.97529    0   44   -3.58549   -3.97529  10.9%     -    0s
H    0     0                      -3.5854857   -3.97529  10.9%     -    0s
     0     0   -3.97529    0   45   -3.58549   -3.97529  10.9%     -    0s
     0     0   -3.97529    0   45   -3.58549   -3.97529  10.9%     -    0s
     0     0   -3.97529    0   45   -3.58549   -3.97529  10.9%     -    0s
     0     2   -3.97529    0   45   -3.58549   -3.97529  10.9%     -    0s

Cutting planes:
  Gomory: 1
  Implied bound: 17
  Clique: 1
  MIR: 1
  Flow cover: 9
  Zero half: 3
  RLT: 38

Explored 10 nodes (5173 simplex iterations) in 0.57 seconds
Thread count was 4 (of 4 available processors)

Solution count 4: -3.58549 -3.58549 -0.980469 -0.858905 

Optimal solution found (tolerance 5.00e-02)
Best objective -3.585485688419e+00, best bound -3.747300759692e+00, gap 4.5131%
Gurobi Optimizer version 9.1.1 build v9.1.1rc0 (linux64)
Thread count: 2 physical cores, 4 logical processors, using up to 4 threads
Optimize a model with 14029 rows, 4722 columns and 37694 nonzeros
Model fingerprint: 0x135aa6ae
Variable types: 1236 continuous, 3486 integer (3239 binary)
Coefficient statistics:
  Matrix range     [1e-02, 9e+05]
  Objective range  [3e-03, 1e+00]
  Bounds range     [1e+00, 1e+00]
  RHS range        [1e+00, 2e+05]

MIP start from previous solve did not produce a new incumbent solution
MIP start from previous solve violates constraint circular by 1.000000000

Presolve removed 12094 rows and 2384 columns
Presolve time: 0.05s
Presolved: 1935 rows, 2338 columns, 11847 nonzeros
Variable types: 469 continuous, 1869 integer (1869 binary)
Found heuristic solution: objective -0.8589053

Root relaxation: objective -4.581616e+00, 1507 iterations, 0.02 seconds

    Nodes    |    Current Node    |     Objective Bounds      |     Work
 Expl Unexpl |  Obj  Depth IntInf | Incumbent    BestBd   Gap | It/Node Time

     0     0   -4.58162    0   50   -0.85891   -4.58162   433%     -    0s
H    0     0                      -0.9804688   -4.58162   367%     -    0s
     0     0   -4.18259    0   41   -0.98047   -4.18259   327%     -    0s
H    0     0                      -3.5854857   -4.18259  16.7%     -    0s
     0     0   -4.17617    0   75   -3.58549   -4.17617  16.5%     -    0s
     0     0   -4.10051    0  102   -3.58549   -4.10051  14.4%     -    0s
     0     0   -4.10051    0  102   -3.58549   -4.10051  14.4%     -    0s
     0     0   -4.01395    0  121   -3.58549   -4.01395  12.0%     -    0s
     0     0   -4.01309    0  123   -3.58549   -4.01309  11.9%     -    0s
     0     0   -4.00867    0  122   -3.58549   -4.00867  11.8%     -    0s
     0     0   -3.99795    0  117   -3.58549   -3.99795  11.5%     -    0s
     0     0   -3.99795    0  125   -3.58549   -3.99795  11.5%     -    0s
     0     0   -3.99795    0  119   -3.58549   -3.99795  11.5%     -    0s
     0     0   -3.99795    0  121   -3.58549   -3.99795  11.5%     -    0s
     0     0   -3.99795    0   99   -3.58549   -3.99795  11.5%     -    0s
     0     0   -3.99795    0  104   -3.58549   -3.99795  11.5%     -    0s
     0     0   -3.99795    0  102   -3.58549   -3.99795  11.5%     -    0s
     0     0   -3.99795    0   97   -3.58549   -3.99795  11.5%     -    0s
H    0     0                      -3.5854857   -3.99795  11.5%     -    0s
     0     2   -3.99795    0   97   -3.58549   -3.99795  11.5%     -    0s
H   30    14                      -3.5854872   -3.89434  8.61%  88.3    1s
H   43    14                      -3.5854882   -3.89434  8.61%  68.4    1s

Cutting planes:
  Gomory: 6
  Implied bound: 29
  MIR: 3
  Flow cover: 30
  Zero half: 1
  RLT: 90

Explored 160 nodes (15594 simplex iterations) in 1.42 seconds
Thread count was 4 (of 4 available processors)

Solution count 5: -3.58549 -3.58549 -3.58549 ... -0.858905

Optimal solution found (tolerance 5.00e-02)
Best objective -3.585488157782e+00, best bound -3.752688500430e+00, gap 4.6633%
Gurobi Optimizer version 9.1.1 build v9.1.1rc0 (linux64)
Thread count: 2 physical cores, 4 logical processors, using up to 4 threads
Optimize a model with 14030 rows, 4722 columns and 37696 nonzeros
Model fingerprint: 0xec252b2e
Variable types: 1236 continuous, 3486 integer (3239 binary)
Coefficient statistics:
  Matrix range     [1e-02, 9e+05]
  Objective range  [3e-03, 1e+00]
  Bounds range     [1e+00, 1e+00]
  RHS range        [1e+00, 2e+05]

MIP start from previous solve did not produce a new incumbent solution
MIP start from previous solve violates constraint circular by 1.000000000

Presolve removed 12094 rows and 2384 columns
Presolve time: 0.05s
Presolved: 1936 rows, 2338 columns, 11850 nonzeros
Variable types: 469 continuous, 1869 integer (1869 binary)
Found heuristic solution: objective -0.8589053

Root relaxation: objective -4.581616e+00, 1524 iterations, 0.03 seconds

    Nodes    |    Current Node    |     Objective Bounds      |     Work
 Expl Unexpl |  Obj  Depth IntInf | Incumbent    BestBd   Gap | It/Node Time

     0     0   -4.58162    0   50   -0.85891   -4.58162   433%     -    0s
H    0     0                      -0.9804688   -4.58162   367%     -    0s
     0     0   -4.18259    0   41   -0.98047   -4.18259   327%     -    0s
H    0     0                      -3.5854857   -4.18259  16.7%     -    0s
     0     0   -4.15059    0   74   -3.58549   -4.15059  15.8%     -    0s
     0     0   -4.09887    0  104   -3.58549   -4.09887  14.3%     -    0s
     0     0   -4.09887    0  104   -3.58549   -4.09887  14.3%     -    0s
     0     0   -4.08058    0   95   -3.58549   -4.08058  13.8%     -    0s
     0     0   -4.06150    0   98   -3.58549   -4.06150  13.3%     -    0s
     0     0   -4.06149    0  101   -3.58549   -4.06149  13.3%     -    0s
     0     0   -4.01737    0  100   -3.58549   -4.01737  12.0%     -    0s
     0     0   -4.01737    0  102   -3.58549   -4.01737  12.0%     -    0s
     0     0   -4.00511    0   93   -3.58549   -4.00511  11.7%     -    0s
     0     0   -4.00309    0  111   -3.58549   -4.00309  11.6%     -    0s
     0     0   -4.00133    0  104   -3.58549   -4.00133  11.6%     -    0s
     0     0   -4.00133    0  107   -3.58549   -4.00133  11.6%     -    0s
     0     0   -4.00133    0   87   -3.58549   -4.00133  11.6%     -    0s
     0     0   -3.99519    0   99   -3.58549   -3.99519  11.4%     -    0s
     0     0   -3.99519    0  106   -3.58549   -3.99519  11.4%     -    0s
     0     0   -3.99519    0  123   -3.58549   -3.99519  11.4%     -    0s
     0     0   -3.99519    0  121   -3.58549   -3.99519  11.4%     -    0s
     0     0   -3.99519    0  109   -3.58549   -3.99519  11.4%     -    0s
     0     0   -3.99519    0  109   -3.58549   -3.99519  11.4%     -    0s
     0     0   -3.99519    0  105   -3.58549   -3.99519  11.4%     -    0s
     0     0   -3.99519    0  108   -3.58549   -3.99519  11.4%     -    0s
     0     0   -3.99518    0  109   -3.58549   -3.99518  11.4%     -    0s
     0     0   -3.99518    0  109   -3.58549   -3.99518  11.4%     -    0s
H    0     0                      -3.5854858   -3.99518  11.4%     -    0s
     0     2   -3.99518    0  106   -3.58549   -3.99518  11.4%     -    0s
H   27    14                      -3.5854867   -3.93671  9.80%   167    1s

Cutting planes:
  Gomory: 7
  Cover: 2
  Implied bound: 58
  Clique: 1
  MIR: 7
  Flow cover: 36
  Zero half: 3
  RLT: 121
  Relax-and-lift: 2

Explored 294 nodes (17987 simplex iterations) in 1.88 seconds
Thread count was 4 (of 4 available processors)

Solution count 5: -3.58549 -3.58549 -3.58549 ... -0.858905

Optimal solution found (tolerance 5.00e-02)
Best objective -3.585486669209e+00, best bound -3.760290395991e+00, gap 4.8753%
Gurobi Optimizer version 9.1.1 build v9.1.1rc0 (linux64)
Thread count: 2 physical cores, 4 logical processors, using up to 4 threads
Optimize a model with 14031 rows, 4722 columns and 37701 nonzeros
Model fingerprint: 0xf6f4bcb7
Variable types: 1236 continuous, 3486 integer (3239 binary)
Coefficient statistics:
  Matrix range     [1e-02, 9e+05]
  Objective range  [3e-03, 1e+00]
  Bounds range     [1e+00, 1e+00]
  RHS range        [1e+00, 2e+05]

MIP start from previous solve did not produce a new incumbent solution
MIP start from previous solve violates constraint circular by 1.000000000

Presolve removed 12094 rows and 2384 columns
Presolve time: 0.05s
Presolved: 1937 rows, 2338 columns, 11863 nonzeros
Variable types: 469 continuous, 1869 integer (1869 binary)
Found heuristic solution: objective -0.8589053

Root relaxation: objective -4.581616e+00, 1329 iterations, 0.02 seconds

    Nodes    |    Current Node    |     Objective Bounds      |     Work
 Expl Unexpl |  Obj  Depth IntInf | Incumbent    BestBd   Gap | It/Node Time

     0     0   -4.58162    0   49   -0.85891   -4.58162   433%     -    0s
H    0     0                      -0.9804688   -4.58162   367%     -    0s
H    0     0                      -3.5854857   -4.58162  27.8%     -    0s
     0     0   -4.43488    0   81   -3.58549   -4.43488  23.7%     -    0s
     0     0   -4.18247    0   43   -3.58549   -4.18247  16.6%     -    0s
     0     0   -4.06842    0   73   -3.58549   -4.06842  13.5%     -    0s
     0     0   -4.06833    0   81   -3.58549   -4.06833  13.5%     -    0s
     0     0   -4.05055    0   84   -3.58549   -4.05055  13.0%     -    0s
     0     0   -4.05055    0   83   -3.58549   -4.05055  13.0%     -    0s
     0     0   -4.03451    0   93   -3.58549   -4.03451  12.5%     -    0s
     0     0   -4.03128    0   96   -3.58549   -4.03128  12.4%     -    0s
     0     0   -4.03030    0   94   -3.58549   -4.03030  12.4%     -    0s
     0     0   -4.02836    0   90   -3.58549   -4.02836  12.4%     -    0s
     0     0   -4.02705    0   93   -3.58549   -4.02705  12.3%     -    0s
     0     0   -4.02694    0   93   -3.58549   -4.02694  12.3%     -    0s
     0     0   -4.02638    0   93   -3.58549   -4.02638  12.3%     -    0s
     0     0   -4.02143    0   91   -3.58549   -4.02143  12.2%     -    0s
     0     0   -4.01877    0   97   -3.58549   -4.01877  12.1%     -    0s
     0     0   -4.01877    0   98   -3.58549   -4.01877  12.1%     -    0s
     0     0   -4.01758    0  101   -3.58549   -4.01758  12.1%     -    0s
     0     0   -4.01758    0  104   -3.58549   -4.01758  12.1%     -    0s
     0     0   -4.01521    0  100   -3.58549   -4.01521  12.0%     -    0s
H    0     0                      -3.5854866   -4.01521  12.0%     -    0s
     0     0   -4.01521    0  101   -3.58549   -4.01521  12.0%     -    0s
     0     0   -4.01445    0   99   -3.58549   -4.01445  12.0%     -    0s
     0     0   -4.01445    0  107   -3.58549   -4.01445  12.0%     -    0s
     0     0   -4.01445    0  101   -3.58549   -4.01445  12.0%     -    0s
     0     0   -4.01445    0   98   -3.58549   -4.01445  12.0%     -    0s
     0     2   -4.01445    0   96   -3.58549   -4.01445  12.0%     -    0s

Cutting planes:
  Gomory: 3
  Cover: 1
  Implied bound: 8
  Clique: 2
  MIR: 15
  Flow cover: 10
  Zero half: 1
  RLT: 68

Explored 66 nodes (10160 simplex iterations) in 1.29 seconds
Thread count was 4 (of 4 available processors)

Solution count 4: -3.58549 -3.58549 -0.980469 -0.858905 

Optimal solution found (tolerance 5.00e-02)
Warning: max integrality violation (1.2560e-03) exceeds tolerance
Best objective -3.585486610692e+00, best bound -3.739802486406e+00, gap 4.3039%

Gurobi 9.1.1 (linux64) logging started Tue Aug  3 19:08:42 2021

Changed value of parameter LogFile to /home/aniket/python_scripts/Plasmids-Optimization/exp/2021-06-14__iterative_MILP_edge_novelty/output/sample_5/1.1.1/nplasmids_1/MILP/m.log
   Prev:   Default: 
Changed value of parameter TimeLimit to 240.0
   Prev: inf  Min: 0.0  Max: inf  Default: inf
Changed value of parameter MIPGap to 0.05
   Prev: 0.0001  Min: 0.0  Max: inf  Default: 0.0001
Gurobi Optimizer version 9.1.1 build v9.1.1rc0 (linux64)
Thread count: 2 physical cores, 4 logical processors, using up to 4 threads
Optimize a model with 13408 rows, 4512 columns and 35914 nonzeros
Model fingerprint: 0x2a0954fb
Variable types: 1186 continuous, 3326 integer (3089 binary)
Coefficient statistics:
  Matrix range     [1e-02, 9e+05]
  Objective range  [3e-03, 1e+00]
  Bounds range     [1e+00, 1e+00]
  RHS range        [1e+00, 2e+05]
Presolve removed 11559 rows and 2283 columns
Presolve time: 0.05s
Presolved: 1849 rows, 2229 columns, 11595 nonzeros
Variable types: 449 continuous, 1780 integer (1780 binary)
Found heuristic solution: objective -0.0044335

Root relaxation: objective -2.927528e+00, 1381 iterations, 0.03 seconds

    Nodes    |    Current Node    |     Objective Bounds      |     Work
 Expl Unexpl |  Obj  Depth IntInf | Incumbent    BestBd   Gap | It/Node Time

     0     0   -2.92753    0   45   -0.00443   -2.92753      -     -    0s
H    0     0                      -0.9804688   -2.92753   199%     -    0s
H    0     0                      -1.1789060   -2.92753   148%     -    0s
     0     0   -2.86554    0   84   -1.17891   -2.86554   143%     -    0s
H    0     0                      -2.3264989   -2.86554  23.2%     -    0s
     0     0   -2.86050    0  111   -2.32650   -2.86050  23.0%     -    0s
     0     0   -2.73628    0  122   -2.32650   -2.73628  17.6%     -    0s
H    0     0                      -2.3264989   -2.73628  17.6%     -    0s
     0     0   -2.73628    0   82   -2.32650   -2.73628  17.6%     -    0s
     0     0   -2.73083    0   79   -2.32650   -2.73083  17.4%     -    0s
H    0     0                      -2.4092717   -2.73083  13.3%     -    0s
     0     0   -2.71316    0   47   -2.40927   -2.71316  12.6%     -    0s
     0     0   -2.70889    0   26   -2.40927   -2.70889  12.4%     -    0s
     0     0   -2.69282    0   90   -2.40927   -2.69282  11.8%     -    0s
     0     0   -2.68715    0   81   -2.40927   -2.68715  11.5%     -    0s
     0     0   -2.68143    0   83   -2.40927   -2.68143  11.3%     -    0s
     0     0   -2.68143    0   89   -2.40927   -2.68143  11.3%     -    0s
     0     0   -2.67668    0   62   -2.40927   -2.67668  11.1%     -    0s
     0     0   -2.67576    0   90   -2.40927   -2.67576  11.1%     -    0s
     0     0   -2.67435    0   85   -2.40927   -2.67435  11.0%     -    0s
     0     0   -2.67435    0   51   -2.40927   -2.67435  11.0%     -    0s
     0     0   -2.67350    0   78   -2.40927   -2.67350  11.0%     -    0s
H    0     0                      -2.4092720   -2.67350  11.0%     -    0s
     0     0   -2.67350    0   80   -2.40927   -2.67350  11.0%     -    0s
     0     0   -2.67350    0   83   -2.40927   -2.67350  11.0%     -    0s
     0     0   -2.67350    0   86   -2.40927   -2.67350  11.0%     -    0s
     0     0   -2.67350    0   76   -2.40927   -2.67350  11.0%     -    0s
     0     0   -2.67350    0   73   -2.40927   -2.67350  11.0%     -    0s
     0     2   -2.67350    0   71   -2.40927   -2.67350  11.0%     -    0s

Cutting planes:
  Learned: 2
  Cover: 1
  Implied bound: 12
  Clique: 2
  MIR: 4
  Flow cover: 11
  RLT: 72
  Relax-and-lift: 2

Explored 25 nodes (8908 simplex iterations) in 0.78 seconds
Thread count was 4 (of 4 available processors)

Solution count 7: -2.40927 -2.40927 -2.3265 ... -0.00443348

Optimal solution found (tolerance 5.00e-02)
Best objective -2.409271965352e+00, best bound -2.525039800870e+00, gap 4.8051%
Gurobi Optimizer version 9.1.1 build v9.1.1rc0 (linux64)
Thread count: 2 physical cores, 4 logical processors, using up to 4 threads
Optimize a model with 13409 rows, 4512 columns and 35918 nonzeros
Model fingerprint: 0x6349e947
Variable types: 1186 continuous, 3326 integer (3089 binary)
Coefficient statistics:
  Matrix range     [1e-02, 9e+05]
  Objective range  [3e-03, 1e+00]
  Bounds range     [1e+00, 1e+00]
  RHS range        [1e+00, 2e+05]

MIP start from previous solve did not produce a new incumbent solution
MIP start from previous solve violates constraint circular by 1.000000000

Presolve removed 11559 rows and 2283 columns
Presolve time: 0.05s
Presolved: 1850 rows, 2229 columns, 11600 nonzeros
Variable types: 449 continuous, 1780 integer (1780 binary)
Found heuristic solution: objective -0.0044335

Root relaxation: objective -2.927528e+00, 1357 iterations, 0.03 seconds

    Nodes    |    Current Node    |     Objective Bounds      |     Work
 Expl Unexpl |  Obj  Depth IntInf | Incumbent    BestBd   Gap | It/Node Time

     0     0   -2.92753    0   40   -0.00443   -2.92753      -     -    0s
H    0     0                      -0.9804688   -2.92753   199%     -    0s
H    0     0                      -2.3264989   -2.92753  25.8%     -    0s
     0     0   -2.73928    0   68   -2.32650   -2.73928  17.7%     -    0s
     0     0   -2.73928    0   68   -2.32650   -2.73928  17.7%     -    0s
     0     0   -2.73928    0   68   -2.32650   -2.73928  17.7%     -    0s
     0     0   -2.73928    0   68   -2.32650   -2.73928  17.7%     -    0s
     0     0   -2.73099    0   76   -2.32650   -2.73099  17.4%     -    0s
H    0     0                      -2.4092702   -2.73099  13.4%     -    0s
     0     0   -2.72930    0   44   -2.40927   -2.72930  13.3%     -    0s
     0     0   -2.70889    0   30   -2.40927   -2.70889  12.4%     -    0s
     0     0   -2.70889    0   23   -2.40927   -2.70889  12.4%     -    0s
     0     0   -2.70642    0   51   -2.40927   -2.70642  12.3%     -    0s
     0     0   -2.69391    0   49   -2.40927   -2.69391  11.8%     -    0s
     0     0   -2.68131    0   49   -2.40927   -2.68131  11.3%     -    0s
     0     0   -2.68131    0   53   -2.40927   -2.68131  11.3%     -    0s
     0     0   -2.67333    0   52   -2.40927   -2.67333  11.0%     -    0s
     0     0   -2.67223    0   50   -2.40927   -2.67223  10.9%     -    0s
     0     0   -2.66944    0   55   -2.40927   -2.66944  10.8%     -    0s
     0     0   -2.66559    0   53   -2.40927   -2.66559  10.6%     -    0s
     0     0   -2.66540    0   54   -2.40927   -2.66540  10.6%     -    0s
     0     0   -2.66540    0   54   -2.40927   -2.66540  10.6%     -    0s
     0     0   -2.66540    0   55   -2.40927   -2.66540  10.6%     -    0s
     0     0   -2.66540    0   58   -2.40927   -2.66540  10.6%     -    0s
     0     0   -2.66540    0   49   -2.40927   -2.66540  10.6%     -    0s
     0     0   -2.66540    0   49   -2.40927   -2.66540  10.6%     -    0s
     0     2   -2.66540    0   49   -2.40927   -2.66540  10.6%     -    0s
H   29     6                      -2.4092709   -2.66037  10.4%  77.1    1s

Cutting planes:
  Learned: 2
  Gomory: 9
  Cover: 1
  Implied bound: 5
  Clique: 2
  MIR: 9
  Flow cover: 47
  RLT: 55
  Relax-and-lift: 1

Explored 91 nodes (13521 simplex iterations) in 1.16 seconds
Thread count was 4 (of 4 available processors)

Solution count 5: -2.40927 -2.40927 -2.3265 ... -0.00443348

Optimal solution found (tolerance 5.00e-02)
Best objective -2.409270869931e+00, best bound -2.526762600987e+00, gap 4.8767%
Gurobi Optimizer version 9.1.1 build v9.1.1rc0 (linux64)
Thread count: 2 physical cores, 4 logical processors, using up to 4 threads
Optimize a model with 13410 rows, 4512 columns and 35922 nonzeros
Model fingerprint: 0x7301192b
Variable types: 1186 continuous, 3326 integer (3089 binary)
Coefficient statistics:
  Matrix range     [1e-02, 9e+05]
  Objective range  [3e-03, 1e+00]
  Bounds range     [1e+00, 1e+00]
  RHS range        [1e+00, 2e+05]

MIP start from previous solve did not produce a new incumbent solution
MIP start from previous solve violates constraint circular by 1.000000000

Presolve removed 11559 rows and 2283 columns
Presolve time: 0.05s
Presolved: 1851 rows, 2229 columns, 11605 nonzeros
Variable types: 449 continuous, 1780 integer (1780 binary)
Found heuristic solution: objective -0.0044335

Root relaxation: objective -2.927528e+00, 1191 iterations, 0.02 seconds

    Nodes    |    Current Node    |     Objective Bounds      |     Work
 Expl Unexpl |  Obj  Depth IntInf | Incumbent    BestBd   Gap | It/Node Time

     0     0   -2.92753    0   38   -0.00443   -2.92753      -     -    0s
H    0     0                      -0.9804688   -2.92753   199%     -    0s
H    0     0                      -2.2039652   -2.92753  32.8%     -    0s
     0     0   -2.73928    0   70   -2.20397   -2.73928  24.3%     -    0s
H    0     0                      -2.3264990   -2.73928  17.7%     -    0s
     0     0   -2.72930    0   37   -2.32650   -2.72930  17.3%     -    0s
H    0     0                      -2.3265008   -2.72930  17.3%     -    0s
     0     0   -2.72930    0   39   -2.32650   -2.72930  17.3%     -    0s
     0     0   -2.70673    0   49   -2.32650   -2.70673  16.3%     -    0s
     0     0   -2.70673    0   50   -2.32650   -2.70673  16.3%     -    0s
     0     0   -2.69843    0   43   -2.32650   -2.69843  16.0%     -    0s
     0     0   -2.69105    0   47   -2.32650   -2.69105  15.7%     -    0s
     0     0   -2.67493    0   54   -2.32650   -2.67493  15.0%     -    0s
     0     0   -2.67491    0   54   -2.32650   -2.67491  15.0%     -    0s
     0     0   -2.67004    0   86   -2.32650   -2.67004  14.8%     -    0s
     0     0   -2.67002    0   89   -2.32650   -2.67002  14.8%     -    0s
     0     0   -2.66951    0   91   -2.32650   -2.66951  14.7%     -    0s
     0     0   -2.66820    0   80   -2.32650   -2.66820  14.7%     -    0s
     0     0   -2.66764    0   84   -2.32650   -2.66764  14.7%     -    0s
H    0     0                      -2.4092702   -2.66764  10.7%     -    0s
     0     0   -2.66755    0   83   -2.40927   -2.66755  10.7%     -    0s
     0     0   -2.66629    0   53   -2.40927   -2.66629  10.7%     -    0s
     0     0   -2.66629    0   54   -2.40927   -2.66629  10.7%     -    0s
     0     0   -2.66629    0   55   -2.40927   -2.66629  10.7%     -    0s
     0     0   -2.66629    0   55   -2.40927   -2.66629  10.7%     -    0s
     0     0   -2.66629    0   53   -2.40927   -2.66629  10.7%     -    0s
     0     0   -2.66629    0   48   -2.40927   -2.66629  10.7%     -    0s
     0     2   -2.66629    0   48   -2.40927   -2.66629  10.7%     -    0s
H  100    16                      -2.4092704   -2.58730  7.39%  71.5    1s

Cutting planes:
  Learned: 2
  Gomory: 4
  Cover: 1
  Implied bound: 38
  Clique: 3
  MIR: 8
  Flow cover: 64
  RLT: 55
  Relax-and-lift: 5

Explored 121 nodes (15390 simplex iterations) in 1.15 seconds
Thread count was 4 (of 4 available processors)

Solution count 7: -2.40927 -2.40927 -2.3265 ... -0.00443348

Optimal solution found (tolerance 5.00e-02)
Best objective -2.409270437244e+00, best bound -2.517386338719e+00, gap 4.4875%
Gurobi Optimizer version 9.1.1 build v9.1.1rc0 (linux64)
Thread count: 2 physical cores, 4 logical processors, using up to 4 threads
Optimize a model with 13411 rows, 4512 columns and 35926 nonzeros
Model fingerprint: 0x9b7984b6
Variable types: 1186 continuous, 3326 integer (3089 binary)
Coefficient statistics:
  Matrix range     [1e-02, 9e+05]
  Objective range  [3e-03, 1e+00]
  Bounds range     [1e+00, 1e+00]
  RHS range        [1e+00, 2e+05]

MIP start from previous solve did not produce a new incumbent solution
MIP start from previous solve violates constraint circular by 1.000000000

Presolve removed 11559 rows and 2283 columns
Presolve time: 0.05s
Presolved: 1852 rows, 2229 columns, 11610 nonzeros
Variable types: 449 continuous, 1780 integer (1780 binary)
Found heuristic solution: objective -0.0044335

Root relaxation: objective -2.927528e+00, 1302 iterations, 0.02 seconds

    Nodes    |    Current Node    |     Objective Bounds      |     Work
 Expl Unexpl |  Obj  Depth IntInf | Incumbent    BestBd   Gap | It/Node Time

     0     0   -2.92753    0   45   -0.00443   -2.92753      -     -    0s
H    0     0                      -0.9804688   -2.92753   199%     -    0s
     0     0   -2.73298    0   79   -0.98047   -2.73298   179%     -    0s
H    0     0                      -2.4092695   -2.73298  13.4%     -    0s
     0     0   -2.73298    0   81   -2.40927   -2.73298  13.4%     -    0s
     0     0   -2.73289    0   83   -2.40927   -2.73289  13.4%     -    0s
H    0     0                      -2.4092722   -2.73289  13.4%     -    0s
     0     0   -2.73289    0   85   -2.40927   -2.73289  13.4%     -    0s
     0     0   -2.70889    0   24   -2.40927   -2.70889  12.4%     -    0s
     0     0   -2.70857    0   90   -2.40927   -2.70857  12.4%     -    0s
     0     0   -2.70614    0   81   -2.40927   -2.70614  12.3%     -    0s
     0     0   -2.70561    0   81   -2.40927   -2.70561  12.3%     -    0s
     0     0   -2.70479    0   84   -2.40927   -2.70479  12.3%     -    0s
     0     0   -2.70373    0   88   -2.40927   -2.70373  12.2%     -    0s
     0     0   -2.70143    0   89   -2.40927   -2.70143  12.1%     -    0s
     0     0   -2.70143    0   89   -2.40927   -2.70143  12.1%     -    0s
     0     0   -2.69922    0   90   -2.40927   -2.69922  12.0%     -    0s
     0     0   -2.69922    0   90   -2.40927   -2.69922  12.0%     -    0s
     0     0   -2.69825    0   87   -2.40927   -2.69825  12.0%     -    0s
     0     0   -2.69796    0   90   -2.40927   -2.69796  12.0%     -    0s
     0     0   -2.69708    0   90   -2.40927   -2.69708  11.9%     -    0s
     0     0   -2.69042    0   91   -2.40927   -2.69042  11.7%     -    0s
     0     0   -2.68943    0   89   -2.40927   -2.68943  11.6%     -    0s
     0     0   -2.68943    0   90   -2.40927   -2.68943  11.6%     -    0s
     0     0   -2.68917    0   92   -2.40927   -2.68917  11.6%     -    0s
     0     0   -2.68912    0   91   -2.40927   -2.68912  11.6%     -    0s
     0     0   -2.68858    0   91   -2.40927   -2.68858  11.6%     -    0s
     0     0   -2.68858    0   91   -2.40927   -2.68858  11.6%     -    0s
     0     0   -2.68827    0   94   -2.40927   -2.68827  11.6%     -    0s
     0     0   -2.68827    0   94   -2.40927   -2.68827  11.6%     -    0s
     0     0   -2.68781    0   91   -2.40927   -2.68781  11.6%     -    0s
     0     0   -2.68781    0   94   -2.40927   -2.68781  11.6%     -    0s
     0     0   -2.68781    0   97   -2.40927   -2.68781  11.6%     -    0s
     0     0   -2.68781    0   99   -2.40927   -2.68781  11.6%     -    0s
     0     0   -2.68781    0   97   -2.40927   -2.68781  11.6%     -    0s
     0     0   -2.68211    0   83   -2.40927   -2.68211  11.3%     -    0s
     0     2   -2.68211    0   82   -2.40927   -2.68211  11.3%     -    0s

Cutting planes:
  Learned: 2
  Gomory: 5
  Cover: 1
  Implied bound: 22
  Clique: 2
  MIR: 8
  Flow cover: 48
  RLT: 50

Explored 397 nodes (41577 simplex iterations) in 2.10 seconds
Thread count was 4 (of 4 available processors)

Solution count 4: -2.40927 -2.40927 -0.980469 -0.00443348 

Optimal solution found (tolerance 5.00e-02)
Best objective -2.409272214187e+00, best bound -2.521758653804e+00, gap 4.6689%

Gurobi 9.1.1 (linux64) logging started Tue Aug  3 19:08:48 2021

Changed value of parameter LogFile to /home/aniket/python_scripts/Plasmids-Optimization/exp/2021-06-14__iterative_MILP_edge_novelty/output/sample_5/1.1.1/nplasmids_1/MILP/m.log
   Prev:   Default: 
Changed value of parameter TimeLimit to 240.0
   Prev: inf  Min: 0.0  Max: inf  Default: inf
Changed value of parameter MIPGap to 0.05
   Prev: 0.0001  Min: 0.0  Max: inf  Default: 0.0001
Gurobi Optimizer version 9.1.1 build v9.1.1rc0 (linux64)
Thread count: 2 physical cores, 4 logical processors, using up to 4 threads
Optimize a model with 12842 rows, 4320 columns and 34374 nonzeros
Model fingerprint: 0x16dc522f
Variable types: 1136 continuous, 3184 integer (2957 binary)
Coefficient statistics:
  Matrix range     [1e-02, 9e+05]
  Objective range  [3e-03, 1e+00]
  Bounds range     [1e+00, 1e+00]
  RHS range        [1e+00, 2e+05]
Presolve removed 11078 rows and 2180 columns
Presolve time: 0.05s
Presolved: 1764 rows, 2140 columns, 11110 nonzeros
Variable types: 429 continuous, 1711 integer (1711 binary)
Found heuristic solution: objective -0.0044335

Root relaxation: objective -1.067399e+00, 866 iterations, 0.01 seconds

    Nodes    |    Current Node    |     Objective Bounds      |     Work
 Expl Unexpl |  Obj  Depth IntInf | Incumbent    BestBd   Gap | It/Node Time

     0     0   -1.06740    0   13   -0.00443   -1.06740      -     -    0s
H    0     0                      -0.8493976   -1.06740  25.7%     -    0s
H    0     0                      -0.9434701   -1.06740  13.1%     -    0s
     0     0   -1.06740    0   16   -0.94347   -1.06740  13.1%     -    0s
H    0     0                      -0.9434707   -1.06740  13.1%     -    0s
     0     0   -1.06342    0   20   -0.94347   -1.06342  12.7%     -    0s
     0     0   -1.04606    0   16   -0.94347   -1.04606  10.9%     -    0s
     0     0   -1.04606    0    9   -0.94347   -1.04606  10.9%     -    0s
     0     0   -1.03260    0   18   -0.94347   -1.03260  9.45%     -    0s
H    0     0                      -0.9434709   -1.03260  9.45%     -    0s
     0     0     cutoff    0        -0.94347   -0.94347  0.00%     -    0s

Cutting planes:
  Gomory: 2
  Implied bound: 1
  Flow cover: 2
  RLT: 3

Explored 1 nodes (3593 simplex iterations) in 0.31 seconds
Thread count was 4 (of 4 available processors)

Solution count 4: -0.943471 -0.943471 -0.849398 -0.00443348 

Optimal solution found (tolerance 5.00e-02)
Best objective -9.434708815401e-01, best bound -9.434708815401e-01, gap 0.0000%
Gurobi Optimizer version 9.1.1 build v9.1.1rc0 (linux64)
Thread count: 2 physical cores, 4 logical processors, using up to 4 threads
Optimize a model with 12843 rows, 4320 columns and 34377 nonzeros
Model fingerprint: 0x568dab44
Variable types: 1136 continuous, 3184 integer (2957 binary)
Coefficient statistics:
  Matrix range     [1e-02, 9e+05]
  Objective range  [3e-03, 1e+00]
  Bounds range     [1e+00, 1e+00]
  RHS range        [1e+00, 2e+05]

MIP start from previous solve did not produce a new incumbent solution
MIP start from previous solve violates constraint circular by 1.000000000

Presolve removed 11078 rows and 2180 columns
Presolve time: 0.05s
Presolved: 1765 rows, 2140 columns, 11121 nonzeros
Variable types: 429 continuous, 1711 integer (1711 binary)
Found heuristic solution: objective -0.0044335

Root relaxation: objective -1.067399e+00, 1470 iterations, 0.02 seconds

    Nodes    |    Current Node    |     Objective Bounds      |     Work
 Expl Unexpl |  Obj  Depth IntInf | Incumbent    BestBd   Gap | It/Node Time

     0     0   -1.06740    0   13   -0.00443   -1.06740      -     -    0s
H    0     0                      -0.8493976   -1.06740  25.7%     -    0s
     0     0   -1.06740    0   49   -0.84940   -1.06740  25.7%     -    0s
H    0     0                      -0.9434702   -1.06740  13.1%     -    0s
     0     0   -1.06740    0   13   -0.94347   -1.06740  13.1%     -    0s
     0     0   -1.06709    0   15   -0.94347   -1.06709  13.1%     -    0s
H    0     0                      -0.9434704   -1.06709  13.1%     -    0s
     0     0   -1.06233    0   17   -0.94347   -1.06233  12.6%     -    0s
     0     0   -1.06233    0    9   -0.94347   -1.06233  12.6%     -    0s
     0     0   -1.05143    0   16   -0.94347   -1.05143  11.4%     -    0s
     0     0   -1.04204    0   12   -0.94347   -1.04204  10.4%     -    0s
     0     0   -0.97875    0   10   -0.94347   -0.97875  3.74%     -    0s

Cutting planes:
  Gomory: 3
  Implied bound: 5
  MIR: 3
  Flow cover: 12
  RLT: 11
  Relax-and-lift: 1

Explored 1 nodes (5037 simplex iterations) in 0.46 seconds
Thread count was 4 (of 4 available processors)

Solution count 4: -0.94347 -0.94347 -0.849398 -0.00443348 

Optimal solution found (tolerance 5.00e-02)
Best objective -9.434703759292e-01, best bound -9.787493766274e-01, gap 3.7393%
Gurobi Optimizer version 9.1.1 build v9.1.1rc0 (linux64)
Thread count: 2 physical cores, 4 logical processors, using up to 4 threads
Optimize a model with 12844 rows, 4320 columns and 34380 nonzeros
Model fingerprint: 0x6dcb2765
Variable types: 1136 continuous, 3184 integer (2957 binary)
Coefficient statistics:
  Matrix range     [1e-02, 9e+05]
  Objective range  [3e-03, 1e+00]
  Bounds range     [1e+00, 1e+00]
  RHS range        [1e+00, 2e+05]

MIP start from previous solve did not produce a new incumbent solution
MIP start from previous solve violates constraint circular by 1.000000000

Presolve removed 11078 rows and 2180 columns
Presolve time: 0.05s
Presolved: 1766 rows, 2140 columns, 11132 nonzeros
Variable types: 429 continuous, 1711 integer (1711 binary)
Found heuristic solution: objective -0.0044335

Root relaxation: objective -1.067399e+00, 1235 iterations, 0.02 seconds

    Nodes    |    Current Node    |     Objective Bounds      |     Work
 Expl Unexpl |  Obj  Depth IntInf | Incumbent    BestBd   Gap | It/Node Time

     0     0   -1.06740    0   13   -0.00443   -1.06740      -     -    0s
H    0     0                      -0.8493976   -1.06740  25.7%     -    0s
     0     0   -1.06740    0   13   -0.84940   -1.06740  25.7%     -    0s
H    0     0                      -0.9434701   -1.06740  13.1%     -    0s
     0     0   -1.06740    0   13   -0.94347   -1.06740  13.1%     -    0s
     0     0   -1.06709    0   22   -0.94347   -1.06709  13.1%     -    0s
H    0     0                      -0.9434704   -1.06709  13.1%     -    0s
     0     0   -1.06387    0   22   -0.94347   -1.06387  12.8%     -    0s
     0     0   -1.06387    0    9   -0.94347   -1.06387  12.8%     -    0s
     0     0   -1.06387    0   11   -0.94347   -1.06387  12.8%     -    0s
     0     0   -1.04204    0   14   -0.94347   -1.04204  10.4%     -    0s
     0     0   -0.98113    0   12   -0.94347   -0.98113  3.99%     -    0s

Cutting planes:
  Gomory: 2
  Implied bound: 6
  MIR: 2
  Flow cover: 18
  RLT: 12
  Relax-and-lift: 2

Explored 1 nodes (5512 simplex iterations) in 0.40 seconds
Thread count was 4 (of 4 available processors)

Solution count 4: -0.94347 -0.94347 -0.849398 -0.00443348 

Optimal solution found (tolerance 5.00e-02)
Best objective -9.434704112377e-01, best bound -9.811275156728e-01, gap 3.9913%
Gurobi Optimizer version 9.1.1 build v9.1.1rc0 (linux64)
Thread count: 2 physical cores, 4 logical processors, using up to 4 threads
Optimize a model with 12845 rows, 4320 columns and 34383 nonzeros
Model fingerprint: 0x23599743
Variable types: 1136 continuous, 3184 integer (2957 binary)
Coefficient statistics:
  Matrix range     [1e-02, 9e+05]
  Objective range  [3e-03, 1e+00]
  Bounds range     [1e+00, 1e+00]
  RHS range        [1e+00, 2e+05]

MIP start from previous solve did not produce a new incumbent solution
MIP start from previous solve violates constraint circular by 1.000000000

Presolve removed 11078 rows and 2180 columns
Presolve time: 0.05s
Presolved: 1767 rows, 2140 columns, 11143 nonzeros
Variable types: 429 continuous, 1711 integer (1711 binary)
Found heuristic solution: objective -0.0044335

Root relaxation: objective -1.067399e+00, 1314 iterations, 0.02 seconds

    Nodes    |    Current Node    |     Objective Bounds      |     Work
 Expl Unexpl |  Obj  Depth IntInf | Incumbent    BestBd   Gap | It/Node Time

     0     0   -1.06740    0   13   -0.00443   -1.06740      -     -    0s
H    0     0                      -0.8493976   -1.06740  25.7%     -    0s
H    0     0                      -0.9434701   -1.06740  13.1%     -    0s
     0     0   -1.06740    0   15   -0.94347   -1.06740  13.1%     -    0s
H    0     0                      -0.9434702   -1.06740  13.1%     -    0s
     0     0   -1.06740    0   12   -0.94347   -1.06740  13.1%     -    0s
     0     0   -1.06740    0   11   -0.94347   -1.06740  13.1%     -    0s
H    0     0                      -0.9434702   -1.06740  13.1%     -    0s
     0     0   -1.06740    0   11   -0.94347   -1.06740  13.1%     -    0s
     0     0   -1.06342    0   17   -0.94347   -1.06342  12.7%     -    0s
     0     0   -1.04951    0   16   -0.94347   -1.04951  11.2%     -    0s
     0     0   -1.04951    0   16   -0.94347   -1.04951  11.2%     -    0s
     0     0   -1.02473    0   13   -0.94347   -1.02473  8.61%     -    0s
     0     0   -1.02473    0   10   -0.94347   -1.02473  8.61%     -    0s
     0     0   -1.02473    0   12   -0.94347   -1.02473  8.61%     -    0s
     0     0   -1.02473    0   12   -0.94347   -1.02473  8.61%     -    0s
     0     0   -1.01716    0   16   -0.94347   -1.01716  7.81%     -    0s
     0     0   -1.01716    0   16   -0.94347   -1.01716  7.81%     -    0s
     0     0   -1.01135    0   19   -0.94347   -1.01135  7.19%     -    0s
     0     0   -1.01135    0   18   -0.94347   -1.01135  7.19%     -    0s
     0     0   -1.01135    0   23   -0.94347   -1.01135  7.19%     -    0s
     0     0   -1.00408    0   25   -0.94347   -1.00408  6.42%     -    0s
     0     0   -1.00408    0   19   -0.94347   -1.00408  6.42%     -    0s
     0     0   -1.00408    0    9   -0.94347   -1.00408  6.42%     -    0s
H    0     0                      -0.9434703   -1.00408  6.42%     -    0s
     0     0   -1.00408    0   16   -0.94347   -1.00408  6.42%     -    0s
H    0     0                      -0.9434703   -1.00408  6.42%     -    0s
     0     0   -1.00408    0   19   -0.94347   -1.00408  6.42%     -    0s
     0     0   -0.98538    0   14   -0.94347   -0.98538  4.44%     -    0s

Cutting planes:
  Implied bound: 9
  MIR: 17
  Flow cover: 9
  RLT: 10

Explored 1 nodes (4358 simplex iterations) in 0.53 seconds
Thread count was 4 (of 4 available processors)

Solution count 7: -0.94347 -0.94347 -0.94347 ... -0.00443348

Optimal solution found (tolerance 5.00e-02)
Best objective -9.434703343631e-01, best bound -9.853805056566e-01, gap 4.4421%

Gurobi 9.1.1 (linux64) logging started Tue Aug  3 19:08:50 2021

Changed value of parameter LogFile to /home/aniket/python_scripts/Plasmids-Optimization/exp/2021-06-14__iterative_MILP_edge_novelty/output/sample_5/1.1.1/nplasmids_1/MILP/m.log
   Prev:   Default: 
Changed value of parameter TimeLimit to 240.0
   Prev: inf  Min: 0.0  Max: inf  Default: inf
Changed value of parameter MIPGap to 0.05
   Prev: 0.0001  Min: 0.0  Max: inf  Default: 0.0001
Gurobi Optimizer version 9.1.1 build v9.1.1rc0 (linux64)
Thread count: 2 physical cores, 4 logical processors, using up to 4 threads
Optimize a model with 12573 rows, 4229 columns and 33572 nonzeros
Model fingerprint: 0x3e821cbd
Variable types: 1116 continuous, 3113 integer (2890 binary)
Coefficient statistics:
  Matrix range     [1e-02, 9e+05]
  Objective range  [3e-03, 1e+00]
  Bounds range     [1e+00, 1e+00]
  RHS range        [1e+00, 2e+05]
Presolve removed 10845 rows and 2132 columns
Presolve time: 0.05s
Presolved: 1728 rows, 2097 columns, 10869 nonzeros
Variable types: 421 continuous, 1676 integer (1676 binary)
Found heuristic solution: objective -0.8493976

Root relaxation: objective -1.062965e+00, 1112 iterations, 0.02 seconds

    Nodes    |    Current Node    |     Objective Bounds      |     Work
 Expl Unexpl |  Obj  Depth IntInf | Incumbent    BestBd   Gap | It/Node Time

     0     0   -1.06297    0   82   -0.84940   -1.06297  25.1%     -    0s
     0     0   -1.06297    0  104   -0.84940   -1.06297  25.1%     -    0s
     0     0   -1.06297    0  104   -0.84940   -1.06297  25.1%     -    0s
     0     0   -1.06297    0   82   -0.84940   -1.06297  25.1%     -    0s
     0     0   -1.06297    0   83   -0.84940   -1.06297  25.1%     -    0s
     0     0   -1.06297    0   86   -0.84940   -1.06297  25.1%     -    0s
     0     0   -1.06297    0   84   -0.84940   -1.06297  25.1%     -    0s
     0     2   -1.06297    0   84   -0.84940   -1.06297  25.1%     -    0s

Cutting planes:
  Gomory: 4
  Implied bound: 87
  Flow cover: 4
  RLT: 53
  Relax-and-lift: 5

Explored 21 nodes (12386 simplex iterations) in 0.62 seconds
Thread count was 4 (of 4 available processors)

Solution count 1: -0.849398 

Optimal solution found (tolerance 5.00e-02)
Best objective -8.493975903614e-01, best bound -8.493975903614e-01, gap 0.0000%

Gurobi 9.1.1 (linux64) logging started Tue Aug  3 19:08:50 2021

Changed value of parameter LogFile to /home/aniket/python_scripts/Plasmids-Optimization/exp/2021-06-14__iterative_MILP_edge_novelty/output/sample_5/1.1.1/nplasmids_1/MILP/m.log
   Prev:   Default: 
Changed value of parameter TimeLimit to 240.0
   Prev: inf  Min: 0.0  Max: inf  Default: inf
Changed value of parameter MIPGap to 0.05
   Prev: 0.0001  Min: 0.0  Max: inf  Default: 0.0001
Gurobi Optimizer version 9.1.1 build v9.1.1rc0 (linux64)
Thread count: 2 physical cores, 4 logical processors, using up to 4 threads
Optimize a model with 12490 rows, 4201 columns and 33303 nonzeros
Model fingerprint: 0xfc77e187
Variable types: 1111 continuous, 3090 integer (2868 binary)
Coefficient statistics:
  Matrix range     [1e-02, 9e+05]
  Objective range  [3e-03, 1e+00]
  Bounds range     [1e+00, 1e+00]
  RHS range        [1e+00, 2e+05]
Presolve removed 10770 rows and 2118 columns
Presolve time: 0.05s
Presolved: 1720 rows, 2083 columns, 10804 nonzeros
Variable types: 419 continuous, 1664 integer (1664 binary)
Found heuristic solution: objective -0.8493976

Root relaxation: objective -1.062965e+00, 1398 iterations, 0.02 seconds

    Nodes    |    Current Node    |     Objective Bounds      |     Work
 Expl Unexpl |  Obj  Depth IntInf | Incumbent    BestBd   Gap | It/Node Time

     0     0   -1.06297    0   77   -0.84940   -1.06297  25.1%     -    0s
     0     0   -1.06297    0   94   -0.84940   -1.06297  25.1%     -    0s
     0     0   -1.06297    0   81   -0.84940   -1.06297  25.1%     -    0s
     0     0   -1.06297    0   81   -0.84940   -1.06297  25.1%     -    0s
     0     0   -1.06297    0   78   -0.84940   -1.06297  25.1%     -    0s
     0     0   -1.06297    0   79   -0.84940   -1.06297  25.1%     -    0s
     0     0   -1.06297    0   79   -0.84940   -1.06297  25.1%     -    0s
     0     2   -1.06297    0   78   -0.84940   -1.06297  25.1%     -    0s

Cutting planes:
  Gomory: 2
  Implied bound: 72
  Flow cover: 3
  RLT: 41
  Relax-and-lift: 7

Explored 34 nodes (11155 simplex iterations) in 0.63 seconds
Thread count was 4 (of 4 available processors)

Solution count 1: -0.849398 

Optimal solution found (tolerance 5.00e-02)
Best objective -8.493975903614e-01, best bound -8.493975903614e-01, gap 0.0000%

Gurobi 9.1.1 (linux64) logging started Tue Aug  3 19:08:51 2021

Changed value of parameter LogFile to /home/aniket/python_scripts/Plasmids-Optimization/exp/2021-06-14__iterative_MILP_edge_novelty/output/sample_5/1.1.1/nplasmids_1/MILP/m.log
   Prev:   Default: 
Changed value of parameter TimeLimit to 240.0
   Prev: inf  Min: 0.0  Max: inf  Default: inf
Changed value of parameter MIPGap to 0.05
   Prev: 0.0001  Min: 0.0  Max: inf  Default: 0.0001
Gurobi Optimizer version 9.1.1 build v9.1.1rc0 (linux64)
Thread count: 2 physical cores, 4 logical processors, using up to 4 threads
Optimize a model with 12407 rows, 4173 columns and 33034 nonzeros
Model fingerprint: 0x9de29b4f
Variable types: 1106 continuous, 3067 integer (2846 binary)
Coefficient statistics:
  Matrix range     [1e-02, 9e+05]
  Objective range  [3e-03, 1e+00]
  Bounds range     [1e+00, 1e+00]
  RHS range        [1e+00, 2e+05]
Presolve removed 10698 rows and 2104 columns
Presolve time: 0.05s
Presolved: 1709 rows, 2069 columns, 10721 nonzeros
Variable types: 417 continuous, 1652 integer (1652 binary)
Found heuristic solution: objective -0.8493976

Root relaxation: objective -1.062965e+00, 1426 iterations, 0.03 seconds

    Nodes    |    Current Node    |     Objective Bounds      |     Work
 Expl Unexpl |  Obj  Depth IntInf | Incumbent    BestBd   Gap | It/Node Time

     0     0   -1.06297    0   85   -0.84940   -1.06297  25.1%     -    0s
     0     0   -1.04821    0  128   -0.84940   -1.04821  23.4%     -    0s
     0     0   -1.04821    0  128   -0.84940   -1.04821  23.4%     -    0s
     0     0   -1.03345    0  106   -0.84940   -1.03345  21.7%     -    0s
     0     0   -1.03345    0   95   -0.84940   -1.03345  21.7%     -    0s
     0     0   -1.02976    0   94   -0.84940   -1.02976  21.2%     -    0s
     0     0   -1.02976    0  108   -0.84940   -1.02976  21.2%     -    0s
     0     0   -1.02976    0   95   -0.84940   -1.02976  21.2%     -    0s
     0     0   -1.02890    0   95   -0.84940   -1.02890  21.1%     -    0s
*    0     0               0      -0.8493976   -0.84940  0.00%     -    0s

Cutting planes:
  Gomory: 13
  Implied bound: 315
  MIR: 18
  Flow cover: 48
  RLT: 102
  Relax-and-lift: 70
  BQP: 12

Explored 1 nodes (7117 simplex iterations) in 0.47 seconds
Thread count was 4 (of 4 available processors)

Solution count 1: -0.849398 

Optimal solution found (tolerance 5.00e-02)
Warning: max constraint violation (4.5054e-06) exceeds tolerance
Warning: max bound violation (4.5054e-06) exceeds tolerance
Best objective -8.493976027346e-01, best bound -8.493976027346e-01, gap 0.0000%
Gurobi Optimizer version 9.1.1 build v9.1.1rc0 (linux64)
Thread count: 2 physical cores, 4 logical processors, using up to 4 threads
Optimize a model with 12408 rows, 4173 columns and 33035 nonzeros
Model fingerprint: 0xccc54280
Variable types: 1106 continuous, 3067 integer (2846 binary)
Coefficient statistics:
  Matrix range     [1e-02, 9e+05]
  Objective range  [3e-03, 1e+00]
  Bounds range     [1e+00, 1e+00]
  RHS range        [1e+00, 2e+05]

MIP start from previous solve produced solution with objective -0.849398 (0.00s)
Loaded MIP start from previous solve with objective -0.849398

Presolve removed 10699 rows and 2105 columns
Presolve time: 0.05s
Presolved: 1709 rows, 2068 columns, 10717 nonzeros
Variable types: 417 continuous, 1651 integer (1651 binary)

Root relaxation: objective -1.062965e+00, 1171 iterations, 0.02 seconds

    Nodes    |    Current Node    |     Objective Bounds      |     Work
 Expl Unexpl |  Obj  Depth IntInf | Incumbent    BestBd   Gap | It/Node Time

     0     0   -1.06297    0   84   -0.84940   -1.06297  25.1%     -    0s
     0     0   -1.06297    0   85   -0.84940   -1.06297  25.1%     -    0s
     0     0   -1.04169    0   89   -0.84940   -1.04169  22.6%     -    0s
     0     0   -1.04169    0   89   -0.84940   -1.04169  22.6%     -    0s
     0     0   -1.04169    0  103   -0.84940   -1.04169  22.6%     -    0s
     0     0   -1.04169    0  103   -0.84940   -1.04169  22.6%     -    0s
     0     0   -1.04169    0   97   -0.84940   -1.04169  22.6%     -    0s
     0     0   -1.04169    0  108   -0.84940   -1.04169  22.6%     -    0s
     0     0   -1.04169    0   89   -0.84940   -1.04169  22.6%     -    0s
     0     0   -1.04169    0   89   -0.84940   -1.04169  22.6%     -    0s
     0     2   -1.04169    0   88   -0.84940   -1.04169  22.6%     -    0s

Cutting planes:
  Gomory: 8
  Implied bound: 111
  MIR: 13
  Flow cover: 17
  RLT: 72
  Relax-and-lift: 11
  BQP: 12

Explored 17 nodes (12844 simplex iterations) in 0.67 seconds
Thread count was 4 (of 4 available processors)

Solution count 1: -0.849398 

Optimal solution found (tolerance 5.00e-02)
Best objective -8.493975903614e-01, best bound -8.493975903614e-01, gap 0.0000%

Gurobi 9.1.1 (linux64) logging started Tue Aug  3 19:08:53 2021

Changed value of parameter LogFile to /home/aniket/python_scripts/Plasmids-Optimization/exp/2021-06-14__iterative_MILP_edge_novelty/output/sample_5/1.1.1/nplasmids_1/MILP/m.log
   Prev:   Default: 
Changed value of parameter TimeLimit to 240.0
   Prev: inf  Min: 0.0  Max: inf  Default: inf
Changed value of parameter MIPGap to 0.05
   Prev: 0.0001  Min: 0.0  Max: inf  Default: 0.0001
Gurobi Optimizer version 9.1.1 build v9.1.1rc0 (linux64)
Thread count: 2 physical cores, 4 logical processors, using up to 4 threads
Optimize a model with 12324 rows, 4145 columns and 32765 nonzeros
Model fingerprint: 0x5106a0ba
Variable types: 1101 continuous, 3044 integer (2824 binary)
Coefficient statistics:
  Matrix range     [1e-02, 9e+05]
  Objective range  [3e-03, 1e+00]
  Bounds range     [1e+00, 1e+00]
  RHS range        [1e+00, 2e+05]
Presolve removed 10634 rows and 2090 columns
Presolve time: 0.05s
Presolved: 1690 rows, 2055 columns, 10655 nonzeros
Variable types: 415 continuous, 1640 integer (1640 binary)
Found heuristic solution: objective -0.2135678

Root relaxation: objective -3.203518e-01, 947 iterations, 0.02 seconds

    Nodes    |    Current Node    |     Objective Bounds      |     Work
 Expl Unexpl |  Obj  Depth IntInf | Incumbent    BestBd   Gap | It/Node Time

     0     0   -0.32035    0   18   -0.21357   -0.32035  50.0%     -    0s

Cutting planes:
  Gomory: 1
  Cover: 3
  Implied bound: 11
  Clique: 7
  MIR: 2
  Flow cover: 13

Explored 1 nodes (1960 simplex iterations) in 0.12 seconds
Thread count was 4 (of 4 available processors)

Solution count 1: -0.213568 

Optimal solution found (tolerance 5.00e-02)
Best objective -2.135678391960e-01, best bound -2.135678391960e-01, gap 0.0000%

Gurobi 9.1.1 (linux64) logging started Tue Aug  3 19:08:53 2021

Changed value of parameter LogFile to /home/aniket/python_scripts/Plasmids-Optimization/exp/2021-06-14__iterative_MILP_edge_novelty/output/sample_5/1.1.1/nplasmids_1/MILP/m.log
   Prev:   Default: 
Changed value of parameter TimeLimit to 240.0
   Prev: inf  Min: 0.0  Max: inf  Default: inf
Changed value of parameter MIPGap to 0.05
   Prev: 0.0001  Min: 0.0  Max: inf  Default: 0.0001
Gurobi Optimizer version 9.1.1 build v9.1.1rc0 (linux64)
Thread count: 2 physical cores, 4 logical processors, using up to 4 threads
Optimize a model with 12262 rows, 4124 columns and 32587 nonzeros
Model fingerprint: 0x4d7e79d8
Variable types: 1096 continuous, 3028 integer (2809 binary)
Coefficient statistics:
  Matrix range     [1e-02, 9e+05]
  Objective range  [3e-03, 1e+00]
  Bounds range     [1e+00, 1e+00]
  RHS range        [1e+00, 2e+05]
Presolve removed 10579 rows and 2076 columns
Presolve time: 0.04s
Presolved: 1683 rows, 2048 columns, 10619 nonzeros
Variable types: 413 continuous, 1635 integer (1635 binary)
Found heuristic solution: objective -0.2135678

Root relaxation: objective -3.203518e-01, 729 iterations, 0.02 seconds

    Nodes    |    Current Node    |     Objective Bounds      |     Work
 Expl Unexpl |  Obj  Depth IntInf | Incumbent    BestBd   Gap | It/Node Time

     0     0   -0.32035    0   19   -0.21357   -0.32035  50.0%     -    0s

Cutting planes:
  Gomory: 1
  Cover: 3
  Implied bound: 11
  Clique: 7
  MIR: 2
  Flow cover: 13

Explored 1 nodes (1663 simplex iterations) in 0.11 seconds
Thread count was 4 (of 4 available processors)

Solution count 1: -0.213568 

Optimal solution found (tolerance 5.00e-02)
Best objective -2.135678391960e-01, best bound -2.135678391960e-01, gap 0.0000%

Gurobi 9.1.1 (linux64) logging started Tue Aug  3 19:08:53 2021

Changed value of parameter LogFile to /home/aniket/python_scripts/Plasmids-Optimization/exp/2021-06-14__iterative_MILP_edge_novelty/output/sample_5/1.1.1/nplasmids_1/MILP/m.log
   Prev:   Default: 
Changed value of parameter TimeLimit to 240.0
   Prev: inf  Min: 0.0  Max: inf  Default: inf
Changed value of parameter MIPGap to 0.05
   Prev: 0.0001  Min: 0.0  Max: inf  Default: 0.0001
Gurobi Optimizer version 9.1.1 build v9.1.1rc0 (linux64)
Thread count: 2 physical cores, 4 logical processors, using up to 4 threads
Optimize a model with 12200 rows, 4103 columns and 32409 nonzeros
Model fingerprint: 0xc4092082
Variable types: 1091 continuous, 3012 integer (2794 binary)
Coefficient statistics:
  Matrix range     [1e-02, 9e+05]
  Objective range  [3e-03, 1e+00]
  Bounds range     [1e+00, 1e+00]
  RHS range        [1e+00, 2e+05]
Presolve removed 10524 rows and 2062 columns
Presolve time: 0.04s
Presolved: 1676 rows, 2041 columns, 10583 nonzeros
Variable types: 411 continuous, 1630 integer (1630 binary)
Found heuristic solution: objective -0.2135678

Root relaxation: objective -3.203518e-01, 656 iterations, 0.02 seconds

    Nodes    |    Current Node    |     Objective Bounds      |     Work
 Expl Unexpl |  Obj  Depth IntInf | Incumbent    BestBd   Gap | It/Node Time

     0     0 infeasible    0        -0.21357   -0.21357  0.00%     -    0s

Explored 0 nodes (1460 simplex iterations) in 0.09 seconds
Thread count was 4 (of 4 available processors)

Solution count 1: -0.213568 

Optimal solution found (tolerance 5.00e-02)
Best objective -2.135678391960e-01, best bound -2.135678391960e-01, gap 0.0000%

Gurobi 9.1.1 (linux64) logging started Tue Aug  3 19:08:53 2021

Changed value of parameter LogFile to /home/aniket/python_scripts/Plasmids-Optimization/exp/2021-06-14__iterative_MILP_edge_novelty/output/sample_5/1.1.1/nplasmids_1/MILP/m.log
   Prev:   Default: 
Changed value of parameter TimeLimit to 240.0
   Prev: inf  Min: 0.0  Max: inf  Default: inf
Changed value of parameter MIPGap to 0.05
   Prev: 0.0001  Min: 0.0  Max: inf  Default: 0.0001
Gurobi Optimizer version 9.1.1 build v9.1.1rc0 (linux64)
Thread count: 2 physical cores, 4 logical processors, using up to 4 threads
Optimize a model with 12138 rows, 4082 columns and 32231 nonzeros
Model fingerprint: 0x7490e0ba
Variable types: 1086 continuous, 2996 integer (2779 binary)
Coefficient statistics:
  Matrix range     [1e-02, 9e+05]
  Objective range  [3e-03, 1e+00]
  Bounds range     [1e+00, 1e+00]
  RHS range        [1e+00, 2e+05]
Presolve removed 10475 rows and 2050 columns
Presolve time: 0.04s
Presolved: 1663 rows, 2032 columns, 10528 nonzeros
Variable types: 408 continuous, 1624 integer (1624 binary)
Found heuristic solution: objective -0.2135678

Explored 0 nodes (0 simplex iterations) in 0.06 seconds
Thread count was 4 (of 4 available processors)

Solution count 1: -0.213568 

Optimal solution found (tolerance 5.00e-02)
Best objective -2.135678391960e-01, best bound -2.135678391960e-01, gap 0.0000%

Gurobi 9.1.1 (linux64) logging started Tue Aug  3 19:08:54 2021

Changed value of parameter LogFile to /home/aniket/python_scripts/Plasmids-Optimization/exp/2021-06-14__iterative_MILP_edge_novelty/output/sample_5/1.1.1/nplasmids_1/MILP/m.log
   Prev:   Default: 
Changed value of parameter TimeLimit to 240.0
   Prev: inf  Min: 0.0  Max: inf  Default: inf
Changed value of parameter MIPGap to 0.05
   Prev: 0.0001  Min: 0.0  Max: inf  Default: 0.0001
Gurobi Optimizer version 9.1.1 build v9.1.1rc0 (linux64)
Thread count: 2 physical cores, 4 logical processors, using up to 4 threads
Optimize a model with 12076 rows, 4061 columns and 32053 nonzeros
Model fingerprint: 0x9f0eb9f9
Variable types: 1081 continuous, 2980 integer (2764 binary)
Coefficient statistics:
  Matrix range     [1e-02, 9e+05]
  Objective range  [3e-03, 1e+00]
  Bounds range     [1e+00, 1e+00]
  RHS range        [1e+00, 2e+05]
Presolve removed 4690 rows and 686 columns
Presolve time: 0.00s

Explored 0 nodes (0 simplex iterations) in 0.00 seconds
Thread count was 1 (of 4 available processors)

Solution count 0

Model is infeasible
Best objective -, best bound -, gap -

Computing Irreducible Inconsistent Subsystem (IIS)...

           Constraints          |            Bounds           |  Runtime
      Min       Max     Guess   |   Min       Max     Guess   |
--------------------------------------------------------------------------
        0      9631         -         0      1297         -           0s
      434       434         -         0         0         -           1s

IIS computed: 434 constraints, 0 bounds
IIS runtime: 0.82 seconds
Warning: linear constraint 0 and linear constraint 1 have the same name "counted_length"
