Iteration 1
1	deque([(('74_1', 'h'), ('103_2', 't'))])
1	deque([(('104_2', 'h'), ('90_1', 't')), (('90_1', 'h'), ('50_0', 'h')), (('142_1', 'h'), ('50_0', 't')), (('142_1', 't'), ('104_2', 't'))])
1	deque([(('53_0', 'h'), ('36_2', 't')), (('36_2', 'h'), ('53_0', 't'))])
1	deque([(('70_0', 'h'), ('54_0', 'h')), (('82_0', 't'), ('70_0', 't')), (('82_0', 'h'), ('54_0', 't'))])
1	deque([(('74_0', 'h'), ('103_1', 't'))])
1	deque([(('82_1', 'h'), ('82_1', 't'))])

Chosen seed at iteration 1: 1
Chosen chr at iteration 1



Chosen seed at iteration 2: 2
Chosen chr at iteration 2



Chosen seed at iteration 3: 3
Chosen chr at iteration 3



Chosen seed at iteration 4: 4
Chosen chr at iteration 4



Chosen seed at iteration 5: 5
Chosen chr at iteration 5



Chosen seed at iteration 6: 6
Chosen chr at iteration 6


Iteration 1
1	deque([(('36_0', 'h'), ('53_1', 't')), (('53_1', 'h'), ('36_0', 't'))])
1	deque([(('78_2', 'h'), ('39_0', 't')), (('39_0', 'h'), ('78_2', 't'))])
1	deque([(('82_2', 'h'), ('54_1', 't')), (('82_2', 't'), ('70_1', 't')), (('70_1', 'h'), ('54_1', 'h'))])

Chosen seed at iteration 1: 1
Chosen chr at iteration 1



Chosen seed at iteration 2: 2
Chosen chr at iteration 2



Chosen seed at iteration 3: 3
Chosen chr at iteration 3


Iteration 4
4	deque([(('101_3', 't'), ('60_2', 't')), (('101_3', 'h'), ('79_0', 'h')), (('87_11', 't'), ('79_0', 't')), (('123_3', 'h'), ('87_11', 'h')), (('60_2', 'h'), ('123_3', 't'))])
4	deque([(('82_2', 'h'), ('82_2', 't'))])
4	deque([(('78_1', 'h'), ('39_1', 't')), (('39_1', 'h'), ('78_1', 't'))])
4	deque([(('36_0', 'h'), ('53_2', 't')), (('53_2', 'h'), ('36_0', 't'))])

Chosen seed at iteration 4: 1
Chosen chr at iteration 4



Chosen seed at iteration 5: 2
Chosen chr at iteration 5



Chosen seed at iteration 6: 3
Chosen chr at iteration 6



Chosen seed at iteration 7: 4
Chosen chr at iteration 7


Iteration 1
1	deque([(('122_2', 't'), ('87_7', 't')), (('124_0', 'h'), ('87_7', 'h')), (('59_0', 'h'), ('124_0', 't')), (('122_2', 'h'), ('59_0', 't'))])
1	deque([(('53_1', 'h'), ('36_3', 't')), (('36_3', 'h'), ('53_1', 't'))])
1	deque([(('39_0', 'h'), ('78_0', 't')), (('78_0', 'h'), ('39_0', 't'))])

Chosen seed at iteration 1: 1
Chosen chr at iteration 1



Chosen seed at iteration 2: 2
Chosen chr at iteration 2



Chosen seed at iteration 3: 3
Chosen chr at iteration 3


Iteration 4
4	deque([(('78_4', 'h'), ('39_0', 't')), (('39_0', 'h'), ('78_4', 't'))])
4	deque([(('59_0', 'h'), ('124_0', 't')), (('122_11', 'h'), ('59_0', 't')), (('122_11', 't'), ('87_15', 't')), (('124_0', 'h'), ('87_15', 'h'))])
4	deque([(('36_1', 'h'), ('53_1', 't')), (('53_1', 'h'), ('36_1', 't'))])

Chosen seed at iteration 4: 1
Chosen chr at iteration 4



Chosen seed at iteration 5: 2
Chosen chr at iteration 5



Chosen seed at iteration 6: 3
Chosen chr at iteration 6


Iteration 1
1	deque([(('140_6', 'h'), ('72_4', 't')), (('72_4', 'h'), ('22_0', 't')), (('22_0', 'h'), ('140_6', 't'))])

Chosen seed at iteration 1: 1
Chosen chr at iteration 1


Iteration 2
2	deque([(('72_9', 'h'), ('22_0', 't')), (('140_6', 'h'), ('72_9', 't')), (('22_0', 'h'), ('140_6', 't'))])

Chosen seed at iteration 2: 1
Chosen chr at iteration 2


Iteration 3
3	deque([(('140_5', 'h'), ('72_9', 't')), (('22_0', 'h'), ('140_5', 't')), (('72_9', 'h'), ('22_0', 't'))])

Chosen seed at iteration 3: 1
Chosen chr at iteration 3


Iteration 4
4	deque([(('140_0', 'h'), ('72_1', 't')), (('72_1', 'h'), ('22_0', 't')), (('22_0', 'h'), ('140_0', 't'))])

Chosen seed at iteration 4: 1
Chosen chr at iteration 4


Iteration 1
1	deque([(('122_2', 't'), ('87_9', 't')), (('124_4', 'h'), ('87_9', 'h')), (('124_4', 't'), ('62_0', 't')), (('122_2', 'h'), ('62_0', 'h'))])

Chosen seed at iteration 1: 1
Chosen chr at iteration 1


Iteration 2
2	deque([(('124_2', 'h'), ('87_19', 'h')), (('124_2', 't'), ('62_0', 't')), (('122_13', 'h'), ('62_0', 'h')), (('122_13', 't'), ('87_19', 't'))])

Chosen seed at iteration 2: 1
Chosen chr at iteration 2


Iteration 3
Iteration 1
1	deque([(('124_4', 'h'), ('87_9', 'h')), (('122_16', 't'), ('87_9', 't')), (('122_16', 'h'), ('62_0', 'h')), (('124_4', 't'), ('62_0', 't'))])

Chosen seed at iteration 1: 1
Chosen chr at iteration 1


Iteration 2
2	deque([(('122_4', 't'), ('87_2', 't')), (('124_1', 'h'), ('87_2', 'h')), (('124_1', 't'), ('62_0', 't')), (('122_4', 'h'), ('62_0', 'h'))])

Chosen seed at iteration 2: 1
Chosen chr at iteration 2


Iteration 3
3	deque([(('122_5', 't'), ('87_2', 't')), (('122_5', 'h'), ('62_0', 'h')), (('124_2', 't'), ('62_0', 't')), (('124_2', 'h'), ('87_2', 'h'))])

Chosen seed at iteration 3: 1
Chosen chr at iteration 3


Iteration 4
4	deque([(('122_18', 'h'), ('62_0', 'h')), (('124_2', 't'), ('62_0', 't')), (('124_2', 'h'), ('87_9', 'h')), (('122_18', 't'), ('87_9', 't'))])

Chosen seed at iteration 4: 1
Chosen chr at iteration 4


Iteration 1
1	deque([(('122_16', 't'), ('87_10', 't')), (('122_16', 'h'), ('63_0', 't')), (('63_0', 'h'), ('125_0', 't')), (('125_0', 'h'), ('87_10', 'h'))])

Chosen seed at iteration 1: 1
Chosen chr at iteration 1


Iteration 2
Iteration 1
Iteration 1
Iteration 1
Iteration 1
Iteration 1
Iteration 1
Iteration 1
Iteration 1
Iteration 1
Iteration 1
Iteration 1
Iteration 1
Iteration 1
Iteration 1
Iteration 1
Iteration 1
Iteration 1
Iteration 1
Iteration 1
Iteration 1
Iteration 1
Iteration 1
Iteration 1
Iteration 1
Iteration 1
Iteration 1
Iteration 1
Iteration 1
Iteration 1
Iteration 1
Iteration 1
Iteration 1
Iteration 1
Iteration 1
Iteration 1
Iteration 1
