Iteration 1
Iteration 1
1	deque([(('16', 'h'), ('16', 't')), (('16', 'h'), ('16', 't'))])

Chosen seed at iteration 1: 1
Chosen chr at iteration 1
Iteration 2
Iteration 1
1	deque([(('16', 'h'), ('16', 't')), (('16', 'h'), ('16', 't'))])

Chosen seed at iteration 1: 1
Chosen chr at iteration 1
Iteration 2
Iteration 1
1	deque([(('16', 'h'), ('16', 't')), (('16', 'h'), ('16', 't'))])

Chosen seed at iteration 1: 1
Chosen chr at iteration 1
Iteration 2
Iteration 1
1	deque([(('16', 'h'), ('16', 't')), (('16', 'h'), ('16', 't'))])

Chosen seed at iteration 1: 1
Chosen chr at iteration 1
Iteration 2
Iteration 1
1	deque([(('16', 'h'), ('16', 't')), (('16', 'h'), ('16', 't'))])

Chosen seed at iteration 1: 1
Chosen chr at iteration 1
Iteration 2
Iteration 1
1	deque([(('16', 'h'), ('16', 't')), (('16', 'h'), ('16', 't'))])

Chosen seed at iteration 1: 1
Chosen chr at iteration 1
Iteration 2
Iteration 1
1	deque([(('16', 'h'), ('16', 't')), (('16', 'h'), ('16', 't'))])

Chosen seed at iteration 1: 1
Chosen chr at iteration 1
Iteration 2
Iteration 1
1	deque([(('16', 'h'), ('16', 't')), (('16', 'h'), ('16', 't'))])

Chosen seed at iteration 1: 1
Chosen chr at iteration 1
Iteration 2
Iteration 1
1	deque([(('16', 'h'), ('16', 't')), (('16', 'h'), ('16', 't'))])

Chosen seed at iteration 1: 1
Chosen chr at iteration 1
Iteration 2
Iteration 1
1	deque([(('16', 'h'), ('16', 't')), (('16', 'h'), ('16', 't'))])

Chosen seed at iteration 1: 1
Chosen chr at iteration 1
Iteration 2
Iteration 1
1	deque([(('16', 'h'), ('16', 't')), (('16', 'h'), ('16', 't'))])

Chosen seed at iteration 1: 1
Chosen chr at iteration 1
Iteration 2
Iteration 1
1	deque([(('16', 'h'), ('16', 't')), (('16', 'h'), ('16', 't'))])

Chosen seed at iteration 1: 1
Chosen chr at iteration 1
Iteration 2
Iteration 1
1	deque([(('16', 'h'), ('16', 't')), (('16', 'h'), ('16', 't'))])

Chosen seed at iteration 1: 1
Chosen chr at iteration 1
Iteration 2
Iteration 1
1	deque([(('16', 'h'), ('16', 't')), (('16', 'h'), ('16', 't'))])

Chosen seed at iteration 1: 1
Chosen chr at iteration 1
Iteration 2
Iteration 1
1	deque([(('16', 'h'), ('16', 't')), (('16', 'h'), ('16', 't'))])

Chosen seed at iteration 1: 1
Chosen chr at iteration 1
Iteration 2
Iteration 1
1	deque([(('16', 'h'), ('16', 't')), (('16', 'h'), ('16', 't'))])

Chosen seed at iteration 1: 1
Chosen chr at iteration 1
Iteration 2
Iteration 1
1	deque([(('16', 'h'), ('16', 't')), (('16', 'h'), ('16', 't'))])

Chosen seed at iteration 1: 1
Chosen chr at iteration 1
Iteration 2
Iteration 1
1	deque([(('16', 'h'), ('16', 't')), (('16', 'h'), ('16', 't'))])

Chosen seed at iteration 1: 1
Chosen chr at iteration 1
Iteration 2
Iteration 1
1	deque([(('16', 'h'), ('16', 't')), (('16', 'h'), ('16', 't'))])

Chosen seed at iteration 1: 1
Chosen chr at iteration 1
Iteration 2
Iteration 1
1	deque([(('16', 'h'), ('16', 't')), (('16', 'h'), ('16', 't'))])

Chosen seed at iteration 1: 1
Chosen chr at iteration 1
Iteration 2
Iteration 1
1	deque([(('16', 'h'), ('16', 't')), (('16', 'h'), ('16', 't'))])

Chosen seed at iteration 1: 1
Chosen chr at iteration 1
Iteration 2
Iteration 1
1	deque([(('16', 'h'), ('16', 't')), (('16', 'h'), ('16', 't'))])

Chosen seed at iteration 1: 1
Chosen chr at iteration 1
Iteration 2
Iteration 1
1	deque([(('16', 'h'), ('16', 't')), (('16', 'h'), ('16', 't'))])

Chosen seed at iteration 1: 1
Chosen chr at iteration 1
Iteration 2
Iteration 1
1	deque([(('16', 'h'), ('16', 't')), (('16', 'h'), ('16', 't'))])

Chosen seed at iteration 1: 1
Chosen chr at iteration 1
Iteration 2
Iteration 1
1	deque([(('16', 'h'), ('16', 't')), (('16', 'h'), ('16', 't'))])

Chosen seed at iteration 1: 1
Chosen chr at iteration 1
Iteration 2
Iteration 1
1	deque([(('16', 'h'), ('16', 't')), (('16', 'h'), ('16', 't'))])

Chosen seed at iteration 1: 1
Chosen chr at iteration 1
Iteration 2
Iteration 1
1	deque([(('16', 'h'), ('16', 't')), (('16', 'h'), ('16', 't'))])

Chosen seed at iteration 1: 1
Chosen chr at iteration 1
Iteration 2
Iteration 1
1	deque([(('16', 'h'), ('16', 't')), (('16', 'h'), ('16', 't'))])

Chosen seed at iteration 1: 1
Chosen chr at iteration 1
Iteration 2
Iteration 1
1	deque([(('16', 'h'), ('16', 't')), (('16', 'h'), ('16', 't'))])

Chosen seed at iteration 1: 1
Chosen chr at iteration 1
Iteration 2
Iteration 1
1	deque([(('16', 'h'), ('16', 't')), (('16', 'h'), ('16', 't'))])

Chosen seed at iteration 1: 1
Chosen chr at iteration 1
Iteration 2
Iteration 1
1	deque([(('16', 'h'), ('16', 't')), (('16', 'h'), ('16', 't'))])

Chosen seed at iteration 1: 1
Chosen chr at iteration 1
Iteration 2
Iteration 1
1	deque([(('16', 'h'), ('16', 't')), (('16', 'h'), ('16', 't'))])

Chosen seed at iteration 1: 1
Chosen chr at iteration 1
Iteration 2
Iteration 1
1	deque([(('16', 'h'), ('16', 't')), (('16', 'h'), ('16', 't'))])

Chosen seed at iteration 1: 1
Chosen chr at iteration 1
Iteration 2
Iteration 1
1	deque([(('16', 'h'), ('16', 't')), (('16', 'h'), ('16', 't'))])

Chosen seed at iteration 1: 1
Chosen chr at iteration 1
Iteration 2
2	deque([(('75', 'h'), ('29', 'h')), (('29', 't'), ('96', 'h')), (('96', 't'), ('92', 't')), (('92', 'h'), ('138', 'h')), (('138', 't'), ('131', 't')), (('131', 'h'), ('148', 'h')), (('148', 't'), ('14', 't')), (('14', 'h'), ('201', 't')), (('201', 'h'), ('99', 't')), (('99', 'h'), ('136', 't')), (('136', 'h'), ('133', 't')), (('133', 'h'), ('172', 'h')), (('172', 't'), ('36', 'h')), (('36', 't'), ('72', 'h')), (('72', 't'), ('26', 't')), (('26', 'h'), ('221', 't')), (('221', 'h'), ('85', 'h')), (('85', 't'), ('190', 'h')), (('190', 't'), ('15', 'h')), (('15', 't'), ('75', 't'))])

Chosen seed at iteration 2: 1
Chosen chr at iteration 2
Iteration 3
3	deque([(('75', 'h'), ('29', 'h')), (('29', 't'), ('96', 'h')), (('96', 't'), ('92', 't')), (('92', 'h'), ('138', 'h')), (('138', 't'), ('132', 'h')), (('132', 't'), ('148', 'h')), (('148', 't'), ('14', 't')), (('14', 'h'), ('201', 't')), (('201', 'h'), ('99', 't')), (('99', 'h'), ('136', 't')), (('136', 'h'), ('133', 't')), (('133', 'h'), ('172', 'h')), (('172', 't'), ('36', 'h')), (('36', 't'), ('72', 'h')), (('72', 't'), ('26', 't')), (('26', 'h'), ('221', 't')), (('221', 'h'), ('85', 'h')), (('85', 't'), ('190', 'h')), (('190', 't'), ('15', 'h')), (('15', 't'), ('75', 't'))])

Chosen seed at iteration 3: 1
Chosen chr at iteration 3
Iteration 4
4	deque([(('75', 'h'), ('29', 'h')), (('29', 't'), ('96', 'h')), (('96', 't'), ('92', 't')), (('92', 'h'), ('138', 'h')), (('138', 't'), ('131', 't')), (('131', 'h'), ('148', 'h')), (('148', 't'), ('14', 't')), (('14', 'h'), ('201', 't')), (('201', 'h'), ('99', 't')), (('99', 'h'), ('135', 't')), (('135', 'h'), ('133', 't')), (('133', 'h'), ('172', 'h')), (('172', 't'), ('36', 'h')), (('36', 't'), ('72', 'h')), (('72', 't'), ('26', 't')), (('26', 'h'), ('221', 't')), (('221', 'h'), ('85', 'h')), (('85', 't'), ('190', 'h')), (('190', 't'), ('15', 'h')), (('15', 't'), ('75', 't'))])

Chosen seed at iteration 4: 1
Chosen chr at iteration 4
Iteration 5
5	deque([(('75', 'h'), ('29', 'h')), (('29', 't'), ('96', 'h')), (('96', 't'), ('92', 't')), (('92', 'h'), ('138', 'h')), (('138', 't'), ('132', 'h')), (('132', 't'), ('148', 'h')), (('148', 't'), ('14', 't')), (('14', 'h'), ('201', 't')), (('201', 'h'), ('99', 't')), (('99', 'h'), ('135', 't')), (('135', 'h'), ('133', 't')), (('133', 'h'), ('172', 'h')), (('172', 't'), ('36', 'h')), (('36', 't'), ('72', 'h')), (('72', 't'), ('26', 't')), (('26', 'h'), ('221', 't')), (('221', 'h'), ('85', 'h')), (('85', 't'), ('190', 'h')), (('190', 't'), ('15', 'h')), (('15', 't'), ('75', 't'))])

Chosen seed at iteration 5: 1
Chosen chr at iteration 5
Iteration 6
6	deque([(('75', 'h'), ('29', 'h')), (('29', 't'), ('96', 'h')), (('96', 't'), ('93', 't')), (('93', 'h'), ('138', 'h')), (('138', 't'), ('131', 't')), (('131', 'h'), ('148', 'h')), (('148', 't'), ('14', 't')), (('14', 'h'), ('201', 't')), (('201', 'h'), ('99', 't')), (('99', 'h'), ('136', 't')), (('136', 'h'), ('133', 't')), (('133', 'h'), ('172', 'h')), (('172', 't'), ('36', 'h')), (('36', 't'), ('72', 'h')), (('72', 't'), ('26', 't')), (('26', 'h'), ('221', 't')), (('221', 'h'), ('85', 'h')), (('85', 't'), ('190', 'h')), (('190', 't'), ('15', 'h')), (('15', 't'), ('75', 't'))])

Chosen seed at iteration 6: 1
Chosen chr at iteration 6
Iteration 7
7	deque([(('75', 'h'), ('29', 'h')), (('29', 't'), ('96', 'h')), (('96', 't'), ('93', 't')), (('93', 'h'), ('138', 'h')), (('138', 't'), ('132', 'h')), (('132', 't'), ('148', 'h')), (('148', 't'), ('14', 't')), (('14', 'h'), ('201', 't')), (('201', 'h'), ('99', 't')), (('99', 'h'), ('136', 't')), (('136', 'h'), ('133', 't')), (('133', 'h'), ('172', 'h')), (('172', 't'), ('36', 'h')), (('36', 't'), ('72', 'h')), (('72', 't'), ('26', 't')), (('26', 'h'), ('221', 't')), (('221', 'h'), ('85', 'h')), (('85', 't'), ('190', 'h')), (('190', 't'), ('15', 'h')), (('15', 't'), ('75', 't'))])

Chosen seed at iteration 7: 1
Chosen chr at iteration 7
Iteration 8
8	deque([(('75', 'h'), ('29', 'h')), (('29', 't'), ('96', 'h')), (('96', 't'), ('93', 't')), (('93', 'h'), ('138', 'h')), (('138', 't'), ('131', 't')), (('131', 'h'), ('148', 'h')), (('148', 't'), ('14', 't')), (('14', 'h'), ('201', 't')), (('201', 'h'), ('99', 't')), (('99', 'h'), ('135', 't')), (('135', 'h'), ('133', 't')), (('133', 'h'), ('172', 'h')), (('172', 't'), ('36', 'h')), (('36', 't'), ('72', 'h')), (('72', 't'), ('26', 't')), (('26', 'h'), ('221', 't')), (('221', 'h'), ('85', 'h')), (('85', 't'), ('190', 'h')), (('190', 't'), ('15', 'h')), (('15', 't'), ('75', 't'))])

Chosen seed at iteration 8: 1
Chosen chr at iteration 8
Iteration 9
9	deque([(('75', 'h'), ('29', 'h')), (('29', 't'), ('96', 'h')), (('96', 't'), ('93', 't')), (('93', 'h'), ('138', 'h')), (('138', 't'), ('132', 'h')), (('132', 't'), ('148', 'h')), (('148', 't'), ('14', 't')), (('14', 'h'), ('201', 't')), (('201', 'h'), ('99', 't')), (('99', 'h'), ('135', 't')), (('135', 'h'), ('133', 't')), (('133', 'h'), ('172', 'h')), (('172', 't'), ('36', 'h')), (('36', 't'), ('72', 'h')), (('72', 't'), ('26', 't')), (('26', 'h'), ('221', 't')), (('221', 'h'), ('85', 'h')), (('85', 't'), ('190', 'h')), (('190', 't'), ('15', 'h')), (('15', 't'), ('75', 't'))])

Chosen seed at iteration 9: 1
Chosen chr at iteration 9
Iteration 10
Iteration 1
1	deque([(('16', 'h'), ('16', 't')), (('16', 'h'), ('16', 't'))])

Chosen seed at iteration 1: 1
Chosen chr at iteration 1
Iteration 2
2	deque([(('85', 'h'), ('214', 't')), (('214', 'h'), ('20', 't')), (('20', 'h'), ('190', 't')), (('190', 'h'), ('85', 't'))])
2	deque([(('49', 'h'), ('53', 't')), (('53', 'h'), ('49', 't'))])

Chosen seed at iteration 2: 1
Chosen chr at iteration 2
Iteration 3
3	deque([(('49', 'h'), ('53', 't')), (('53', 'h'), ('49', 't'))])

Chosen seed at iteration 3: 1
Chosen chr at iteration 3
Iteration 4
4	deque([(('122', 'h'), ('103', 't')), (('103', 'h'), ('154', 'h')), (('154', 't'), ('74', 't')), (('74', 'h'), ('57', 't')), (('57', 'h'), ('9', 'h')), (('9', 't'), ('105', 'h')), (('105', 't'), ('113', 'h')), (('113', 't'), ('153', 'h')), (('153', 't'), ('118', 'h')), (('118', 't'), ('89', 'h')), (('89', 't'), ('11', 't')), (('11', 'h'), ('76', 't')), (('76', 'h'), ('203', 'h')), (('203', 't'), ('134', 'h')), (('134', 't'), ('182', 't')), (('182', 'h'), ('183', 't')), (('183', 'h'), ('123', 'h')), (('123', 't'), ('217', 't')), (('217', 'h'), ('100', 'h')), (('100', 't'), ('224', 'h')), (('224', 't'), ('227', 'h')), (('227', 't'), ('88', 'h')), (('88', 't'), ('147', 'h')), (('147', 't'), ('180', 'h')), (('180', 't'), ('169', 'h')), (('169', 't'), ('213', 'h')), (('213', 't'), ('34', 't')), (('34', 'h'), ('70', 'h')), (('70', 't'), ('108', 't')), (('108', 'h'), ('51', 't')), (('51', 'h'), ('46', 't')), (('46', 'h'), ('126', 't')), (('126', 'h'), ('139', 't')), (('139', 'h'), ('81', 'h')), (('81', 't'), ('146', 't')), (('146', 'h'), ('94', 't')), (('94', 'h'), ('111', 't')), (('111', 'h'), ('77', 'h')), (('77', 't'), ('90', 't')), (('90', 'h'), ('119', 't')), (('119', 'h'), ('122', 't'))])

Chosen seed at iteration 4: 1
Chosen chr at iteration 4
Iteration 5
5	deque([(('122', 'h'), ('103', 't')), (('103', 'h'), ('154', 'h')), (('154', 't'), ('74', 't')), (('74', 'h'), ('57', 't')), (('57', 'h'), ('9', 'h')), (('9', 't'), ('105', 'h')), (('105', 't'), ('113', 'h')), (('113', 't'), ('153', 'h')), (('153', 't'), ('118', 'h')), (('118', 't'), ('89', 'h')), (('89', 't'), ('11', 't')), (('11', 'h'), ('76', 't')), (('76', 'h'), ('203', 'h')), (('203', 't'), ('134', 'h')), (('134', 't'), ('182', 't')), (('182', 'h'), ('183', 't')), (('183', 'h'), ('123', 'h')), (('123', 't'), ('217', 't')), (('217', 'h'), ('100', 'h')), (('100', 't'), ('224', 'h')), (('224', 't'), ('227', 'h')), (('227', 't'), ('88', 'h')), (('88', 't'), ('147', 'h')), (('147', 't'), ('180', 'h')), (('180', 't'), ('169', 'h')), (('169', 't'), ('213', 'h')), (('213', 't'), ('34', 't')), (('34', 'h'), ('70', 'h')), (('70', 't'), ('108', 't')), (('108', 'h'), ('51', 't')), (('51', 'h'), ('46', 't')), (('46', 'h'), ('127', 't')), (('127', 'h'), ('139', 't')), (('139', 'h'), ('81', 'h')), (('81', 't'), ('146', 't')), (('146', 'h'), ('94', 't')), (('94', 'h'), ('111', 't')), (('111', 'h'), ('77', 'h')), (('77', 't'), ('90', 't')), (('90', 'h'), ('119', 't')), (('119', 'h'), ('122', 't'))])

Chosen seed at iteration 5: 1
Chosen chr at iteration 5
Iteration 6
6	deque([(('122', 'h'), ('103', 't')), (('103', 'h'), ('154', 'h')), (('154', 't'), ('74', 't')), (('74', 'h'), ('57', 't')), (('57', 'h'), ('9', 'h')), (('9', 't'), ('105', 'h')), (('105', 't'), ('113', 'h')), (('113', 't'), ('153', 'h')), (('153', 't'), ('118', 'h')), (('118', 't'), ('89', 'h')), (('89', 't'), ('11', 't')), (('11', 'h'), ('76', 't')), (('76', 'h'), ('203', 'h')), (('203', 't'), ('134', 'h')), (('134', 't'), ('182', 't')), (('182', 'h'), ('183', 't')), (('183', 'h'), ('123', 'h')), (('123', 't'), ('217', 't')), (('217', 'h'), ('100', 'h')), (('100', 't'), ('223', 't')), (('223', 'h'), ('227', 'h')), (('227', 't'), ('88', 'h')), (('88', 't'), ('147', 'h')), (('147', 't'), ('180', 'h')), (('180', 't'), ('169', 'h')), (('169', 't'), ('213', 'h')), (('213', 't'), ('34', 't')), (('34', 'h'), ('70', 'h')), (('70', 't'), ('108', 't')), (('108', 'h'), ('51', 't')), (('51', 'h'), ('46', 't')), (('46', 'h'), ('126', 't')), (('126', 'h'), ('139', 't')), (('139', 'h'), ('81', 'h')), (('81', 't'), ('146', 't')), (('146', 'h'), ('94', 't')), (('94', 'h'), ('111', 't')), (('111', 'h'), ('77', 'h')), (('77', 't'), ('90', 't')), (('90', 'h'), ('119', 't')), (('119', 'h'), ('122', 't'))])

Chosen seed at iteration 6: 1
Chosen chr at iteration 6
Iteration 7
7	deque([(('122', 'h'), ('103', 't')), (('103', 'h'), ('154', 'h')), (('154', 't'), ('74', 't')), (('74', 'h'), ('57', 't')), (('57', 'h'), ('9', 'h')), (('9', 't'), ('105', 'h')), (('105', 't'), ('113', 'h')), (('113', 't'), ('153', 'h')), (('153', 't'), ('118', 'h')), (('118', 't'), ('89', 'h')), (('89', 't'), ('11', 't')), (('11', 'h'), ('76', 't')), (('76', 'h'), ('203', 'h')), (('203', 't'), ('134', 'h')), (('134', 't'), ('182', 't')), (('182', 'h'), ('183', 't')), (('183', 'h'), ('123', 'h')), (('123', 't'), ('217', 't')), (('217', 'h'), ('100', 'h')), (('100', 't'), ('223', 't')), (('223', 'h'), ('227', 'h')), (('227', 't'), ('88', 'h')), (('88', 't'), ('147', 'h')), (('147', 't'), ('180', 'h')), (('180', 't'), ('169', 'h')), (('169', 't'), ('213', 'h')), (('213', 't'), ('34', 't')), (('34', 'h'), ('70', 'h')), (('70', 't'), ('108', 't')), (('108', 'h'), ('51', 't')), (('51', 'h'), ('46', 't')), (('46', 'h'), ('127', 't')), (('127', 'h'), ('139', 't')), (('139', 'h'), ('81', 'h')), (('81', 't'), ('146', 't')), (('146', 'h'), ('94', 't')), (('94', 'h'), ('111', 't')), (('111', 'h'), ('77', 'h')), (('77', 't'), ('90', 't')), (('90', 'h'), ('119', 't')), (('119', 'h'), ('122', 't'))])

Chosen seed at iteration 7: 1
Chosen chr at iteration 7
Iteration 8
8	deque([(('147', 'h'), ('88', 't')), (('88', 'h'), ('227', 't')), (('227', 'h'), ('224', 't')), (('224', 'h'), ('100', 't')), (('100', 'h'), ('217', 'h')), (('217', 't'), ('123', 't')), (('123', 'h'), ('183', 'h')), (('183', 't'), ('182', 'h')), (('182', 't'), ('134', 't')), (('134', 'h'), ('203', 't')), (('203', 'h'), ('76', 'h')), (('76', 't'), ('11', 'h')), (('11', 't'), ('89', 't')), (('89', 'h'), ('118', 't')), (('118', 'h'), ('153', 't')), (('153', 'h'), ('113', 't')), (('113', 'h'), ('105', 't')), (('105', 'h'), ('9', 't')), (('9', 'h'), ('57', 'h')), (('57', 't'), ('74', 'h')), (('74', 't'), ('154', 't')), (('154', 'h'), ('102', 'h')), (('102', 't'), ('122', 'h')), (('122', 't'), ('119', 'h')), (('119', 't'), ('90', 'h')), (('90', 't'), ('77', 't')), (('77', 'h'), ('111', 'h')), (('111', 't'), ('94', 'h')), (('94', 't'), ('146', 'h')), (('146', 't'), ('81', 't')), (('81', 'h'), ('139', 'h')), (('139', 't'), ('126', 'h')), (('126', 't'), ('46', 'h')), (('46', 't'), ('51', 'h')), (('51', 't'), ('108', 'h')), (('108', 't'), ('70', 't')), (('70', 'h'), ('34', 'h')), (('34', 't'), ('213', 't')), (('213', 'h'), ('169', 't')), (('169', 'h'), ('180', 't')), (('180', 'h'), ('147', 't'))])

Chosen seed at iteration 8: 1
Chosen chr at iteration 8
Iteration 9
9	deque([(('147', 'h'), ('88', 't')), (('88', 'h'), ('227', 't')), (('227', 'h'), ('224', 't')), (('224', 'h'), ('100', 't')), (('100', 'h'), ('217', 'h')), (('217', 't'), ('123', 't')), (('123', 'h'), ('183', 'h')), (('183', 't'), ('182', 'h')), (('182', 't'), ('134', 't')), (('134', 'h'), ('203', 't')), (('203', 'h'), ('76', 'h')), (('76', 't'), ('11', 'h')), (('11', 't'), ('89', 't')), (('89', 'h'), ('118', 't')), (('118', 'h'), ('153', 't')), (('153', 'h'), ('113', 't')), (('113', 'h'), ('105', 't')), (('105', 'h'), ('9', 't')), (('9', 'h'), ('57', 'h')), (('57', 't'), ('74', 'h')), (('74', 't'), ('154', 't')), (('154', 'h'), ('102', 'h')), (('102', 't'), ('122', 'h')), (('122', 't'), ('119', 'h')), (('119', 't'), ('90', 'h')), (('90', 't'), ('77', 't')), (('77', 'h'), ('111', 'h')), (('111', 't'), ('94', 'h')), (('94', 't'), ('146', 'h')), (('146', 't'), ('81', 't')), (('81', 'h'), ('139', 'h')), (('139', 't'), ('127', 'h')), (('127', 't'), ('46', 'h')), (('46', 't'), ('51', 'h')), (('51', 't'), ('108', 'h')), (('108', 't'), ('70', 't')), (('70', 'h'), ('34', 'h')), (('34', 't'), ('213', 't')), (('213', 'h'), ('169', 't')), (('169', 'h'), ('180', 't')), (('180', 'h'), ('147', 't'))])

Chosen seed at iteration 9: 1
Chosen chr at iteration 9
Iteration 10
10	deque([(('147', 'h'), ('88', 't')), (('88', 'h'), ('227', 't')), (('227', 'h'), ('223', 'h')), (('223', 't'), ('100', 't')), (('100', 'h'), ('217', 'h')), (('217', 't'), ('123', 't')), (('123', 'h'), ('183', 'h')), (('183', 't'), ('182', 'h')), (('182', 't'), ('134', 't')), (('134', 'h'), ('203', 't')), (('203', 'h'), ('76', 'h')), (('76', 't'), ('11', 'h')), (('11', 't'), ('89', 't')), (('89', 'h'), ('118', 't')), (('118', 'h'), ('153', 't')), (('153', 'h'), ('113', 't')), (('113', 'h'), ('105', 't')), (('105', 'h'), ('9', 't')), (('9', 'h'), ('57', 'h')), (('57', 't'), ('74', 'h')), (('74', 't'), ('154', 't')), (('154', 'h'), ('102', 'h')), (('102', 't'), ('122', 'h')), (('122', 't'), ('119', 'h')), (('119', 't'), ('90', 'h')), (('90', 't'), ('77', 't')), (('77', 'h'), ('111', 'h')), (('111', 't'), ('94', 'h')), (('94', 't'), ('146', 'h')), (('146', 't'), ('81', 't')), (('81', 'h'), ('139', 'h')), (('139', 't'), ('126', 'h')), (('126', 't'), ('46', 'h')), (('46', 't'), ('51', 'h')), (('51', 't'), ('108', 'h')), (('108', 't'), ('70', 't')), (('70', 'h'), ('34', 'h')), (('34', 't'), ('213', 't')), (('213', 'h'), ('169', 't')), (('169', 'h'), ('180', 't')), (('180', 'h'), ('147', 't'))])

Chosen seed at iteration 10: 1
Chosen chr at iteration 10
Iteration 11
11	deque([(('147', 'h'), ('88', 't')), (('88', 'h'), ('227', 't')), (('227', 'h'), ('223', 'h')), (('223', 't'), ('100', 't')), (('100', 'h'), ('217', 'h')), (('217', 't'), ('123', 't')), (('123', 'h'), ('183', 'h')), (('183', 't'), ('182', 'h')), (('182', 't'), ('134', 't')), (('134', 'h'), ('203', 't')), (('203', 'h'), ('76', 'h')), (('76', 't'), ('11', 'h')), (('11', 't'), ('89', 't')), (('89', 'h'), ('118', 't')), (('118', 'h'), ('153', 't')), (('153', 'h'), ('113', 't')), (('113', 'h'), ('105', 't')), (('105', 'h'), ('9', 't')), (('9', 'h'), ('57', 'h')), (('57', 't'), ('74', 'h')), (('74', 't'), ('154', 't')), (('154', 'h'), ('102', 'h')), (('102', 't'), ('122', 'h')), (('122', 't'), ('119', 'h')), (('119', 't'), ('90', 'h')), (('90', 't'), ('77', 't')), (('77', 'h'), ('111', 'h')), (('111', 't'), ('94', 'h')), (('94', 't'), ('146', 'h')), (('146', 't'), ('81', 't')), (('81', 'h'), ('139', 'h')), (('139', 't'), ('127', 'h')), (('127', 't'), ('46', 'h')), (('46', 't'), ('51', 'h')), (('51', 't'), ('108', 'h')), (('108', 't'), ('70', 't')), (('70', 'h'), ('34', 'h')), (('34', 't'), ('213', 't')), (('213', 'h'), ('169', 't')), (('169', 'h'), ('180', 't')), (('180', 'h'), ('147', 't'))])

Chosen seed at iteration 11: 1
Chosen chr at iteration 11
Iteration 12
12	deque([(('122', 'h'), ('103', 't')), (('103', 'h'), ('154', 'h')), (('154', 't'), ('74', 't')), (('74', 'h'), ('57', 't')), (('57', 'h'), ('9', 'h')), (('9', 't'), ('105', 'h')), (('105', 't'), ('114', 'h')), (('114', 't'), ('153', 'h')), (('153', 't'), ('118', 'h')), (('118', 't'), ('89', 'h')), (('89', 't'), ('11', 't')), (('11', 'h'), ('76', 't')), (('76', 'h'), ('203', 'h')), (('203', 't'), ('134', 'h')), (('134', 't'), ('182', 't')), (('182', 'h'), ('183', 't')), (('183', 'h'), ('123', 'h')), (('123', 't'), ('217', 't')), (('217', 'h'), ('100', 'h')), (('100', 't'), ('224', 'h')), (('224', 't'), ('227', 'h')), (('227', 't'), ('88', 'h')), (('88', 't'), ('147', 'h')), (('147', 't'), ('180', 'h')), (('180', 't'), ('169', 'h')), (('169', 't'), ('213', 'h')), (('213', 't'), ('34', 't')), (('34', 'h'), ('70', 'h')), (('70', 't'), ('108', 't')), (('108', 'h'), ('51', 't')), (('51', 'h'), ('46', 't')), (('46', 'h'), ('126', 't')), (('126', 'h'), ('139', 't')), (('139', 'h'), ('81', 'h')), (('81', 't'), ('146', 't')), (('146', 'h'), ('94', 't')), (('94', 'h'), ('111', 't')), (('111', 'h'), ('77', 'h')), (('77', 't'), ('90', 't')), (('90', 'h'), ('119', 't')), (('119', 'h'), ('122', 't'))])

Chosen seed at iteration 12: 1
Chosen chr at iteration 12
Iteration 13
13	deque([(('122', 'h'), ('103', 't')), (('103', 'h'), ('154', 'h')), (('154', 't'), ('74', 't')), (('74', 'h'), ('57', 't')), (('57', 'h'), ('9', 'h')), (('9', 't'), ('105', 'h')), (('105', 't'), ('114', 'h')), (('114', 't'), ('153', 'h')), (('153', 't'), ('118', 'h')), (('118', 't'), ('89', 'h')), (('89', 't'), ('11', 't')), (('11', 'h'), ('76', 't')), (('76', 'h'), ('203', 'h')), (('203', 't'), ('134', 'h')), (('134', 't'), ('182', 't')), (('182', 'h'), ('183', 't')), (('183', 'h'), ('123', 'h')), (('123', 't'), ('217', 't')), (('217', 'h'), ('100', 'h')), (('100', 't'), ('224', 'h')), (('224', 't'), ('227', 'h')), (('227', 't'), ('88', 'h')), (('88', 't'), ('147', 'h')), (('147', 't'), ('180', 'h')), (('180', 't'), ('169', 'h')), (('169', 't'), ('213', 'h')), (('213', 't'), ('34', 't')), (('34', 'h'), ('70', 'h')), (('70', 't'), ('108', 't')), (('108', 'h'), ('51', 't')), (('51', 'h'), ('46', 't')), (('46', 'h'), ('127', 't')), (('127', 'h'), ('139', 't')), (('139', 'h'), ('81', 'h')), (('81', 't'), ('146', 't')), (('146', 'h'), ('94', 't')), (('94', 'h'), ('111', 't')), (('111', 'h'), ('77', 'h')), (('77', 't'), ('90', 't')), (('90', 'h'), ('119', 't')), (('119', 'h'), ('122', 't'))])

Chosen seed at iteration 13: 1
Chosen chr at iteration 13
Iteration 14
14	deque([(('122', 'h'), ('103', 't')), (('103', 'h'), ('154', 'h')), (('154', 't'), ('74', 't')), (('74', 'h'), ('57', 't')), (('57', 'h'), ('9', 'h')), (('9', 't'), ('105', 'h')), (('105', 't'), ('114', 'h')), (('114', 't'), ('153', 'h')), (('153', 't'), ('118', 'h')), (('118', 't'), ('89', 'h')), (('89', 't'), ('11', 't')), (('11', 'h'), ('76', 't')), (('76', 'h'), ('203', 'h')), (('203', 't'), ('134', 'h')), (('134', 't'), ('182', 't')), (('182', 'h'), ('183', 't')), (('183', 'h'), ('123', 'h')), (('123', 't'), ('217', 't')), (('217', 'h'), ('100', 'h')), (('100', 't'), ('223', 't')), (('223', 'h'), ('227', 'h')), (('227', 't'), ('88', 'h')), (('88', 't'), ('147', 'h')), (('147', 't'), ('180', 'h')), (('180', 't'), ('169', 'h')), (('169', 't'), ('213', 'h')), (('213', 't'), ('34', 't')), (('34', 'h'), ('70', 'h')), (('70', 't'), ('108', 't')), (('108', 'h'), ('51', 't')), (('51', 'h'), ('46', 't')), (('46', 'h'), ('126', 't')), (('126', 'h'), ('139', 't')), (('139', 'h'), ('81', 'h')), (('81', 't'), ('146', 't')), (('146', 'h'), ('94', 't')), (('94', 'h'), ('111', 't')), (('111', 'h'), ('77', 'h')), (('77', 't'), ('90', 't')), (('90', 'h'), ('119', 't')), (('119', 'h'), ('122', 't'))])

Chosen seed at iteration 14: 1
Chosen chr at iteration 14
Iteration 15
15	deque([(('122', 'h'), ('103', 't')), (('103', 'h'), ('154', 'h')), (('154', 't'), ('74', 't')), (('74', 'h'), ('57', 't')), (('57', 'h'), ('9', 'h')), (('9', 't'), ('105', 'h')), (('105', 't'), ('114', 'h')), (('114', 't'), ('153', 'h')), (('153', 't'), ('118', 'h')), (('118', 't'), ('89', 'h')), (('89', 't'), ('11', 't')), (('11', 'h'), ('76', 't')), (('76', 'h'), ('203', 'h')), (('203', 't'), ('134', 'h')), (('134', 't'), ('182', 't')), (('182', 'h'), ('183', 't')), (('183', 'h'), ('123', 'h')), (('123', 't'), ('217', 't')), (('217', 'h'), ('100', 'h')), (('100', 't'), ('223', 't')), (('223', 'h'), ('227', 'h')), (('227', 't'), ('88', 'h')), (('88', 't'), ('147', 'h')), (('147', 't'), ('180', 'h')), (('180', 't'), ('169', 'h')), (('169', 't'), ('213', 'h')), (('213', 't'), ('34', 't')), (('34', 'h'), ('70', 'h')), (('70', 't'), ('108', 't')), (('108', 'h'), ('51', 't')), (('51', 'h'), ('46', 't')), (('46', 'h'), ('127', 't')), (('127', 'h'), ('139', 't')), (('139', 'h'), ('81', 'h')), (('81', 't'), ('146', 't')), (('146', 'h'), ('94', 't')), (('94', 'h'), ('111', 't')), (('111', 'h'), ('77', 'h')), (('77', 't'), ('90', 't')), (('90', 'h'), ('119', 't')), (('119', 'h'), ('122', 't'))])

Chosen seed at iteration 15: 1
Chosen chr at iteration 15
Iteration 16
16	deque([(('147', 'h'), ('88', 't')), (('88', 'h'), ('227', 't')), (('227', 'h'), ('224', 't')), (('224', 'h'), ('100', 't')), (('100', 'h'), ('217', 'h')), (('217', 't'), ('123', 't')), (('123', 'h'), ('183', 'h')), (('183', 't'), ('182', 'h')), (('182', 't'), ('134', 't')), (('134', 'h'), ('203', 't')), (('203', 'h'), ('76', 'h')), (('76', 't'), ('11', 'h')), (('11', 't'), ('89', 't')), (('89', 'h'), ('118', 't')), (('118', 'h'), ('153', 't')), (('153', 'h'), ('114', 't')), (('114', 'h'), ('105', 't')), (('105', 'h'), ('9', 't')), (('9', 'h'), ('57', 'h')), (('57', 't'), ('74', 'h')), (('74', 't'), ('154', 't')), (('154', 'h'), ('102', 'h')), (('102', 't'), ('122', 'h')), (('122', 't'), ('119', 'h')), (('119', 't'), ('90', 'h')), (('90', 't'), ('77', 't')), (('77', 'h'), ('111', 'h')), (('111', 't'), ('94', 'h')), (('94', 't'), ('146', 'h')), (('146', 't'), ('81', 't')), (('81', 'h'), ('139', 'h')), (('139', 't'), ('126', 'h')), (('126', 't'), ('46', 'h')), (('46', 't'), ('51', 'h')), (('51', 't'), ('108', 'h')), (('108', 't'), ('70', 't')), (('70', 'h'), ('34', 'h')), (('34', 't'), ('213', 't')), (('213', 'h'), ('169', 't')), (('169', 'h'), ('180', 't')), (('180', 'h'), ('147', 't'))])

Chosen seed at iteration 16: 1
Chosen chr at iteration 16
Iteration 17
17	deque([(('147', 'h'), ('88', 't')), (('88', 'h'), ('227', 't')), (('227', 'h'), ('224', 't')), (('224', 'h'), ('100', 't')), (('100', 'h'), ('217', 'h')), (('217', 't'), ('123', 't')), (('123', 'h'), ('183', 'h')), (('183', 't'), ('182', 'h')), (('182', 't'), ('134', 't')), (('134', 'h'), ('203', 't')), (('203', 'h'), ('76', 'h')), (('76', 't'), ('11', 'h')), (('11', 't'), ('89', 't')), (('89', 'h'), ('118', 't')), (('118', 'h'), ('153', 't')), (('153', 'h'), ('114', 't')), (('114', 'h'), ('105', 't')), (('105', 'h'), ('9', 't')), (('9', 'h'), ('57', 'h')), (('57', 't'), ('74', 'h')), (('74', 't'), ('154', 't')), (('154', 'h'), ('102', 'h')), (('102', 't'), ('122', 'h')), (('122', 't'), ('119', 'h')), (('119', 't'), ('90', 'h')), (('90', 't'), ('77', 't')), (('77', 'h'), ('111', 'h')), (('111', 't'), ('94', 'h')), (('94', 't'), ('146', 'h')), (('146', 't'), ('81', 't')), (('81', 'h'), ('139', 'h')), (('139', 't'), ('127', 'h')), (('127', 't'), ('46', 'h')), (('46', 't'), ('51', 'h')), (('51', 't'), ('108', 'h')), (('108', 't'), ('70', 't')), (('70', 'h'), ('34', 'h')), (('34', 't'), ('213', 't')), (('213', 'h'), ('169', 't')), (('169', 'h'), ('180', 't')), (('180', 'h'), ('147', 't'))])

Chosen seed at iteration 17: 1
Chosen chr at iteration 17
Iteration 18
18	deque([(('147', 'h'), ('88', 't')), (('88', 'h'), ('227', 't')), (('227', 'h'), ('223', 'h')), (('223', 't'), ('100', 't')), (('100', 'h'), ('217', 'h')), (('217', 't'), ('123', 't')), (('123', 'h'), ('183', 'h')), (('183', 't'), ('182', 'h')), (('182', 't'), ('134', 't')), (('134', 'h'), ('203', 't')), (('203', 'h'), ('76', 'h')), (('76', 't'), ('11', 'h')), (('11', 't'), ('89', 't')), (('89', 'h'), ('118', 't')), (('118', 'h'), ('153', 't')), (('153', 'h'), ('114', 't')), (('114', 'h'), ('105', 't')), (('105', 'h'), ('9', 't')), (('9', 'h'), ('57', 'h')), (('57', 't'), ('74', 'h')), (('74', 't'), ('154', 't')), (('154', 'h'), ('102', 'h')), (('102', 't'), ('122', 'h')), (('122', 't'), ('119', 'h')), (('119', 't'), ('90', 'h')), (('90', 't'), ('77', 't')), (('77', 'h'), ('111', 'h')), (('111', 't'), ('94', 'h')), (('94', 't'), ('146', 'h')), (('146', 't'), ('81', 't')), (('81', 'h'), ('139', 'h')), (('139', 't'), ('126', 'h')), (('126', 't'), ('46', 'h')), (('46', 't'), ('51', 'h')), (('51', 't'), ('108', 'h')), (('108', 't'), ('70', 't')), (('70', 'h'), ('34', 'h')), (('34', 't'), ('213', 't')), (('213', 'h'), ('169', 't')), (('169', 'h'), ('180', 't')), (('180', 'h'), ('147', 't'))])

Chosen seed at iteration 18: 1
Chosen chr at iteration 18
Iteration 19
19	deque([(('147', 'h'), ('88', 't')), (('88', 'h'), ('227', 't')), (('227', 'h'), ('223', 'h')), (('223', 't'), ('100', 't')), (('100', 'h'), ('217', 'h')), (('217', 't'), ('123', 't')), (('123', 'h'), ('183', 'h')), (('183', 't'), ('182', 'h')), (('182', 't'), ('134', 't')), (('134', 'h'), ('203', 't')), (('203', 'h'), ('76', 'h')), (('76', 't'), ('11', 'h')), (('11', 't'), ('89', 't')), (('89', 'h'), ('118', 't')), (('118', 'h'), ('153', 't')), (('153', 'h'), ('114', 't')), (('114', 'h'), ('105', 't')), (('105', 'h'), ('9', 't')), (('9', 'h'), ('57', 'h')), (('57', 't'), ('74', 'h')), (('74', 't'), ('154', 't')), (('154', 'h'), ('102', 'h')), (('102', 't'), ('122', 'h')), (('122', 't'), ('119', 'h')), (('119', 't'), ('90', 'h')), (('90', 't'), ('77', 't')), (('77', 'h'), ('111', 'h')), (('111', 't'), ('94', 'h')), (('94', 't'), ('146', 'h')), (('146', 't'), ('81', 't')), (('81', 'h'), ('139', 'h')), (('139', 't'), ('127', 'h')), (('127', 't'), ('46', 'h')), (('46', 't'), ('51', 'h')), (('51', 't'), ('108', 'h')), (('108', 't'), ('70', 't')), (('70', 'h'), ('34', 'h')), (('34', 't'), ('213', 't')), (('213', 'h'), ('169', 't')), (('169', 'h'), ('180', 't')), (('180', 'h'), ('147', 't'))])

Chosen seed at iteration 19: 1
Chosen chr at iteration 19
Iteration 20
20	deque([(('122', 'h'), ('103', 't')), (('103', 'h'), ('154', 'h')), (('154', 't'), ('73', 'h')), (('73', 't'), ('57', 't')), (('57', 'h'), ('9', 'h')), (('9', 't'), ('105', 'h')), (('105', 't'), ('113', 'h')), (('113', 't'), ('153', 'h')), (('153', 't'), ('118', 'h')), (('118', 't'), ('89', 'h')), (('89', 't'), ('11', 't')), (('11', 'h'), ('76', 't')), (('76', 'h'), ('203', 'h')), (('203', 't'), ('134', 'h')), (('134', 't'), ('182', 't')), (('182', 'h'), ('183', 't')), (('183', 'h'), ('123', 'h')), (('123', 't'), ('217', 't')), (('217', 'h'), ('100', 'h')), (('100', 't'), ('224', 'h')), (('224', 't'), ('227', 'h')), (('227', 't'), ('88', 'h')), (('88', 't'), ('147', 'h')), (('147', 't'), ('180', 'h')), (('180', 't'), ('169', 'h')), (('169', 't'), ('213', 'h')), (('213', 't'), ('34', 't')), (('34', 'h'), ('70', 'h')), (('70', 't'), ('108', 't')), (('108', 'h'), ('51', 't')), (('51', 'h'), ('46', 't')), (('46', 'h'), ('126', 't')), (('126', 'h'), ('139', 't')), (('139', 'h'), ('81', 'h')), (('81', 't'), ('146', 't')), (('146', 'h'), ('94', 't')), (('94', 'h'), ('111', 't')), (('111', 'h'), ('77', 'h')), (('77', 't'), ('90', 't')), (('90', 'h'), ('119', 't')), (('119', 'h'), ('122', 't'))])

Chosen seed at iteration 20: 1
Chosen chr at iteration 20
Iteration 21
21	deque([(('122', 'h'), ('103', 't')), (('103', 'h'), ('154', 'h')), (('154', 't'), ('73', 'h')), (('73', 't'), ('57', 't')), (('57', 'h'), ('9', 'h')), (('9', 't'), ('105', 'h')), (('105', 't'), ('113', 'h')), (('113', 't'), ('153', 'h')), (('153', 't'), ('118', 'h')), (('118', 't'), ('89', 'h')), (('89', 't'), ('11', 't')), (('11', 'h'), ('76', 't')), (('76', 'h'), ('203', 'h')), (('203', 't'), ('134', 'h')), (('134', 't'), ('182', 't')), (('182', 'h'), ('183', 't')), (('183', 'h'), ('123', 'h')), (('123', 't'), ('217', 't')), (('217', 'h'), ('100', 'h')), (('100', 't'), ('224', 'h')), (('224', 't'), ('227', 'h')), (('227', 't'), ('88', 'h')), (('88', 't'), ('147', 'h')), (('147', 't'), ('180', 'h')), (('180', 't'), ('169', 'h')), (('169', 't'), ('213', 'h')), (('213', 't'), ('34', 't')), (('34', 'h'), ('70', 'h')), (('70', 't'), ('108', 't')), (('108', 'h'), ('51', 't')), (('51', 'h'), ('46', 't')), (('46', 'h'), ('127', 't')), (('127', 'h'), ('139', 't')), (('139', 'h'), ('81', 'h')), (('81', 't'), ('146', 't')), (('146', 'h'), ('94', 't')), (('94', 'h'), ('111', 't')), (('111', 'h'), ('77', 'h')), (('77', 't'), ('90', 't')), (('90', 'h'), ('119', 't')), (('119', 'h'), ('122', 't'))])

Chosen seed at iteration 21: 1
Chosen chr at iteration 21
Iteration 22
22	deque([(('122', 'h'), ('103', 't')), (('103', 'h'), ('154', 'h')), (('154', 't'), ('74', 't')), (('74', 'h'), ('57', 't')), (('57', 'h'), ('9', 'h')), (('9', 't'), ('105', 'h')), (('105', 't'), ('113', 'h')), (('113', 't'), ('153', 'h')), (('153', 't'), ('115', 'h')), (('115', 't'), ('89', 'h')), (('89', 't'), ('11', 't')), (('11', 'h'), ('76', 't')), (('76', 'h'), ('203', 'h')), (('203', 't'), ('134', 'h')), (('134', 't'), ('182', 't')), (('182', 'h'), ('183', 't')), (('183', 'h'), ('123', 'h')), (('123', 't'), ('217', 't')), (('217', 'h'), ('100', 'h')), (('100', 't'), ('224', 'h')), (('224', 't'), ('227', 'h')), (('227', 't'), ('88', 'h')), (('88', 't'), ('147', 'h')), (('147', 't'), ('180', 'h')), (('180', 't'), ('169', 'h')), (('169', 't'), ('213', 'h')), (('213', 't'), ('34', 't')), (('34', 'h'), ('70', 'h')), (('70', 't'), ('108', 't')), (('108', 'h'), ('51', 't')), (('51', 'h'), ('46', 't')), (('46', 'h'), ('126', 't')), (('126', 'h'), ('139', 't')), (('139', 'h'), ('81', 'h')), (('81', 't'), ('146', 't')), (('146', 'h'), ('94', 't')), (('94', 'h'), ('111', 't')), (('111', 'h'), ('77', 'h')), (('77', 't'), ('90', 't')), (('90', 'h'), ('119', 't')), (('119', 'h'), ('122', 't'))])

Chosen seed at iteration 22: 1
Chosen chr at iteration 22
Iteration 23
23	deque([(('122', 'h'), ('103', 't')), (('103', 'h'), ('154', 'h')), (('154', 't'), ('74', 't')), (('74', 'h'), ('57', 't')), (('57', 'h'), ('9', 'h')), (('9', 't'), ('105', 'h')), (('105', 't'), ('113', 'h')), (('113', 't'), ('153', 'h')), (('153', 't'), ('115', 'h')), (('115', 't'), ('89', 'h')), (('89', 't'), ('11', 't')), (('11', 'h'), ('76', 't')), (('76', 'h'), ('203', 'h')), (('203', 't'), ('134', 'h')), (('134', 't'), ('182', 't')), (('182', 'h'), ('183', 't')), (('183', 'h'), ('123', 'h')), (('123', 't'), ('217', 't')), (('217', 'h'), ('100', 'h')), (('100', 't'), ('224', 'h')), (('224', 't'), ('227', 'h')), (('227', 't'), ('88', 'h')), (('88', 't'), ('147', 'h')), (('147', 't'), ('180', 'h')), (('180', 't'), ('169', 'h')), (('169', 't'), ('213', 'h')), (('213', 't'), ('34', 't')), (('34', 'h'), ('70', 'h')), (('70', 't'), ('108', 't')), (('108', 'h'), ('51', 't')), (('51', 'h'), ('46', 't')), (('46', 'h'), ('127', 't')), (('127', 'h'), ('139', 't')), (('139', 'h'), ('81', 'h')), (('81', 't'), ('146', 't')), (('146', 'h'), ('94', 't')), (('94', 'h'), ('111', 't')), (('111', 'h'), ('77', 'h')), (('77', 't'), ('90', 't')), (('90', 'h'), ('119', 't')), (('119', 'h'), ('122', 't'))])

Chosen seed at iteration 23: 1
Chosen chr at iteration 23
Iteration 24
24	deque([(('122', 'h'), ('103', 't')), (('103', 'h'), ('154', 'h')), (('154', 't'), ('73', 'h')), (('73', 't'), ('57', 't')), (('57', 'h'), ('9', 'h')), (('9', 't'), ('105', 'h')), (('105', 't'), ('113', 'h')), (('113', 't'), ('153', 'h')), (('153', 't'), ('118', 'h')), (('118', 't'), ('89', 'h')), (('89', 't'), ('11', 't')), (('11', 'h'), ('76', 't')), (('76', 'h'), ('203', 'h')), (('203', 't'), ('134', 'h')), (('134', 't'), ('182', 't')), (('182', 'h'), ('183', 't')), (('183', 'h'), ('123', 'h')), (('123', 't'), ('217', 't')), (('217', 'h'), ('100', 'h')), (('100', 't'), ('223', 't')), (('223', 'h'), ('227', 'h')), (('227', 't'), ('88', 'h')), (('88', 't'), ('147', 'h')), (('147', 't'), ('180', 'h')), (('180', 't'), ('169', 'h')), (('169', 't'), ('213', 'h')), (('213', 't'), ('34', 't')), (('34', 'h'), ('70', 'h')), (('70', 't'), ('108', 't')), (('108', 'h'), ('51', 't')), (('51', 'h'), ('46', 't')), (('46', 'h'), ('126', 't')), (('126', 'h'), ('139', 't')), (('139', 'h'), ('81', 'h')), (('81', 't'), ('146', 't')), (('146', 'h'), ('94', 't')), (('94', 'h'), ('111', 't')), (('111', 'h'), ('77', 'h')), (('77', 't'), ('90', 't')), (('90', 'h'), ('119', 't')), (('119', 'h'), ('122', 't'))])

Chosen seed at iteration 24: 1
Chosen chr at iteration 24
Iteration 25
25	deque([(('122', 'h'), ('103', 't')), (('103', 'h'), ('154', 'h')), (('154', 't'), ('73', 'h')), (('73', 't'), ('57', 't')), (('57', 'h'), ('9', 'h')), (('9', 't'), ('105', 'h')), (('105', 't'), ('113', 'h')), (('113', 't'), ('153', 'h')), (('153', 't'), ('118', 'h')), (('118', 't'), ('89', 'h')), (('89', 't'), ('11', 't')), (('11', 'h'), ('76', 't')), (('76', 'h'), ('203', 'h')), (('203', 't'), ('134', 'h')), (('134', 't'), ('182', 't')), (('182', 'h'), ('183', 't')), (('183', 'h'), ('123', 'h')), (('123', 't'), ('217', 't')), (('217', 'h'), ('100', 'h')), (('100', 't'), ('223', 't')), (('223', 'h'), ('227', 'h')), (('227', 't'), ('88', 'h')), (('88', 't'), ('147', 'h')), (('147', 't'), ('180', 'h')), (('180', 't'), ('169', 'h')), (('169', 't'), ('213', 'h')), (('213', 't'), ('34', 't')), (('34', 'h'), ('70', 'h')), (('70', 't'), ('108', 't')), (('108', 'h'), ('51', 't')), (('51', 'h'), ('46', 't')), (('46', 'h'), ('127', 't')), (('127', 'h'), ('139', 't')), (('139', 'h'), ('81', 'h')), (('81', 't'), ('146', 't')), (('146', 'h'), ('94', 't')), (('94', 'h'), ('111', 't')), (('111', 'h'), ('77', 'h')), (('77', 't'), ('90', 't')), (('90', 'h'), ('119', 't')), (('119', 'h'), ('122', 't'))])

Chosen seed at iteration 25: 1
Chosen chr at iteration 25
Iteration 26
26	deque([(('122', 'h'), ('103', 't')), (('103', 'h'), ('154', 'h')), (('154', 't'), ('74', 't')), (('74', 'h'), ('57', 't')), (('57', 'h'), ('9', 'h')), (('9', 't'), ('105', 'h')), (('105', 't'), ('113', 'h')), (('113', 't'), ('153', 'h')), (('153', 't'), ('115', 'h')), (('115', 't'), ('89', 'h')), (('89', 't'), ('11', 't')), (('11', 'h'), ('76', 't')), (('76', 'h'), ('203', 'h')), (('203', 't'), ('134', 'h')), (('134', 't'), ('182', 't')), (('182', 'h'), ('183', 't')), (('183', 'h'), ('123', 'h')), (('123', 't'), ('217', 't')), (('217', 'h'), ('100', 'h')), (('100', 't'), ('223', 't')), (('223', 'h'), ('227', 'h')), (('227', 't'), ('88', 'h')), (('88', 't'), ('147', 'h')), (('147', 't'), ('180', 'h')), (('180', 't'), ('169', 'h')), (('169', 't'), ('213', 'h')), (('213', 't'), ('34', 't')), (('34', 'h'), ('70', 'h')), (('70', 't'), ('108', 't')), (('108', 'h'), ('51', 't')), (('51', 'h'), ('46', 't')), (('46', 'h'), ('126', 't')), (('126', 'h'), ('139', 't')), (('139', 'h'), ('81', 'h')), (('81', 't'), ('146', 't')), (('146', 'h'), ('94', 't')), (('94', 'h'), ('111', 't')), (('111', 'h'), ('77', 'h')), (('77', 't'), ('90', 't')), (('90', 'h'), ('119', 't')), (('119', 'h'), ('122', 't'))])

Chosen seed at iteration 26: 1
Chosen chr at iteration 26
Iteration 27
27	deque([(('122', 'h'), ('103', 't')), (('103', 'h'), ('154', 'h')), (('154', 't'), ('74', 't')), (('74', 'h'), ('57', 't')), (('57', 'h'), ('9', 'h')), (('9', 't'), ('105', 'h')), (('105', 't'), ('113', 'h')), (('113', 't'), ('153', 'h')), (('153', 't'), ('115', 'h')), (('115', 't'), ('89', 'h')), (('89', 't'), ('11', 't')), (('11', 'h'), ('76', 't')), (('76', 'h'), ('203', 'h')), (('203', 't'), ('134', 'h')), (('134', 't'), ('182', 't')), (('182', 'h'), ('183', 't')), (('183', 'h'), ('123', 'h')), (('123', 't'), ('217', 't')), (('217', 'h'), ('100', 'h')), (('100', 't'), ('223', 't')), (('223', 'h'), ('227', 'h')), (('227', 't'), ('88', 'h')), (('88', 't'), ('147', 'h')), (('147', 't'), ('180', 'h')), (('180', 't'), ('169', 'h')), (('169', 't'), ('213', 'h')), (('213', 't'), ('34', 't')), (('34', 'h'), ('70', 'h')), (('70', 't'), ('108', 't')), (('108', 'h'), ('51', 't')), (('51', 'h'), ('46', 't')), (('46', 'h'), ('127', 't')), (('127', 'h'), ('139', 't')), (('139', 'h'), ('81', 'h')), (('81', 't'), ('146', 't')), (('146', 'h'), ('94', 't')), (('94', 'h'), ('111', 't')), (('111', 'h'), ('77', 'h')), (('77', 't'), ('90', 't')), (('90', 'h'), ('119', 't')), (('119', 'h'), ('122', 't'))])

Chosen seed at iteration 27: 1
Chosen chr at iteration 27
Iteration 28
28	deque([(('147', 'h'), ('88', 't')), (('88', 'h'), ('227', 't')), (('227', 'h'), ('224', 't')), (('224', 'h'), ('100', 't')), (('100', 'h'), ('217', 'h')), (('217', 't'), ('123', 't')), (('123', 'h'), ('183', 'h')), (('183', 't'), ('182', 'h')), (('182', 't'), ('134', 't')), (('134', 'h'), ('203', 't')), (('203', 'h'), ('76', 'h')), (('76', 't'), ('11', 'h')), (('11', 't'), ('89', 't')), (('89', 'h'), ('118', 't')), (('118', 'h'), ('153', 't')), (('153', 'h'), ('113', 't')), (('113', 'h'), ('105', 't')), (('105', 'h'), ('9', 't')), (('9', 'h'), ('57', 'h')), (('57', 't'), ('73', 't')), (('73', 'h'), ('154', 't')), (('154', 'h'), ('102', 'h')), (('102', 't'), ('122', 'h')), (('122', 't'), ('119', 'h')), (('119', 't'), ('90', 'h')), (('90', 't'), ('77', 't')), (('77', 'h'), ('111', 'h')), (('111', 't'), ('94', 'h')), (('94', 't'), ('146', 'h')), (('146', 't'), ('81', 't')), (('81', 'h'), ('139', 'h')), (('139', 't'), ('126', 'h')), (('126', 't'), ('46', 'h')), (('46', 't'), ('51', 'h')), (('51', 't'), ('108', 'h')), (('108', 't'), ('70', 't')), (('70', 'h'), ('34', 'h')), (('34', 't'), ('213', 't')), (('213', 'h'), ('169', 't')), (('169', 'h'), ('180', 't')), (('180', 'h'), ('147', 't'))])

Chosen seed at iteration 28: 1
Chosen chr at iteration 28
Iteration 29
29	deque([(('147', 'h'), ('88', 't')), (('88', 'h'), ('227', 't')), (('227', 'h'), ('224', 't')), (('224', 'h'), ('100', 't')), (('100', 'h'), ('217', 'h')), (('217', 't'), ('123', 't')), (('123', 'h'), ('183', 'h')), (('183', 't'), ('182', 'h')), (('182', 't'), ('134', 't')), (('134', 'h'), ('203', 't')), (('203', 'h'), ('76', 'h')), (('76', 't'), ('11', 'h')), (('11', 't'), ('89', 't')), (('89', 'h'), ('118', 't')), (('118', 'h'), ('153', 't')), (('153', 'h'), ('113', 't')), (('113', 'h'), ('105', 't')), (('105', 'h'), ('9', 't')), (('9', 'h'), ('57', 'h')), (('57', 't'), ('73', 't')), (('73', 'h'), ('154', 't')), (('154', 'h'), ('102', 'h')), (('102', 't'), ('122', 'h')), (('122', 't'), ('119', 'h')), (('119', 't'), ('90', 'h')), (('90', 't'), ('77', 't')), (('77', 'h'), ('111', 'h')), (('111', 't'), ('94', 'h')), (('94', 't'), ('146', 'h')), (('146', 't'), ('81', 't')), (('81', 'h'), ('139', 'h')), (('139', 't'), ('127', 'h')), (('127', 't'), ('46', 'h')), (('46', 't'), ('51', 'h')), (('51', 't'), ('108', 'h')), (('108', 't'), ('70', 't')), (('70', 'h'), ('34', 'h')), (('34', 't'), ('213', 't')), (('213', 'h'), ('169', 't')), (('169', 'h'), ('180', 't')), (('180', 'h'), ('147', 't'))])

Chosen seed at iteration 29: 1
Chosen chr at iteration 29
Iteration 30
30	deque([(('147', 'h'), ('88', 't')), (('88', 'h'), ('227', 't')), (('227', 'h'), ('224', 't')), (('224', 'h'), ('100', 't')), (('100', 'h'), ('217', 'h')), (('217', 't'), ('123', 't')), (('123', 'h'), ('183', 'h')), (('183', 't'), ('182', 'h')), (('182', 't'), ('134', 't')), (('134', 'h'), ('203', 't')), (('203', 'h'), ('76', 'h')), (('76', 't'), ('11', 'h')), (('11', 't'), ('89', 't')), (('89', 'h'), ('115', 't')), (('115', 'h'), ('153', 't')), (('153', 'h'), ('113', 't')), (('113', 'h'), ('105', 't')), (('105', 'h'), ('9', 't')), (('9', 'h'), ('57', 'h')), (('57', 't'), ('74', 'h')), (('74', 't'), ('154', 't')), (('154', 'h'), ('102', 'h')), (('102', 't'), ('122', 'h')), (('122', 't'), ('119', 'h')), (('119', 't'), ('90', 'h')), (('90', 't'), ('77', 't')), (('77', 'h'), ('111', 'h')), (('111', 't'), ('94', 'h')), (('94', 't'), ('146', 'h')), (('146', 't'), ('81', 't')), (('81', 'h'), ('139', 'h')), (('139', 't'), ('126', 'h')), (('126', 't'), ('46', 'h')), (('46', 't'), ('51', 'h')), (('51', 't'), ('108', 'h')), (('108', 't'), ('70', 't')), (('70', 'h'), ('34', 'h')), (('34', 't'), ('213', 't')), (('213', 'h'), ('169', 't')), (('169', 'h'), ('180', 't')), (('180', 'h'), ('147', 't'))])

Chosen seed at iteration 30: 1
Chosen chr at iteration 30
Iteration 31
31	deque([(('147', 'h'), ('88', 't')), (('88', 'h'), ('227', 't')), (('227', 'h'), ('224', 't')), (('224', 'h'), ('100', 't')), (('100', 'h'), ('217', 'h')), (('217', 't'), ('123', 't')), (('123', 'h'), ('183', 'h')), (('183', 't'), ('182', 'h')), (('182', 't'), ('134', 't')), (('134', 'h'), ('203', 't')), (('203', 'h'), ('76', 'h')), (('76', 't'), ('11', 'h')), (('11', 't'), ('89', 't')), (('89', 'h'), ('115', 't')), (('115', 'h'), ('153', 't')), (('153', 'h'), ('113', 't')), (('113', 'h'), ('105', 't')), (('105', 'h'), ('9', 't')), (('9', 'h'), ('57', 'h')), (('57', 't'), ('74', 'h')), (('74', 't'), ('154', 't')), (('154', 'h'), ('102', 'h')), (('102', 't'), ('122', 'h')), (('122', 't'), ('119', 'h')), (('119', 't'), ('90', 'h')), (('90', 't'), ('77', 't')), (('77', 'h'), ('111', 'h')), (('111', 't'), ('94', 'h')), (('94', 't'), ('146', 'h')), (('146', 't'), ('81', 't')), (('81', 'h'), ('139', 'h')), (('139', 't'), ('127', 'h')), (('127', 't'), ('46', 'h')), (('46', 't'), ('51', 'h')), (('51', 't'), ('108', 'h')), (('108', 't'), ('70', 't')), (('70', 'h'), ('34', 'h')), (('34', 't'), ('213', 't')), (('213', 'h'), ('169', 't')), (('169', 'h'), ('180', 't')), (('180', 'h'), ('147', 't'))])

Chosen seed at iteration 31: 1
Chosen chr at iteration 31
Iteration 32
32	deque([(('147', 'h'), ('88', 't')), (('88', 'h'), ('227', 't')), (('227', 'h'), ('223', 'h')), (('223', 't'), ('100', 't')), (('100', 'h'), ('217', 'h')), (('217', 't'), ('123', 't')), (('123', 'h'), ('183', 'h')), (('183', 't'), ('182', 'h')), (('182', 't'), ('134', 't')), (('134', 'h'), ('203', 't')), (('203', 'h'), ('76', 'h')), (('76', 't'), ('11', 'h')), (('11', 't'), ('89', 't')), (('89', 'h'), ('118', 't')), (('118', 'h'), ('153', 't')), (('153', 'h'), ('113', 't')), (('113', 'h'), ('105', 't')), (('105', 'h'), ('9', 't')), (('9', 'h'), ('57', 'h')), (('57', 't'), ('73', 't')), (('73', 'h'), ('154', 't')), (('154', 'h'), ('102', 'h')), (('102', 't'), ('122', 'h')), (('122', 't'), ('119', 'h')), (('119', 't'), ('90', 'h')), (('90', 't'), ('77', 't')), (('77', 'h'), ('111', 'h')), (('111', 't'), ('94', 'h')), (('94', 't'), ('146', 'h')), (('146', 't'), ('81', 't')), (('81', 'h'), ('139', 'h')), (('139', 't'), ('126', 'h')), (('126', 't'), ('46', 'h')), (('46', 't'), ('51', 'h')), (('51', 't'), ('108', 'h')), (('108', 't'), ('70', 't')), (('70', 'h'), ('34', 'h')), (('34', 't'), ('213', 't')), (('213', 'h'), ('169', 't')), (('169', 'h'), ('180', 't')), (('180', 'h'), ('147', 't'))])

Chosen seed at iteration 32: 1
Chosen chr at iteration 32
Iteration 33
33	deque([(('147', 'h'), ('88', 't')), (('88', 'h'), ('227', 't')), (('227', 'h'), ('223', 'h')), (('223', 't'), ('100', 't')), (('100', 'h'), ('217', 'h')), (('217', 't'), ('123', 't')), (('123', 'h'), ('183', 'h')), (('183', 't'), ('182', 'h')), (('182', 't'), ('134', 't')), (('134', 'h'), ('203', 't')), (('203', 'h'), ('76', 'h')), (('76', 't'), ('11', 'h')), (('11', 't'), ('89', 't')), (('89', 'h'), ('118', 't')), (('118', 'h'), ('153', 't')), (('153', 'h'), ('113', 't')), (('113', 'h'), ('105', 't')), (('105', 'h'), ('9', 't')), (('9', 'h'), ('57', 'h')), (('57', 't'), ('73', 't')), (('73', 'h'), ('154', 't')), (('154', 'h'), ('102', 'h')), (('102', 't'), ('122', 'h')), (('122', 't'), ('119', 'h')), (('119', 't'), ('90', 'h')), (('90', 't'), ('77', 't')), (('77', 'h'), ('111', 'h')), (('111', 't'), ('94', 'h')), (('94', 't'), ('146', 'h')), (('146', 't'), ('81', 't')), (('81', 'h'), ('139', 'h')), (('139', 't'), ('127', 'h')), (('127', 't'), ('46', 'h')), (('46', 't'), ('51', 'h')), (('51', 't'), ('108', 'h')), (('108', 't'), ('70', 't')), (('70', 'h'), ('34', 'h')), (('34', 't'), ('213', 't')), (('213', 'h'), ('169', 't')), (('169', 'h'), ('180', 't')), (('180', 'h'), ('147', 't'))])

Chosen seed at iteration 33: 1
Chosen chr at iteration 33
Iteration 34
34	deque([(('122', 'h'), ('103', 't')), (('103', 'h'), ('154', 'h')), (('154', 't'), ('73', 'h')), (('73', 't'), ('57', 't')), (('57', 'h'), ('9', 'h')), (('9', 't'), ('105', 'h')), (('105', 't'), ('114', 'h')), (('114', 't'), ('153', 'h')), (('153', 't'), ('118', 'h')), (('118', 't'), ('89', 'h')), (('89', 't'), ('11', 't')), (('11', 'h'), ('76', 't')), (('76', 'h'), ('203', 'h')), (('203', 't'), ('134', 'h')), (('134', 't'), ('182', 't')), (('182', 'h'), ('183', 't')), (('183', 'h'), ('123', 'h')), (('123', 't'), ('217', 't')), (('217', 'h'), ('100', 'h')), (('100', 't'), ('224', 'h')), (('224', 't'), ('227', 'h')), (('227', 't'), ('88', 'h')), (('88', 't'), ('147', 'h')), (('147', 't'), ('180', 'h')), (('180', 't'), ('169', 'h')), (('169', 't'), ('213', 'h')), (('213', 't'), ('34', 't')), (('34', 'h'), ('70', 'h')), (('70', 't'), ('108', 't')), (('108', 'h'), ('51', 't')), (('51', 'h'), ('46', 't')), (('46', 'h'), ('126', 't')), (('126', 'h'), ('139', 't')), (('139', 'h'), ('81', 'h')), (('81', 't'), ('146', 't')), (('146', 'h'), ('94', 't')), (('94', 'h'), ('111', 't')), (('111', 'h'), ('77', 'h')), (('77', 't'), ('90', 't')), (('90', 'h'), ('119', 't')), (('119', 'h'), ('122', 't'))])

Chosen seed at iteration 34: 1
Chosen chr at iteration 34
Iteration 35
35	deque([(('122', 'h'), ('103', 't')), (('103', 'h'), ('154', 'h')), (('154', 't'), ('73', 'h')), (('73', 't'), ('57', 't')), (('57', 'h'), ('9', 'h')), (('9', 't'), ('105', 'h')), (('105', 't'), ('114', 'h')), (('114', 't'), ('153', 'h')), (('153', 't'), ('118', 'h')), (('118', 't'), ('89', 'h')), (('89', 't'), ('11', 't')), (('11', 'h'), ('76', 't')), (('76', 'h'), ('203', 'h')), (('203', 't'), ('134', 'h')), (('134', 't'), ('182', 't')), (('182', 'h'), ('183', 't')), (('183', 'h'), ('123', 'h')), (('123', 't'), ('217', 't')), (('217', 'h'), ('100', 'h')), (('100', 't'), ('224', 'h')), (('224', 't'), ('227', 'h')), (('227', 't'), ('88', 'h')), (('88', 't'), ('147', 'h')), (('147', 't'), ('180', 'h')), (('180', 't'), ('169', 'h')), (('169', 't'), ('213', 'h')), (('213', 't'), ('34', 't')), (('34', 'h'), ('70', 'h')), (('70', 't'), ('108', 't')), (('108', 'h'), ('51', 't')), (('51', 'h'), ('46', 't')), (('46', 'h'), ('127', 't')), (('127', 'h'), ('139', 't')), (('139', 'h'), ('81', 'h')), (('81', 't'), ('146', 't')), (('146', 'h'), ('94', 't')), (('94', 'h'), ('111', 't')), (('111', 'h'), ('77', 'h')), (('77', 't'), ('90', 't')), (('90', 'h'), ('119', 't')), (('119', 'h'), ('122', 't'))])

Chosen seed at iteration 35: 1
Chosen chr at iteration 35
Iteration 36
36	deque([(('147', 'h'), ('88', 't')), (('88', 'h'), ('227', 't')), (('227', 'h'), ('223', 'h')), (('223', 't'), ('100', 't')), (('100', 'h'), ('217', 'h')), (('217', 't'), ('123', 't')), (('123', 'h'), ('183', 'h')), (('183', 't'), ('182', 'h')), (('182', 't'), ('134', 't')), (('134', 'h'), ('203', 't')), (('203', 'h'), ('76', 'h')), (('76', 't'), ('11', 'h')), (('11', 't'), ('89', 't')), (('89', 'h'), ('115', 't')), (('115', 'h'), ('153', 't')), (('153', 'h'), ('113', 't')), (('113', 'h'), ('105', 't')), (('105', 'h'), ('9', 't')), (('9', 'h'), ('57', 'h')), (('57', 't'), ('74', 'h')), (('74', 't'), ('154', 't')), (('154', 'h'), ('102', 'h')), (('102', 't'), ('122', 'h')), (('122', 't'), ('119', 'h')), (('119', 't'), ('90', 'h')), (('90', 't'), ('77', 't')), (('77', 'h'), ('111', 'h')), (('111', 't'), ('94', 'h')), (('94', 't'), ('146', 'h')), (('146', 't'), ('81', 't')), (('81', 'h'), ('139', 'h')), (('139', 't'), ('126', 'h')), (('126', 't'), ('46', 'h')), (('46', 't'), ('51', 'h')), (('51', 't'), ('108', 'h')), (('108', 't'), ('70', 't')), (('70', 'h'), ('34', 'h')), (('34', 't'), ('213', 't')), (('213', 'h'), ('169', 't')), (('169', 'h'), ('180', 't')), (('180', 'h'), ('147', 't'))])

Chosen seed at iteration 36: 1
Chosen chr at iteration 36
Iteration 37
37	deque([(('147', 'h'), ('88', 't')), (('88', 'h'), ('227', 't')), (('227', 'h'), ('223', 'h')), (('223', 't'), ('100', 't')), (('100', 'h'), ('217', 'h')), (('217', 't'), ('123', 't')), (('123', 'h'), ('183', 'h')), (('183', 't'), ('182', 'h')), (('182', 't'), ('134', 't')), (('134', 'h'), ('203', 't')), (('203', 'h'), ('76', 'h')), (('76', 't'), ('11', 'h')), (('11', 't'), ('89', 't')), (('89', 'h'), ('115', 't')), (('115', 'h'), ('153', 't')), (('153', 'h'), ('113', 't')), (('113', 'h'), ('105', 't')), (('105', 'h'), ('9', 't')), (('9', 'h'), ('57', 'h')), (('57', 't'), ('74', 'h')), (('74', 't'), ('154', 't')), (('154', 'h'), ('102', 'h')), (('102', 't'), ('122', 'h')), (('122', 't'), ('119', 'h')), (('119', 't'), ('90', 'h')), (('90', 't'), ('77', 't')), (('77', 'h'), ('111', 'h')), (('111', 't'), ('94', 'h')), (('94', 't'), ('146', 'h')), (('146', 't'), ('81', 't')), (('81', 'h'), ('139', 'h')), (('139', 't'), ('127', 'h')), (('127', 't'), ('46', 'h')), (('46', 't'), ('51', 'h')), (('51', 't'), ('108', 'h')), (('108', 't'), ('70', 't')), (('70', 'h'), ('34', 'h')), (('34', 't'), ('213', 't')), (('213', 'h'), ('169', 't')), (('169', 'h'), ('180', 't')), (('180', 'h'), ('147', 't'))])

Chosen seed at iteration 37: 1
Chosen chr at iteration 37
Iteration 38
38	deque([(('122', 'h'), ('103', 't')), (('103', 'h'), ('154', 'h')), (('154', 't'), ('74', 't')), (('74', 'h'), ('57', 't')), (('57', 'h'), ('9', 'h')), (('9', 't'), ('105', 'h')), (('105', 't'), ('114', 'h')), (('114', 't'), ('153', 'h')), (('153', 't'), ('115', 'h')), (('115', 't'), ('89', 'h')), (('89', 't'), ('11', 't')), (('11', 'h'), ('76', 't')), (('76', 'h'), ('203', 'h')), (('203', 't'), ('134', 'h')), (('134', 't'), ('182', 't')), (('182', 'h'), ('183', 't')), (('183', 'h'), ('123', 'h')), (('123', 't'), ('217', 't')), (('217', 'h'), ('100', 'h')), (('100', 't'), ('224', 'h')), (('224', 't'), ('227', 'h')), (('227', 't'), ('88', 'h')), (('88', 't'), ('147', 'h')), (('147', 't'), ('180', 'h')), (('180', 't'), ('169', 'h')), (('169', 't'), ('213', 'h')), (('213', 't'), ('34', 't')), (('34', 'h'), ('70', 'h')), (('70', 't'), ('108', 't')), (('108', 'h'), ('51', 't')), (('51', 'h'), ('46', 't')), (('46', 'h'), ('126', 't')), (('126', 'h'), ('139', 't')), (('139', 'h'), ('81', 'h')), (('81', 't'), ('146', 't')), (('146', 'h'), ('94', 't')), (('94', 'h'), ('111', 't')), (('111', 'h'), ('77', 'h')), (('77', 't'), ('90', 't')), (('90', 'h'), ('119', 't')), (('119', 'h'), ('122', 't'))])

Chosen seed at iteration 38: 1
Chosen chr at iteration 38
Iteration 39
39	deque([(('122', 'h'), ('103', 't')), (('103', 'h'), ('154', 'h')), (('154', 't'), ('74', 't')), (('74', 'h'), ('57', 't')), (('57', 'h'), ('9', 'h')), (('9', 't'), ('105', 'h')), (('105', 't'), ('114', 'h')), (('114', 't'), ('153', 'h')), (('153', 't'), ('115', 'h')), (('115', 't'), ('89', 'h')), (('89', 't'), ('11', 't')), (('11', 'h'), ('76', 't')), (('76', 'h'), ('203', 'h')), (('203', 't'), ('134', 'h')), (('134', 't'), ('182', 't')), (('182', 'h'), ('183', 't')), (('183', 'h'), ('123', 'h')), (('123', 't'), ('217', 't')), (('217', 'h'), ('100', 'h')), (('100', 't'), ('224', 'h')), (('224', 't'), ('227', 'h')), (('227', 't'), ('88', 'h')), (('88', 't'), ('147', 'h')), (('147', 't'), ('180', 'h')), (('180', 't'), ('169', 'h')), (('169', 't'), ('213', 'h')), (('213', 't'), ('34', 't')), (('34', 'h'), ('70', 'h')), (('70', 't'), ('108', 't')), (('108', 'h'), ('51', 't')), (('51', 'h'), ('46', 't')), (('46', 'h'), ('127', 't')), (('127', 'h'), ('139', 't')), (('139', 'h'), ('81', 'h')), (('81', 't'), ('146', 't')), (('146', 'h'), ('94', 't')), (('94', 'h'), ('111', 't')), (('111', 'h'), ('77', 'h')), (('77', 't'), ('90', 't')), (('90', 'h'), ('119', 't')), (('119', 'h'), ('122', 't'))])

Chosen seed at iteration 39: 1
Chosen chr at iteration 39
Iteration 40
40	deque([(('122', 'h'), ('103', 't')), (('103', 'h'), ('154', 'h')), (('154', 't'), ('73', 'h')), (('73', 't'), ('57', 't')), (('57', 'h'), ('9', 'h')), (('9', 't'), ('105', 'h')), (('105', 't'), ('114', 'h')), (('114', 't'), ('153', 'h')), (('153', 't'), ('118', 'h')), (('118', 't'), ('89', 'h')), (('89', 't'), ('11', 't')), (('11', 'h'), ('76', 't')), (('76', 'h'), ('203', 'h')), (('203', 't'), ('134', 'h')), (('134', 't'), ('182', 't')), (('182', 'h'), ('183', 't')), (('183', 'h'), ('123', 'h')), (('123', 't'), ('217', 't')), (('217', 'h'), ('100', 'h')), (('100', 't'), ('223', 't')), (('223', 'h'), ('227', 'h')), (('227', 't'), ('88', 'h')), (('88', 't'), ('147', 'h')), (('147', 't'), ('180', 'h')), (('180', 't'), ('169', 'h')), (('169', 't'), ('213', 'h')), (('213', 't'), ('34', 't')), (('34', 'h'), ('70', 'h')), (('70', 't'), ('108', 't')), (('108', 'h'), ('51', 't')), (('51', 'h'), ('46', 't')), (('46', 'h'), ('126', 't')), (('126', 'h'), ('139', 't')), (('139', 'h'), ('81', 'h')), (('81', 't'), ('146', 't')), (('146', 'h'), ('94', 't')), (('94', 'h'), ('111', 't')), (('111', 'h'), ('77', 'h')), (('77', 't'), ('90', 't')), (('90', 'h'), ('119', 't')), (('119', 'h'), ('122', 't'))])

Chosen seed at iteration 40: 1
Chosen chr at iteration 40
Iteration 41
41	deque([(('122', 'h'), ('103', 't')), (('103', 'h'), ('154', 'h')), (('154', 't'), ('73', 'h')), (('73', 't'), ('57', 't')), (('57', 'h'), ('9', 'h')), (('9', 't'), ('105', 'h')), (('105', 't'), ('114', 'h')), (('114', 't'), ('153', 'h')), (('153', 't'), ('118', 'h')), (('118', 't'), ('89', 'h')), (('89', 't'), ('11', 't')), (('11', 'h'), ('76', 't')), (('76', 'h'), ('203', 'h')), (('203', 't'), ('134', 'h')), (('134', 't'), ('182', 't')), (('182', 'h'), ('183', 't')), (('183', 'h'), ('123', 'h')), (('123', 't'), ('217', 't')), (('217', 'h'), ('100', 'h')), (('100', 't'), ('223', 't')), (('223', 'h'), ('227', 'h')), (('227', 't'), ('88', 'h')), (('88', 't'), ('147', 'h')), (('147', 't'), ('180', 'h')), (('180', 't'), ('169', 'h')), (('169', 't'), ('213', 'h')), (('213', 't'), ('34', 't')), (('34', 'h'), ('70', 'h')), (('70', 't'), ('108', 't')), (('108', 'h'), ('51', 't')), (('51', 'h'), ('46', 't')), (('46', 'h'), ('127', 't')), (('127', 'h'), ('139', 't')), (('139', 'h'), ('81', 'h')), (('81', 't'), ('146', 't')), (('146', 'h'), ('94', 't')), (('94', 'h'), ('111', 't')), (('111', 'h'), ('77', 'h')), (('77', 't'), ('90', 't')), (('90', 'h'), ('119', 't')), (('119', 'h'), ('122', 't'))])

Chosen seed at iteration 41: 1
Chosen chr at iteration 41
Iteration 42
42	deque([(('122', 'h'), ('103', 't')), (('103', 'h'), ('154', 'h')), (('154', 't'), ('74', 't')), (('74', 'h'), ('57', 't')), (('57', 'h'), ('9', 'h')), (('9', 't'), ('105', 'h')), (('105', 't'), ('114', 'h')), (('114', 't'), ('153', 'h')), (('153', 't'), ('115', 'h')), (('115', 't'), ('89', 'h')), (('89', 't'), ('11', 't')), (('11', 'h'), ('76', 't')), (('76', 'h'), ('203', 'h')), (('203', 't'), ('134', 'h')), (('134', 't'), ('182', 't')), (('182', 'h'), ('183', 't')), (('183', 'h'), ('123', 'h')), (('123', 't'), ('217', 't')), (('217', 'h'), ('100', 'h')), (('100', 't'), ('223', 't')), (('223', 'h'), ('227', 'h')), (('227', 't'), ('88', 'h')), (('88', 't'), ('147', 'h')), (('147', 't'), ('180', 'h')), (('180', 't'), ('169', 'h')), (('169', 't'), ('213', 'h')), (('213', 't'), ('34', 't')), (('34', 'h'), ('70', 'h')), (('70', 't'), ('108', 't')), (('108', 'h'), ('51', 't')), (('51', 'h'), ('46', 't')), (('46', 'h'), ('126', 't')), (('126', 'h'), ('139', 't')), (('139', 'h'), ('81', 'h')), (('81', 't'), ('146', 't')), (('146', 'h'), ('94', 't')), (('94', 'h'), ('111', 't')), (('111', 'h'), ('77', 'h')), (('77', 't'), ('90', 't')), (('90', 'h'), ('119', 't')), (('119', 'h'), ('122', 't'))])

Chosen seed at iteration 42: 1
Chosen chr at iteration 42
Iteration 43
43	deque([(('122', 'h'), ('103', 't')), (('103', 'h'), ('154', 'h')), (('154', 't'), ('74', 't')), (('74', 'h'), ('57', 't')), (('57', 'h'), ('9', 'h')), (('9', 't'), ('105', 'h')), (('105', 't'), ('114', 'h')), (('114', 't'), ('153', 'h')), (('153', 't'), ('115', 'h')), (('115', 't'), ('89', 'h')), (('89', 't'), ('11', 't')), (('11', 'h'), ('76', 't')), (('76', 'h'), ('203', 'h')), (('203', 't'), ('134', 'h')), (('134', 't'), ('182', 't')), (('182', 'h'), ('183', 't')), (('183', 'h'), ('123', 'h')), (('123', 't'), ('217', 't')), (('217', 'h'), ('100', 'h')), (('100', 't'), ('223', 't')), (('223', 'h'), ('227', 'h')), (('227', 't'), ('88', 'h')), (('88', 't'), ('147', 'h')), (('147', 't'), ('180', 'h')), (('180', 't'), ('169', 'h')), (('169', 't'), ('213', 'h')), (('213', 't'), ('34', 't')), (('34', 'h'), ('70', 'h')), (('70', 't'), ('108', 't')), (('108', 'h'), ('51', 't')), (('51', 'h'), ('46', 't')), (('46', 'h'), ('127', 't')), (('127', 'h'), ('139', 't')), (('139', 'h'), ('81', 'h')), (('81', 't'), ('146', 't')), (('146', 'h'), ('94', 't')), (('94', 'h'), ('111', 't')), (('111', 'h'), ('77', 'h')), (('77', 't'), ('90', 't')), (('90', 'h'), ('119', 't')), (('119', 'h'), ('122', 't'))])

Chosen seed at iteration 43: 1
Chosen chr at iteration 43
Iteration 44
44	deque([(('147', 'h'), ('88', 't')), (('88', 'h'), ('227', 't')), (('227', 'h'), ('224', 't')), (('224', 'h'), ('100', 't')), (('100', 'h'), ('217', 'h')), (('217', 't'), ('123', 't')), (('123', 'h'), ('183', 'h')), (('183', 't'), ('182', 'h')), (('182', 't'), ('134', 't')), (('134', 'h'), ('203', 't')), (('203', 'h'), ('76', 'h')), (('76', 't'), ('11', 'h')), (('11', 't'), ('89', 't')), (('89', 'h'), ('118', 't')), (('118', 'h'), ('153', 't')), (('153', 'h'), ('114', 't')), (('114', 'h'), ('105', 't')), (('105', 'h'), ('9', 't')), (('9', 'h'), ('57', 'h')), (('57', 't'), ('73', 't')), (('73', 'h'), ('154', 't')), (('154', 'h'), ('102', 'h')), (('102', 't'), ('122', 'h')), (('122', 't'), ('119', 'h')), (('119', 't'), ('90', 'h')), (('90', 't'), ('77', 't')), (('77', 'h'), ('111', 'h')), (('111', 't'), ('94', 'h')), (('94', 't'), ('146', 'h')), (('146', 't'), ('81', 't')), (('81', 'h'), ('139', 'h')), (('139', 't'), ('126', 'h')), (('126', 't'), ('46', 'h')), (('46', 't'), ('51', 'h')), (('51', 't'), ('108', 'h')), (('108', 't'), ('70', 't')), (('70', 'h'), ('34', 'h')), (('34', 't'), ('213', 't')), (('213', 'h'), ('169', 't')), (('169', 'h'), ('180', 't')), (('180', 'h'), ('147', 't'))])

Chosen seed at iteration 44: 1
Chosen chr at iteration 44
Iteration 45
45	deque([(('147', 'h'), ('88', 't')), (('88', 'h'), ('227', 't')), (('227', 'h'), ('224', 't')), (('224', 'h'), ('100', 't')), (('100', 'h'), ('217', 'h')), (('217', 't'), ('123', 't')), (('123', 'h'), ('183', 'h')), (('183', 't'), ('182', 'h')), (('182', 't'), ('134', 't')), (('134', 'h'), ('203', 't')), (('203', 'h'), ('76', 'h')), (('76', 't'), ('11', 'h')), (('11', 't'), ('89', 't')), (('89', 'h'), ('118', 't')), (('118', 'h'), ('153', 't')), (('153', 'h'), ('114', 't')), (('114', 'h'), ('105', 't')), (('105', 'h'), ('9', 't')), (('9', 'h'), ('57', 'h')), (('57', 't'), ('73', 't')), (('73', 'h'), ('154', 't')), (('154', 'h'), ('102', 'h')), (('102', 't'), ('122', 'h')), (('122', 't'), ('119', 'h')), (('119', 't'), ('90', 'h')), (('90', 't'), ('77', 't')), (('77', 'h'), ('111', 'h')), (('111', 't'), ('94', 'h')), (('94', 't'), ('146', 'h')), (('146', 't'), ('81', 't')), (('81', 'h'), ('139', 'h')), (('139', 't'), ('127', 'h')), (('127', 't'), ('46', 'h')), (('46', 't'), ('51', 'h')), (('51', 't'), ('108', 'h')), (('108', 't'), ('70', 't')), (('70', 'h'), ('34', 'h')), (('34', 't'), ('213', 't')), (('213', 'h'), ('169', 't')), (('169', 'h'), ('180', 't')), (('180', 'h'), ('147', 't'))])

Chosen seed at iteration 45: 1
Chosen chr at iteration 45
Iteration 46
46	deque([(('147', 'h'), ('88', 't')), (('88', 'h'), ('227', 't')), (('227', 'h'), ('224', 't')), (('224', 'h'), ('100', 't')), (('100', 'h'), ('217', 'h')), (('217', 't'), ('123', 't')), (('123', 'h'), ('183', 'h')), (('183', 't'), ('182', 'h')), (('182', 't'), ('134', 't')), (('134', 'h'), ('203', 't')), (('203', 'h'), ('76', 'h')), (('76', 't'), ('11', 'h')), (('11', 't'), ('89', 't')), (('89', 'h'), ('115', 't')), (('115', 'h'), ('153', 't')), (('153', 'h'), ('114', 't')), (('114', 'h'), ('105', 't')), (('105', 'h'), ('9', 't')), (('9', 'h'), ('57', 'h')), (('57', 't'), ('74', 'h')), (('74', 't'), ('154', 't')), (('154', 'h'), ('102', 'h')), (('102', 't'), ('122', 'h')), (('122', 't'), ('119', 'h')), (('119', 't'), ('90', 'h')), (('90', 't'), ('77', 't')), (('77', 'h'), ('111', 'h')), (('111', 't'), ('94', 'h')), (('94', 't'), ('146', 'h')), (('146', 't'), ('81', 't')), (('81', 'h'), ('139', 'h')), (('139', 't'), ('126', 'h')), (('126', 't'), ('46', 'h')), (('46', 't'), ('51', 'h')), (('51', 't'), ('108', 'h')), (('108', 't'), ('70', 't')), (('70', 'h'), ('34', 'h')), (('34', 't'), ('213', 't')), (('213', 'h'), ('169', 't')), (('169', 'h'), ('180', 't')), (('180', 'h'), ('147', 't'))])

Chosen seed at iteration 46: 1
Chosen chr at iteration 46
Iteration 47
47	deque([(('147', 'h'), ('88', 't')), (('88', 'h'), ('227', 't')), (('227', 'h'), ('224', 't')), (('224', 'h'), ('100', 't')), (('100', 'h'), ('217', 'h')), (('217', 't'), ('123', 't')), (('123', 'h'), ('183', 'h')), (('183', 't'), ('182', 'h')), (('182', 't'), ('134', 't')), (('134', 'h'), ('203', 't')), (('203', 'h'), ('76', 'h')), (('76', 't'), ('11', 'h')), (('11', 't'), ('89', 't')), (('89', 'h'), ('115', 't')), (('115', 'h'), ('153', 't')), (('153', 'h'), ('114', 't')), (('114', 'h'), ('105', 't')), (('105', 'h'), ('9', 't')), (('9', 'h'), ('57', 'h')), (('57', 't'), ('74', 'h')), (('74', 't'), ('154', 't')), (('154', 'h'), ('102', 'h')), (('102', 't'), ('122', 'h')), (('122', 't'), ('119', 'h')), (('119', 't'), ('90', 'h')), (('90', 't'), ('77', 't')), (('77', 'h'), ('111', 'h')), (('111', 't'), ('94', 'h')), (('94', 't'), ('146', 'h')), (('146', 't'), ('81', 't')), (('81', 'h'), ('139', 'h')), (('139', 't'), ('127', 'h')), (('127', 't'), ('46', 'h')), (('46', 't'), ('51', 'h')), (('51', 't'), ('108', 'h')), (('108', 't'), ('70', 't')), (('70', 'h'), ('34', 'h')), (('34', 't'), ('213', 't')), (('213', 'h'), ('169', 't')), (('169', 'h'), ('180', 't')), (('180', 'h'), ('147', 't'))])

Chosen seed at iteration 47: 1
Chosen chr at iteration 47
Iteration 48
48	deque([(('147', 'h'), ('88', 't')), (('88', 'h'), ('227', 't')), (('227', 'h'), ('223', 'h')), (('223', 't'), ('100', 't')), (('100', 'h'), ('217', 'h')), (('217', 't'), ('123', 't')), (('123', 'h'), ('183', 'h')), (('183', 't'), ('182', 'h')), (('182', 't'), ('134', 't')), (('134', 'h'), ('203', 't')), (('203', 'h'), ('76', 'h')), (('76', 't'), ('11', 'h')), (('11', 't'), ('89', 't')), (('89', 'h'), ('118', 't')), (('118', 'h'), ('153', 't')), (('153', 'h'), ('114', 't')), (('114', 'h'), ('105', 't')), (('105', 'h'), ('9', 't')), (('9', 'h'), ('57', 'h')), (('57', 't'), ('73', 't')), (('73', 'h'), ('154', 't')), (('154', 'h'), ('102', 'h')), (('102', 't'), ('122', 'h')), (('122', 't'), ('119', 'h')), (('119', 't'), ('90', 'h')), (('90', 't'), ('77', 't')), (('77', 'h'), ('111', 'h')), (('111', 't'), ('94', 'h')), (('94', 't'), ('146', 'h')), (('146', 't'), ('81', 't')), (('81', 'h'), ('139', 'h')), (('139', 't'), ('126', 'h')), (('126', 't'), ('46', 'h')), (('46', 't'), ('51', 'h')), (('51', 't'), ('108', 'h')), (('108', 't'), ('70', 't')), (('70', 'h'), ('34', 'h')), (('34', 't'), ('213', 't')), (('213', 'h'), ('169', 't')), (('169', 'h'), ('180', 't')), (('180', 'h'), ('147', 't'))])

Chosen seed at iteration 48: 1
Chosen chr at iteration 48
Iteration 49
49	deque([(('147', 'h'), ('88', 't')), (('88', 'h'), ('227', 't')), (('227', 'h'), ('223', 'h')), (('223', 't'), ('100', 't')), (('100', 'h'), ('217', 'h')), (('217', 't'), ('123', 't')), (('123', 'h'), ('183', 'h')), (('183', 't'), ('182', 'h')), (('182', 't'), ('134', 't')), (('134', 'h'), ('203', 't')), (('203', 'h'), ('76', 'h')), (('76', 't'), ('11', 'h')), (('11', 't'), ('89', 't')), (('89', 'h'), ('118', 't')), (('118', 'h'), ('153', 't')), (('153', 'h'), ('114', 't')), (('114', 'h'), ('105', 't')), (('105', 'h'), ('9', 't')), (('9', 'h'), ('57', 'h')), (('57', 't'), ('73', 't')), (('73', 'h'), ('154', 't')), (('154', 'h'), ('102', 'h')), (('102', 't'), ('122', 'h')), (('122', 't'), ('119', 'h')), (('119', 't'), ('90', 'h')), (('90', 't'), ('77', 't')), (('77', 'h'), ('111', 'h')), (('111', 't'), ('94', 'h')), (('94', 't'), ('146', 'h')), (('146', 't'), ('81', 't')), (('81', 'h'), ('139', 'h')), (('139', 't'), ('127', 'h')), (('127', 't'), ('46', 'h')), (('46', 't'), ('51', 'h')), (('51', 't'), ('108', 'h')), (('108', 't'), ('70', 't')), (('70', 'h'), ('34', 'h')), (('34', 't'), ('213', 't')), (('213', 'h'), ('169', 't')), (('169', 'h'), ('180', 't')), (('180', 'h'), ('147', 't'))])

Chosen seed at iteration 49: 1
Chosen chr at iteration 49
Iteration 1
1	deque([(('16', 'h'), ('16', 't')), (('16', 'h'), ('16', 't'))])

Chosen seed at iteration 1: 1
Chosen chr at iteration 1
Iteration 2
2	deque([(('85', 'h'), ('214', 't')), (('214', 'h'), ('20', 't')), (('20', 'h'), ('190', 't')), (('190', 'h'), ('85', 't'))])
2	deque([(('49', 'h'), ('53', 't')), (('53', 'h'), ('49', 't'))])
2	deque([(('144', 'h'), ('161', 't')), (('161', 'h'), ('144', 't'))])

Chosen seed at iteration 2: 2
Chosen chr at iteration 2
Iteration 3
3	deque([(('21', 'h'), ('142', 't')), (('142', 'h'), ('179', 't')), (('179', 'h'), ('198', 't')), (('198', 'h'), ('220', 't')), (('220', 'h'), ('157', 'h')), (('157', 't'), ('88', 't')), (('88', 'h'), ('227', 't')), (('227', 'h'), ('224', 't')), (('224', 'h'), ('100', 't')), (('100', 'h'), ('217', 'h')), (('217', 't'), ('123', 't')), (('123', 'h'), ('185', 'h')), (('185', 't'), ('181', 't')), (('181', 'h'), ('199', 'h')), (('199', 't'), ('170', 'h')), (('170', 't'), ('203', 't')), (('203', 'h'), ('76', 'h')), (('76', 't'), ('175', 'h')), (('175', 't'), ('219', 'h')), (('219', 't'), ('212', 't')), (('212', 'h'), ('189', 'h')), (('189', 't'), ('204', 'h')), (('204', 't'), ('171', 't')), (('171', 'h'), ('21', 't'))])
3	deque([(('85', 'h'), ('214', 't')), (('214', 'h'), ('20', 't')), (('20', 'h'), ('190', 't')), (('190', 'h'), ('85', 't'))])
3	deque([(('141', 't'), ('128', 't')), (('128', 'h'), ('141', 'h'))])
3	deque([(('174', 'h'), ('125', 'h')), (('125', 't'), ('174', 't'))])
3	deque([(('160', 't'), ('84', 't')), (('84', 'h'), ('160', 'h'))])
3	deque([(('144', 'h'), ('161', 't')), (('161', 'h'), ('144', 't'))])

Chosen seed at iteration 3: 6
Chosen chr at iteration 3
Iteration 4
4	deque([(('21', 'h'), ('142', 't')), (('142', 'h'), ('179', 't')), (('179', 'h'), ('198', 't')), (('198', 'h'), ('220', 't')), (('220', 'h'), ('157', 'h')), (('157', 't'), ('88', 't')), (('88', 'h'), ('227', 't')), (('227', 'h'), ('224', 't')), (('224', 'h'), ('100', 't')), (('100', 'h'), ('217', 'h')), (('217', 't'), ('123', 't')), (('123', 'h'), ('185', 'h')), (('185', 't'), ('181', 't')), (('181', 'h'), ('199', 'h')), (('199', 't'), ('170', 'h')), (('170', 't'), ('203', 't')), (('203', 'h'), ('76', 'h')), (('76', 't'), ('175', 'h')), (('175', 't'), ('219', 'h')), (('219', 't'), ('212', 't')), (('212', 'h'), ('189', 'h')), (('189', 't'), ('204', 'h')), (('204', 't'), ('171', 't')), (('171', 'h'), ('21', 't'))])
4	deque([(('121', 'h'), ('158', 't')), (('158', 'h'), ('192', 't')), (('192', 'h'), ('178', 't')), (('178', 'h'), ('121', 't'))])
4	deque([(('162', 'h'), ('144', 'h')), (('144', 't'), ('162', 't'))])
4	deque([(('190', 'h'), ('85', 't')), (('85', 'h'), ('214', 't')), (('214', 'h'), ('20', 't')), (('20', 'h'), ('190', 't'))])
4	deque([(('141', 't'), ('128', 't')), (('128', 'h'), ('141', 'h'))])
4	deque([(('174', 'h'), ('125', 'h')), (('125', 't'), ('174', 't'))])
4	deque([(('160', 't'), ('84', 't')), (('84', 'h'), ('160', 'h'))])

Chosen seed at iteration 4: 7
Chosen chr at iteration 4
Iteration 5
5	deque([(('21', 'h'), ('142', 't')), (('142', 'h'), ('179', 't')), (('179', 'h'), ('198', 't')), (('198', 'h'), ('220', 't')), (('220', 'h'), ('157', 'h')), (('157', 't'), ('88', 't')), (('88', 'h'), ('227', 't')), (('227', 'h'), ('224', 't')), (('224', 'h'), ('100', 't')), (('100', 'h'), ('217', 'h')), (('217', 't'), ('123', 't')), (('123', 'h'), ('185', 'h')), (('185', 't'), ('181', 't')), (('181', 'h'), ('199', 'h')), (('199', 't'), ('170', 'h')), (('170', 't'), ('203', 't')), (('203', 'h'), ('76', 'h')), (('76', 't'), ('175', 'h')), (('175', 't'), ('219', 'h')), (('219', 't'), ('212', 't')), (('212', 'h'), ('189', 'h')), (('189', 't'), ('204', 'h')), (('204', 't'), ('171', 't')), (('171', 'h'), ('21', 't'))])
5	deque([(('162', 'h'), ('144', 'h')), (('144', 't'), ('162', 't'))])
5	deque([(('190', 'h'), ('85', 't')), (('85', 'h'), ('214', 't')), (('214', 'h'), ('20', 't')), (('20', 'h'), ('190', 't'))])
5	deque([(('141', 't'), ('128', 't')), (('128', 'h'), ('141', 'h'))])
5	deque([(('174', 'h'), ('125', 'h')), (('125', 't'), ('174', 't'))])

Chosen seed at iteration 5: 2
Chosen chr at iteration 5
Iteration 6
6	deque([(('21', 'h'), ('142', 't')), (('142', 'h'), ('179', 't')), (('179', 'h'), ('198', 't')), (('198', 'h'), ('220', 't')), (('220', 'h'), ('157', 'h')), (('157', 't'), ('88', 't')), (('88', 'h'), ('227', 't')), (('227', 'h'), ('224', 't')), (('224', 'h'), ('100', 't')), (('100', 'h'), ('217', 'h')), (('217', 't'), ('123', 't')), (('123', 'h'), ('185', 'h')), (('185', 't'), ('181', 't')), (('181', 'h'), ('199', 'h')), (('199', 't'), ('170', 'h')), (('170', 't'), ('203', 't')), (('203', 'h'), ('76', 'h')), (('76', 't'), ('175', 'h')), (('175', 't'), ('219', 'h')), (('219', 't'), ('212', 't')), (('212', 'h'), ('189', 'h')), (('189', 't'), ('204', 'h')), (('204', 't'), ('171', 't')), (('171', 'h'), ('21', 't'))])
6	deque([(('190', 'h'), ('85', 't')), (('85', 'h'), ('214', 't')), (('214', 'h'), ('20', 't')), (('20', 'h'), ('190', 't'))])
6	deque([(('141', 't'), ('128', 't')), (('128', 'h'), ('141', 'h'))])
6	deque([(('174', 'h'), ('125', 'h')), (('125', 't'), ('174', 't'))])

Chosen seed at iteration 6: 4
Chosen chr at iteration 6
Iteration 7
7	deque([(('21', 'h'), ('142', 't')), (('142', 'h'), ('179', 't')), (('179', 'h'), ('198', 't')), (('198', 'h'), ('220', 't')), (('220', 'h'), ('157', 'h')), (('157', 't'), ('88', 't')), (('88', 'h'), ('227', 't')), (('227', 'h'), ('224', 't')), (('224', 'h'), ('100', 't')), (('100', 'h'), ('217', 'h')), (('217', 't'), ('123', 't')), (('123', 'h'), ('185', 'h')), (('185', 't'), ('181', 't')), (('181', 'h'), ('199', 'h')), (('199', 't'), ('170', 'h')), (('170', 't'), ('203', 't')), (('203', 'h'), ('76', 'h')), (('76', 't'), ('175', 'h')), (('175', 't'), ('219', 'h')), (('219', 't'), ('212', 't')), (('212', 'h'), ('189', 'h')), (('189', 't'), ('204', 'h')), (('204', 't'), ('171', 't')), (('171', 'h'), ('21', 't'))])
7	deque([(('141', 't'), ('128', 't')), (('128', 'h'), ('141', 'h'))])
7	deque([(('121', 'h'), ('158', 't')), (('158', 'h'), ('192', 't')), (('192', 'h'), ('178', 't')), (('178', 'h'), ('121', 't'))])
7	deque([(('85', 'h'), ('214', 't')), (('214', 'h'), ('20', 't')), (('20', 'h'), ('190', 't')), (('190', 'h'), ('85', 't'))])

Chosen seed at iteration 7: 2
Chosen chr at iteration 7
Iteration 8
8	deque([(('21', 'h'), ('142', 't')), (('142', 'h'), ('179', 't')), (('179', 'h'), ('198', 't')), (('198', 'h'), ('220', 't')), (('220', 'h'), ('157', 'h')), (('157', 't'), ('88', 't')), (('88', 'h'), ('227', 't')), (('227', 'h'), ('224', 't')), (('224', 'h'), ('100', 't')), (('100', 'h'), ('217', 'h')), (('217', 't'), ('123', 't')), (('123', 'h'), ('185', 'h')), (('185', 't'), ('181', 't')), (('181', 'h'), ('199', 'h')), (('199', 't'), ('170', 'h')), (('170', 't'), ('203', 't')), (('203', 'h'), ('76', 'h')), (('76', 't'), ('175', 'h')), (('175', 't'), ('219', 'h')), (('219', 't'), ('212', 't')), (('212', 'h'), ('189', 'h')), (('189', 't'), ('204', 'h')), (('204', 't'), ('171', 't')), (('171', 'h'), ('21', 't'))])
8	deque([(('85', 'h'), ('214', 't')), (('214', 'h'), ('20', 't')), (('20', 'h'), ('190', 't')), (('190', 'h'), ('85', 't'))])

Chosen seed at iteration 8: 2
Chosen chr at iteration 8
Iteration 9
Iteration 1
1	deque([(('16', 'h'), ('16', 't')), (('16', 'h'), ('16', 't'))])

Chosen seed at iteration 1: 1
Chosen chr at iteration 1
