Iteration 1
1	deque([(('195_0', 'h'), ('100_2', 't')), (('161_0', 'h'), ('195_0', 't')), (('212_0', 'h'), ('161_0', 't')), (('219_2', 'h'), ('212_0', 't')), (('121_0', 'h'), ('219_2', 't')), (('83_2', 'h'), ('121_0', 't')), (('152_7', 'h'), ('83_2', 't')), (('277_2', 't'), ('152_7', 't')), (('277_2', 'h'), ('184_1', 'h')), (('184_1', 't'), ('178_2', 't')), (('178_2', 'h'), ('108_2', 't')), (('217_1', 'h'), ('108_2', 'h')), (('217_1', 't'), ('160_0', 't')), (('160_0', 'h'), ('124_3', 't')), (('124_3', 'h'), ('114_0', 'h')), (('109_0', 'h'), ('114_0', 't')), (('61_0', 'h'), ('109_0', 't')), (('173_4', 't'), ('61_0', 't')), (('173_4', 'h'), ('150_7', 't')), (('150_7', 'h'), ('143_0', 'h')), (('143_0', 't'), ('98_1', 't')), (('141_2', 'h'), ('98_1', 'h')), (('168_2', 't'), ('141_2', 't')), (('168_2', 'h'), ('163_1', 'h')), (('187_0', 't'), ('163_1', 't')), (('187_0', 'h'), ('81_1', 't')), (('81_1', 'h'), ('217_0', 't')), (('217_0', 'h'), ('175_2', 't')), (('175_2', 'h'), ('109_6', 't')), (('147_2', 'h'), ('109_6', 'h')), (('220_3', 't'), ('147_2', 't')), (('220_3', 'h'), ('166_0', 't')), (('166_0', 'h'), ('183_1', 't')), (('183_1', 'h'), ('167_0', 'h')), (('167_0', 't'), ('162_2', 't')), (('162_2', 'h'), ('182_5', 't')), (('263_3', 'h'), ('182_5', 'h')), (('263_3', 't'), ('159_0', 't')), (('159_0', 'h'), ('223_3', 't')), (('246_5', 'h'), ('223_3', 'h')), (('246_5', 't'), ('144_2', 't')), (('144_2', 'h'), ('210_1', 't')), (('210_1', 'h'), ('248_2', 't')), (('248_2', 'h'), ('235_5', 'h')), (('257_2', 'h'), ('235_5', 't')), (('104_0', 'h'), ('257_2', 't')), (('150_2', 't'), ('104_0', 't')), (('150_2', 'h'), ('145_4', 't')), (('145_4', 'h'), ('116_0', 'h')), (('130_6', 'h'), ('116_0', 't')), (('100_2', 'h'), ('130_6', 't'))])
1	deque([(('103_0', 'h'), ('199_0', 't')), (('199_21', 'h'), ('103_0', 't')), (('92_52', 'h'), ('199_21', 't')), (('199_0', 'h'), ('92_52', 't'))])

Chosen seed at iteration 1: 1
Chosen chr at iteration 1



Chosen seed at iteration 2: 2
Chosen chr at iteration 2


Iteration 3
3	deque([(('200_0', 'h'), ('139_0', 't')), (('139_0', 'h'), ('112_0', 't')), (('130_3', 'h'), ('112_0', 'h')), (('100_2', 'h'), ('130_3', 't')), (('195_0', 'h'), ('100_2', 't')), (('161_0', 'h'), ('195_0', 't')), (('212_2', 'h'), ('161_0', 't')), (('219_2', 'h'), ('212_2', 't')), (('121_2', 'h'), ('219_2', 't')), (('83_2', 'h'), ('121_2', 't')), (('152_5', 'h'), ('83_2', 't')), (('277_3', 't'), ('152_5', 't')), (('277_3', 'h'), ('184_4', 'h')), (('177_1', 'h'), ('184_4', 't')), (('177_1', 't'), ('149_1', 't')), (('238_0', 'h'), ('149_1', 'h')), (('238_0', 't'), ('181_2', 't')), (('181_2', 'h'), ('200_0', 't'))])
3	deque([(('199_56', 'h'), ('92_74', 't')), (('92_74', 'h'), ('199_57', 't')), (('199_57', 'h'), ('103_0', 't')), (('103_0', 'h'), ('199_56', 't'))])

Chosen seed at iteration 3: 1
Chosen chr at iteration 3



Chosen seed at iteration 4: 2
Chosen chr at iteration 4


Iteration 1
1	deque([(('109_0', 'h'), ('114_1', 't')), (('124_0', 'h'), ('114_1', 'h')), (('160_1', 'h'), ('124_0', 't')), (('217_4', 't'), ('160_1', 't')), (('217_4', 'h'), ('175_2', 't')), (('175_2', 'h'), ('109_0', 't'))])

Chosen seed at iteration 1: 1
Chosen chr at iteration 1


Iteration 2
2	deque([(('97_0', 'h'), ('118_0', 't')), (('251_4', 't'), ('97_0', 't')), (('251_4', 'h'), ('264_29', 't')), (('264_29', 'h'), ('271_8', 't')), (('271_8', 'h'), ('225_56', 'h')), (('267_12', 't'), ('225_56', 't')), (('267_12', 'h'), ('231_33', 'h')), (('193_36', 'h'), ('231_33', 't')), (('232_30', 't'), ('193_36', 't')), (('232_30', 'h'), ('203_3', 't')), (('203_3', 'h'), ('39_1', 'h')), (('197_1', 't'), ('39_1', 't')), (('197_1', 'h'), ('137_1', 't')), (('137_1', 'h'), ('62_1', 't')), (('62_1', 'h'), ('135_1', 't')), (('135_1', 'h'), ('54_0', 't')), (('54_0', 'h'), ('139_2', 't')), (('139_2', 'h'), ('112_2', 't')), (('130_4', 'h'), ('112_2', 'h')), (('130_4', 't'), ('93_1', 't')), (('118_0', 'h'), ('93_1', 'h'))])
2	deque([(('160_1', 'h'), ('124_1', 't')), (('124_1', 'h'), ('114_1', 'h')), (('109_2', 'h'), ('114_1', 't')), (('175_1', 'h'), ('109_2', 't')), (('217_4', 'h'), ('175_1', 't')), (('217_4', 't'), ('160_1', 't'))])

Chosen seed at iteration 2: 1
Chosen chr at iteration 2



Chosen seed at iteration 3: 2
Chosen chr at iteration 3


Iteration 4
4	deque([(('167_3', 't'), ('162_2', 't')), (('162_2', 'h'), ('182_4', 't')), (('263_3', 'h'), ('182_4', 'h')), (('263_3', 't'), ('159_1', 't')), (('159_1', 'h'), ('223_3', 't')), (('246_2', 'h'), ('223_3', 'h')), (('246_2', 't'), ('144_0', 't')), (('144_0', 'h'), ('210_2', 't')), (('210_2', 'h'), ('248_1', 't')), (('248_1', 'h'), ('235_9', 'h')), (('257_7', 'h'), ('235_9', 't')), (('110_0', 'h'), ('257_7', 't')), (('139_3', 'h'), ('110_0', 't')), (('54_1', 'h'), ('139_3', 't')), (('135_0', 'h'), ('54_1', 't')), (('62_0', 'h'), ('135_0', 't')), (('137_1', 'h'), ('62_0', 't')), (('197_1', 'h'), ('137_1', 't')), (('197_1', 't'), ('39_1', 't')), (('203_3', 'h'), ('39_1', 'h')), (('232_21', 'h'), ('203_3', 't')), (('232_21', 't'), ('193_26', 't')), (('193_26', 'h'), ('231_33', 't')), (('267_13', 'h'), ('231_33', 'h')), (('267_13', 't'), ('225_51', 't')), (('271_18', 'h'), ('225_51', 'h')), (('264_44', 'h'), ('271_18', 't')), (('251_5', 'h'), ('264_44', 't')), (('251_5', 't'), ('97_1', 't')), (('97_1', 'h'), ('118_0', 't')), (('118_0', 'h'), ('93_0', 'h')), (('130_0', 't'), ('93_0', 't')), (('130_0', 'h'), ('112_2', 'h')), (('139_1', 'h'), ('112_2', 't')), (('200_2', 'h'), ('139_1', 't')), (('181_4', 'h'), ('200_2', 't')), (('238_2', 't'), ('181_4', 't')), (('238_2', 'h'), ('149_0', 'h')), (('177_2', 't'), ('149_0', 't')), (('177_2', 'h'), ('184_7', 't')), (('277_1', 'h'), ('184_7', 'h')), (('277_1', 't'), ('152_6', 't')), (('152_6', 'h'), ('176_6', 't')), (('176_6', 'h'), ('154_2', 'h')), (('154_2', 't'), ('74_0', 't')), (('74_0', 'h'), ('109_2', 't')), (('147_2', 'h'), ('109_2', 'h')), (('220_0', 't'), ('147_2', 't')), (('220_0', 'h'), ('166_2', 't')), (('166_2', 'h'), ('183_3', 't')), (('183_3', 'h'), ('167_3', 'h'))])
4	deque([(('217_4', 't'), ('160_1', 't')), (('217_4', 'h'), ('175_1', 't')), (('175_1', 'h'), ('109_4', 't')), (('109_4', 'h'), ('114_1', 't')), (('124_2', 'h'), ('114_1', 'h')), (('160_1', 'h'), ('124_2', 't'))])

Chosen seed at iteration 4: 1
Chosen chr at iteration 4



Chosen seed at iteration 5: 2
Chosen chr at iteration 5


Iteration 1
1	deque([(('199_35', 'h'), ('92_60', 't')), (('92_60', 'h'), ('199_35', 't'))])

Chosen seed at iteration 1: 1
Chosen chr at iteration 1


Iteration 2
2	deque([(('159_2', 'h'), ('223_5', 't')), (('246_5', 'h'), ('223_5', 'h')), (('246_5', 't'), ('144_7', 't')), (('144_7', 'h'), ('210_6', 't')), (('210_6', 'h'), ('248_2', 't')), (('248_2', 'h'), ('235_0', 'h')), (('257_2', 'h'), ('235_0', 't')), (('104_2', 'h'), ('257_2', 't')), (('150_3', 't'), ('104_2', 't')), (('150_3', 'h'), ('143_2', 'h')), (('143_2', 't'), ('98_3', 't')), (('141_0', 'h'), ('98_3', 'h')), (('168_3', 't'), ('141_0', 't')), (('168_3', 'h'), ('153_1', 'h')), (('187_4', 't'), ('153_1', 't')), (('187_4', 'h'), ('81_2', 't')), (('81_2', 'h'), ('217_2', 't')), (('217_2', 'h'), ('175_2', 't')), (('175_2', 'h'), ('109_1', 't')), (('147_1', 'h'), ('109_1', 'h')), (('220_3', 't'), ('147_1', 't')), (('220_3', 'h'), ('166_1', 't')), (('166_1', 'h'), ('183_1', 't')), (('183_1', 'h'), ('167_0', 'h')), (('167_0', 't'), ('162_0', 't')), (('162_0', 'h'), ('182_7', 't')), (('263_0', 'h'), ('182_7', 'h')), (('263_0', 't'), ('159_2', 't'))])
2	deque([(('92_83', 'h'), ('199_31', 't')), (('199_31', 'h'), ('92_83', 't'))])

Chosen seed at iteration 2: 1
Chosen chr at iteration 2



Chosen seed at iteration 3: 2
Chosen chr at iteration 3


Iteration 4
4	deque([(('187_4', 't'), ('153_0', 't')), (('187_4', 'h'), ('81_2', 't')), (('81_2', 'h'), ('217_2', 't')), (('217_2', 'h'), ('175_2', 't')), (('175_2', 'h'), ('109_0', 't')), (('147_1', 'h'), ('109_0', 'h')), (('220_3', 't'), ('147_1', 't')), (('220_3', 'h'), ('166_1', 't')), (('166_1', 'h'), ('183_0', 't')), (('183_0', 'h'), ('167_2', 'h')), (('167_2', 't'), ('162_0', 't')), (('162_0', 'h'), ('182_7', 't')), (('263_4', 'h'), ('182_7', 'h')), (('263_4', 't'), ('159_2', 't')), (('159_2', 'h'), ('223_5', 't')), (('246_1', 'h'), ('223_5', 'h')), (('246_1', 't'), ('144_1', 't')), (('144_1', 'h'), ('210_3', 't')), (('210_3', 'h'), ('248_3', 't')), (('248_3', 'h'), ('235_5', 'h')), (('257_4', 'h'), ('235_5', 't')), (('104_2', 'h'), ('257_4', 't')), (('150_4', 't'), ('104_2', 't')), (('150_4', 'h'), ('143_2', 'h')), (('143_2', 't'), ('98_5', 't')), (('141_0', 'h'), ('98_5', 'h')), (('168_3', 't'), ('141_0', 't')), (('168_3', 'h'), ('153_0', 'h'))])
4	deque([(('199_41', 'h'), ('92_7', 't')), (('92_7', 'h'), ('199_41', 't'))])

Chosen seed at iteration 4: 1
Chosen chr at iteration 4



Chosen seed at iteration 5: 2
Chosen chr at iteration 5


Iteration 1
1	deque([(('264_39', 'h'), ('271_34', 't')), (('271_34', 'h'), ('225_28', 'h')), (('267_26', 't'), ('225_28', 't')), (('267_26', 'h'), ('231_27', 'h')), (('193_38', 'h'), ('231_27', 't')), (('227_17', 't'), ('193_38', 't')), (('227_17', 'h'), ('216_1', 't')), (('216_1', 'h'), ('78_1', 't')), (('127_3', 'h'), ('78_1', 'h')), (('127_3', 't'), ('33_0', 't')), (('130_5', 'h'), ('33_0', 'h')), (('130_5', 't'), ('93_1', 't')), (('118_1', 'h'), ('93_1', 'h')), (('97_0', 'h'), ('118_1', 't')), (('251_3', 't'), ('97_0', 't')), (('251_3', 'h'), ('264_39', 't'))])
1	deque([(('92_13', 'h'), ('199_68', 't')), (('199_68', 'h'), ('92_13', 't'))])

Chosen seed at iteration 1: 1
Chosen chr at iteration 1



Chosen seed at iteration 2: 2
Chosen chr at iteration 2


Iteration 3
3	deque([(('127_2', 't'), ('33_0', 't')), (('127_2', 'h'), ('78_1', 'h')), (('216_3', 'h'), ('78_1', 't')), (('227_18', 'h'), ('216_3', 't')), (('227_18', 't'), ('193_4', 't')), (('193_4', 'h'), ('231_27', 't')), (('267_18', 'h'), ('231_27', 'h')), (('267_18', 't'), ('225_49', 't')), (('271_37', 'h'), ('225_49', 'h')), (('264_34', 'h'), ('271_37', 't')), (('251_6', 'h'), ('264_34', 't')), (('251_6', 't'), ('97_0', 't')), (('97_0', 'h'), ('118_1', 't')), (('118_1', 'h'), ('93_1', 'h')), (('130_5', 't'), ('93_1', 't')), (('130_5', 'h'), ('33_0', 'h'))])
3	deque([(('92_78', 'h'), ('199_74', 't')), (('199_74', 'h'), ('92_78', 't'))])

Chosen seed at iteration 3: 1
Chosen chr at iteration 3



Chosen seed at iteration 4: 2
Chosen chr at iteration 4


Iteration 1
1	deque([(('167_0', 't'), ('162_3', 't')), (('183_1', 'h'), ('167_0', 'h')), (('183_1', 't'), ('136_2', 't')), (('136_2', 'h'), ('257_6', 't')), (('257_6', 'h'), ('235_3', 't')), (('244_4', 'h'), ('235_3', 'h')), (('210_9', 'h'), ('244_4', 't')), (('144_4', 'h'), ('210_9', 't')), (('246_4', 't'), ('144_4', 't')), (('246_4', 'h'), ('196_2', 'h')), (('155_1', 'h'), ('196_2', 't')), (('263_1', 't'), ('155_1', 't')), (('263_1', 'h'), ('182_5', 'h')), (('162_3', 'h'), ('182_5', 't'))])
1	deque([(('35_3', 'h'), ('35_3', 't'))])

Chosen seed at iteration 1: 1
Chosen chr at iteration 1



Chosen seed at iteration 2: 2
Chosen chr at iteration 2


Iteration 3
3	deque([(('246_4', 'h'), ('196_0', 'h')), (('246_4', 't'), ('144_6', 't')), (('144_6', 'h'), ('210_8', 't')), (('210_8', 'h'), ('244_8', 't')), (('244_8', 'h'), ('235_3', 'h')), (('257_6', 'h'), ('235_3', 't')), (('136_1', 'h'), ('257_6', 't')), (('183_1', 't'), ('136_1', 't')), (('183_1', 'h'), ('167_0', 'h')), (('167_0', 't'), ('162_4', 't')), (('162_4', 'h'), ('182_5', 't')), (('263_1', 'h'), ('182_5', 'h')), (('263_1', 't'), ('155_1', 't')), (('155_1', 'h'), ('196_0', 't'))])
3	deque([(('96_1', 'h'), ('251_1', 't'))])
3	deque([(('12_0', 'h'), ('226_2', 't'))])
3	deque([(('246_4', 'h'), ('196_7', 'h'))])
3	deque([(('271_29', 'h'), ('225_24', 'h')), (('264_36', 'h'), ('271_29', 't')), (('251_4', 'h'), ('264_36', 't')), (('96_1', 'h'), ('251_4', 't')), (('127_3', 't'), ('96_1', 't')), (('226_2', 'h'), ('127_3', 'h'))])
3	deque([(('232_24', 't'), ('193_58', 't')), (('232_24', 'h'), ('228_6', 't'))])
3	deque([(('152_4', 'h'), ('176_4', 't'))])
3	deque([(('267_7', 'h'), ('231_13', 'h')), (('193_58', 'h'), ('231_13', 't'))])
3	deque([(('162_4', 'h'), ('182_6', 't')), (('263_1', 'h'), ('182_6', 'h'))])
3	deque([(('267_7', 't'), ('225_24', 't'))])
3	deque([(('155_1', 'h'), ('196_7', 't'))])
3	deque([(('35_1', 'h'), ('35_1', 't'))])
3	deque([(('35_2', 'h'), ('35_2', 't'))])
3	deque([(('176_4', 'h'), ('132_1', 'h'))])

Chosen seed at iteration 3: 1
Chosen chr at iteration 3



Chosen seed at iteration 4: 2
Chosen chr at iteration 4



Chosen seed at iteration 5: 3
Chosen chr at iteration 5



Chosen seed at iteration 6: 4
Chosen chr at iteration 6



Chosen seed at iteration 7: 5
Chosen chr at iteration 7



Chosen seed at iteration 8: 6
Chosen chr at iteration 8



Chosen seed at iteration 9: 7
Chosen chr at iteration 9



Chosen seed at iteration 10: 8
Chosen chr at iteration 10



Chosen seed at iteration 11: 9
Chosen chr at iteration 11



Chosen seed at iteration 12: 10
Chosen chr at iteration 12



Chosen seed at iteration 13: 11
Chosen chr at iteration 13



Chosen seed at iteration 14: 12
Chosen chr at iteration 14



Chosen seed at iteration 15: 13
Chosen chr at iteration 15



Chosen seed at iteration 16: 14
Chosen chr at iteration 16


Iteration 1
1	deque([(('35_0', 'h'), ('35_0', 't'))])
1	deque([(('92_29', 'h'), ('199_71', 't')), (('199_71', 'h'), ('92_29', 't'))])

Chosen seed at iteration 1: 1
Chosen chr at iteration 1



Chosen seed at iteration 2: 2
Chosen chr at iteration 2


Iteration 3
3	deque([(('92_36', 'h'), ('199_75', 't')), (('199_75', 'h'), ('92_36', 't'))])
3	deque([(('35_3', 'h'), ('35_3', 't'))])

Chosen seed at iteration 3: 1
Chosen chr at iteration 3



Chosen seed at iteration 4: 2
Chosen chr at iteration 4


Iteration 1
1	deque([(('264_23', 'h'), ('271_12', 't')), (('271_12', 'h'), ('225_1', 'h')), (('267_61', 't'), ('225_1', 't')), (('267_61', 'h'), ('231_10', 'h')), (('193_60', 'h'), ('231_10', 't')), (('232_6', 't'), ('193_60', 't')), (('232_6', 'h'), ('203_1', 't')), (('203_1', 'h'), ('36_1', 't')), (('36_1', 'h'), ('196_2', 't')), (('246_3', 'h'), ('196_2', 'h')), (('246_3', 't'), ('144_3', 't')), (('144_3', 'h'), ('210_9', 't')), (('210_9', 'h'), ('244_1', 't')), (('244_1', 'h'), ('235_0', 'h')), (('257_2', 'h'), ('235_0', 't')), (('136_2', 'h'), ('257_2', 't')), (('183_4', 't'), ('136_2', 't')), (('183_4', 'h'), ('167_4', 'h')), (('167_4', 't'), ('162_3', 't')), (('162_3', 'h'), ('182_3', 't')), (('182_3', 'h'), ('76_1', 't')), (('252_9', 'h'), ('76_1', 'h')), (('264_23', 't'), ('252_9', 't'))])
1	deque([(('199_26', 'h'), ('92_4', 't')), (('92_4', 'h'), ('199_26', 't'))])
1	deque([(('35_0', 'h'), ('35_0', 't'))])

Chosen seed at iteration 1: 1
Chosen chr at iteration 1



Chosen seed at iteration 2: 2
Chosen chr at iteration 2



Chosen seed at iteration 3: 3
Chosen chr at iteration 3


Iteration 4
4	deque([(('136_0', 'h'), ('257_0', 't')), (('257_0', 'h'), ('235_6', 't')), (('244_1', 'h'), ('235_6', 'h')), (('210_6', 'h'), ('244_1', 't')), (('144_12', 'h'), ('210_6', 't')), (('246_7', 't'), ('144_12', 't')), (('246_7', 'h'), ('196_2', 'h')), (('36_0', 'h'), ('196_2', 't')), (('203_2', 'h'), ('36_0', 't')), (('232_28', 'h'), ('203_2', 't')), (('232_28', 't'), ('193_46', 't')), (('193_46', 'h'), ('231_0', 't')), (('267_35', 'h'), ('231_0', 'h')), (('267_35', 't'), ('225_13', 't')), (('271_7', 'h'), ('225_13', 'h')), (('264_16', 'h'), ('271_7', 't')), (('264_16', 't'), ('252_10', 't')), (('252_10', 'h'), ('76_1', 'h')), (('182_2', 'h'), ('76_1', 't')), (('162_3', 'h'), ('182_2', 't')), (('167_4', 't'), ('162_3', 't')), (('183_4', 'h'), ('167_4', 'h')), (('183_4', 't'), ('136_0', 't'))])
4	deque([(('35_1', 'h'), ('35_1', 't'))])
4	deque([(('92_31', 'h'), ('199_61', 't')), (('199_61', 'h'), ('92_31', 't'))])

Chosen seed at iteration 4: 1
Chosen chr at iteration 4



Chosen seed at iteration 5: 2
Chosen chr at iteration 5



Chosen seed at iteration 6: 3
Chosen chr at iteration 6


Iteration 1
1	deque([(('35_0', 'h'), ('35_0', 't'))])
1	deque([(('92_28', 'h'), ('199_19', 't')), (('199_19', 'h'), ('92_28', 't'))])

Chosen seed at iteration 1: 1
Chosen chr at iteration 1



Chosen seed at iteration 2: 2
Chosen chr at iteration 2


Iteration 3
3	deque([(('199_36', 'h'), ('92_25', 't')), (('92_25', 'h'), ('199_36', 't'))])

Chosen seed at iteration 3: 1
Chosen chr at iteration 3


Iteration 4
4	deque([(('36_1', 'h'), ('196_8', 't')), (('246_3', 'h'), ('196_8', 'h')), (('246_3', 't'), ('144_13', 't')), (('144_13', 'h'), ('210_10', 't')), (('210_10', 'h'), ('244_7', 't')), (('244_7', 'h'), ('235_7', 'h')), (('257_1', 'h'), ('235_7', 't')), (('257_1', 't'), ('55_0', 't')), (('55_0', 'h'), ('230_1', 't')), (('230_1', 'h'), ('125_1', 't')), (('125_1', 'h'), ('19_0', 'h')), (('189_1', 't'), ('19_0', 't')), (('275_2', 'h'), ('189_1', 'h')), (('185_4', 'h'), ('275_2', 't')), (('240_1', 'h'), ('185_4', 't')), (('240_1', 't'), ('218_0', 't')), (('218_0', 'h'), ('126_3', 't')), (('126_3', 'h'), ('237_2', 't')), (('237_2', 'h'), ('209_4', 'h')), (('105_2', 'h'), ('209_4', 't')), (('249_0', 'h'), ('105_2', 't')), (('131_0', 'h'), ('249_0', 't')), (('131_0', 't'), ('115_1', 't')), (('115_1', 'h'), ('85_0', 'h')), (('253_8', 't'), ('85_0', 't')), (('253_8', 'h'), ('264_36', 't')), (('264_36', 'h'), ('271_14', 't')), (('271_14', 'h'), ('225_25', 'h')), (('267_52', 't'), ('225_25', 't')), (('267_52', 'h'), ('231_7', 'h')), (('193_17', 'h'), ('231_7', 't')), (('232_5', 't'), ('193_17', 't')), (('232_5', 'h'), ('203_1', 't')), (('203_1', 'h'), ('36_1', 't'))])
4	deque([(('92_62', 'h'), ('199_49', 't')), (('199_49', 'h'), ('92_62', 't'))])

Chosen seed at iteration 4: 1
Chosen chr at iteration 4



Chosen seed at iteration 5: 2
Chosen chr at iteration 5


Iteration 1
1	deque([(('35_0', 'h'), ('35_0', 't'))])
1	deque([(('199_6', 'h'), ('92_83', 't')), (('92_83', 'h'), ('199_6', 't'))])

Chosen seed at iteration 1: 1
Chosen chr at iteration 1



Chosen seed at iteration 2: 2
Chosen chr at iteration 2


Iteration 3
Iteration 1
1	deque([(('35_0', 'h'), ('35_0', 't'))])
1	deque([(('199_8', 'h'), ('92_55', 't')), (('92_55', 'h'), ('199_8', 't'))])

Chosen seed at iteration 1: 1
Chosen chr at iteration 1



Chosen seed at iteration 2: 2
Chosen chr at iteration 2


Iteration 3
3	deque([(('199_48', 'h'), ('92_14', 't')), (('92_14', 'h'), ('199_48', 't'))])

Chosen seed at iteration 3: 1
Chosen chr at iteration 3


Iteration 4
4	deque([(('199_23', 'h'), ('92_71', 't')), (('92_71', 'h'), ('199_23', 't'))])

Chosen seed at iteration 4: 1
Chosen chr at iteration 4


Iteration 1
1	deque([(('35_0', 'h'), ('35_0', 't'))])
1	deque([(('92_80', 'h'), ('199_71', 't')), (('199_71', 'h'), ('92_80', 't'))])

Chosen seed at iteration 1: 1
Chosen chr at iteration 1



Chosen seed at iteration 2: 2
Chosen chr at iteration 2


Iteration 3
3	deque([(('227_25', 't'), ('193_51', 't')), (('227_25', 'h'), ('216_0', 't')), (('216_0', 'h'), ('38_0', 'h')), (('253_1', 't'), ('38_0', 't')), (('253_1', 'h'), ('264_17', 't')), (('264_17', 'h'), ('271_31', 't')), (('271_31', 'h'), ('225_4', 'h')), (('267_7', 't'), ('225_4', 't')), (('267_7', 'h'), ('231_17', 'h')), (('193_51', 'h'), ('231_17', 't'))])
3	deque([(('199_32', 'h'), ('92_3', 't')), (('92_3', 'h'), ('199_32', 't'))])

Chosen seed at iteration 3: 1
Chosen chr at iteration 3



Chosen seed at iteration 4: 2
Chosen chr at iteration 4


Iteration 1
1	deque([(('35_0', 'h'), ('35_0', 't'))])
1	deque([(('92_29', 'h'), ('199_12', 't')), (('199_12', 'h'), ('92_29', 't'))])

Chosen seed at iteration 1: 1
Chosen chr at iteration 1



Chosen seed at iteration 2: 2
Chosen chr at iteration 2


Iteration 3
3	deque([(('199_14', 'h'), ('92_54', 't')), (('92_54', 'h'), ('199_14', 't'))])

Chosen seed at iteration 3: 1
Chosen chr at iteration 3


Iteration 4
4	deque([(('199_67', 'h'), ('92_39', 't')), (('92_39', 'h'), ('199_67', 't'))])

Chosen seed at iteration 4: 1
Chosen chr at iteration 4


Iteration 1
1	deque([(('199_65', 'h'), ('92_1', 't')), (('92_1', 'h'), ('199_65', 't'))])
1	deque([(('35_0', 'h'), ('35_0', 't'))])

Chosen seed at iteration 1: 1
Chosen chr at iteration 1



Chosen seed at iteration 2: 2
Chosen chr at iteration 2


Iteration 3
3	deque([(('92_41', 'h'), ('199_50', 't')), (('199_50', 'h'), ('92_41', 't'))])

Chosen seed at iteration 3: 1
Chosen chr at iteration 3


Iteration 4
4	deque([(('92_70', 'h'), ('199_65', 't')), (('199_65', 'h'), ('92_70', 't'))])

Chosen seed at iteration 4: 1
Chosen chr at iteration 4


Iteration 1
1	deque([(('199_33', 'h'), ('92_51', 't')), (('92_51', 'h'), ('199_33', 't'))])
1	deque([(('35_0', 'h'), ('35_0', 't'))])

Chosen seed at iteration 1: 1
Chosen chr at iteration 1



Chosen seed at iteration 2: 2
Chosen chr at iteration 2


Iteration 3
3	deque([(('199_38', 'h'), ('92_57', 't')), (('92_57', 'h'), ('199_38', 't'))])
3	deque([(('199_33', 'h'), ('92_2', 't')), (('92_2', 'h'), ('199_33', 't'))])

Chosen seed at iteration 3: 1
Chosen chr at iteration 3



Chosen seed at iteration 4: 2
Chosen chr at iteration 4


Iteration 1
1	deque([(('92_51', 'h'), ('199_18', 't')), (('199_18', 'h'), ('92_51', 't'))])
1	deque([(('90_7', 'h'), ('90_7', 't'))])
1	deque([(('35_0', 'h'), ('35_0', 't'))])

Chosen seed at iteration 1: 1
Chosen chr at iteration 1



Chosen seed at iteration 2: 2
Chosen chr at iteration 2



Chosen seed at iteration 3: 3
Chosen chr at iteration 3


Iteration 4
4	deque([(('92_22', 'h'), ('199_39', 't')), (('199_39', 'h'), ('92_22', 't'))])

Chosen seed at iteration 4: 1
Chosen chr at iteration 4


Iteration 1
1	deque([(('90_15', 'h'), ('90_15', 't'))])
1	deque([(('92_12', 'h'), ('199_13', 't')), (('199_13', 'h'), ('92_12', 't'))])
1	deque([(('35_0', 'h'), ('35_0', 't'))])

Chosen seed at iteration 1: 1
Chosen chr at iteration 1



Chosen seed at iteration 2: 2
Chosen chr at iteration 2



Chosen seed at iteration 3: 3
Chosen chr at iteration 3


Iteration 4
4	deque([(('92_59', 'h'), ('199_46', 't')), (('199_46', 'h'), ('92_59', 't'))])

Chosen seed at iteration 4: 1
Chosen chr at iteration 4


Iteration 1
1	deque([(('199_26', 'h'), ('92_38', 't')), (('92_38', 'h'), ('199_26', 't'))])

Chosen seed at iteration 1: 1
Chosen chr at iteration 1


Iteration 2
2	deque([(('199_35', 'h'), ('92_81', 't')), (('92_81', 'h'), ('199_35', 't'))])
2	deque([(('199_62', 'h'), ('92_18', 't')), (('92_18', 'h'), ('199_62', 't'))])

Chosen seed at iteration 2: 1
Chosen chr at iteration 2



Chosen seed at iteration 3: 2
Chosen chr at iteration 3


Iteration 4
4	deque([(('199_13', 'h'), ('92_57', 't')), (('92_57', 'h'), ('199_13', 't'))])

Chosen seed at iteration 4: 1
Chosen chr at iteration 4


Iteration 1
1	deque([(('199_40', 'h'), ('92_50', 't')), (('92_50', 'h'), ('199_40', 't'))])

Chosen seed at iteration 1: 1
Chosen chr at iteration 1


Iteration 2
2	deque([(('199_9', 'h'), ('92_54', 't')), (('92_54', 'h'), ('199_9', 't'))])

Chosen seed at iteration 2: 1
Chosen chr at iteration 2


Iteration 3
3	deque([(('92_61', 'h'), ('199_0', 't')), (('199_0', 'h'), ('92_61', 't'))])

Chosen seed at iteration 3: 1
Chosen chr at iteration 3


Iteration 4
4	deque([(('199_64', 'h'), ('92_83', 't')), (('92_83', 'h'), ('199_64', 't'))])

Chosen seed at iteration 4: 1
Chosen chr at iteration 4


Iteration 1
1	deque([(('92_45', 'h'), ('199_18', 't')), (('199_18', 'h'), ('92_45', 't'))])

Chosen seed at iteration 1: 1
Chosen chr at iteration 1


Iteration 2
2	deque([(('199_45', 'h'), ('92_40', 't')), (('92_40', 'h'), ('199_45', 't'))])

Chosen seed at iteration 2: 1
Chosen chr at iteration 2


Iteration 3
3	deque([(('92_6', 'h'), ('199_59', 't')), (('199_59', 'h'), ('92_6', 't'))])

Chosen seed at iteration 3: 1
Chosen chr at iteration 3


Iteration 4
4	deque([(('92_55', 'h'), ('199_58', 't')), (('199_58', 'h'), ('92_55', 't'))])

Chosen seed at iteration 4: 1
Chosen chr at iteration 4


Iteration 1
1	deque([(('199_17', 'h'), ('92_28', 't')), (('92_28', 'h'), ('199_17', 't'))])
1	deque([(('199_5', 'h'), ('92_10', 't')), (('92_10', 'h'), ('199_5', 't'))])

Chosen seed at iteration 1: 1
Chosen chr at iteration 1



Chosen seed at iteration 2: 2
Chosen chr at iteration 2


Iteration 3
3	deque([(('92_24', 'h'), ('199_70', 't')), (('199_70', 'h'), ('92_24', 't'))])

Chosen seed at iteration 3: 1
Chosen chr at iteration 3


Iteration 4
4	deque([(('92_34', 'h'), ('199_66', 't')), (('199_66', 'h'), ('92_34', 't'))])

Chosen seed at iteration 4: 1
Chosen chr at iteration 4


Iteration 1
1	deque([(('199_5', 'h'), ('92_37', 't')), (('92_37', 'h'), ('199_5', 't'))])

Chosen seed at iteration 1: 1
Chosen chr at iteration 1


Iteration 2
2	deque([(('92_16', 'h'), ('199_2', 't')), (('199_2', 'h'), ('92_16', 't'))])
2	deque([(('199_2', 'h'), ('92_49', 't')), (('92_49', 'h'), ('199_2', 't'))])

Chosen seed at iteration 2: 1
Chosen chr at iteration 2



Chosen seed at iteration 3: 2
Chosen chr at iteration 3


Iteration 4
4	deque([(('199_44', 'h'), ('92_20', 't')), (('92_20', 'h'), ('199_44', 't'))])

Chosen seed at iteration 4: 1
Chosen chr at iteration 4


Iteration 1
1	deque([(('92_33', 'h'), ('199_0', 't')), (('199_0', 'h'), ('92_33', 't'))])

Chosen seed at iteration 1: 1
Chosen chr at iteration 1


Iteration 2
2	deque([(('199_17', 'h'), ('92_77', 't')), (('92_77', 'h'), ('199_17', 't'))])

Chosen seed at iteration 2: 1
Chosen chr at iteration 2


Iteration 3
3	deque([(('199_36', 'h'), ('92_8', 't')), (('92_8', 'h'), ('199_3', 't')), (('199_3', 'h'), ('92_8', 't')), (('92_8', 'h'), ('199_36', 't'))])

Chosen seed at iteration 3: 1
Chosen chr at iteration 3


Iteration 4
4	deque([(('92_8', 'h'), ('199_27', 't')), (('199_27', 'h'), ('92_8', 't'))])

Chosen seed at iteration 4: 1
Chosen chr at iteration 4


Iteration 1
Iteration 1
1	deque([(('92_48', 'h'), ('199_36', 't')), (('199_36', 'h'), ('92_48', 't'))])

Chosen seed at iteration 1: 1
Chosen chr at iteration 1


Iteration 2
Iteration 1
Iteration 1
Iteration 1
Iteration 1
1	deque([(('199_31', 'h'), ('92_58', 't')), (('92_58', 'h'), ('199_31', 't'))])

Chosen seed at iteration 1: 1
Chosen chr at iteration 1


Iteration 2
2	deque([(('199_69', 'h'), ('92_1', 't')), (('92_1', 'h'), ('199_69', 't'))])

Chosen seed at iteration 2: 1
Chosen chr at iteration 2


Iteration 3
3	deque([(('92_64', 'h'), ('199_50', 't')), (('199_50', 'h'), ('92_64', 't'))])

Chosen seed at iteration 3: 1
Chosen chr at iteration 3


Iteration 4
4	deque([(('92_26', 'h'), ('199_22', 't')), (('199_22', 'h'), ('92_26', 't'))])

Chosen seed at iteration 4: 1
Chosen chr at iteration 4


Iteration 1
1	deque([(('92_45', 'h'), ('199_63', 't')), (('199_63', 'h'), ('92_45', 't'))])

Chosen seed at iteration 1: 1
Chosen chr at iteration 1


Iteration 2
Iteration 1
1	deque([(('92_0', 'h'), ('199_55', 't')), (('199_55', 'h'), ('92_0', 't'))])

Chosen seed at iteration 1: 1
Chosen chr at iteration 1


Iteration 2
2	deque([(('199_52', 'h'), ('92_64', 't')), (('92_64', 'h'), ('199_52', 't'))])

Chosen seed at iteration 2: 1
Chosen chr at iteration 2


Iteration 3
3	deque([(('92_46', 'h'), ('199_63', 't')), (('199_63', 'h'), ('92_46', 't'))])

Chosen seed at iteration 3: 1
Chosen chr at iteration 3


Iteration 4
4	deque([(('92_46', 'h'), ('199_45', 't')), (('199_45', 'h'), ('92_46', 't'))])

Chosen seed at iteration 4: 1
Chosen chr at iteration 4


Iteration 1
1	deque([(('92_12', 'h'), ('199_7', 't')), (('199_7', 'h'), ('92_12', 't'))])

Chosen seed at iteration 1: 1
Chosen chr at iteration 1


Iteration 2
2	deque([(('92_79', 'h'), ('199_29', 't')), (('199_29', 'h'), ('92_14', 't'))])

Chosen seed at iteration 2: 1
Chosen chr at iteration 2


Iteration 3
3	deque([(('92_76', 'h'), ('199_47', 't')), (('199_47', 'h'), ('92_76', 't'))])

Chosen seed at iteration 3: 1
Chosen chr at iteration 3


Iteration 4
4	deque([(('92_12', 'h'), ('199_52', 't')), (('199_52', 'h'), ('92_12', 't'))])

Chosen seed at iteration 4: 1
Chosen chr at iteration 4


Iteration 1
Iteration 1
1	deque([(('199_15', 'h'), ('92_58', 't')), (('92_58', 'h'), ('199_15', 't'))])

Chosen seed at iteration 1: 1
Chosen chr at iteration 1


Iteration 2
2	deque([(('199_3', 'h'), ('92_64', 't'))])

Chosen seed at iteration 2: 1
Chosen chr at iteration 2


Iteration 3
3	deque([(('92_68', 'h'), ('199_37', 't')), (('199_37', 'h'), ('92_68', 't'))])

Chosen seed at iteration 3: 1
Chosen chr at iteration 3


Iteration 4
4	deque([(('92_58', 'h'), ('199_25', 't')), (('199_25', 'h'), ('92_58', 't'))])

Chosen seed at iteration 4: 1
Chosen chr at iteration 4


Iteration 1
1	deque([(('92_40', 'h'), ('199_16', 't')), (('199_16', 'h'), ('92_40', 't'))])

Chosen seed at iteration 1: 1
Chosen chr at iteration 1


Iteration 2
2	deque([(('199_24', 'h'), ('92_14', 't')), (('92_14', 'h'), ('199_24', 't'))])

Chosen seed at iteration 2: 1
Chosen chr at iteration 2


Iteration 3
Iteration 1
1	deque([(('92_43', 'h'), ('199_37', 't')), (('199_37', 'h'), ('92_43', 't'))])

Chosen seed at iteration 1: 1
Chosen chr at iteration 1


Iteration 2
2	deque([(('92_66', 'h'), ('199_50', 't')), (('199_50', 'h'), ('92_66', 't'))])

Chosen seed at iteration 2: 1
Chosen chr at iteration 2


Iteration 3
3	deque([(('199_37', 'h'), ('92_10', 't')), (('92_10', 'h'), ('199_37', 't'))])

Chosen seed at iteration 3: 1
Chosen chr at iteration 3


Iteration 4
Iteration 1
1	deque([(('199_31', 'h'), ('92_69', 't')), (('92_69', 'h'), ('199_31', 't'))])

Chosen seed at iteration 1: 1
Chosen chr at iteration 1


Iteration 2
2	deque([(('199_18', 'h'), ('92_47', 't')), (('92_47', 'h'), ('199_18', 't'))])

Chosen seed at iteration 2: 1
Chosen chr at iteration 2


Iteration 3
3	deque([(('92_19', 'h'), ('199_55', 't')), (('199_55', 'h'), ('92_19', 't'))])

Chosen seed at iteration 3: 1
Chosen chr at iteration 3


Iteration 4
4	deque([(('92_48', 'h'), ('199_0', 't')), (('199_0', 'h'), ('92_48', 't'))])

Chosen seed at iteration 4: 1
Chosen chr at iteration 4


Iteration 1
1	deque([(('199_15', 'h'), ('92_33', 't')), (('92_33', 'h'), ('199_15', 't'))])

Chosen seed at iteration 1: 1
Chosen chr at iteration 1


Iteration 2
Iteration 1
1	deque([(('92_75', 'h'), ('199_8', 't')), (('199_8', 'h'), ('92_75', 't'))])

Chosen seed at iteration 1: 1
Chosen chr at iteration 1


Iteration 2
2	deque([(('92_64', 'h'), ('199_48', 't')), (('199_48', 'h'), ('92_64', 't'))])

Chosen seed at iteration 2: 1
Chosen chr at iteration 2


Iteration 3
3	deque([(('199_37', 'h'), ('92_72', 't')), (('92_72', 'h'), ('199_37', 't'))])

Chosen seed at iteration 3: 1
Chosen chr at iteration 3


Iteration 4
4	deque([(('199_28', 'h'), ('92_67', 't')), (('92_67', 'h'), ('199_28', 't'))])

Chosen seed at iteration 4: 1
Chosen chr at iteration 4


Iteration 1
1	deque([(('199_9', 'h'), ('92_81', 't')), (('92_81', 'h'), ('199_9', 't'))])

Chosen seed at iteration 1: 1
Chosen chr at iteration 1


Iteration 2
2	deque([(('199_59', 'h'), ('92_25', 't'))])
2	deque([(('251_10', 'h'), ('264_32', 't'))])
2	deque([(('92_79', 'h'), ('199_59', 't'))])

Chosen seed at iteration 2: 1
Chosen chr at iteration 2



Chosen seed at iteration 3: 2
Chosen chr at iteration 3



Chosen seed at iteration 4: 3
Chosen chr at iteration 4


Iteration 1
Iteration 1
1	deque([(('92_47', 'h'), ('199_2', 't')), (('199_2', 'h'), ('92_47', 't'))])

Chosen seed at iteration 1: 1
Chosen chr at iteration 1


Iteration 2
2	deque([(('92_11', 'h'), ('199_26', 't')), (('199_26', 'h'), ('92_11', 't'))])

Chosen seed at iteration 2: 1
Chosen chr at iteration 2


Iteration 3
Iteration 1
Iteration 1
1	deque([(('92_21', 'h'), ('199_53', 't')), (('199_53', 'h'), ('92_21', 't'))])

Chosen seed at iteration 1: 1
Chosen chr at iteration 1


Iteration 2
Iteration 1
1	deque([(('92_13', 'h'), ('199_31', 't')), (('199_31', 'h'), ('92_13', 't'))])

Chosen seed at iteration 1: 1
Chosen chr at iteration 1


Iteration 2
2	deque([(('92_53', 'h'), ('199_19', 't')), (('199_19', 'h'), ('92_53', 't'))])

Chosen seed at iteration 2: 1
Chosen chr at iteration 2


Iteration 3
Iteration 1
1	deque([(('92_81', 'h'), ('199_11', 't')), (('199_11', 'h'), ('92_81', 't'))])

Chosen seed at iteration 1: 1
Chosen chr at iteration 1


Iteration 2
2	deque([(('92_43', 'h'), ('199_18', 't')), (('199_18', 'h'), ('92_43', 't'))])

Chosen seed at iteration 2: 1
Chosen chr at iteration 2


Iteration 3
3	deque([(('199_2', 'h'), ('92_5', 't')), (('92_5', 'h'), ('199_2', 't'))])

Chosen seed at iteration 3: 1
Chosen chr at iteration 3


Iteration 4
4	deque([(('92_5', 'h'), ('199_4', 't')), (('199_4', 'h'), ('92_5', 't'))])

Chosen seed at iteration 4: 1
Chosen chr at iteration 4


Iteration 1
1	deque([(('199_72', 'h'), ('92_76', 't')), (('92_76', 'h'), ('199_72', 't'))])

Chosen seed at iteration 1: 1
Chosen chr at iteration 1


Iteration 2
Iteration 1
Iteration 1
1	deque([(('92_53', 'h'), ('199_53', 't')), (('199_53', 'h'), ('92_53', 't'))])

Chosen seed at iteration 1: 1
Chosen chr at iteration 1


Iteration 2
2	deque([(('92_65', 'h'), ('199_69', 't')), (('199_69', 'h'), ('92_65', 't'))])

Chosen seed at iteration 2: 1
Chosen chr at iteration 2


Iteration 3
Iteration 1
1	deque([(('92_18', 'h'), ('199_70', 't')), (('199_70', 'h'), ('92_18', 't'))])

Chosen seed at iteration 1: 1
Chosen chr at iteration 1


Iteration 2
2	deque([(('92_38', 'h'), ('199_69', 't')), (('199_69', 'h'), ('92_38', 't'))])

Chosen seed at iteration 2: 1
Chosen chr at iteration 2


Iteration 3
Iteration 1
Iteration 1
Iteration 1
Iteration 1
1	deque([(('92_33', 'h'), ('199_9', 't')), (('199_9', 'h'), ('92_33', 't'))])

Chosen seed at iteration 1: 1
Chosen chr at iteration 1


Iteration 2
Iteration 1
1	deque([(('199_20', 'h'), ('92_81', 't')), (('92_81', 'h'), ('199_20', 't'))])

Chosen seed at iteration 1: 1
Chosen chr at iteration 1


Iteration 2
Iteration 1
1	deque([(('90_27', 'h'), ('90_27', 't'))])

Chosen seed at iteration 1: 1
Chosen chr at iteration 1


Iteration 2
2	deque([(('90_32', 'h'), ('90_32', 't'))])

Chosen seed at iteration 2: 1
Chosen chr at iteration 2


Iteration 3
3	deque([(('90_11', 'h'), ('90_11', 't'))])

Chosen seed at iteration 3: 1
Chosen chr at iteration 3


Iteration 4
4	deque([(('90_18', 'h'), ('90_18', 't'))])

Chosen seed at iteration 4: 1
Chosen chr at iteration 4


Iteration 1
Iteration 1
Iteration 1
Iteration 1
Iteration 1
Iteration 1
Iteration 1
Iteration 1
Iteration 1
Iteration 1
Iteration 1
Iteration 1
Iteration 1
Iteration 1
Iteration 1
Iteration 1
Iteration 1
1	deque([(('90_0', 'h'), ('90_0', 't'))])

Chosen seed at iteration 1: 1
Chosen chr at iteration 1


Iteration 2
2	deque([(('90_33', 'h'), ('90_33', 't'))])

Chosen seed at iteration 2: 1
Chosen chr at iteration 2


Iteration 3
3	deque([(('90_6', 'h'), ('90_6', 't'))])

Chosen seed at iteration 3: 1
Chosen chr at iteration 3


Iteration 4
4	deque([(('90_23', 'h'), ('90_23', 't'))])

Chosen seed at iteration 4: 1
Chosen chr at iteration 4


Iteration 1
Iteration 1
Iteration 1
Iteration 1
Iteration 1
Iteration 1
1	deque([(('90_15', 'h'), ('90_15', 't'))])

Chosen seed at iteration 1: 1
Chosen chr at iteration 1


Iteration 2
2	deque([(('90_6', 'h'), ('90_6', 't'))])

Chosen seed at iteration 2: 1
Chosen chr at iteration 2


Iteration 3
3	deque([(('90_10', 'h'), ('90_10', 't'))])

Chosen seed at iteration 3: 1
Chosen chr at iteration 3


Iteration 4
4	deque([(('90_30', 'h'), ('90_30', 't'))])

Chosen seed at iteration 4: 1
Chosen chr at iteration 4


Iteration 1
1	deque([(('90_32', 'h'), ('90_32', 't'))])

Chosen seed at iteration 1: 1
Chosen chr at iteration 1


Iteration 2
2	deque([(('90_10', 'h'), ('90_10', 't'))])

Chosen seed at iteration 2: 1
Chosen chr at iteration 2


Iteration 3
3	deque([(('90_4', 'h'), ('90_4', 't'))])

Chosen seed at iteration 3: 1
Chosen chr at iteration 3


Iteration 4
4	deque([(('90_5', 'h'), ('90_5', 't'))])

Chosen seed at iteration 4: 1
Chosen chr at iteration 4


Iteration 1
1	deque([(('90_4', 'h'), ('90_4', 't'))])

Chosen seed at iteration 1: 1
Chosen chr at iteration 1


Iteration 2
2	deque([(('90_17', 'h'), ('90_17', 't'))])

Chosen seed at iteration 2: 1
Chosen chr at iteration 2


Iteration 3
3	deque([(('90_11', 'h'), ('90_11', 't'))])

Chosen seed at iteration 3: 1
Chosen chr at iteration 3


Iteration 4
4	deque([(('90_29', 'h'), ('90_29', 't'))])

Chosen seed at iteration 4: 1
Chosen chr at iteration 4


Iteration 1
Iteration 1
1	deque([(('90_12', 'h'), ('90_12', 't'))])

Chosen seed at iteration 1: 1
Chosen chr at iteration 1


Iteration 2
2	deque([(('90_16', 'h'), ('90_16', 't'))])

Chosen seed at iteration 2: 1
Chosen chr at iteration 2


Iteration 3
3	deque([(('90_1', 'h'), ('90_1', 't'))])

Chosen seed at iteration 3: 1
Chosen chr at iteration 3


Iteration 4
4	deque([(('90_2', 'h'), ('90_2', 't'))])

Chosen seed at iteration 4: 1
Chosen chr at iteration 4


Iteration 1
Iteration 1
1	deque([(('90_1', 'h'), ('90_1', 't'))])

Chosen seed at iteration 1: 1
Chosen chr at iteration 1


Iteration 2
2	deque([(('90_13', 'h'), ('90_13', 't'))])

Chosen seed at iteration 2: 1
Chosen chr at iteration 2


Iteration 3
3	deque([(('90_14', 'h'), ('90_14', 't'))])

Chosen seed at iteration 3: 1
Chosen chr at iteration 3


Iteration 4
4	deque([(('90_32', 'h'), ('90_32', 't'))])

Chosen seed at iteration 4: 1
Chosen chr at iteration 4


Iteration 1
1	deque([(('90_9', 'h'), ('90_9', 't'))])

Chosen seed at iteration 1: 1
Chosen chr at iteration 1


Iteration 2
2	deque([(('90_33', 'h'), ('90_33', 't'))])

Chosen seed at iteration 2: 1
Chosen chr at iteration 2


Iteration 3
3	deque([(('90_15', 'h'), ('90_15', 't'))])

Chosen seed at iteration 3: 1
Chosen chr at iteration 3


Iteration 4
4	deque([(('90_27', 'h'), ('90_27', 't'))])

Chosen seed at iteration 4: 1
Chosen chr at iteration 4


Iteration 1
1	deque([(('90_33', 'h'), ('90_33', 't'))])

Chosen seed at iteration 1: 1
Chosen chr at iteration 1


Iteration 2
2	deque([(('90_20', 'h'), ('90_20', 't'))])

Chosen seed at iteration 2: 1
Chosen chr at iteration 2


Iteration 3
3	deque([(('90_15', 'h'), ('90_15', 't'))])

Chosen seed at iteration 3: 1
Chosen chr at iteration 3


Iteration 4
4	deque([(('90_13', 'h'), ('90_13', 't'))])

Chosen seed at iteration 4: 1
Chosen chr at iteration 4


Iteration 1
1	deque([(('90_17', 'h'), ('90_17', 't'))])

Chosen seed at iteration 1: 1
Chosen chr at iteration 1


Iteration 2
2	deque([(('90_28', 'h'), ('90_28', 't'))])

Chosen seed at iteration 2: 1
Chosen chr at iteration 2


Iteration 3
3	deque([(('90_25', 'h'), ('90_25', 't'))])

Chosen seed at iteration 3: 1
Chosen chr at iteration 3


Iteration 4
Iteration 1
1	deque([(('90_6', 'h'), ('90_6', 't'))])

Chosen seed at iteration 1: 1
Chosen chr at iteration 1


Iteration 2
2	deque([(('90_12', 'h'), ('90_12', 't'))])

Chosen seed at iteration 2: 1
Chosen chr at iteration 2


Iteration 3
3	deque([(('90_25', 'h'), ('90_25', 't'))])

Chosen seed at iteration 3: 1
Chosen chr at iteration 3


Iteration 4
4	deque([(('90_15', 'h'), ('90_15', 't'))])

Chosen seed at iteration 4: 1
Chosen chr at iteration 4


Iteration 1
1	deque([(('90_1', 'h'), ('90_1', 't'))])

Chosen seed at iteration 1: 1
Chosen chr at iteration 1


Iteration 2
2	deque([(('90_33', 'h'), ('90_33', 't'))])

Chosen seed at iteration 2: 1
Chosen chr at iteration 2


Iteration 3
3	deque([(('90_16', 'h'), ('90_16', 't'))])

Chosen seed at iteration 3: 1
Chosen chr at iteration 3


Iteration 4
4	deque([(('90_12', 'h'), ('90_12', 't'))])

Chosen seed at iteration 4: 1
Chosen chr at iteration 4


Iteration 1
1	deque([(('90_1', 'h'), ('90_1', 't'))])

Chosen seed at iteration 1: 1
Chosen chr at iteration 1


Iteration 2
2	deque([(('90_9', 'h'), ('90_9', 't'))])

Chosen seed at iteration 2: 1
Chosen chr at iteration 2


Iteration 3
3	deque([(('90_14', 'h'), ('90_14', 't'))])

Chosen seed at iteration 3: 1
Chosen chr at iteration 3


Iteration 4
4	deque([(('90_33', 'h'), ('90_33', 't'))])

Chosen seed at iteration 4: 1
Chosen chr at iteration 4


Iteration 1
1	deque([(('90_16', 'h'), ('90_16', 't'))])

Chosen seed at iteration 1: 1
Chosen chr at iteration 1


Iteration 2
2	deque([(('90_20', 'h'), ('90_20', 't'))])

Chosen seed at iteration 2: 1
Chosen chr at iteration 2


Iteration 3
3	deque([(('90_25', 'h'), ('90_25', 't'))])

Chosen seed at iteration 3: 1
Chosen chr at iteration 3


Iteration 4
4	deque([(('90_14', 'h'), ('90_14', 't'))])

Chosen seed at iteration 4: 1
Chosen chr at iteration 4


Iteration 1
1	deque([(('90_20', 'h'), ('90_20', 't'))])

Chosen seed at iteration 1: 1
Chosen chr at iteration 1


Iteration 2
2	deque([(('90_9', 'h'), ('90_9', 't'))])

Chosen seed at iteration 2: 1
Chosen chr at iteration 2


Iteration 3
3	deque([(('90_16', 'h'), ('90_16', 't'))])

Chosen seed at iteration 3: 1
Chosen chr at iteration 3


Iteration 4
4	deque([(('90_25', 'h'), ('90_25', 't'))])

Chosen seed at iteration 4: 1
Chosen chr at iteration 4


Iteration 1
1	deque([(('90_16', 'h'), ('90_16', 't'))])

Chosen seed at iteration 1: 1
Chosen chr at iteration 1


Iteration 2
Iteration 1
Iteration 1
Iteration 1
Iteration 1
Iteration 1
Iteration 1
Iteration 1
Iteration 1
