
Gurobi 7.5.2 (linux64) logging started Fri Apr 26 12:12:58 2019

Changed value of parameter LogFile to /home/aniket/python_scripts/Plasmids-Optimization/exp/2019-04-17__iterative_MILP_v3/output/sample_66/1.1.1/nplasmids_1/MILP/m.log
   Prev: gurobi.log  Default: 
Changed value of parameter TimeLimit to 2400.0
   Prev: 1e+100  Min: 0.0  Max: 1e+100  Default: 1e+100
Optimize a model with 5087 rows, 1477 columns and 11099 nonzeros
Variable types: 775 continuous, 702 integer (592 binary)
Coefficient statistics:
  Matrix range     [1e-03, 8e+05]
  Objective range  [1e+00, 1e+00]
  Bounds range     [1e+00, 1e+00]
  RHS range        [7e-01, 2e+06]
Presolve removed 3140 rows and 591 columns
Presolve time: 0.01s
Presolved: 1947 rows, 886 columns, 5965 nonzeros
Variable types: 555 continuous, 331 integer (331 binary)
Found heuristic solution: objective 0.4450421
Found heuristic solution: objective 0.1938756

Root relaxation: objective 1.611973e-05, 138 iterations, 0.01 seconds

    Nodes    |    Current Node    |     Objective Bounds      |     Work
 Expl Unexpl |  Obj  Depth IntInf | Incumbent    BestBd   Gap | It/Node Time

     0     0    0.00002    0    9    0.19388    0.00002   100%     -    0s
     0     0    0.00005    0    9    0.19388    0.00005   100%     -    0s
     0     0    0.00005    0    7    0.19388    0.00005   100%     -    0s
     0     0    0.00005    0    7    0.19388    0.00005   100%     -    0s
     0     0    0.00005    0    7    0.19388    0.00005   100%     -    0s
     0     0    0.00005    0    7    0.19388    0.00005   100%     -    0s
     0     2    0.00005    0    7    0.19388    0.00005   100%     -    0s
*   19     5               8       0.1530843    0.00141  99.1%  29.5    0s
*   53     8               8       0.1034430    0.00519  95.0%  27.1    0s

Cutting planes:
  MIR: 1
  Flow cover: 3

Explored 76 nodes (1936 simplex iterations) in 0.18 seconds
Thread count was 4 (of 4 available processors)

Solution count 4: 0.103443 0.153084 0.193876 0.445042 

Optimal solution found (tolerance 1.00e-04)
Best objective 1.034429620143e-01, best bound 1.034429620143e-01, gap 0.0000%

Gurobi 7.5.2 (linux64) logging started Fri Apr 26 12:12:58 2019

Changed value of parameter LogFile to /home/aniket/python_scripts/Plasmids-Optimization/exp/2019-04-17__iterative_MILP_v3/output/sample_66/1.1.1/nplasmids_1/MILP/m.log
   Prev: gurobi.log  Default: 
Changed value of parameter TimeLimit to 2400.0
   Prev: 1e+100  Min: 0.0  Max: 1e+100  Default: 1e+100
Optimize a model with 3459 rows, 1003 columns and 7380 nonzeros
Variable types: 537 continuous, 466 integer (390 binary)
Coefficient statistics:
  Matrix range     [9e-03, 8e+05]
  Objective range  [1e+00, 1e+00]
  Bounds range     [1e+00, 1e+00]
  RHS range        [7e-01, 2e+06]
Presolve removed 2265 rows and 476 columns
Presolve time: 0.01s
Presolved: 1194 rows, 527 columns, 3609 nonzeros
Variable types: 350 continuous, 177 integer (176 binary)
Found heuristic solution: objective 0.7888495
Found heuristic solution: objective 0.4135845

Root relaxation: objective 4.829986e-05, 132 iterations, 0.00 seconds

    Nodes    |    Current Node    |     Objective Bounds      |     Work
 Expl Unexpl |  Obj  Depth IntInf | Incumbent    BestBd   Gap | It/Node Time

     0     0    0.00005    0   11    0.41358    0.00005   100%     -    0s
H    0     0                       0.2364621    0.00005   100%     -    0s
     0     0    0.00015    0   11    0.23646    0.00015   100%     -    0s
     0     0    0.00015    0    9    0.23646    0.00015   100%     -    0s
     0     0    0.00015    0   10    0.23646    0.00015   100%     -    0s
     0     0    0.00015    0   10    0.23646    0.00015   100%     -    0s
     0     0    0.00032    0    8    0.23646    0.00032   100%     -    0s
     0     0    0.00136    0    8    0.23646    0.00136  99.4%     -    0s
     0     0    0.00314    0    9    0.23646    0.00314  98.7%     -    0s
     0     0    0.00416    0    6    0.23646    0.00416  98.2%     -    0s
     0     0    0.00416    0    6    0.23646    0.00416  98.2%     -    0s
H    0     0                       0.1530843    0.00416  97.3%     -    0s
     0     0    0.10122    0    1    0.15308    0.10122  33.9%     -    0s

Explored 1 nodes (297 simplex iterations) in 0.10 seconds
Thread count was 4 (of 4 available processors)

Solution count 4: 0.153084 0.236462 0.413584 0.78885 

Optimal solution found (tolerance 1.00e-04)
Best objective 1.530842593173e-01, best bound 1.530842593173e-01, gap 0.0000%

Gurobi 7.5.2 (linux64) logging started Fri Apr 26 12:12:59 2019

Changed value of parameter LogFile to /home/aniket/python_scripts/Plasmids-Optimization/exp/2019-04-17__iterative_MILP_v3/output/sample_66/1.1.1/nplasmids_1/MILP/m.log
   Prev: gurobi.log  Default: 
Changed value of parameter TimeLimit to 2400.0
   Prev: 1e+100  Min: 0.0  Max: 1e+100  Default: 1e+100
Optimize a model with 681 rows, 199 columns and 1411 nonzeros
Variable types: 110 continuous, 89 integer (74 binary)
Coefficient statistics:
  Matrix range     [2e-01, 3e+03]
  Objective range  [1e+00, 1e+00]
  Bounds range     [1e+00, 1e+00]
  RHS range        [7e-01, 2e+06]
Presolve removed 446 rows and 97 columns
Presolve time: 0.00s
Presolved: 235 rows, 102 columns, 675 nonzeros
Variable types: 77 continuous, 25 integer (25 binary)
Found heuristic solution: objective 1.9326985
Found heuristic solution: objective 0.2364621

Root relaxation: objective 2.791532e-02, 17 iterations, 0.00 seconds

    Nodes    |    Current Node    |     Objective Bounds      |     Work
 Expl Unexpl |  Obj  Depth IntInf | Incumbent    BestBd   Gap | It/Node Time

     0     0    0.02792    0    5    0.23646    0.02792  88.2%     -    0s
     0     0     cutoff    0         0.23646    0.23646  0.00%     -    0s

Cutting planes:
  Gomory: 1

Explored 1 nodes (22 simplex iterations) in 0.01 seconds
Thread count was 4 (of 4 available processors)

Solution count 2: 0.236462 1.9327 

Optimal solution found (tolerance 1.00e-04)
Best objective 2.364620603323e-01, best bound 2.364620603323e-01, gap 0.0000%

Gurobi 7.5.2 (linux64) logging started Tue Apr 30 14:20:20 2019

Changed value of parameter LogFile to /home/aniket/python_scripts/Plasmids-Optimization/exp/2019-04-17__iterative_MILP_v3/output/sample_66/1.1.1/nplasmids_1/MILP/m.log
   Prev: gurobi.log  Default: 
Changed value of parameter TimeLimit to 2400.0
   Prev: 1e+100  Min: 0.0  Max: 1e+100  Default: 1e+100
Optimize a model with 5087 rows, 1477 columns and 11099 nonzeros
Variable types: 775 continuous, 702 integer (592 binary)
Coefficient statistics:
  Matrix range     [1e-03, 8e+05]
  Objective range  [1e+00, 1e+00]
  Bounds range     [1e+00, 1e+00]
  RHS range        [7e-01, 2e+06]
Presolve removed 3140 rows and 591 columns
Presolve time: 0.04s
Presolved: 1947 rows, 886 columns, 5965 nonzeros
Variable types: 555 continuous, 331 integer (331 binary)
Found heuristic solution: objective -0.8516526
Found heuristic solution: objective -0.9030619

Root relaxation: objective -9.999930e-01, 692 iterations, 0.06 seconds

    Nodes    |    Current Node    |     Objective Bounds      |     Work
 Expl Unexpl |  Obj  Depth IntInf | Incumbent    BestBd   Gap | It/Node Time

     0     0   -0.99999    0   11   -0.90306   -0.99999  10.7%     -    0s
     0     0   -0.99998    0  159   -0.90306   -0.99998  10.7%     -    0s
     0     0   -0.99998    0    8   -0.90306   -0.99998  10.7%     -    0s
     0     0   -0.99998    0  124   -0.90306   -0.99998  10.7%     -    0s
     0     0   -0.99998    0  124   -0.90306   -0.99998  10.7%     -    0s
     0     0   -0.99998    0  124   -0.90306   -0.99998  10.7%     -    0s
     0     0   -0.99998    0  122   -0.90306   -0.99998  10.7%     -    0s
     0     2   -0.99998    0  122   -0.90306   -0.99998  10.7%     -    0s
*   18    11               9      -0.9326632   -0.99944  7.16%   101    0s
*   57     5              27      -0.9482785   -0.99654  5.09%  99.3    1s

Cutting planes:
  MIR: 2
  Flow cover: 3

Explored 73 nodes (7404 simplex iterations) in 1.05 seconds
Thread count was 4 (of 4 available processors)

Solution count 4: -0.948279 -0.932663 -0.903062 -0.851653 

Optimal solution found (tolerance 1.00e-04)
Best objective -9.482785189928e-01, best bound -9.482785189928e-01, gap 0.0000%

Gurobi 7.5.2 (linux64) logging started Tue Apr 30 14:20:21 2019

Changed value of parameter LogFile to /home/aniket/python_scripts/Plasmids-Optimization/exp/2019-04-17__iterative_MILP_v3/output/sample_66/1.1.1/nplasmids_1/MILP/m.log
   Prev: gurobi.log  Default: 
Changed value of parameter TimeLimit to 2400.0
   Prev: 1e+100  Min: 0.0  Max: 1e+100  Default: 1e+100
Optimize a model with 5039 rows, 1463 columns and 10988 nonzeros
Variable types: 768 continuous, 695 integer (586 binary)
Coefficient statistics:
  Matrix range     [1e-03, 8e+05]
  Objective range  [1e+00, 1e+00]
  Bounds range     [1e+00, 1e+00]
  RHS range        [7e-01, 2e+06]
Presolve removed 3111 rows and 587 columns
Presolve time: 0.03s
Presolved: 1928 rows, 876 columns, 5908 nonzeros
Variable types: 550 continuous, 326 integer (326 binary)
Found heuristic solution: objective -0.8471988
Found heuristic solution: objective -0.9030619

Root relaxation: objective -9.999929e-01, 697 iterations, 0.07 seconds

    Nodes    |    Current Node    |     Objective Bounds      |     Work
 Expl Unexpl |  Obj  Depth IntInf | Incumbent    BestBd   Gap | It/Node Time

     0     0   -0.99999    0   11   -0.90306   -0.99999  10.7%     -    0s
     0     0   -0.99997    0  160   -0.90306   -0.99997  10.7%     -    0s
     0     0   -0.99997    0    8   -0.90306   -0.99997  10.7%     -    0s
     0     0   -0.99997    0  121   -0.90306   -0.99997  10.7%     -    0s
     0     0   -0.99997    0  121   -0.90306   -0.99997  10.7%     -    0s
     0     0   -0.99997    0  121   -0.90306   -0.99997  10.7%     -    0s
     0     0   -0.99997    0  119   -0.90306   -0.99997  10.7%     -    0s
     0     2   -0.99997    0  119   -0.90306   -0.99997  10.7%     -    0s
*   18     9               9      -0.9326632   -0.99916  7.13%  79.4    0s

Cutting planes:
  MIR: 2
  Flow cover: 3

Explored 37 nodes (4341 simplex iterations) in 0.84 seconds
Thread count was 4 (of 4 available processors)

Solution count 3: -0.932663 -0.903062 -0.847199 

Optimal solution found (tolerance 1.00e-04)
Best objective -9.326631579950e-01, best bound -9.326631579950e-01, gap 0.0000%

Gurobi 7.5.2 (linux64) logging started Tue Apr 30 14:20:22 2019

Changed value of parameter LogFile to /home/aniket/python_scripts/Plasmids-Optimization/exp/2019-04-17__iterative_MILP_v3/output/sample_66/1.1.1/nplasmids_1/MILP/m.log
   Prev: gurobi.log  Default: 
Changed value of parameter TimeLimit to 2400.0
   Prev: 1e+100  Min: 0.0  Max: 1e+100  Default: 1e+100
Optimize a model with 4991 rows, 1449 columns and 10877 nonzeros
Variable types: 761 continuous, 688 integer (580 binary)
Coefficient statistics:
  Matrix range     [1e-03, 8e+05]
  Objective range  [1e+00, 1e+00]
  Bounds range     [1e+00, 1e+00]
  RHS range        [7e-01, 2e+06]
Presolve removed 3080 rows and 581 columns
Presolve time: 0.03s
Presolved: 1911 rows, 868 columns, 5851 nonzeros
Variable types: 545 continuous, 323 integer (323 binary)
Found heuristic solution: objective -0.8471988
Found heuristic solution: objective -0.9030619

Root relaxation: objective -9.999883e-01, 679 iterations, 0.04 seconds

    Nodes    |    Current Node    |     Objective Bounds      |     Work
 Expl Unexpl |  Obj  Depth IntInf | Incumbent    BestBd   Gap | It/Node Time

     0     0   -0.99999    0  156   -0.90306   -0.99999  10.7%     -    0s
     0     0   -0.99997    0  157   -0.90306   -0.99997  10.7%     -    0s
     0     0   -0.99997    0  107   -0.90306   -0.99997  10.7%     -    0s
     0     0   -0.99997    0  114   -0.90306   -0.99997  10.7%     -    0s
     0     0   -0.99997    0  115   -0.90306   -0.99997  10.7%     -    0s
     0     0   -0.99995    0  113   -0.90306   -0.99995  10.7%     -    0s
     0     0   -0.99995    0  115   -0.90306   -0.99995  10.7%     -    0s
     0     0   -0.99995    0  115   -0.90306   -0.99995  10.7%     -    0s
     0     0   -0.99995    0  115   -0.90306   -0.99995  10.7%     -    0s
     0     2   -0.99995    0  115   -0.90306   -0.99995  10.7%     -    0s
*   22     1              13      -0.9030619   -0.99288  9.95%   118    0s
*   36     1              21      -0.9234579   -0.97920  6.04%  87.2    0s

Cutting planes:
  Flow cover: 5

Explored 40 nodes (4929 simplex iterations) in 0.97 seconds
Thread count was 4 (of 4 available processors)

Solution count 4: -0.923458 -0.903062 -0.903062 -0.847199 

Optimal solution found (tolerance 1.00e-04)
Best objective -9.234578703413e-01, best bound -9.234578703413e-01, gap 0.0000%

Gurobi 7.5.2 (linux64) logging started Tue Apr 30 14:20:24 2019

Changed value of parameter LogFile to /home/aniket/python_scripts/Plasmids-Optimization/exp/2019-04-17__iterative_MILP_v3/output/sample_66/1.1.1/nplasmids_1/MILP/m.log
   Prev: gurobi.log  Default: 
Changed value of parameter TimeLimit to 2400.0
   Prev: 1e+100  Min: 0.0  Max: 1e+100  Default: 1e+100
Optimize a model with 4889 rows, 1419 columns and 10629 nonzeros
Variable types: 747 continuous, 672 integer (566 binary)
Coefficient statistics:
  Matrix range     [1e-03, 8e+05]
  Objective range  [1e+00, 1e+00]
  Bounds range     [1e+00, 1e+00]
  RHS range        [7e-01, 2e+06]
Presolve removed 3025 rows and 577 columns
Presolve time: 0.03s
Presolved: 1864 rows, 842 columns, 5693 nonzeros
Variable types: 535 continuous, 307 integer (307 binary)
Found heuristic solution: objective -0.8471988

Root relaxation: objective -9.999888e-01, 662 iterations, 0.05 seconds

    Nodes    |    Current Node    |     Objective Bounds      |     Work
 Expl Unexpl |  Obj  Depth IntInf | Incumbent    BestBd   Gap | It/Node Time

     0     0   -0.99999    0  143   -0.84720   -0.99999  18.0%     -    0s
     0     0   -0.99997    0  145   -0.84720   -0.99997  18.0%     -    0s
     0     0   -0.99997    0  109   -0.84720   -0.99997  18.0%     -    0s
     0     0   -0.99997    0  116   -0.84720   -0.99997  18.0%     -    0s
H    0     0                      -0.8731771   -0.99997  14.5%     -    0s
     0     0   -0.99993    0  117   -0.87318   -0.99993  14.5%     -    0s
     0     0   -0.99989    0  117   -0.87318   -0.99989  14.5%     -    0s
     0     0   -0.99988    0   76   -0.87318   -0.99988  14.5%     -    0s
     0     0   -0.99988    0   76   -0.87318   -0.99988  14.5%     -    0s
     0     0   -0.99988    0  133   -0.87318   -0.99988  14.5%     -    0s
     0     0   -0.99988    0  133   -0.87318   -0.99988  14.5%     -    0s
     0     0   -0.99988    0  127   -0.87318   -0.99988  14.5%     -    0s
     0     2   -0.99988    0  127   -0.87318   -0.99988  14.5%     -    0s

Cutting planes:
  MIR: 1
  Flow cover: 6
  Zero half: 1

Explored 34 nodes (5557 simplex iterations) in 0.79 seconds
Thread count was 4 (of 4 available processors)

Solution count 2: -0.873177 -0.847199 

Optimal solution found (tolerance 1.00e-04)
Best objective -8.731771381221e-01, best bound -8.731771381221e-01, gap 0.0000%

Gurobi 7.5.2 (linux64) logging started Tue Apr 30 14:20:25 2019

Changed value of parameter LogFile to /home/aniket/python_scripts/Plasmids-Optimization/exp/2019-04-17__iterative_MILP_v3/output/sample_66/1.1.1/nplasmids_1/MILP/m.log
   Prev: gurobi.log  Default: 
Changed value of parameter TimeLimit to 2400.0
   Prev: 1e+100  Min: 0.0  Max: 1e+100  Default: 1e+100
Optimize a model with 4841 rows, 1405 columns and 10518 nonzeros
Variable types: 740 continuous, 665 integer (560 binary)
Coefficient statistics:
  Matrix range     [1e-03, 8e+05]
  Objective range  [1e+00, 1e+00]
  Bounds range     [1e+00, 1e+00]
  RHS range        [7e-01, 2e+06]
Presolve removed 2994 rows and 571 columns
Presolve time: 0.03s
Presolved: 1847 rows, 834 columns, 5636 nonzeros
Variable types: 530 continuous, 304 integer (304 binary)
Found heuristic solution: objective -0.8471988
Found heuristic solution: objective -0.8500490

Root relaxation: objective -9.999853e-01, 542 iterations, 0.04 seconds

    Nodes    |    Current Node    |     Objective Bounds      |     Work
 Expl Unexpl |  Obj  Depth IntInf | Incumbent    BestBd   Gap | It/Node Time

     0     0   -0.99999    0  141   -0.85005   -0.99999  17.6%     -    0s
     0     0   -0.99997    0  146   -0.85005   -0.99997  17.6%     -    0s
     0     0   -0.99997    0  107   -0.85005   -0.99997  17.6%     -    0s
     0     0   -0.99997    0  115   -0.85005   -0.99997  17.6%     -    0s
H    0     0                      -0.8579463   -0.99997  16.6%     -    0s
     0     0   -0.99994    0  117   -0.85795   -0.99994  16.6%     -    0s
H    0     0                      -0.8661687   -0.99994  15.4%     -    0s
     0     0   -0.99992    0  114   -0.86617   -0.99992  15.4%     -    0s
     0     0   -0.99992    0  114   -0.86617   -0.99992  15.4%     -    0s
     0     0   -0.99988    0  125   -0.86617   -0.99988  15.4%     -    0s
     0     0   -0.99988    0  125   -0.86617   -0.99988  15.4%     -    0s
     0     0   -0.99980    0  125   -0.86617   -0.99980  15.4%     -    0s
     0     0   -0.99980    0  125   -0.86617   -0.99980  15.4%     -    0s
     0     0   -0.99979    0  117   -0.86617   -0.99979  15.4%     -    0s
     0     0   -0.99979    0  117   -0.86617   -0.99979  15.4%     -    0s
     0     0   -0.99979    0  117   -0.86617   -0.99979  15.4%     -    0s
     0     0   -0.99979    0  117   -0.86617   -0.99979  15.4%     -    0s
     0     0   -0.99978    0  117   -0.86617   -0.99978  15.4%     -    0s
     0     0   -0.99978    0  117   -0.86617   -0.99978  15.4%     -    0s
     0     0   -0.99978    0  117   -0.86617   -0.99978  15.4%     -    0s
     0     2   -0.99978    0  117   -0.86617   -0.99978  15.4%     -    1s

Cutting planes:
  Flow cover: 6
  Zero half: 1

Explored 52 nodes (6616 simplex iterations) in 1.40 seconds
Thread count was 4 (of 4 available processors)

Solution count 4: -0.866169 -0.857946 -0.850049 -0.847199 

Optimal solution found (tolerance 1.00e-04)
Best objective -8.661687201571e-01, best bound -8.661687201571e-01, gap 0.0000%
Optimize a model with 4842 rows, 1405 columns and 10519 nonzeros
Variable types: 740 continuous, 665 integer (560 binary)
Coefficient statistics:
  Matrix range     [1e-03, 8e+05]
  Objective range  [1e+00, 1e+00]
  Bounds range     [1e+00, 1e+00]
  RHS range        [7e-01, 2e+06]

MIP start did not produce a new incumbent solution
MIP start violates constraint circular by 1.000000000

Presolve removed 3010 rows and 577 columns
Presolve time: 0.05s
Presolved: 1832 rows, 828 columns, 5602 nonzeros
Variable types: 525 continuous, 303 integer (303 binary)
Found heuristic solution: objective 0.3211036
Found heuristic solution: objective -0.8500490

Root relaxation: objective -9.999647e-01, 573 iterations, 0.05 seconds

    Nodes    |    Current Node    |     Objective Bounds      |     Work
 Expl Unexpl |  Obj  Depth IntInf | Incumbent    BestBd   Gap | It/Node Time

     0     0   -0.99996    0  144   -0.85005   -0.99996  17.6%     -    0s
     0     0   -0.99994    0  141   -0.85005   -0.99994  17.6%     -    0s
     0     0   -0.99994    0  104   -0.85005   -0.99994  17.6%     -    0s
     0     0   -0.99994    0  104   -0.85005   -0.99994  17.6%     -    0s
H    0     0                      -0.8536038   -0.99994  17.1%     -    0s
     0     0   -0.99994    0  104   -0.85360   -0.99994  17.1%     -    0s
     0     0   -0.99989    0  103   -0.85360   -0.99989  17.1%     -    0s
     0     0   -0.99989    0  103   -0.85360   -0.99989  17.1%     -    0s
     0     0   -0.99989    0  103   -0.85360   -0.99989  17.1%     -    0s
     0     0   -0.99985    0  106   -0.85360   -0.99985  17.1%     -    0s
     0     0   -0.99975    0  106   -0.85360   -0.99975  17.1%     -    0s
     0     0   -0.99974    0   83   -0.85360   -0.99974  17.1%     -    0s
     0     0   -0.99973    0  126   -0.85360   -0.99973  17.1%     -    0s
     0     0   -0.99955    0  121   -0.85360   -0.99955  17.1%     -    0s
H    0     0                      -0.8643710   -0.99955  15.6%     -    0s
     0     0   -0.99955    0  121   -0.86437   -0.99955  15.6%     -    0s
     0     0   -0.99949    0  119   -0.86437   -0.99949  15.6%     -    0s
     0     0   -0.99948    0  115   -0.86437   -0.99948  15.6%     -    0s
     0     0   -0.99948    0  115   -0.86437   -0.99948  15.6%     -    0s
     0     2   -0.99948    0  114   -0.86437   -0.99948  15.6%     -    0s

Cutting planes:
  Implied bound: 1
  MIR: 1
  Flow cover: 6
  Zero half: 1

Explored 27 nodes (3690 simplex iterations) in 1.20 seconds
Thread count was 4 (of 4 available processors)

Solution count 4: -0.864371 -0.853604 -0.850049 0.321104 

Optimal solution found (tolerance 1.00e-04)
Best objective -8.643710353010e-01, best bound -8.643710353010e-01, gap 0.0000%

Gurobi 7.5.2 (linux64) logging started Tue Apr 30 14:20:27 2019

Changed value of parameter LogFile to /home/aniket/python_scripts/Plasmids-Optimization/exp/2019-04-17__iterative_MILP_v3/output/sample_66/1.1.1/nplasmids_1/MILP/m.log
   Prev: gurobi.log  Default: 
Changed value of parameter TimeLimit to 2400.0
   Prev: 1e+100  Min: 0.0  Max: 1e+100  Default: 1e+100
Optimize a model with 4737 rows, 1375 columns and 10261 nonzeros
Variable types: 726 continuous, 649 integer (546 binary)
Coefficient statistics:
  Matrix range     [1e-03, 8e+05]
  Objective range  [1e+00, 1e+00]
  Bounds range     [1e+00, 1e+00]
  RHS range        [7e-01, 2e+06]
Presolve removed 2962 rows and 573 columns
Presolve time: 0.03s
Presolved: 1775 rows, 802 columns, 5415 nonzeros
Variable types: 510 continuous, 292 integer (292 binary)
Found heuristic solution: objective -0.8471988
Found heuristic solution: objective -0.8643228

Root relaxation: objective -9.999677e-01, 608 iterations, 0.06 seconds

    Nodes    |    Current Node    |     Objective Bounds      |     Work
 Expl Unexpl |  Obj  Depth IntInf | Incumbent    BestBd   Gap | It/Node Time

     0     0   -0.99997    0  140   -0.86432   -0.99997  15.7%     -    0s
H    0     0                      -0.8645761   -0.99997  15.7%     -    0s
     0     0   -0.99992    0  144   -0.86458   -0.99992  15.7%     -    0s
     0     0   -0.99992    0  108   -0.86458   -0.99992  15.7%     -    0s
     0     0   -0.99992    0  107   -0.86458   -0.99992  15.7%     -    0s
     0     0   -0.99988    0  107   -0.86458   -0.99988  15.7%     -    0s
     0     0   -0.99988    0  107   -0.86458   -0.99988  15.7%     -    0s
     0     0   -0.99975    0  117   -0.86458   -0.99975  15.6%     -    0s
     0     0   -0.99974    0  116   -0.86458   -0.99974  15.6%     -    0s
     0     0   -0.99966    0  116   -0.86458   -0.99966  15.6%     -    0s
     0     0   -0.99966    0  116   -0.86458   -0.99966  15.6%     -    0s
     0     0   -0.99966    0  116   -0.86458   -0.99966  15.6%     -    0s
     0     0   -0.99966    0  116   -0.86458   -0.99966  15.6%     -    0s
     0     2   -0.99966    0  116   -0.86458   -0.99966  15.6%     -    0s
*   51    10              21      -0.8661687   -0.92770  7.10%  55.9    1s

Cutting planes:
  MIR: 1
  Flow cover: 4
  Zero half: 1

Explored 67 nodes (4760 simplex iterations) in 1.01 seconds
Thread count was 4 (of 4 available processors)

Solution count 4: -0.866169 -0.864576 -0.864323 -0.847199 

Optimal solution found (tolerance 1.00e-04)
Best objective -8.661687201571e-01, best bound -8.661687201571e-01, gap 0.0000%
Optimize a model with 4738 rows, 1375 columns and 10262 nonzeros
Variable types: 726 continuous, 649 integer (546 binary)
Coefficient statistics:
  Matrix range     [1e-03, 8e+05]
  Objective range  [1e+00, 1e+00]
  Bounds range     [1e+00, 1e+00]
  RHS range        [7e-01, 2e+06]

MIP start did not produce a new incumbent solution
MIP start violates constraint circular by 1.000000000

Presolve removed 2978 rows and 579 columns
Presolve time: 0.05s
Presolved: 1760 rows, 796 columns, 5381 nonzeros
Variable types: 505 continuous, 291 integer (291 binary)
Found heuristic solution: objective 0.3211036
Found heuristic solution: objective -0.8500490

Root relaxation: objective -9.999244e-01, 546 iterations, 0.05 seconds

    Nodes    |    Current Node    |     Objective Bounds      |     Work
 Expl Unexpl |  Obj  Depth IntInf | Incumbent    BestBd   Gap | It/Node Time

     0     0   -0.99992    0  147   -0.85005   -0.99992  17.6%     -    0s
     0     0   -0.99983    0  135   -0.85005   -0.99983  17.6%     -    0s
     0     0   -0.99983    0   98   -0.85005   -0.99983  17.6%     -    0s
     0     0   -0.99983    0  100   -0.85005   -0.99983  17.6%     -    0s
     0     0   -0.99975    0  100   -0.85005   -0.99975  17.6%     -    0s
     0     0   -0.99975    0  101   -0.85005   -0.99975  17.6%     -    0s
     0     0   -0.99974    0  100   -0.85005   -0.99974  17.6%     -    0s
     0     0   -0.99972    0  114   -0.85005   -0.99972  17.6%     -    0s
     0     0   -0.99972    0  114   -0.85005   -0.99972  17.6%     -    0s
     0     0   -0.99972    0  114   -0.85005   -0.99972  17.6%     -    0s
     0     0   -0.99972    0  114   -0.85005   -0.99972  17.6%     -    0s
     0     0   -0.99972    0  112   -0.85005   -0.99972  17.6%     -    0s
     0     2   -0.99972    0  112   -0.85005   -0.99972  17.6%     -    0s
*    9     8               4      -0.8500490   -0.99448  17.0%  91.1    0s
*   13     6               6      -0.8536038   -0.99264  16.3%  88.5    1s

Cutting planes:
  MIR: 3
  Flow cover: 4
  Zero half: 1

Explored 35 nodes (3690 simplex iterations) in 1.12 seconds
Thread count was 4 (of 4 available processors)

Solution count 4: -0.853604 -0.850049 -0.850049 0.321104 

Optimal solution found (tolerance 1.00e-04)
Best objective -8.536038278345e-01, best bound -8.536038278345e-01, gap 0.0000%

Gurobi 7.5.2 (linux64) logging started Tue Apr 30 14:20:30 2019

Changed value of parameter LogFile to /home/aniket/python_scripts/Plasmids-Optimization/exp/2019-04-17__iterative_MILP_v3/output/sample_66/1.1.1/nplasmids_1/MILP/m.log
   Prev: gurobi.log  Default: 
Changed value of parameter TimeLimit to 2400.0
   Prev: 1e+100  Min: 0.0  Max: 1e+100  Default: 1e+100
Optimize a model with 4692 rows, 1362 columns and 10164 nonzeros
Variable types: 719 continuous, 643 integer (541 binary)
Coefficient statistics:
  Matrix range     [1e-03, 8e+05]
  Objective range  [1e+00, 1e+00]
  Bounds range     [1e+00, 1e+00]
  RHS range        [7e-01, 2e+06]
Presolve removed 2933 rows and 567 columns
Presolve time: 0.03s
Presolved: 1759 rows, 795 columns, 5370 nonzeros
Variable types: 505 continuous, 290 integer (290 binary)
Found heuristic solution: objective -0.8471988
Found heuristic solution: objective -0.8500490
Found heuristic solution: objective -0.8600136

Root relaxation: objective -9.999614e-01, 667 iterations, 0.05 seconds

    Nodes    |    Current Node    |     Objective Bounds      |     Work
 Expl Unexpl |  Obj  Depth IntInf | Incumbent    BestBd   Gap | It/Node Time

     0     0   -0.99996    0  150   -0.86001   -0.99996  16.3%     -    0s
H    0     0                      -0.8645761   -0.99996  15.7%     -    0s
     0     0   -0.99991    0  136   -0.86458   -0.99991  15.7%     -    0s
     0     0   -0.99991    0   99   -0.86458   -0.99991  15.7%     -    0s
     0     0   -0.99991    0  101   -0.86458   -0.99991  15.7%     -    0s
     0     0   -0.99986    0  101   -0.86458   -0.99986  15.6%     -    0s
     0     0   -0.99986    0  101   -0.86458   -0.99986  15.6%     -    0s
     0     0   -0.99986    0  101   -0.86458   -0.99986  15.6%     -    0s
     0     0   -0.99968    0  111   -0.86458   -0.99968  15.6%     -    0s
     0     0   -0.99966    0  110   -0.86458   -0.99966  15.6%     -    0s
     0     0   -0.99962    0  110   -0.86458   -0.99962  15.6%     -    0s
     0     0   -0.99957    0  110   -0.86458   -0.99957  15.6%     -    0s
     0     0   -0.99957    0  110   -0.86458   -0.99957  15.6%     -    0s
     0     0   -0.99946    0  109   -0.86458   -0.99946  15.6%     -    0s
     0     0   -0.99946    0  109   -0.86458   -0.99946  15.6%     -    0s
     0     2   -0.99946    0  109   -0.86458   -0.99946  15.6%     -    0s
*   47    10              20      -0.8651581   -0.87145  0.73%  48.6    1s
*   48    10              21      -0.8654170   -0.87145  0.70%  49.7    1s
*   61     0              19      -0.8661687   -0.86617  0.00%  39.5    1s

Cutting planes:
  Flow cover: 6
  Zero half: 1

Explored 62 nodes (3987 simplex iterations) in 1.10 seconds
Thread count was 4 (of 4 available processors)

Solution count 7: -0.866169 -0.865417 -0.865158 ... -0.847199

Optimal solution found (tolerance 1.00e-04)
Best objective -8.661687201571e-01, best bound -8.661687201571e-01, gap 0.0000%
Optimize a model with 4693 rows, 1362 columns and 10165 nonzeros
Variable types: 719 continuous, 643 integer (541 binary)
Coefficient statistics:
  Matrix range     [1e-03, 8e+05]
  Objective range  [1e+00, 1e+00]
  Bounds range     [1e+00, 1e+00]
  RHS range        [7e-01, 2e+06]

MIP start did not produce a new incumbent solution
MIP start violates constraint circular by 1.000000000

Presolve removed 2949 rows and 573 columns
Presolve time: 0.05s
Presolved: 1744 rows, 789 columns, 5339 nonzeros
Variable types: 500 continuous, 289 integer (289 binary)
Found heuristic solution: objective 0.3211036
Found heuristic solution: objective -0.8500490

Root relaxation: objective -9.998730e-01, 721 iterations, 0.06 seconds

    Nodes    |    Current Node    |     Objective Bounds      |     Work
 Expl Unexpl |  Obj  Depth IntInf | Incumbent    BestBd   Gap | It/Node Time

     0     0   -0.99987    0  149   -0.85005   -0.99987  17.6%     -    0s
     0     0   -0.99971    0  131   -0.85005   -0.99971  17.6%     -    0s
     0     0   -0.99971    0   91   -0.85005   -0.99971  17.6%     -    0s
     0     0   -0.99971    0   93   -0.85005   -0.99971  17.6%     -    0s
     0     0   -0.99957    0  104   -0.85005   -0.99957  17.6%     -    0s
     0     0   -0.99956    0   93   -0.85005   -0.99956  17.6%     -    0s
     0     0   -0.99956    0   93   -0.85005   -0.99956  17.6%     -    0s
     0     0   -0.99933    0  104   -0.85005   -0.99933  17.6%     -    0s
     0     0   -0.99928    0  104   -0.85005   -0.99928  17.6%     -    0s
     0     0   -0.99908    0   89   -0.85005   -0.99908  17.5%     -    0s
     0     0   -0.99908    0   89   -0.85005   -0.99908  17.5%     -    0s
     0     0   -0.99908    0   89   -0.85005   -0.99908  17.5%     -    0s
     0     2   -0.99908    0   89   -0.85005   -0.99908  17.5%     -    0s

Cutting planes:
  Implied bound: 13
  MIR: 4
  Flow cover: 3
  Zero half: 1
  Mod-K: 1

Explored 22 nodes (2597 simplex iterations) in 0.91 seconds
Thread count was 4 (of 4 available processors)

Solution count 2: -0.850049 0.321104 

Optimal solution found (tolerance 1.00e-04)
Best objective -8.500489597406e-01, best bound -8.500489597406e-01, gap 0.0000%

Gurobi 7.5.2 (linux64) logging started Tue Apr 30 14:20:32 2019

Changed value of parameter LogFile to /home/aniket/python_scripts/Plasmids-Optimization/exp/2019-04-17__iterative_MILP_v3/output/sample_66/1.1.1/nplasmids_1/MILP/m.log
   Prev: gurobi.log  Default: 
Changed value of parameter TimeLimit to 2400.0
   Prev: 1e+100  Min: 0.0  Max: 1e+100  Default: 1e+100
Optimize a model with 4647 rows, 1349 columns and 10067 nonzeros
Variable types: 712 continuous, 637 integer (536 binary)
Coefficient statistics:
  Matrix range     [1e-03, 8e+05]
  Objective range  [1e+00, 1e+00]
  Bounds range     [1e+00, 1e+00]
  RHS range        [7e-01, 2e+06]
Presolve removed 2904 rows and 561 columns
Presolve time: 0.03s
Presolved: 1743 rows, 788 columns, 5322 nonzeros
Variable types: 500 continuous, 288 integer (288 binary)
Found heuristic solution: objective -0.3319671
Found heuristic solution: objective -0.7534444
Found heuristic solution: objective -0.8623885

Root relaxation: objective -9.999254e-01, 581 iterations, 0.05 seconds

    Nodes    |    Current Node    |     Objective Bounds      |     Work
 Expl Unexpl |  Obj  Depth IntInf | Incumbent    BestBd   Gap | It/Node Time

     0     0   -0.99993    0  153   -0.86239   -0.99993  15.9%     -    0s
     0     0   -0.99977    0  136   -0.86239   -0.99977  15.9%     -    0s
     0     0   -0.99977    0  100   -0.86239   -0.99977  15.9%     -    0s
     0     0   -0.99920    0  101   -0.86239   -0.99920  15.9%     -    0s
H    0     0                      -0.8661687   -0.99920  15.4%     -    0s
     0     0   -0.99891    0  110   -0.86617   -0.99891  15.3%     -    0s
     0     0   -0.99891    0  110   -0.86617   -0.99891  15.3%     -    0s
     0     0   -0.99874    0  119   -0.86617   -0.99874  15.3%     -    0s
     0     0   -0.99874    0  119   -0.86617   -0.99874  15.3%     -    0s
     0     0   -0.99874    0  119   -0.86617   -0.99874  15.3%     -    0s
     0     2   -0.99874    0  119   -0.86617   -0.99874  15.3%     -    0s

Cutting planes:
  Implied bound: 1
  MIR: 1
  Flow cover: 7
  Zero half: 2

Explored 21 nodes (2966 simplex iterations) in 0.67 seconds
Thread count was 4 (of 4 available processors)

Solution count 4: -0.866169 -0.862389 -0.753444 -0.331967 

Optimal solution found (tolerance 1.00e-04)
Best objective -8.661687201571e-01, best bound -8.661687201571e-01, gap 0.0000%
Optimize a model with 4648 rows, 1349 columns and 10068 nonzeros
Variable types: 712 continuous, 637 integer (536 binary)
Coefficient statistics:
  Matrix range     [1e-03, 8e+05]
  Objective range  [1e+00, 1e+00]
  Bounds range     [1e+00, 1e+00]
  RHS range        [7e-01, 2e+06]

MIP start did not produce a new incumbent solution
MIP start violates constraint circular by 1.000000000

Presolve removed 2920 rows and 567 columns
Presolve time: 0.03s
Presolved: 1728 rows, 782 columns, 5291 nonzeros
Variable types: 495 continuous, 287 integer (287 binary)
Found heuristic solution: objective 0.3211036
Found heuristic solution: objective -0.7534449

Root relaxation: objective -9.997542e-01, 500 iterations, 0.04 seconds

    Nodes    |    Current Node    |     Objective Bounds      |     Work
 Expl Unexpl |  Obj  Depth IntInf | Incumbent    BestBd   Gap | It/Node Time

     0     0   -0.99975    0  152   -0.75344   -0.99975  32.7%     -    0s
     0     0   -0.99930    0  135   -0.75344   -0.99930  32.6%     -    0s
     0     0   -0.99930    0   99   -0.75344   -0.99930  32.6%     -    0s
     0     0   -0.99770    0  101   -0.75344   -0.99770  32.4%     -    0s
     0     0   -0.99768    0   99   -0.75344   -0.99768  32.4%     -    0s
     0     0   -0.99533    0   41   -0.75344   -0.99533  32.1%     -    0s
     0     0   -0.99530    0   41   -0.75344   -0.99530  32.1%     -    0s
     0     0   -0.99461    0   45   -0.75344   -0.99461  32.0%     -    0s
H    0     0                      -0.7804183   -0.99461  27.4%     -    0s
     0     0   -0.99460    0   45   -0.78042   -0.99460  27.4%     -    0s
     0     0   -0.99454    0   44   -0.78042   -0.99454  27.4%     -    0s
     0     0   -0.99447    0   46   -0.78042   -0.99447  27.4%     -    0s
     0     0   -0.99447    0   46   -0.78042   -0.99447  27.4%     -    0s
     0     0   -0.99447    0   46   -0.78042   -0.99447  27.4%     -    0s
     0     2   -0.99447    0   46   -0.78042   -0.99447  27.4%     -    0s
*   14     9               6      -0.8268200   -0.98155  18.7%  34.9    0s

Cutting planes:
  Implied bound: 63
  Flow cover: 10
  Zero half: 2

Explored 29 nodes (2830 simplex iterations) in 0.90 seconds
Thread count was 4 (of 4 available processors)

Solution count 4: -0.82682 -0.780418 -0.753445 0.321104 

Optimal solution found (tolerance 1.00e-04)
Best objective -8.268200374764e-01, best bound -8.268200374764e-01, gap 0.0000%

Gurobi 7.5.2 (linux64) logging started Tue Apr 30 14:20:34 2019

Changed value of parameter LogFile to /home/aniket/python_scripts/Plasmids-Optimization/exp/2019-04-17__iterative_MILP_v3/output/sample_66/1.1.1/nplasmids_1/MILP/m.log
   Prev: gurobi.log  Default: 
Changed value of parameter TimeLimit to 2400.0
   Prev: 1e+100  Min: 0.0  Max: 1e+100  Default: 1e+100
Optimize a model with 4599 rows, 1335 columns and 9956 nonzeros
Variable types: 705 continuous, 630 integer (530 binary)
Coefficient statistics:
  Matrix range     [1e-03, 8e+05]
  Objective range  [1e+00, 1e+00]
  Bounds range     [1e+00, 1e+00]
  RHS range        [7e-01, 2e+06]
Presolve removed 2875 rows and 556 columns
Presolve time: 0.03s
Presolved: 1724 rows, 779 columns, 5261 nonzeros
Variable types: 495 continuous, 284 integer (284 binary)
Found heuristic solution: objective -0.8542050
Found heuristic solution: objective -0.8600136

Root relaxation: objective -9.999178e-01, 514 iterations, 0.04 seconds

    Nodes    |    Current Node    |     Objective Bounds      |     Work
 Expl Unexpl |  Obj  Depth IntInf | Incumbent    BestBd   Gap | It/Node Time

     0     0   -0.99992    0  150   -0.86001   -0.99992  16.3%     -    0s
     0     0   -0.99974    0  133   -0.86001   -0.99974  16.2%     -    0s
     0     0   -0.99974    0   96   -0.86001   -0.99974  16.2%     -    0s
H    0     0                      -0.8661687   -0.99974  15.4%     -    0s
     0     0   -0.99903    0   98   -0.86617   -0.99903  15.3%     -    0s
     0     0   -0.99852    0  103   -0.86617   -0.99852  15.3%     -    0s
     0     0   -0.99851    0  112   -0.86617   -0.99851  15.3%     -    0s
     0     0   -0.99802    0  108   -0.86617   -0.99802  15.2%     -    0s
     0     0   -0.99710    0   72   -0.86617   -0.99710  15.1%     -    0s
     0     0   -0.99658    0   71   -0.86617   -0.99658  15.1%     -    0s
     0     0   -0.99633    0   43   -0.86617   -0.99633  15.0%     -    0s
     0     0   -0.99555    0   44   -0.86617   -0.99555  14.9%     -    0s
     0     0   -0.99370    0   24   -0.86617   -0.99370  14.7%     -    0s
     0     0   -0.99354    0   19   -0.86617   -0.99354  14.7%     -    0s
     0     0   -0.99354    0   19   -0.86617   -0.99354  14.7%     -    0s
     0     0   -0.99354    0   19   -0.86617   -0.99354  14.7%     -    0s
     0     0   -0.99353    0   16   -0.86617   -0.99353  14.7%     -    0s
     0     0   -0.99353    0   16   -0.86617   -0.99353  14.7%     -    0s
     0     2   -0.99353    0   16   -0.86617   -0.99353  14.7%     -    0s

Cutting planes:
  Implied bound: 83
  MIR: 4
  Flow cover: 9
  Zero half: 1

Explored 6 nodes (2307 simplex iterations) in 0.90 seconds
Thread count was 4 (of 4 available processors)

Solution count 3: -0.866169 -0.860014 -0.854205 

Optimal solution found (tolerance 1.00e-04)
Best objective -8.661687201571e-01, best bound -8.661687201571e-01, gap 0.0000%
Optimize a model with 4600 rows, 1335 columns and 9957 nonzeros
Variable types: 705 continuous, 630 integer (530 binary)
Coefficient statistics:
  Matrix range     [1e-03, 8e+05]
  Objective range  [1e+00, 1e+00]
  Bounds range     [1e+00, 1e+00]
  RHS range        [7e-01, 2e+06]

MIP start did not produce a new incumbent solution
MIP start violates constraint circular by 1.000000000

Presolve removed 2891 rows and 562 columns
Presolve time: 0.03s
Presolved: 1709 rows, 773 columns, 5227 nonzeros
Variable types: 490 continuous, 283 integer (283 binary)
Found heuristic solution: objective 0.3211036
Found heuristic solution: objective -0.7136931
Found heuristic solution: objective -0.7319843

Root relaxation: objective -9.996163e-01, 506 iterations, 0.04 seconds

    Nodes    |    Current Node    |     Objective Bounds      |     Work
 Expl Unexpl |  Obj  Depth IntInf | Incumbent    BestBd   Gap | It/Node Time

     0     0   -0.99962    0  141   -0.73198   -0.99962  36.6%     -    0s
     0     0   -0.99889    0  129   -0.73198   -0.99889  36.5%     -    0s
     0     0   -0.99889    0   93   -0.73198   -0.99889  36.5%     -    0s
     0     0   -0.99629    0  105   -0.73198   -0.99629  36.1%     -    0s
H    0     0                      -0.7672150   -0.99629  29.9%     -    0s
     0     0   -0.99627    0  106   -0.76721   -0.99627  29.9%     -    0s
     0     0   -0.99251    0   40   -0.76721   -0.99251  29.4%     -    0s
     0     0   -0.99209    0   42   -0.76721   -0.99209  29.3%     -    0s
     0     0   -0.99093    0   32   -0.76721   -0.99093  29.2%     -    0s
     0     0   -0.99069    0   36   -0.76721   -0.99069  29.1%     -    0s
     0     0   -0.99055    0   35   -0.76721   -0.99055  29.1%     -    0s
     0     0   -0.99046    0   28   -0.76721   -0.99046  29.1%     -    0s
     0     0   -0.99046    0   28   -0.76721   -0.99046  29.1%     -    0s
     0     2   -0.99046    0   28   -0.76721   -0.99046  29.1%     -    0s
H   30     6                      -0.8122981   -0.81755  0.65%  31.3    0s
*   33     0               7      -0.8161550   -0.81615  0.00%  30.8    0s

Cutting planes:
  Implied bound: 61
  MIR: 3
  Flow cover: 7

Explored 39 nodes (2684 simplex iterations) in 0.91 seconds
Thread count was 4 (of 4 available processors)

Solution count 6: -0.816155 -0.812298 -0.767215 ... 0.321104

Optimal solution found (tolerance 1.00e-04)
Best objective -8.161549652104e-01, best bound -8.161549652104e-01, gap 0.0000%

Gurobi 7.5.2 (linux64) logging started Tue Apr 30 14:20:36 2019

Changed value of parameter LogFile to /home/aniket/python_scripts/Plasmids-Optimization/exp/2019-04-17__iterative_MILP_v3/output/sample_66/1.1.1/nplasmids_1/MILP/m.log
   Prev: gurobi.log  Default: 
Changed value of parameter TimeLimit to 2400.0
   Prev: 1e+100  Min: 0.0  Max: 1e+100  Default: 1e+100
Optimize a model with 4505 rows, 1307 columns and 9745 nonzeros
Variable types: 691 continuous, 616 integer (518 binary)
Coefficient statistics:
  Matrix range     [1e-03, 8e+05]
  Objective range  [1e+00, 1e+00]
  Bounds range     [1e+00, 1e+00]
  RHS range        [7e-01, 2e+06]
Presolve removed 2819 rows and 547 columns
Presolve time: 0.03s
Presolved: 1686 rows, 760 columns, 5140 nonzeros
Variable types: 485 continuous, 275 integer (275 binary)
Found heuristic solution: objective -0.8524575
Found heuristic solution: objective -0.8608411

Root relaxation: objective -9.998159e-01, 549 iterations, 0.05 seconds

    Nodes    |    Current Node    |     Objective Bounds      |     Work
 Expl Unexpl |  Obj  Depth IntInf | Incumbent    BestBd   Gap | It/Node Time

     0     0   -0.99982    0  149   -0.86084   -0.99982  16.1%     -    0s
H    0     0                      -0.8637404   -0.99982  15.8%     -    0s
     0     0   -0.99973    0  125   -0.86374   -0.99973  15.7%     -    0s
     0     0   -0.99973    0   92   -0.86374   -0.99973  15.7%     -    0s
     0     0   -0.99973    0   92   -0.86374   -0.99973  15.7%     -    0s
     0     0   -0.99973    0   92   -0.86374   -0.99973  15.7%     -    0s
     0     0   -0.99890    0   94   -0.86374   -0.99890  15.6%     -    0s
     0     0   -0.99860    0   94   -0.86374   -0.99860  15.6%     -    0s
     0     0   -0.99860    0   94   -0.86374   -0.99860  15.6%     -    0s
     0     0   -0.99860    0   94   -0.86374   -0.99860  15.6%     -    0s
     0     2   -0.99860    0   94   -0.86374   -0.99860  15.6%     -    0s
*   45     8              13      -0.8643228   -0.86670  0.28%  30.7    0s
*   49     4              23      -0.8654170   -0.86670  0.15%  32.4    0s

Cutting planes:
  Flow cover: 6
  Zero half: 1

Explored 59 nodes (2773 simplex iterations) in 0.88 seconds
Thread count was 4 (of 4 available processors)

Solution count 5: -0.865417 -0.864323 -0.86374 ... -0.852458

Optimal solution found (tolerance 1.00e-04)
Best objective -8.654169558676e-01, best bound -8.654169558676e-01, gap 0.0000%
Optimize a model with 4506 rows, 1307 columns and 9746 nonzeros
Variable types: 691 continuous, 616 integer (518 binary)
Coefficient statistics:
  Matrix range     [1e-03, 8e+05]
  Objective range  [1e+00, 1e+00]
  Bounds range     [1e+00, 1e+00]
  RHS range        [7e-01, 2e+06]

MIP start did not produce a new incumbent solution
MIP start violates constraint circular by 1.000000000

Presolve removed 2835 rows and 553 columns
Presolve time: 0.04s
Presolved: 1671 rows, 754 columns, 5112 nonzeros
Variable types: 480 continuous, 274 integer (274 binary)
Found heuristic solution: objective 0.3211036
Found heuristic solution: objective -0.7136927

Root relaxation: objective -9.985827e-01, 466 iterations, 0.05 seconds

    Nodes    |    Current Node    |     Objective Bounds      |     Work
 Expl Unexpl |  Obj  Depth IntInf | Incumbent    BestBd   Gap | It/Node Time

     0     0   -0.99858    0  124   -0.71369   -0.99858  39.9%     -    0s
     0     0   -0.99777    0  138   -0.71369   -0.99777  39.8%     -    0s
     0     0   -0.99777    0   86   -0.71369   -0.99777  39.8%     -    0s
     0     0   -0.99776    0   99   -0.71369   -0.99776  39.8%     -    0s
     0     0   -0.99187    0   29   -0.71369   -0.99187  39.0%     -    0s
     0     0   -0.98470    0   30   -0.71369   -0.98470  38.0%     -    0s
     0     0   -0.98055    0   41   -0.71369   -0.98055  37.4%     -    0s
     0     0   -0.97774    0   38   -0.71369   -0.97774  37.0%     -    0s
     0     0   -0.97758    0   37   -0.71369   -0.97758  37.0%     -    0s
     0     0   -0.97705    0   44   -0.71369   -0.97705  36.9%     -    0s
     0     0   -0.97572    0   45   -0.71369   -0.97572  36.7%     -    0s
     0     0   -0.97568    0   26   -0.71369   -0.97568  36.7%     -    0s
     0     0   -0.97568    0   24   -0.71369   -0.97568  36.7%     -    0s
     0     0   -0.97568    0   24   -0.71369   -0.97568  36.7%     -    0s
     0     2   -0.97568    0   24   -0.71369   -0.97568  36.7%     -    0s
*    7     1               4      -0.7672150   -0.76721  0.00%  59.9    0s

Cutting planes:
  Implied bound: 65
  Flow cover: 7
  Zero half: 1

Explored 8 nodes (1752 simplex iterations) in 0.89 seconds
Thread count was 4 (of 4 available processors)

Solution count 3: -0.767215 -0.713693 0.321104 

Optimal solution found (tolerance 1.00e-04)
Best objective -7.672149971592e-01, best bound -7.672149971592e-01, gap 0.0000%

Gurobi 7.5.2 (linux64) logging started Tue Apr 30 14:20:38 2019

Changed value of parameter LogFile to /home/aniket/python_scripts/Plasmids-Optimization/exp/2019-04-17__iterative_MILP_v3/output/sample_66/1.1.1/nplasmids_1/MILP/m.log
   Prev: gurobi.log  Default: 
Changed value of parameter TimeLimit to 2400.0
   Prev: 1e+100  Min: 0.0  Max: 1e+100  Default: 1e+100
Optimize a model with 4415 rows, 1281 columns and 9551 nonzeros
Variable types: 677 continuous, 604 integer (508 binary)
Coefficient statistics:
  Matrix range     [1e-03, 8e+05]
  Objective range  [1e+00, 1e+00]
  Bounds range     [1e+00, 1e+00]
  RHS range        [7e-01, 2e+06]
Presolve removed 2762 rows and 535 columns
Presolve time: 0.03s
Presolved: 1653 rows, 746 columns, 5040 nonzeros
Variable types: 475 continuous, 271 integer (271 binary)
Found heuristic solution: objective -0.3319671
Found heuristic solution: objective -0.7136927
Found heuristic solution: objective -0.8608411

Root relaxation: objective -9.998109e-01, 491 iterations, 0.04 seconds

    Nodes    |    Current Node    |     Objective Bounds      |     Work
 Expl Unexpl |  Obj  Depth IntInf | Incumbent    BestBd   Gap | It/Node Time

     0     0   -0.99981    0  146   -0.86084   -0.99981  16.1%     -    0s
H    0     0                      -0.8637404   -0.99981  15.8%     -    0s
     0     0   -0.99972    0  123   -0.86374   -0.99972  15.7%     -    0s
     0     0   -0.99972    0   89   -0.86374   -0.99972  15.7%     -    0s
     0     0   -0.99972    0   89   -0.86374   -0.99972  15.7%     -    0s
H    0     0                      -0.8654170   -0.99972  15.5%     -    0s
     0     0   -0.99972    0   89   -0.86542   -0.99972  15.5%     -    0s
     0     0   -0.99847    0   99   -0.86542   -0.99847  15.4%     -    0s
     0     0   -0.99799    0   99   -0.86542   -0.99799  15.3%     -    0s
     0     0   -0.99624    0   32   -0.86542   -0.99624  15.1%     -    0s
     0     0   -0.99620    0   26   -0.86542   -0.99620  15.1%     -    0s
     0     0   -0.99579    0   25   -0.86542   -0.99579  15.1%     -    0s
     0     0   -0.99579    0   25   -0.86542   -0.99579  15.1%     -    0s
     0     0   -0.99350    0   15   -0.86542   -0.99350  14.8%     -    0s
     0     0   -0.99345    0   20   -0.86542   -0.99345  14.8%     -    0s
     0     0   -0.98924    0   20   -0.86542   -0.98924  14.3%     -    0s
     0     0   -0.98916    0   18   -0.86542   -0.98916  14.3%     -    0s
     0     0   -0.98905    0   18   -0.86542   -0.98905  14.3%     -    0s
     0     0   -0.98856    0   18   -0.86542   -0.98856  14.2%     -    0s
     0     0   -0.98828    0   23   -0.86542   -0.98828  14.2%     -    0s
     0     0   -0.98828    0   23   -0.86542   -0.98828  14.2%     -    0s
     0     0   -0.98815    0   25   -0.86542   -0.98815  14.2%     -    0s
     0     0   -0.98815    0   26   -0.86542   -0.98815  14.2%     -    0s
     0     0   -0.98815    0   26   -0.86542   -0.98815  14.2%     -    0s
     0     0   -0.98815    0   36   -0.86542   -0.98815  14.2%     -    0s
     0     0   -0.98815    0   36   -0.86542   -0.98815  14.2%     -    0s
     0     0   -0.98815    0   38   -0.86542   -0.98815  14.2%     -    0s
     0     0   -0.98673    0   28   -0.86542   -0.98673  14.0%     -    0s
     0     0   -0.98542    0   24   -0.86542   -0.98542  13.9%     -    0s
     0     0   -0.98492    0   20   -0.86542   -0.98492  13.8%     -    1s
     0     0   -0.98492    0   20   -0.86542   -0.98492  13.8%     -    1s
     0     2   -0.98492    0   20   -0.86542   -0.98492  13.8%     -    1s

Cutting planes:
  Implied bound: 61
  MIR: 2
  Flow cover: 6

Explored 6 nodes (2643 simplex iterations) in 1.21 seconds
Thread count was 4 (of 4 available processors)

Solution count 5: -0.865417 -0.86374 -0.860841 ... -0.331967

Optimal solution found (tolerance 1.00e-04)
Best objective -8.654169558676e-01, best bound -8.654169558676e-01, gap 0.0000%
Optimize a model with 4416 rows, 1281 columns and 9552 nonzeros
Variable types: 677 continuous, 604 integer (508 binary)
Coefficient statistics:
  Matrix range     [1e-03, 8e+05]
  Objective range  [1e+00, 1e+00]
  Bounds range     [1e+00, 1e+00]
  RHS range        [7e-01, 2e+06]

MIP start did not produce a new incumbent solution
MIP start violates constraint circular by 1.000000000

Presolve removed 2778 rows and 541 columns
Presolve time: 0.05s
Presolved: 1638 rows, 740 columns, 5012 nonzeros
Variable types: 470 continuous, 270 integer (270 binary)
Found heuristic solution: objective 0.3211036
Found heuristic solution: objective -0.7136927

Root relaxation: objective -9.982266e-01, 458 iterations, 0.05 seconds

    Nodes    |    Current Node    |     Objective Bounds      |     Work
 Expl Unexpl |  Obj  Depth IntInf | Incumbent    BestBd   Gap | It/Node Time

     0     0   -0.99823    0  121   -0.71369   -0.99823  39.9%     -    0s
     0     0   -0.99058    0  135   -0.71369   -0.99058  38.8%     -    0s
     0     0   -0.99058    0   78   -0.71369   -0.99058  38.8%     -    0s
     0     0   -0.98424    0   23   -0.71369   -0.98424  37.9%     -    0s
     0     0   -0.98400    0   19   -0.71369   -0.98400  37.9%     -    0s
     0     0   -0.97243    0   20   -0.71369   -0.97243  36.3%     -    0s
     0     0   -0.96311    0   23   -0.71369   -0.96311  34.9%     -    0s
     0     0   -0.95738    0   25   -0.71369   -0.95738  34.1%     -    0s
     0     0   -0.94709    0   16   -0.71369   -0.94709  32.7%     -    0s
     0     0   -0.94709    0   16   -0.71369   -0.94709  32.7%     -    0s

Cutting planes:
  Implied bound: 58
  MIR: 1
  Flow cover: 6
  Zero half: 1

Explored 1 nodes (1314 simplex iterations) in 0.74 seconds
Thread count was 4 (of 4 available processors)

Solution count 2: -0.713693 0.321104 

Optimal solution found (tolerance 1.00e-04)
Best objective -7.136926599522e-01, best bound -7.136926599522e-01, gap 0.0000%

Gurobi 7.5.2 (linux64) logging started Tue Apr 30 14:20:40 2019

Changed value of parameter LogFile to /home/aniket/python_scripts/Plasmids-Optimization/exp/2019-04-17__iterative_MILP_v3/output/sample_66/1.1.1/nplasmids_1/MILP/m.log
   Prev: gurobi.log  Default: 
Changed value of parameter TimeLimit to 2400.0
   Prev: 1e+100  Min: 0.0  Max: 1e+100  Default: 1e+100
Optimize a model with 4317 rows, 1253 columns and 9322 nonzeros
Variable types: 663 continuous, 590 integer (496 binary)
Coefficient statistics:
  Matrix range     [1e-03, 8e+05]
  Objective range  [1e+00, 1e+00]
  Bounds range     [1e+00, 1e+00]
  RHS range        [7e-01, 2e+06]
Presolve removed 2717 rows and 531 columns
Presolve time: 0.03s
Presolved: 1600 rows, 722 columns, 4876 nonzeros
Variable types: 460 continuous, 262 integer (262 binary)
Found heuristic solution: objective -0.8542050
Found heuristic solution: objective -0.8608411

Root relaxation: objective -9.916911e-01, 973 iterations, 0.05 seconds

    Nodes    |    Current Node    |     Objective Bounds      |     Work
 Expl Unexpl |  Obj  Depth IntInf | Incumbent    BestBd   Gap | It/Node Time

     0     0   -0.99169    0  142   -0.86084   -0.99169  15.2%     -    0s
     0     0   -0.93854    0  128   -0.86084   -0.93854  9.03%     -    0s
     0     0   -0.93854    0    7   -0.86084   -0.93854  9.03%     -    0s
     0     0   -0.93854    0  108   -0.86084   -0.93854  9.03%     -    0s
     0     0   -0.93402    0   71   -0.86084   -0.93402  8.50%     -    0s
     0     0   -0.92586    0    7   -0.86084   -0.92586  7.55%     -    0s
H    0     0                      -0.8635330   -0.92586  7.22%     -    0s
     0     0   -0.92552    0    5   -0.86353   -0.92552  7.18%     -    0s
     0     0   -0.92514    0    8   -0.86353   -0.92514  7.13%     -    0s
     0     0   -0.91961    0   12   -0.86353   -0.91961  6.49%     -    0s
     0     0   -0.90746    0    7   -0.86353   -0.90746  5.09%     -    0s
     0     0   -0.89045    0   12   -0.86353   -0.89045  3.12%     -    0s
     0     0   -0.86568    0   26   -0.86353   -0.86568  0.25%     -    0s
     0     0   -0.86556    0   33   -0.86353   -0.86556  0.24%     -    0s
H    0     0                      -0.8654170   -0.86556  0.02%     -    0s
     0     0   -0.86542    0    3   -0.86542   -0.86542  0.00%     -    0s

Cutting planes:
  Cover: 1
  Implied bound: 4
  MIR: 2
  Flow cover: 4

Explored 1 nodes (3555 simplex iterations) in 0.66 seconds
Thread count was 4 (of 4 available processors)

Solution count 4: -0.865417 -0.863533 -0.860841 -0.854205 

Optimal solution found (tolerance 1.00e-04)
Best objective -8.654169558676e-01, best bound -8.654175853610e-01, gap 0.0001%
Optimize a model with 4318 rows, 1253 columns and 9323 nonzeros
Variable types: 663 continuous, 590 integer (496 binary)
Coefficient statistics:
  Matrix range     [1e-03, 8e+05]
  Objective range  [1e+00, 1e+00]
  Bounds range     [1e+00, 1e+00]
  RHS range        [7e-01, 2e+06]

MIP start did not produce a new incumbent solution
MIP start violates constraint circular by 1.000000000

Presolve removed 2733 rows and 537 columns
Presolve time: 0.03s
Presolved: 1585 rows, 716 columns, 4845 nonzeros
Variable types: 455 continuous, 261 integer (261 binary)
Found heuristic solution: objective 0.3211036
Found heuristic solution: objective -0.5339689

Root relaxation: objective -8.941501e-01, 158 iterations, 0.01 seconds

    Nodes    |    Current Node    |     Objective Bounds      |     Work
 Expl Unexpl |  Obj  Depth IntInf | Incumbent    BestBd   Gap | It/Node Time

     0     0   -0.89415    0    9   -0.53397   -0.89415  67.5%     -    0s
     0     0   -0.85458    0  130   -0.53397   -0.85458  60.0%     -    0s
     0     0   -0.85458    0   89   -0.53397   -0.85458  60.0%     -    0s
H    0     0                      -0.6541864   -0.85458  30.6%     -    0s
     0     0   -0.82112    0   83   -0.65419   -0.82112  25.5%     -    0s
     0     0   -0.79565    0   83   -0.65419   -0.79565  21.6%     -    0s
     0     0   -0.68982    0   12   -0.65419   -0.68982  5.45%     -    0s
     0     0   -0.68829    0   14   -0.65419   -0.68829  5.21%     -    0s
     0     0   -0.67538    0    5   -0.65419   -0.67538  3.24%     -    0s

Cutting planes:
  Gomory: 1
  Implied bound: 63
  MIR: 1
  Flow cover: 58

Explored 1 nodes (2007 simplex iterations) in 0.48 seconds
Thread count was 4 (of 4 available processors)

Solution count 3: -0.654186 -0.533969 0.321104 

Optimal solution found (tolerance 1.00e-04)
Best objective -6.541864125051e-01, best bound -6.541864125051e-01, gap 0.0000%

Gurobi 7.5.2 (linux64) logging started Tue Apr 30 14:20:41 2019

Changed value of parameter LogFile to /home/aniket/python_scripts/Plasmids-Optimization/exp/2019-04-17__iterative_MILP_v3/output/sample_66/1.1.1/nplasmids_1/MILP/m.log
   Prev: gurobi.log  Default: 
Changed value of parameter TimeLimit to 2400.0
   Prev: 1e+100  Min: 0.0  Max: 1e+100  Default: 1e+100
Optimize a model with 4271 rows, 1239 columns and 9219 nonzeros
Variable types: 656 continuous, 583 integer (490 binary)
Coefficient statistics:
  Matrix range     [1e-03, 8e+05]
  Objective range  [1e+00, 1e+00]
  Bounds range     [1e+00, 1e+00]
  RHS range        [7e-01, 2e+06]
Presolve removed 2703 rows and 530 columns
Presolve time: 0.03s
Presolved: 1568 rows, 709 columns, 4779 nonzeros
Variable types: 450 continuous, 259 integer (259 binary)
Found heuristic solution: objective -0.8471988
Found heuristic solution: objective -0.8635330

Root relaxation: objective -9.913978e-01, 780 iterations, 0.05 seconds

    Nodes    |    Current Node    |     Objective Bounds      |     Work
 Expl Unexpl |  Obj  Depth IntInf | Incumbent    BestBd   Gap | It/Node Time

     0     0   -0.99140    0  141   -0.86353   -0.99140  14.8%     -    0s
     0     0   -0.92356    0  121   -0.86353   -0.92356  6.95%     -    0s
     0     0   -0.92356    0    5   -0.86353   -0.92356  6.95%     -    0s
H    0     0                      -0.8637795   -0.92356  6.92%     -    0s
     0     0   -0.92356    0   98   -0.86378   -0.92356  6.92%     -    0s
     0     0   -0.92345    0   73   -0.86378   -0.92345  6.91%     -    0s
     0     0   -0.86585    0   28   -0.86378   -0.86585  0.24%     -    0s
     0     0   -0.86557    0   28   -0.86378   -0.86557  0.21%     -    0s
H    0     0                      -0.8654170   -0.86557  0.02%     -    0s
     0     0   -0.86542    0    3   -0.86542   -0.86542  0.00%     -    0s

Cutting planes:
  Implied bound: 6
  Flow cover: 2

Explored 1 nodes (2583 simplex iterations) in 0.45 seconds
Thread count was 4 (of 4 available processors)

Solution count 4: -0.865417 -0.86378 -0.863533 -0.847199 

Optimal solution found (tolerance 1.00e-04)
Best objective -8.654169558676e-01, best bound -8.654177424425e-01, gap 0.0001%
Optimize a model with 4272 rows, 1239 columns and 9220 nonzeros
Variable types: 656 continuous, 583 integer (490 binary)
Coefficient statistics:
  Matrix range     [1e-03, 8e+05]
  Objective range  [1e+00, 1e+00]
  Bounds range     [1e+00, 1e+00]
  RHS range        [7e-01, 2e+06]

MIP start did not produce a new incumbent solution
MIP start violates constraint circular by 1.000000000

Presolve removed 2719 rows and 536 columns
Presolve time: 0.03s
Presolved: 1553 rows, 703 columns, 4750 nonzeros
Variable types: 445 continuous, 258 integer (258 binary)
Found heuristic solution: objective 0.3211036
Found heuristic solution: objective -0.2620615
Found heuristic solution: objective -0.2934664

Root relaxation: objective -8.141223e-01, 221 iterations, 0.01 seconds

    Nodes    |    Current Node    |     Objective Bounds      |     Work
 Expl Unexpl |  Obj  Depth IntInf | Incumbent    BestBd   Gap | It/Node Time

     0     0   -0.81412    0    7   -0.29347   -0.81412   177%     -    0s
     0     0   -0.71796    0  124   -0.29347   -0.71796   145%     -    0s
     0     0   -0.68545    0    3   -0.29347   -0.68545   134%     -    0s
     0     0   -0.52660    0   28   -0.29347   -0.52660  79.4%     -    0s
     0     0   -0.39344    0   24   -0.29347   -0.39344  34.1%     -    0s
     0     0   -0.33752    0    7   -0.29347   -0.33752  15.0%     -    0s
     0     0   -0.29402    0    1   -0.29347   -0.29402  0.19%     -    0s
     0     0     cutoff    0        -0.29347   -0.29347  0.00%     -    0s

Explored 1 nodes (2077 simplex iterations) in 0.33 seconds
Thread count was 4 (of 4 available processors)

Solution count 3: -0.293466 -0.262062 0.321104 

Optimal solution found (tolerance 1.00e-04)
Best objective -2.934663731966e-01, best bound -2.934663731966e-01, gap 0.0000%

Gurobi 7.5.2 (linux64) logging started Tue Apr 30 14:20:42 2019

Changed value of parameter LogFile to /home/aniket/python_scripts/Plasmids-Optimization/exp/2019-04-17__iterative_MILP_v3/output/sample_66/1.1.1/nplasmids_1/MILP/m.log
   Prev: gurobi.log  Default: 
Changed value of parameter TimeLimit to 2400.0
   Prev: 1e+100  Min: 0.0  Max: 1e+100  Default: 1e+100
Optimize a model with 4184 rows, 1214 columns and 9039 nonzeros
Variable types: 642 continuous, 572 integer (481 binary)
Coefficient statistics:
  Matrix range     [1e-03, 8e+05]
  Objective range  [1e+00, 1e+00]
  Bounds range     [1e+00, 1e+00]
  RHS range        [7e-01, 2e+06]
Presolve removed 2646 rows and 516 columns
Presolve time: 0.02s
Presolved: 1538 rows, 698 columns, 4691 nonzeros
Variable types: 440 continuous, 258 integer (258 binary)
Found heuristic solution: objective -0.8516526
Found heuristic solution: objective -0.8643228

Root relaxation: objective -9.881185e-01, 435 iterations, 0.03 seconds

    Nodes    |    Current Node    |     Objective Bounds      |     Work
 Expl Unexpl |  Obj  Depth IntInf | Incumbent    BestBd   Gap | It/Node Time

     0     0   -0.98812    0  143   -0.86432   -0.98812  14.3%     -    0s
     0     0   -0.86578    0   63   -0.86432   -0.86578  0.17%     -    0s
     0     0   -0.86565    0   18   -0.86432   -0.86565  0.15%     -    0s
H    0     0                      -0.8651581   -0.86565  0.06%     -    0s
H    0     0                      -0.8654170   -0.86565  0.03%     -    0s
     0     0   -0.86542    0    3   -0.86542   -0.86542  0.00%     -    0s

Cutting planes:
  Gomory: 1
  Implied bound: 3
  MIR: 2
  Flow cover: 10

Explored 1 nodes (802 simplex iterations) in 0.21 seconds
Thread count was 4 (of 4 available processors)

Solution count 4: -0.865417 -0.865158 -0.864323 -0.851653 

Optimal solution found (tolerance 1.00e-04)
Best objective -8.654169558678e-01, best bound -8.654175834161e-01, gap 0.0001%
Optimize a model with 4185 rows, 1214 columns and 9040 nonzeros
Variable types: 642 continuous, 572 integer (481 binary)
Coefficient statistics:
  Matrix range     [1e-03, 8e+05]
  Objective range  [1e+00, 1e+00]
  Bounds range     [1e+00, 1e+00]
  RHS range        [7e-01, 2e+06]

MIP start did not produce a new incumbent solution
MIP start violates constraint circular by 1.000000000

Presolve removed 2662 rows and 522 columns
Presolve time: 0.05s
Presolved: 1523 rows, 692 columns, 4662 nonzeros
Variable types: 435 continuous, 257 integer (257 binary)
Found heuristic solution: objective 0.3211036
Found heuristic solution: objective -0.0376257

Root relaxation: objective -9.776135e-01, 380 iterations, 0.04 seconds

    Nodes    |    Current Node    |     Objective Bounds      |     Work
 Expl Unexpl |  Obj  Depth IntInf | Incumbent    BestBd   Gap | It/Node Time

     0     0   -0.97761    0  104   -0.03763   -0.97761  2498%     -    0s
     0     0   -0.95599    0  192   -0.03763   -0.95599  2441%     -    0s
H    0     0                      -0.0587220   -0.95599  1528%     -    0s
     0     0   -0.90570    0   28   -0.05872   -0.90570  1442%     -    0s
     0     0   -0.83268    0   67   -0.05872   -0.83268  1318%     -    0s
     0     0   -0.83264    0  171   -0.05872   -0.83264  1318%     -    0s
     0     0   -0.83264    0  171   -0.05872   -0.83264  1318%     -    0s
     0     2   -0.83264    0  171   -0.05872   -0.83264  1318%     -    0s

Cutting planes:
  Cover: 10
  Implied bound: 24
  MIR: 1
  Flow cover: 28

Explored 273 nodes (4994 simplex iterations) in 0.90 seconds
Thread count was 4 (of 4 available processors)

Solution count 3: -0.058722 -0.0376257 0.321104 

Optimal solution found (tolerance 1.00e-04)
Best objective -5.872198469276e-02, best bound -5.872198469276e-02, gap 0.0000%

Gurobi 7.5.2 (linux64) logging started Tue Apr 30 14:20:44 2019

Changed value of parameter LogFile to /home/aniket/python_scripts/Plasmids-Optimization/exp/2019-04-17__iterative_MILP_v3/output/sample_66/1.1.1/nplasmids_1/MILP/m.log
   Prev: gurobi.log  Default: 
Changed value of parameter TimeLimit to 2400.0
   Prev: 1e+100  Min: 0.0  Max: 1e+100  Default: 1e+100
Optimize a model with 4136 rows, 1200 columns and 8928 nonzeros
Variable types: 635 continuous, 565 integer (475 binary)
Coefficient statistics:
  Matrix range     [1e-03, 8e+05]
  Objective range  [1e+00, 1e+00]
  Bounds range     [1e+00, 1e+00]
  RHS range        [7e-01, 2e+06]
Presolve removed 2617 rows and 512 columns
Presolve time: 0.03s
Presolved: 1519 rows, 688 columns, 4628 nonzeros
Variable types: 435 continuous, 253 integer (253 binary)
Found heuristic solution: objective -0.3319671
Found heuristic solution: objective -0.8608406

Root relaxation: objective -9.881213e-01, 401 iterations, 0.03 seconds

    Nodes    |    Current Node    |     Objective Bounds      |     Work
 Expl Unexpl |  Obj  Depth IntInf | Incumbent    BestBd   Gap | It/Node Time

     0     0   -0.98812    0  144   -0.86084   -0.98812  14.8%     -    0s
H    0     0                      -0.8637404   -0.98812  14.4%     -    0s
     0     0   -0.86565    0   87   -0.86374   -0.86565  0.22%     -    0s
     0     0   -0.86544    0   20   -0.86374   -0.86544  0.20%     -    0s
H    0     0                      -0.8654170   -0.86544  0.00%     -    0s

Explored 1 nodes (869 simplex iterations) in 0.32 seconds
Thread count was 4 (of 4 available processors)

Solution count 4: -0.865417 -0.86374 -0.860841 -0.331967 

Optimal solution found (tolerance 1.00e-04)
Best objective -8.654169558679e-01, best bound -8.654411590623e-01, gap 0.0028%
Optimize a model with 4137 rows, 1200 columns and 8929 nonzeros
Variable types: 635 continuous, 565 integer (475 binary)
Coefficient statistics:
  Matrix range     [1e-03, 8e+05]
  Objective range  [1e+00, 1e+00]
  Bounds range     [1e+00, 1e+00]
  RHS range        [7e-01, 2e+06]

MIP start did not produce a new incumbent solution
MIP start violates constraint circular by 1.000000000

Presolve removed 2633 rows and 518 columns
Presolve time: 0.04s
Presolved: 1504 rows, 682 columns, 4604 nonzeros
Variable types: 430 continuous, 252 integer (252 binary)
Found heuristic solution: objective 0.3211036
Found heuristic solution: objective -0.0139011
Found heuristic solution: objective -0.0376257

Root relaxation: objective -9.710964e-01, 416 iterations, 0.03 seconds

    Nodes    |    Current Node    |     Objective Bounds      |     Work
 Expl Unexpl |  Obj  Depth IntInf | Incumbent    BestBd   Gap | It/Node Time

     0     0   -0.97110    0   82   -0.03763   -0.97110  2481%     -    0s
     0     0   -0.62942    0  133   -0.03763   -0.62942  1573%     -    0s
     0     0   -0.62850    0  150   -0.03763   -0.62850  1570%     -    0s
     0     0   -0.62847    0  144   -0.03763   -0.62847  1570%     -    0s
     0     0   -0.48050    0   31   -0.03763   -0.48050  1177%     -    0s
     0     0   -0.33515    0   29   -0.03763   -0.33515   791%     -    0s
     0     0   -0.31884    0   31   -0.03763   -0.31884   747%     -    0s
     0     0   -0.31884    0   13   -0.03763   -0.31884   747%     -    0s
     0     0   -0.31879    0   13   -0.03763   -0.31879   747%     -    0s
     0     0   -0.31875    0   12   -0.03763   -0.31875   747%     -    0s
     0     0   -0.31873    0   11   -0.03763   -0.31873   747%     -    0s
     0     0   -0.31873    0   12   -0.03763   -0.31873   747%     -    0s
     0     0   -0.31872    0   11   -0.03763   -0.31872   747%     -    0s
     0     2   -0.31872    0   11   -0.03763   -0.31872   747%     -    0s

Cutting planes:
  Gomory: 1
  Implied bound: 15
  MIR: 6
  Flow cover: 11

Explored 3 nodes (2539 simplex iterations) in 0.56 seconds
Thread count was 4 (of 4 available processors)

Solution count 3: -0.0376257 -0.0139011 0.321104 

Optimal solution found (tolerance 1.00e-04)
Best objective -3.762566984393e-02, best bound -3.762566984393e-02, gap 0.0000%

Gurobi 7.5.2 (linux64) logging started Tue Apr 30 14:20:45 2019

Changed value of parameter LogFile to /home/aniket/python_scripts/Plasmids-Optimization/exp/2019-04-17__iterative_MILP_v3/output/sample_66/1.1.1/nplasmids_1/MILP/m.log
   Prev: gurobi.log  Default: 
Changed value of parameter TimeLimit to 2400.0
   Prev: 1e+100  Min: 0.0  Max: 1e+100  Default: 1e+100
Optimize a model with 4088 rows, 1186 columns and 8817 nonzeros
Variable types: 628 continuous, 558 integer (469 binary)
Coefficient statistics:
  Matrix range     [1e-03, 8e+05]
  Objective range  [1e+00, 1e+00]
  Bounds range     [1e+00, 1e+00]
  RHS range        [7e-01, 2e+06]
Presolve removed 2588 rows and 508 columns
Presolve time: 0.03s
Presolved: 1500 rows, 678 columns, 4588 nonzeros
Variable types: 430 continuous, 248 integer (248 binary)
Found heuristic solution: objective -0.8516526
Found heuristic solution: objective -0.8643228

Root relaxation: objective -9.879342e-01, 421 iterations, 0.03 seconds

    Nodes    |    Current Node    |     Objective Bounds      |     Work
 Expl Unexpl |  Obj  Depth IntInf | Incumbent    BestBd   Gap | It/Node Time

     0     0   -0.98793    0  140   -0.86432   -0.98793  14.3%     -    0s
     0     0   -0.86585    0   64   -0.86432   -0.86585  0.18%     -    0s
     0     0   -0.86565    0   21   -0.86432   -0.86565  0.15%     -    0s
H    0     0                      -0.8651581   -0.86565  0.06%     -    0s
H    0     0                      -0.8654170   -0.86565  0.03%     -    0s
     0     0   -0.86542    0    3   -0.86542   -0.86542  0.00%     -    0s

Cutting planes:
  Gomory: 1
  Implied bound: 4
  Flow cover: 11

Explored 1 nodes (751 simplex iterations) in 0.26 seconds
Thread count was 4 (of 4 available processors)

Solution count 4: -0.865417 -0.865158 -0.864323 -0.851653 

Optimal solution found (tolerance 1.00e-04)
Best objective -8.654169558678e-01, best bound -8.654177828299e-01, gap 0.0001%
Optimize a model with 4089 rows, 1186 columns and 8818 nonzeros
Variable types: 628 continuous, 558 integer (469 binary)
Coefficient statistics:
  Matrix range     [1e-03, 8e+05]
  Objective range  [1e+00, 1e+00]
  Bounds range     [1e+00, 1e+00]
  RHS range        [7e-01, 2e+06]

MIP start did not produce a new incumbent solution
MIP start violates constraint circular by 1.000000000

Presolve removed 2604 rows and 514 columns
Presolve time: 0.04s
Presolved: 1485 rows, 672 columns, 4543 nonzeros
Variable types: 425 continuous, 247 integer (247 binary)
Found heuristic solution: objective 0.3211036
Found heuristic solution: objective -0.0139011

Root relaxation: objective -9.602460e-01, 253 iterations, 0.01 seconds

    Nodes    |    Current Node    |     Objective Bounds      |     Work
 Expl Unexpl |  Obj  Depth IntInf | Incumbent    BestBd   Gap | It/Node Time

     0     0   -0.96025    0   60   -0.01390   -0.96025  6808%     -    0s
H    0     0                      -0.0142858   -0.96025  6622%     -    0s
     0     0   -0.93874    0  187   -0.01429   -0.93874  6471%     -    0s
     0     0   -0.89962    0   34   -0.01429   -0.89962  6197%     -    0s
     0     0   -0.89954    0   34   -0.01429   -0.89954  6197%     -    0s
     0     0   -0.89953    0   48   -0.01429   -0.89953  6197%     -    0s
     0     0   -0.89517    0   69   -0.01429   -0.89517  6166%     -    0s
     0     0   -0.89516    0   70   -0.01429   -0.89516  6166%     -    0s
     0     0   -0.87315    0   74   -0.01429   -0.87315  6012%     -    0s
     0     0   -0.86903    0   70   -0.01429   -0.86903  5983%     -    0s
     0     0   -0.86404    0   75   -0.01429   -0.86404  5948%     -    0s
     0     0   -0.86404    0   75   -0.01429   -0.86404  5948%     -    0s
     0     0   -0.86397    0   75   -0.01429   -0.86397  5948%     -    0s
     0     0   -0.86397    0   77   -0.01429   -0.86397  5948%     -    0s
     0     0   -0.86388    0   59   -0.01429   -0.86388  5947%     -    0s
     0     0   -0.86388    0   71   -0.01429   -0.86388  5947%     -    0s
     0     0   -0.86386    0   71   -0.01429   -0.86386  5947%     -    0s
     0     0   -0.86386    0   69   -0.01429   -0.86386  5947%     -    0s
     0     2   -0.86386    0   67   -0.01429   -0.86386  5947%     -    0s
*   27    19              11      -0.0267470   -0.33277  1144%  46.9    0s
*  129     0               6      -0.0267543   -0.20675   673%  27.1    1s

Cutting planes:
  Cover: 62
  Implied bound: 84
  Clique: 4
  MIR: 2
  Flow cover: 15

Explored 136 nodes (6190 simplex iterations) in 1.26 seconds
Thread count was 4 (of 4 available processors)

Solution count 5: -0.0267543 -0.026747 -0.0142858 ... 0.321104

Optimal solution found (tolerance 1.00e-04)
Best objective -2.675426752286e-02, best bound -2.675426752286e-02, gap 0.0000%

Gurobi 7.5.2 (linux64) logging started Tue Apr 30 14:20:47 2019

Changed value of parameter LogFile to /home/aniket/python_scripts/Plasmids-Optimization/exp/2019-04-17__iterative_MILP_v3/output/sample_66/1.1.1/nplasmids_1/MILP/m.log
   Prev: gurobi.log  Default: 
Changed value of parameter TimeLimit to 2400.0
   Prev: 1e+100  Min: 0.0  Max: 1e+100  Default: 1e+100
Optimize a model with 4040 rows, 1172 columns and 8706 nonzeros
Variable types: 621 continuous, 551 integer (463 binary)
Coefficient statistics:
  Matrix range     [1e-03, 8e+05]
  Objective range  [1e+00, 1e+00]
  Bounds range     [1e+00, 1e+00]
  RHS range        [7e-01, 2e+06]
Presolve removed 2559 rows and 504 columns
Presolve time: 0.03s
Presolved: 1481 rows, 668 columns, 4525 nonzeros
Variable types: 425 continuous, 243 integer (243 binary)
Found heuristic solution: objective -0.1299247
Found heuristic solution: objective -0.8608415

Root relaxation: objective -9.880296e-01, 418 iterations, 0.03 seconds

    Nodes    |    Current Node    |     Objective Bounds      |     Work
 Expl Unexpl |  Obj  Depth IntInf | Incumbent    BestBd   Gap | It/Node Time

     0     0   -0.98803    0  139   -0.86084   -0.98803  14.8%     -    0s
H    0     0                      -0.8637404   -0.98803  14.4%     -    0s
     0     0   -0.86578    0   88   -0.86374   -0.86578  0.24%     -    0s
     0     0   -0.86544    0   22   -0.86374   -0.86544  0.20%     -    0s
H    0     0                      -0.8654170   -0.86544  0.00%     -    0s

Explored 1 nodes (918 simplex iterations) in 0.24 seconds
Thread count was 4 (of 4 available processors)

Solution count 4: -0.865417 -0.86374 -0.860841 -0.129925 

Optimal solution found (tolerance 1.00e-04)
Best objective -8.654169558679e-01, best bound -8.654411349155e-01, gap 0.0028%
Optimize a model with 4041 rows, 1172 columns and 8707 nonzeros
Variable types: 621 continuous, 551 integer (463 binary)
Coefficient statistics:
  Matrix range     [1e-03, 8e+05]
  Objective range  [1e+00, 1e+00]
  Bounds range     [1e+00, 1e+00]
  RHS range        [7e-01, 2e+06]

MIP start did not produce a new incumbent solution
MIP start violates constraint circular by 1.000000000

Presolve removed 2575 rows and 510 columns
Presolve time: 0.03s
Presolved: 1466 rows, 662 columns, 4480 nonzeros
Variable types: 420 continuous, 242 integer (242 binary)
Found heuristic solution: objective 0.3211036
Found heuristic solution: objective -0.0139011

Root relaxation: objective -9.342900e-01, 193 iterations, 0.01 seconds

    Nodes    |    Current Node    |     Objective Bounds      |     Work
 Expl Unexpl |  Obj  Depth IntInf | Incumbent    BestBd   Gap | It/Node Time

     0     0   -0.93429    0   36   -0.01390   -0.93429  6621%     -    0s
H    0     0                      -0.0142858   -0.93429  6440%     -    0s
     0     0   -0.62186    0  177   -0.01429   -0.62186  4253%     -    0s
     0     0   -0.61918    0  138   -0.01429   -0.61918  4234%     -    0s
     0     0   -0.52833    0  141   -0.01429   -0.52833  3598%     -    0s
     0     0   -0.48364    0  104   -0.01429   -0.48364  3285%     -    0s
     0     0   -0.34002    0  117   -0.01429   -0.34002  2280%     -    0s
     0     0   -0.34002    0  117   -0.01429   -0.34002  2280%     -    0s
     0     0   -0.33513    0  108   -0.01429   -0.33513  2246%     -    0s
     0     0   -0.33513    0  109   -0.01429   -0.33513  2246%     -    0s
     0     0   -0.33510    0  109   -0.01429   -0.33510  2246%     -    0s
     0     0   -0.33510    0  109   -0.01429   -0.33510  2246%     -    0s
     0     0   -0.33505    0  108   -0.01429   -0.33505  2245%     -    0s
     0     0   -0.33505    0  108   -0.01429   -0.33505  2245%     -    0s
     0     0   -0.33505    0   12   -0.01429   -0.33505  2245%     -    0s
     0     0   -0.33505    0   24   -0.01429   -0.33505  2245%     -    0s
     0     0   -0.32603    0   13   -0.01429   -0.32603  2182%     -    0s
     0     0   -0.32603    0   13   -0.01429   -0.32603  2182%     -    0s
     0     0   -0.32603    0   10   -0.01429   -0.32603  2182%     -    0s
     0     0   -0.32603    0   13   -0.01429   -0.32603  2182%     -    0s
     0     0   -0.32601    0   11   -0.01429   -0.32601  2182%     -    0s
     0     0   -0.32601    0   11   -0.01429   -0.32601  2182%     -    0s
     0     0   -0.32601    0   11   -0.01429   -0.32601  2182%     -    0s
     0     0   -0.32600    0   11   -0.01429   -0.32600  2182%     -    0s
     0     0   -0.32599    0   10   -0.01429   -0.32599  2182%     -    0s
     0     0   -0.32427    0    7   -0.01429   -0.32427  2170%     -    1s
     0     0   -0.32427    0    6   -0.01429   -0.32427  2170%     -    1s
     0     0   -0.32427    0    9   -0.01429   -0.32427  2170%     -    1s
     0     0   -0.32427    0    8   -0.01429   -0.32427  2170%     -    1s
     0     0   -0.32427    0    8   -0.01429   -0.32427  2170%     -    1s
     0     0   -0.32427    0    7   -0.01429   -0.32427  2170%     -    1s
     0     2   -0.32427    0    7   -0.01429   -0.32427  2170%     -    1s
*    1     0               1      -0.0142861   -0.24026  1582%  30.0    1s

Cutting planes:
  Implied bound: 4
  MIR: 2
  Flow cover: 13

Explored 3 nodes (3528 simplex iterations) in 1.10 seconds
Thread count was 4 (of 4 available processors)

Solution count 4: -0.0142861 -0.0142858 -0.0139011 0.321104 

Optimal solution found (tolerance 1.00e-04)
Best objective -1.428614498941e-02, best bound -1.428614498941e-02, gap 0.0000%

Gurobi 7.5.2 (linux64) logging started Tue Apr 30 14:20:48 2019

Changed value of parameter LogFile to /home/aniket/python_scripts/Plasmids-Optimization/exp/2019-04-17__iterative_MILP_v3/output/sample_66/1.1.1/nplasmids_1/MILP/m.log
   Prev: gurobi.log  Default: 
Changed value of parameter TimeLimit to 2400.0
   Prev: 1e+100  Min: 0.0  Max: 1e+100  Default: 1e+100
Optimize a model with 3947 rows, 1145 columns and 8500 nonzeros
Variable types: 607 continuous, 538 integer (452 binary)
Coefficient statistics:
  Matrix range     [1e-03, 8e+05]
  Objective range  [1e+00, 1e+00]
  Bounds range     [1e+00, 1e+00]
  RHS range        [7e-01, 2e+06]
Presolve removed 2502 rows and 494 columns
Presolve time: 0.03s
Presolved: 1445 rows, 651 columns, 4411 nonzeros
Variable types: 415 continuous, 236 integer (236 binary)
Found heuristic solution: objective -0.8542050
Found heuristic solution: objective -0.8643228

Root relaxation: objective -9.880296e-01, 372 iterations, 0.03 seconds

    Nodes    |    Current Node    |     Objective Bounds      |     Work
 Expl Unexpl |  Obj  Depth IntInf | Incumbent    BestBd   Gap | It/Node Time

     0     0   -0.98803    0  138   -0.86432   -0.98803  14.3%     -    0s
     0     0   -0.86612    0   62   -0.86432   -0.86612  0.21%     -    0s
     0     0   -0.86565    0   21   -0.86432   -0.86565  0.15%     -    0s
H    0     0                      -0.8651581   -0.86565  0.06%     -    0s
H    0     0                      -0.8654170   -0.86565  0.03%     -    0s
     0     0   -0.86542    0    3   -0.86542   -0.86542  0.00%     -    0s

Cutting planes:
  Gomory: 1
  Implied bound: 6
  MIR: 4
  Flow cover: 2

Explored 1 nodes (761 simplex iterations) in 0.24 seconds
Thread count was 4 (of 4 available processors)

Solution count 4: -0.865417 -0.865158 -0.864323 -0.854205 

Optimal solution found (tolerance 1.00e-04)
Best objective -8.654169558678e-01, best bound -8.654177714837e-01, gap 0.0001%
Optimize a model with 3948 rows, 1145 columns and 8501 nonzeros
Variable types: 607 continuous, 538 integer (452 binary)
Coefficient statistics:
  Matrix range     [1e-03, 8e+05]
  Objective range  [1e+00, 1e+00]
  Bounds range     [1e+00, 1e+00]
  RHS range        [7e-01, 2e+06]

MIP start did not produce a new incumbent solution
MIP start violates constraint circular by 1.000000000

Presolve removed 2518 rows and 500 columns
Presolve time: 0.04s
Presolved: 1430 rows, 645 columns, 4382 nonzeros
Variable types: 410 continuous, 235 integer (235 binary)
Found heuristic solution: objective 0.0003479

Root relaxation: objective -8.841817e-01, 121 iterations, 0.01 seconds

    Nodes    |    Current Node    |     Objective Bounds      |     Work
 Expl Unexpl |  Obj  Depth IntInf | Incumbent    BestBd   Gap | It/Node Time

     0     0   -0.88418    0   22    0.00035   -0.88418      -     -    0s
     0     0   -0.85632    0   16    0.00035   -0.85632      -     -    0s
     0     0   -0.85632    0   35    0.00035   -0.85632      -     -    0s
     0     0   -0.83383    0   44    0.00035   -0.83383      -     -    0s
     0     0   -0.82611    0   43    0.00035   -0.82611      -     -    0s
     0     0   -0.82593    0  185    0.00035   -0.82593      -     -    0s
     0     0   -0.82593    0  185    0.00035   -0.82593      -     -    0s
     0     0   -0.82593    0  190    0.00035   -0.82593      -     -    0s
     0     0   -0.82593    0  190    0.00035   -0.82593      -     -    0s
     0     0   -0.82593    0  189    0.00035   -0.82593      -     -    0s
     0     0   -0.82590    0  191    0.00035   -0.82590      -     -    0s
     0     0   -0.82590    0  192    0.00035   -0.82590      -     -    0s
     0     0   -0.82590    0  191    0.00035   -0.82590      -     -    0s
     0     0   -0.81661    0  188    0.00035   -0.81661      -     -    0s
H    0     0                      -0.0090485   -0.81661  8925%     -    0s
     0     0   -0.81501    0  189   -0.00905   -0.81501  8907%     -    0s
     0     0   -0.81501    0  189   -0.00905   -0.81501  8907%     -    0s
     0     0   -0.78183    0   60   -0.00905   -0.78183  8540%     -    0s
     0     0   -0.77759    0   61   -0.00905   -0.77759  8494%     -    0s
     0     0   -0.77751    0  191   -0.00905   -0.77751  8493%     -    0s
     0     0   -0.77736    0  197   -0.00905   -0.77736  8491%     -    0s
     0     0   -0.73036    0  196   -0.00905   -0.73036  7972%     -    0s
     0     0   -0.72798    0  194   -0.00905   -0.72798  7945%     -    0s
     0     0   -0.66831    0  180   -0.00905   -0.66831  7286%     -    0s
     0     0   -0.66379    0  181   -0.00905   -0.66379  7236%     -    0s
     0     0   -0.63962    0   20   -0.00905   -0.63962  6969%     -    0s
     0     0   -0.63899    0  184   -0.00905   -0.63899  6962%     -    0s
     0     0   -0.61476    0  182   -0.00905   -0.61476  6694%     -    0s
     0     0   -0.61476    0  182   -0.00905   -0.61476  6694%     -    0s
     0     0   -0.59629    0  180   -0.00905   -0.59629  6490%     -    0s
     0     0   -0.58826    0  174   -0.00905   -0.58826  6401%     -    0s
     0     0   -0.58815    0  175   -0.00905   -0.58815  6400%     -    0s
     0     0   -0.58814    0  176   -0.00905   -0.58814  6400%     -    0s
     0     0   -0.58814    0  158   -0.00905   -0.58814  6400%     -    1s
     0     2   -0.58814    0  158   -0.00905   -0.58814  6400%     -    1s

Cutting planes:
  Cover: 76
  Implied bound: 62
  Clique: 1
  MIR: 7
  Flow cover: 31

Explored 564 nodes (14275 simplex iterations) in 2.43 seconds
Thread count was 4 (of 4 available processors)

Solution count 2: -0.00904845 0.000347907 

Optimal solution found (tolerance 1.00e-04)
Best objective -9.048451568564e-03, best bound -9.048451568564e-03, gap 0.0000%

Gurobi 7.5.2 (linux64) logging started Tue Apr 30 14:20:51 2019

Changed value of parameter LogFile to /home/aniket/python_scripts/Plasmids-Optimization/exp/2019-04-17__iterative_MILP_v3/output/sample_66/1.1.1/nplasmids_1/MILP/m.log
   Prev: gurobi.log  Default: 
Changed value of parameter TimeLimit to 2400.0
   Prev: 1e+100  Min: 0.0  Max: 1e+100  Default: 1e+100
Optimize a model with 3899 rows, 1131 columns and 8389 nonzeros
Variable types: 600 continuous, 531 integer (446 binary)
Coefficient statistics:
  Matrix range     [1e-03, 8e+05]
  Objective range  [1e+00, 1e+00]
  Bounds range     [1e+00, 1e+00]
  RHS range        [7e-01, 2e+06]
Presolve removed 2473 rows and 490 columns
Presolve time: 0.03s
Presolved: 1426 rows, 641 columns, 4366 nonzeros
Variable types: 410 continuous, 231 integer (231 binary)
Found heuristic solution: objective -0.1299247
Found heuristic solution: objective -0.8608408

Root relaxation: objective -9.338895e-01, 131 iterations, 0.01 seconds

    Nodes    |    Current Node    |     Objective Bounds      |     Work
 Expl Unexpl |  Obj  Depth IntInf | Incumbent    BestBd   Gap | It/Node Time

     0     0   -0.93389    0   44   -0.86084   -0.93389  8.49%     -    0s
H    0     0                      -0.8638154   -0.93389  8.11%     -    0s
     0     0   -0.86673    0   42   -0.86382   -0.86673  0.34%     -    0s
     0     0   -0.86548    0   18   -0.86382   -0.86548  0.19%     -    0s
H    0     0                      -0.8654382   -0.86548  0.00%     -    0s

Explored 1 nodes (825 simplex iterations) in 0.17 seconds
Thread count was 4 (of 4 available processors)

Solution count 4: -0.865438 -0.863815 -0.860841 -0.129925 

Optimal solution found (tolerance 1.00e-04)
Best objective -8.654381954438e-01, best bound -8.654771831123e-01, gap 0.0045%
Optimize a model with 3900 rows, 1131 columns and 8390 nonzeros
Variable types: 600 continuous, 531 integer (446 binary)
Coefficient statistics:
  Matrix range     [1e-03, 8e+05]
  Objective range  [1e+00, 1e+00]
  Bounds range     [1e+00, 1e+00]
  RHS range        [7e-01, 2e+06]

MIP start did not produce a new incumbent solution
MIP start violates constraint circular by 1.000000000

Presolve removed 2489 rows and 496 columns
Presolve time: 0.03s
Presolved: 1411 rows, 635 columns, 4323 nonzeros
Variable types: 405 continuous, 230 integer (230 binary)
Found heuristic solution: objective 0.0024782

Root relaxation: objective -7.795828e-01, 67 iterations, 0.00 seconds

    Nodes    |    Current Node    |     Objective Bounds      |     Work
 Expl Unexpl |  Obj  Depth IntInf | Incumbent    BestBd   Gap | It/Node Time

     0     0   -0.77958    0   15    0.00248   -0.77958      -     -    0s
     0     0   -0.74143    0   12    0.00248   -0.74143      -     -    0s
     0     0   -0.74143    0   16    0.00248   -0.74143      -     -    0s
     0     0   -0.71905    0  161    0.00248   -0.71905      -     -    0s
     0     0   -0.70440    0  161    0.00248   -0.70440      -     -    0s
     0     0   -0.70440    0  164    0.00248   -0.70440      -     -    0s
     0     0   -0.70440    0  164    0.00248   -0.70440      -     -    0s
     0     0   -0.61955    0  164    0.00248   -0.61955      -     -    0s
     0     0   -0.61771    0  164    0.00248   -0.61771      -     -    0s
     0     0   -0.54901    0  163    0.00248   -0.54901      -     -    0s
     0     0   -0.54641    0  161    0.00248   -0.54641      -     -    0s
     0     0   -0.54641    0  158    0.00248   -0.54641      -     -    0s
H    0     0                      -0.0004939   -0.54641      -     -    0s
     0     2   -0.54641    0  157   -0.00049   -0.54641      -     -    0s

Cutting planes:
  MIR: 1
  Flow cover: 7

Explored 873 nodes (24201 simplex iterations) in 3.49 seconds
Thread count was 4 (of 4 available processors)

Solution count 2: -0.000493861 0.00247819 

Optimal solution found (tolerance 1.00e-04)
Best objective -4.938608213055e-04, best bound -4.938608213055e-04, gap 0.0000%

Gurobi 7.5.2 (linux64) logging started Tue Apr 30 14:20:55 2019

Changed value of parameter LogFile to /home/aniket/python_scripts/Plasmids-Optimization/exp/2019-04-17__iterative_MILP_v3/output/sample_66/1.1.1/nplasmids_1/MILP/m.log
   Prev: gurobi.log  Default: 
Changed value of parameter TimeLimit to 2400.0
   Prev: 1e+100  Min: 0.0  Max: 1e+100  Default: 1e+100
Optimize a model with 3851 rows, 1117 columns and 8278 nonzeros
Variable types: 593 continuous, 524 integer (440 binary)
Coefficient statistics:
  Matrix range     [1e-03, 8e+05]
  Objective range  [1e+00, 1e+00]
  Bounds range     [1e+00, 1e+00]
  RHS range        [7e-01, 2e+06]
Presolve removed 2447 rows and 488 columns
Presolve time: 0.03s
Presolved: 1404 rows, 629 columns, 4266 nonzeros
Variable types: 405 continuous, 224 integer (224 binary)
Found heuristic solution: objective -0.1299247
Found heuristic solution: objective -0.2200076

Root relaxation: objective -9.375281e-01, 724 iterations, 0.04 seconds

    Nodes    |    Current Node    |     Objective Bounds      |     Work
 Expl Unexpl |  Obj  Depth IntInf | Incumbent    BestBd   Gap | It/Node Time

     0     0   -0.93753    0   44   -0.22001   -0.93753   326%     -    0s
H    0     0                      -0.8637795   -0.93753  8.54%     -    0s
     0     0   -0.86673    0   49   -0.86378   -0.86673  0.34%     -    0s
     0     0   -0.86548    0   22   -0.86378   -0.86548  0.20%     -    0s
H    0     0                      -0.8654382   -0.86548  0.00%     -    0s

Explored 1 nodes (1623 simplex iterations) in 0.22 seconds
Thread count was 4 (of 4 available processors)

Solution count 4: -0.865438 -0.86378 -0.220008 -0.129925 

Optimal solution found (tolerance 1.00e-04)
Best objective -8.654381954438e-01, best bound -8.654760762193e-01, gap 0.0044%
Optimize a model with 3852 rows, 1117 columns and 8279 nonzeros
Variable types: 593 continuous, 524 integer (440 binary)
Coefficient statistics:
  Matrix range     [1e-03, 8e+05]
  Objective range  [1e+00, 1e+00]
  Bounds range     [1e+00, 1e+00]
  RHS range        [7e-01, 2e+06]

MIP start did not produce a new incumbent solution
MIP start violates constraint circular by 1.000000000

Presolve removed 2463 rows and 494 columns
Presolve time: 0.03s
Presolved: 1389 rows, 623 columns, 4223 nonzeros
Variable types: 400 continuous, 223 integer (223 binary)
Found heuristic solution: objective 0.0024782
Found heuristic solution: objective 0.0009585

Root relaxation: objective -3.752040e-01, 394 iterations, 0.01 seconds

    Nodes    |    Current Node    |     Objective Bounds      |     Work
 Expl Unexpl |  Obj  Depth IntInf | Incumbent    BestBd   Gap | It/Node Time

     0     0   -0.37520    0  147    0.00096   -0.37520      -     -    0s
H    0     0                       0.0002211   -0.37520      -     -    0s
     0     0   -0.37492    0  168    0.00022   -0.37492      -     -    0s
     0     0   -0.37492    0  171    0.00022   -0.37492      -     -    0s
     0     0   -0.34270    0  170    0.00022   -0.34270      -     -    0s
     0     0   -0.34270    0  170    0.00022   -0.34270      -     -    0s
     0     2   -0.34270    0  170    0.00022   -0.34270      -     -    0s
  1915   483   -0.10608   11  134    0.00022   -0.20748      -  22.9    5s
H 2556   330                       0.0002207   -0.13538      -  28.0    8s
  2930   180     cutoff   16         0.00022   -0.06414      -  28.8   10s

Cutting planes:
  Gomory: 1
  Cover: 130
  Implied bound: 66
  MIR: 5
  Flow cover: 51

Explored 3814 nodes (101144 simplex iterations) in 11.93 seconds
Thread count was 4 (of 4 available processors)

Solution count 4: 0.000220689 0.000221089 0.000958485 0.00247823 

Optimal solution found (tolerance 1.00e-04)
Best objective 2.206886389812e-04, best bound 2.206886389812e-04, gap 0.0000%

Gurobi 7.5.2 (linux64) logging started Tue Apr 30 14:21:07 2019

Changed value of parameter LogFile to /home/aniket/python_scripts/Plasmids-Optimization/exp/2019-04-17__iterative_MILP_v3/output/sample_66/1.1.1/nplasmids_1/MILP/m.log
   Prev: gurobi.log  Default: 
Changed value of parameter TimeLimit to 2400.0
   Prev: 1e+100  Min: 0.0  Max: 1e+100  Default: 1e+100
Optimize a model with 3803 rows, 1103 columns and 8167 nonzeros
Variable types: 586 continuous, 517 integer (434 binary)
Coefficient statistics:
  Matrix range     [1e-01, 8e+05]
  Objective range  [1e+00, 1e+00]
  Bounds range     [1e+00, 1e+00]
  RHS range        [7e-01, 2e+06]
Presolve removed 2420 rows and 484 columns
Presolve time: 0.04s
Presolved: 1383 rows, 619 columns, 4171 nonzeros
Variable types: 400 continuous, 219 integer (219 binary)
Found heuristic solution: objective -0.8486799
Found heuristic solution: objective -0.8635072

Root relaxation: objective -8.660944e-01, 262 iterations, 0.01 seconds

    Nodes    |    Current Node    |     Objective Bounds      |     Work
 Expl Unexpl |  Obj  Depth IntInf | Incumbent    BestBd   Gap | It/Node Time

     0     0   -0.86609    0   76   -0.86351   -0.86609  0.30%     -    0s
H    0     0                      -0.8654382   -0.86609  0.08%     -    0s
     0     0   -0.86544    0   14   -0.86544   -0.86544  0.00%     -    0s

Cutting planes:
  Gomory: 1
  Implied bound: 16
  Flow cover: 9

Explored 1 nodes (397 simplex iterations) in 0.13 seconds
Thread count was 4 (of 4 available processors)

Solution count 3: -0.865438 -0.863507 -0.84868 

Optimal solution found (tolerance 1.00e-04)
Best objective -8.654381954426e-01, best bound -8.654426447200e-01, gap 0.0005%
Optimize a model with 3804 rows, 1103 columns and 8168 nonzeros
Variable types: 586 continuous, 517 integer (434 binary)
Coefficient statistics:
  Matrix range     [1e-01, 8e+05]
  Objective range  [1e+00, 1e+00]
  Bounds range     [1e+00, 1e+00]
  RHS range        [7e-01, 2e+06]

MIP start did not produce a new incumbent solution
MIP start violates constraint circular by 1.000000000

Presolve removed 2461 rows and 498 columns
Presolve time: 0.03s
Presolved: 1343 rows, 605 columns, 4071 nonzeros
Variable types: 389 continuous, 216 integer (216 binary)
Found heuristic solution: objective 0.3211036

Root relaxation: objective -3.426575e-01, 597 iterations, 0.03 seconds

    Nodes    |    Current Node    |     Objective Bounds      |     Work
 Expl Unexpl |  Obj  Depth IntInf | Incumbent    BestBd   Gap | It/Node Time

     0     0   -0.34266    0  154    0.32110   -0.34266   207%     -    0s
     0     0   -0.34266    0  154    0.32110   -0.34266   207%     -    0s
     0     2   -0.34266    0  153    0.32110   -0.34266   207%     -    0s
H  107    69                       0.3052836   -0.21207   169%  20.6    0s
H  309    50                       0.0262751   -0.00903   134%  21.5    0s
H  388    50                       0.0102669   -0.00431   142%  22.8    1s

Cutting planes:
  Cover: 75
  Implied bound: 98
  Flow cover: 28
  Inf proof: 3

Explored 1101 nodes (34314 simplex iterations) in 3.10 seconds
Thread count was 4 (of 4 available processors)

Solution count 4: 0.0102669 0.0262751 0.305284 0.321104 

Optimal solution found (tolerance 1.00e-04)
Best objective 1.026689548125e-02, best bound 1.026689548125e-02, gap 0.0000%

Gurobi 7.5.2 (linux64) logging started Tue Apr 30 14:21:11 2019

Changed value of parameter LogFile to /home/aniket/python_scripts/Plasmids-Optimization/exp/2019-04-17__iterative_MILP_v3/output/sample_66/1.1.1/nplasmids_1/MILP/m.log
   Prev: gurobi.log  Default: 
Changed value of parameter TimeLimit to 2400.0
   Prev: 1e+100  Min: 0.0  Max: 1e+100  Default: 1e+100
Optimize a model with 3710 rows, 1076 columns and 7961 nonzeros
Variable types: 572 continuous, 504 integer (423 binary)
Coefficient statistics:
  Matrix range     [1e-01, 8e+05]
  Objective range  [1e+00, 1e+00]
  Bounds range     [1e+00, 1e+00]
  RHS range        [7e-01, 2e+06]
Presolve removed 2374 rows and 477 columns
Presolve time: 0.05s
Presolved: 1336 rows, 599 columns, 4025 nonzeros
Variable types: 387 continuous, 212 integer (212 binary)
Found heuristic solution: objective -0.8544658
Found heuristic solution: objective -0.8608406
Found heuristic solution: objective -0.8635072

Root relaxation: objective -8.659630e-01, 233 iterations, 0.02 seconds

    Nodes    |    Current Node    |     Objective Bounds      |     Work
 Expl Unexpl |  Obj  Depth IntInf | Incumbent    BestBd   Gap | It/Node Time

     0     0   -0.86596    0   65   -0.86351   -0.86596  0.28%     -    0s
     0     0   -0.86553    0   46   -0.86351   -0.86553  0.23%     -    0s
     0     0   -0.86545    0   21   -0.86351   -0.86545  0.23%     -    0s
H    0     0                      -0.8654382   -0.86545  0.00%     -    0s

Explored 1 nodes (479 simplex iterations) in 0.22 seconds
Thread count was 4 (of 4 available processors)

Solution count 4: -0.865438 -0.863507 -0.860841 -0.854466 

Optimal solution found (tolerance 1.00e-04)
Best objective -8.654381954439e-01, best bound -8.654544163358e-01, gap 0.0019%
Optimize a model with 3711 rows, 1076 columns and 7962 nonzeros
Variable types: 572 continuous, 504 integer (423 binary)
Coefficient statistics:
  Matrix range     [1e-01, 8e+05]
  Objective range  [1e+00, 1e+00]
  Bounds range     [1e+00, 1e+00]
  RHS range        [7e-01, 2e+06]

MIP start did not produce a new incumbent solution
MIP start violates constraint circular by 1.000000000

Presolve removed 1540 rows and 198 columns
Presolve time: 0.00s

Explored 0 nodes (0 simplex iterations) in 0.02 seconds
Thread count was 1 (of 4 available processors)

Solution count 0

Model is infeasible or unbounded
Best objective -, best bound -, gap -
Presolve removed 1540 rows and 198 columns
Presolve time: 0.00s

Explored 0 nodes (0 simplex iterations) in 0.02 seconds
Thread count was 1 (of 4 available processors)

Solution count 0

Model is infeasible
Best objective -, best bound -, gap -

Computing Irreducible Inconsistent Subsystem (IIS)...

      Constraints           Bounds       Runtime
     Min       Max       Min      Max
------------------------------------------------
        0     3158         0      653         0s
        2     1011         0      561         5s
       95       95         0        0         7s

IIS computed: 95 constraints, 0 bounds
IIS runtime: 7.41 seconds
Warning: linear constraint 0 and linear constraint 1 have the same name "extr_ubd"
