Iteration 1
1	deque([(('116_0', 'h'), ('106_0', 'h')), (('106_0', 't'), ('54_1', 't')), (('54_1', 'h'), ('206_9', 't')), (('206_9', 'h'), ('218_7', 't')), (('218_7', 'h'), ('213_14', 'h')), (('213_14', 't'), ('166_14', 't')), (('166_14', 'h'), ('188_5', 't')), (('188_5', 'h'), ('254_4', 't')), (('254_4', 'h'), ('209_11', 't')), (('209_11', 'h'), ('152_0', 'h')), (('179_16', 'h'), ('152_0', 't')), (('168_1', 'h'), ('179_16', 't')), (('198_2', 'h'), ('168_1', 't')), (('198_2', 't'), ('59_0', 't')), (('73_5', 'h'), ('59_0', 'h')), (('224_4', 'h'), ('73_5', 't')), (('224_4', 't'), ('128_3', 't')), (('128_3', 'h'), ('196_1', 't')), (('196_1', 'h'), ('119_5', 't')), (('119_5', 'h'), ('88_0', 't')), (('88_0', 'h'), ('79_0', 'h')), (('122_3', 'h'), ('79_0', 't')), (('122_3', 't'), ('110_0', 't')), (('110_0', 'h'), ('34_0', 't')), (('126_2', 'h'), ('34_0', 'h')), (('239_2', 'h'), ('126_2', 't')), (('107_1', 'h'), ('239_2', 't')), (('165_1', 't'), ('107_1', 't')), (('165_1', 'h'), ('200_0', 't')), (('200_0', 'h'), ('75_0', 't')), (('155_9', 'h'), ('75_0', 'h')), (('105_5', 'h'), ('155_9', 't')), (('111_1', 't'), ('105_5', 't')), (('163_0', 'h'), ('111_1', 'h')), (('163_0', 't'), ('109_1', 't')), (('136_0', 'h'), ('109_1', 'h')), (('147_0', 't'), ('136_0', 't')), (('147_0', 'h'), ('92_1', 'h')), (('149_1', 'h'), ('92_1', 't')), (('149_1', 't'), ('116_0', 't'))])
1	deque([(('61_0', 'h'), ('176_1', 't')), (('176_0', 't'), ('61_0', 't')), (('176_0', 'h'), ('46_0', 't')), (('176_1', 'h'), ('46_0', 'h'))])

Chosen seed at iteration 1: 1
Chosen chr at iteration 1



Chosen seed at iteration 2: 2
Chosen chr at iteration 2


Iteration 3
3	deque([(('61_0', 'h'), ('176_0', 't')), (('176_0', 'h'), ('46_0', 'h')), (('176_1', 'h'), ('46_0', 't')), (('176_1', 't'), ('61_0', 't'))])

Chosen seed at iteration 3: 1
Chosen chr at iteration 3


Iteration 4
4	deque([(('229_3', 'h'), ('117_0', 'h')), (('73_5', 'h'), ('117_0', 't')), (('73_5', 't'), ('57_1', 't')), (('57_1', 'h'), ('91_0', 't')), (('142_0', 'h'), ('91_0', 'h')), (('116_0', 'h'), ('142_0', 't')), (('204_0', 'h'), ('116_0', 't')), (('119_4', 'h'), ('204_0', 't')), (('214_1', 'h'), ('119_4', 't')), (('120_0', 'h'), ('214_1', 't')), (('224_1', 't'), ('120_0', 't')), (('224_1', 'h'), ('73_4', 't')), (('73_4', 'h'), ('59_1', 'h')), (('198_2', 't'), ('59_1', 't')), (('198_2', 'h'), ('168_2', 't')), (('168_2', 'h'), ('179_2', 't')), (('179_2', 'h'), ('152_12', 't')), (('209_5', 'h'), ('152_12', 'h')), (('254_4', 'h'), ('209_5', 't')), (('188_2', 'h'), ('254_4', 't')), (('166_12', 'h'), ('188_2', 't')), (('213_16', 't'), ('166_12', 't')), (('218_4', 'h'), ('213_16', 'h')), (('206_10', 'h'), ('218_4', 't')), (('54_1', 'h'), ('206_10', 't')), (('106_1', 't'), ('54_1', 't')), (('116_1', 'h'), ('106_1', 'h')), (('149_0', 't'), ('116_1', 't')), (('149_0', 'h'), ('92_0', 't')), (('147_0', 'h'), ('92_0', 'h')), (('147_0', 't'), ('136_0', 't')), (('136_0', 'h'), ('109_0', 'h')), (('163_1', 't'), ('109_0', 't')), (('163_1', 'h'), ('111_0', 'h')), (('111_0', 't'), ('105_8', 't')), (('105_8', 'h'), ('155_6', 't')), (('155_6', 'h'), ('55_1', 'h')), (('169_2', 't'), ('55_1', 't')), (('169_2', 'h'), ('229_3', 't'))])
4	deque([(('176_0', 'h'), ('46_0', 't')), (('176_1', 'h'), ('46_0', 'h')), (('176_1', 't'), ('61_0', 't')), (('61_0', 'h'), ('176_0', 't'))])

Chosen seed at iteration 4: 1
Chosen chr at iteration 4



Chosen seed at iteration 5: 2
Chosen chr at iteration 5


Iteration 1
Iteration 1
Iteration 1
1	deque([(('62_0', 'h'), ('89_2', 't')), (('103_3', 'h'), ('62_0', 't')), (('126_3', 't'), ('103_3', 't')), (('126_3', 'h'), ('22_0', 't')), (('89_2', 'h'), ('22_0', 'h'))])
1	deque([(('90_3', 't'), ('40_0', 't')), (('40_0', 'h'), ('244_0', 't')), (('244_0', 'h'), ('90_3', 'h'))])

Chosen seed at iteration 1: 1
Chosen chr at iteration 1



Chosen seed at iteration 2: 2
Chosen chr at iteration 2


Iteration 3
3	deque([(('90_3', 't'), ('40_0', 't')), (('244_1', 'h'), ('90_3', 'h')), (('40_0', 'h'), ('244_1', 't'))])
3	deque([(('89_3', 'h'), ('22_1', 'h')), (('126_3', 'h'), ('22_1', 't')), (('126_3', 't'), ('103_2', 't')), (('103_2', 'h'), ('62_0', 't')), (('62_0', 'h'), ('89_3', 't'))])

Chosen seed at iteration 3: 1
Chosen chr at iteration 3



Chosen seed at iteration 4: 2
Chosen chr at iteration 4


Iteration 1
1	deque([(('71_1', 'h'), ('105_5', 't')), (('105_5', 'h'), ('155_10', 't')), (('155_10', 'h'), ('71_1', 't'))])
1	deque([(('62_1', 'h'), ('89_0', 't')), (('89_0', 'h'), ('22_0', 'h')), (('126_4', 'h'), ('22_0', 't')), (('126_4', 't'), ('103_1', 't')), (('103_1', 'h'), ('62_1', 't'))])

Chosen seed at iteration 1: 1
Chosen chr at iteration 1



Chosen seed at iteration 2: 2
Chosen chr at iteration 2


Iteration 3
3	deque([(('103_1', 'h'), ('62_1', 't')), (('126_4', 't'), ('103_1', 't')), (('126_4', 'h'), ('22_0', 't')), (('89_2', 'h'), ('22_0', 'h')), (('62_1', 'h'), ('89_2', 't'))])

Chosen seed at iteration 3: 1
Chosen chr at iteration 3


Iteration 4
4	deque([(('103_1', 'h'), ('62_1', 't')), (('126_4', 't'), ('103_1', 't')), (('126_4', 'h'), ('22_0', 't')), (('89_4', 'h'), ('22_0', 'h')), (('62_1', 'h'), ('89_4', 't'))])
4	deque([(('105_9', 'h'), ('155_10', 't')), (('155_10', 'h'), ('71_0', 't')), (('71_0', 'h'), ('105_9', 't'))])

Chosen seed at iteration 4: 1
Chosen chr at iteration 4



Chosen seed at iteration 5: 2
Chosen chr at iteration 5


Iteration 1
1	deque([(('122_1', 'h'), ('60_0', 'h')), (('240_0', 't'), ('60_0', 't')), (('240_0', 'h'), ('172_2', 't')), (('172_2', 'h'), ('202_3', 't')), (('202_3', 'h'), ('179_14', 't')), (('179_14', 'h'), ('152_4', 't')), (('209_13', 'h'), ('152_4', 'h')), (('253_4', 'h'), ('209_13', 't')), (('188_5', 'h'), ('253_4', 't')), (('166_14', 'h'), ('188_5', 't')), (('213_9', 't'), ('166_14', 't')), (('213_9', 'h'), ('108_0', 't')), (('108_0', 'h'), ('122_1', 't'))])
1	deque([(('40_1', 'h'), ('244_0', 't')), (('90_0', 't'), ('40_1', 't')), (('244_0', 'h'), ('90_0', 'h'))])

Chosen seed at iteration 1: 1
Chosen chr at iteration 1



Chosen seed at iteration 2: 2
Chosen chr at iteration 2


Iteration 3
3	deque([(('244_0', 'h'), ('90_2', 'h')), (('40_1', 'h'), ('244_0', 't')), (('90_2', 't'), ('40_1', 't'))])
3	deque([(('105_1', 't'), ('51_0', 't')), (('155_5', 'h'), ('51_0', 'h')), (('105_1', 'h'), ('155_5', 't'))])
3	deque([(('240_0', 't'), ('60_1', 't')), (('122_1', 'h'), ('60_1', 'h')), (('108_0', 'h'), ('122_1', 't')), (('213_9', 'h'), ('108_0', 't')), (('213_9', 't'), ('166_4', 't')), (('166_4', 'h'), ('188_5', 't')), (('188_5', 'h'), ('253_2', 't')), (('253_2', 'h'), ('209_15', 't')), (('209_15', 'h'), ('152_4', 'h')), (('179_11', 'h'), ('152_4', 't')), (('202_8', 'h'), ('179_11', 't')), (('172_4', 'h'), ('202_8', 't')), (('240_0', 'h'), ('172_4', 't'))])

Chosen seed at iteration 3: 1
Chosen chr at iteration 3



Chosen seed at iteration 4: 2
Chosen chr at iteration 4



Chosen seed at iteration 5: 3
Chosen chr at iteration 5


Iteration 1
Iteration 1
Iteration 1
1	deque([(('94_0', 'h'), ('114_0', 't')), (('227_0', 'h'), ('114_0', 'h')), (('102_0', 'h'), ('227_0', 't')), (('190_0', 'h'), ('102_0', 't')), (('65_1', 'h'), ('190_0', 't')), (('244_2', 't'), ('65_1', 't')), (('244_2', 'h'), ('90_1', 'h')), (('30_0', 'h'), ('90_1', 't')), (('241_2', 't'), ('30_0', 't')), (('241_2', 'h'), ('172_13', 't')), (('172_13', 'h'), ('202_9', 't')), (('202_9', 'h'), ('179_13', 't')), (('179_13', 'h'), ('152_19', 't')), (('209_2', 'h'), ('152_19', 'h')), (('254_0', 'h'), ('209_2', 't')), (('188_4', 'h'), ('254_0', 't')), (('166_8', 'h'), ('188_4', 't')), (('213_4', 't'), ('166_8', 't')), (('218_3', 'h'), ('213_4', 'h')), (('206_13', 'h'), ('218_3', 't')), (('206_13', 't'), ('94_0', 't'))])

Chosen seed at iteration 1: 1
Chosen chr at iteration 1


Iteration 2
2	deque([(('241_0', 't'), ('30_1', 't')), (('241_0', 'h'), ('172_11', 't')), (('172_11', 'h'), ('202_4', 't')), (('202_4', 'h'), ('179_13', 't')), (('179_13', 'h'), ('152_7', 't')), (('209_1', 'h'), ('152_7', 'h')), (('254_9', 'h'), ('209_1', 't')), (('188_8', 'h'), ('254_9', 't')), (('166_8', 'h'), ('188_8', 't')), (('213_6', 't'), ('166_8', 't')), (('218_0', 'h'), ('213_6', 'h')), (('206_13', 'h'), ('218_0', 't')), (('206_13', 't'), ('94_0', 't')), (('94_0', 'h'), ('114_0', 't')), (('227_0', 'h'), ('114_0', 'h')), (('102_0', 'h'), ('227_0', 't')), (('190_0', 'h'), ('102_0', 't')), (('65_0', 'h'), ('190_0', 't')), (('244_2', 't'), ('65_0', 't')), (('244_2', 'h'), ('90_0', 'h')), (('30_1', 'h'), ('90_0', 't'))])

Chosen seed at iteration 2: 1
Chosen chr at iteration 2


Iteration 3
3	deque([(('172_0', 'h'), ('202_4', 't')), (('241_2', 'h'), ('172_0', 't')), (('241_2', 't'), ('30_0', 't')), (('30_0', 'h'), ('90_1', 't')), (('244_2', 'h'), ('90_1', 'h')), (('244_2', 't'), ('65_1', 't')), (('65_1', 'h'), ('190_0', 't')), (('190_0', 'h'), ('102_0', 't')), (('102_0', 'h'), ('227_0', 't')), (('227_0', 'h'), ('114_0', 'h')), (('94_1', 'h'), ('114_0', 't')), (('206_13', 't'), ('94_1', 't')), (('206_13', 'h'), ('218_3', 't')), (('218_3', 'h'), ('213_6', 'h')), (('213_6', 't'), ('166_8', 't')), (('166_8', 'h'), ('188_11', 't')), (('188_11', 'h'), ('254_3', 't')), (('254_3', 'h'), ('209_4', 't')), (('209_4', 'h'), ('152_19', 'h')), (('179_7', 'h'), ('152_19', 't')), (('202_4', 'h'), ('179_7', 't'))])

Chosen seed at iteration 3: 1
Chosen chr at iteration 3


Iteration 4
4	deque([(('65_1', 'h'), ('190_0', 't')), (('244_2', 't'), ('65_1', 't')), (('244_2', 'h'), ('90_1', 'h')), (('30_0', 'h'), ('90_1', 't')), (('241_0', 't'), ('30_0', 't')), (('241_0', 'h'), ('172_13', 't')), (('172_13', 'h'), ('202_4', 't')), (('202_4', 'h'), ('179_3', 't')), (('179_3', 'h'), ('152_8', 't')), (('209_8', 'h'), ('152_8', 'h')), (('254_3', 'h'), ('209_8', 't')), (('188_8', 'h'), ('254_3', 't')), (('166_6', 'h'), ('188_8', 't')), (('213_6', 't'), ('166_6', 't')), (('218_6', 'h'), ('213_6', 'h')), (('206_5', 'h'), ('218_6', 't')), (('206_5', 't'), ('94_0', 't')), (('94_0', 'h'), ('114_0', 't')), (('227_0', 'h'), ('114_0', 'h')), (('102_0', 'h'), ('227_0', 't')), (('190_0', 'h'), ('102_0', 't'))])

Chosen seed at iteration 4: 1
Chosen chr at iteration 4


Iteration 1
1	deque([(('218_7', 'h'), ('213_10', 'h')), (('213_10', 't'), ('166_2', 't')), (('166_2', 'h'), ('188_3', 't')), (('188_3', 'h'), ('253_5', 't')), (('253_5', 'h'), ('209_1', 't')), (('209_1', 'h'), ('152_11', 'h')), (('179_5', 'h'), ('152_11', 't')), (('202_11', 'h'), ('179_5', 't')), (('172_12', 'h'), ('202_11', 't')), (('240_7', 'h'), ('172_12', 't')), (('64_0', 'h'), ('240_7', 't')), (('206_11', 't'), ('64_0', 't')), (('206_11', 'h'), ('218_7', 't'))])

Chosen seed at iteration 1: 1
Chosen chr at iteration 1


Iteration 2
2	deque([(('179_15', 'h'), ('152_11', 't')), (('209_4', 'h'), ('152_11', 'h')), (('253_0', 'h'), ('209_4', 't')), (('188_1', 'h'), ('253_0', 't')), (('166_0', 'h'), ('188_1', 't')), (('213_5', 't'), ('166_0', 't')), (('218_11', 'h'), ('213_5', 'h')), (('206_11', 'h'), ('218_11', 't')), (('206_11', 't'), ('64_0', 't')), (('64_0', 'h'), ('240_7', 't')), (('240_7', 'h'), ('172_2', 't')), (('172_2', 'h'), ('202_6', 't')), (('202_6', 'h'), ('179_15', 't'))])

Chosen seed at iteration 2: 1
Chosen chr at iteration 2


Iteration 3
Iteration 1
Iteration 1
Iteration 1
Iteration 1
Iteration 1
Iteration 1
Iteration 1
Iteration 1
Iteration 1
Iteration 1
Iteration 1
Iteration 1
Iteration 1
Iteration 1
Iteration 1
Iteration 1
Iteration 1
Iteration 1
Iteration 1
Iteration 1
Iteration 1
Iteration 1
Iteration 1
Iteration 1
Iteration 1
Iteration 1
Iteration 1
Iteration 1
Iteration 1
