Iteration 1
1	deque([(('103_0', 'h'), ('71_0', 'h')), (('103_0', 't'), ('94_1', 't')), (('94_1', 'h'), ('133_1', 't')), (('133_1', 'h'), ('131_8', 't')), (('131_8', 'h'), ('126_1', 't')), (('159_0', 'h'), ('126_1', 'h')), (('180_0', 'h'), ('159_0', 't')), (('180_0', 't'), ('71_0', 't'))])
1	deque([(('123_23', 't'), ('68_3', 't')), (('123_23', 'h'), ('80_0', 't')), (('123_28', 'h'), ('80_0', 'h')), (('123_28', 't'), ('77_0', 't')), (('123_33', 'h'), ('77_0', 'h')), (('68_3', 'h'), ('123_33', 't'))])
1	deque([(('212_2', 't'), ('137_0', 't')), (('212_2', 'h'), ('64_4', 't')), (('64_4', 'h'), ('112_0', 't')), (('112_0', 'h'), ('59_2', 't')), (('197_4', 'h'), ('59_2', 'h')), (('122_0', 'h'), ('197_4', 't')), (('197_8', 'h'), ('122_0', 't')), (('36_2', 'h'), ('197_8', 't')), (('213_4', 't'), ('36_2', 't')), (('213_4', 'h'), ('137_1', 't')), (('137_1', 'h'), ('210_1', 't')), (('210_1', 'h'), ('138_2', 'h')), (('211_5', 't'), ('138_2', 't')), (('211_5', 'h'), ('137_0', 'h'))])
1	deque([(('123_51', 't'), ('87_0', 't')), (('123_51', 'h'), ('87_0', 'h'))])

Chosen seed at iteration 1: 1
Chosen chr at iteration 1



Chosen seed at iteration 2: 2
Chosen chr at iteration 2



Chosen seed at iteration 3: 3
Chosen chr at iteration 3



Chosen seed at iteration 4: 4
Chosen chr at iteration 4


Iteration 1
1	deque([(('211_1', 'h'), ('137_9', 't')), (('137_9', 'h'), ('210_0', 't')), (('210_0', 'h'), ('138_0', 'h')), (('211_1', 't'), ('138_0', 't'))])
1	deque([(('123_14', 'h'), ('87_7', 'h')), (('123_30', 't'), ('87_7', 't')), (('123_30', 'h'), ('91_0', 't')), (('91_0', 'h'), ('123_52', 't')), (('123_52', 'h'), ('77_1', 'h')), (('123_14', 't'), ('77_1', 't'))])
1	deque([(('213_3', 'h'), ('137_2', 'h')), (('212_1', 't'), ('137_2', 't')), (('212_1', 'h'), ('64_1', 't')), (('64_1', 'h'), ('112_2', 't')), (('112_2', 'h'), ('59_0', 't')), (('197_0', 'h'), ('59_0', 'h')), (('122_2', 'h'), ('197_0', 't')), (('197_2', 'h'), ('122_2', 't')), (('36_5', 'h'), ('197_2', 't')), (('213_3', 't'), ('36_5', 't'))])

Chosen seed at iteration 1: 1
Chosen chr at iteration 1



Chosen seed at iteration 2: 2
Chosen chr at iteration 2



Chosen seed at iteration 3: 3
Chosen chr at iteration 3


Iteration 4
4	deque([(('210_0', 'h'), ('138_0', 'h')), (('211_2', 't'), ('138_0', 't')), (('211_2', 'h'), ('137_6', 'h')), (('213_5', 'h'), ('137_6', 't')), (('213_5', 't'), ('36_5', 't')), (('36_5', 'h'), ('197_7', 't')), (('197_7', 'h'), ('59_1', 'h')), (('112_5', 'h'), ('59_1', 't')), (('64_0', 'h'), ('112_5', 't')), (('212_0', 'h'), ('64_0', 't')), (('212_0', 't'), ('137_8', 't')), (('137_8', 'h'), ('210_0', 't'))])
4	deque([(('197_5', 'h'), ('122_2', 't')), (('122_2', 'h'), ('197_5', 't'))])

Chosen seed at iteration 4: 1
Chosen chr at iteration 4



Chosen seed at iteration 5: 2
Chosen chr at iteration 5


Iteration 1
1	deque([(('64_1', 'h'), ('112_4', 't')), (('112_4', 'h'), ('59_3', 't')), (('197_3', 'h'), ('59_3', 'h')), (('122_5', 'h'), ('197_3', 't')), (('197_2', 'h'), ('122_5', 't')), (('36_4', 'h'), ('197_2', 't')), (('213_1', 't'), ('36_4', 't')), (('213_1', 'h'), ('137_3', 't')), (('137_3', 'h'), ('212_1', 't')), (('212_1', 'h'), ('64_1', 't'))])

Chosen seed at iteration 1: 1
Chosen chr at iteration 1


Iteration 2
2	deque([(('197_3', 'h'), ('59_0', 'h')), (('112_1', 'h'), ('59_0', 't')), (('64_2', 'h'), ('112_1', 't')), (('212_3', 'h'), ('64_2', 't')), (('137_4', 'h'), ('212_3', 't')), (('213_0', 'h'), ('137_4', 't')), (('213_0', 't'), ('36_1', 't')), (('36_1', 'h'), ('197_1', 't')), (('197_1', 'h'), ('122_4', 't')), (('122_4', 'h'), ('197_3', 't'))])
2	deque([(('91_4', 'h'), ('123_25', 't')), (('123_25', 'h'), ('66_4', 'h')), (('208_0', 'h'), ('66_4', 't')), (('208_0', 't'), ('168_0', 't')), (('207_1', 'h'), ('168_0', 'h')), (('207_1', 't'), ('132_2', 't')), (('132_2', 'h'), ('123_30', 'h')), (('123_30', 't'), ('87_5', 't')), (('123_45', 'h'), ('87_5', 'h')), (('123_45', 't'), ('75_0', 't')), (('75_0', 'h'), ('123_20', 't')), (('123_20', 'h'), ('91_4', 't'))])

Chosen seed at iteration 2: 1
Chosen chr at iteration 2



Chosen seed at iteration 3: 2
Chosen chr at iteration 3


Iteration 4
4	deque([(('212_1', 't'), ('137_9', 't')), (('213_1', 'h'), ('137_9', 'h')), (('213_1', 't'), ('36_1', 't')), (('36_1', 'h'), ('197_0', 't')), (('197_0', 'h'), ('59_3', 'h')), (('112_1', 'h'), ('59_3', 't')), (('64_1', 'h'), ('112_1', 't')), (('212_1', 'h'), ('64_1', 't'))])
4	deque([(('122_1', 'h'), ('197_2', 't')), (('197_2', 'h'), ('122_1', 't'))])

Chosen seed at iteration 4: 1
Chosen chr at iteration 4



Chosen seed at iteration 5: 2
Chosen chr at iteration 5


Iteration 1
1	deque([(('212_3', 't'), ('137_7', 't')), (('213_0', 'h'), ('137_7', 'h')), (('213_0', 't'), ('36_3', 't')), (('36_3', 'h'), ('197_9', 't')), (('197_9', 'h'), ('122_5', 't')), (('122_5', 'h'), ('197_1', 't')), (('197_1', 'h'), ('59_0', 'h')), (('112_3', 'h'), ('59_0', 't')), (('64_5', 'h'), ('112_3', 't')), (('212_3', 'h'), ('64_5', 't'))])
1	deque([(('123_37', 'h'), ('80_6', 't')), (('68_4', 'h'), ('123_37', 't')), (('123_27', 't'), ('68_4', 't')), (('123_27', 'h'), ('80_6', 'h'))])

Chosen seed at iteration 1: 1
Chosen chr at iteration 1



Chosen seed at iteration 2: 2
Chosen chr at iteration 2


Iteration 3
3	deque([(('112_4', 'h'), ('59_0', 't')), (('64_5', 'h'), ('112_4', 't')), (('212_3', 'h'), ('64_5', 't')), (('212_3', 't'), ('137_4', 't')), (('213_3', 'h'), ('137_4', 'h')), (('213_3', 't'), ('36_4', 't')), (('36_4', 'h'), ('197_3', 't')), (('197_3', 'h'), ('122_3', 't')), (('122_3', 'h'), ('197_1', 't')), (('197_1', 'h'), ('59_0', 'h'))])
3	deque([(('123_2', 'h'), ('66_4', 'h')), (('208_0', 'h'), ('66_4', 't')), (('208_0', 't'), ('168_1', 't')), (('207_2', 'h'), ('168_1', 'h')), (('207_2', 't'), ('132_3', 't')), (('132_3', 'h'), ('123_42', 'h')), (('68_5', 'h'), ('123_42', 't')), (('123_2', 't'), ('68_5', 't'))])
3	deque([(('91_3', 'h'), ('123_45', 't')), (('123_45', 'h'), ('77_2', 'h')), (('123_17', 't'), ('77_2', 't')), (('123_17', 'h'), ('87_4', 'h')), (('123_38', 't'), ('87_4', 't')), (('123_38', 'h'), ('80_2', 't')), (('123_43', 'h'), ('80_2', 'h')), (('75_2', 'h'), ('123_43', 't')), (('123_30', 't'), ('75_2', 't')), (('123_30', 'h'), ('91_3', 't'))])

Chosen seed at iteration 3: 1
Chosen chr at iteration 3



Chosen seed at iteration 4: 2
Chosen chr at iteration 4



Chosen seed at iteration 5: 3
Chosen chr at iteration 5


Iteration 1
1	deque([(('208_3', 'h'), ('66_1', 't')), (('123_40', 'h'), ('66_1', 'h')), (('68_2', 'h'), ('123_40', 't')), (('123_27', 't'), ('68_2', 't')), (('123_27', 'h'), ('80_4', 't')), (('123_13', 'h'), ('80_4', 'h')), (('123_13', 't'), ('75_4', 't')), (('75_4', 'h'), ('123_5', 't')), (('123_5', 'h'), ('87_2', 'h')), (('123_46', 't'), ('87_2', 't')), (('132_0', 'h'), ('123_46', 'h')), (('207_13', 't'), ('132_0', 't')), (('207_13', 'h'), ('168_12', 'h')), (('208_3', 't'), ('168_12', 't'))])
1	deque([(('91_5', 'h'), ('123_35', 't')), (('123_35', 'h'), ('91_5', 't'))])
1	deque([(('226_3', 'h'), ('138_7', 'h')), (('226_3', 't'), ('64_2', 't')), (('64_2', 'h'), ('112_3', 't')), (('112_3', 'h'), ('59_4', 't')), (('197_6', 'h'), ('59_4', 'h')), (('122_5', 'h'), ('197_6', 't')), (('197_9', 'h'), ('122_5', 't')), (('36_0', 'h'), ('197_9', 't')), (('213_2', 't'), ('36_0', 't')), (('213_2', 'h'), ('137_3', 't')), (('211_3', 'h'), ('137_3', 'h')), (('211_3', 't'), ('138_7', 't'))])

Chosen seed at iteration 1: 1
Chosen chr at iteration 1



Chosen seed at iteration 2: 2
Chosen chr at iteration 2



Chosen seed at iteration 3: 3
Chosen chr at iteration 3


Iteration 4
4	deque([(('211_3', 't'), ('138_8', 't')), (('211_3', 'h'), ('137_3', 't')), (('213_0', 'h'), ('137_3', 'h')), (('213_0', 't'), ('36_0', 't')), (('36_0', 'h'), ('197_6', 't')), (('197_6', 'h'), ('122_5', 't')), (('122_5', 'h'), ('197_9', 't')), (('197_9', 'h'), ('59_4', 'h')), (('112_3', 'h'), ('59_4', 't')), (('64_2', 'h'), ('112_3', 't')), (('226_3', 't'), ('64_2', 't')), (('226_3', 'h'), ('138_8', 'h'))])
4	deque([(('207_13', 'h'), ('168_12', 'h')), (('208_4', 't'), ('168_12', 't')), (('208_4', 'h'), ('66_3', 't')), (('123_35', 'h'), ('66_3', 'h')), (('123_35', 't'), ('68_6', 't')), (('68_6', 'h'), ('123_5', 't')), (('123_5', 'h'), ('80_3', 'h')), (('123_46', 'h'), ('80_3', 't')), (('123_46', 't'), ('75_4', 't')), (('75_4', 'h'), ('123_6', 't')), (('132_0', 'h'), ('123_6', 'h')), (('207_13', 't'), ('132_0', 't'))])

Chosen seed at iteration 4: 1
Chosen chr at iteration 4



Chosen seed at iteration 5: 2
Chosen chr at iteration 5


Iteration 1
1	deque([(('123_37', 'h'), ('80_6', 't')), (('123_54', 'h'), ('80_6', 'h')), (('68_4', 'h'), ('123_54', 't')), (('123_36', 't'), ('68_4', 't')), (('123_36', 'h'), ('87_7', 'h')), (('123_37', 't'), ('87_7', 't'))])
1	deque([(('155_4', 't'), ('128_12', 't')), (('165_7', 'h'), ('155_4', 'h')), (('20_0', 'h'), ('165_7', 't')), (('201_7', 't'), ('20_0', 't')), (('201_7', 'h'), ('128_12', 'h'))])
1	deque([(('91_4', 'h'), ('123_0', 't')), (('123_0', 'h'), ('91_4', 't'))])

Chosen seed at iteration 1: 1
Chosen chr at iteration 1



Chosen seed at iteration 2: 2
Chosen chr at iteration 2



Chosen seed at iteration 3: 3
Chosen chr at iteration 3


Iteration 4
4	deque([(('123_9', 't'), ('87_5', 't')), (('123_9', 'h'), ('87_5', 'h'))])
4	deque([(('165_3', 'h'), ('155_4', 'h')), (('20_1', 'h'), ('165_3', 't')), (('201_2', 't'), ('20_1', 't')), (('201_2', 'h'), ('128_4', 'h')), (('155_4', 't'), ('128_4', 't'))])
4	deque([(('123_37', 'h'), ('80_6', 't')), (('123_39', 'h'), ('80_6', 'h')), (('91_4', 'h'), ('123_39', 't')), (('123_11', 'h'), ('91_4', 't')), (('123_11', 't'), ('68_4', 't')), (('68_4', 'h'), ('123_37', 't'))])

Chosen seed at iteration 4: 1
Chosen chr at iteration 4



Chosen seed at iteration 5: 2
Chosen chr at iteration 5



Chosen seed at iteration 6: 3
Chosen chr at iteration 6


Iteration 1
1	deque([(('123_16', 'h'), ('87_7', 'h')), (('68_1', 'h'), ('123_16', 't')), (('123_36', 't'), ('68_1', 't')), (('123_36', 'h'), ('80_4', 'h')), (('123_52', 'h'), ('80_4', 't')), (('123_52', 't'), ('87_7', 't'))])
1	deque([(('91_0', 'h'), ('123_3', 't')), (('123_3', 'h'), ('91_0', 't'))])

Chosen seed at iteration 1: 1
Chosen chr at iteration 1



Chosen seed at iteration 2: 2
Chosen chr at iteration 2


Iteration 3
3	deque([(('165_8', 'h'), ('155_1', 'h')), (('20_0', 'h'), ('165_8', 't')), (('201_1', 't'), ('20_0', 't')), (('201_1', 'h'), ('128_8', 'h')), (('155_1', 't'), ('128_8', 't'))])
3	deque([(('123_3', 't'), ('68_2', 't')), (('123_3', 'h'), ('80_4', 'h')), (('123_41', 'h'), ('80_4', 't')), (('68_2', 'h'), ('123_41', 't'))])
3	deque([(('123_52', 't'), ('87_3', 't')), (('123_31', 'h'), ('87_3', 'h')), (('91_0', 'h'), ('123_31', 't')), (('123_52', 'h'), ('91_0', 't'))])

Chosen seed at iteration 3: 1
Chosen chr at iteration 3



Chosen seed at iteration 4: 2
Chosen chr at iteration 4



Chosen seed at iteration 5: 3
Chosen chr at iteration 5


Iteration 1
1	deque([(('123_22', 'h'), ('87_7', 'h')), (('123_22', 't'), ('87_7', 't'))])

Chosen seed at iteration 1: 1
Chosen chr at iteration 1


Iteration 2
2	deque([(('123_16', 'h'), ('87_7', 'h')), (('123_16', 't'), ('87_7', 't'))])

Chosen seed at iteration 2: 1
Chosen chr at iteration 2


Iteration 3
3	deque([(('123_24', 'h'), ('87_7', 'h')), (('123_24', 't'), ('87_7', 't'))])

Chosen seed at iteration 3: 1
Chosen chr at iteration 3


Iteration 4
4	deque([(('114_0', 'h'), ('131_10', 't')), (('131_10', 'h'), ('46_3', 'h')), (('171_0', 'h'), ('46_3', 't'))])
4	deque([(('143_1', 'h'), ('198_1', 't')), (('164_4', 'h'), ('143_1', 't')), (('144_0', 'h'), ('164_4', 't')), (('144_0', 't'), ('39_0', 't')), (('39_0', 'h'), ('201_10', 't')), (('201_10', 'h'), ('128_2', 'h'))])
4	deque([(('171_6', 'h'), ('114_0', 't'))])
4	deque([(('148_1', 'h'), ('145_2', 'h')), (('202_0', 't'), ('145_2', 't')), (('202_0', 'h'), ('19_0', 't')), (('19_0', 'h'), ('201_5', 't'))])
4	deque([(('123_8', 'h'), ('87_7', 'h')), (('123_8', 't'), ('87_7', 't'))])
4	deque([(('198_1', 'h'), ('148_1', 't'))])

Chosen seed at iteration 4: 1
Chosen chr at iteration 4



Chosen seed at iteration 5: 2
Chosen chr at iteration 5



Chosen seed at iteration 6: 3
Chosen chr at iteration 6



Chosen seed at iteration 7: 4
Chosen chr at iteration 7



Chosen seed at iteration 8: 5
Chosen chr at iteration 8



Chosen seed at iteration 9: 6
Chosen chr at iteration 9


Iteration 1
Iteration 1
Iteration 1
Iteration 1
1	deque([(('60_0', 'h'), ('100_4', 't'))])
1	deque([(('128_3', 'h'), ('16_0', 'h'))])
1	deque([(('114_2', 'h'), ('131_9', 't'))])
1	deque([(('201_3', 'h'), ('128_6', 'h'))])
1	deque([(('214_1', 'h'), ('99_1', 'h'))])
1	deque([(('171_7', 'h'), ('114_2', 't'))])
1	deque([(('154_3', 't'), ('128_6', 't'))])
1	deque([(('99_3', 'h'), ('16_0', 't'))])

Chosen seed at iteration 1: 1
Chosen chr at iteration 1



Chosen seed at iteration 2: 2
Chosen chr at iteration 2



Chosen seed at iteration 3: 3
Chosen chr at iteration 3



Chosen seed at iteration 4: 4
Chosen chr at iteration 4



Chosen seed at iteration 5: 5
Chosen chr at iteration 5



Chosen seed at iteration 6: 6
Chosen chr at iteration 6



Chosen seed at iteration 7: 7
Chosen chr at iteration 7



Chosen seed at iteration 8: 8
Chosen chr at iteration 8


Iteration 1
Iteration 1
Iteration 1
Iteration 1
Iteration 1
Iteration 1
Iteration 1
Iteration 1
Iteration 1
Iteration 1
Iteration 1
Iteration 1
Iteration 1
Iteration 1
Iteration 1
Iteration 1
Iteration 1
Iteration 1
Iteration 1
Iteration 1
Iteration 1
Iteration 1
Iteration 1
Iteration 1
Iteration 1
Iteration 1
Iteration 1
Iteration 1
Iteration 1
Iteration 1
Iteration 1
Iteration 1
Iteration 1
Iteration 1
Iteration 1
Iteration 1
