Iteration 1
Iteration 1
Iteration 1
Iteration 1
Iteration 1
1	deque([(('16', 'h'), ('16', 't')), (('16', 'h'), ('16', 't'))])

Chosen seed at iteration 1: 1
Chosen chr at iteration 1
Iteration 2
Iteration 1
1	deque([(('16', 'h'), ('16', 't')), (('16', 'h'), ('16', 't'))])

Chosen seed at iteration 1: 1
Chosen chr at iteration 1
Iteration 2
Iteration 1
1	deque([(('16', 'h'), ('16', 't')), (('16', 'h'), ('16', 't'))])

Chosen seed at iteration 1: 1
Chosen chr at iteration 1
Iteration 2
Iteration 1
Iteration 1
1	deque([(('16', 'h'), ('16', 't')), (('16', 'h'), ('16', 't'))])

Chosen seed at iteration 1: 1
Chosen chr at iteration 1
Iteration 2
Iteration 1
1	deque([(('16', 'h'), ('16', 't')), (('16', 'h'), ('16', 't'))])

Chosen seed at iteration 1: 1
Chosen chr at iteration 1
Iteration 2
Iteration 1
1	deque([(('16', 'h'), ('16', 't')), (('16', 'h'), ('16', 't'))])

Chosen seed at iteration 1: 1
Chosen chr at iteration 1
Iteration 2
Iteration 1
1	deque([(('16', 'h'), ('16', 't')), (('16', 'h'), ('16', 't'))])

Chosen seed at iteration 1: 1
Chosen chr at iteration 1
Iteration 2
2	deque([(('22', 'h'), ('22', 't')), (('22', 'h'), ('22', 't'))])

Chosen seed at iteration 2: 1
Chosen chr at iteration 2
Iteration 3
3	deque([(('28', 'h'), ('28', 't')), (('28', 'h'), ('28', 't'))])

Chosen seed at iteration 3: 1
Chosen chr at iteration 3
Iteration 4
Iteration 1
1	deque([(('16', 'h'), ('16', 't')), (('16', 'h'), ('16', 't'))])

Chosen seed at iteration 1: 1
Chosen chr at iteration 1
Iteration 2
2	deque([(('22', 'h'), ('22', 't')), (('22', 'h'), ('22', 't'))])

Chosen seed at iteration 2: 1
Chosen chr at iteration 2
Iteration 3
3	deque([(('28', 'h'), ('28', 't')), (('28', 'h'), ('28', 't'))])

Chosen seed at iteration 3: 1
Chosen chr at iteration 3
Iteration 4
4	deque([(('65', 'h'), ('38', 't')), (('38', 'h'), ('61', 't')), (('61', 'h'), ('41', 't'))])

Chosen seed at iteration 4: 1
Chosen chr at iteration 4
Iteration 5
Iteration 1
1	deque([(('16', 'h'), ('16', 't')), (('16', 'h'), ('16', 't'))])

Chosen seed at iteration 1: 1
Chosen chr at iteration 1
Iteration 2
2	deque([(('22', 'h'), ('22', 't')), (('22', 'h'), ('22', 't'))])

Chosen seed at iteration 2: 1
Chosen chr at iteration 2
Iteration 3
3	deque([(('28', 'h'), ('28', 't')), (('28', 'h'), ('28', 't'))])

Chosen seed at iteration 3: 1
Chosen chr at iteration 3
Iteration 4
4	deque([(('64', 'h'), ('57', 'h')), (('57', 't'), ('81', 't'))])

Chosen seed at iteration 4: 1
Chosen chr at iteration 4
Iteration 5
Iteration 1
1	deque([(('16', 'h'), ('16', 't')), (('16', 'h'), ('16', 't'))])

Chosen seed at iteration 1: 1
Chosen chr at iteration 1
Iteration 2
2	deque([(('22', 'h'), ('22', 't')), (('22', 'h'), ('22', 't'))])

Chosen seed at iteration 2: 1
Chosen chr at iteration 2
Iteration 3
3	deque([(('28', 'h'), ('28', 't')), (('28', 'h'), ('28', 't'))])

Chosen seed at iteration 3: 1
Chosen chr at iteration 3
