Iteration 1
1	deque([(('76_15', 't'), ('27_8', 't')), (('76_15', 'h'), ('27_8', 'h'))])
1	deque([(('76_16', 'h'), ('24_4', 't')), (('24_4', 'h'), ('76_16', 't'))])
1	deque([(('23_7', 'h'), ('23_7', 't'))])

Chosen seed at iteration 1: 1
Chosen chr at iteration 1



Chosen seed at iteration 2: 2
Chosen chr at iteration 2



Chosen seed at iteration 3: 3
Chosen chr at iteration 3


Iteration 4
4	deque([(('76_6', 'h'), ('24_11', 't')), (('24_11', 'h'), ('76_6', 't'))])
4	deque([(('76_8', 'h'), ('27_3', 'h')), (('76_8', 't'), ('27_3', 't'))])
4	deque([(('23_19', 'h'), ('23_19', 't'))])

Chosen seed at iteration 4: 1
Chosen chr at iteration 4



Chosen seed at iteration 5: 2
Chosen chr at iteration 5



Chosen seed at iteration 6: 3
Chosen chr at iteration 6


Iteration 1
1	deque([(('76_0', 'h'), ('24_6', 't')), (('24_6', 'h'), ('76_0', 't'))])
1	deque([(('23_5', 'h'), ('23_5', 't'))])
1	deque([(('76_19', 't'), ('27_9', 't')), (('76_19', 'h'), ('27_9', 'h'))])

Chosen seed at iteration 1: 1
Chosen chr at iteration 1



Chosen seed at iteration 2: 2
Chosen chr at iteration 2



Chosen seed at iteration 3: 3
Chosen chr at iteration 3


Iteration 4
4	deque([(('76_7', 't'), ('27_2', 't')), (('76_7', 'h'), ('27_2', 'h'))])
4	deque([(('24_7', 'h'), ('76_19', 't')), (('76_19', 'h'), ('24_7', 't'))])
4	deque([(('23_11', 'h'), ('23_11', 't'))])

Chosen seed at iteration 4: 1
Chosen chr at iteration 4



Chosen seed at iteration 5: 2
Chosen chr at iteration 5



Chosen seed at iteration 6: 3
Chosen chr at iteration 6


Iteration 1
1	deque([(('76_3', 'h'), ('24_3', 't')), (('76_3', 't'), ('27_6', 't')), (('76_20', 'h'), ('27_6', 'h')), (('24_3', 'h'), ('76_20', 't'))])
1	deque([(('23_2', 'h'), ('23_2', 't'))])

Chosen seed at iteration 1: 1
Chosen chr at iteration 1



Chosen seed at iteration 2: 2
Chosen chr at iteration 2


Iteration 3
3	deque([(('76_0', 't'), ('27_7', 't')), (('76_20', 'h'), ('27_7', 'h')), (('24_2', 'h'), ('76_20', 't')), (('76_0', 'h'), ('24_2', 't'))])
3	deque([(('23_5', 'h'), ('23_5', 't'))])
3	deque([(('30_1', 'h'), ('12_1', 'h'))])

Chosen seed at iteration 3: 1
Chosen chr at iteration 3



Chosen seed at iteration 4: 2
Chosen chr at iteration 4



Chosen seed at iteration 5: 3
Chosen chr at iteration 5


Iteration 1
1	deque([(('76_2', 't'), ('27_9', 't')), (('76_1', 'h'), ('27_9', 'h')), (('24_6', 'h'), ('76_1', 't')), (('76_2', 'h'), ('24_6', 't'))])
1	deque([(('23_0', 'h'), ('23_0', 't'))])

Chosen seed at iteration 1: 1
Chosen chr at iteration 1



Chosen seed at iteration 2: 2
Chosen chr at iteration 2


Iteration 3
3	deque([(('76_10', 'h'), ('24_5', 't')), (('24_5', 'h'), ('76_10', 't'))])
3	deque([(('76_3', 'h'), ('27_9', 'h')), (('76_3', 't'), ('27_9', 't'))])
3	deque([(('23_4', 'h'), ('23_4', 't'))])

Chosen seed at iteration 3: 1
Chosen chr at iteration 3



Chosen seed at iteration 4: 2
Chosen chr at iteration 4



Chosen seed at iteration 5: 3
Chosen chr at iteration 5


Iteration 1
1	deque([(('84_1', 't'), ('62_0', 't')), (('62_0', 'h'), ('16_0', 't')), (('16_0', 'h'), ('30_3', 't')), (('30_3', 'h'), ('21_1', 't')), (('70_0', 'h'), ('21_1', 'h')), (('72_3', 't'), ('70_0', 't')), (('85_2', 'h'), ('72_3', 'h')), (('93_1', 't'), ('85_2', 't')), (('93_1', 'h'), ('87_3', 't')), (('87_3', 'h'), ('25_1', 't')), (('25_1', 'h'), ('79_1', 't')), (('79_1', 'h'), ('29_1', 'h')), (('84_1', 'h'), ('29_1', 't'))])
1	deque([(('23_9', 'h'), ('23_9', 't'))])

Chosen seed at iteration 1: 1
Chosen chr at iteration 1



Chosen seed at iteration 2: 2
Chosen chr at iteration 2


Iteration 3
3	deque([(('93_2', 'h'), ('87_3', 't')), (('87_3', 'h'), ('25_7', 't')), (('25_7', 'h'), ('79_1', 't')), (('79_1', 'h'), ('29_5', 'h')), (('84_1', 'h'), ('29_5', 't')), (('84_1', 't'), ('62_1', 't')), (('62_1', 'h'), ('16_0', 't')), (('16_0', 'h'), ('30_3', 't')), (('30_3', 'h'), ('21_0', 't')), (('70_0', 'h'), ('21_0', 'h')), (('72_5', 't'), ('70_0', 't')), (('85_3', 'h'), ('72_5', 'h')), (('93_2', 't'), ('85_3', 't'))])
3	deque([(('23_0', 'h'), ('23_0', 't'))])

Chosen seed at iteration 3: 1
Chosen chr at iteration 3



Chosen seed at iteration 4: 2
Chosen chr at iteration 4


Iteration 1
1	deque([(('24_12', 'h'), ('76_14', 't')), (('76_14', 'h'), ('27_1', 'h')), (('76_18', 't'), ('27_1', 't')), (('76_18', 'h'), ('24_12', 't'))])
1	deque([(('23_20', 'h'), ('23_20', 't'))])

Chosen seed at iteration 1: 1
Chosen chr at iteration 1



Chosen seed at iteration 2: 2
Chosen chr at iteration 2


Iteration 3
3	deque([(('76_15', 't'), ('27_1', 't')), (('76_15', 'h'), ('24_9', 't')), (('24_9', 'h'), ('76_5', 't')), (('76_5', 'h'), ('27_1', 'h'))])
3	deque([(('23_1', 'h'), ('23_1', 't'))])

Chosen seed at iteration 3: 1
Chosen chr at iteration 3



Chosen seed at iteration 4: 2
Chosen chr at iteration 4


Iteration 1
1	deque([(('76_14', 'h'), ('27_0', 'h')), (('24_8', 'h'), ('76_14', 't')), (('76_17', 'h'), ('24_8', 't')), (('76_17', 't'), ('27_0', 't'))])
1	deque([(('23_2', 'h'), ('23_2', 't'))])

Chosen seed at iteration 1: 1
Chosen chr at iteration 1



Chosen seed at iteration 2: 2
Chosen chr at iteration 2


Iteration 3
3	deque([(('76_9', 'h'), ('24_12', 't')), (('24_12', 'h'), ('76_17', 't')), (('76_17', 'h'), ('27_6', 'h')), (('76_9', 't'), ('27_6', 't'))])
3	deque([(('23_3', 'h'), ('23_3', 't'))])

Chosen seed at iteration 3: 1
Chosen chr at iteration 3



Chosen seed at iteration 4: 2
Chosen chr at iteration 4


Iteration 1
1	deque([(('76_18', 'h'), ('27_0', 'h')), (('76_2', 't'), ('27_0', 't')), (('76_2', 'h'), ('24_0', 't')), (('24_0', 'h'), ('76_18', 't'))])
1	deque([(('23_20', 'h'), ('23_20', 't'))])

Chosen seed at iteration 1: 1
Chosen chr at iteration 1



Chosen seed at iteration 2: 2
Chosen chr at iteration 2


Iteration 3
3	deque([(('76_2', 't'), ('27_4', 't')), (('76_2', 'h'), ('27_4', 'h'))])
3	deque([(('24_4', 'h'), ('76_14', 't')), (('76_14', 'h'), ('24_4', 't'))])
3	deque([(('23_18', 'h'), ('23_18', 't'))])

Chosen seed at iteration 3: 1
Chosen chr at iteration 3



Chosen seed at iteration 4: 2
Chosen chr at iteration 4



Chosen seed at iteration 5: 3
Chosen chr at iteration 5


Iteration 1
1	deque([(('76_4', 'h'), ('24_8', 't')), (('24_8', 'h'), ('76_4', 't'))])
1	deque([(('23_7', 'h'), ('23_7', 't'))])

Chosen seed at iteration 1: 1
Chosen chr at iteration 1



Chosen seed at iteration 2: 2
Chosen chr at iteration 2


Iteration 3
3	deque([(('23_16', 'h'), ('23_16', 't'))])

Chosen seed at iteration 3: 1
Chosen chr at iteration 3


Iteration 4
4	deque([(('24_0', 'h'), ('76_4', 't')), (('76_4', 'h'), ('24_0', 't'))])
4	deque([(('23_6', 'h'), ('23_6', 't'))])

Chosen seed at iteration 4: 1
Chosen chr at iteration 4



Chosen seed at iteration 5: 2
Chosen chr at iteration 5


Iteration 1
1	deque([(('23_20', 'h'), ('23_20', 't'))])

Chosen seed at iteration 1: 1
Chosen chr at iteration 1


Iteration 2
2	deque([(('23_17', 'h'), ('23_17', 't'))])

Chosen seed at iteration 2: 1
Chosen chr at iteration 2


Iteration 3
3	deque([(('23_14', 'h'), ('23_14', 't'))])

Chosen seed at iteration 3: 1
Chosen chr at iteration 3


Iteration 4
4	deque([(('23_15', 'h'), ('23_15', 't'))])

Chosen seed at iteration 4: 1
Chosen chr at iteration 4


Iteration 1
1	deque([(('23_13', 'h'), ('23_13', 't'))])

Chosen seed at iteration 1: 1
Chosen chr at iteration 1


Iteration 2
2	deque([(('23_8', 'h'), ('23_8', 't'))])

Chosen seed at iteration 2: 1
Chosen chr at iteration 2


Iteration 3
3	deque([(('23_9', 'h'), ('23_9', 't'))])

Chosen seed at iteration 3: 1
Chosen chr at iteration 3


Iteration 4
4	deque([(('23_20', 'h'), ('23_20', 't'))])

Chosen seed at iteration 4: 1
Chosen chr at iteration 4


Iteration 1
1	deque([(('23_16', 'h'), ('23_16', 't'))])

Chosen seed at iteration 1: 1
Chosen chr at iteration 1


Iteration 2
2	deque([(('23_14', 'h'), ('23_14', 't'))])

Chosen seed at iteration 2: 1
Chosen chr at iteration 2


Iteration 3
3	deque([(('23_13', 'h'), ('23_13', 't'))])

Chosen seed at iteration 3: 1
Chosen chr at iteration 3


Iteration 4
4	deque([(('23_8', 'h'), ('23_8', 't'))])

Chosen seed at iteration 4: 1
Chosen chr at iteration 4


Iteration 1
1	deque([(('23_13', 'h'), ('23_13', 't'))])

Chosen seed at iteration 1: 1
Chosen chr at iteration 1


Iteration 2
2	deque([(('23_14', 'h'), ('23_14', 't'))])

Chosen seed at iteration 2: 1
Chosen chr at iteration 2


Iteration 3
3	deque([(('23_12', 'h'), ('23_12', 't'))])

Chosen seed at iteration 3: 1
Chosen chr at iteration 3


Iteration 4
4	deque([(('23_10', 'h'), ('23_10', 't'))])

Chosen seed at iteration 4: 1
Chosen chr at iteration 4


Iteration 1
1	deque([(('23_16', 'h'), ('23_16', 't'))])

Chosen seed at iteration 1: 1
Chosen chr at iteration 1


Iteration 2
2	deque([(('23_13', 'h'), ('23_13', 't'))])

Chosen seed at iteration 2: 1
Chosen chr at iteration 2


Iteration 3
3	deque([(('23_14', 'h'), ('23_14', 't'))])

Chosen seed at iteration 3: 1
Chosen chr at iteration 3


Iteration 4
4	deque([(('23_12', 'h'), ('23_12', 't'))])

Chosen seed at iteration 4: 1
Chosen chr at iteration 4


Iteration 1
1	deque([(('23_16', 'h'), ('23_16', 't'))])

Chosen seed at iteration 1: 1
Chosen chr at iteration 1


Iteration 2
2	deque([(('23_21', 'h'), ('23_21', 't'))])

Chosen seed at iteration 2: 1
Chosen chr at iteration 2


Iteration 3
3	deque([(('23_14', 'h'), ('23_14', 't'))])

Chosen seed at iteration 3: 1
Chosen chr at iteration 3


Iteration 4
Iteration 1
1	deque([(('23_14', 'h'), ('23_14', 't'))])

Chosen seed at iteration 1: 1
Chosen chr at iteration 1


Iteration 2
Iteration 1
1	deque([(('23_14', 'h'), ('23_14', 't'))])

Chosen seed at iteration 1: 1
Chosen chr at iteration 1


Iteration 2
Iteration 1
1	deque([(('23_14', 'h'), ('23_14', 't'))])

Chosen seed at iteration 1: 1
Chosen chr at iteration 1


Iteration 2
Iteration 1
1	deque([(('23_14', 'h'), ('23_14', 't'))])

Chosen seed at iteration 1: 1
Chosen chr at iteration 1


Iteration 2
Iteration 1
Iteration 1
Iteration 1
Iteration 1
Iteration 1
