Iteration 1
1	deque([(('43_3', 't'), ('26_2', 't')), (('43_3', 'h'), ('26_2', 'h'))])
1	deque([(('43_1', 'h'), ('26_1', 'h')), (('43_4', 't'), ('26_1', 't')), (('43_4', 'h'), ('26_4', 'h')), (('43_5', 't'), ('26_4', 't')), (('43_5', 'h'), ('26_0', 'h')), (('43_0', 't'), ('26_0', 't')), (('43_0', 'h'), ('39_1', 'h')), (('43_1', 't'), ('39_1', 't'))])
1	deque([(('43_2', 't'), ('39_0', 't')), (('43_2', 'h'), ('39_0', 'h'))])
1	deque([(('43_6', 't'), ('26_3', 't')), (('43_6', 'h'), ('26_3', 'h'))])

Chosen seed at iteration 1: 1
Chosen chr at iteration 1


Iteration 2
2	deque([(('43_2', 'h'), ('39_0', 'h')), (('43_2', 't'), ('39_0', 't'))])
2	deque([(('43_5', 'h'), ('26_2', 'h')), (('43_5', 't'), ('26_4', 't')), (('43_4', 'h'), ('26_4', 'h')), (('43_4', 't'), ('26_1', 't')), (('43_1', 'h'), ('26_1', 'h')), (('43_1', 't'), ('39_1', 't')), (('43_0', 'h'), ('39_1', 'h')), (('43_0', 't'), ('26_0', 't')), (('43_3', 'h'), ('26_0', 'h')), (('43_3', 't'), ('26_2', 't'))])
2	deque([(('43_6', 'h'), ('26_3', 'h')), (('43_6', 't'), ('26_3', 't'))])

Chosen seed at iteration 2: 3
Chosen chr at iteration 2


Iteration 3
3	deque([(('43_6', 'h'), ('26_3', 'h')), (('43_3', 't'), ('26_3', 't')), (('43_3', 'h'), ('26_2', 'h')), (('43_6', 't'), ('26_2', 't'))])
3	deque([(('43_5', 't'), ('26_4', 't')), (('43_4', 'h'), ('26_4', 'h')), (('43_4', 't'), ('26_1', 't')), (('43_1', 'h'), ('26_1', 'h')), (('43_1', 't'), ('39_1', 't')), (('43_0', 'h'), ('39_1', 'h')), (('43_0', 't'), ('26_0', 't')), (('43_5', 'h'), ('26_0', 'h'))])
3	deque([(('43_2', 't'), ('39_0', 't')), (('43_2', 'h'), ('39_0', 'h'))])

Chosen seed at iteration 3: 2
Chosen chr at iteration 3


Iteration 4
4	deque([(('43_3', 'h'), ('26_1', 'h')), (('43_3', 't'), ('39_2', 't')), (('43_6', 'h'), ('39_2', 'h')), (('43_6', 't'), ('26_2', 't')), (('43_0', 'h'), ('26_2', 'h')), (('43_0', 't'), ('26_1', 't'))])
4	deque([(('43_4', 'h'), ('26_4', 'h')), (('43_4', 't'), ('26_4', 't'))])
4	deque([(('43_1', 'h'), ('26_3', 'h')), (('43_5', 't'), ('26_3', 't')), (('43_5', 'h'), ('26_0', 'h')), (('43_1', 't'), ('26_0', 't'))])
4	deque([(('43_2', 't'), ('39_0', 't')), (('43_2', 'h'), ('39_0', 'h'))])

Chosen seed at iteration 4: 2
Chosen chr at iteration 4


Iteration 5
5	deque([(('43_2', 'h'), ('39_0', 'h')), (('43_2', 't'), ('39_0', 't'))])
5	deque([(('43_1', 't'), ('39_1', 't')), (('43_0', 'h'), ('39_1', 'h')), (('43_0', 't'), ('26_0', 't')), (('43_3', 'h'), ('26_0', 'h')), (('43_3', 't'), ('26_2', 't')), (('43_5', 'h'), ('26_2', 'h')), (('43_5', 't'), ('26_3', 't')), (('43_6', 'h'), ('26_3', 'h')), (('43_6', 't'), ('26_4', 't')), (('43_4', 'h'), ('26_4', 'h')), (('43_4', 't'), ('26_1', 't')), (('43_1', 'h'), ('26_1', 'h'))])

Chosen seed at iteration 5: 1
Chosen chr at iteration 5


Iteration 6
6	deque([(('43_2', 't'), ('39_4', 't')), (('43_0', 'h'), ('39_4', 'h')), (('43_0', 't'), ('26_4', 't')), (('43_6', 'h'), ('26_4', 'h')), (('43_6', 't'), ('26_2', 't')), (('43_2', 'h'), ('26_2', 'h'))])
6	deque([(('43_3', 'h'), ('26_0', 'h')), (('43_3', 't'), ('26_0', 't'))])
6	deque([(('43_4', 't'), ('26_1', 't')), (('43_4', 'h'), ('26_3', 'h')), (('43_5', 't'), ('26_3', 't')), (('43_5', 'h'), ('39_1', 'h')), (('43_1', 't'), ('39_1', 't')), (('43_1', 'h'), ('26_1', 'h'))])

Chosen seed at iteration 6: 1
Chosen chr at iteration 6


Iteration 7
7	deque([(('43_0', 'h'), ('39_4', 'h')), (('43_0', 't'), ('39_4', 't'))])
7	deque([(('43_2', 't'), ('26_0', 't')), (('43_2', 'h'), ('26_2', 'h')), (('43_4', 't'), ('26_2', 't')), (('43_4', 'h'), ('26_3', 'h')), (('43_6', 't'), ('26_3', 't')), (('43_6', 'h'), ('26_4', 'h')), (('43_5', 't'), ('26_4', 't')), (('43_5', 'h'), ('39_1', 'h')), (('43_1', 't'), ('39_1', 't')), (('43_1', 'h'), ('26_1', 'h')), (('43_3', 't'), ('26_1', 't')), (('43_3', 'h'), ('26_0', 'h'))])

Chosen seed at iteration 7: 1
Chosen chr at iteration 7


Iteration 8
8	deque([(('43_5', 'h'), ('39_1', 'h')), (('43_5', 't'), ('39_4', 't')), (('43_0', 'h'), ('39_4', 'h')), (('43_0', 't'), ('26_4', 't')), (('43_6', 'h'), ('26_4', 'h')), (('43_6', 't'), ('39_1', 't'))])
8	deque([(('43_4', 'h'), ('26_3', 'h')), (('43_1', 't'), ('26_3', 't')), (('43_1', 'h'), ('26_1', 'h')), (('43_4', 't'), ('26_1', 't'))])
8	deque([(('43_3', 't'), ('26_0', 't')), (('43_3', 'h'), ('26_0', 'h'))])
8	deque([(('43_2', 't'), ('26_2', 't')), (('43_2', 'h'), ('26_2', 'h'))])

Chosen seed at iteration 8: 2
Chosen chr at iteration 8


Iteration 9
9	deque([(('43_6', 't'), ('39_1', 't')), (('43_6', 'h'), ('26_4', 'h')), (('43_1', 't'), ('26_4', 't')), (('43_1', 'h'), ('26_1', 'h')), (('43_4', 't'), ('26_1', 't')), (('43_4', 'h'), ('26_3', 'h')), (('43_0', 't'), ('26_3', 't')), (('43_0', 'h'), ('39_4', 'h')), (('43_5', 't'), ('39_4', 't')), (('43_5', 'h'), ('39_1', 'h'))])
9	deque([(('43_2', 'h'), ('26_2', 'h')), (('43_2', 't'), ('26_2', 't'))])
9	deque([(('43_3', 'h'), ('26_0', 'h')), (('43_3', 't'), ('26_0', 't'))])

Chosen seed at iteration 9: 2
Chosen chr at iteration 9


Iteration 10
10	deque([(('43_0', 'h'), ('39_4', 'h')), (('43_5', 't'), ('39_4', 't')), (('43_5', 'h'), ('39_1', 'h')), (('43_6', 't'), ('39_1', 't')), (('43_6', 'h'), ('26_4', 'h')), (('43_0', 't'), ('26_4', 't'))])
10	deque([(('43_3', 'h'), ('26_0', 'h')), (('43_3', 't'), ('26_0', 't'))])
10	deque([(('43_2', 't'), ('26_2', 't')), (('43_2', 'h'), ('26_1', 'h')), (('43_4', 't'), ('26_1', 't')), (('43_4', 'h'), ('26_3', 'h')), (('43_1', 't'), ('26_3', 't')), (('43_1', 'h'), ('26_2', 'h'))])

Chosen seed at iteration 10: 3
Chosen chr at iteration 10


Iteration 11
11	deque([(('43_0', 't'), ('26_3', 't')), (('43_0', 'h'), ('39_4', 'h')), (('43_5', 't'), ('39_4', 't')), (('43_5', 'h'), ('39_1', 'h')), (('43_1', 't'), ('39_1', 't')), (('43_1', 'h'), ('26_1', 'h')), (('43_4', 't'), ('26_1', 't')), (('43_4', 'h'), ('26_3', 'h'))])
11	deque([(('43_6', 'h'), ('26_4', 'h')), (('43_3', 't'), ('26_4', 't')), (('43_3', 'h'), ('26_0', 'h')), (('43_2', 't'), ('26_0', 't')), (('43_2', 'h'), ('26_2', 'h')), (('43_6', 't'), ('26_2', 't'))])

Chosen seed at iteration 11: 1
Chosen chr at iteration 11


Iteration 12
12	deque([(('43_1', 't'), ('39_1', 't')), (('43_1', 'h'), ('26_1', 'h')), (('43_4', 't'), ('26_1', 't')), (('43_4', 'h'), ('39_1', 'h'))])
12	deque([(('43_6', 't'), ('26_2', 't')), (('43_2', 'h'), ('26_2', 'h')), (('43_2', 't'), ('26_0', 't')), (('43_3', 'h'), ('26_0', 'h')), (('43_3', 't'), ('26_4', 't')), (('43_6', 'h'), ('26_4', 'h'))])
12	deque([(('43_5', 'h'), ('26_3', 'h')), (('43_0', 't'), ('26_3', 't')), (('43_0', 'h'), ('39_4', 'h')), (('43_5', 't'), ('39_4', 't'))])

Chosen seed at iteration 12: 2
Chosen chr at iteration 12


Iteration 13
13	deque([(('43_5', 't'), ('39_4', 't')), (('43_5', 'h'), ('39_1', 'h')), (('43_2', 't'), ('39_1', 't')), (('43_2', 'h'), ('26_2', 'h')), (('43_6', 't'), ('26_2', 't')), (('43_6', 'h'), ('26_4', 'h')), (('43_3', 't'), ('26_4', 't')), (('43_3', 'h'), ('26_0', 'h')), (('43_1', 't'), ('26_0', 't')), (('43_1', 'h'), ('26_1', 'h')), (('43_4', 't'), ('26_1', 't')), (('43_4', 'h'), ('26_3', 'h')), (('43_0', 't'), ('26_3', 't')), (('43_0', 'h'), ('39_4', 'h'))])

Chosen seed at iteration 13: 1
Chosen chr at iteration 13


Iteration 14
14	deque([(('43_6', 'h'), ('26_4', 'h')), (('43_3', 't'), ('26_4', 't')), (('43_3', 'h'), ('26_0', 'h')), (('43_2', 't'), ('26_0', 't')), (('43_2', 'h'), ('26_2', 'h')), (('43_5', 't'), ('26_2', 't')), (('43_5', 'h'), ('39_1', 'h')), (('43_1', 't'), ('39_1', 't')), (('43_1', 'h'), ('26_1', 'h')), (('43_4', 't'), ('26_1', 't')), (('43_4', 'h'), ('26_3', 'h')), (('43_0', 't'), ('26_3', 't')), (('43_0', 'h'), ('39_4', 'h')), (('43_6', 't'), ('39_4', 't'))])

Chosen seed at iteration 14: 1
Chosen chr at iteration 14


Iteration 15
15	deque([(('43_4', 't'), ('26_1', 't')), (('43_1', 'h'), ('26_1', 'h')), (('43_1', 't'), ('39_1', 't')), (('43_3', 'h'), ('39_1', 'h')), (('43_3', 't'), ('26_4', 't')), (('43_6', 'h'), ('26_4', 'h')), (('43_6', 't'), ('26_2', 't')), (('43_2', 'h'), ('26_2', 'h')), (('43_2', 't'), ('26_0', 't')), (('43_5', 'h'), ('26_0', 'h')), (('43_5', 't'), ('39_4', 't')), (('43_0', 'h'), ('39_4', 'h')), (('43_0', 't'), ('26_3', 't')), (('43_4', 'h'), ('26_3', 'h'))])

Chosen seed at iteration 15: 1
Chosen chr at iteration 15


Iteration 16
16	deque([(('43_2', 't'), ('26_3', 't')), (('43_2', 'h'), ('26_1', 'h')), (('43_4', 't'), ('26_1', 't')), (('43_4', 'h'), ('26_3', 'h'))])
16	deque([(('43_5', 't'), ('39_4', 't')), (('43_5', 'h'), ('39_1', 'h')), (('43_6', 't'), ('39_1', 't')), (('43_6', 'h'), ('26_4', 'h')), (('43_0', 't'), ('26_4', 't')), (('43_0', 'h'), ('39_4', 'h'))])
16	deque([(('43_1', 't'), ('26_2', 't')), (('43_1', 'h'), ('26_2', 'h'))])
16	deque([(('43_3', 't'), ('26_0', 't')), (('43_3', 'h'), ('26_0', 'h'))])

Chosen seed at iteration 16: 3
Chosen chr at iteration 16


Iteration 17
17	deque([(('43_6', 't'), ('39_1', 't')), (('43_6', 'h'), ('26_4', 'h')), (('43_0', 't'), ('26_4', 't')), (('43_0', 'h'), ('39_4', 'h')), (('43_5', 't'), ('39_4', 't')), (('43_5', 'h'), ('39_1', 'h'))])
17	deque([(('43_2', 'h'), ('26_1', 'h')), (('43_1', 't'), ('26_1', 't')), (('43_1', 'h'), ('26_2', 'h')), (('43_2', 't'), ('26_2', 't'))])
17	deque([(('43_3', 't'), ('26_0', 't')), (('43_3', 'h'), ('26_0', 'h'))])
17	deque([(('43_4', 't'), ('26_3', 't')), (('43_4', 'h'), ('26_3', 'h'))])

Chosen seed at iteration 17: 2
Chosen chr at iteration 17


Iteration 18
18	deque([(('43_5', 't'), ('39_4', 't')), (('43_5', 'h'), ('39_1', 'h')), (('43_6', 't'), ('39_1', 't')), (('43_6', 'h'), ('26_4', 'h')), (('43_0', 't'), ('26_4', 't')), (('43_0', 'h'), ('39_4', 'h'))])
18	deque([(('43_2', 'h'), ('26_3', 'h')), (('43_1', 't'), ('26_3', 't')), (('43_1', 'h'), ('26_2', 'h')), (('43_2', 't'), ('26_2', 't'))])
18	deque([(('43_3', 'h'), ('26_0', 'h')), (('43_3', 't'), ('26_0', 't'))])
18	deque([(('43_4', 't'), ('26_1', 't')), (('43_4', 'h'), ('26_1', 'h'))])

Chosen seed at iteration 18: 1
Chosen chr at iteration 18


Iteration 19
19	deque([(('43_5', 'h'), ('39_1', 'h')), (('43_5', 't'), ('26_3', 't')), (('43_6', 'h'), ('26_3', 'h')), (('43_6', 't'), ('26_2', 't')), (('43_2', 'h'), ('26_2', 'h')), (('43_2', 't'), ('26_0', 't')), (('43_3', 'h'), ('26_0', 'h')), (('43_3', 't'), ('39_1', 't'))])
19	deque([(('43_0', 'h'), ('26_4', 'h')), (('43_1', 't'), ('26_4', 't')), (('43_1', 'h'), ('26_1', 'h')), (('43_4', 't'), ('26_1', 't')), (('43_4', 'h'), ('39_4', 'h')), (('43_0', 't'), ('39_4', 't'))])

Chosen seed at iteration 19: 1
Chosen chr at iteration 19


Iteration 20
20	deque([(('43_2', 'h'), ('39_0', 'h')), (('43_2', 't'), ('26_0', 't')), (('43_5', 'h'), ('26_0', 'h')), (('43_5', 't'), ('26_1', 't')), (('43_3', 'h'), ('26_1', 'h')), (('43_3', 't'), ('26_4', 't')), (('43_4', 'h'), ('26_4', 'h')), (('43_4', 't'), ('39_2', 't')), (('43_6', 'h'), ('39_2', 'h')), (('43_6', 't'), ('39_0', 't'))])
20	deque([(('43_1', 'h'), ('26_3', 'h')), (('43_0', 't'), ('26_3', 't')), (('43_0', 'h'), ('26_2', 'h')), (('43_1', 't'), ('26_2', 't'))])

Chosen seed at iteration 20: 1
Chosen chr at iteration 20


Iteration 21
21	deque([(('43_6', 'h'), ('26_4', 'h')), (('43_6', 't'), ('26_4', 't'))])
21	deque([(('43_2', 't'), ('26_3', 't')), (('43_2', 'h'), ('26_2', 'h')), (('43_5', 't'), ('26_2', 't')), (('43_5', 'h'), ('26_1', 'h')), (('43_3', 't'), ('26_1', 't')), (('43_3', 'h'), ('26_3', 'h'))])
21	deque([(('43_4', 'h'), ('39_3', 'h')), (('43_4', 't'), ('26_0', 't')), (('43_1', 'h'), ('26_0', 'h')), (('43_1', 't'), ('39_1', 't')), (('43_0', 'h'), ('39_1', 'h')), (('43_0', 't'), ('39_3', 't'))])

Chosen seed at iteration 21: 3
Chosen chr at iteration 21


Iteration 22
22	deque([(('43_4', 't'), ('39_2', 't')), (('43_4', 'h'), ('39_3', 'h')), (('43_0', 't'), ('39_3', 't')), (('43_0', 'h'), ('39_2', 'h'))])
22	deque([(('43_3', 'h'), ('26_3', 'h')), (('43_3', 't'), ('26_1', 't')), (('43_5', 'h'), ('26_1', 'h')), (('43_5', 't'), ('26_2', 't')), (('43_2', 'h'), ('26_2', 'h')), (('43_2', 't'), ('26_3', 't'))])
22	deque([(('43_6', 't'), ('26_4', 't')), (('43_6', 'h'), ('26_4', 'h'))])
22	deque([(('43_1', 't'), ('26_0', 't')), (('43_1', 'h'), ('26_0', 'h'))])

Chosen seed at iteration 22: 3
Chosen chr at iteration 22


Iteration 23
23	deque([(('43_0', 'h'), ('39_1', 'h')), (('43_0', 't'), ('39_3', 't')), (('43_4', 'h'), ('39_3', 'h')), (('43_4', 't'), ('26_2', 't')), (('43_2', 'h'), ('26_2', 'h')), (('43_2', 't'), ('26_1', 't')), (('43_5', 'h'), ('26_1', 'h')), (('43_5', 't'), ('26_4', 't')), (('43_6', 'h'), ('26_4', 'h')), (('43_6', 't'), ('26_0', 't')), (('43_1', 'h'), ('26_0', 'h')), (('43_1', 't'), ('39_1', 't'))])
23	deque([(('43_3', 'h'), ('26_3', 'h')), (('43_3', 't'), ('26_3', 't'))])

Chosen seed at iteration 23: 1
Chosen chr at iteration 23


Iteration 24
24	deque([(('43_5', 'h'), ('26_0', 'h')), (('43_5', 't'), ('26_0', 't'))])
24	deque([(('43_1', 't'), ('39_1', 't')), (('43_0', 'h'), ('39_1', 'h')), (('43_0', 't'), ('26_2', 't')), (('43_3', 'h'), ('26_2', 'h')), (('43_3', 't'), ('26_4', 't')), (('43_4', 'h'), ('26_4', 'h')), (('43_4', 't'), ('39_0', 't')), (('43_2', 'h'), ('39_0', 'h')), (('43_2', 't'), ('26_3', 't')), (('43_6', 'h'), ('26_3', 'h')), (('43_6', 't'), ('26_1', 't')), (('43_1', 'h'), ('26_1', 'h'))])

Chosen seed at iteration 24: 2
Chosen chr at iteration 24


Iteration 25
25	deque([(('43_6', 'h'), ('26_4', 'h')), (('43_6', 't'), ('26_1', 't')), (('43_1', 'h'), ('26_1', 'h')), (('43_1', 't'), ('39_1', 't')), (('43_5', 'h'), ('39_1', 'h')), (('43_5', 't'), ('26_2', 't')), (('43_2', 'h'), ('26_2', 'h')), (('43_2', 't'), ('26_4', 't'))])
25	deque([(('43_3', 't'), ('39_4', 't')), (('43_3', 'h'), ('26_0', 'h')), (('43_4', 't'), ('26_0', 't')), (('43_4', 'h'), ('26_3', 'h')), (('43_0', 't'), ('26_3', 't')), (('43_0', 'h'), ('39_4', 'h'))])

Chosen seed at iteration 25: 1
Chosen chr at iteration 25


Iteration 26
26	deque([(('43_3', 't'), ('39_4', 't')), (('43_0', 'h'), ('39_4', 'h')), (('43_0', 't'), ('26_3', 't')), (('43_4', 'h'), ('26_3', 'h')), (('43_4', 't'), ('26_0', 't')), (('43_3', 'h'), ('26_0', 'h'))])
26	deque([(('43_5', 't'), ('26_2', 't')), (('43_1', 'h'), ('26_2', 'h')), (('43_1', 't'), ('39_1', 't')), (('43_5', 'h'), ('39_1', 'h'))])
26	deque([(('43_2', 'h'), ('26_1', 'h')), (('43_6', 't'), ('26_1', 't')), (('43_6', 'h'), ('26_4', 'h')), (('43_2', 't'), ('26_4', 't'))])

Chosen seed at iteration 26: 1
Chosen chr at iteration 26


Iteration 27
27	deque([(('43_6', 'h'), ('26_2', 'h')), (('43_3', 't'), ('26_2', 't')), (('43_3', 'h'), ('26_1', 'h')), (('43_0', 't'), ('26_1', 't')), (('43_0', 'h'), ('39_1', 'h')), (('43_5', 't'), ('39_1', 't')), (('43_5', 'h'), ('26_0', 'h')), (('43_1', 't'), ('26_0', 't')), (('43_1', 'h'), ('26_3', 'h')), (('43_6', 't'), ('26_3', 't'))])
27	deque([(('43_4', 't'), ('39_0', 't')), (('43_4', 'h'), ('26_4', 'h')), (('43_2', 't'), ('26_4', 't')), (('43_2', 'h'), ('39_0', 'h'))])

Chosen seed at iteration 27: 2
Chosen chr at iteration 27


Iteration 28
28	deque([(('43_6', 't'), ('26_3', 't')), (('43_1', 'h'), ('26_3', 'h')), (('43_1', 't'), ('26_0', 't')), (('43_5', 'h'), ('26_0', 'h')), (('43_5', 't'), ('39_1', 't')), (('43_0', 'h'), ('39_1', 'h')), (('43_0', 't'), ('26_1', 't')), (('43_3', 'h'), ('26_1', 'h')), (('43_3', 't'), ('26_2', 't')), (('43_6', 'h'), ('26_2', 'h'))])
28	deque([(('43_4', 'h'), ('26_4', 'h')), (('43_2', 't'), ('26_4', 't')), (('43_2', 'h'), ('39_2', 'h')), (('43_4', 't'), ('39_2', 't'))])

Chosen seed at iteration 28: 2
Chosen chr at iteration 28


Iteration 29
29	deque([(('43_4', 'h'), ('26_4', 'h')), (('43_2', 't'), ('26_4', 't')), (('43_2', 'h'), ('26_2', 'h')), (('43_3', 't'), ('26_2', 't')), (('43_3', 'h'), ('26_1', 'h')), (('43_0', 't'), ('26_1', 't')), (('43_0', 'h'), ('39_1', 'h')), (('43_5', 't'), ('39_1', 't')), (('43_5', 'h'), ('26_0', 'h')), (('43_1', 't'), ('26_0', 't')), (('43_1', 'h'), ('26_3', 'h')), (('43_6', 't'), ('26_3', 't')), (('43_6', 'h'), ('39_0', 'h')), (('43_4', 't'), ('39_0', 't'))])

Chosen seed at iteration 29: 1
Chosen chr at iteration 29


Iteration 30
30	deque([(('43_1', 'h'), ('26_1', 'h')), (('43_2', 't'), ('26_1', 't')), (('43_2', 'h'), ('39_0', 'h')), (('43_4', 't'), ('39_0', 't')), (('43_4', 'h'), ('26_4', 'h')), (('43_6', 't'), ('26_4', 't')), (('43_6', 'h'), ('26_3', 'h')), (('43_1', 't'), ('26_3', 't'))])
30	deque([(('43_5', 't'), ('26_0', 't')), (('43_3', 'h'), ('26_0', 'h')), (('43_3', 't'), ('26_2', 't')), (('43_5', 'h'), ('26_2', 'h'))])
30	deque([(('43_0', 't'), ('39_1', 't')), (('43_0', 'h'), ('39_1', 'h'))])

Chosen seed at iteration 30: 2
Chosen chr at iteration 30


Iteration 31
31	deque([(('43_3', 't'), ('26_2', 't')), (('43_2', 'h'), ('26_2', 'h')), (('43_2', 't'), ('26_0', 't')), (('43_1', 'h'), ('26_0', 'h')), (('43_1', 't'), ('26_4', 't')), (('43_6', 'h'), ('26_4', 'h')), (('43_6', 't'), ('39_3', 't')), (('43_4', 'h'), ('39_3', 'h')), (('43_4', 't'), ('26_1', 't')), (('43_5', 'h'), ('26_1', 'h')), (('43_5', 't'), ('26_3', 't')), (('43_3', 'h'), ('26_3', 'h'))])
31	deque([(('43_0', 'h'), ('39_1', 'h')), (('43_0', 't'), ('39_1', 't'))])

Chosen seed at iteration 31: 2
Chosen chr at iteration 31


Iteration 32
32	deque([(('43_5', 'h'), ('26_4', 'h')), (('43_5', 't'), ('26_3', 't')), (('43_6', 'h'), ('26_3', 'h')), (('43_6', 't'), ('26_1', 't')), (('43_4', 'h'), ('26_1', 'h')), (('43_4', 't'), ('26_2', 't')), (('43_2', 'h'), ('26_2', 'h')), (('43_2', 't'), ('39_1', 't')), (('43_0', 'h'), ('39_1', 'h')), (('43_0', 't'), ('26_0', 't')), (('43_3', 'h'), ('26_0', 'h')), (('43_3', 't'), ('39_0', 't')), (('43_1', 'h'), ('39_0', 'h')), (('43_1', 't'), ('26_4', 't'))])

Chosen seed at iteration 32: 1
Chosen chr at iteration 32


Iteration 33
33	deque([(('43_5', 't'), ('26_2', 't')), (('43_2', 'h'), ('26_2', 'h')), (('43_2', 't'), ('26_4', 't')), (('43_4', 'h'), ('26_4', 'h')), (('43_4', 't'), ('39_0', 't')), (('43_6', 'h'), ('39_0', 'h')), (('43_6', 't'), ('26_3', 't')), (('43_1', 'h'), ('26_3', 'h')), (('43_1', 't'), ('39_1', 't')), (('43_0', 'h'), ('39_1', 'h')), (('43_0', 't'), ('26_0', 't')), (('43_5', 'h'), ('26_0', 'h'))])
33	deque([(('43_3', 't'), ('26_1', 't')), (('43_3', 'h'), ('26_1', 'h'))])

Chosen seed at iteration 33: 1
Chosen chr at iteration 33


Iteration 34
34	deque([(('43_4', 'h'), ('26_2', 'h')), (('43_2', 't'), ('26_2', 't')), (('43_2', 'h'), ('39_0', 'h')), (('43_4', 't'), ('39_0', 't'))])
34	deque([(('43_1', 'h'), ('26_3', 'h')), (('43_1', 't'), ('26_3', 't'))])
34	deque([(('43_6', 't'), ('39_2', 't')), (('43_6', 'h'), ('26_1', 'h')), (('43_3', 't'), ('26_1', 't')), (('43_3', 'h'), ('26_4', 'h')), (('43_5', 't'), ('26_4', 't')), (('43_5', 'h'), ('39_2', 'h'))])
34	deque([(('43_0', 't'), ('26_0', 't')), (('43_0', 'h'), ('26_0', 'h'))])

Chosen seed at iteration 34: 4
Chosen chr at iteration 34


Iteration 35
35	deque([(('43_4', 'h'), ('26_4', 'h')), (('43_0', 't'), ('26_4', 't')), (('43_0', 'h'), ('26_2', 'h')), (('43_5', 't'), ('26_2', 't')), (('43_5', 'h'), ('26_0', 'h')), (('43_2', 't'), ('26_0', 't')), (('43_2', 'h'), ('39_0', 'h')), (('43_4', 't'), ('39_0', 't'))])
35	deque([(('43_1', 't'), ('39_1', 't')), (('43_1', 'h'), ('26_3', 'h')), (('43_6', 't'), ('26_3', 't')), (('43_6', 'h'), ('39_1', 'h'))])
35	deque([(('43_3', 't'), ('26_1', 't')), (('43_3', 'h'), ('26_1', 'h'))])

Chosen seed at iteration 35: 2
Chosen chr at iteration 35


Iteration 36
36	deque([(('43_6', 't'), ('26_3', 't')), (('43_6', 'h'), ('39_0', 'h')), (('43_4', 't'), ('39_0', 't')), (('43_4', 'h'), ('26_4', 'h')), (('43_0', 't'), ('26_4', 't')), (('43_0', 'h'), ('26_2', 'h')), (('43_5', 't'), ('26_2', 't')), (('43_5', 'h'), ('26_0', 'h')), (('43_1', 't'), ('26_0', 't')), (('43_1', 'h'), ('26_3', 'h'))])
36	deque([(('43_3', 't'), ('26_1', 't')), (('43_3', 'h'), ('26_1', 'h'))])
36	deque([(('43_2', 'h'), ('39_2', 'h')), (('43_2', 't'), ('39_2', 't'))])

Chosen seed at iteration 36: 3
Chosen chr at iteration 36


Iteration 37
37	deque([(('43_0', 'h'), ('26_3', 'h')), (('43_0', 't'), ('26_1', 't')), (('43_2', 'h'), ('26_1', 'h')), (('43_2', 't'), ('39_4', 't')), (('43_4', 'h'), ('39_4', 'h')), (('43_4', 't'), ('26_3', 't'))])
37	deque([(('43_1', 't'), ('26_4', 't')), (('43_6', 'h'), ('26_4', 'h')), (('43_6', 't'), ('26_2', 't')), (('43_1', 'h'), ('26_2', 'h'))])
37	deque([(('43_5', 't'), ('26_0', 't')), (('43_5', 'h'), ('26_0', 'h'))])
37	deque([(('43_3', 'h'), ('39_1', 'h')), (('43_3', 't'), ('39_1', 't'))])

Chosen seed at iteration 37: 1
Chosen chr at iteration 37


Iteration 38
38	deque([(('43_1', 'h'), ('26_3', 'h')), (('43_1', 't'), ('26_0', 't')), (('43_5', 'h'), ('26_0', 'h')), (('43_5', 't'), ('26_2', 't')), (('43_2', 'h'), ('26_2', 'h')), (('43_2', 't'), ('39_1', 't')), (('43_0', 'h'), ('39_1', 'h')), (('43_0', 't'), ('26_4', 't')), (('43_4', 'h'), ('26_4', 'h')), (('43_4', 't'), ('39_0', 't')), (('43_6', 'h'), ('39_0', 'h')), (('43_6', 't'), ('26_3', 't'))])
38	deque([(('43_3', 'h'), ('26_1', 'h')), (('43_3', 't'), ('26_1', 't'))])

Chosen seed at iteration 38: 2
Chosen chr at iteration 38


Iteration 39
39	deque([(('43_0', 't'), ('26_1', 't')), (('43_3', 'h'), ('26_1', 'h')), (('43_3', 't'), ('26_0', 't')), (('43_5', 'h'), ('26_0', 'h')), (('43_5', 't'), ('26_2', 't')), (('43_0', 'h'), ('26_2', 'h'))])
39	deque([(('43_1', 't'), ('39_2', 't')), (('43_1', 'h'), ('26_3', 'h')), (('43_6', 't'), ('26_3', 't')), (('43_6', 'h'), ('39_0', 'h')), (('43_4', 't'), ('39_0', 't')), (('43_4', 'h'), ('26_4', 'h')), (('43_2', 't'), ('26_4', 't')), (('43_2', 'h'), ('39_2', 'h'))])

Chosen seed at iteration 39: 2
Chosen chr at iteration 39


Iteration 40
40	deque([(('43_0', 't'), ('26_1', 't')), (('43_3', 'h'), ('26_1', 'h')), (('43_3', 't'), ('26_0', 't')), (('43_5', 'h'), ('26_0', 'h')), (('43_5', 't'), ('26_2', 't')), (('43_0', 'h'), ('26_2', 'h'))])
40	deque([(('43_2', 'h'), ('39_2', 'h')), (('43_2', 't'), ('26_4', 't')), (('43_4', 'h'), ('26_4', 'h')), (('43_4', 't'), ('39_0', 't')), (('43_6', 'h'), ('39_0', 'h')), (('43_6', 't'), ('39_2', 't'))])
40	deque([(('43_1', 'h'), ('26_3', 'h')), (('43_1', 't'), ('26_3', 't'))])

Chosen seed at iteration 40: 2
Chosen chr at iteration 40


Iteration 41
41	deque([(('43_2', 't'), ('26_3', 't')), (('43_2', 'h'), ('26_3', 'h'))])
41	deque([(('43_3', 'h'), ('26_1', 'h')), (('43_0', 't'), ('26_1', 't')), (('43_0', 'h'), ('39_4', 'h')), (('43_1', 't'), ('39_4', 't')), (('43_1', 'h'), ('26_2', 'h')), (('43_4', 't'), ('26_2', 't')), (('43_4', 'h'), ('39_3', 'h')), (('43_6', 't'), ('39_3', 't')), (('43_6', 'h'), ('26_0', 'h')), (('43_3', 't'), ('26_0', 't'))])
41	deque([(('43_5', 'h'), ('26_4', 'h')), (('43_5', 't'), ('26_4', 't'))])

Chosen seed at iteration 41: 3
Chosen chr at iteration 41


Iteration 42
42	deque([(('43_4', 'h'), ('39_3', 'h')), (('43_6', 't'), ('39_3', 't')), (('43_6', 'h'), ('26_0', 'h')), (('43_3', 't'), ('26_0', 't')), (('43_3', 'h'), ('26_1', 'h')), (('43_0', 't'), ('26_1', 't')), (('43_0', 'h'), ('39_4', 'h')), (('43_1', 't'), ('39_4', 't')), (('43_1', 'h'), ('26_2', 'h')), (('43_5', 't'), ('26_2', 't')), (('43_5', 'h'), ('26_4', 'h')), (('43_4', 't'), ('26_4', 't'))])
42	deque([(('43_2', 'h'), ('26_3', 'h')), (('43_2', 't'), ('26_3', 't'))])

Chosen seed at iteration 42: 1
Chosen chr at iteration 42


Iteration 43
43	deque([(('43_1', 't'), ('39_4', 't')), (('43_0', 'h'), ('39_4', 'h')), (('43_0', 't'), ('39_3', 't')), (('43_4', 'h'), ('39_3', 'h')), (('43_4', 't'), ('26_3', 't')), (('43_2', 'h'), ('26_3', 'h')), (('43_2', 't'), ('26_4', 't')), (('43_5', 'h'), ('26_4', 'h')), (('43_5', 't'), ('26_2', 't')), (('43_1', 'h'), ('26_2', 'h'))])
43	deque([(('43_6', 'h'), ('26_0', 'h')), (('43_6', 't'), ('26_1', 't')), (('43_3', 'h'), ('26_1', 'h')), (('43_3', 't'), ('26_0', 't'))])

Chosen seed at iteration 43: 2
Chosen chr at iteration 43


Iteration 44
44	deque([(('43_5', 'h'), ('26_4', 'h')), (('43_5', 't'), ('26_2', 't')), (('43_1', 'h'), ('26_2', 'h')), (('43_1', 't'), ('26_1', 't')), (('43_3', 'h'), ('26_1', 'h')), (('43_3', 't'), ('39_4', 't')), (('43_0', 'h'), ('39_4', 'h')), (('43_0', 't'), ('39_3', 't')), (('43_4', 'h'), ('39_3', 'h')), (('43_4', 't'), ('26_3', 't')), (('43_2', 'h'), ('26_3', 'h')), (('43_2', 't'), ('26_4', 't'))])
44	deque([(('43_6', 't'), ('26_0', 't')), (('43_6', 'h'), ('26_0', 'h'))])

Chosen seed at iteration 44: 2
Chosen chr at iteration 44


Iteration 45
45	deque([(('43_1', 'h'), ('26_2', 'h')), (('43_5', 't'), ('26_2', 't')), (('43_5', 'h'), ('26_4', 'h')), (('43_2', 't'), ('26_4', 't')), (('43_2', 'h'), ('26_3', 'h')), (('43_4', 't'), ('26_3', 't')), (('43_4', 'h'), ('39_3', 'h')), (('43_0', 't'), ('39_3', 't')), (('43_0', 'h'), ('39_4', 'h')), (('43_3', 't'), ('39_4', 't')), (('43_3', 'h'), ('26_1', 'h')), (('43_6', 't'), ('26_1', 't')), (('43_6', 'h'), ('26_0', 'h')), (('43_1', 't'), ('26_0', 't'))])

Chosen seed at iteration 45: 1
Chosen chr at iteration 45


Iteration 46
46	deque([(('43_2', 't'), ('39_3', 't')), (('43_2', 'h'), ('26_3', 'h')), (('43_4', 't'), ('26_3', 't')), (('43_4', 'h'), ('39_3', 'h'))])
46	deque([(('43_0', 't'), ('26_0', 't')), (('43_6', 'h'), ('26_0', 'h')), (('43_6', 't'), ('26_4', 't')), (('43_5', 'h'), ('26_4', 'h')), (('43_5', 't'), ('26_2', 't')), (('43_1', 'h'), ('26_2', 'h')), (('43_1', 't'), ('26_1', 't')), (('43_3', 'h'), ('26_1', 'h')), (('43_3', 't'), ('39_4', 't')), (('43_0', 'h'), ('39_4', 'h'))])

Chosen seed at iteration 46: 2
Chosen chr at iteration 46


Iteration 47
47	deque([(('43_1', 't'), ('39_4', 't')), (('43_3', 'h'), ('39_4', 'h')), (('43_3', 't'), ('39_3', 't')), (('43_5', 'h'), ('39_3', 'h')), (('43_5', 't'), ('26_2', 't')), (('43_0', 'h'), ('26_2', 'h')), (('43_0', 't'), ('26_0', 't')), (('43_6', 'h'), ('26_0', 'h')), (('43_6', 't'), ('26_4', 't')), (('43_1', 'h'), ('26_4', 'h'))])
47	deque([(('43_4', 't'), ('26_3', 't')), (('43_4', 'h'), ('26_1', 'h')), (('43_2', 't'), ('26_1', 't')), (('43_2', 'h'), ('26_3', 'h'))])

Chosen seed at iteration 47: 1
Chosen chr at iteration 47


Iteration 48
48	deque([(('43_0', 't'), ('26_1', 't')), (('43_3', 'h'), ('26_1', 'h')), (('43_3', 't'), ('26_0', 't')), (('43_6', 'h'), ('26_0', 'h')), (('43_6', 't'), ('26_2', 't')), (('43_1', 'h'), ('26_2', 'h')), (('43_1', 't'), ('26_4', 't')), (('43_5', 'h'), ('26_4', 'h')), (('43_5', 't'), ('26_3', 't')), (('43_2', 'h'), ('26_3', 'h')), (('43_2', 't'), ('39_3', 't')), (('43_4', 'h'), ('39_3', 'h')), (('43_4', 't'), ('39_4', 't')), (('43_0', 'h'), ('39_4', 'h'))])

Chosen seed at iteration 48: 1
Chosen chr at iteration 48


Iteration 49
49	deque([(('43_0', 't'), ('26_4', 't')), (('43_0', 'h'), ('26_2', 'h')), (('43_5', 't'), ('26_2', 't')), (('43_5', 'h'), ('26_0', 'h')), (('43_4', 't'), ('26_0', 't')), (('43_4', 'h'), ('26_4', 'h'))])
49	deque([(('43_1', 't'), ('26_3', 't')), (('43_1', 'h'), ('26_3', 'h'))])
49	deque([(('43_3', 'h'), ('26_1', 'h')), (('43_2', 't'), ('26_1', 't')), (('43_2', 'h'), ('39_0', 'h')), (('43_3', 't'), ('39_0', 't'))])
49	deque([(('43_6', 'h'), ('39_2', 'h')), (('43_6', 't'), ('39_2', 't'))])

Chosen seed at iteration 49: 4
Chosen chr at iteration 49


Iteration 50
50	deque([(('43_4', 'h'), ('26_1', 'h')), (('43_4', 't'), ('26_3', 't')), (('43_6', 'h'), ('26_3', 'h')), (('43_6', 't'), ('26_0', 't')), (('43_3', 'h'), ('26_0', 'h')), (('43_3', 't'), ('26_4', 't')), (('43_5', 'h'), ('26_4', 'h')), (('43_5', 't'), ('39_0', 't')), (('43_1', 'h'), ('39_0', 'h')), (('43_1', 't'), ('39_1', 't')), (('43_0', 'h'), ('39_1', 'h')), (('43_0', 't'), ('26_2', 't')), (('43_2', 'h'), ('26_2', 'h')), (('43_2', 't'), ('26_1', 't'))])

Chosen seed at iteration 50: 1
Chosen chr at iteration 50


Iteration 51
51	deque([(('43_3', 't'), ('26_3', 't')), (('43_2', 'h'), ('26_3', 'h')), (('43_2', 't'), ('39_4', 't')), (('43_0', 'h'), ('39_4', 'h')), (('43_0', 't'), ('26_0', 't')), (('43_6', 'h'), ('26_0', 'h')), (('43_6', 't'), ('26_2', 't')), (('43_1', 'h'), ('26_2', 'h')), (('43_1', 't'), ('26_4', 't')), (('43_5', 'h'), ('26_4', 'h')), (('43_5', 't'), ('26_1', 't')), (('43_3', 'h'), ('26_1', 'h'))])
51	deque([(('43_4', 't'), ('39_3', 't')), (('43_4', 'h'), ('39_3', 'h'))])

Chosen seed at iteration 51: 2
Chosen chr at iteration 51


Iteration 52
52	deque([(('43_6', 't'), ('26_1', 't')), (('43_3', 'h'), ('26_1', 'h')), (('43_3', 't'), ('26_3', 't')), (('43_4', 'h'), ('26_3', 'h')), (('43_4', 't'), ('39_3', 't')), (('43_2', 'h'), ('39_3', 'h')), (('43_2', 't'), ('26_2', 't')), (('43_1', 'h'), ('26_2', 'h')), (('43_1', 't'), ('26_4', 't')), (('43_5', 'h'), ('26_4', 'h')), (('43_5', 't'), ('39_4', 't')), (('43_0', 'h'), ('39_4', 'h')), (('43_0', 't'), ('26_0', 't')), (('43_6', 'h'), ('26_0', 'h'))])

Chosen seed at iteration 52: 1
Chosen chr at iteration 52


Iteration 53
53	deque([(('43_0', 't'), ('26_1', 't')), (('43_0', 'h'), ('39_4', 'h')), (('43_3', 't'), ('39_4', 't')), (('43_3', 'h'), ('26_1', 'h'))])
53	deque([(('43_5', 'h'), ('26_4', 'h')), (('43_2', 't'), ('26_4', 't')), (('43_2', 'h'), ('39_3', 'h')), (('43_4', 't'), ('39_3', 't')), (('43_4', 'h'), ('26_3', 'h')), (('43_1', 't'), ('26_3', 't')), (('43_1', 'h'), ('26_2', 'h')), (('43_6', 't'), ('26_2', 't')), (('43_6', 'h'), ('26_0', 'h')), (('43_5', 't'), ('26_0', 't'))])

Chosen seed at iteration 53: 1
Chosen chr at iteration 53


Iteration 54
54	deque([(('43_5', 't'), ('26_0', 't')), (('43_5', 'h'), ('26_4', 'h')), (('43_2', 't'), ('26_4', 't')), (('43_2', 'h'), ('39_3', 'h')), (('43_4', 't'), ('39_3', 't')), (('43_4', 'h'), ('26_3', 'h')), (('43_1', 't'), ('26_3', 't')), (('43_1', 'h'), ('26_2', 'h')), (('43_6', 't'), ('26_2', 't')), (('43_6', 'h'), ('26_0', 'h'))])
54	deque([(('43_0', 'h'), ('26_1', 'h')), (('43_0', 't'), ('26_1', 't'))])
54	deque([(('43_3', 'h'), ('39_4', 'h')), (('43_3', 't'), ('39_4', 't'))])

Chosen seed at iteration 54: 2
Chosen chr at iteration 54


Iteration 55
55	deque([(('43_6', 't'), ('26_2', 't')), (('43_6', 'h'), ('26_0', 'h')), (('43_5', 't'), ('26_0', 't')), (('43_5', 'h'), ('26_4', 'h')), (('43_2', 't'), ('26_4', 't')), (('43_2', 'h'), ('39_3', 'h')), (('43_4', 't'), ('39_3', 't')), (('43_4', 'h'), ('26_3', 'h')), (('43_1', 't'), ('26_3', 't')), (('43_1', 'h'), ('26_2', 'h'))])
55	deque([(('43_0', 'h'), ('26_1', 'h')), (('43_3', 't'), ('26_1', 't')), (('43_3', 'h'), ('39_4', 'h')), (('43_0', 't'), ('39_4', 't'))])

Chosen seed at iteration 55: 1
Chosen chr at iteration 55


Iteration 56
56	deque([(('43_1', 'h'), ('26_2', 'h')), (('43_1', 't'), ('26_3', 't')), (('43_4', 'h'), ('26_3', 'h')), (('43_4', 't'), ('39_3', 't')), (('43_2', 'h'), ('39_3', 'h')), (('43_2', 't'), ('26_4', 't')), (('43_5', 'h'), ('26_4', 'h')), (('43_5', 't'), ('26_1', 't')), (('43_3', 'h'), ('26_1', 'h')), (('43_3', 't'), ('39_4', 't')), (('43_0', 'h'), ('39_4', 'h')), (('43_0', 't'), ('26_0', 't')), (('43_6', 'h'), ('26_0', 'h')), (('43_6', 't'), ('26_2', 't'))])

Chosen seed at iteration 56: 1
Chosen chr at iteration 56


Iteration 57
57	deque([(('43_3', 't'), ('26_4', 't')), (('43_3', 'h'), ('26_1', 'h')), (('43_0', 't'), ('26_1', 't')), (('43_0', 'h'), ('39_4', 'h')), (('43_2', 't'), ('39_4', 't')), (('43_2', 'h'), ('39_3', 'h')), (('43_4', 't'), ('39_3', 't')), (('43_4', 'h'), ('26_3', 'h')), (('43_1', 't'), ('26_3', 't')), (('43_1', 'h'), ('26_2', 'h')), (('43_6', 't'), ('26_2', 't')), (('43_6', 'h'), ('26_0', 'h')), (('43_5', 't'), ('26_0', 't')), (('43_5', 'h'), ('26_4', 'h'))])

Chosen seed at iteration 57: 1
Chosen chr at iteration 57


Iteration 58
58	deque([(('43_5', 't'), ('26_0', 't')), (('43_6', 'h'), ('26_0', 'h')), (('43_6', 't'), ('39_4', 't')), (('43_0', 'h'), ('39_4', 'h')), (('43_0', 't'), ('26_1', 't')), (('43_3', 'h'), ('26_1', 'h')), (('43_3', 't'), ('26_2', 't')), (('43_1', 'h'), ('26_2', 'h')), (('43_1', 't'), ('26_3', 't')), (('43_4', 'h'), ('26_3', 'h')), (('43_4', 't'), ('39_3', 't')), (('43_2', 'h'), ('39_3', 'h')), (('43_2', 't'), ('26_4', 't')), (('43_5', 'h'), ('26_4', 'h'))])

Chosen seed at iteration 58: 1
Chosen chr at iteration 58


Iteration 59
59	deque([(('43_5', 't'), ('26_2', 't')), (('43_5', 'h'), ('26_4', 'h')), (('43_2', 't'), ('26_4', 't')), (('43_2', 'h'), ('39_3', 'h')), (('43_4', 't'), ('39_3', 't')), (('43_4', 'h'), ('26_3', 'h')), (('43_1', 't'), ('26_3', 't')), (('43_1', 'h'), ('26_2', 'h'))])
59	deque([(('43_6', 't'), ('26_1', 't')), (('43_6', 'h'), ('26_0', 'h')), (('43_0', 't'), ('26_0', 't')), (('43_0', 'h'), ('39_4', 'h')), (('43_3', 't'), ('39_4', 't')), (('43_3', 'h'), ('26_1', 'h'))])

Chosen seed at iteration 59: 2
Chosen chr at iteration 59


Iteration 60
60	deque([(('43_5', 't'), ('39_3', 't')), (('43_5', 'h'), ('26_4', 'h')), (('43_6', 't'), ('26_4', 't')), (('43_6', 'h'), ('26_0', 'h')), (('43_0', 't'), ('26_0', 't')), (('43_0', 'h'), ('39_4', 'h')), (('43_3', 't'), ('39_4', 't')), (('43_3', 'h'), ('26_1', 'h')), (('43_1', 't'), ('26_1', 't')), (('43_1', 'h'), ('26_2', 'h')), (('43_2', 't'), ('26_2', 't')), (('43_2', 'h'), ('26_3', 'h')), (('43_4', 't'), ('26_3', 't')), (('43_4', 'h'), ('39_3', 'h'))])

Chosen seed at iteration 60: 1
Chosen chr at iteration 60


Iteration 61
61	deque([(('43_3', 't'), ('39_4', 't')), (('43_0', 'h'), ('39_4', 'h')), (('43_0', 't'), ('26_3', 't')), (('43_4', 'h'), ('26_3', 'h')), (('43_4', 't'), ('39_3', 't')), (('43_2', 'h'), ('39_3', 'h')), (('43_2', 't'), ('26_4', 't')), (('43_5', 'h'), ('26_4', 'h')), (('43_5', 't'), ('26_0', 't')), (('43_6', 'h'), ('26_0', 'h')), (('43_6', 't'), ('26_2', 't')), (('43_1', 'h'), ('26_2', 'h')), (('43_1', 't'), ('26_1', 't')), (('43_3', 'h'), ('26_1', 'h'))])

Chosen seed at iteration 61: 1
Chosen chr at iteration 61


Iteration 62
62	deque([(('43_2', 't'), ('26_4', 't')), (('43_5', 'h'), ('26_4', 'h')), (('43_5', 't'), ('26_0', 't')), (('43_6', 'h'), ('26_0', 'h')), (('43_6', 't'), ('26_2', 't')), (('43_3', 'h'), ('26_2', 'h')), (('43_3', 't'), ('39_4', 't')), (('43_0', 'h'), ('39_4', 'h')), (('43_0', 't'), ('26_1', 't')), (('43_1', 'h'), ('26_1', 'h')), (('43_1', 't'), ('26_3', 't')), (('43_4', 'h'), ('26_3', 'h')), (('43_4', 't'), ('39_3', 't')), (('43_2', 'h'), ('39_3', 'h'))])

Chosen seed at iteration 62: 1
Chosen chr at iteration 62


Iteration 63
63	deque([(('43_0', 'h'), ('39_4', 'h')), (('43_3', 't'), ('39_4', 't')), (('43_3', 'h'), ('26_3', 'h')), (('43_1', 't'), ('26_3', 't')), (('43_1', 'h'), ('26_2', 'h')), (('43_6', 't'), ('26_2', 't')), (('43_6', 'h'), ('26_0', 'h')), (('43_5', 't'), ('26_0', 't')), (('43_5', 'h'), ('26_4', 'h')), (('43_2', 't'), ('26_4', 't')), (('43_2', 'h'), ('39_3', 'h')), (('43_4', 't'), ('39_3', 't')), (('43_4', 'h'), ('26_1', 'h')), (('43_0', 't'), ('26_1', 't'))])

Chosen seed at iteration 63: 1
Chosen chr at iteration 63


Iteration 64
64	deque([(('43_2', 't'), ('26_4', 't')), (('43_5', 'h'), ('26_4', 'h')), (('43_5', 't'), ('26_0', 't')), (('43_6', 'h'), ('26_0', 'h')), (('43_6', 't'), ('26_2', 't')), (('43_1', 'h'), ('26_2', 'h')), (('43_1', 't'), ('26_3', 't')), (('43_4', 'h'), ('26_3', 'h')), (('43_4', 't'), ('39_4', 't')), (('43_0', 'h'), ('39_4', 'h')), (('43_0', 't'), ('26_1', 't')), (('43_3', 'h'), ('26_1', 'h')), (('43_3', 't'), ('39_3', 't')), (('43_2', 'h'), ('39_3', 'h'))])

Chosen seed at iteration 64: 1
Chosen chr at iteration 64


Iteration 65
65	deque([(('43_1', 'h'), ('26_2', 'h')), (('43_6', 't'), ('26_2', 't')), (('43_6', 'h'), ('26_0', 'h')), (('43_5', 't'), ('26_0', 't')), (('43_5', 'h'), ('26_4', 'h')), (('43_2', 't'), ('26_4', 't')), (('43_2', 'h'), ('26_1', 'h')), (('43_0', 't'), ('26_1', 't')), (('43_0', 'h'), ('39_4', 'h')), (('43_3', 't'), ('39_4', 't')), (('43_3', 'h'), ('39_3', 'h')), (('43_4', 't'), ('39_3', 't')), (('43_4', 'h'), ('26_3', 'h')), (('43_1', 't'), ('26_3', 't'))])

Chosen seed at iteration 65: 1
Chosen chr at iteration 65


Iteration 66
66	deque([(('43_4', 'h'), ('26_3', 'h')), (('43_4', 't'), ('39_3', 't')), (('43_2', 'h'), ('39_3', 'h')), (('43_2', 't'), ('26_4', 't')), (('43_5', 'h'), ('26_4', 'h')), (('43_5', 't'), ('26_0', 't')), (('43_0', 'h'), ('26_0', 'h')), (('43_0', 't'), ('26_3', 't'))])
66	deque([(('43_6', 'h'), ('39_4', 'h')), (('43_6', 't'), ('26_2', 't')), (('43_1', 'h'), ('26_2', 'h')), (('43_1', 't'), ('26_1', 't')), (('43_3', 'h'), ('26_1', 'h')), (('43_3', 't'), ('39_4', 't'))])

Chosen seed at iteration 66: 2
Chosen chr at iteration 66


Iteration 67
67	deque([(('43_0', 'h'), ('26_4', 'h')), (('43_0', 't'), ('26_1', 't')), (('43_3', 'h'), ('26_1', 'h')), (('43_3', 't'), ('39_4', 't')), (('43_5', 'h'), ('39_4', 'h')), (('43_5', 't'), ('26_0', 't')), (('43_6', 'h'), ('26_0', 'h')), (('43_6', 't'), ('26_2', 't')), (('43_1', 'h'), ('26_2', 'h')), (('43_1', 't'), ('26_3', 't')), (('43_4', 'h'), ('26_3', 'h')), (('43_4', 't'), ('39_3', 't')), (('43_2', 'h'), ('39_3', 'h')), (('43_2', 't'), ('26_4', 't'))])

Chosen seed at iteration 67: 1
Chosen chr at iteration 67


Iteration 68
68	deque([(('43_0', 'h'), ('39_3', 'h')), (('43_4', 't'), ('39_3', 't')), (('43_4', 'h'), ('26_3', 'h')), (('43_1', 't'), ('26_3', 't')), (('43_1', 'h'), ('26_2', 'h')), (('43_6', 't'), ('26_2', 't')), (('43_6', 'h'), ('26_0', 'h')), (('43_5', 't'), ('26_0', 't')), (('43_5', 'h'), ('26_4', 'h')), (('43_2', 't'), ('26_4', 't')), (('43_2', 'h'), ('39_4', 'h')), (('43_3', 't'), ('39_4', 't')), (('43_3', 'h'), ('26_1', 'h')), (('43_0', 't'), ('26_1', 't'))])

Chosen seed at iteration 68: 1
Chosen chr at iteration 68


Iteration 69
69	deque([(('43_5', 't'), ('26_0', 't')), (('43_6', 'h'), ('26_0', 'h')), (('43_6', 't'), ('26_2', 't')), (('43_1', 'h'), ('26_2', 'h')), (('43_1', 't'), ('26_1', 't')), (('43_3', 'h'), ('26_1', 'h')), (('43_3', 't'), ('39_4', 't')), (('43_2', 'h'), ('39_4', 'h')), (('43_2', 't'), ('26_4', 't')), (('43_5', 'h'), ('26_4', 'h'))])
69	deque([(('43_0', 'h'), ('39_3', 'h')), (('43_4', 't'), ('39_3', 't')), (('43_4', 'h'), ('26_3', 'h')), (('43_0', 't'), ('26_3', 't'))])

Chosen seed at iteration 69: 1
Chosen chr at iteration 69


Iteration 70
70	deque([(('43_4', 't'), ('39_3', 't')), (('43_4', 'h'), ('26_2', 'h')), (('43_6', 't'), ('26_2', 't')), (('43_6', 'h'), ('26_0', 'h')), (('43_5', 't'), ('26_0', 't')), (('43_5', 'h'), ('26_4', 'h')), (('43_2', 't'), ('26_4', 't')), (('43_2', 'h'), ('39_3', 'h'))])
70	deque([(('43_3', 't'), ('39_4', 't')), (('43_3', 'h'), ('26_3', 'h')), (('43_1', 't'), ('26_3', 't')), (('43_1', 'h'), ('26_1', 'h')), (('43_0', 't'), ('26_1', 't')), (('43_0', 'h'), ('39_4', 'h'))])

Chosen seed at iteration 70: 1
Chosen chr at iteration 70


Iteration 71
71	deque([(('43_2', 'h'), ('26_3', 'h')), (('43_2', 't'), ('26_4', 't')), (('43_5', 'h'), ('26_4', 'h')), (('43_5', 't'), ('26_0', 't')), (('43_6', 'h'), ('26_0', 'h')), (('43_6', 't'), ('26_2', 't')), (('43_1', 'h'), ('26_2', 'h')), (('43_1', 't'), ('26_3', 't'))])
71	deque([(('43_0', 'h'), ('39_4', 'h')), (('43_0', 't'), ('26_1', 't')), (('43_4', 'h'), ('26_1', 'h')), (('43_4', 't'), ('39_3', 't')), (('43_3', 'h'), ('39_3', 'h')), (('43_3', 't'), ('39_4', 't'))])

Chosen seed at iteration 71: 2
Chosen chr at iteration 71


Iteration 72
72	deque([(('43_6', 't'), ('39_4', 't')), (('43_2', 'h'), ('39_4', 'h')), (('43_2', 't'), ('26_4', 't')), (('43_5', 'h'), ('26_4', 'h')), (('43_5', 't'), ('26_0', 't')), (('43_6', 'h'), ('26_0', 'h'))])
72	deque([(('43_1', 'h'), ('26_2', 'h')), (('43_1', 't'), ('26_3', 't')), (('43_4', 'h'), ('26_3', 'h')), (('43_4', 't'), ('39_3', 't')), (('43_0', 'h'), ('39_3', 'h')), (('43_0', 't'), ('26_1', 't')), (('43_3', 'h'), ('26_1', 'h')), (('43_3', 't'), ('26_2', 't'))])

Chosen seed at iteration 72: 1
Chosen chr at iteration 72


Iteration 73
73	deque([(('43_2', 'h'), ('39_3', 'h')), (('43_2', 't'), ('26_4', 't')), (('43_5', 'h'), ('26_4', 'h')), (('43_5', 't'), ('26_0', 't')), (('43_6', 'h'), ('26_0', 'h')), (('43_6', 't'), ('26_2', 't')), (('43_1', 'h'), ('26_2', 'h')), (('43_1', 't'), ('39_4', 't')), (('43_0', 'h'), ('39_4', 'h')), (('43_0', 't'), ('26_1', 't')), (('43_3', 'h'), ('26_1', 'h')), (('43_3', 't'), ('26_3', 't')), (('43_4', 'h'), ('26_3', 'h')), (('43_4', 't'), ('39_3', 't'))])

Chosen seed at iteration 73: 1
Chosen chr at iteration 73


Iteration 74
74	deque([(('43_3', 't'), ('39_4', 't')), (('43_3', 'h'), ('26_1', 'h')), (('43_0', 't'), ('26_1', 't')), (('43_0', 'h'), ('26_3', 'h')), (('43_1', 't'), ('26_3', 't')), (('43_1', 'h'), ('26_2', 'h')), (('43_6', 't'), ('26_2', 't')), (('43_6', 'h'), ('26_0', 'h')), (('43_5', 't'), ('26_0', 't')), (('43_5', 'h'), ('26_4', 'h')), (('43_2', 't'), ('26_4', 't')), (('43_2', 'h'), ('39_3', 'h')), (('43_4', 't'), ('39_3', 't')), (('43_4', 'h'), ('39_4', 'h'))])

Chosen seed at iteration 74: 1
Chosen chr at iteration 74


Iteration 75
75	deque([(('43_6', 'h'), ('26_1', 'h')), (('43_0', 't'), ('26_1', 't')), (('43_0', 'h'), ('39_4', 'h')), (('43_3', 't'), ('39_4', 't')), (('43_3', 'h'), ('26_0', 'h')), (('43_5', 't'), ('26_0', 't')), (('43_5', 'h'), ('26_4', 'h')), (('43_2', 't'), ('26_4', 't')), (('43_2', 'h'), ('39_3', 'h')), (('43_4', 't'), ('39_3', 't')), (('43_4', 'h'), ('26_3', 'h')), (('43_1', 't'), ('26_3', 't')), (('43_1', 'h'), ('26_2', 'h')), (('43_6', 't'), ('26_2', 't'))])

Chosen seed at iteration 75: 1
Chosen chr at iteration 75


Iteration 76
76	deque([(('43_1', 't'), ('26_3', 't')), (('43_4', 'h'), ('26_3', 'h')), (('43_4', 't'), ('39_3', 't')), (('43_3', 'h'), ('39_3', 'h')), (('43_3', 't'), ('39_4', 't')), (('43_0', 'h'), ('39_4', 'h')), (('43_0', 't'), ('26_1', 't')), (('43_6', 'h'), ('26_1', 'h')), (('43_6', 't'), ('26_2', 't')), (('43_1', 'h'), ('26_2', 'h'))])
76	deque([(('43_2', 't'), ('26_4', 't')), (('43_2', 'h'), ('26_0', 'h')), (('43_5', 't'), ('26_0', 't')), (('43_5', 'h'), ('26_4', 'h'))])

Chosen seed at iteration 76: 2
Chosen chr at iteration 76


Iteration 77
77	deque([(('43_5', 'h'), ('26_4', 'h')), (('43_5', 't'), ('26_0', 't')), (('43_6', 'h'), ('26_0', 'h')), (('43_6', 't'), ('26_2', 't')), (('43_0', 'h'), ('26_2', 'h')), (('43_0', 't'), ('26_1', 't')), (('43_3', 'h'), ('26_1', 'h')), (('43_3', 't'), ('39_4', 't')), (('43_1', 'h'), ('39_4', 'h')), (('43_1', 't'), ('26_3', 't')), (('43_4', 'h'), ('26_3', 'h')), (('43_4', 't'), ('39_3', 't')), (('43_2', 'h'), ('39_3', 'h')), (('43_2', 't'), ('26_4', 't'))])

Chosen seed at iteration 77: 1
Chosen chr at iteration 77


Iteration 78
78	deque([(('43_0', 'h'), ('26_0', 'h')), (('43_5', 't'), ('26_0', 't')), (('43_5', 'h'), ('26_4', 'h')), (('43_2', 't'), ('26_4', 't')), (('43_2', 'h'), ('39_3', 'h')), (('43_4', 't'), ('39_3', 't')), (('43_4', 'h'), ('26_3', 'h')), (('43_1', 't'), ('26_3', 't')), (('43_1', 'h'), ('26_2', 'h')), (('43_6', 't'), ('26_2', 't')), (('43_6', 'h'), ('39_4', 'h')), (('43_3', 't'), ('39_4', 't')), (('43_3', 'h'), ('26_1', 'h')), (('43_0', 't'), ('26_1', 't'))])

Chosen seed at iteration 78: 1
Chosen chr at iteration 78


Iteration 79
79	deque([(('43_0', 't'), ('26_1', 't')), (('43_0', 'h'), ('39_4', 'h')), (('43_3', 't'), ('39_4', 't')), (('43_3', 'h'), ('39_3', 'h')), (('43_4', 't'), ('39_3', 't')), (('43_4', 'h'), ('26_4', 'h')), (('43_2', 't'), ('26_4', 't')), (('43_2', 'h'), ('26_1', 'h'))])
79	deque([(('43_5', 'h'), ('26_3', 'h')), (('43_5', 't'), ('26_0', 't')), (('43_6', 'h'), ('26_0', 'h')), (('43_6', 't'), ('26_2', 't')), (('43_1', 'h'), ('26_2', 'h')), (('43_1', 't'), ('26_3', 't'))])

Chosen seed at iteration 79: 2
Chosen chr at iteration 79


Iteration 80
80	deque([(('43_3', 't'), ('39_4', 't')), (('43_3', 'h'), ('26_0', 'h')), (('43_5', 't'), ('26_0', 't')), (('43_5', 'h'), ('26_4', 'h')), (('43_2', 't'), ('26_4', 't')), (('43_2', 'h'), ('26_1', 'h')), (('43_0', 't'), ('26_1', 't')), (('43_0', 'h'), ('39_4', 'h'))])
80	deque([(('43_4', 't'), ('39_3', 't')), (('43_6', 'h'), ('39_3', 'h')), (('43_6', 't'), ('26_2', 't')), (('43_1', 'h'), ('26_2', 'h')), (('43_1', 't'), ('26_3', 't')), (('43_4', 'h'), ('26_3', 'h'))])

Chosen seed at iteration 80: 1
Chosen chr at iteration 80


Iteration 81
81	deque([(('43_5', 'h'), ('26_4', 'h')), (('43_2', 't'), ('26_4', 't')), (('43_2', 'h'), ('39_3', 'h')), (('43_4', 't'), ('39_3', 't')), (('43_4', 'h'), ('26_3', 'h')), (('43_0', 't'), ('26_3', 't')), (('43_0', 'h'), ('39_4', 'h')), (('43_3', 't'), ('39_4', 't')), (('43_3', 'h'), ('26_1', 'h')), (('43_5', 't'), ('26_1', 't'))])
81	deque([(('43_6', 'h'), ('26_0', 'h')), (('43_1', 't'), ('26_0', 't')), (('43_1', 'h'), ('26_2', 'h')), (('43_6', 't'), ('26_2', 't'))])

Chosen seed at iteration 81: 1
Chosen chr at iteration 81


Iteration 82
82	deque([(('43_0', 'h'), ('39_4', 'h')), (('43_0', 't'), ('26_1', 't')), (('43_3', 'h'), ('26_1', 'h')), (('43_3', 't'), ('26_0', 't')), (('43_6', 'h'), ('26_0', 'h')), (('43_6', 't'), ('26_2', 't')), (('43_1', 'h'), ('26_2', 'h')), (('43_1', 't'), ('39_4', 't'))])
82	deque([(('43_2', 't'), ('26_4', 't')), (('43_2', 'h'), ('39_3', 'h')), (('43_4', 't'), ('39_3', 't')), (('43_4', 'h'), ('26_3', 'h')), (('43_5', 't'), ('26_3', 't')), (('43_5', 'h'), ('26_4', 'h'))])

Chosen seed at iteration 82: 1
Chosen chr at iteration 82


Iteration 83
83	deque([(('43_2', 't'), ('26_4', 't')), (('43_2', 'h'), ('39_3', 'h')), (('43_4', 't'), ('39_3', 't')), (('43_4', 'h'), ('26_3', 'h')), (('43_1', 't'), ('26_3', 't')), (('43_1', 'h'), ('26_2', 'h')), (('43_3', 't'), ('26_2', 't')), (('43_3', 'h'), ('26_1', 'h')), (('43_0', 't'), ('26_1', 't')), (('43_0', 'h'), ('26_0', 'h')), (('43_5', 't'), ('26_0', 't')), (('43_5', 'h'), ('26_4', 'h'))])
83	deque([(('43_6', 't'), ('39_4', 't')), (('43_6', 'h'), ('39_4', 'h'))])

Chosen seed at iteration 83: 1
Chosen chr at iteration 83


Iteration 84
84	deque([(('43_6', 't'), ('26_2', 't')), (('43_3', 'h'), ('26_2', 'h')), (('43_3', 't'), ('39_4', 't')), (('43_0', 'h'), ('39_4', 'h')), (('43_0', 't'), ('26_0', 't')), (('43_6', 'h'), ('26_0', 'h'))])
84	deque([(('43_4', 't'), ('39_3', 't')), (('43_4', 'h'), ('26_3', 'h')), (('43_1', 't'), ('26_3', 't')), (('43_1', 'h'), ('26_1', 'h')), (('43_5', 't'), ('26_1', 't')), (('43_5', 'h'), ('26_4', 'h')), (('43_2', 't'), ('26_4', 't')), (('43_2', 'h'), ('39_3', 'h'))])

Chosen seed at iteration 84: 2
Chosen chr at iteration 84


Iteration 85
85	deque([(('43_4', 'h'), ('26_3', 'h')), (('43_4', 't'), ('39_3', 't')), (('43_2', 'h'), ('39_3', 'h')), (('43_2', 't'), ('26_2', 't')), (('43_1', 'h'), ('26_2', 'h')), (('43_1', 't'), ('26_1', 't')), (('43_3', 'h'), ('26_1', 'h')), (('43_3', 't'), ('39_4', 't')), (('43_0', 'h'), ('39_4', 'h')), (('43_0', 't'), ('26_3', 't'))])
85	deque([(('43_5', 'h'), ('26_4', 'h')), (('43_5', 't'), ('26_0', 't')), (('43_6', 'h'), ('26_0', 'h')), (('43_6', 't'), ('26_4', 't'))])

Chosen seed at iteration 85: 1
Chosen chr at iteration 85


Iteration 86
86	deque([(('43_4', 't'), ('26_1', 't')), (('43_4', 'h'), ('26_3', 'h')), (('43_1', 't'), ('26_3', 't')), (('43_1', 'h'), ('26_2', 'h')), (('43_6', 't'), ('26_2', 't')), (('43_6', 'h'), ('26_0', 'h')), (('43_5', 't'), ('26_0', 't')), (('43_5', 'h'), ('26_4', 'h')), (('43_2', 't'), ('26_4', 't')), (('43_2', 'h'), ('39_3', 'h')), (('43_0', 't'), ('39_3', 't')), (('43_0', 'h'), ('39_4', 'h')), (('43_3', 't'), ('39_4', 't')), (('43_3', 'h'), ('26_1', 'h'))])

Chosen seed at iteration 86: 1
Chosen chr at iteration 86


Iteration 87
87	deque([(('43_5', 'h'), ('26_4', 'h')), (('43_2', 't'), ('26_4', 't')), (('43_2', 'h'), ('39_4', 'h')), (('43_3', 't'), ('39_4', 't')), (('43_3', 'h'), ('26_1', 'h')), (('43_0', 't'), ('26_1', 't')), (('43_0', 'h'), ('26_0', 'h')), (('43_5', 't'), ('26_0', 't'))])
87	deque([(('43_4', 'h'), ('26_3', 'h')), (('43_4', 't'), ('39_3', 't')), (('43_6', 'h'), ('39_3', 'h')), (('43_6', 't'), ('26_2', 't')), (('43_1', 'h'), ('26_2', 'h')), (('43_1', 't'), ('26_3', 't'))])

Chosen seed at iteration 87: 2
Chosen chr at iteration 87


Iteration 88
88	deque([(('43_4', 'h'), ('26_0', 'h')), (('43_5', 't'), ('26_0', 't')), (('43_5', 'h'), ('26_4', 'h')), (('43_3', 't'), ('26_4', 't')), (('43_3', 'h'), ('26_1', 'h')), (('43_0', 't'), ('26_1', 't')), (('43_0', 'h'), ('39_4', 'h')), (('43_2', 't'), ('39_4', 't')), (('43_2', 'h'), ('39_3', 'h')), (('43_4', 't'), ('39_3', 't'))])
88	deque([(('43_1', 'h'), ('26_2', 'h')), (('43_1', 't'), ('26_3', 't')), (('43_6', 'h'), ('26_3', 'h')), (('43_6', 't'), ('26_2', 't'))])

Chosen seed at iteration 88: 2
Chosen chr at iteration 88


Iteration 89
89	deque([(('43_1', 't'), ('26_3', 't')), (('43_0', 'h'), ('26_3', 'h')), (('43_0', 't'), ('26_1', 't')), (('43_3', 'h'), ('26_1', 'h')), (('43_3', 't'), ('39_3', 't')), (('43_2', 'h'), ('39_3', 'h')), (('43_2', 't'), ('26_4', 't')), (('43_5', 'h'), ('26_4', 'h')), (('43_5', 't'), ('26_0', 't')), (('43_6', 'h'), ('26_0', 'h')), (('43_6', 't'), ('26_2', 't')), (('43_1', 'h'), ('26_2', 'h'))])
89	deque([(('43_4', 'h'), ('39_4', 'h')), (('43_4', 't'), ('39_4', 't'))])

Chosen seed at iteration 89: 2
Chosen chr at iteration 89


Iteration 90
90	deque([(('43_6', 't'), ('26_2', 't')), (('43_6', 'h'), ('39_4', 'h')), (('43_3', 't'), ('39_4', 't')), (('43_3', 'h'), ('26_1', 'h')), (('43_0', 't'), ('26_1', 't')), (('43_0', 'h'), ('26_0', 'h')), (('43_5', 't'), ('26_0', 't')), (('43_5', 'h'), ('26_2', 'h'))])
90	deque([(('43_2', 't'), ('26_4', 't')), (('43_1', 'h'), ('26_4', 'h')), (('43_1', 't'), ('26_3', 't')), (('43_4', 'h'), ('26_3', 'h')), (('43_4', 't'), ('39_3', 't')), (('43_2', 'h'), ('39_3', 'h'))])

Chosen seed at iteration 90: 1
Chosen chr at iteration 90


Iteration 91
91	deque([(('43_3', 't'), ('39_4', 't')), (('43_0', 'h'), ('39_4', 'h')), (('43_0', 't'), ('26_4', 't')), (('43_5', 'h'), ('26_4', 'h')), (('43_5', 't'), ('26_0', 't')), (('43_6', 'h'), ('26_0', 'h')), (('43_6', 't'), ('26_2', 't')), (('43_1', 'h'), ('26_2', 'h')), (('43_1', 't'), ('26_3', 't')), (('43_4', 'h'), ('26_3', 'h')), (('43_4', 't'), ('39_3', 't')), (('43_2', 'h'), ('39_3', 'h')), (('43_2', 't'), ('26_1', 't')), (('43_3', 'h'), ('26_1', 'h'))])

Chosen seed at iteration 91: 1
Chosen chr at iteration 91


Iteration 92
92	deque([(('43_2', 'h'), ('39_3', 'h')), (('43_2', 't'), ('26_4', 't')), (('43_5', 'h'), ('26_4', 'h')), (('43_5', 't'), ('39_4', 't')), (('43_0', 'h'), ('39_4', 'h')), (('43_0', 't'), ('26_1', 't')), (('43_3', 'h'), ('26_1', 'h')), (('43_3', 't'), ('26_0', 't')), (('43_6', 'h'), ('26_0', 'h')), (('43_6', 't'), ('26_2', 't')), (('43_1', 'h'), ('26_2', 'h')), (('43_1', 't'), ('26_3', 't')), (('43_4', 'h'), ('26_3', 'h')), (('43_4', 't'), ('39_3', 't'))])

Chosen seed at iteration 92: 1
Chosen chr at iteration 92


Iteration 93
93	deque([(('43_6', 'h'), ('26_0', 'h')), (('43_5', 't'), ('26_0', 't')), (('43_5', 'h'), ('26_4', 'h')), (('43_0', 't'), ('26_4', 't')), (('43_0', 'h'), ('26_1', 'h')), (('43_1', 't'), ('26_1', 't')), (('43_1', 'h'), ('26_2', 'h')), (('43_2', 't'), ('26_2', 't')), (('43_2', 'h'), ('39_3', 'h')), (('43_4', 't'), ('39_3', 't')), (('43_4', 'h'), ('26_3', 'h')), (('43_6', 't'), ('26_3', 't'))])
93	deque([(('43_3', 't'), ('39_4', 't')), (('43_3', 'h'), ('39_4', 'h'))])

Chosen seed at iteration 93: 1
Chosen chr at iteration 93


Iteration 94
94	deque([(('43_3', 'h'), ('39_4', 'h')), (('43_3', 't'), ('39_4', 't'))])
94	deque([(('43_2', 't'), ('26_4', 't')), (('43_5', 'h'), ('26_4', 'h')), (('43_5', 't'), ('26_0', 't')), (('43_6', 'h'), ('26_0', 'h')), (('43_6', 't'), ('26_2', 't')), (('43_0', 'h'), ('26_2', 'h')), (('43_0', 't'), ('26_1', 't')), (('43_1', 'h'), ('26_1', 'h')), (('43_1', 't'), ('26_3', 't')), (('43_4', 'h'), ('26_3', 'h')), (('43_4', 't'), ('39_3', 't')), (('43_2', 'h'), ('39_3', 'h'))])

Chosen seed at iteration 94: 2
Chosen chr at iteration 94


Iteration 95
95	deque([(('43_5', 't'), ('26_0', 't')), (('43_5', 'h'), ('26_4', 'h')), (('43_2', 't'), ('26_4', 't')), (('43_2', 'h'), ('39_3', 'h')), (('43_4', 't'), ('39_3', 't')), (('43_4', 'h'), ('26_3', 'h')), (('43_1', 't'), ('26_3', 't')), (('43_1', 'h'), ('26_0', 'h'))])
95	deque([(('43_6', 'h'), ('26_1', 'h')), (('43_0', 't'), ('26_1', 't')), (('43_0', 'h'), ('39_4', 'h')), (('43_3', 't'), ('39_4', 't')), (('43_3', 'h'), ('26_2', 'h')), (('43_6', 't'), ('26_2', 't'))])

Chosen seed at iteration 95: 2
Chosen chr at iteration 95


Iteration 96
96	deque([(('43_6', 't'), ('26_2', 't')), (('43_6', 'h'), ('39_4', 'h')), (('43_3', 't'), ('39_4', 't')), (('43_3', 'h'), ('26_1', 'h')), (('43_0', 't'), ('26_1', 't')), (('43_0', 'h'), ('26_0', 'h')), (('43_5', 't'), ('26_0', 't')), (('43_5', 'h'), ('26_3', 'h')), (('43_1', 't'), ('26_3', 't')), (('43_1', 'h'), ('26_4', 'h')), (('43_2', 't'), ('26_4', 't')), (('43_2', 'h'), ('39_3', 'h')), (('43_4', 't'), ('39_3', 't')), (('43_4', 'h'), ('26_2', 'h'))])

Chosen seed at iteration 96: 1
Chosen chr at iteration 96


Iteration 97
97	deque([(('43_1', 'h'), ('26_2', 'h')), (('43_1', 't'), ('26_3', 't')), (('43_4', 'h'), ('26_3', 'h')), (('43_4', 't'), ('39_3', 't')), (('43_2', 'h'), ('39_3', 'h')), (('43_2', 't'), ('26_4', 't')), (('43_0', 'h'), ('26_4', 'h')), (('43_0', 't'), ('26_1', 't')), (('43_6', 'h'), ('26_1', 'h')), (('43_6', 't'), ('26_2', 't'))])
97	deque([(('43_3', 't'), ('39_4', 't')), (('43_5', 'h'), ('39_4', 'h')), (('43_5', 't'), ('26_0', 't')), (('43_3', 'h'), ('26_0', 'h'))])

Chosen seed at iteration 97: 2
Chosen chr at iteration 97


Iteration 98
98	deque([(('43_5', 't'), ('26_0', 't')), (('43_4', 'h'), ('26_0', 'h')), (('43_4', 't'), ('39_3', 't')), (('43_0', 'h'), ('39_3', 'h')), (('43_0', 't'), ('26_1', 't')), (('43_3', 'h'), ('26_1', 'h')), (('43_3', 't'), ('39_4', 't')), (('43_5', 'h'), ('39_4', 'h'))])
98	deque([(('43_1', 'h'), ('26_4', 'h')), (('43_2', 't'), ('26_4', 't')), (('43_2', 'h'), ('26_2', 'h')), (('43_6', 't'), ('26_2', 't')), (('43_6', 'h'), ('26_3', 'h')), (('43_1', 't'), ('26_3', 't'))])

Chosen seed at iteration 98: 2
Chosen chr at iteration 98


Iteration 99
99	deque([(('43_5', 't'), ('26_0', 't')), (('43_5', 'h'), ('26_0', 'h'))])
99	deque([(('43_3', 'h'), ('26_1', 'h')), (('43_0', 't'), ('26_1', 't')), (('43_0', 'h'), ('39_4', 'h')), (('43_6', 't'), ('39_4', 't')), (('43_6', 'h'), ('26_4', 'h')), (('43_2', 't'), ('26_4', 't')), (('43_2', 'h'), ('39_3', 'h')), (('43_4', 't'), ('39_3', 't')), (('43_4', 'h'), ('26_3', 'h')), (('43_1', 't'), ('26_3', 't')), (('43_1', 'h'), ('26_2', 'h')), (('43_3', 't'), ('26_2', 't'))])

Chosen seed at iteration 99: 2
Chosen chr at iteration 99


Iteration 1
Iteration 1
Iteration 1
Iteration 1
Iteration 1
Iteration 1
Iteration 1
Iteration 1
Iteration 1
