Iteration 1
1	deque([(('74_2', 'h'), ('74_2', 't'))])

Chosen seed at iteration 1: 1
Chosen chr at iteration 1


Iteration 2
2	deque([(('235_1', 'h'), ('102_2', 'h')), (('235_1', 't'), ('102_2', 't'))])
2	deque([(('74_1', 'h'), ('74_1', 't'))])

Chosen seed at iteration 2: 1
Chosen chr at iteration 2



Chosen seed at iteration 3: 2
Chosen chr at iteration 3


Iteration 4
4	deque([(('118_1', 'h'), ('81_1', 'h')), (('188_3', 'h'), ('118_1', 't')), (('188_3', 't'), ('134_0', 't')), (('134_0', 'h'), ('65_1', 't')), (('205_5', 'h'), ('65_1', 'h')), (('205_5', 't'), ('128_3', 't')), (('128_3', 'h'), ('205_6', 't')), (('205_6', 'h'), ('127_3', 'h')), (('127_3', 't'), ('123_0', 't')), (('179_7', 'h'), ('123_0', 'h')), (('179_7', 't'), ('131_0', 't')), (('131_0', 'h'), ('213_3', 't')), (('213_3', 'h'), ('118_2', 'h')), (('152_1', 'h'), ('118_2', 't')), (('134_2', 'h'), ('152_1', 't')), (('134_2', 't'), ('93_0', 't')), (('93_0', 'h'), ('271_0', 't')), (('271_0', 'h'), ('151_3', 'h')), (('242_2', 't'), ('151_3', 't')), (('242_2', 'h'), ('154_4', 'h')), (('187_8', 't'), ('154_4', 't')), (('257_3', 'h'), ('187_8', 'h')), (('257_3', 't'), ('126_1', 't')), (('126_1', 'h'), ('164_0', 't')), (('164_0', 'h'), ('191_0', 't')), (('203_1', 'h'), ('191_0', 'h')), (('58_0', 'h'), ('203_1', 't')), (('221_0', 'h'), ('58_0', 't')), (('221_0', 't'), ('162_13', 't')), (('162_13', 'h'), ('246_3', 't')), (('246_3', 'h'), ('202_2', 'h')), (('252_2', 't'), ('202_2', 't')), (('252_2', 'h'), ('194_16', 't')), (('268_1', 'h'), ('194_16', 'h')), (('268_1', 't'), ('198_19', 't')), (('231_3', 'h'), ('198_19', 'h')), (('94_2', 'h'), ('231_3', 't')), (('94_2', 't'), ('87_0', 't')), (('87_0', 'h'), ('234_0', 't')), (('234_0', 'h'), ('198_8', 'h')), (('267_4', 'h'), ('198_8', 't')), (('194_12', 'h'), ('267_4', 't')), (('248_4', 'h'), ('194_12', 't')), (('204_9', 'h'), ('248_4', 't')), (('245_0', 'h'), ('204_9', 't')), (('162_0', 'h'), ('245_0', 't')), (('222_14', 'h'), ('162_0', 't')), (('90_1', 'h'), ('222_14', 't')), (('134_5', 't'), ('90_1', 't')), (('134_5', 'h'), ('81_1', 't'))])
4	deque([(('123_2', 'h'), ('89_1', 'h')), (('95_0', 'h'), ('89_1', 't')), (('123_2', 't'), ('95_0', 't'))])
4	deque([(('74_3', 'h'), ('74_3', 't'))])
4	deque([(('235_0', 'h'), ('102_3', 'h')), (('235_0', 't'), ('102_3', 't'))])

Chosen seed at iteration 4: 1
Chosen chr at iteration 4



Chosen seed at iteration 5: 2
Chosen chr at iteration 5



Chosen seed at iteration 6: 3
Chosen chr at iteration 6



Chosen seed at iteration 7: 4
Chosen chr at iteration 7


Iteration 1
1	deque([(('131_1', 'h'), ('213_1', 't')), (('179_4', 't'), ('131_1', 't')), (('179_4', 'h'), ('123_1', 'h')), (('123_1', 't'), ('95_1', 't')), (('95_1', 'h'), ('89_0', 't')), (('123_5', 'h'), ('89_0', 'h')), (('127_0', 't'), ('123_5', 't')), (('205_3', 'h'), ('127_0', 'h')), (('128_2', 'h'), ('205_3', 't')), (('205_8', 't'), ('128_2', 't')), (('205_8', 'h'), ('65_0', 'h')), (('134_3', 'h'), ('65_0', 't')), (('188_2', 't'), ('134_3', 't')), (('188_2', 'h'), ('118_4', 't')), (('213_1', 'h'), ('118_4', 'h'))])
1	deque([(('74_4', 'h'), ('74_4', 't'))])

Chosen seed at iteration 1: 1
Chosen chr at iteration 1



Chosen seed at iteration 2: 2
Chosen chr at iteration 2


Iteration 3
3	deque([(('205_0', 't'), ('128_1', 't')), (('128_1', 'h'), ('205_7', 't')), (('205_7', 'h'), ('65_0', 'h')), (('134_6', 'h'), ('65_0', 't')), (('188_2', 't'), ('134_6', 't')), (('188_2', 'h'), ('118_6', 't')), (('213_4', 'h'), ('118_6', 'h')), (('131_1', 'h'), ('213_4', 't')), (('179_2', 't'), ('131_1', 't')), (('179_2', 'h'), ('123_8', 'h')), (('123_8', 't'), ('95_1', 't')), (('95_1', 'h'), ('89_2', 't')), (('123_6', 'h'), ('89_2', 'h')), (('127_1', 't'), ('123_6', 't')), (('205_0', 'h'), ('127_1', 'h'))])
3	deque([(('235_1', 'h'), ('102_10', 'h')), (('235_1', 't'), ('102_10', 't'))])
3	deque([(('74_1', 'h'), ('74_1', 't'))])

Chosen seed at iteration 3: 1
Chosen chr at iteration 3



Chosen seed at iteration 4: 2
Chosen chr at iteration 4



Chosen seed at iteration 5: 3
Chosen chr at iteration 5


Iteration 1
1	deque([(('74_2', 'h'), ('74_2', 't'))])

Chosen seed at iteration 1: 1
Chosen chr at iteration 1


Iteration 2
2	deque([(('24_2', 'h'), ('257_2', 't')), (('257_2', 'h'), ('187_9', 'h')), (('187_9', 't'), ('154_3', 't')), (('242_3', 'h'), ('154_3', 'h')), (('242_3', 't'), ('151_1', 't')), (('151_1', 'h'), ('75_0', 't')), (('86_0', 'h'), ('75_0', 'h')), (('86_0', 't'), ('24_2', 't'))])
2	deque([(('74_0', 'h'), ('74_0', 't'))])
2	deque([(('123_1', 't'), ('95_3', 't')), (('95_3', 'h'), ('89_0', 't')), (('123_1', 'h'), ('89_0', 'h'))])

Chosen seed at iteration 2: 1
Chosen chr at iteration 2



Chosen seed at iteration 3: 2
Chosen chr at iteration 3



Chosen seed at iteration 4: 3
Chosen chr at iteration 4


Iteration 1
1	deque([(('181_1', 'h'), ('71_0', 't')), (('181_1', 't'), ('98_0', 't')), (('98_0', 'h'), ('146_0', 't')), (('146_0', 'h'), ('197_1', 't')), (('197_1', 'h'), ('157_0', 't')), (('157_0', 'h'), ('77_0', 'h')), (('168_1', 't'), ('77_0', 't')), (('168_1', 'h'), ('206_0', 't')), (('206_0', 'h'), ('72_0', 't')), (('72_0', 'h'), ('102_5', 't')), (('102_5', 'h'), ('232_10', 't')), (('232_10', 'h'), ('140_2', 't')), (('140_2', 'h'), ('92_1', 't')), (('92_1', 'h'), ('63_1', 't')), (('71_0', 'h'), ('63_1', 'h'))])
1	deque([(('117_2', 't'), ('86_4', 't')), (('117_2', 'h'), ('222_2', 't')), (('222_2', 'h'), ('162_12', 't')), (('162_12', 'h'), ('246_4', 't')), (('246_4', 'h'), ('204_13', 't')), (('204_13', 'h'), ('248_9', 't')), (('248_9', 'h'), ('194_9', 't')), (('194_9', 'h'), ('267_0', 't')), (('267_0', 'h'), ('198_26', 't')), (('230_4', 'h'), ('198_26', 'h')), (('35_1', 'h'), ('230_4', 't')), (('257_0', 't'), ('35_1', 't')), (('257_0', 'h'), ('187_11', 'h')), (('187_11', 't'), ('154_6', 't')), (('242_4', 'h'), ('154_6', 'h')), (('242_4', 't'), ('151_6', 't')), (('151_6', 'h'), ('75_1', 't')), (('86_4', 'h'), ('75_1', 'h'))])
1	deque([(('213_0', 'h'), ('118_3', 'h')), (('213_0', 't'), ('82_1', 't')), (('82_1', 'h'), ('179_4', 't')), (('179_4', 'h'), ('123_4', 'h')), (('123_4', 't'), ('95_2', 't')), (('110_1', 'h'), ('95_2', 'h')), (('118_3', 't'), ('110_1', 't'))])
1	deque([(('74_2', 'h'), ('74_2', 't'))])

Chosen seed at iteration 1: 1
Chosen chr at iteration 1



Chosen seed at iteration 2: 2
Chosen chr at iteration 2



Chosen seed at iteration 3: 3
Chosen chr at iteration 3



Chosen seed at iteration 4: 4
Chosen chr at iteration 4


Iteration 1
1	deque([(('74_5', 'h'), ('74_5', 't'))])
1	deque([(('181_0', 'h'), ('71_2', 't')), (('181_0', 't'), ('98_1', 't')), (('98_1', 'h'), ('145_0', 't')), (('145_0', 'h'), ('197_0', 't')), (('197_0', 'h'), ('157_1', 't')), (('157_1', 'h'), ('77_1', 'h')), (('105_1', 't'), ('77_1', 't')), (('105_1', 'h'), ('206_1', 't')), (('206_1', 'h'), ('72_1', 't')), (('72_1', 'h'), ('102_1', 't')), (('102_1', 'h'), ('232_0', 't')), (('232_0', 'h'), ('140_0', 't')), (('140_0', 'h'), ('92_0', 't')), (('92_0', 'h'), ('63_0', 't')), (('71_2', 'h'), ('63_0', 'h'))])
1	deque([(('69_0', 't'), ('21_0', 't')), (('69_0', 'h'), ('21_0', 'h'))])

Chosen seed at iteration 1: 1
Chosen chr at iteration 1



Chosen seed at iteration 2: 2
Chosen chr at iteration 2



Chosen seed at iteration 3: 3
Chosen chr at iteration 3


Iteration 4
4	deque([(('69_0', 't'), ('21_1', 't')), (('69_0', 'h'), ('21_1', 'h'))])
4	deque([(('74_4', 'h'), ('74_4', 't'))])
4	deque([(('197_0', 'h'), ('157_1', 't')), (('157_1', 'h'), ('77_1', 'h')), (('105_1', 't'), ('77_1', 't')), (('105_1', 'h'), ('206_2', 't')), (('206_2', 'h'), ('72_1', 't')), (('72_1', 'h'), ('102_1', 't')), (('102_1', 'h'), ('232_11', 't')), (('232_11', 'h'), ('140_1', 't')), (('140_1', 'h'), ('92_0', 't')), (('92_0', 'h'), ('63_0', 't')), (('71_2', 'h'), ('63_0', 'h')), (('181_0', 'h'), ('71_2', 't')), (('181_0', 't'), ('98_1', 't')), (('98_1', 'h'), ('145_1', 't')), (('145_1', 'h'), ('197_0', 't'))])

Chosen seed at iteration 4: 1
Chosen chr at iteration 4



Chosen seed at iteration 5: 2
Chosen chr at iteration 5



Chosen seed at iteration 6: 3
Chosen chr at iteration 6


Iteration 1
1	deque([(('74_5', 'h'), ('74_5', 't'))])

Chosen seed at iteration 1: 1
Chosen chr at iteration 1


Iteration 2
Iteration 1
1	deque([(('79_2', 'h'), ('222_4', 't')), (('231_0', 't'), ('79_2', 't')), (('231_0', 'h'), ('198_10', 'h')), (('267_11', 'h'), ('198_10', 't')), (('194_19', 'h'), ('267_11', 't')), (('248_2', 'h'), ('194_19', 't')), (('204_4', 'h'), ('248_2', 't')), (('246_7', 'h'), ('204_4', 't')), (('162_17', 'h'), ('246_7', 't')), (('222_4', 'h'), ('162_17', 't'))])
1	deque([(('74_5', 'h'), ('74_5', 't'))])

Chosen seed at iteration 1: 1
Chosen chr at iteration 1



Chosen seed at iteration 2: 2
Chosen chr at iteration 2


Iteration 3
3	deque([(('231_7', 'h'), ('198_24', 'h')), (('267_9', 'h'), ('198_24', 't')), (('194_6', 'h'), ('267_9', 't')), (('248_1', 'h'), ('194_6', 't')), (('204_12', 'h'), ('248_1', 't')), (('246_6', 'h'), ('204_12', 't')), (('162_5', 'h'), ('246_6', 't')), (('222_4', 'h'), ('162_5', 't')), (('79_0', 'h'), ('222_4', 't')), (('231_7', 't'), ('79_0', 't'))])

Chosen seed at iteration 3: 1
Chosen chr at iteration 3


Iteration 4
4	deque([(('246_7', 'h'), ('204_10', 't')), (('162_9', 'h'), ('246_7', 't')), (('222_4', 'h'), ('162_9', 't')), (('79_2', 'h'), ('222_4', 't')), (('231_10', 't'), ('79_2', 't')), (('231_10', 'h'), ('198_25', 'h')), (('267_14', 'h'), ('198_25', 't')), (('194_5', 'h'), ('267_14', 't')), (('248_0', 'h'), ('194_5', 't')), (('204_10', 'h'), ('248_0', 't'))])

Chosen seed at iteration 4: 1
Chosen chr at iteration 4


Iteration 1
1	deque([(('74_5', 'h'), ('74_5', 't'))])

Chosen seed at iteration 1: 1
Chosen chr at iteration 1


Iteration 2
Iteration 1
1	deque([(('231_4', 'h'), ('198_14', 'h')), (('231_4', 't'), ('79_0', 't')), (('79_0', 'h'), ('222_16', 't')), (('222_16', 'h'), ('162_17', 't')), (('162_17', 'h'), ('245_1', 't')), (('245_1', 'h'), ('204_14', 't')), (('204_14', 'h'), ('248_2', 't')), (('248_2', 'h'), ('194_6', 't')), (('194_6', 'h'), ('267_16', 't')), (('267_16', 'h'), ('198_14', 't'))])
1	deque([(('74_5', 'h'), ('74_5', 't'))])

Chosen seed at iteration 1: 1
Chosen chr at iteration 1



Chosen seed at iteration 2: 2
Chosen chr at iteration 2


Iteration 3
3	deque([(('231_8', 'h'), ('198_9', 'h')), (('267_16', 'h'), ('198_9', 't')), (('194_6', 'h'), ('267_16', 't')), (('248_2', 'h'), ('194_6', 't')), (('204_15', 'h'), ('248_2', 't')), (('245_6', 'h'), ('204_15', 't')), (('162_16', 'h'), ('245_6', 't')), (('222_3', 'h'), ('162_16', 't')), (('79_0', 'h'), ('222_3', 't')), (('231_8', 't'), ('79_0', 't'))])

Chosen seed at iteration 3: 1
Chosen chr at iteration 3


Iteration 4
4	deque([(('194_6', 'h'), ('267_12', 't')), (('267_12', 'h'), ('198_18', 't')), (('231_7', 'h'), ('198_18', 'h')), (('231_7', 't'), ('79_1', 't')), (('79_1', 'h'), ('222_10', 't')), (('222_10', 'h'), ('162_2', 't')), (('162_2', 'h'), ('245_3', 't')), (('245_3', 'h'), ('204_6', 't')), (('204_6', 'h'), ('248_2', 't')), (('248_2', 'h'), ('194_6', 't'))])

Chosen seed at iteration 4: 1
Chosen chr at iteration 4


Iteration 1
1	deque([(('79_0', 'h'), ('222_12', 't')), (('222_12', 'h'), ('162_17', 't')), (('162_17', 'h'), ('245_8', 't')), (('245_8', 'h'), ('204_4', 't')), (('204_4', 'h'), ('248_7', 't')), (('248_7', 'h'), ('194_13', 't')), (('194_13', 'h'), ('267_5', 't')), (('267_5', 'h'), ('198_14', 't')), (('231_9', 'h'), ('198_14', 'h')), (('231_9', 't'), ('79_0', 't'))])
1	deque([(('102_0', 'h'), ('232_8', 't')), (('16_0', 'h'), ('102_0', 't')), (('256_0', 'h'), ('16_0', 't')), (('232_8', 'h'), ('256_0', 't'))])
1	deque([(('74_5', 'h'), ('74_5', 't'))])

Chosen seed at iteration 1: 1
Chosen chr at iteration 1



Chosen seed at iteration 2: 2
Chosen chr at iteration 2



Chosen seed at iteration 3: 3
Chosen chr at iteration 3


Iteration 4
4	deque([(('204_5', 'h'), ('248_7', 't')), (('248_7', 'h'), ('194_10', 't')), (('194_10', 'h'), ('267_10', 't')), (('267_10', 'h'), ('198_24', 't')), (('231_4', 'h'), ('198_24', 'h')), (('231_4', 't'), ('79_0', 't')), (('79_0', 'h'), ('222_13', 't')), (('222_13', 'h'), ('162_16', 't')), (('162_16', 'h'), ('245_4', 't')), (('245_4', 'h'), ('204_5', 't'))])
4	deque([(('256_2', 'h'), ('16_0', 't')), (('16_0', 'h'), ('102_9', 't')), (('102_9', 'h'), ('232_7', 't')), (('232_7', 'h'), ('256_2', 't'))])

Chosen seed at iteration 4: 1
Chosen chr at iteration 4



Chosen seed at iteration 5: 2
Chosen chr at iteration 5


Iteration 1
1	deque([(('231_0', 'h'), ('198_11', 'h')), (('267_5', 'h'), ('198_11', 't')), (('194_19', 'h'), ('267_5', 't')), (('248_1', 'h'), ('194_19', 't')), (('204_0', 'h'), ('248_1', 't')), (('245_7', 'h'), ('204_0', 't')), (('162_7', 'h'), ('245_7', 't')), (('222_15', 'h'), ('162_7', 't')), (('222_15', 't'), ('219_0', 't')), (('219_0', 'h'), ('57_1', 'h')), (('231_0', 't'), ('57_1', 't'))])
1	deque([(('74_5', 'h'), ('74_5', 't'))])

Chosen seed at iteration 1: 1
Chosen chr at iteration 1



Chosen seed at iteration 2: 2
Chosen chr at iteration 2


Iteration 3
3	deque([(('231_0', 'h'), ('198_14', 'h')), (('231_0', 't'), ('57_1', 't')), (('219_0', 'h'), ('57_1', 'h')), (('222_15', 't'), ('219_0', 't')), (('222_15', 'h'), ('162_7', 't')), (('162_7', 'h'), ('245_10', 't')), (('245_10', 'h'), ('204_0', 't')), (('204_0', 'h'), ('248_1', 't')), (('248_1', 'h'), ('194_1', 't')), (('194_1', 'h'), ('267_11', 't')), (('267_11', 'h'), ('198_14', 't'))])

Chosen seed at iteration 3: 1
Chosen chr at iteration 3


Iteration 4
4	deque([(('204_11', 'h'), ('248_1', 't')), (('248_1', 'h'), ('194_1', 't')), (('194_1', 'h'), ('267_7', 't')), (('267_7', 'h'), ('198_10', 't')), (('231_0', 'h'), ('198_10', 'h')), (('231_0', 't'), ('57_0', 't')), (('219_1', 'h'), ('57_0', 'h')), (('222_5', 't'), ('219_1', 't')), (('222_5', 'h'), ('162_1', 't')), (('162_1', 'h'), ('245_7', 't')), (('245_7', 'h'), ('204_11', 't'))])

Chosen seed at iteration 4: 1
Chosen chr at iteration 4


Iteration 1
1	deque([(('74_5', 'h'), ('74_5', 't'))])
1	deque([(('102_11', 'h'), ('232_12', 't')), (('251_2', 'h'), ('232_12', 'h')), (('30_0', 'h'), ('251_2', 't')), (('269_3', 't'), ('30_0', 't')), (('269_3', 'h'), ('112_1', 't')), (('270_3', 'h'), ('112_1', 'h')), (('32_0', 'h'), ('270_3', 't')), (('102_11', 't'), ('32_0', 't'))])

Chosen seed at iteration 1: 1
Chosen chr at iteration 1



Chosen seed at iteration 2: 2
Chosen chr at iteration 2


Iteration 3
3	deque([(('30_0', 'h'), ('251_0', 't')), (('269_3', 't'), ('30_0', 't')), (('269_3', 'h'), ('112_1', 't')), (('270_3', 'h'), ('112_1', 'h')), (('32_0', 'h'), ('270_3', 't')), (('102_11', 't'), ('32_0', 't')), (('102_11', 'h'), ('232_6', 't')), (('251_0', 'h'), ('232_6', 'h'))])

Chosen seed at iteration 3: 1
Chosen chr at iteration 3


Iteration 4
4	deque([(('251_0', 'h'), ('232_12', 'h')), (('102_2', 'h'), ('232_12', 't')), (('102_2', 't'), ('32_0', 't')), (('32_0', 'h'), ('270_0', 't')), (('270_0', 'h'), ('112_4', 'h')), (('269_0', 'h'), ('112_4', 't')), (('269_0', 't'), ('30_0', 't')), (('30_0', 'h'), ('251_0', 't'))])

Chosen seed at iteration 4: 1
Chosen chr at iteration 4


Iteration 1
1	deque([(('74_5', 'h'), ('74_5', 't'))])

Chosen seed at iteration 1: 1
Chosen chr at iteration 1


Iteration 2
Iteration 1
1	deque([(('74_5', 'h'), ('74_5', 't'))])

Chosen seed at iteration 1: 1
Chosen chr at iteration 1


Iteration 2
2	deque([(('179_6', 't'), ('83_3', 't'))])

Chosen seed at iteration 2: 1
Chosen chr at iteration 2


Iteration 3
Iteration 1
1	deque([(('74_5', 'h'), ('74_5', 't'))])

Chosen seed at iteration 1: 1
Chosen chr at iteration 1


Iteration 2
Iteration 1
1	deque([(('74_5', 'h'), ('74_5', 't'))])
1	deque([(('179_3', 't'), ('83_3', 't'))])

Chosen seed at iteration 1: 1
Chosen chr at iteration 1



Chosen seed at iteration 2: 2
Chosen chr at iteration 2


Iteration 3
Iteration 1
1	deque([(('74_5', 'h'), ('74_5', 't'))])

Chosen seed at iteration 1: 1
Chosen chr at iteration 1


Iteration 2
Iteration 1
1	deque([(('74_5', 'h'), ('74_5', 't'))])

Chosen seed at iteration 1: 1
Chosen chr at iteration 1


Iteration 2
Iteration 1
1	deque([(('74_5', 'h'), ('74_5', 't'))])

Chosen seed at iteration 1: 1
Chosen chr at iteration 1


Iteration 2
Iteration 1
1	deque([(('74_5', 'h'), ('74_5', 't'))])
1	deque([(('102_11', 't'), ('19_0', 't'))])

Chosen seed at iteration 1: 1
Chosen chr at iteration 1



Chosen seed at iteration 2: 2
Chosen chr at iteration 2


Iteration 3
Iteration 1
1	deque([(('74_5', 'h'), ('74_5', 't'))])

Chosen seed at iteration 1: 1
Chosen chr at iteration 1


Iteration 2
Iteration 1
1	deque([(('74_5', 'h'), ('74_5', 't'))])

Chosen seed at iteration 1: 1
Chosen chr at iteration 1


Iteration 2
Iteration 1
1	deque([(('74_5', 'h'), ('74_5', 't'))])

Chosen seed at iteration 1: 1
Chosen chr at iteration 1


Iteration 2
Iteration 1
1	deque([(('74_5', 'h'), ('74_5', 't'))])

Chosen seed at iteration 1: 1
Chosen chr at iteration 1


Iteration 2
Iteration 1
1	deque([(('74_5', 'h'), ('74_5', 't'))])

Chosen seed at iteration 1: 1
Chosen chr at iteration 1


Iteration 2
Iteration 1
1	deque([(('74_5', 'h'), ('74_5', 't'))])

Chosen seed at iteration 1: 1
Chosen chr at iteration 1


Iteration 2
Iteration 1
1	deque([(('74_5', 'h'), ('74_5', 't'))])

Chosen seed at iteration 1: 1
Chosen chr at iteration 1


Iteration 2
Iteration 1
1	deque([(('74_5', 'h'), ('74_5', 't'))])

Chosen seed at iteration 1: 1
Chosen chr at iteration 1


Iteration 2
Iteration 1
1	deque([(('74_5', 'h'), ('74_5', 't'))])

Chosen seed at iteration 1: 1
Chosen chr at iteration 1


Iteration 2
Iteration 1
1	deque([(('74_5', 'h'), ('74_5', 't'))])

Chosen seed at iteration 1: 1
Chosen chr at iteration 1


Iteration 2
Iteration 1
1	deque([(('74_5', 'h'), ('74_5', 't'))])

Chosen seed at iteration 1: 1
Chosen chr at iteration 1


Iteration 2
Iteration 1
1	deque([(('74_5', 'h'), ('74_5', 't'))])

Chosen seed at iteration 1: 1
Chosen chr at iteration 1


Iteration 2
Iteration 1
Iteration 1
Iteration 1
Iteration 1
Iteration 1
Iteration 1
Iteration 1
Iteration 1
Iteration 1
