Iteration 1
1	deque([(('95_1', 'h'), ('61_1', 'h')), (('95_1', 't'), ('61_1', 't'))])
1	deque([(('97_2', 'h'), ('69_0', 't')), (('69_0', 'h'), ('133_1', 't')), (('154_4', 'h'), ('133_1', 'h')), (('114_4', 'h'), ('154_4', 't')), (('96_1', 'h'), ('114_4', 't')), (('117_3', 'h'), ('96_1', 't')), (('168_1', 't'), ('117_3', 't')), (('168_1', 'h'), ('65_0', 'h')), (('99_2', 't'), ('65_0', 't')), (('99_2', 'h'), ('127_0', 't')), (('127_0', 'h'), ('157_0', 't')), (('157_0', 'h'), ('45_1', 'h')), (('59_3', 'h'), ('45_1', 't')), (('66_0', 't'), ('59_3', 't')), (('66_0', 'h'), ('97_2', 't'))])
1	deque([(('100_3', 'h'), ('52_6', 't')), (('52_6', 'h'), ('100_3', 't'))])
1	deque([(('27_2', 'h'), ('27_2', 't'))])

Chosen seed at iteration 1: 1
Chosen chr at iteration 1



Chosen seed at iteration 2: 2
Chosen chr at iteration 2



Chosen seed at iteration 3: 3
Chosen chr at iteration 3



Chosen seed at iteration 4: 4
Chosen chr at iteration 4


Iteration 1
1	deque([(('95_0', 't'), ('61_0', 't')), (('95_0', 'h'), ('61_0', 'h'))])
1	deque([(('27_1', 'h'), ('27_1', 't'))])

Chosen seed at iteration 1: 1
Chosen chr at iteration 1



Chosen seed at iteration 2: 2
Chosen chr at iteration 2


Iteration 3
3	deque([(('95_2', 't'), ('61_0', 't')), (('95_2', 'h'), ('61_0', 'h'))])
3	deque([(('27_0', 'h'), ('27_0', 't'))])
3	deque([(('100_8', 'h'), ('52_4', 't')), (('52_4', 'h'), ('100_8', 't'))])

Chosen seed at iteration 3: 1
Chosen chr at iteration 3



Chosen seed at iteration 4: 2
Chosen chr at iteration 4



Chosen seed at iteration 5: 3
Chosen chr at iteration 5


Iteration 1
1	deque([(('110_0', 'h'), ('84_1', 't')), (('84_1', 'h'), ('146_1', 't')), (('146_1', 'h'), ('39_0', 't')), (('39_0', 'h'), ('71_7', 't')), (('71_7', 'h'), ('73_0', 't')), (('73_0', 'h'), ('70_2', 'h')), (('41_1', 'h'), ('70_2', 't')), (('109_2', 't'), ('41_1', 't')), (('109_2', 'h'), ('81_0', 'h')), (('79_0', 'h'), ('81_0', 't')), (('79_0', 't'), ('75_1', 't')), (('75_1', 'h'), ('78_1', 't')), (('78_1', 'h'), ('76_1', 'h')), (('118_1', 't'), ('76_1', 't')), (('118_1', 'h'), ('90_1', 't')), (('90_1', 'h'), ('110_0', 't'))])
1	deque([(('52_0', 'h'), ('100_2', 't')), (('100_2', 'h'), ('52_0', 't'))])
1	deque([(('27_1', 'h'), ('27_1', 't'))])
1	deque([(('158_0', 'h'), ('71_4', 'h'))])
1	deque([(('50_1', 'h'), ('71_7', 't'))])
1	deque([(('158_1', 'h'), ('71_7', 'h'))])

Chosen seed at iteration 1: 1
Chosen chr at iteration 1



Chosen seed at iteration 2: 2
Chosen chr at iteration 2



Chosen seed at iteration 3: 3
Chosen chr at iteration 3



Chosen seed at iteration 4: 4
Chosen chr at iteration 4



Chosen seed at iteration 5: 5
Chosen chr at iteration 5



Chosen seed at iteration 6: 6
Chosen chr at iteration 6


Iteration 1
1	deque([(('16_0', 'h'), ('95_0', 't')), (('95_0', 'h'), ('16_0', 't'))])
1	deque([(('52_1', 'h'), ('100_0', 't')), (('100_0', 'h'), ('52_1', 't'))])

Chosen seed at iteration 1: 1
Chosen chr at iteration 1



Chosen seed at iteration 2: 2
Chosen chr at iteration 2


Iteration 3
3	deque([(('52_5', 'h'), ('100_0', 't')), (('100_0', 'h'), ('52_5', 't'))])
3	deque([(('95_0', 'h'), ('16_1', 't')), (('16_1', 'h'), ('95_0', 't'))])

Chosen seed at iteration 3: 1
Chosen chr at iteration 3



Chosen seed at iteration 4: 2
Chosen chr at iteration 4


Iteration 1
1	deque([(('52_7', 'h'), ('100_6', 't')), (('100_6', 'h'), ('52_7', 't'))])
1	deque([(('62_1', 't'), ('33_0', 't')), (('71_1', 'h'), ('33_0', 'h')), (('39_0', 'h'), ('71_1', 't')), (('146_1', 'h'), ('39_0', 't')), (('84_1', 'h'), ('146_1', 't')), (('84_1', 't'), ('72_0', 't')), (('118_2', 'h'), ('72_0', 'h')), (('118_2', 't'), ('76_0', 't')), (('78_0', 'h'), ('76_0', 'h')), (('75_2', 'h'), ('78_0', 't')), (('40_0', 'h'), ('75_2', 't')), (('70_1', 't'), ('40_0', 't')), (('73_0', 'h'), ('70_1', 'h')), (('71_6', 'h'), ('73_0', 't')), (('71_6', 't'), ('29_1', 't')), (('62_1', 'h'), ('29_1', 'h'))])

Chosen seed at iteration 1: 1
Chosen chr at iteration 1



Chosen seed at iteration 2: 2
Chosen chr at iteration 2


Iteration 3
3	deque([(('84_3', 'h'), ('146_1', 't')), (('84_3', 't'), ('72_1', 't')), (('118_2', 'h'), ('72_1', 'h')), (('118_2', 't'), ('76_0', 't')), (('78_1', 'h'), ('76_0', 'h')), (('75_2', 'h'), ('78_1', 't')), (('40_0', 'h'), ('75_2', 't')), (('70_1', 't'), ('40_0', 't')), (('73_0', 'h'), ('70_1', 'h')), (('71_2', 'h'), ('73_0', 't')), (('39_1', 'h'), ('71_2', 't')), (('146_1', 'h'), ('39_1', 't'))])
3	deque([(('100_1', 'h'), ('52_3', 't')), (('52_3', 'h'), ('100_1', 't'))])
3	deque([(('62_1', 'h'), ('29_1', 'h')), (('71_1', 't'), ('29_1', 't')), (('71_1', 'h'), ('33_0', 'h')), (('62_1', 't'), ('33_0', 't'))])

Chosen seed at iteration 3: 1
Chosen chr at iteration 3



Chosen seed at iteration 4: 2
Chosen chr at iteration 4



Chosen seed at iteration 5: 3
Chosen chr at iteration 5


Iteration 1
1	deque([(('78_0', 'h'), ('76_1', 'h')), (('118_0', 't'), ('76_1', 't')), (('118_0', 'h'), ('72_0', 'h')), (('84_0', 't'), ('72_0', 't')), (('84_0', 'h'), ('146_0', 't')), (('146_0', 'h'), ('39_0', 't')), (('39_0', 'h'), ('71_6', 't')), (('71_6', 'h'), ('73_1', 't')), (('73_1', 'h'), ('70_0', 'h')), (('70_0', 't'), ('40_1', 't')), (('40_1', 'h'), ('75_1', 't')), (('75_1', 'h'), ('78_0', 't'))])
1	deque([(('62_0', 'h'), ('29_0', 'h')), (('71_5', 't'), ('29_0', 't')), (('71_5', 'h'), ('33_1', 'h')), (('62_0', 't'), ('33_1', 't'))])
1	deque([(('52_2', 'h'), ('100_6', 't')), (('100_6', 'h'), ('52_2', 't'))])

Chosen seed at iteration 1: 1
Chosen chr at iteration 1



Chosen seed at iteration 2: 2
Chosen chr at iteration 2



Chosen seed at iteration 3: 3
Chosen chr at iteration 3


Iteration 4
4	deque([(('62_0', 't'), ('33_1', 't')), (('71_6', 'h'), ('33_1', 'h')), (('71_6', 't'), ('29_0', 't')), (('62_0', 'h'), ('29_0', 'h'))])
4	deque([(('52_2', 'h'), ('100_7', 't')), (('100_7', 'h'), ('52_2', 't'))])

Chosen seed at iteration 4: 1
Chosen chr at iteration 4



Chosen seed at iteration 5: 2
Chosen chr at iteration 5


Iteration 1
1	deque([(('100_6', 'h'), ('52_1', 't')), (('52_1', 'h'), ('100_6', 't'))])
1	deque([(('67_6', 't'), ('32_0', 't')), (('67_6', 'h'), ('30_1', 't')), (('30_1', 'h'), ('71_4', 't')), (('71_4', 'h'), ('20_1', 't')), (('71_0', 'h'), ('20_1', 'h')), (('32_0', 'h'), ('71_0', 't'))])

Chosen seed at iteration 1: 1
Chosen chr at iteration 1



Chosen seed at iteration 2: 2
Chosen chr at iteration 2


Iteration 3
3	deque([(('32_0', 'h'), ('71_0', 't')), (('71_0', 'h'), ('20_0', 't')), (('71_4', 'h'), ('20_0', 'h')), (('30_0', 'h'), ('71_4', 't')), (('67_6', 'h'), ('30_0', 't')), (('67_6', 't'), ('32_0', 't'))])
3	deque([(('100_6', 'h'), ('52_7', 't')), (('52_7', 'h'), ('100_6', 't'))])

Chosen seed at iteration 3: 1
Chosen chr at iteration 3



Chosen seed at iteration 4: 2
Chosen chr at iteration 4


Iteration 1
Iteration 1
Iteration 1
Iteration 1
Iteration 1
Iteration 1
Iteration 1
Iteration 1
Iteration 1
Iteration 1
Iteration 1
Iteration 1
Iteration 1
Iteration 1
