
Gurobi 9.1.1 (linux64) logging started Thu Dec  2 01:28:13 2021

Changed value of parameter LogFile to /home/aniket/python_scripts/Plasmids-Optimization/exp/2021-06-14__iterative_MILP_edge_novelty/output/sample_87/1.1.1/nplasmids_1/MILP/m.log
   Prev:   Default: 
Changed value of parameter TimeLimit to 240.0
   Prev: inf  Min: 0.0  Max: inf  Default: inf
Changed value of parameter MIPGap to 0.05
   Prev: 0.0001  Min: 0.0  Max: inf  Default: 0.0001
Gurobi Optimizer version 9.1.1 build v9.1.1rc0 (linux64)
Thread count: 2 physical cores, 4 logical processors, using up to 4 threads
Optimize a model with 29866 rows, 10056 columns and 78833 nonzeros
Model fingerprint: 0xf3913320
Variable types: 2711 continuous, 7345 integer (6803 binary)
Coefficient statistics:
  Matrix range     [1e-02, 6e+05]
  Objective range  [5e-03, 1e+00]
  Bounds range     [1e+00, 1e+00]
  RHS range        [1e+00, 2e+05]
Presolve removed 25490 rows and 5088 columns
Presolve time: 0.13s
Presolved: 4376 rows, 4968 columns, 25267 nonzeros
Variable types: 1047 continuous, 3921 integer (3921 binary)
Found heuristic solution: objective -0.0454123

Root relaxation: objective -3.252384e+01, 3367 iterations, 0.11 seconds

    Nodes    |    Current Node    |     Objective Bounds      |     Work
 Expl Unexpl |  Obj  Depth IntInf | Incumbent    BestBd   Gap | It/Node Time

     0     0  -32.52384    0  267   -0.04541  -32.52384      -     -    0s
     0     0  -30.23084    0  334   -0.04541  -30.23084      -     -    0s
H    0     0                     -22.0954239  -30.23084  36.8%     -    0s
     0     0  -30.23084    0  333  -22.09542  -30.23084  36.8%     -    0s
     0     0  -30.23084    0  303  -22.09542  -30.23084  36.8%     -    1s
     0     0  -30.23084    0  301  -22.09542  -30.23084  36.8%     -    1s
     0     0  -30.21192    0  298  -22.09542  -30.21192  36.7%     -    1s
     0     0  -30.21192    0  297  -22.09542  -30.21192  36.7%     -    1s
     0     0  -30.20238    0  308  -22.09542  -30.20238  36.7%     -    1s
     0     0  -30.19566    0  258  -22.09542  -30.19566  36.7%     -    1s
     0     0  -30.19566    0  260  -22.09542  -30.19566  36.7%     -    1s
     0     0  -30.18001    0  251  -22.09542  -30.18001  36.6%     -    1s
     0     0  -30.17869    0  250  -22.09542  -30.17869  36.6%     -    1s
     0     0  -30.17869    0  250  -22.09542  -30.17869  36.6%     -    1s
     0     0  -30.16718    0  248  -22.09542  -30.16718  36.5%     -    1s
     0     0  -30.16687    0  251  -22.09542  -30.16687  36.5%     -    1s
     0     0  -30.16687    0  246  -22.09542  -30.16687  36.5%     -    1s
     0     0  -30.16687    0  250  -22.09542  -30.16687  36.5%     -    1s
     0     0  -30.16630    0  259  -22.09542  -30.16630  36.5%     -    1s
     0     0  -30.16617    0  259  -22.09542  -30.16617  36.5%     -    1s
     0     0  -30.16563    0  258  -22.09542  -30.16563  36.5%     -    1s
     0     0  -30.16563    0  258  -22.09542  -30.16563  36.5%     -    2s
     0     2  -30.16563    0  258  -22.09542  -30.16563  36.5%     -    2s
H   27    26                     -22.8473777  -30.01228  31.4%   245    2s
H   49    36                     -27.4321599  -29.90508  9.01%   171    4s
    51    34  -28.26468    8  281  -27.43216  -29.90508  9.01%   167    5s
H  150    72                     -27.5647415  -29.89696  8.46%  87.5    6s
*  392   158              43     -27.6980404  -29.77238  7.49%  58.1    6s
H  491   157                     -27.9758948  -29.69273  6.14%  51.6    7s
   978   349 infeasible   17       -27.97589  -29.58014  5.73%  47.9   11s
  1472   510  -29.51596   12  258  -27.97589  -29.54119  5.60%  45.8   16s

Cutting planes:
  Gomory: 14
  Implied bound: 4
  Clique: 1
  MIR: 24
  Flow cover: 44
  Zero half: 2
  RLT: 206
  BQP: 1

Explored 1481 nodes (93419 simplex iterations) in 18.10 seconds
Thread count was 4 (of 4 available processors)

Solution count 7: -27.9759 -27.698 -27.5647 ... -0.0454123

Optimal solution found (tolerance 5.00e-02)
Best objective -2.797589478650e+01, best bound -2.928633055285e+01, gap 4.6842%

Gurobi 9.1.1 (linux64) logging started Thu Dec  2 01:28:32 2021

Changed value of parameter LogFile to /home/aniket/python_scripts/Plasmids-Optimization/exp/2021-06-14__iterative_MILP_edge_novelty/output/sample_87/1.1.1/nplasmids_1/MILP/m.log
   Prev:   Default: 
Changed value of parameter TimeLimit to 240.0
   Prev: inf  Min: 0.0  Max: inf  Default: inf
Changed value of parameter MIPGap to 0.05
   Prev: 0.0001  Min: 0.0  Max: inf  Default: 0.0001
Gurobi Optimizer version 9.1.1 build v9.1.1rc0 (linux64)
Thread count: 2 physical cores, 4 logical processors, using up to 4 threads
Optimize a model with 26604 rows, 8952 columns and 69247 nonzeros
Model fingerprint: 0xc8af2435
Variable types: 2461 continuous, 6491 integer (5999 binary)
Coefficient statistics:
  Matrix range     [1e-02, 6e+05]
  Objective range  [5e-03, 1e+00]
  Bounds range     [1e+00, 1e+00]
  RHS range        [1e+00, 2e+05]
Presolve removed 22653 rows and 4632 columns
Presolve time: 0.10s
Presolved: 3951 rows, 4320 columns, 22133 nonzeros
Variable types: 947 continuous, 3373 integer (3373 binary)
Found heuristic solution: objective -0.0454123

Root relaxation: objective -3.169539e+01, 2972 iterations, 0.09 seconds

    Nodes    |    Current Node    |     Objective Bounds      |     Work
 Expl Unexpl |  Obj  Depth IntInf | Incumbent    BestBd   Gap | It/Node Time

     0     0  -31.69539    0  240   -0.04541  -31.69539      -     -    0s
     0     0  -30.27311    0  233   -0.04541  -30.27311      -     -    0s
H    0     0                     -27.9758939  -30.27311  8.21%     -    0s
     0     0  -29.63114    0  228  -27.97589  -29.63114  5.92%     -    0s
     0     0  -29.60196    0  231  -27.97589  -29.60196  5.81%     -    1s
     0     0  -29.50583    0  234  -27.97589  -29.50583  5.47%     -    1s
     0     0  -29.45490    0  228  -27.97589  -29.45490  5.29%     -    1s
     0     0  -29.43889    0  228  -27.97589  -29.43889  5.23%     -    1s
     0     0  -29.43705    0  227  -27.97589  -29.43705  5.22%     -    1s
     0     0  -29.43705    0  227  -27.97589  -29.43705  5.22%     -    1s
     0     0  -29.33942    0  230  -27.97589  -29.33942  4.87%     -    1s

Cutting planes:
  Gomory: 13
  Clique: 7
  MIR: 11
  Flow cover: 130
  Zero half: 1
  RLT: 152

Explored 1 nodes (5642 simplex iterations) in 1.38 seconds
Thread count was 4 (of 4 available processors)

Solution count 2: -27.9759 -0.0454123 

Optimal solution found (tolerance 5.00e-02)
Best objective -2.797589394109e+01, best bound -2.933941656387e+01, gap 4.8739%
Gurobi Optimizer version 9.1.1 build v9.1.1rc0 (linux64)
Thread count: 2 physical cores, 4 logical processors, using up to 4 threads
Optimize a model with 26606 rows, 8952 columns and 69250 nonzeros
Model fingerprint: 0x847711ce
Variable types: 2461 continuous, 6491 integer (5999 binary)
Coefficient statistics:
  Matrix range     [1e-02, 6e+05]
  Objective range  [5e-03, 1e+00]
  Bounds range     [1e+00, 1e+00]
  RHS range        [1e+00, 2e+05]

MIP start from previous solve did not produce a new incumbent solution
MIP start from previous solve violates constraint circular by 1.000000000

Presolve removed 22653 rows and 4632 columns
Presolve time: 0.10s
Presolved: 3953 rows, 4320 columns, 22118 nonzeros
Variable types: 947 continuous, 3373 integer (3373 binary)
Found heuristic solution: objective -1.8142589

Root relaxation: objective -3.167474e+01, 2432 iterations, 0.07 seconds

    Nodes    |    Current Node    |     Objective Bounds      |     Work
 Expl Unexpl |  Obj  Depth IntInf | Incumbent    BestBd   Gap | It/Node Time

     0     0  -31.67474    0  240   -1.81426  -31.67474  1646%     -    0s
     0     0  -31.49034    0  240   -1.81426  -31.49034  1636%     -    0s
H    0     0                     -27.9758939  -31.49034  12.6%     -    0s
     0     0  -29.52205    0  187  -27.97589  -29.52205  5.53%     -    0s
     0     0  -29.31736    0  225  -27.97589  -29.31736  4.80%     -    1s

Cutting planes:
  Gomory: 48
  Clique: 7
  Flow cover: 141
  Zero half: 2
  RLT: 132
  BQP: 1

Explored 1 nodes (5961 simplex iterations) in 1.07 seconds
Thread count was 4 (of 4 available processors)

Solution count 2: -27.9759 -1.81426 

Optimal solution found (tolerance 5.00e-02)
Best objective -2.797589394109e+01, best bound -2.931735549722e+01, gap 4.7951%

Gurobi 9.1.1 (linux64) logging started Thu Dec  2 01:28:35 2021

Changed value of parameter LogFile to /home/aniket/python_scripts/Plasmids-Optimization/exp/2021-06-14__iterative_MILP_edge_novelty/output/sample_87/1.1.1/nplasmids_1/MILP/m.log
   Prev:   Default: 
Changed value of parameter TimeLimit to 240.0
   Prev: inf  Min: 0.0  Max: inf  Default: inf
Changed value of parameter MIPGap to 0.05
   Prev: 0.0001  Min: 0.0  Max: inf  Default: 0.0001
Gurobi Optimizer version 9.1.1 build v9.1.1rc0 (linux64)
Thread count: 2 physical cores, 4 logical processors, using up to 4 threads
Optimize a model with 23852 rows, 8018 columns and 61871 nonzeros
Model fingerprint: 0xa7a098e6
Variable types: 2211 continuous, 5807 integer (5365 binary)
Coefficient statistics:
  Matrix range     [1e-02, 6e+05]
  Objective range  [5e-03, 1e+00]
  Bounds range     [1e+00, 1e+00]
  RHS range        [1e+00, 2e+05]
Presolve removed 20326 rows and 4178 columns
Presolve time: 0.10s
Presolved: 3526 rows, 3840 columns, 19664 nonzeros
Variable types: 847 continuous, 2993 integer (2993 binary)
Found heuristic solution: objective -0.0454123

Root relaxation: objective -1.602704e+01, 2221 iterations, 0.06 seconds

    Nodes    |    Current Node    |     Objective Bounds      |     Work
 Expl Unexpl |  Obj  Depth IntInf | Incumbent    BestBd   Gap | It/Node Time

     0     0  -16.02704    0  128   -0.04541  -16.02704      -     -    0s
H    0     0                      -1.8839788  -16.02704   751%     -    0s
     0     0  -15.95767    0  120   -1.88398  -15.95767   747%     -    0s
H    0     0                      -2.7181842  -15.95767   487%     -    0s
H    0     0                     -14.6805364  -15.95767  8.70%     -    1s
     0     0  -15.94870    0  145  -14.68054  -15.94870  8.64%     -    1s
     0     0  -15.86868    0  151  -14.68054  -15.86868  8.09%     -    1s
     0     0  -15.84794    0  148  -14.68054  -15.84794  7.95%     -    1s
     0     0  -15.80468    0  146  -14.68054  -15.80468  7.66%     -    1s
     0     0  -15.79132    0  141  -14.68054  -15.79132  7.57%     -    1s
     0     0  -15.77623    0  118  -14.68054  -15.77623  7.46%     -    1s
     0     0  -15.76153    0  132  -14.68054  -15.76153  7.36%     -    1s
     0     0  -15.75516    0  130  -14.68054  -15.75516  7.32%     -    1s
     0     0  -15.75436    0  134  -14.68054  -15.75436  7.31%     -    1s
     0     0  -15.75367    0  135  -14.68054  -15.75367  7.31%     -    1s
     0     0  -15.75352    0  134  -14.68054  -15.75352  7.31%     -    1s
     0     0  -15.74380    0  131  -14.68054  -15.74380  7.24%     -    1s
     0     0  -15.74380    0  130  -14.68054  -15.74380  7.24%     -    1s
     0     0  -15.74377    0  153  -14.68054  -15.74377  7.24%     -    1s
     0     0  -15.74377    0  153  -14.68054  -15.74377  7.24%     -    1s
     0     0  -15.74377    0  153  -14.68054  -15.74377  7.24%     -    1s
     0     0  -15.74377    0  153  -14.68054  -15.74377  7.24%     -    1s
     0     0  -15.74377    0  122  -14.68054  -15.74377  7.24%     -    2s
     0     0  -15.74377    0  129  -14.68054  -15.74377  7.24%     -    2s
     0     0  -15.72848    0  136  -14.68054  -15.72848  7.14%     -    2s
     0     0  -15.69461    0  129  -14.68054  -15.69461  6.91%     -    2s
     0     0  -15.66110    0  132  -14.68054  -15.66110  6.68%     -    2s
     0     0  -15.65459    0  129  -14.68054  -15.65459  6.64%     -    2s
     0     0  -15.65459    0  128  -14.68054  -15.65459  6.64%     -    2s
     0     0  -15.64910    0  137  -14.68054  -15.64910  6.60%     -    2s
     0     0  -15.64901    0  145  -14.68054  -15.64901  6.60%     -    2s
     0     0  -15.64532    0  149  -14.68054  -15.64532  6.57%     -    3s
     0     0  -15.64532    0  135  -14.68054  -15.64532  6.57%     -    3s
     0     2  -15.63455    0  135  -14.68054  -15.63455  6.50%     -    3s

Cutting planes:
  Gomory: 4
  Implied bound: 13
  MIR: 3
  Flow cover: 19
  RLT: 121
  Relax-and-lift: 2

Explored 83 nodes (17348 simplex iterations) in 4.32 seconds
Thread count was 4 (of 4 available processors)

Solution count 4: -14.6805 -2.71818 -1.88398 -0.0454123 

Optimal solution found (tolerance 5.00e-02)
Warning: max integrality violation (1.2441e-02) exceeds tolerance
         (model may be infeasible or unbounded - try turning presolve off)
Best objective -1.468053643826e+01, best bound -1.538147142578e+01, gap 4.7746%

Gurobi 9.1.1 (linux64) logging started Thu Dec  2 01:28:39 2021

Changed value of parameter LogFile to /home/aniket/python_scripts/Plasmids-Optimization/exp/2021-06-14__iterative_MILP_edge_novelty/output/sample_87/1.1.1/nplasmids_1/MILP/m.log
   Prev:   Default: 
Changed value of parameter TimeLimit to 240.0
   Prev: inf  Min: 0.0  Max: inf  Default: inf
Changed value of parameter MIPGap to 0.05
   Prev: 0.0001  Min: 0.0  Max: inf  Default: 0.0001
Gurobi Optimizer version 9.1.1 build v9.1.1rc0 (linux64)
Thread count: 2 physical cores, 4 logical processors, using up to 4 threads
Optimize a model with 22549 rows, 7576 columns and 58316 nonzeros
Model fingerprint: 0x07f61c8a
Variable types: 2096 continuous, 5480 integer (5061 binary)
Coefficient statistics:
  Matrix range     [1e-02, 6e+05]
  Objective range  [5e-03, 1e+00]
  Bounds range     [1e+00, 1e+00]
  RHS range        [1e+00, 2e+05]
Presolve removed 19218 rows and 3968 columns
Presolve time: 0.09s
Presolved: 3331 rows, 3608 columns, 18432 nonzeros
Variable types: 801 continuous, 2807 integer (2807 binary)
Found heuristic solution: objective -0.0454123

Root relaxation: objective -1.101610e+01, 2057 iterations, 0.05 seconds

    Nodes    |    Current Node    |     Objective Bounds      |     Work
 Expl Unexpl |  Obj  Depth IntInf | Incumbent    BestBd   Gap | It/Node Time

     0     0  -11.01610    0  173   -0.04541  -11.01610      -     -    0s
     0     0  -10.95957    0  160   -0.04541  -10.95957      -     -    0s
H    0     0                      -9.7038349  -10.95957  12.9%     -    0s
     0     0  -10.89662    0  133   -9.70383  -10.89662  12.3%     -    0s
     0     0  -10.89662    0  127   -9.70383  -10.89662  12.3%     -    0s
     0     0  -10.89653    0  126   -9.70383  -10.89653  12.3%     -    0s
     0     0  -10.89551    0  130   -9.70383  -10.89551  12.3%     -    1s
     0     0  -10.89551    0  124   -9.70383  -10.89551  12.3%     -    1s
     0     0  -10.87128    0  177   -9.70383  -10.87128  12.0%     -    1s
H    0     0                      -9.7038355  -10.87128  12.0%     -    1s
     0     0  -10.87128    0  176   -9.70384  -10.87128  12.0%     -    1s
     0     0  -10.86767    0  172   -9.70384  -10.86767  12.0%     -    1s
     0     0  -10.86719    0  171   -9.70384  -10.86719  12.0%     -    1s
     0     0  -10.86312    0  161   -9.70384  -10.86312  11.9%     -    1s
     0     0  -10.86312    0  161   -9.70384  -10.86312  11.9%     -    1s
     0     0  -10.86312    0  163   -9.70384  -10.86312  11.9%     -    1s
     0     0  -10.86312    0  166   -9.70384  -10.86312  11.9%     -    1s
     0     0  -10.86312    0  157   -9.70384  -10.86312  11.9%     -    1s
     0     0  -10.86312    0  157   -9.70384  -10.86312  11.9%     -    1s
     0     2  -10.86311    0  157   -9.70384  -10.86311  11.9%     -    1s
H   28     9                      -9.7038356  -10.74105  10.7%   100    1s
H   29     9                      -9.7038361  -10.74105  10.7%  97.8    1s
*   77    22              16      -9.8565245  -10.74105  8.97%  82.2    2s

Cutting planes:
  Gomory: 1
  MIR: 3
  Flow cover: 46
  RLT: 109

Explored 165 nodes (18427 simplex iterations) in 2.44 seconds
Thread count was 4 (of 4 available processors)

Solution count 5: -9.85652 -9.70384 -9.70384 ... -0.0454123

Optimal solution found (tolerance 5.00e-02)
Best objective -9.856524528335e+00, best bound -1.033443189062e+01, gap 4.8486%
Gurobi Optimizer version 9.1.1 build v9.1.1rc0 (linux64)
Thread count: 2 physical cores, 4 logical processors, using up to 4 threads
Optimize a model with 22551 rows, 7576 columns and 58320 nonzeros
Model fingerprint: 0xef479ea2
Variable types: 2096 continuous, 5480 integer (5061 binary)
Coefficient statistics:
  Matrix range     [1e-02, 6e+05]
  Objective range  [5e-03, 1e+00]
  Bounds range     [1e+00, 1e+00]
  RHS range        [1e+00, 2e+05]

MIP start from previous solve did not produce a new incumbent solution
MIP start from previous solve violates constraint circular by 1.000000000

Presolve removed 19220 rows and 3969 columns
Presolve time: 0.10s
Presolved: 3331 rows, 3607 columns, 18432 nonzeros
Variable types: 801 continuous, 2806 integer (2806 binary)
Found heuristic solution: objective -0.0454123

Root relaxation: objective -1.101610e+01, 1896 iterations, 0.05 seconds

    Nodes    |    Current Node    |     Objective Bounds      |     Work
 Expl Unexpl |  Obj  Depth IntInf | Incumbent    BestBd   Gap | It/Node Time

     0     0  -11.01610    0  171   -0.04541  -11.01610      -     -    0s
     0     0  -10.99265    0  170   -0.04541  -10.99265      -     -    0s
H    0     0                      -9.7038349  -10.99265  13.3%     -    0s
     0     0  -10.99265    0  170   -9.70383  -10.99265  13.3%     -    0s
     0     0  -10.93367    0  158   -9.70383  -10.93367  12.7%     -    0s
H    0     0                      -9.7038351  -10.93367  12.7%     -    0s
     0     0  -10.93367    0  158   -9.70384  -10.93367  12.7%     -    0s
     0     0  -10.91900    0  160   -9.70384  -10.91900  12.5%     -    0s
     0     0  -10.89730    0  154   -9.70384  -10.89730  12.3%     -    0s
     0     0  -10.89730    0  155   -9.70384  -10.89730  12.3%     -    1s
H    0     0                      -9.8565245  -10.89730  10.6%     -    1s
     0     0  -10.89730    0  156   -9.85652  -10.89730  10.6%     -    1s
     0     0  -10.89730    0  160   -9.85652  -10.89730  10.6%     -    1s
     0     0  -10.89728    0  171   -9.85652  -10.89728  10.6%     -    1s
     0     0  -10.89728    0  162   -9.85652  -10.89728  10.6%     -    1s
     0     0  -10.89728    0  159   -9.85652  -10.89728  10.6%     -    1s
     0     0  -10.89713    0  163   -9.85652  -10.89713  10.6%     -    1s
     0     0  -10.89713    0  159   -9.85652  -10.89713  10.6%     -    1s
     0     0  -10.89712    0  169   -9.85652  -10.89712  10.6%     -    1s
     0     0  -10.89712    0  163   -9.85652  -10.89712  10.6%     -    1s
     0     0  -10.83991    0  151   -9.85652  -10.83991  10.0%     -    2s
     0     0  -10.76336    0  173   -9.85652  -10.76336  9.20%     -    2s
H    0     0                      -9.8565284  -10.76336  9.20%     -    2s
     0     0  -10.76331    0  163   -9.85653  -10.76331  9.20%     -    2s
     0     0  -10.76302    0  157   -9.85653  -10.76302  9.20%     -    2s
     0     0  -10.76181    0  146   -9.85653  -10.76181  9.18%     -    2s
     0     0  -10.75790    0  143   -9.85653  -10.75790  9.14%     -    2s
     0     0  -10.75398    0  164   -9.85653  -10.75398  9.11%     -    2s
     0     0  -10.74990    0  156   -9.85653  -10.74990  9.06%     -    2s
     0     0  -10.74989    0  159   -9.85653  -10.74989  9.06%     -    2s
     0     0  -10.74989    0  158   -9.85653  -10.74989  9.06%     -    2s
     0     0  -10.74989    0  155   -9.85653  -10.74989  9.06%     -    2s
     0     0  -10.74989    0  160   -9.85653  -10.74989  9.06%     -    2s
     0     0  -10.74989    0  158   -9.85653  -10.74989  9.06%     -    2s
     0     0  -10.74989    0  160   -9.85653  -10.74989  9.06%     -    2s
     0     0  -10.74989    0  145   -9.85653  -10.74989  9.06%     -    2s
     0     2  -10.74989    0  145   -9.85653  -10.74989  9.06%     -    3s

Cutting planes:
  Gomory: 16
  Clique: 4
  MIR: 12
  Flow cover: 97
  Zero half: 2
  RLT: 123

Explored 84 nodes (15520 simplex iterations) in 3.52 seconds
Thread count was 4 (of 4 available processors)

Solution count 5: -9.85653 -9.85652 -9.70384 ... -0.0454123

Optimal solution found (tolerance 5.00e-02)
Best objective -9.856528396488e+00, best bound -1.033643032496e+01, gap 4.8689%

Gurobi 9.1.1 (linux64) logging started Thu Dec  2 01:28:46 2021

Changed value of parameter LogFile to /home/aniket/python_scripts/Plasmids-Optimization/exp/2021-06-14__iterative_MILP_edge_novelty/output/sample_87/1.1.1/nplasmids_1/MILP/m.log
   Prev:   Default: 
Changed value of parameter TimeLimit to 240.0
   Prev: inf  Min: 0.0  Max: inf  Default: inf
Changed value of parameter MIPGap to 0.05
   Prev: 0.0001  Min: 0.0  Max: inf  Default: 0.0001
Gurobi Optimizer version 9.1.1 build v9.1.1rc0 (linux64)
Thread count: 2 physical cores, 4 logical processors, using up to 4 threads
Optimize a model with 21617 rows, 7259 columns and 56007 nonzeros
Model fingerprint: 0xb24681cd
Variable types: 2001 continuous, 5258 integer (4858 binary)
Coefficient statistics:
  Matrix range     [1e-02, 6e+05]
  Objective range  [5e-03, 1e+00]
  Bounds range     [1e+00, 1e+00]
  RHS range        [1e+00, 2e+05]
Presolve removed 18452 rows and 3795 columns
Presolve time: 0.09s
Presolved: 3165 rows, 3464 columns, 17651 nonzeros
Variable types: 763 continuous, 2701 integer (2701 binary)
Found heuristic solution: objective -0.0454123

Root relaxation: objective -9.025552e+00, 2266 iterations, 0.05 seconds

    Nodes    |    Current Node    |     Objective Bounds      |     Work
 Expl Unexpl |  Obj  Depth IntInf | Incumbent    BestBd   Gap | It/Node Time

     0     0   -9.02555    0  155   -0.04541   -9.02555      -     -    0s
     0     0   -8.94669    0  159   -0.04541   -8.94669      -     -    0s
H    0     0                      -6.9986198   -8.94669  27.8%     -    0s
     0     0   -8.94669    0  159   -6.99862   -8.94669  27.8%     -    0s
     0     0   -8.89216    0  159   -6.99862   -8.89216  27.1%     -    0s
     0     0   -8.88716    0  144   -6.99862   -8.88716  27.0%     -    0s
     0     0   -8.84781    0  156   -6.99862   -8.84781  26.4%     -    0s
     0     0   -8.84518    0  167   -6.99862   -8.84518  26.4%     -    0s
     0     0   -8.82087    0  148   -6.99862   -8.82087  26.0%     -    1s
     0     0   -8.82065    0  153   -6.99862   -8.82065  26.0%     -    1s
     0     0   -8.81095    0  158   -6.99862   -8.81095  25.9%     -    1s
     0     0   -8.80334    0  155   -6.99862   -8.80334  25.8%     -    1s
     0     0   -8.79599    0  147   -6.99862   -8.79599  25.7%     -    1s
     0     0   -8.79557    0  149   -6.99862   -8.79557  25.7%     -    1s
     0     0   -8.79042    0  160   -6.99862   -8.79042  25.6%     -    1s
     0     0   -8.77506    0  161   -6.99862   -8.77506  25.4%     -    1s
     0     0   -8.73896    0  147   -6.99862   -8.73896  24.9%     -    1s
     0     0   -8.73790    0  169   -6.99862   -8.73790  24.9%     -    1s
     0     0   -8.73781    0  172   -6.99862   -8.73781  24.9%     -    1s
     0     0   -8.72847    0  151   -6.99862   -8.72847  24.7%     -    1s
     0     0   -8.72646    0  153   -6.99862   -8.72646  24.7%     -    1s
     0     0   -8.72183    0  151   -6.99862   -8.72183  24.6%     -    1s
     0     0   -8.71634    0  160   -6.99862   -8.71634  24.5%     -    1s
     0     0   -8.71242    0  154   -6.99862   -8.71242  24.5%     -    1s
     0     0   -8.71242    0  160   -6.99862   -8.71242  24.5%     -    1s
     0     0   -8.71081    0  163   -6.99862   -8.71081  24.5%     -    1s
     0     0   -8.71081    0  164   -6.99862   -8.71081  24.5%     -    1s
     0     0   -8.70908    0  174   -6.99862   -8.70908  24.4%     -    1s
     0     0   -8.70785    0  154   -6.99862   -8.70785  24.4%     -    1s
     0     0   -8.70785    0  158   -6.99862   -8.70785  24.4%     -    1s
     0     0   -8.70784    0  162   -6.99862   -8.70784  24.4%     -    1s
     0     0   -8.70784    0  166   -6.99862   -8.70784  24.4%     -    1s
     0     0   -8.70709    0  165   -6.99862   -8.70709  24.4%     -    1s
     0     0   -8.70709    0  163   -6.99862   -8.70709  24.4%     -    1s
     0     0   -8.70670    0  166   -6.99862   -8.70670  24.4%     -    1s
     0     0   -8.70670    0  160   -6.99862   -8.70670  24.4%     -    2s
     0     0   -8.70663    0  145   -6.99862   -8.70663  24.4%     -    2s
     0     0   -8.47707    0  152   -6.99862   -8.47707  21.1%     -    2s
H    0     0                      -7.1077638   -8.47707  19.3%     -    2s
     0     0   -8.45289    0  154   -7.10776   -8.45289  18.9%     -    2s
     0     0   -8.44432    0  150   -7.10776   -8.44432  18.8%     -    2s
     0     0   -8.43918    0  149   -7.10776   -8.43918  18.7%     -    2s
     0     0   -8.43893    0  148   -7.10776   -8.43893  18.7%     -    2s
     0     0   -8.43879    0  150   -7.10776   -8.43879  18.7%     -    2s
     0     0   -8.41410    0  130   -7.10776   -8.41410  18.4%     -    2s
H    0     0                      -7.1077676   -8.41410  18.4%     -    2s
     0     0   -8.41407    0  127   -7.10777   -8.41407  18.4%     -    2s
     0     0   -8.40558    0  137   -7.10777   -8.40558  18.3%     -    3s
     0     0   -8.40549    0  141   -7.10777   -8.40549  18.3%     -    3s
     0     0   -8.40194    0  132   -7.10777   -8.40194  18.2%     -    3s
     0     0   -8.40194    0  131   -7.10777   -8.40194  18.2%     -    3s
     0     2   -8.21312    0  129   -7.10777   -8.21312  15.6%     -    3s
H   26    16                      -7.1200018   -7.86798  10.5%   132    4s
   160    40 infeasible   21        -7.12000   -7.63078  7.17%  58.0    5s

Cutting planes:
  Gomory: 4
  Cover: 1
  Implied bound: 11
  MIR: 6
  Flow cover: 73
  RLT: 155
  Relax-and-lift: 6

Explored 241 nodes (26724 simplex iterations) in 5.23 seconds
Thread count was 4 (of 4 available processors)

Solution count 5: -7.12 -7.10777 -7.10776 ... -0.0454123

Optimal solution found (tolerance 5.00e-02)
Best objective -7.120001809761e+00, best bound -7.437010012039e+00, gap 4.4524%
Gurobi Optimizer version 9.1.1 build v9.1.1rc0 (linux64)
Thread count: 2 physical cores, 4 logical processors, using up to 4 threads
Optimize a model with 21619 rows, 7259 columns and 56025 nonzeros
Model fingerprint: 0x5a970a61
Variable types: 2001 continuous, 5258 integer (4858 binary)
Coefficient statistics:
  Matrix range     [1e-02, 6e+05]
  Objective range  [5e-03, 1e+00]
  Bounds range     [1e+00, 1e+00]
  RHS range        [1e+00, 2e+05]

MIP start from previous solve did not produce a new incumbent solution
MIP start from previous solve violates constraint circular by 1.000000000

Presolve removed 18452 rows and 3795 columns
Presolve time: 0.10s
Presolved: 3167 rows, 3464 columns, 17676 nonzeros
Variable types: 763 continuous, 2701 integer (2701 binary)
Found heuristic solution: objective -0.0454123

Root relaxation: objective -9.025559e+00, 2115 iterations, 0.06 seconds

    Nodes    |    Current Node    |     Objective Bounds      |     Work
 Expl Unexpl |  Obj  Depth IntInf | Incumbent    BestBd   Gap | It/Node Time

     0     0   -9.02556    0  157   -0.04541   -9.02556      -     -    0s
     0     0   -8.74512    0  148   -0.04541   -8.74512      -     -    0s
H    0     0                      -6.9511738   -8.74512  25.8%     -    0s
     0     0   -8.64564    0  140   -6.95117   -8.64564  24.4%     -    0s
     0     0   -8.63183    0  138   -6.95117   -8.63183  24.2%     -    0s
     0     0   -8.63183    0  138   -6.95117   -8.63183  24.2%     -    0s
     0     0   -8.62003    0  147   -6.95117   -8.62003  24.0%     -    1s
     0     0   -8.62003    0  147   -6.95117   -8.62003  24.0%     -    1s
     0     0   -8.58583    0  156   -6.95117   -8.58583  23.5%     -    1s
     0     0   -8.58583    0  157   -6.95117   -8.58583  23.5%     -    1s
     0     0   -8.57265    0  161   -6.95117   -8.57265  23.3%     -    1s
     0     0   -8.56825    0  159   -6.95117   -8.56825  23.3%     -    1s
     0     0   -8.56825    0  155   -6.95117   -8.56825  23.3%     -    1s
     0     0   -8.56371    0  159   -6.95117   -8.56371  23.2%     -    1s
     0     0   -8.56371    0  165   -6.95117   -8.56371  23.2%     -    1s
     0     0   -8.55667    0  161   -6.95117   -8.55667  23.1%     -    1s
     0     0   -8.55667    0  160   -6.95117   -8.55667  23.1%     -    1s
     0     0   -8.55253    0  155   -6.95117   -8.55253  23.0%     -    1s
     0     0   -8.55253    0  160   -6.95117   -8.55253  23.0%     -    1s
     0     0   -8.55250    0  154   -6.95117   -8.55250  23.0%     -    1s
     0     0   -8.55146    0  158   -6.95117   -8.55146  23.0%     -    1s
     0     0   -8.55146    0  157   -6.95117   -8.55146  23.0%     -    1s
     0     0   -8.55146    0  151   -6.95117   -8.55146  23.0%     -    1s
     0     0   -8.55146    0  151   -6.95117   -8.55146  23.0%     -    1s
     0     2   -8.55144    0  147   -6.95117   -8.55144  23.0%     -    1s
*   62    43              24      -7.0602067   -8.50092  20.4%  63.3    2s
*  193   102              38      -7.1200018   -8.38775  17.8%  49.7    2s
   551   267   -7.90175   14  109   -7.12000   -7.90175  11.0%  43.8    5s
  1248   599   -7.48936   23  106   -7.12000   -7.85942  10.4%  42.0   10s
H 1337   603                      -7.1200024   -7.53872  5.88%  52.2   12s
  1857   634   -7.26743   24   51   -7.12000   -7.48095  5.07%  47.6   15s

Cutting planes:
  Gomory: 3
  Implied bound: 5
  MIR: 4
  Flow cover: 11
  RLT: 143
  Relax-and-lift: 1
  BQP: 2

Explored 2028 nodes (99441 simplex iterations) in 16.24 seconds
Thread count was 4 (of 4 available processors)

Solution count 5: -7.12 -7.12 -7.06021 ... -0.0454123

Optimal solution found (tolerance 5.00e-02)
Best objective -7.120002361165e+00, best bound -7.460143657627e+00, gap 4.7773%

Gurobi 9.1.1 (linux64) logging started Thu Dec  2 01:29:08 2021

Changed value of parameter LogFile to /home/aniket/python_scripts/Plasmids-Optimization/exp/2021-06-14__iterative_MILP_edge_novelty/output/sample_87/1.1.1/nplasmids_1/MILP/m.log
   Prev:   Default: 
Changed value of parameter TimeLimit to 240.0
   Prev: inf  Min: 0.0  Max: inf  Default: inf
Changed value of parameter MIPGap to 0.05
   Prev: 0.0001  Min: 0.0  Max: inf  Default: 0.0001
Gurobi Optimizer version 9.1.1 build v9.1.1rc0 (linux64)
Thread count: 2 physical cores, 4 logical processors, using up to 4 threads
Optimize a model with 20204 rows, 6780 columns and 52075 nonzeros
Model fingerprint: 0xbd782ba7
Variable types: 1881 continuous, 4899 integer (4523 binary)
Coefficient statistics:
  Matrix range     [1e-02, 6e+05]
  Objective range  [5e-03, 1e+00]
  Bounds range     [1e+00, 1e+00]
  RHS range        [1e+00, 2e+05]
Presolve removed 17245 rows and 3575 columns
Presolve time: 0.08s
Presolved: 2959 rows, 3205 columns, 16301 nonzeros
Variable types: 715 continuous, 2490 integer (2490 binary)
Found heuristic solution: objective -0.0454123

Root relaxation: objective -8.179301e+00, 2235 iterations, 0.06 seconds

    Nodes    |    Current Node    |     Objective Bounds      |     Work
 Expl Unexpl |  Obj  Depth IntInf | Incumbent    BestBd   Gap | It/Node Time

     0     0   -8.17930    0  107   -0.04541   -8.17930      -     -    0s
H    0     0                      -1.7282113   -8.17930   373%     -    0s
     0     0   -7.97560    0  131   -1.72821   -7.97560   361%     -    0s
H    0     0                      -6.7623741   -7.97560  17.9%     -    0s
     0     0   -7.97560    0  134   -6.76237   -7.97560  17.9%     -    0s
     0     0   -7.88627    0  122   -6.76237   -7.88627  16.6%     -    0s
     0     0   -7.88434    0  124   -6.76237   -7.88434  16.6%     -    0s
     0     0   -7.84318    0  125   -6.76237   -7.84318  16.0%     -    0s
     0     0   -7.83663    0  130   -6.76237   -7.83663  15.9%     -    0s
     0     0   -7.83024    0  130   -6.76237   -7.83024  15.8%     -    1s
     0     0   -7.82745    0  134   -6.76237   -7.82745  15.8%     -    1s
     0     0   -7.82467    0  132   -6.76237   -7.82467  15.7%     -    1s
     0     0   -7.82394    0  139   -6.76237   -7.82394  15.7%     -    1s
     0     0   -7.82209    0  132   -6.76237   -7.82209  15.7%     -    1s
     0     0   -7.82072    0  142   -6.76237   -7.82072  15.7%     -    1s
     0     0   -7.82063    0  149   -6.76237   -7.82063  15.6%     -    1s
     0     0   -7.82011    0  147   -6.76237   -7.82011  15.6%     -    1s
     0     0   -7.81715    0  135   -6.76237   -7.81715  15.6%     -    1s
     0     0   -7.81501    0  136   -6.76237   -7.81501  15.6%     -    1s
     0     0   -7.76424    0  128   -6.76237   -7.76424  14.8%     -    1s
     0     0   -7.73626    0  131   -6.76237   -7.73626  14.4%     -    1s
     0     0   -7.73176    0  132   -6.76237   -7.73176  14.3%     -    1s
     0     0   -7.72741    0  141   -6.76237   -7.72741  14.3%     -    1s
     0     0   -7.71876    0  137   -6.76237   -7.71876  14.1%     -    1s
     0     0   -7.71788    0  134   -6.76237   -7.71788  14.1%     -    1s
     0     0   -7.71407    0  150   -6.76237   -7.71407  14.1%     -    1s
     0     0   -7.71029    0  136   -6.76237   -7.71029  14.0%     -    1s
     0     0   -7.71029    0  140   -6.76237   -7.71029  14.0%     -    1s
     0     0   -7.70730    0  153   -6.76237   -7.70730  14.0%     -    1s
H    0     0                      -6.7840051   -7.70730  13.6%     -    1s
     0     0   -7.70390    0  159   -6.78401   -7.70390  13.6%     -    1s
     0     0   -7.70352    0  162   -6.78401   -7.70352  13.6%     -    1s
     0     0   -7.70322    0  162   -6.78401   -7.70322  13.5%     -    1s
     0     0   -7.70199    0  162   -6.78401   -7.70199  13.5%     -    1s
     0     0   -7.70182    0  162   -6.78401   -7.70182  13.5%     -    1s
     0     0   -7.67018    0  143   -6.78401   -7.67018  13.1%     -    1s
     0     0   -7.66356    0  147   -6.78401   -7.66356  13.0%     -    1s
     0     0   -7.66165    0  153   -6.78401   -7.66165  12.9%     -    1s
     0     0   -7.66165    0  150   -6.78401   -7.66165  12.9%     -    1s
     0     0   -7.65818    0  157   -6.78401   -7.65818  12.9%     -    1s
     0     0   -7.65127    0  148   -6.78401   -7.65127  12.8%     -    1s
     0     0   -7.65053    0  145   -6.78401   -7.65053  12.8%     -    1s
     0     0   -7.64973    0  145   -6.78401   -7.64973  12.8%     -    1s
     0     0   -7.64967    0  146   -6.78401   -7.64967  12.8%     -    1s
     0     0   -7.64453    0  142   -6.78401   -7.64453  12.7%     -    1s
     0     0   -7.63763    0  142   -6.78401   -7.63763  12.6%     -    1s
     0     0   -7.63578    0  145   -6.78401   -7.63578  12.6%     -    1s
     0     0   -7.63578    0  150   -6.78401   -7.63578  12.6%     -    1s
     0     0   -7.63396    0  151   -6.78401   -7.63396  12.5%     -    1s
     0     0   -7.63396    0  149   -6.78401   -7.63396  12.5%     -    1s
     0     0   -7.63392    0  149   -6.78401   -7.63392  12.5%     -    1s
     0     0   -7.63364    0  156   -6.78401   -7.63364  12.5%     -    1s
     0     0   -7.63169    0  152   -6.78401   -7.63169  12.5%     -    1s
     0     0   -7.63098    0  147   -6.78401   -7.63098  12.5%     -    1s
     0     0   -7.63090    0  146   -6.78401   -7.63090  12.5%     -    1s
     0     0   -7.62695    0  147   -6.78401   -7.62695  12.4%     -    2s
     0     0   -7.62695    0  153   -6.78401   -7.62695  12.4%     -    2s
     0     0   -7.62695    0  152   -6.78401   -7.62695  12.4%     -    2s
     0     0   -7.62695    0  155   -6.78401   -7.62695  12.4%     -    2s
     0     0   -7.62695    0  151   -6.78401   -7.62695  12.4%     -    2s
     0     0   -7.62651    0  107   -6.78401   -7.62651  12.4%     -    2s
     0     0   -7.62651    0  142   -6.78401   -7.62651  12.4%     -    2s
     0     0   -7.62214    0  111   -6.78401   -7.62214  12.4%     -    2s
     0     0   -7.53504    0  124   -6.78401   -7.53504  11.1%     -    2s
     0     0   -7.52723    0  110   -6.78401   -7.52723  11.0%     -    2s
     0     0   -7.51973    0  119   -6.78401   -7.51973  10.8%     -    2s
     0     0   -7.51960    0  114   -6.78401   -7.51960  10.8%     -    2s
     0     0   -7.50559    0  117   -6.78401   -7.50559  10.6%     -    2s
     0     0   -7.50446    0  118   -6.78401   -7.50446  10.6%     -    2s
     0     0   -7.50440    0  121   -6.78401   -7.50440  10.6%     -    2s
     0     0   -7.50119    0  118   -6.78401   -7.50119  10.6%     -    3s
     0     0   -7.50112    0  122   -6.78401   -7.50112  10.6%     -    3s
     0     0   -7.49878    0  118   -6.78401   -7.49878  10.5%     -    3s
     0     0   -7.49865    0  126   -6.78401   -7.49865  10.5%     -    3s
     0     0   -7.49692    0  124   -6.78401   -7.49692  10.5%     -    3s
     0     0   -7.49607    0  125   -6.78401   -7.49607  10.5%     -    3s
     0     0   -7.49597    0  129   -6.78401   -7.49597  10.5%     -    3s
     0     0   -7.49442    0  135   -6.78401   -7.49442  10.5%     -    3s
     0     0   -7.49369    0  121   -6.78401   -7.49369  10.5%     -    3s
     0     0   -7.49333    0  131   -6.78401   -7.49333  10.5%     -    3s
     0     0   -7.49327    0  134   -6.78401   -7.49327  10.5%     -    3s
     0     0   -7.49286    0  133   -6.78401   -7.49286  10.4%     -    3s
     0     0   -7.49286    0  134   -6.78401   -7.49286  10.4%     -    3s
     0     0   -7.49270    0  134   -6.78401   -7.49270  10.4%     -    3s
     0     0   -7.49149    0  135   -6.78401   -7.49149  10.4%     -    3s
     0     0   -7.49132    0  139   -6.78401   -7.49132  10.4%     -    3s
     0     0   -7.49132    0  139   -6.78401   -7.49132  10.4%     -    3s
     0     0   -7.49100    0  139   -6.78401   -7.49100  10.4%     -    3s
     0     0   -7.47511    0  126   -6.78401   -7.47511  10.2%     -    3s
     0     0   -7.45688    0  133   -6.78401   -7.45688  9.92%     -    3s
     0     0   -7.45554    0  131   -6.78401   -7.45554  9.90%     -    3s
     0     0   -7.44833    0  134   -6.78401   -7.44833  9.79%     -    3s
     0     0   -7.44663    0  134   -6.78401   -7.44663  9.77%     -    3s
     0     0   -7.44655    0  133   -6.78401   -7.44655  9.77%     -    3s
     0     0   -7.44592    0  130   -6.78401   -7.44592  9.76%     -    3s
     0     0   -7.44581    0  137   -6.78401   -7.44581  9.76%     -    3s
     0     0   -7.44562    0  136   -6.78401   -7.44562  9.75%     -    3s
     0     0   -7.44465    0  136   -6.78401   -7.44465  9.74%     -    3s
     0     0   -7.44465    0  141   -6.78401   -7.44465  9.74%     -    3s
     0     0   -7.44411    0  141   -6.78401   -7.44411  9.73%     -    3s
     0     0   -7.44411    0  135   -6.78401   -7.44411  9.73%     -    3s
     0     2   -7.43230    0  133   -6.78401   -7.43230  9.56%     -    3s

Cutting planes:
  Gomory: 3
  Implied bound: 7
  MIR: 18
  Flow cover: 100
  Zero half: 2
  RLT: 134
  BQP: 1

Explored 19 nodes (16582 simplex iterations) in 4.04 seconds
Thread count was 4 (of 4 available processors)

Solution count 4: -6.78401 -6.76237 -1.72821 -0.0454123 

Optimal solution found (tolerance 5.00e-02)
Best objective -6.784005059858e+00, best bound -7.029200078653e+00, gap 3.6143%
Gurobi Optimizer version 9.1.1 build v9.1.1rc0 (linux64)
Thread count: 2 physical cores, 4 logical processors, using up to 4 threads
Optimize a model with 20207 rows, 6780 columns and 52093 nonzeros
Model fingerprint: 0x121ca0a1
Variable types: 1881 continuous, 4899 integer (4523 binary)
Coefficient statistics:
  Matrix range     [1e-02, 6e+05]
  Objective range  [5e-03, 1e+00]
  Bounds range     [1e+00, 1e+00]
  RHS range        [1e+00, 2e+05]

MIP start from previous solve did not produce a new incumbent solution
MIP start from previous solve violates constraint circular by 1.000000000

Presolve removed 17245 rows and 3575 columns
Presolve time: 0.09s
Presolved: 2962 rows, 3205 columns, 16327 nonzeros
Variable types: 715 continuous, 2490 integer (2490 binary)
Found heuristic solution: objective -0.0454123

Root relaxation: objective -8.179305e+00, 2015 iterations, 0.05 seconds

    Nodes    |    Current Node    |     Objective Bounds      |     Work
 Expl Unexpl |  Obj  Depth IntInf | Incumbent    BestBd   Gap | It/Node Time

     0     0   -8.17930    0  103   -0.04541   -8.17930      -     -    0s
H    0     0                      -1.7282113   -8.17930   373%     -    0s
     0     0   -7.97534    0  141   -1.72821   -7.97534   361%     -    0s
H    0     0                      -6.7612186   -7.97534  18.0%     -    0s
     0     0   -7.90092    0  132   -6.76122   -7.90092  16.9%     -    0s
     0     0   -7.85429    0  130   -6.76122   -7.85429  16.2%     -    0s
     0     0   -7.85355    0  126   -6.76122   -7.85355  16.2%     -    0s
     0     0   -7.85355    0  124   -6.76122   -7.85355  16.2%     -    0s
     0     0   -7.79746    0  130   -6.76122   -7.79746  15.3%     -    0s
     0     0   -7.78741    0  138   -6.76122   -7.78741  15.2%     -    0s
     0     0   -7.78488    0  139   -6.76122   -7.78488  15.1%     -    0s
     0     0   -7.77580    0  139   -6.76122   -7.77580  15.0%     -    0s
     0     0   -7.77580    0  137   -6.76122   -7.77580  15.0%     -    0s
     0     0   -7.74482    0  126   -6.76122   -7.74482  14.5%     -    1s
     0     0   -7.70561    0  136   -6.76122   -7.70561  14.0%     -    1s
     0     0   -7.70351    0  147   -6.76122   -7.70351  13.9%     -    1s
     0     0   -7.70351    0  148   -6.76122   -7.70351  13.9%     -    1s
     0     0   -7.70062    0  140   -6.76122   -7.70062  13.9%     -    1s
     0     0   -7.69879    0  130   -6.76122   -7.69879  13.9%     -    1s
     0     0   -7.68905    0  121   -6.76122   -7.68905  13.7%     -    1s
     0     0   -7.68904    0  121   -6.76122   -7.68904  13.7%     -    1s
     0     0   -7.67988    0  135   -6.76122   -7.67988  13.6%     -    1s
     0     0   -7.67864    0  143   -6.76122   -7.67864  13.6%     -    1s
     0     0   -7.67520    0  143   -6.76122   -7.67520  13.5%     -    1s
     0     0   -7.67517    0  149   -6.76122   -7.67517  13.5%     -    1s
     0     0   -7.66696    0  149   -6.76122   -7.66696  13.4%     -    1s
     0     0   -7.66677    0  154   -6.76122   -7.66677  13.4%     -    1s
     0     0   -7.65751    0  160   -6.76122   -7.65751  13.3%     -    1s
     0     0   -7.65021    0  146   -6.76122   -7.65021  13.1%     -    1s
     0     0   -7.64913    0  149   -6.76122   -7.64913  13.1%     -    1s
     0     0   -7.64913    0  149   -6.76122   -7.64913  13.1%     -    1s
     0     0   -7.63692    0  151   -6.76122   -7.63692  13.0%     -    1s
     0     0   -7.63679    0  147   -6.76122   -7.63679  12.9%     -    1s
     0     0   -7.63627    0  149   -6.76122   -7.63627  12.9%     -    1s
     0     0   -7.63627    0  140   -6.76122   -7.63627  12.9%     -    1s
     0     0   -7.63618    0  101   -6.76122   -7.63618  12.9%     -    1s
     0     0   -7.63618    0  132   -6.76122   -7.63618  12.9%     -    1s
     0     0   -7.63618    0  125   -6.76122   -7.63618  12.9%     -    2s
     0     0   -7.63618    0  130   -6.76122   -7.63618  12.9%     -    2s
H    0     0                      -6.7623741   -7.63618  12.9%     -    2s
     0     0   -7.63618    0  124   -6.76237   -7.63618  12.9%     -    2s
     0     0   -7.63618    0  135   -6.76237   -7.63618  12.9%     -    2s
     0     0   -7.63618    0  134   -6.76237   -7.63618  12.9%     -    2s
     0     0   -7.63618    0  140   -6.76237   -7.63618  12.9%     -    2s
     0     0   -7.63618    0  149   -6.76237   -7.63618  12.9%     -    2s
     0     0   -7.63618    0  150   -6.76237   -7.63618  12.9%     -    2s
     0     0   -7.63618    0  151   -6.76237   -7.63618  12.9%     -    2s
     0     0   -7.63618    0  148   -6.76237   -7.63618  12.9%     -    2s
     0     0   -7.63618    0  150   -6.76237   -7.63618  12.9%     -    2s
     0     0   -7.63618    0  149   -6.76237   -7.63618  12.9%     -    2s
     0     0   -7.63618    0  125   -6.76237   -7.63618  12.9%     -    2s
     0     2   -7.63484    0  125   -6.76237   -7.63484  12.9%     -    2s
*  188   106              34      -6.7840051   -7.52418  10.9%  54.2    4s
   375   147   -6.84911   20   36   -6.78401   -7.22472  6.50%  51.3    5s
H  577   248                      -6.7840051   -7.06193  4.10%  43.7    5s

Cutting planes:
  Gomory: 10
  Implied bound: 12
  Clique: 1
  MIR: 15
  Flow cover: 165
  Zero half: 3
  RLT: 127
  BQP: 1

Explored 580 nodes (37692 simplex iterations) in 5.45 seconds
Thread count was 4 (of 4 available processors)

Solution count 6: -6.78401 -6.78401 -6.76237 ... -0.0454123

Optimal solution found (tolerance 5.00e-02)
Best objective -6.784005121610e+00, best bound -7.061934486123e+00, gap 4.0968%

Gurobi 9.1.1 (linux64) logging started Thu Dec  2 01:29:17 2021

Changed value of parameter LogFile to /home/aniket/python_scripts/Plasmids-Optimization/exp/2021-06-14__iterative_MILP_edge_novelty/output/sample_87/1.1.1/nplasmids_1/MILP/m.log
   Prev:   Default: 
Changed value of parameter TimeLimit to 240.0
   Prev: inf  Min: 0.0  Max: inf  Default: inf
Changed value of parameter MIPGap to 0.05
   Prev: 0.0001  Min: 0.0  Max: inf  Default: 0.0001
Gurobi Optimizer version 9.1.1 build v9.1.1rc0 (linux64)
Thread count: 2 physical cores, 4 logical processors, using up to 4 threads
Optimize a model with 18633 rows, 6247 columns and 47825 nonzeros
Model fingerprint: 0xdd1853e9
Variable types: 1741 continuous, 4506 integer (4158 binary)
Coefficient statistics:
  Matrix range     [1e-02, 6e+05]
  Objective range  [5e-03, 1e+00]
  Bounds range     [1e+00, 1e+00]
  RHS range        [1e+00, 2e+05]
Presolve removed 15915 rows and 3315 columns
Presolve time: 0.08s
Presolved: 2718 rows, 2932 columns, 14979 nonzeros
Variable types: 659 continuous, 2273 integer (2273 binary)
Found heuristic solution: objective -0.0454123

Root relaxation: objective -5.255716e+00, 1678 iterations, 0.03 seconds

    Nodes    |    Current Node    |     Objective Bounds      |     Work
 Expl Unexpl |  Obj  Depth IntInf | Incumbent    BestBd   Gap | It/Node Time

     0     0   -5.25572    0   39   -0.04541   -5.25572      -     -    0s
H    0     0                      -1.0000000   -5.25572   426%     -    0s
     0     0   -5.21419    0   39   -1.00000   -5.21419   421%     -    0s
H    0     0                      -4.4062717   -5.21419  18.3%     -    0s
     0     0   -5.21312    0   37   -4.40627   -5.21312  18.3%     -    0s
     0     0   -5.13789    0   34   -4.40627   -5.13789  16.6%     -    0s
     0     0   -5.11618    0   34   -4.40627   -5.11618  16.1%     -    0s
     0     0   -5.07805    0   41   -4.40627   -5.07805  15.2%     -    0s
     0     0   -5.07552    0   43   -4.40627   -5.07552  15.2%     -    0s
     0     0   -5.05830    0   48   -4.40627   -5.05830  14.8%     -    0s
     0     0   -5.05830    0   47   -4.40627   -5.05830  14.8%     -    0s
     0     0   -5.05830    0   46   -4.40627   -5.05830  14.8%     -    0s
     0     0   -5.05830    0   48   -4.40627   -5.05830  14.8%     -    0s
     0     0   -5.05830    0   43   -4.40627   -5.05830  14.8%     -    0s
     0     0   -5.05830    0   51   -4.40627   -5.05830  14.8%     -    0s
     0     0   -5.05531    0   52   -4.40627   -5.05531  14.7%     -    0s
     0     0   -5.05531    0   48   -4.40627   -5.05531  14.7%     -    0s
     0     0   -5.05474    0   50   -4.40627   -5.05474  14.7%     -    0s
     0     0   -5.05474    0   49   -4.40627   -5.05474  14.7%     -    0s
     0     0   -5.05395    0   52   -4.40627   -5.05395  14.7%     -    0s
     0     0   -5.05333    0   48   -4.40627   -5.05333  14.7%     -    0s
     0     0   -5.03709    0   45   -4.40627   -5.03709  14.3%     -    0s
     0     0   -5.03709    0   45   -4.40627   -5.03709  14.3%     -    0s
     0     0   -5.03709    0   49   -4.40627   -5.03709  14.3%     -    0s
     0     0   -5.03709    0   50   -4.40627   -5.03709  14.3%     -    0s
     0     0   -5.03709    0   42   -4.40627   -5.03709  14.3%     -    0s
     0     0   -5.03709    0   50   -4.40627   -5.03709  14.3%     -    0s
     0     0   -5.03709    0   45   -4.40627   -5.03709  14.3%     -    0s
     0     0   -5.03709    0   45   -4.40627   -5.03709  14.3%     -    0s
     0     0   -5.02296    0   33   -4.40627   -5.02296  14.0%     -    1s
     0     0   -5.02296    0   41   -4.40627   -5.02296  14.0%     -    1s
H    0     0                      -4.7311081   -5.02296  6.17%     -    1s
     0     0   -5.02296    0   40   -4.73111   -5.02296  6.17%     -    1s
     0     0   -4.97652    0   27   -4.73111   -4.97652  5.19%     -    1s
     0     0   -4.97652    0   36   -4.73111   -4.97652  5.19%     -    1s
     0     0   -4.97652    0   42   -4.73111   -4.97652  5.19%     -    1s
     0     0   -4.87259    0    9   -4.73111   -4.87259  2.99%     -    1s

Cutting planes:
  Gomory: 3
  Implied bound: 1
  MIR: 2
  Flow cover: 15
  RLT: 16
  BQP: 1

Explored 1 nodes (10075 simplex iterations) in 1.43 seconds
Thread count was 4 (of 4 available processors)

Solution count 4: -4.73111 -4.40627 -1 -0.0454123 

Optimal solution found (tolerance 5.00e-02)
Best objective -4.731108072500e+00, best bound -4.872594455582e+00, gap 2.9906%
Gurobi Optimizer version 9.1.1 build v9.1.1rc0 (linux64)
Thread count: 2 physical cores, 4 logical processors, using up to 4 threads
Optimize a model with 18635 rows, 6247 columns and 47833 nonzeros
Model fingerprint: 0xb864e4de
Variable types: 1741 continuous, 4506 integer (4158 binary)
Coefficient statistics:
  Matrix range     [1e-02, 6e+05]
  Objective range  [5e-03, 1e+00]
  Bounds range     [1e+00, 1e+00]
  RHS range        [1e+00, 2e+05]

MIP start from previous solve did not produce a new incumbent solution
MIP start from previous solve violates constraint circular by 1.000000000

Presolve removed 15917 rows and 3315 columns
Presolve time: 0.08s
Presolved: 2718 rows, 2932 columns, 14991 nonzeros
Variable types: 659 continuous, 2273 integer (2273 binary)
Found heuristic solution: objective -0.0454123

Root relaxation: objective -5.131135e+00, 1845 iterations, 0.04 seconds

    Nodes    |    Current Node    |     Objective Bounds      |     Work
 Expl Unexpl |  Obj  Depth IntInf | Incumbent    BestBd   Gap | It/Node Time

     0     0   -5.13114    0   28   -0.04541   -5.13114      -     -    0s
H    0     0                      -1.4139674   -5.13114   263%     -    0s
     0     0   -5.13114    0   32   -1.41397   -5.13114   263%     -    0s
H    0     0                      -4.4062717   -5.13114  16.5%     -    0s
     0     0   -5.06775    0   42   -4.40627   -5.06775  15.0%     -    0s
     0     0   -5.03882    0   34   -4.40627   -5.03882  14.4%     -    0s
     0     0   -5.03882    0   34   -4.40627   -5.03882  14.4%     -    0s
     0     0   -5.03882    0   37   -4.40627   -5.03882  14.4%     -    0s
     0     0   -5.03059    0   30   -4.40627   -5.03059  14.2%     -    0s
     0     0   -5.00388    0   30   -4.40627   -5.00388  13.6%     -    0s
     0     0   -5.00388    0   34   -4.40627   -5.00388  13.6%     -    0s
     0     0   -5.00388    0   38   -4.40627   -5.00388  13.6%     -    0s
     0     0   -5.00388    0   38   -4.40627   -5.00388  13.6%     -    0s
     0     0   -5.00356    0   28   -4.40627   -5.00356  13.6%     -    0s
     0     0   -4.99078    0   37   -4.40627   -4.99078  13.3%     -    0s
     0     0   -4.99078    0   40   -4.40627   -4.99078  13.3%     -    0s
     0     0   -4.99078    0   46   -4.40627   -4.99078  13.3%     -    0s
     0     0   -4.99078    0   47   -4.40627   -4.99078  13.3%     -    0s
     0     0   -4.98757    0   47   -4.40627   -4.98757  13.2%     -    0s
     0     0   -4.98697    0   54   -4.40627   -4.98697  13.2%     -    0s
     0     0   -4.98651    0   51   -4.40627   -4.98651  13.2%     -    0s
     0     0   -4.97797    0   52   -4.40627   -4.97797  13.0%     -    0s
     0     0   -4.97791    0   52   -4.40627   -4.97791  13.0%     -    0s
     0     0   -4.97781    0   49   -4.40627   -4.97781  13.0%     -    0s
     0     0   -4.97781    0   52   -4.40627   -4.97781  13.0%     -    0s
     0     0   -4.97781    0   52   -4.40627   -4.97781  13.0%     -    0s
     0     0   -4.97781    0   40   -4.40627   -4.97781  13.0%     -    1s
H    0     0                      -4.7311081   -4.97781  5.21%     -    1s

Cutting planes:
  Gomory: 1
  MIR: 4
  Flow cover: 14
  RLT: 39

Explored 1 nodes (8532 simplex iterations) in 1.14 seconds
Thread count was 4 (of 4 available processors)

Solution count 4: -4.73111 -4.40627 -1.41397 -0.0454123 

Optimal solution found (tolerance 5.00e-02)
Best objective -4.731108072500e+00, best bound -4.955533737102e+00, gap 4.7436%

Gurobi 9.1.1 (linux64) logging started Thu Dec  2 01:29:20 2021

Changed value of parameter LogFile to /home/aniket/python_scripts/Plasmids-Optimization/exp/2021-06-14__iterative_MILP_edge_novelty/output/sample_87/1.1.1/nplasmids_1/MILP/m.log
   Prev:   Default: 
Changed value of parameter TimeLimit to 240.0
   Prev: inf  Min: 0.0  Max: inf  Default: inf
Changed value of parameter MIPGap to 0.05
   Prev: 0.0001  Min: 0.0  Max: inf  Default: 0.0001
Gurobi Optimizer version 9.1.1 build v9.1.1rc0 (linux64)
Thread count: 2 physical cores, 4 logical processors, using up to 4 threads
Optimize a model with 18001 rows, 6033 columns and 45997 nonzeros
Model fingerprint: 0x0c1cb48b
Variable types: 1691 continuous, 4342 integer (4004 binary)
Coefficient statistics:
  Matrix range     [1e-02, 6e+05]
  Objective range  [5e-03, 1e+00]
  Bounds range     [1e+00, 1e+00]
  RHS range        [1e+00, 2e+05]
Presolve removed 15371 rows and 3223 columns
Presolve time: 0.07s
Presolved: 2630 rows, 2810 columns, 14307 nonzeros
Variable types: 639 continuous, 2171 integer (2171 binary)
Found heuristic solution: objective -0.0454123

Root relaxation: objective -3.721305e+00, 1753 iterations, 0.04 seconds

    Nodes    |    Current Node    |     Objective Bounds      |     Work
 Expl Unexpl |  Obj  Depth IntInf | Incumbent    BestBd   Gap | It/Node Time

     0     0   -3.72130    0   28   -0.04541   -3.72130  8094%     -    0s
H    0     0                      -0.9977169   -3.72130   273%     -    0s
     0     0   -3.45418    0   69   -0.99772   -3.45418   246%     -    0s
H    0     0                      -2.6991087   -3.45418  28.0%     -    0s
     0     0   -3.36069    0  101   -2.69911   -3.36069  24.5%     -    0s
     0     0   -3.30347    0   35   -2.69911   -3.30347  22.4%     -    0s
     0     0   -3.28787    0   77   -2.69911   -3.28787  21.8%     -    0s
     0     0   -3.28787    0   77   -2.69911   -3.28787  21.8%     -    0s
     0     0   -3.25963    0   36   -2.69911   -3.25963  20.8%     -    0s
H    0     0                      -2.9703068   -3.25963  9.74%     -    0s
     0     0   -3.23674    0   62   -2.97031   -3.23674  8.97%     -    0s
     0     0   -3.23674    0   62   -2.97031   -3.23674  8.97%     -    0s
     0     0   -3.22343    0   23   -2.97031   -3.22343  8.52%     -    0s
     0     0   -3.22343    0   20   -2.97031   -3.22343  8.52%     -    0s
H    0     0                      -2.9703115   -3.22343  8.52%     -    0s
     0     0   -3.22343    0   20   -2.97031   -3.22343  8.52%     -    0s
     0     0   -3.22343    0   20   -2.97031   -3.22343  8.52%     -    0s
     0     0   -3.15794    0   17   -2.97031   -3.15794  6.32%     -    0s
     0     0   -3.15513    0   17   -2.97031   -3.15513  6.22%     -    0s
     0     0   -3.04839    0   17   -2.97031   -3.04839  2.63%     -    0s

Cutting planes:
  Gomory: 2
  MIR: 4
  Flow cover: 7
  RLT: 17
  Relax-and-lift: 1

Explored 1 nodes (5647 simplex iterations) in 0.92 seconds
Thread count was 4 (of 4 available processors)

Solution count 5: -2.97031 -2.97031 -2.69911 ... -0.0454123

Optimal solution found (tolerance 5.00e-02)
Best objective -2.970311541698e+00, best bound -3.048394191629e+00, gap 2.6288%

Gurobi 9.1.1 (linux64) logging started Thu Dec  2 01:29:22 2021

Changed value of parameter LogFile to /home/aniket/python_scripts/Plasmids-Optimization/exp/2021-06-14__iterative_MILP_edge_novelty/output/sample_87/1.1.1/nplasmids_1/MILP/m.log
   Prev:   Default: 
Changed value of parameter TimeLimit to 240.0
   Prev: inf  Min: 0.0  Max: inf  Default: inf
Changed value of parameter MIPGap to 0.05
   Prev: 0.0001  Min: 0.0  Max: inf  Default: 0.0001
Gurobi Optimizer version 9.1.1 build v9.1.1rc0 (linux64)
Thread count: 2 physical cores, 4 logical processors, using up to 4 threads
Optimize a model with 17434 rows, 5841 columns and 44361 nonzeros
Model fingerprint: 0xe2e5a151
Variable types: 1646 continuous, 4195 integer (3866 binary)
Coefficient statistics:
  Matrix range     [1e-02, 6e+05]
  Objective range  [5e-03, 1e+00]
  Bounds range     [1e+00, 1e+00]
  RHS range        [1e+00, 2e+05]
Presolve removed 14893 rows and 3139 columns
Presolve time: 0.07s
Presolved: 2541 rows, 2702 columns, 13751 nonzeros
Variable types: 621 continuous, 2081 integer (2081 binary)
Found heuristic solution: objective -0.0454123

Root relaxation: objective -1.891315e+00, 1690 iterations, 0.04 seconds

    Nodes    |    Current Node    |     Objective Bounds      |     Work
 Expl Unexpl |  Obj  Depth IntInf | Incumbent    BestBd   Gap | It/Node Time

     0     0   -1.89132    0    6   -0.04541   -1.89132  4065%     -    0s
H    0     0                      -0.9977169   -1.89132  89.6%     -    0s
*    0     0               0      -1.8443473   -1.84435  0.00%     -    0s

Cutting planes:
  Gomory: 1
  Flow cover: 4
  RLT: 2
  BQP: 1

Explored 1 nodes (2840 simplex iterations) in 0.18 seconds
Thread count was 4 (of 4 available processors)

Solution count 3: -1.84435 -0.997717 -0.0454123 
No other solutions better than -1.84435

Optimal solution found (tolerance 5.00e-02)
Best objective -1.844347266895e+00, best bound -1.844347266895e+00, gap 0.0000%

Gurobi 9.1.1 (linux64) logging started Thu Dec  2 01:29:22 2021

Changed value of parameter LogFile to /home/aniket/python_scripts/Plasmids-Optimization/exp/2021-06-14__iterative_MILP_edge_novelty/output/sample_87/1.1.1/nplasmids_1/MILP/m.log
   Prev:   Default: 
Changed value of parameter TimeLimit to 240.0
   Prev: inf  Min: 0.0  Max: inf  Default: inf
Changed value of parameter MIPGap to 0.05
   Prev: 0.0001  Min: 0.0  Max: inf  Default: 0.0001
Gurobi Optimizer version 9.1.1 build v9.1.1rc0 (linux64)
Thread count: 2 physical cores, 4 logical processors, using up to 4 threads
Optimize a model with 17358 rows, 5815 columns and 44213 nonzeros
Model fingerprint: 0x525ea0f5
Variable types: 1636 continuous, 4179 integer (3852 binary)
Coefficient statistics:
  Matrix range     [1e-02, 6e+05]
  Objective range  [5e-03, 1e+00]
  Bounds range     [1e+00, 1e+00]
  RHS range        [1e+00, 2e+05]
Presolve removed 14832 rows and 3121 columns
Presolve time: 0.07s
Presolved: 2526 rows, 2694 columns, 13702 nonzeros
Variable types: 617 continuous, 2077 integer (2077 binary)
Found heuristic solution: objective -0.0454123

Root relaxation: objective -1.599155e+00, 1652 iterations, 0.03 seconds

    Nodes    |    Current Node    |     Objective Bounds      |     Work
 Expl Unexpl |  Obj  Depth IntInf | Incumbent    BestBd   Gap | It/Node Time

     0     0   -1.59915    0    4   -0.04541   -1.59915  3421%     -    0s
H    0     0                      -0.9274596   -1.59915  72.4%     -    0s
*    0     0               0      -1.5870451   -1.58705  0.00%     -    0s

Cutting planes:
  Flow cover: 4
  RLT: 1

Explored 1 nodes (2948 simplex iterations) in 0.17 seconds
Thread count was 4 (of 4 available processors)

Solution count 3: -1.58705 -0.92746 -0.0454123 
No other solutions better than -1.58705

Optimal solution found (tolerance 5.00e-02)
Best objective -1.587045112606e+00, best bound -1.587045112606e+00, gap 0.0000%

Gurobi 9.1.1 (linux64) logging started Thu Dec  2 01:29:22 2021

Changed value of parameter LogFile to /home/aniket/python_scripts/Plasmids-Optimization/exp/2021-06-14__iterative_MILP_edge_novelty/output/sample_87/1.1.1/nplasmids_1/MILP/m.log
   Prev:   Default: 
Changed value of parameter TimeLimit to 240.0
   Prev: inf  Min: 0.0  Max: inf  Default: inf
Changed value of parameter MIPGap to 0.05
   Prev: 0.0001  Min: 0.0  Max: inf  Default: 0.0001
Gurobi Optimizer version 9.1.1 build v9.1.1rc0 (linux64)
Thread count: 2 physical cores, 4 logical processors, using up to 4 threads
Optimize a model with 17276 rows, 5787 columns and 44039 nonzeros
Model fingerprint: 0x473829a9
Variable types: 1626 continuous, 4161 integer (3836 binary)
Coefficient statistics:
  Matrix range     [1e-02, 6e+05]
  Objective range  [5e-03, 1e+00]
  Bounds range     [1e+00, 1e+00]
  RHS range        [1e+00, 2e+05]
Presolve removed 14769 rows and 3103 columns
Presolve time: 0.06s
Presolved: 2507 rows, 2684 columns, 13642 nonzeros
Variable types: 613 continuous, 2071 integer (2071 binary)
Found heuristic solution: objective -0.0454123

Root relaxation: objective -9.274596e-01, 1940 iterations, 0.04 seconds

    Nodes    |    Current Node    |     Objective Bounds      |     Work
 Expl Unexpl |  Obj  Depth IntInf | Incumbent    BestBd   Gap | It/Node Time

*    0     0               0      -0.9274596   -0.92746  0.00%     -    0s

Explored 0 nodes (2616 simplex iterations) in 0.14 seconds
Thread count was 4 (of 4 available processors)

Solution count 2: -0.92746 -0.0454123 

Optimal solution found (tolerance 5.00e-02)
Best objective -9.274595738250e-01, best bound -9.274595738250e-01, gap 0.0000%

Gurobi 9.1.1 (linux64) logging started Thu Dec  2 01:29:23 2021

Changed value of parameter LogFile to /home/aniket/python_scripts/Plasmids-Optimization/exp/2021-06-14__iterative_MILP_edge_novelty/output/sample_87/1.1.1/nplasmids_1/MILP/m.log
   Prev:   Default: 
Changed value of parameter TimeLimit to 240.0
   Prev: inf  Min: 0.0  Max: inf  Default: inf
Changed value of parameter MIPGap to 0.05
   Prev: 0.0001  Min: 0.0  Max: inf  Default: 0.0001
Gurobi Optimizer version 9.1.1 build v9.1.1rc0 (linux64)
Thread count: 2 physical cores, 4 logical processors, using up to 4 threads
Optimize a model with 17226 rows, 5770 columns and 43913 nonzeros
Model fingerprint: 0xf75f00f8
Variable types: 1621 continuous, 4149 integer (3825 binary)
Coefficient statistics:
  Matrix range     [1e-02, 6e+05]
  Objective range  [5e-03, 1e+00]
  Bounds range     [1e+00, 1e+00]
  RHS range        [1e+00, 2e+05]
Presolve removed 14729 rows and 3092 columns
Presolve time: 0.06s
Presolved: 2497 rows, 2678 columns, 13609 nonzeros
Variable types: 611 continuous, 2067 integer (2067 binary)
Found heuristic solution: objective -0.0454123

Root relaxation: objective -8.810644e-01, 2141 iterations, 0.05 seconds

    Nodes    |    Current Node    |     Objective Bounds      |     Work
 Expl Unexpl |  Obj  Depth IntInf | Incumbent    BestBd   Gap | It/Node Time

*    0     0               0      -0.8810644   -0.88106  0.00%     -    0s

Explored 0 nodes (2141 simplex iterations) in 0.14 seconds
Thread count was 4 (of 4 available processors)

Solution count 2: -0.881064 -0.0454123 

Optimal solution found (tolerance 5.00e-02)
Best objective -8.810643588211e-01, best bound -8.810643588211e-01, gap 0.0000%

Gurobi 9.1.1 (linux64) logging started Thu Dec  2 01:29:23 2021

Changed value of parameter LogFile to /home/aniket/python_scripts/Plasmids-Optimization/exp/2021-06-14__iterative_MILP_edge_novelty/output/sample_87/1.1.1/nplasmids_1/MILP/m.log
   Prev:   Default: 
Changed value of parameter TimeLimit to 240.0
   Prev: inf  Min: 0.0  Max: inf  Default: inf
Changed value of parameter MIPGap to 0.05
   Prev: 0.0001  Min: 0.0  Max: inf  Default: 0.0001
Gurobi Optimizer version 9.1.1 build v9.1.1rc0 (linux64)
Thread count: 2 physical cores, 4 logical processors, using up to 4 threads
Optimize a model with 17191 rows, 5758 columns and 43852 nonzeros
Model fingerprint: 0x2c80ad15
Variable types: 1616 continuous, 4142 integer (3819 binary)
Coefficient statistics:
  Matrix range     [1e-02, 6e+05]
  Objective range  [5e-03, 1e+00]
  Bounds range     [1e+00, 1e+00]
  RHS range        [1e+00, 2e+05]
Presolve removed 14700 rows and 3083 columns
Presolve time: 0.06s
Presolved: 2491 rows, 2675 columns, 13589 nonzeros
Variable types: 609 continuous, 2066 integer (2066 binary)
Found heuristic solution: objective -0.0454123

Root relaxation: objective -8.429913e-01, 1511 iterations, 0.03 seconds

    Nodes    |    Current Node    |     Objective Bounds      |     Work
 Expl Unexpl |  Obj  Depth IntInf | Incumbent    BestBd   Gap | It/Node Time

*    0     0               0      -0.8429913   -0.84299  0.00%     -    0s

Explored 0 nodes (2387 simplex iterations) in 0.14 seconds
Thread count was 4 (of 4 available processors)

Solution count 2: -0.842991 -0.0454123 

Optimal solution found (tolerance 5.00e-02)
Best objective -8.429913166755e-01, best bound -8.429913166755e-01, gap 0.0000%

Gurobi 9.1.1 (linux64) logging started Thu Dec  2 01:29:24 2021

Changed value of parameter LogFile to /home/aniket/python_scripts/Plasmids-Optimization/exp/2021-06-14__iterative_MILP_edge_novelty/output/sample_87/1.1.1/nplasmids_1/MILP/m.log
   Prev:   Default: 
Changed value of parameter TimeLimit to 240.0
   Prev: inf  Min: 0.0  Max: inf  Default: inf
Changed value of parameter MIPGap to 0.05
   Prev: 0.0001  Min: 0.0  Max: inf  Default: 0.0001
Gurobi Optimizer version 9.1.1 build v9.1.1rc0 (linux64)
Thread count: 2 physical cores, 4 logical processors, using up to 4 threads
Optimize a model with 17156 rows, 5746 columns and 43791 nonzeros
Model fingerprint: 0xa2cefb56
Variable types: 1611 continuous, 4135 integer (3813 binary)
Coefficient statistics:
  Matrix range     [1e-02, 6e+05]
  Objective range  [5e-03, 1e+00]
  Bounds range     [1e+00, 1e+00]
  RHS range        [1e+00, 2e+05]
Presolve removed 14671 rows and 3074 columns
Presolve time: 0.06s
Presolved: 2485 rows, 2672 columns, 13569 nonzeros
Variable types: 607 continuous, 2065 integer (2065 binary)
Found heuristic solution: objective -0.0454123

Root relaxation: objective -8.429913e-01, 1484 iterations, 0.04 seconds

    Nodes    |    Current Node    |     Objective Bounds      |     Work
 Expl Unexpl |  Obj  Depth IntInf | Incumbent    BestBd   Gap | It/Node Time

H    0     0                      -0.8429913   -3.22974   283%     -    0s
     0     0          -    0        -0.84299   -0.84299  0.00%     -    0s

Explored 0 nodes (2079 simplex iterations) in 0.14 seconds
Thread count was 4 (of 4 available processors)

Solution count 2: -0.842991 -0.0454123 

Optimal solution found (tolerance 5.00e-02)
Best objective -8.429913166755e-01, best bound -8.429913166755e-01, gap 0.0000%

Gurobi 9.1.1 (linux64) logging started Thu Dec  2 01:29:24 2021

Changed value of parameter LogFile to /home/aniket/python_scripts/Plasmids-Optimization/exp/2021-06-14__iterative_MILP_edge_novelty/output/sample_87/1.1.1/nplasmids_1/MILP/m.log
   Prev:   Default: 
Changed value of parameter TimeLimit to 240.0
   Prev: inf  Min: 0.0  Max: inf  Default: inf
Changed value of parameter MIPGap to 0.05
   Prev: 0.0001  Min: 0.0  Max: inf  Default: 0.0001
Gurobi Optimizer version 9.1.1 build v9.1.1rc0 (linux64)
Thread count: 2 physical cores, 4 logical processors, using up to 4 threads
Optimize a model with 17121 rows, 5734 columns and 43730 nonzeros
Model fingerprint: 0x22ad168e
Variable types: 1606 continuous, 4128 integer (3807 binary)
Coefficient statistics:
  Matrix range     [1e-02, 6e+05]
  Objective range  [5e-03, 1e+00]
  Bounds range     [1e+00, 1e+00]
  RHS range        [1e+00, 2e+05]
Presolve removed 14642 rows and 3065 columns
Presolve time: 0.07s
Presolved: 2479 rows, 2669 columns, 13549 nonzeros
Variable types: 605 continuous, 2064 integer (2064 binary)
Found heuristic solution: objective -0.0454123

Root relaxation: objective -8.045260e-01, 1454 iterations, 0.04 seconds

    Nodes    |    Current Node    |     Objective Bounds      |     Work
 Expl Unexpl |  Obj  Depth IntInf | Incumbent    BestBd   Gap | It/Node Time

*    0     0               0      -0.8045260   -0.80453  0.00%     -    0s

Explored 0 nodes (1454 simplex iterations) in 0.13 seconds
Thread count was 4 (of 4 available processors)

Solution count 2: -0.804526 -0.0454123 

Optimal solution found (tolerance 5.00e-02)
Best objective -8.045260362545e-01, best bound -8.045260362545e-01, gap 0.0000%

Gurobi 9.1.1 (linux64) logging started Thu Dec  2 01:29:24 2021

Changed value of parameter LogFile to /home/aniket/python_scripts/Plasmids-Optimization/exp/2021-06-14__iterative_MILP_edge_novelty/output/sample_87/1.1.1/nplasmids_1/MILP/m.log
   Prev:   Default: 
Changed value of parameter TimeLimit to 240.0
   Prev: inf  Min: 0.0  Max: inf  Default: inf
Changed value of parameter MIPGap to 0.05
   Prev: 0.0001  Min: 0.0  Max: inf  Default: 0.0001
Gurobi Optimizer version 9.1.1 build v9.1.1rc0 (linux64)
Thread count: 2 physical cores, 4 logical processors, using up to 4 threads
Optimize a model with 17071 rows, 5717 columns and 43604 nonzeros
Model fingerprint: 0xe443f2d5
Variable types: 1601 continuous, 4116 integer (3796 binary)
Coefficient statistics:
  Matrix range     [1e-02, 6e+05]
  Objective range  [5e-03, 1e+00]
  Bounds range     [1e+00, 1e+00]
  RHS range        [1e+00, 2e+05]
Presolve removed 14602 rows and 3056 columns
Presolve time: 0.06s
Presolved: 2469 rows, 2661 columns, 13502 nonzeros
Variable types: 603 continuous, 2058 integer (2058 binary)
Found heuristic solution: objective -0.0454123

Root relaxation: objective -8.045260e-01, 1468 iterations, 0.04 seconds

    Nodes    |    Current Node    |     Objective Bounds      |     Work
 Expl Unexpl |  Obj  Depth IntInf | Incumbent    BestBd   Gap | It/Node Time

*    0     0               0      -0.8045260   -0.80453  0.00%     -    0s

Explored 0 nodes (1900 simplex iterations) in 0.14 seconds
Thread count was 4 (of 4 available processors)

Solution count 2: -0.804526 -0.0454123 

Optimal solution found (tolerance 5.00e-02)
Best objective -8.045260362545e-01, best bound -8.045260362545e-01, gap 0.0000%

Gurobi 9.1.1 (linux64) logging started Thu Dec  2 01:29:25 2021

Changed value of parameter LogFile to /home/aniket/python_scripts/Plasmids-Optimization/exp/2021-06-14__iterative_MILP_edge_novelty/output/sample_87/1.1.1/nplasmids_1/MILP/m.log
   Prev:   Default: 
Changed value of parameter TimeLimit to 240.0
   Prev: inf  Min: 0.0  Max: inf  Default: inf
Changed value of parameter MIPGap to 0.05
   Prev: 0.0001  Min: 0.0  Max: inf  Default: 0.0001
Gurobi Optimizer version 9.1.1 build v9.1.1rc0 (linux64)
Thread count: 2 physical cores, 4 logical processors, using up to 4 threads
Optimize a model with 17021 rows, 5700 columns and 43478 nonzeros
Model fingerprint: 0x21126287
Variable types: 1596 continuous, 4104 integer (3785 binary)
Coefficient statistics:
  Matrix range     [1e-02, 6e+05]
  Objective range  [5e-03, 1e+00]
  Bounds range     [1e+00, 1e+00]
  RHS range        [1e+00, 2e+05]
Presolve removed 14565 rows and 3047 columns
Presolve time: 0.06s
Presolved: 2456 rows, 2653 columns, 13460 nonzeros
Variable types: 601 continuous, 2052 integer (2052 binary)
Found heuristic solution: objective -0.0454123

Root relaxation: objective -5.385485e-01, 1101 iterations, 0.04 seconds

    Nodes    |    Current Node    |     Objective Bounds      |     Work
 Expl Unexpl |  Obj  Depth IntInf | Incumbent    BestBd   Gap | It/Node Time

*    0     0               0      -0.5385485   -0.53855  0.00%     -    0s

Explored 0 nodes (1101 simplex iterations) in 0.12 seconds
Thread count was 4 (of 4 available processors)

Solution count 2: -0.538549 -0.0454123 

Optimal solution found (tolerance 5.00e-02)
Best objective -5.385485391140e-01, best bound -5.385485391140e-01, gap 0.0000%

Gurobi 9.1.1 (linux64) logging started Thu Dec  2 01:29:25 2021

Changed value of parameter LogFile to /home/aniket/python_scripts/Plasmids-Optimization/exp/2021-06-14__iterative_MILP_edge_novelty/output/sample_87/1.1.1/nplasmids_1/MILP/m.log
   Prev:   Default: 
Changed value of parameter TimeLimit to 240.0
   Prev: inf  Min: 0.0  Max: inf  Default: inf
Changed value of parameter MIPGap to 0.05
   Prev: 0.0001  Min: 0.0  Max: inf  Default: 0.0001
Gurobi Optimizer version 9.1.1 build v9.1.1rc0 (linux64)
Thread count: 2 physical cores, 4 logical processors, using up to 4 threads
Optimize a model with 16986 rows, 5688 columns and 43417 nonzeros
Model fingerprint: 0x00ef4a0a
Variable types: 1591 continuous, 4097 integer (3779 binary)
Coefficient statistics:
  Matrix range     [1e-02, 6e+05]
  Objective range  [5e-03, 1e+00]
  Bounds range     [1e+00, 1e+00]
  RHS range        [1e+00, 2e+05]
Presolve removed 14536 rows and 3038 columns
Presolve time: 0.06s
Presolved: 2450 rows, 2650 columns, 13440 nonzeros
Variable types: 599 continuous, 2051 integer (2051 binary)
Found heuristic solution: objective -0.0454123

Root relaxation: objective -1.195738e-01, 1029 iterations, 0.03 seconds

    Nodes    |    Current Node    |     Objective Bounds      |     Work
 Expl Unexpl |  Obj  Depth IntInf | Incumbent    BestBd   Gap | It/Node Time

     0     0   -0.11957    0   23   -0.04541   -0.11957   163%     -    0s
H    0     0                      -0.0741615   -0.11957  61.2%     -    0s
     0     0   -0.09687    0   15   -0.07416   -0.09687  30.6%     -    0s
     0     0   -0.09687    0   15   -0.07416   -0.09687  30.6%     -    0s

Cutting planes:
  Gomory: 2
  Cover: 2
  Implied bound: 8
  RLT: 5

Explored 1 nodes (2292 simplex iterations) in 0.24 seconds
Thread count was 4 (of 4 available processors)

Solution count 2: -0.0741615 -0.0454123 

Optimal solution found (tolerance 5.00e-02)
Best objective -7.416150290154e-02, best bound -7.416150290154e-02, gap 0.0000%

Gurobi 9.1.1 (linux64) logging started Thu Dec  2 01:29:26 2021

Changed value of parameter LogFile to /home/aniket/python_scripts/Plasmids-Optimization/exp/2021-06-14__iterative_MILP_edge_novelty/output/sample_87/1.1.1/nplasmids_1/MILP/m.log
   Prev:   Default: 
Changed value of parameter TimeLimit to 240.0
   Prev: inf  Min: 0.0  Max: inf  Default: inf
Changed value of parameter MIPGap to 0.05
   Prev: 0.0001  Min: 0.0  Max: inf  Default: 0.0001
Gurobi Optimizer version 9.1.1 build v9.1.1rc0 (linux64)
Thread count: 2 physical cores, 4 logical processors, using up to 4 threads
Optimize a model with 16933 rows, 5670 columns and 43278 nonzeros
Model fingerprint: 0x28149400
Variable types: 1586 continuous, 4084 integer (3767 binary)
Coefficient statistics:
  Matrix range     [1e-02, 6e+05]
  Objective range  [5e-03, 1e+00]
  Bounds range     [1e+00, 1e+00]
  RHS range        [1e+00, 2e+05]
Presolve removed 14493 rows and 3029 columns
Presolve time: 0.06s
Presolved: 2440 rows, 2641 columns, 13464 nonzeros
Variable types: 597 continuous, 2044 integer (2044 binary)
Found heuristic solution: objective -0.0454123

Root relaxation: objective -1.195738e-01, 828 iterations, 0.03 seconds

    Nodes    |    Current Node    |     Objective Bounds      |     Work
 Expl Unexpl |  Obj  Depth IntInf | Incumbent    BestBd   Gap | It/Node Time

     0     0   -0.11957    0   21   -0.04541   -0.11957   163%     -    0s
H    0     0                      -0.0741615   -0.11957  61.2%     -    0s
     0     0   -0.10573    0   18   -0.07416   -0.10573  42.6%     -    0s
     0     0     cutoff    0        -0.07416   -0.07416  0.00%     -    0s

Cutting planes:
  Gomory: 1
  Implied bound: 9
  Flow cover: 2
  RLT: 6

Explored 1 nodes (2079 simplex iterations) in 0.24 seconds
Thread count was 4 (of 4 available processors)

Solution count 2: -0.0741615 -0.0454123 

Optimal solution found (tolerance 5.00e-02)
Best objective -7.416150290154e-02, best bound -7.416150290154e-02, gap 0.0000%

Gurobi 9.1.1 (linux64) logging started Thu Dec  2 01:29:26 2021

Changed value of parameter LogFile to /home/aniket/python_scripts/Plasmids-Optimization/exp/2021-06-14__iterative_MILP_edge_novelty/output/sample_87/1.1.1/nplasmids_1/MILP/m.log
   Prev:   Default: 
Changed value of parameter TimeLimit to 240.0
   Prev: inf  Min: 0.0  Max: inf  Default: inf
Changed value of parameter MIPGap to 0.05
   Prev: 0.0001  Min: 0.0  Max: inf  Default: 0.0001
Gurobi Optimizer version 9.1.1 build v9.1.1rc0 (linux64)
Thread count: 2 physical cores, 4 logical processors, using up to 4 threads
Optimize a model with 16880 rows, 5652 columns and 43139 nonzeros
Model fingerprint: 0x81194433
Variable types: 1581 continuous, 4071 integer (3755 binary)
Coefficient statistics:
  Matrix range     [1e-02, 6e+05]
  Objective range  [5e-03, 1e+00]
  Bounds range     [1e+00, 1e+00]
  RHS range        [1e+00, 2e+05]
Presolve removed 14585 rows and 3142 columns
Presolve time: 0.06s
Presolved: 2295 rows, 2510 columns, 12488 nonzeros
Variable types: 565 continuous, 1945 integer (1945 binary)
Found heuristic solution: objective -0.0454123

Explored 0 nodes (0 simplex iterations) in 0.08 seconds
Thread count was 4 (of 4 available processors)

Solution count 1: -0.0454123 

Optimal solution found (tolerance 5.00e-02)
Best objective -4.541226215645e-02, best bound -4.541226215645e-02, gap 0.0000%

Gurobi 9.1.1 (linux64) logging started Thu Dec  2 01:29:27 2021

Changed value of parameter LogFile to /home/aniket/python_scripts/Plasmids-Optimization/exp/2021-06-14__iterative_MILP_edge_novelty/output/sample_87/1.1.1/nplasmids_1/MILP/m.log
   Prev:   Default: 
Changed value of parameter TimeLimit to 240.0
   Prev: inf  Min: 0.0  Max: inf  Default: inf
Changed value of parameter MIPGap to 0.05
   Prev: 0.0001  Min: 0.0  Max: inf  Default: 0.0001
Gurobi Optimizer version 9.1.1 build v9.1.1rc0 (linux64)
Thread count: 2 physical cores, 4 logical processors, using up to 4 threads
Optimize a model with 16830 rows, 5635 columns and 43013 nonzeros
Model fingerprint: 0x4dec84ee
Variable types: 1576 continuous, 4059 integer (3744 binary)
Coefficient statistics:
  Matrix range     [1e-02, 6e+05]
  Objective range  [5e-03, 1e+00]
  Bounds range     [1e+00, 1e+00]
  RHS range        [1e+00, 2e+05]
Presolve removed 14550 rows and 3134 columns
Presolve time: 0.07s
Presolved: 2280 rows, 2501 columns, 12690 nonzeros
Variable types: 562 continuous, 1939 integer (1939 binary)
Found heuristic solution: objective -0.0454123

Explored 0 nodes (0 simplex iterations) in 0.09 seconds
Thread count was 4 (of 4 available processors)

Solution count 1: -0.0454123 

Optimal solution found (tolerance 5.00e-02)
Best objective -4.541226215645e-02, best bound -4.541226215645e-02, gap 0.0000%

Gurobi 9.1.1 (linux64) logging started Thu Dec  2 01:29:27 2021

Changed value of parameter LogFile to /home/aniket/python_scripts/Plasmids-Optimization/exp/2021-06-14__iterative_MILP_edge_novelty/output/sample_87/1.1.1/nplasmids_1/MILP/m.log
   Prev:   Default: 
Changed value of parameter TimeLimit to 240.0
   Prev: inf  Min: 0.0  Max: inf  Default: inf
Changed value of parameter MIPGap to 0.05
   Prev: 0.0001  Min: 0.0  Max: inf  Default: 0.0001
Gurobi Optimizer version 9.1.1 build v9.1.1rc0 (linux64)
Thread count: 2 physical cores, 4 logical processors, using up to 4 threads
Optimize a model with 16780 rows, 5618 columns and 42887 nonzeros
Model fingerprint: 0x763e43c1
Variable types: 1571 continuous, 4047 integer (3733 binary)
Coefficient statistics:
  Matrix range     [1e-02, 6e+05]
  Objective range  [5e-03, 1e+00]
  Bounds range     [1e+00, 1e+00]
  RHS range        [1e+00, 2e+05]
Presolve removed 6542 rows and 988 columns
Presolve time: 0.00s

Explored 0 nodes (0 simplex iterations) in 0.01 seconds
Thread count was 1 (of 4 available processors)

Solution count 0

Model is infeasible
Best objective -, best bound -, gap -

Computing Irreducible Inconsistent Subsystem (IIS)...

           Constraints          |            Bounds           |  Runtime
      Min       Max     Guess   |   Min       Max     Guess   |
--------------------------------------------------------------------------
        0     13480         -         0      1885         -           0s
      630       630         -         0         0         -           2s

IIS computed: 630 constraints, 0 bounds
IIS runtime: 1.98 seconds
Warning: linear constraint 0 and linear constraint 1 have the same name "counted_length"
