Iteration 1
1	deque([(('169_8', 'h'), ('139_8', 'h')), (('182_1', 'h'), ('169_8', 't')), (('172_3', 'h'), ('182_1', 't')), (('150_2', 'h'), ('172_3', 't')), (('204_1', 'h'), ('150_2', 't')), (('204_1', 't'), ('148_6', 't')), (('173_0', 'h'), ('148_6', 'h')), (('173_0', 't'), ('86_0', 't')), (('86_0', 'h'), ('139_8', 't'))])
1	deque([(('189_2', 'h'), ('210_2', 't')), (('210_2', 'h'), ('171_6', 'h')), (('149_0', 'h'), ('171_6', 't')), (('203_1', 'h'), ('149_0', 't')), (('203_1', 't'), ('146_4', 't')), (('146_4', 'h'), ('180_1', 't')), (('180_1', 'h'), ('88_0', 't')), (('107_1', 'h'), ('88_0', 'h')), (('179_1', 't'), ('107_1', 't')), (('179_1', 'h'), ('154_1', 't')), (('154_1', 'h'), ('188_3', 't')), (('188_3', 'h'), ('163_1', 't')), (('163_1', 'h'), ('131_0', 't')), (('131_0', 'h'), ('129_0', 'h')), (('138_3', 't'), ('129_0', 't')), (('138_3', 'h'), ('237_1', 't')), (('237_1', 'h'), ('234_0', 't')), (('234_0', 'h'), ('247_1', 't')), (('247_1', 'h'), ('124_5', 't')), (('124_5', 'h'), ('167_3', 't')), (('167_3', 'h'), ('67_0', 't')), (('67_0', 'h'), ('168_2', 't')), (('168_2', 'h'), ('134_0', 'h')), (('241_0', 't'), ('134_0', 't')), (('241_0', 'h'), ('98_1', 't')), (('98_1', 'h'), ('56_0', 't')), (('56_0', 'h'), ('108_3', 't')), (('108_3', 'h'), ('71_1', 'h')), (('110_1', 't'), ('71_1', 't')), (('110_1', 'h'), ('153_2', 't')), (('162_0', 'h'), ('153_2', 'h')), (('184_0', 'h'), ('162_0', 't')), (('236_1', 't'), ('184_0', 't')), (('236_1', 'h'), ('195_8', 't')), (('195_8', 'h'), ('113_6', 't')), (('113_6', 'h'), ('109_1', 'h')), (('145_7', 't'), ('109_1', 't')), (('145_7', 'h'), ('85_0', 'h')), (('96_2', 't'), ('85_0', 't')), (('96_2', 'h'), ('133_0', 't')), (('133_0', 'h'), ('118_2', 'h')), (('123_0', 'h'), ('118_2', 't')), (('141_1', 'h'), ('123_0', 't')), (('198_1', 'h'), ('141_1', 't')), (('232_2', 'h'), ('198_1', 't')), (('232_2', 't'), ('183_6', 't')), (('183_6', 'h'), ('152_4', 't')), (('152_4', 'h'), ('135_1', 't')), (('218_0', 'h'), ('135_1', 'h')), (('138_0', 'h'), ('218_0', 't')), (('156_1', 'h'), ('138_0', 't')), (('174_0', 't'), ('156_1', 't')), (('174_0', 'h'), ('114_1', 't')), (('114_1', 'h'), ('141_2', 't')), (('141_2', 'h'), ('125_0', 't')), (('125_0', 'h'), ('118_1', 't')), (('132_0', 'h'), ('118_1', 'h')), (('96_0', 'h'), ('132_0', 't')), (('96_0', 't'), ('66_1', 't')), (('66_1', 'h'), ('211_7', 't')), (('211_7', 'h'), ('178_4', 't')), (('178_4', 'h'), ('177_7', 't')), (('177_7', 'h'), ('121_11', 't')), (('221_0', 'h'), ('121_11', 'h')), (('127_11', 'h'), ('221_0', 't')), (('120_1', 'h'), ('127_11', 't')), (('89_0', 'h'), ('120_1', 't')), (('117_0', 'h'), ('89_0', 't')), (('143_2', 't'), ('117_0', 't')), (('143_2', 'h'), ('83_0', 't')), (('87_9', 'h'), ('83_0', 'h')), (('77_0', 'h'), ('87_9', 't')), (('155_8', 'h'), ('77_0', 't')), (('158_4', 't'), ('155_8', 't')), (('158_4', 'h'), ('189_2', 't'))])
1	deque([(('100_5', 'h'), ('164_5', 't')), (('164_5', 'h'), ('100_5', 't'))])

Chosen seed at iteration 1: 3
Chosen chr at iteration 1


Iteration 2
2	deque([(('164_9', 'h'), ('100_0', 't')), (('100_0', 'h'), ('164_9', 't'))])

Chosen seed at iteration 2: 1
Chosen chr at iteration 2


Iteration 3
3	deque([(('89_3', 'h'), ('120_1', 't')), (('117_0', 'h'), ('89_3', 't')), (('143_1', 't'), ('117_0', 't')), (('143_1', 'h'), ('83_1', 't')), (('87_6', 'h'), ('83_1', 'h')), (('238_2', 'h'), ('87_6', 't')), (('238_2', 't'), ('227_5', 't')), (('227_5', 'h'), ('127_17', 'h')), (('120_1', 'h'), ('127_17', 't'))])
3	deque([(('100_11', 'h'), ('164_4', 't')), (('164_4', 'h'), ('100_11', 't'))])

Chosen seed at iteration 3: 1
Chosen chr at iteration 3


Iteration 4
4	deque([(('110_4', 'h'), ('153_0', 't')), (('110_4', 't'), ('71_1', 't')), (('108_3', 'h'), ('71_1', 'h')), (('56_0', 'h'), ('108_3', 't')), (('98_0', 'h'), ('56_0', 't')), (('241_1', 'h'), ('98_0', 't')), (('241_1', 't'), ('134_0', 't')), (('168_1', 'h'), ('134_0', 'h')), (('67_0', 'h'), ('168_1', 't')), (('167_5', 'h'), ('67_0', 't')), (('124_1', 'h'), ('167_5', 't')), (('247_1', 'h'), ('124_1', 't')), (('234_1', 'h'), ('247_1', 't')), (('237_2', 'h'), ('234_1', 't')), (('138_4', 'h'), ('237_2', 't')), (('156_0', 'h'), ('138_4', 't')), (('174_1', 't'), ('156_0', 't')), (('174_1', 'h'), ('114_1', 't')), (('114_1', 'h'), ('141_1', 't')), (('141_1', 'h'), ('125_0', 't')), (('125_0', 'h'), ('118_0', 't')), (('133_0', 'h'), ('118_0', 'h')), (('96_2', 'h'), ('133_0', 't')), (('96_2', 't'), ('85_1', 't')), (('145_13', 'h'), ('85_1', 'h')), (('145_13', 't'), ('109_0', 't')), (('113_5', 'h'), ('109_0', 'h')), (('195_8', 'h'), ('113_5', 't')), (('236_3', 'h'), ('195_8', 't')), (('236_3', 't'), ('184_1', 't')), (('184_1', 'h'), ('162_1', 't')), (('162_1', 'h'), ('153_0', 'h'))])
4	deque([(('87_0', 'h'), ('83_0', 'h')), (('238_8', 'h'), ('87_0', 't')), (('238_8', 't'), ('227_11', 't')), (('227_11', 'h'), ('127_4', 'h')), (('120_0', 'h'), ('127_4', 't')), (('89_2', 'h'), ('120_0', 't')), (('117_1', 'h'), ('89_2', 't')), (('143_2', 't'), ('117_1', 't')), (('143_2', 'h'), ('83_0', 't'))])
4	deque([(('100_9', 'h'), ('164_19', 't')), (('164_19', 'h'), ('100_9', 't'))])

Chosen seed at iteration 4: 3
Chosen chr at iteration 4


Iteration 1
1	deque([(('100_8', 'h'), ('164_0', 't')), (('164_0', 'h'), ('100_8', 't'))])

Chosen seed at iteration 1: 1
Chosen chr at iteration 1


Iteration 2
2	deque([(('164_6', 'h'), ('100_0', 't')), (('100_0', 'h'), ('164_6', 't'))])

Chosen seed at iteration 2: 1
Chosen chr at iteration 2


Iteration 3
3	deque([(('162_0', 'h'), ('153_2', 'h')), (('110_0', 'h'), ('153_2', 't')), (('110_0', 't'), ('71_0', 't')), (('108_1', 'h'), ('71_0', 'h')), (('56_1', 'h'), ('108_1', 't')), (('98_2', 'h'), ('56_1', 't')), (('241_0', 'h'), ('98_2', 't')), (('241_0', 't'), ('134_1', 't')), (('168_2', 'h'), ('134_1', 'h')), (('67_1', 'h'), ('168_2', 't')), (('167_0', 'h'), ('67_1', 't')), (('124_3', 'h'), ('167_0', 't')), (('246_2', 'h'), ('124_3', 't')), (('246_2', 't'), ('137_2', 't')), (('137_2', 'h'), ('187_2', 't')), (('187_2', 'h'), ('60_1', 't')), (('89_3', 'h'), ('60_1', 'h')), (('89_3', 't'), ('65_1', 't')), (('187_10', 'h'), ('65_1', 'h')), (('187_10', 't'), ('138_2', 't')), (('138_2', 'h'), ('237_1', 't')), (('237_1', 'h'), ('234_0', 't')), (('234_0', 'h'), ('247_4', 't')), (('247_4', 'h'), ('124_7', 't')), (('183_1', 'h'), ('124_7', 'h')), (('99_0', 'h'), ('183_1', 't')), (('231_4', 't'), ('99_0', 't')), (('231_4', 'h'), ('127_16', 't')), (('127_16', 'h'), ('221_1', 't')), (('221_1', 'h'), ('121_4', 'h')), (('177_3', 'h'), ('121_4', 't')), (('178_9', 'h'), ('177_3', 't')), (('211_2', 'h'), ('178_9', 't')), (('211_2', 't'), ('63_2', 't')), (('63_2', 'h'), ('121_8', 't')), (('121_8', 'h'), ('222_12', 't')), (('222_12', 'h'), ('104_0', 'h')), (('206_3', 't'), ('104_0', 't')), (('206_3', 'h'), ('159_5', 't')), (('205_6', 'h'), ('159_5', 'h')), (('205_6', 't'), ('181_0', 't')), (('181_0', 'h'), ('185_1', 't')), (('185_1', 'h'), ('163_1', 'h')), (('188_0', 'h'), ('163_1', 't')), (('154_4', 'h'), ('188_0', 't')), (('179_1', 'h'), ('154_4', 't')), (('179_1', 't'), ('107_1', 't')), (('107_1', 'h'), ('88_1', 'h')), (('180_5', 'h'), ('88_1', 't')), (('146_7', 'h'), ('180_5', 't')), (('203_4', 't'), ('146_7', 't')), (('203_4', 'h'), ('149_6', 't')), (('149_6', 'h'), ('171_1', 't')), (('210_5', 'h'), ('171_1', 'h')), (('189_5', 'h'), ('210_5', 't')), (('158_2', 'h'), ('189_5', 't')), (('158_2', 't'), ('155_2', 't')), (('155_2', 'h'), ('77_1', 't')), (('77_1', 'h'), ('87_1', 't')), (('87_1', 'h'), ('83_1', 'h')), (('143_3', 'h'), ('83_1', 't')), (('143_3', 't'), ('101_0', 't')), (('101_0', 'h'), ('79_0', 't')), (('79_0', 'h'), ('139_1', 't')), (('169_6', 'h'), ('139_1', 'h')), (('182_11', 'h'), ('169_6', 't')), (('172_2', 'h'), ('182_11', 't')), (('150_8', 'h'), ('172_2', 't')), (('204_5', 'h'), ('150_8', 't')), (('204_5', 't'), ('148_8', 't')), (('148_8', 'h'), ('175_4', 't')), (('175_4', 'h'), ('81_0', 't')), (('81_0', 'h'), ('154_0', 't')), (('154_0', 'h'), ('74_0', 't')), (('232_6', 'h'), ('74_0', 'h')), (('232_6', 't'), ('183_2', 't')), (('183_2', 'h'), ('152_3', 't')), (('152_3', 'h'), ('135_0', 't')), (('218_0', 'h'), ('135_0', 'h')), (('138_3', 'h'), ('218_0', 't')), (('156_1', 'h'), ('138_3', 't')), (('174_0', 't'), ('156_1', 't')), (('174_0', 'h'), ('114_0', 't')), (('114_0', 'h'), ('141_2', 't')), (('141_2', 'h'), ('125_1', 't')), (('125_1', 'h'), ('118_1', 't')), (('133_1', 'h'), ('118_1', 'h')), (('96_0', 'h'), ('133_1', 't')), (('96_0', 't'), ('85_0', 't')), (('145_11', 'h'), ('85_0', 'h')), (('145_11', 't'), ('109_1', 't')), (('113_1', 'h'), ('109_1', 'h')), (('195_4', 'h'), ('113_1', 't')), (('236_6', 'h'), ('195_4', 't')), (('236_6', 't'), ('184_0', 't')), (('184_0', 'h'), ('162_0', 't'))])
3	deque([(('100_12', 'h'), ('164_18', 't')), (('164_18', 'h'), ('100_12', 't'))])

Chosen seed at iteration 3: 1
Chosen chr at iteration 3


Iteration 4
4	deque([(('241_0', 'h'), ('98_2', 't')), (('98_2', 'h'), ('56_1', 't')), (('56_1', 'h'), ('108_1', 't')), (('108_1', 'h'), ('71_0', 'h')), (('110_3', 't'), ('71_0', 't')), (('110_3', 'h'), ('153_1', 't')), (('162_0', 'h'), ('153_1', 'h')), (('184_0', 'h'), ('162_0', 't')), (('236_6', 't'), ('184_0', 't')), (('236_6', 'h'), ('195_0', 't')), (('195_0', 'h'), ('113_8', 't')), (('113_8', 'h'), ('109_1', 'h')), (('145_11', 't'), ('109_1', 't')), (('145_11', 'h'), ('85_0', 'h')), (('96_0', 't'), ('85_0', 't')), (('96_0', 'h'), ('133_1', 't')), (('133_1', 'h'), ('118_1', 'h')), (('125_1', 'h'), ('118_1', 't')), (('141_2', 'h'), ('125_1', 't')), (('114_0', 'h'), ('141_2', 't')), (('174_0', 'h'), ('114_0', 't')), (('174_0', 't'), ('156_1', 't')), (('156_1', 'h'), ('138_5', 't')), (('138_5', 'h'), ('218_0', 't')), (('218_0', 'h'), ('135_0', 'h')), (('152_4', 'h'), ('135_0', 't')), (('183_0', 'h'), ('152_4', 't')), (('232_0', 't'), ('183_0', 't')), (('232_0', 'h'), ('74_1', 'h')), (('154_0', 'h'), ('74_1', 't')), (('179_1', 'h'), ('154_0', 't')), (('179_1', 't'), ('107_1', 't')), (('107_1', 'h'), ('88_1', 'h')), (('180_6', 'h'), ('88_1', 't')), (('146_0', 'h'), ('180_6', 't')), (('203_7', 't'), ('146_0', 't')), (('203_7', 'h'), ('149_5', 't')), (('149_5', 'h'), ('171_1', 't')), (('210_4', 'h'), ('171_1', 'h')), (('189_3', 'h'), ('210_4', 't')), (('158_2', 'h'), ('189_3', 't')), (('158_2', 't'), ('155_2', 't')), (('155_2', 'h'), ('77_1', 't')), (('77_1', 'h'), ('87_6', 't')), (('87_6', 'h'), ('83_1', 'h')), (('143_0', 'h'), ('83_1', 't')), (('143_0', 't'), ('101_0', 't')), (('101_0', 'h'), ('79_0', 't')), (('79_0', 'h'), ('139_1', 't')), (('169_9', 'h'), ('139_1', 'h')), (('182_11', 'h'), ('169_9', 't')), (('172_6', 'h'), ('182_11', 't')), (('150_0', 'h'), ('172_6', 't')), (('204_9', 'h'), ('150_0', 't')), (('204_9', 't'), ('148_1', 't')), (('148_1', 'h'), ('175_7', 't')), (('175_7', 'h'), ('81_0', 't')), (('81_0', 'h'), ('154_3', 't')), (('154_3', 'h'), ('188_2', 't')), (('188_2', 'h'), ('163_1', 't')), (('185_1', 'h'), ('163_1', 'h')), (('181_1', 'h'), ('185_1', 't')), (('205_9', 't'), ('181_1', 't')), (('205_9', 'h'), ('159_5', 'h')), (('206_2', 'h'), ('159_5', 't')), (('206_2', 't'), ('104_2', 't')), (('222_12', 'h'), ('104_2', 'h')), (('121_2', 'h'), ('222_12', 't')), (('63_1', 'h'), ('121_2', 't')), (('211_0', 't'), ('63_1', 't')), (('211_0', 'h'), ('178_2', 't')), (('178_2', 'h'), ('177_1', 't')), (('177_1', 'h'), ('121_4', 't')), (('221_1', 'h'), ('121_4', 'h')), (('127_10', 'h'), ('221_1', 't')), (('120_1', 'h'), ('127_10', 't')), (('89_1', 'h'), ('120_1', 't')), (('89_1', 't'), ('65_1', 't')), (('187_6', 'h'), ('65_1', 'h')), (('137_2', 'h'), ('187_6', 't')), (('246_1', 't'), ('137_2', 't')), (('246_1', 'h'), ('124_7', 't')), (('124_7', 'h'), ('167_4', 't')), (('167_4', 'h'), ('67_1', 't')), (('67_1', 'h'), ('168_0', 't')), (('168_0', 'h'), ('134_1', 'h')), (('241_0', 't'), ('134_1', 't'))])
4	deque([(('164_1', 'h'), ('100_8', 't')), (('100_8', 'h'), ('164_1', 't'))])

Chosen seed at iteration 4: 2
Chosen chr at iteration 4


Iteration 1
1	deque([(('194_5', 'h'), ('155_6', 'h')), (('194_5', 't'), ('94_0', 't')), (('230_4', 'h'), ('94_0', 'h')), (('201_2', 'h'), ('230_4', 't')), (('201_2', 't'), ('122_10', 't')), (('122_10', 'h'), ('144_2', 't')), (('144_2', 'h'), ('87_4', 'h')), (('238_0', 'h'), ('87_4', 't')), (('238_0', 't'), ('227_10', 't')), (('227_10', 'h'), ('127_14', 'h')), (('231_0', 'h'), ('127_14', 't')), (('231_0', 't'), ('126_4', 't')), (('126_4', 'h'), ('164_7', 't')), (('164_7', 'h'), ('100_3', 't')), (('100_3', 'h'), ('164_15', 't')), (('164_15', 'h'), ('90_0', 't')), (('157_7', 'h'), ('90_0', 'h')), (('211_6', 't'), ('157_7', 't')), (('211_6', 'h'), ('178_6', 't')), (('178_6', 'h'), ('177_2', 't')), (('177_2', 'h'), ('121_10', 't')), (('121_10', 'h'), ('222_10', 't')), (('222_10', 'h'), ('92_0', 't')), (('92_0', 'h'), ('154_5', 't')), (('154_5', 'h'), ('188_3', 't')), (('188_3', 'h'), ('163_3', 't')), (('163_3', 'h'), ('131_1', 't')), (('131_1', 'h'), ('129_1', 'h')), (('138_2', 't'), ('129_1', 't')), (('138_2', 'h'), ('237_1', 't')), (('237_1', 'h'), ('226_0', 'h')), (('136_0', 'h'), ('226_0', 't')), (('152_3', 'h'), ('136_0', 't')), (('183_7', 'h'), ('152_3', 't')), (('183_7', 't'), ('52_0', 't')), (('98_1', 'h'), ('52_0', 'h')), (('39_0', 'h'), ('98_1', 't')), (('175_0', 'h'), ('39_0', 't')), (('148_2', 'h'), ('175_0', 't')), (('204_0', 't'), ('148_2', 't')), (('204_0', 'h'), ('150_9', 't')), (('150_9', 'h'), ('172_9', 't')), (('229_1', 'h'), ('172_9', 'h')), (('210_2', 'h'), ('229_1', 't')), (('189_2', 'h'), ('210_2', 't')), (('158_3', 'h'), ('189_2', 't')), (('158_3', 't'), ('155_6', 't'))])

Chosen seed at iteration 1: 1
Chosen chr at iteration 1


Iteration 2
2	deque([(('131_1', 'h'), ('62_0', 'h')), (('188_3', 't'), ('62_0', 't')), (('188_3', 'h'), ('163_3', 't')), (('163_3', 'h'), ('131_1', 't'))])

Chosen seed at iteration 2: 1
Chosen chr at iteration 2


Iteration 3
3	deque([(('131_1', 'h'), ('62_0', 'h')), (('163_2', 'h'), ('131_1', 't')), (('188_0', 'h'), ('163_2', 't')), (('188_0', 't'), ('62_0', 't'))])
3	deque([(('164_7', 'h'), ('100_6', 't')), (('100_6', 'h'), ('164_7', 't'))])

Chosen seed at iteration 3: 2
Chosen chr at iteration 3


Iteration 4
4	deque([(('100_11', 'h'), ('164_5', 't')), (('164_5', 'h'), ('100_11', 't'))])
4	deque([(('131_1', 'h'), ('62_0', 'h')), (('188_0', 't'), ('62_0', 't')), (('188_0', 'h'), ('163_3', 't')), (('163_3', 'h'), ('131_1', 't'))])

Chosen seed at iteration 4: 2
Chosen chr at iteration 4


Iteration 1
1	deque([(('106_5', 'h'), ('97_4', 't')), (('34_1', 'h'), ('106_5', 't')), (('97_4', 'h'), ('34_1', 't'))])
1	deque([(('182_12', 'h'), ('169_1', 't')), (('172_5', 'h'), ('182_12', 't')), (('150_10', 'h'), ('172_5', 't')), (('204_8', 'h'), ('150_10', 't')), (('204_8', 't'), ('148_3', 't')), (('173_1', 'h'), ('148_3', 'h')), (('173_1', 't'), ('86_0', 't')), (('86_0', 'h'), ('139_10', 't')), (('169_1', 'h'), ('139_10', 'h'))])

Chosen seed at iteration 1: 1
Chosen chr at iteration 1


Iteration 2
2	deque([(('150_10', 'h'), ('172_5', 't')), (('172_5', 'h'), ('182_0', 't')), (('182_0', 'h'), ('169_0', 't')), (('169_0', 'h'), ('139_7', 'h')), (('86_0', 'h'), ('139_7', 't')), (('173_1', 't'), ('86_0', 't')), (('173_1', 'h'), ('148_3', 'h')), (('204_3', 't'), ('148_3', 't')), (('204_3', 'h'), ('150_10', 't'))])
2	deque([(('106_1', 'h'), ('97_3', 't')), (('97_3', 'h'), ('34_1', 't')), (('34_1', 'h'), ('106_1', 't'))])
2	deque([(('164_7', 'h'), ('100_3', 't')), (('100_3', 'h'), ('164_7', 't'))])

Chosen seed at iteration 2: 3
Chosen chr at iteration 2


Iteration 3
3	deque([(('34_4', 'h'), ('106_3', 't')), (('106_3', 'h'), ('97_1', 't')), (('97_1', 'h'), ('34_4', 't'))])
3	deque([(('86_0', 'h'), ('139_5', 't')), (('169_8', 'h'), ('139_5', 'h')), (('182_13', 'h'), ('169_8', 't')), (('172_10', 'h'), ('182_13', 't')), (('150_4', 'h'), ('172_10', 't')), (('204_5', 'h'), ('150_4', 't')), (('204_5', 't'), ('148_10', 't')), (('173_1', 'h'), ('148_10', 'h')), (('173_1', 't'), ('86_0', 't'))])

Chosen seed at iteration 3: 1
Chosen chr at iteration 3


Iteration 4
4	deque([(('204_8', 'h'), ('150_9', 't')), (('150_9', 'h'), ('172_1', 't')), (('172_1', 'h'), ('182_14', 't')), (('182_14', 'h'), ('169_1', 't')), (('169_1', 'h'), ('139_9', 'h')), (('86_0', 'h'), ('139_9', 't')), (('173_1', 't'), ('86_0', 't')), (('173_1', 'h'), ('148_9', 'h')), (('204_8', 't'), ('148_9', 't'))])
4	deque([(('34_2', 'h'), ('106_5', 't')), (('106_5', 'h'), ('97_2', 't')), (('97_2', 'h'), ('34_2', 't'))])

Chosen seed at iteration 4: 2
Chosen chr at iteration 4


Iteration 1
1	deque([(('164_17', 'h'), ('100_0', 't')), (('100_0', 'h'), ('164_17', 't'))])
1	deque([(('34_0', 'h'), ('106_7', 't')), (('97_4', 'h'), ('34_0', 't')), (('106_7', 'h'), ('97_4', 't'))])
1	deque([(('178_7', 'h'), ('177_7', 't')), (('211_5', 'h'), ('178_7', 't')), (('211_5', 't'), ('64_0', 't')), (('222_8', 'h'), ('64_0', 'h')), (('121_1', 'h'), ('222_8', 't')), (('177_7', 'h'), ('121_1', 't'))])

Chosen seed at iteration 1: 2
Chosen chr at iteration 1


Iteration 2
2	deque([(('106_3', 'h'), ('97_0', 't')), (('97_0', 'h'), ('34_0', 't')), (('34_0', 'h'), ('106_3', 't'))])
2	deque([(('211_4', 't'), ('64_2', 't')), (('211_4', 'h'), ('178_4', 't')), (('178_4', 'h'), ('177_0', 't')), (('177_0', 'h'), ('121_6', 't')), (('121_6', 'h'), ('222_8', 't')), (('222_8', 'h'), ('64_2', 'h'))])
2	deque([(('164_6', 'h'), ('100_4', 't')), (('100_4', 'h'), ('164_6', 't'))])

Chosen seed at iteration 2: 3
Chosen chr at iteration 2


Iteration 3
3	deque([(('106_2', 'h'), ('97_0', 't')), (('34_4', 'h'), ('106_2', 't')), (('97_0', 'h'), ('34_4', 't'))])
3	deque([(('177_2', 'h'), ('121_5', 't')), (('121_5', 'h'), ('222_9', 't')), (('222_9', 'h'), ('64_1', 'h')), (('211_5', 't'), ('64_1', 't')), (('211_5', 'h'), ('178_9', 't')), (('178_9', 'h'), ('177_2', 't'))])
3	deque([(('100_4', 'h'), ('164_18', 't')), (('164_18', 'h'), ('100_4', 't'))])

Chosen seed at iteration 3: 1
Chosen chr at iteration 3


Iteration 4
4	deque([(('177_8', 'h'), ('121_12', 't')), (('121_12', 'h'), ('222_10', 't')), (('222_10', 'h'), ('64_2', 'h')), (('211_4', 't'), ('64_2', 't')), (('211_4', 'h'), ('178_8', 't')), (('178_8', 'h'), ('177_8', 't'))])
4	deque([(('34_0', 'h'), ('106_1', 't')), (('106_1', 'h'), ('97_4', 't')), (('97_4', 'h'), ('34_0', 't'))])
4	deque([(('100_2', 'h'), ('164_9', 't')), (('164_9', 'h'), ('100_2', 't'))])

Chosen seed at iteration 4: 3
Chosen chr at iteration 4


Iteration 1
1	deque([(('198_0', 'h'), ('80_0', 't')), (('232_3', 'h'), ('198_0', 't')), (('232_3', 't'), ('183_6', 't')), (('183_6', 'h'), ('124_0', 'h')), (('246_2', 'h'), ('124_0', 't')), (('246_2', 't'), ('137_6', 't')), (('137_6', 'h'), ('187_4', 't')), (('187_4', 'h'), ('225_1', 't')), (('225_1', 'h'), ('236_4', 't')), (('236_4', 'h'), ('195_7', 't')), (('195_7', 'h'), ('113_0', 't')), (('113_0', 'h'), ('145_1', 't')), (('145_1', 'h'), ('42_0', 'h')), (('180_11', 'h'), ('42_0', 't')), (('146_1', 'h'), ('180_11', 't')), (('203_4', 't'), ('146_1', 't')), (('203_4', 'h'), ('149_7', 't')), (('149_7', 'h'), ('171_0', 't')), (('210_2', 'h'), ('171_0', 'h')), (('189_5', 'h'), ('210_2', 't')), (('158_7', 'h'), ('189_5', 't')), (('158_7', 't'), ('155_8', 't')), (('194_6', 'h'), ('155_8', 'h')), (('55_0', 'h'), ('194_6', 't')), (('175_5', 'h'), ('55_0', 't')), (('148_4', 'h'), ('175_5', 't')), (('204_6', 't'), ('148_4', 't')), (('204_6', 'h'), ('150_4', 't')), (('150_4', 'h'), ('172_11', 't')), (('172_11', 'h'), ('182_1', 't')), (('182_1', 'h'), ('169_3', 't')), (('169_3', 'h'), ('139_12', 'h')), (('80_0', 'h'), ('139_12', 't'))])
1	deque([(('106_2', 'h'), ('97_0', 't')), (('97_0', 'h'), ('34_1', 't')), (('34_1', 'h'), ('106_2', 't'))])

Chosen seed at iteration 1: 1
Chosen chr at iteration 1


Iteration 2
2	deque([(('80_0', 'h'), ('139_12', 't')), (('198_0', 'h'), ('80_0', 't')), (('232_3', 'h'), ('198_0', 't')), (('232_3', 't'), ('183_6', 't')), (('183_6', 'h'), ('124_0', 'h')), (('246_4', 'h'), ('124_0', 't')), (('246_4', 't'), ('137_3', 't')), (('137_3', 'h'), ('187_2', 't')), (('187_2', 'h'), ('25_0', 'h')), (('175_5', 'h'), ('25_0', 't')), (('148_8', 'h'), ('175_5', 't')), (('204_1', 't'), ('148_8', 't')), (('204_1', 'h'), ('150_4', 't')), (('150_4', 'h'), ('172_2', 't')), (('172_2', 'h'), ('182_7', 't')), (('182_7', 'h'), ('169_4', 't')), (('169_4', 'h'), ('139_12', 'h'))])
2	deque([(('164_14', 'h'), ('90_3', 't')), (('157_2', 'h'), ('90_3', 'h')), (('186_0', 't'), ('157_2', 't')), (('186_0', 'h'), ('205_0', 't')), (('205_0', 'h'), ('159_0', 'h')), (('111_6', 'h'), ('159_0', 't')), (('230_7', 'h'), ('111_6', 't')), (('201_0', 'h'), ('230_7', 't')), (('201_0', 't'), ('122_2', 't')), (('122_2', 'h'), ('144_2', 't')), (('144_2', 'h'), ('87_11', 'h')), (('238_2', 'h'), ('87_11', 't')), (('238_2', 't'), ('227_0', 't')), (('227_0', 'h'), ('127_17', 'h')), (('231_3', 'h'), ('127_17', 't')), (('231_3', 't'), ('126_6', 't')), (('126_6', 'h'), ('164_14', 't'))])
2	deque([(('164_15', 'h'), ('100_1', 't')), (('100_1', 'h'), ('164_15', 't'))])

Chosen seed at iteration 2: 2
Chosen chr at iteration 2


Iteration 3
3	deque([(('236_5', 'h'), ('195_7', 't')), (('225_1', 'h'), ('236_5', 't')), (('187_2', 'h'), ('225_1', 't')), (('137_6', 'h'), ('187_2', 't')), (('246_4', 't'), ('137_6', 't')), (('246_4', 'h'), ('124_10', 't')), (('183_6', 'h'), ('124_10', 'h')), (('232_3', 't'), ('183_6', 't')), (('232_3', 'h'), ('198_0', 't')), (('198_0', 'h'), ('80_0', 't')), (('80_0', 'h'), ('139_4', 't')), (('169_3', 'h'), ('139_4', 'h')), (('182_1', 'h'), ('169_3', 't')), (('172_11', 'h'), ('182_1', 't')), (('150_4', 'h'), ('172_11', 't')), (('204_5', 'h'), ('150_4', 't')), (('204_5', 't'), ('148_5', 't')), (('148_5', 'h'), ('175_5', 't')), (('175_5', 'h'), ('55_0', 't')), (('55_0', 'h'), ('194_1', 't')), (('194_1', 'h'), ('155_8', 'h')), (('158_4', 't'), ('155_8', 't')), (('158_4', 'h'), ('189_5', 't')), (('189_5', 'h'), ('210_2', 't')), (('210_2', 'h'), ('171_0', 'h')), (('149_1', 'h'), ('171_0', 't')), (('203_4', 'h'), ('149_1', 't')), (('203_4', 't'), ('146_1', 't')), (('146_1', 'h'), ('180_5', 't')), (('180_5', 'h'), ('42_0', 't')), (('145_3', 'h'), ('42_0', 'h')), (('113_9', 'h'), ('145_3', 't')), (('195_7', 'h'), ('113_9', 't'))])
3	deque([(('97_0', 'h'), ('34_1', 't')), (('106_4', 'h'), ('97_0', 't')), (('34_1', 'h'), ('106_4', 't'))])
3	deque([(('164_14', 'h'), ('100_6', 't')), (('100_6', 'h'), ('164_14', 't'))])

Chosen seed at iteration 3: 2
Chosen chr at iteration 3


Iteration 4
4	deque([(('183_6', 'h'), ('124_0', 'h')), (('246_2', 'h'), ('124_0', 't')), (('246_2', 't'), ('137_6', 't')), (('137_6', 'h'), ('187_4', 't')), (('187_4', 'h'), ('25_0', 'h')), (('175_5', 'h'), ('25_0', 't')), (('148_4', 'h'), ('175_5', 't')), (('204_6', 't'), ('148_4', 't')), (('204_6', 'h'), ('150_4', 't')), (('150_4', 'h'), ('172_11', 't')), (('172_11', 'h'), ('182_4', 't')), (('182_4', 'h'), ('169_3', 't')), (('169_3', 'h'), ('139_12', 'h')), (('80_0', 'h'), ('139_12', 't')), (('198_0', 'h'), ('80_0', 't')), (('232_4', 'h'), ('198_0', 't')), (('232_4', 't'), ('183_6', 't'))])
4	deque([(('122_2', 'h'), ('144_2', 't')), (('144_2', 'h'), ('87_8', 'h')), (('238_7', 'h'), ('87_8', 't')), (('238_7', 't'), ('227_9', 't')), (('227_9', 'h'), ('127_17', 'h')), (('231_11', 'h'), ('127_17', 't')), (('231_11', 't'), ('126_6', 't')), (('126_6', 'h'), ('164_14', 't')), (('164_14', 'h'), ('100_6', 't')), (('100_6', 'h'), ('164_0', 't')), (('164_0', 'h'), ('90_4', 't')), (('157_2', 'h'), ('90_4', 'h')), (('186_7', 't'), ('157_2', 't')), (('186_7', 'h'), ('205_2', 't')), (('205_2', 'h'), ('159_14', 'h')), (('111_6', 'h'), ('159_14', 't')), (('230_7', 'h'), ('111_6', 't')), (('201_0', 'h'), ('230_7', 't')), (('201_0', 't'), ('122_2', 't'))])

Chosen seed at iteration 4: 2
Chosen chr at iteration 4


Iteration 1
1	deque([(('205_1', 'h'), ('159_6', 'h')), (('186_9', 'h'), ('205_1', 't')), (('186_9', 't'), ('157_6', 't')), (('157_6', 'h'), ('90_9', 'h')), (('164_6', 'h'), ('90_9', 't')), (('100_13', 'h'), ('164_6', 't')), (('164_18', 'h'), ('100_13', 't')), (('126_8', 'h'), ('164_18', 't')), (('231_10', 't'), ('126_8', 't')), (('231_10', 'h'), ('127_15', 't')), (('227_12', 'h'), ('127_15', 'h')), (('238_6', 't'), ('227_12', 't')), (('238_6', 'h'), ('87_9', 't')), (('144_11', 'h'), ('87_9', 'h')), (('122_6', 'h'), ('144_11', 't')), (('201_11', 't'), ('122_6', 't')), (('201_11', 'h'), ('230_5', 't')), (('230_5', 'h'), ('111_4', 't')), (('111_4', 'h'), ('159_6', 't'))])
1	deque([(('84_1', 'h'), ('194_8', 't')), (('187_0', 'h'), ('84_1', 't')), (('137_3', 'h'), ('187_0', 't')), (('246_4', 't'), ('137_3', 't')), (('246_4', 'h'), ('124_10', 't')), (('124_10', 'h'), ('167_1', 't')), (('167_1', 'h'), ('18_0', 'h')), (('173_0', 't'), ('18_0', 't')), (('173_0', 'h'), ('148_5', 'h')), (('204_0', 't'), ('148_5', 't')), (('204_0', 'h'), ('150_10', 't')), (('150_10', 'h'), ('172_2', 't')), (('229_3', 'h'), ('172_2', 'h')), (('210_2', 'h'), ('229_3', 't')), (('189_5', 'h'), ('210_2', 't')), (('158_0', 'h'), ('189_5', 't')), (('158_0', 't'), ('155_6', 't')), (('194_8', 'h'), ('155_6', 'h'))])
1	deque([(('145_0', 'h'), ('54_1', 't')), (('113_2', 'h'), ('145_0', 't')), (('195_5', 'h'), ('113_2', 't')), (('236_5', 'h'), ('195_5', 't')), (('38_1', 'h'), ('236_5', 't')), (('177_0', 't'), ('38_1', 't')), (('177_0', 'h'), ('121_6', 't')), (('121_6', 'h'), ('222_6', 't')), (('222_6', 'h'), ('54_1', 'h'))])

Chosen seed at iteration 1: 2
Chosen chr at iteration 1


Iteration 2
2	deque([(('177_6', 'h'), ('121_1', 't')), (('121_1', 'h'), ('222_8', 't')), (('222_8', 'h'), ('54_0', 'h')), (('145_1', 'h'), ('54_0', 't')), (('113_10', 'h'), ('145_1', 't')), (('195_2', 'h'), ('113_10', 't')), (('236_5', 'h'), ('195_2', 't')), (('38_2', 'h'), ('236_5', 't')), (('177_6', 't'), ('38_2', 't'))])
2	deque([(('204_1', 'h'), ('150_10', 't')), (('204_1', 't'), ('148_3', 't')), (('173_0', 'h'), ('148_3', 'h')), (('173_0', 't'), ('18_0', 't')), (('167_1', 'h'), ('18_0', 'h')), (('124_10', 'h'), ('167_1', 't')), (('246_4', 'h'), ('124_10', 't')), (('246_4', 't'), ('137_3', 't')), (('137_3', 'h'), ('187_8', 't')), (('187_8', 'h'), ('84_1', 't')), (('84_1', 'h'), ('194_2', 't')), (('194_2', 'h'), ('155_1', 'h')), (('158_1', 't'), ('155_1', 't')), (('158_1', 'h'), ('189_5', 't')), (('189_5', 'h'), ('210_2', 't')), (('210_2', 'h'), ('229_3', 't')), (('229_3', 'h'), ('172_0', 'h')), (('150_10', 'h'), ('172_0', 't'))])
2	deque([(('238_4', 'h'), ('87_5', 't')), (('238_4', 't'), ('227_3', 't')), (('227_3', 'h'), ('127_5', 'h')), (('231_3', 'h'), ('127_5', 't')), (('231_3', 't'), ('126_9', 't')), (('126_9', 'h'), ('164_8', 't')), (('164_8', 'h'), ('100_10', 't')), (('100_10', 'h'), ('164_6', 't')), (('164_6', 'h'), ('90_2', 't')), (('157_0', 'h'), ('90_2', 'h')), (('186_2', 't'), ('157_0', 't')), (('186_2', 'h'), ('205_1', 't')), (('205_1', 'h'), ('159_8', 'h')), (('111_1', 'h'), ('159_8', 't')), (('230_8', 'h'), ('111_1', 't')), (('201_11', 'h'), ('230_8', 't')), (('201_11', 't'), ('122_7', 't')), (('122_7', 'h'), ('144_6', 't')), (('144_6', 'h'), ('87_5', 'h'))])

Chosen seed at iteration 2: 3
Chosen chr at iteration 2


Iteration 3
3	deque([(('246_4', 'h'), ('124_10', 't')), (('124_10', 'h'), ('167_1', 't')), (('167_1', 'h'), ('18_0', 'h')), (('173_0', 't'), ('18_0', 't')), (('173_0', 'h'), ('148_8', 'h')), (('204_11', 't'), ('148_8', 't')), (('204_11', 'h'), ('150_8', 't')), (('150_8', 'h'), ('172_5', 't')), (('229_0', 'h'), ('172_5', 'h')), (('210_2', 'h'), ('229_0', 't')), (('189_5', 'h'), ('210_2', 't')), (('158_6', 'h'), ('189_5', 't')), (('158_6', 't'), ('155_6', 't')), (('194_2', 'h'), ('155_6', 'h')), (('84_0', 'h'), ('194_2', 't')), (('187_0', 'h'), ('84_0', 't')), (('137_3', 'h'), ('187_0', 't')), (('246_4', 't'), ('137_3', 't'))])
3	deque([(('231_7', 'h'), ('127_9', 't')), (('227_3', 'h'), ('127_9', 'h')), (('238_4', 't'), ('227_3', 't')), (('238_4', 'h'), ('87_5', 't')), (('144_6', 'h'), ('87_5', 'h')), (('122_10', 'h'), ('144_6', 't')), (('201_9', 't'), ('122_10', 't')), (('201_9', 'h'), ('230_2', 't')), (('230_2', 'h'), ('111_8', 't')), (('111_8', 'h'), ('159_9', 't')), (('205_1', 'h'), ('159_9', 'h')), (('186_8', 'h'), ('205_1', 't')), (('186_8', 't'), ('157_9', 't')), (('157_9', 'h'), ('90_9', 'h')), (('164_18', 'h'), ('90_9', 't')), (('126_9', 'h'), ('164_18', 't')), (('231_7', 't'), ('126_9', 't'))])
3	deque([(('164_10', 'h'), ('100_0', 't')), (('100_0', 'h'), ('164_10', 't'))])

Chosen seed at iteration 3: 2
Chosen chr at iteration 3


Iteration 4
4	deque([(('189_5', 'h'), ('210_2', 't')), (('210_2', 'h'), ('229_1', 't')), (('229_1', 'h'), ('172_0', 'h')), (('150_10', 'h'), ('172_0', 't')), (('204_0', 'h'), ('150_10', 't')), (('204_0', 't'), ('148_5', 't')), (('173_0', 'h'), ('148_5', 'h')), (('173_0', 't'), ('18_0', 't')), (('167_0', 'h'), ('18_0', 'h')), (('124_10', 'h'), ('167_0', 't')), (('246_4', 'h'), ('124_10', 't')), (('246_4', 't'), ('137_3', 't')), (('137_3', 'h'), ('187_0', 't')), (('187_0', 'h'), ('84_1', 't')), (('84_1', 'h'), ('194_7', 't')), (('194_7', 'h'), ('155_9', 'h')), (('158_0', 't'), ('155_9', 't')), (('158_0', 'h'), ('189_5', 't'))])
4	deque([(('121_7', 'h'), ('222_9', 't')), (('222_9', 'h'), ('54_1', 'h')), (('145_0', 'h'), ('54_1', 't')), (('113_2', 'h'), ('145_0', 't')), (('195_4', 'h'), ('113_2', 't')), (('236_1', 'h'), ('195_4', 't')), (('38_1', 'h'), ('236_1', 't')), (('177_10', 't'), ('38_1', 't')), (('177_10', 'h'), ('121_7', 't'))])

Chosen seed at iteration 4: 1
Chosen chr at iteration 4


Iteration 1
1	deque([(('158_7', 't'), ('155_1', 't')), (('190_4', 'h'), ('158_7', 'h')), (('209_2', 't'), ('190_4', 't')), (('209_2', 'h'), ('171_4', 'h')), (('149_7', 'h'), ('171_4', 't')), (('203_6', 'h'), ('149_7', 't')), (('203_6', 't'), ('146_3', 't')), (('146_3', 'h'), ('180_1', 't')), (('180_1', 'h'), ('82_0', 't')), (('82_0', 'h'), ('139_4', 't')), (('169_2', 'h'), ('139_4', 'h')), (('182_12', 'h'), ('169_2', 't')), (('172_2', 'h'), ('182_12', 't')), (('150_11', 'h'), ('172_2', 't')), (('204_5', 'h'), ('150_11', 't')), (('204_5', 't'), ('148_7', 't')), (('148_7', 'h'), ('175_6', 't')), (('175_6', 'h'), ('40_0', 'h')), (('194_2', 't'), ('40_0', 't')), (('194_2', 'h'), ('155_1', 'h'))])
1	deque([(('236_2', 'h'), ('195_10', 't')), (('195_10', 'h'), ('113_3', 't')), (('113_3', 'h'), ('145_12', 't')), (('145_12', 'h'), ('54_0', 't')), (('222_0', 'h'), ('54_0', 'h')), (('121_6', 'h'), ('222_0', 't')), (('177_3', 'h'), ('121_6', 't')), (('177_3', 't'), ('38_2', 't')), (('38_2', 'h'), ('236_2', 't'))])
1	deque([(('164_16', 'h'), ('100_4', 't')), (('126_9', 'h'), ('164_16', 't')), (('231_8', 't'), ('126_9', 't')), (('231_8', 'h'), ('127_5', 't')), (('227_5', 'h'), ('127_5', 'h')), (('238_6', 't'), ('227_5', 't')), (('238_6', 'h'), ('87_5', 't')), (('144_11', 'h'), ('87_5', 'h')), (('122_7', 'h'), ('144_11', 't')), (('201_1', 't'), ('122_7', 't')), (('201_1', 'h'), ('230_4', 't')), (('230_4', 'h'), ('111_9', 't')), (('111_9', 'h'), ('159_11', 't')), (('205_0', 'h'), ('159_11', 'h')), (('186_8', 'h'), ('205_0', 't')), (('186_8', 't'), ('157_0', 't')), (('157_0', 'h'), ('90_2', 'h')), (('164_6', 'h'), ('90_2', 't')), (('100_4', 'h'), ('164_6', 't'))])
1	deque([(('97_1', 'h'), ('34_3', 't')), (('106_6', 'h'), ('97_1', 't')), (('34_3', 'h'), ('106_6', 't'))])

Chosen seed at iteration 1: 4
Chosen chr at iteration 1


Iteration 2
2	deque([(('175_1', 'h'), ('40_0', 'h')), (('194_2', 't'), ('40_0', 't')), (('194_2', 'h'), ('155_5', 'h')), (('158_7', 't'), ('155_5', 't')), (('190_0', 'h'), ('158_7', 'h')), (('209_3', 't'), ('190_0', 't')), (('209_3', 'h'), ('171_0', 'h')), (('149_1', 'h'), ('171_0', 't')), (('203_6', 'h'), ('149_1', 't')), (('203_6', 't'), ('146_3', 't')), (('146_3', 'h'), ('180_5', 't')), (('180_5', 'h'), ('82_0', 't')), (('82_0', 'h'), ('139_2', 't')), (('169_2', 'h'), ('139_2', 'h')), (('182_2', 'h'), ('169_2', 't')), (('172_4', 'h'), ('182_2', 't')), (('150_11', 'h'), ('172_4', 't')), (('204_1', 'h'), ('150_11', 't')), (('204_1', 't'), ('148_6', 't')), (('148_6', 'h'), ('175_1', 't'))])
2	deque([(('34_4', 'h'), ('106_4', 't')), (('97_0', 'h'), ('34_4', 't')), (('106_4', 'h'), ('97_0', 't'))])

Chosen seed at iteration 2: 2
Chosen chr at iteration 2


Iteration 3
3	deque([(('231_6', 't'), ('126_3', 't')), (('231_6', 'h'), ('127_9', 't')), (('227_4', 'h'), ('127_9', 'h')), (('238_4', 't'), ('227_4', 't')), (('238_4', 'h'), ('87_5', 't')), (('144_4', 'h'), ('87_5', 'h')), (('122_10', 'h'), ('144_4', 't')), (('201_11', 't'), ('122_10', 't')), (('201_11', 'h'), ('230_12', 't')), (('230_12', 'h'), ('111_4', 't')), (('111_4', 'h'), ('159_11', 't')), (('205_0', 'h'), ('159_11', 'h')), (('186_8', 'h'), ('205_0', 't')), (('186_8', 't'), ('157_0', 't')), (('157_0', 'h'), ('90_3', 'h')), (('164_16', 'h'), ('90_3', 't')), (('126_3', 'h'), ('164_16', 't'))])
3	deque([(('204_1', 't'), ('148_6', 't')), (('148_6', 'h'), ('175_1', 't')), (('175_1', 'h'), ('40_0', 'h')), (('194_8', 't'), ('40_0', 't')), (('194_8', 'h'), ('155_8', 'h')), (('158_7', 't'), ('155_8', 't')), (('190_2', 'h'), ('158_7', 'h')), (('209_0', 't'), ('190_2', 't')), (('209_0', 'h'), ('171_0', 'h')), (('149_0', 'h'), ('171_0', 't')), (('203_2', 'h'), ('149_0', 't')), (('203_2', 't'), ('146_8', 't')), (('146_8', 'h'), ('180_4', 't')), (('180_4', 'h'), ('82_0', 't')), (('82_0', 'h'), ('139_4', 't')), (('169_0', 'h'), ('139_4', 'h')), (('182_7', 'h'), ('169_0', 't')), (('172_10', 'h'), ('182_7', 't')), (('150_3', 'h'), ('172_10', 't')), (('204_1', 'h'), ('150_3', 't'))])
3	deque([(('121_6', 'h'), ('222_6', 't')), (('222_6', 'h'), ('54_0', 'h')), (('145_12', 'h'), ('54_0', 't')), (('113_10', 'h'), ('145_12', 't')), (('195_2', 'h'), ('113_10', 't')), (('236_2', 'h'), ('195_2', 't')), (('38_2', 'h'), ('236_2', 't')), (('177_6', 't'), ('38_2', 't')), (('177_6', 'h'), ('121_6', 't'))])
3	deque([(('34_3', 'h'), ('106_2', 't')), (('97_1', 'h'), ('34_3', 't')), (('106_2', 'h'), ('97_1', 't'))])
3	deque([(('100_10', 'h'), ('164_18', 't')), (('164_18', 'h'), ('100_10', 't'))])

Chosen seed at iteration 3: 5
Chosen chr at iteration 3


Iteration 4
4	deque([(('34_3', 'h'), ('106_6', 't')), (('97_3', 'h'), ('34_3', 't')), (('106_6', 'h'), ('97_3', 't'))])
4	deque([(('169_4', 'h'), ('139_4', 'h')), (('182_2', 'h'), ('169_4', 't')), (('172_4', 'h'), ('182_2', 't')), (('150_3', 'h'), ('172_4', 't')), (('204_10', 'h'), ('150_3', 't')), (('204_10', 't'), ('148_6', 't')), (('148_6', 'h'), ('175_3', 't')), (('175_3', 'h'), ('40_0', 'h')), (('194_0', 't'), ('40_0', 't')), (('194_0', 'h'), ('155_5', 'h')), (('158_6', 't'), ('155_5', 't')), (('190_4', 'h'), ('158_6', 'h')), (('209_2', 't'), ('190_4', 't')), (('209_2', 'h'), ('171_4', 'h')), (('149_6', 'h'), ('171_4', 't')), (('203_1', 'h'), ('149_6', 't')), (('203_1', 't'), ('146_4', 't')), (('146_4', 'h'), ('180_10', 't')), (('180_10', 'h'), ('82_0', 't')), (('82_0', 'h'), ('139_4', 't'))])
4	deque([(('100_0', 'h'), ('164_6', 't')), (('164_6', 'h'), ('100_0', 't'))])

Chosen seed at iteration 4: 2
Chosen chr at iteration 4


Iteration 1
1	deque([(('100_3', 'h'), ('164_11', 't')), (('164_11', 'h'), ('100_3', 't'))])
1	deque([(('177_3', 'h'), ('121_3', 't')), (('121_3', 'h'), ('222_4', 't')), (('222_4', 'h'), ('64_0', 'h')), (('211_8', 't'), ('64_0', 't')), (('211_8', 'h'), ('178_7', 't')), (('178_7', 'h'), ('177_3', 't'))])

Chosen seed at iteration 1: 1
Chosen chr at iteration 1


Iteration 2
2	deque([(('177_3', 'h'), ('121_1', 't')), (('178_0', 'h'), ('177_3', 't')), (('211_1', 'h'), ('178_0', 't')), (('211_1', 't'), ('64_1', 't')), (('222_0', 'h'), ('64_1', 'h')), (('121_1', 'h'), ('222_0', 't'))])
2	deque([(('100_1', 'h'), ('164_13', 't')), (('164_13', 'h'), ('100_1', 't'))])

Chosen seed at iteration 2: 2
Chosen chr at iteration 2


Iteration 3
3	deque([(('211_8', 'h'), ('178_0', 't')), (('178_0', 'h'), ('177_3', 't')), (('177_3', 'h'), ('121_3', 't')), (('121_3', 'h'), ('222_8', 't')), (('222_8', 'h'), ('64_1', 'h')), (('211_8', 't'), ('64_1', 't'))])

Chosen seed at iteration 3: 1
Chosen chr at iteration 3


Iteration 4
4	deque([(('211_5', 't'), ('64_1', 't')), (('211_5', 'h'), ('178_7', 't')), (('178_7', 'h'), ('177_3', 't')), (('177_3', 'h'), ('121_1', 't')), (('121_1', 'h'), ('222_11', 't')), (('222_11', 'h'), ('64_1', 'h'))])
4	deque([(('164_8', 'h'), ('100_3', 't')), (('100_3', 'h'), ('164_8', 't'))])

Chosen seed at iteration 4: 2
Chosen chr at iteration 4


Iteration 1
1	deque([(('34_1', 'h'), ('106_2', 't')), (('106_2', 'h'), ('97_1', 't')), (('97_1', 'h'), ('34_1', 't'))])
1	deque([(('231_7', 't'), ('126_0', 't')), (('126_0', 'h'), ('164_4', 't')), (('164_4', 'h'), ('90_5', 't')), (('157_4', 'h'), ('90_5', 'h')), (('186_9', 't'), ('157_4', 't')), (('186_9', 'h'), ('205_6', 't')), (('205_6', 'h'), ('159_7', 'h')), (('111_4', 'h'), ('159_7', 't')), (('230_5', 'h'), ('111_4', 't')), (('201_7', 'h'), ('230_5', 't')), (('201_7', 't'), ('122_10', 't')), (('122_10', 'h'), ('144_5', 't')), (('144_5', 'h'), ('227_3', 't')), (('227_3', 'h'), ('127_9', 'h')), (('231_7', 'h'), ('127_9', 't'))])
1	deque([(('164_13', 'h'), ('100_1', 't')), (('100_1', 'h'), ('164_13', 't'))])

Chosen seed at iteration 1: 3
Chosen chr at iteration 1


Iteration 2
2	deque([(('111_0', 'h'), ('159_11', 't')), (('230_2', 'h'), ('111_0', 't')), (('201_11', 'h'), ('230_2', 't')), (('201_11', 't'), ('122_10', 't')), (('122_10', 'h'), ('144_6', 't')), (('144_6', 'h'), ('227_0', 't')), (('227_0', 'h'), ('127_0', 'h')), (('231_7', 'h'), ('127_0', 't')), (('231_7', 't'), ('126_0', 't')), (('126_0', 'h'), ('164_7', 't')), (('164_7', 'h'), ('100_1', 't')), (('100_1', 'h'), ('164_15', 't')), (('164_15', 'h'), ('90_5', 't')), (('157_0', 'h'), ('90_5', 'h')), (('186_9', 't'), ('157_0', 't')), (('186_9', 'h'), ('205_1', 't')), (('205_1', 'h'), ('159_11', 'h'))])
2	deque([(('106_2', 'h'), ('97_0', 't')), (('34_1', 'h'), ('106_2', 't')), (('97_0', 'h'), ('34_1', 't'))])

Chosen seed at iteration 2: 2
Chosen chr at iteration 2


Iteration 3
3	deque([(('231_6', 'h'), ('127_0', 't')), (('231_6', 't'), ('126_3', 't')), (('126_3', 'h'), ('164_7', 't')), (('164_7', 'h'), ('100_4', 't')), (('100_4', 'h'), ('164_4', 't')), (('164_4', 'h'), ('90_5', 't')), (('157_0', 'h'), ('90_5', 'h')), (('186_4', 't'), ('157_0', 't')), (('186_4', 'h'), ('205_1', 't')), (('205_1', 'h'), ('159_6', 'h')), (('111_8', 'h'), ('159_6', 't')), (('230_9', 'h'), ('111_8', 't')), (('201_10', 'h'), ('230_9', 't')), (('201_10', 't'), ('122_10', 't')), (('122_10', 'h'), ('144_4', 't')), (('144_4', 'h'), ('227_4', 't')), (('227_4', 'h'), ('127_0', 'h'))])
3	deque([(('97_1', 'h'), ('34_4', 't')), (('34_4', 'h'), ('106_2', 't')), (('106_2', 'h'), ('97_1', 't'))])

Chosen seed at iteration 3: 2
Chosen chr at iteration 3


Iteration 4
4	deque([(('231_7', 't'), ('126_0', 't')), (('126_0', 'h'), ('164_7', 't')), (('164_7', 'h'), ('90_2', 't')), (('157_4', 'h'), ('90_2', 'h')), (('186_8', 't'), ('157_4', 't')), (('186_8', 'h'), ('205_6', 't')), (('205_6', 'h'), ('159_12', 'h')), (('111_4', 'h'), ('159_12', 't')), (('230_3', 'h'), ('111_4', 't')), (('201_10', 'h'), ('230_3', 't')), (('201_10', 't'), ('122_10', 't')), (('122_10', 'h'), ('144_8', 't')), (('144_8', 'h'), ('227_5', 't')), (('227_5', 'h'), ('127_5', 'h')), (('231_7', 'h'), ('127_5', 't'))])
4	deque([(('100_10', 'h'), ('164_13', 't')), (('164_13', 'h'), ('100_10', 't'))])
4	deque([(('97_1', 'h'), ('34_1', 't')), (('106_2', 'h'), ('97_1', 't')), (('34_1', 'h'), ('106_2', 't'))])

Chosen seed at iteration 4: 3
Chosen chr at iteration 4


Iteration 1
1	deque([(('97_0', 'h'), ('34_4', 't')), (('34_4', 'h'), ('106_7', 't')), (('106_7', 'h'), ('97_0', 't'))])

Chosen seed at iteration 1: 1
Chosen chr at iteration 1


Iteration 2
2	deque([(('34_4', 'h'), ('106_3', 't')), (('97_0', 'h'), ('34_4', 't')), (('106_3', 'h'), ('97_0', 't'))])
2	deque([(('231_6', 'h'), ('127_16', 't'))])
2	deque([(('231_6', 't'), ('126_8', 't'))])

Chosen seed at iteration 2: 2
Chosen chr at iteration 2


Iteration 3
3	deque([(('34_4', 'h'), ('106_3', 't')), (('97_0', 'h'), ('34_4', 't')), (('106_3', 'h'), ('97_0', 't'))])

Chosen seed at iteration 3: 1
Chosen chr at iteration 3


Iteration 4
Iteration 1
1	deque([(('106_7', 'h'), ('97_0', 't')), (('97_0', 'h'), ('34_4', 't')), (('34_4', 'h'), ('106_7', 't'))])

Chosen seed at iteration 1: 1
Chosen chr at iteration 1


Iteration 2
2	deque([(('34_4', 'h'), ('106_3', 't')), (('106_3', 'h'), ('97_0', 't')), (('97_0', 'h'), ('34_4', 't'))])

Chosen seed at iteration 2: 1
Chosen chr at iteration 2


Iteration 3
3	deque([(('100_1', 'h'), ('164_4', 't')), (('164_4', 'h'), ('100_1', 't'))])

Chosen seed at iteration 3: 1
Chosen chr at iteration 3


Iteration 4
4	deque([(('164_4', 'h'), ('100_5', 't')), (('100_5', 'h'), ('164_4', 't'))])

Chosen seed at iteration 4: 1
Chosen chr at iteration 4


Iteration 1
1	deque([(('100_1', 'h'), ('164_16', 't')), (('164_16', 'h'), ('100_1', 't'))])
1	deque([(('106_7', 'h'), ('97_0', 't')), (('34_4', 'h'), ('106_7', 't')), (('97_0', 'h'), ('34_4', 't'))])

Chosen seed at iteration 1: 1
Chosen chr at iteration 1


Iteration 2
2	deque([(('106_7', 'h'), ('97_0', 't')), (('97_0', 'h'), ('34_4', 't')), (('34_4', 'h'), ('106_7', 't'))])
2	deque([(('100_7', 'h'), ('164_16', 't')), (('164_16', 'h'), ('100_7', 't'))])

Chosen seed at iteration 2: 1
Chosen chr at iteration 2


Iteration 3
3	deque([(('34_4', 'h'), ('106_3', 't')), (('97_0', 'h'), ('34_4', 't')), (('106_3', 'h'), ('97_0', 't'))])
3	deque([(('164_16', 'h'), ('100_7', 't')), (('100_7', 'h'), ('164_16', 't'))])

Chosen seed at iteration 3: 2
Chosen chr at iteration 3


Iteration 4
4	deque([(('106_3', 'h'), ('97_0', 't')), (('34_4', 'h'), ('106_3', 't')), (('97_0', 'h'), ('34_4', 't'))])

Chosen seed at iteration 4: 1
Chosen chr at iteration 4


Iteration 1
Iteration 1
Iteration 1
Iteration 1
Iteration 1
1	deque([(('144_12', 'h'), ('227_8', 't'))])

Chosen seed at iteration 1: 1
Chosen chr at iteration 1


Iteration 2
Iteration 1
Iteration 1
Iteration 1
Iteration 1
Iteration 1
Iteration 1
Iteration 1
Iteration 1
Iteration 1
Iteration 1
Iteration 1
Iteration 1
Iteration 1
Iteration 1
Iteration 1
Iteration 1
Iteration 1
Iteration 1
Iteration 1
Iteration 1
Iteration 1
