
Gurobi 7.5.2 (linux64) logging started Thu Mar 21 00:33:58 2019

Changed value of parameter LogFile to /home/aniket/python_scripts/Plasmids/exp/2019-03-21__iterative_with_questionable/output/sample_23/1.2.1/nplasmids_1/MILP/m.log
   Prev: gurobi.log  Default: 
Changed value of parameter TimeLimit to 2400.0
   Prev: 1e+100  Min: 0.0  Max: 1e+100  Default: 1e+100
Optimize a model with 8577 rows, 2497 columns and 64072 nonzeros
Variable types: 652 continuous, 1845 integer (977 binary)
Coefficient statistics:
  Matrix range     [6e-02, 1e+06]
  Objective range  [4e-04, 3e+05]
  Bounds range     [1e+00, 1e+00]
  RHS range        [4e-01, 1e+06]
Presolve removed 6747 rows and 1424 columns
Presolve time: 0.06s
Presolved: 1830 rows, 1073 columns, 6466 nonzeros
Variable types: 214 continuous, 859 integer (646 binary)
Found heuristic solution: objective -5431.730616

Root relaxation: objective -1.989183e+05, 1111 iterations, 0.03 seconds

    Nodes    |    Current Node    |     Objective Bounds      |     Work
 Expl Unexpl |  Obj  Depth IntInf | Incumbent    BestBd   Gap | It/Node Time

     0     0 -198918.28    0  130 -5431.7306 -198918.28  3562%     -    0s
     0     0 -169347.47    0  141 -5431.7306 -169347.47  3018%     -    0s
     0     0 -169287.18    0  144 -5431.7306 -169287.18  3017%     -    0s
     0     0 -169284.13    0  146 -5431.7306 -169284.13  3017%     -    0s
     0     0 -138326.23    0  185 -5431.7306 -138326.23  2447%     -    0s
     0     0 -136733.67    0  182 -5431.7306 -136733.67  2417%     -    0s
     0     0 -136549.47    0  172 -5431.7306 -136549.47  2414%     -    0s
     0     0 -136367.81    0  179 -5431.7306 -136367.81  2411%     -    0s
     0     0 -136333.92    0  179 -5431.7306 -136333.92  2410%     -    0s
     0     0 -136325.38    0  181 -5431.7306 -136325.38  2410%     -    0s
     0     0 -133023.15    0  162 -5431.7306 -133023.15  2349%     -    0s
H    0     0                    -68422.22801 -133023.15  94.4%     -    0s
     0     0 -131893.81    0  178 -68422.228 -131893.81  92.8%     -    0s
     0     0 -129877.65    0  174 -68422.228 -129877.65  89.8%     -    0s
     0     0 -128339.70    0  187 -68422.228 -128339.70  87.6%     -    0s
     0     0 -128197.96    0  183 -68422.228 -128197.96  87.4%     -    0s
     0     0 -127751.99    0  182 -68422.228 -127751.99  86.7%     -    0s
     0     0 -127709.38    0  174 -68422.228 -127709.38  86.6%     -    0s
     0     0 -127709.21    0  174 -68422.228 -127709.21  86.6%     -    0s
     0     0 -126624.03    0  207 -68422.228 -126624.03  85.1%     -    0s
     0     0 -126496.27    0  215 -68422.228 -126496.27  84.9%     -    0s
     0     0 -125541.42    0  197 -68422.228 -125541.42  83.5%     -    0s
     0     0 -125336.20    0  214 -68422.228 -125336.20  83.2%     -    0s
     0     0 -125146.55    0  220 -68422.228 -125146.55  82.9%     -    0s
     0     0 -125098.02    0  224 -68422.228 -125098.02  82.8%     -    0s
     0     0 -124207.41    0  196 -68422.228 -124207.41  81.5%     -    0s
     0     0 -123770.00    0  190 -68422.228 -123770.00  80.9%     -    0s
     0     0 -123735.26    0  196 -68422.228 -123735.26  80.8%     -    0s
     0     0 -123717.85    0  194 -68422.228 -123717.85  80.8%     -    0s
     0     0 -122880.05    0  191 -68422.228 -122880.05  79.6%     -    0s
     0     0 -122823.80    0  195 -68422.228 -122823.80  79.5%     -    0s
     0     0 -122817.37    0  200 -68422.228 -122817.37  79.5%     -    0s
     0     0 -121685.96    0  230 -68422.228 -121685.96  77.8%     -    0s
     0     0 -121618.03    0  215 -68422.228 -121618.03  77.7%     -    0s
     0     0 -121608.28    0  215 -68422.228 -121608.28  77.7%     -    0s
     0     0 -120560.96    0  210 -68422.228 -120560.96  76.2%     -    0s
     0     0 -120372.66    0  220 -68422.228 -120372.66  75.9%     -    0s
     0     0 -120319.66    0  219 -68422.228 -120319.66  75.8%     -    0s
     0     0 -119742.14    0  220 -68422.228 -119742.14  75.0%     -    0s
     0     0 -119704.34    0  216 -68422.228 -119704.34  74.9%     -    0s
     0     0 -119659.74    0  224 -68422.228 -119659.74  74.9%     -    0s
     0     0 -119625.73    0  230 -68422.228 -119625.73  74.8%     -    0s
     0     0 -119557.04    0  225 -68422.228 -119557.04  74.7%     -    0s
     0     0 -119557.00    0  225 -68422.228 -119557.00  74.7%     -    0s
     0     0 -119256.11    0  227 -68422.228 -119256.11  74.3%     -    0s
     0     0 -119222.46    0  231 -68422.228 -119222.46  74.2%     -    0s
     0     0 -119191.56    0  231 -68422.228 -119191.56  74.2%     -    0s
     0     0 -119163.35    0  236 -68422.228 -119163.35  74.2%     -    0s
     0     0 -119150.24    0  235 -68422.228 -119150.24  74.1%     -    0s
     0     0 -118888.56    0  207 -68422.228 -118888.56  73.8%     -    0s
     0     0 -118838.55    0  230 -68422.228 -118838.55  73.7%     -    0s
     0     0 -118755.68    0  236 -68422.228 -118755.68  73.6%     -    0s
     0     0 -118744.31    0  236 -68422.228 -118744.31  73.5%     -    0s
     0     0 -118642.64    0  236 -68422.228 -118642.64  73.4%     -    0s
     0     0 -118636.85    0  239 -68422.228 -118636.85  73.4%     -    0s
     0     0 -118602.87    0  238 -68422.228 -118602.87  73.3%     -    0s
     0     0 -118602.87    0  238 -68422.228 -118602.87  73.3%     -    0s
H    0     0                    -73130.79588 -118602.87  62.2%     -    0s
H    0     0                    -90599.49633 -118602.87  30.9%     -    0s
H    0     0                    -99294.02268 -118602.87  19.4%     -    0s
H    0     0                    -103963.2693 -118602.87  14.1%     -    0s
     0     0 -118602.87    0  150 -103963.27 -118602.87  14.1%     -    0s
     0     0 -118602.87    0  143 -103963.27 -118602.87  14.1%     -    0s
     0     0 -117519.06    0  153 -103963.27 -117519.06  13.0%     -    0s
     0     0 -117397.38    0  156 -103963.27 -117397.38  12.9%     -    0s
     0     0 -117250.26    0  161 -103963.27 -117250.26  12.8%     -    0s
     0     0 -117177.28    0  158 -103963.27 -117177.28  12.7%     -    0s
     0     0 -116724.26    0  155 -103963.27 -116724.26  12.3%     -    0s
     0     0 -116717.69    0  158 -103963.27 -116717.69  12.3%     -    0s
     0     0 -116532.28    0  158 -103963.27 -116532.28  12.1%     -    0s
     0     0 -116532.28    0  158 -103963.27 -116532.28  12.1%     -    0s
     0     0 -116532.28    0   83 -103963.27 -116532.28  12.1%     -    1s
     0     0 -113793.03    0  110 -103963.27 -113793.03  9.46%     -    1s
     0     0 -113709.22    0  114 -103963.27 -113709.22  9.37%     -    1s
     0     0 -112479.12    0  108 -103963.27 -112479.12  8.19%     -    1s
     0     0 -112438.21    0  108 -103963.27 -112438.21  8.15%     -    1s
     0     0 -112138.77    0   95 -103963.27 -112138.77  7.86%     -    1s
     0     0 -112138.32    0   96 -103963.27 -112138.32  7.86%     -    1s
     0     0 -111658.40    0  102 -103963.27 -111658.40  7.40%     -    1s
     0     0 -111156.41    0  108 -103963.27 -111156.41  6.92%     -    1s
     0     0 -111144.95    0  108 -103963.27 -111144.95  6.91%     -    1s
     0     0 -111114.25    0  111 -103963.27 -111114.25  6.88%     -    1s
     0     0 -111111.96    0  111 -103963.27 -111111.96  6.88%     -    1s
     0     0 -110865.83    0  106 -103963.27 -110865.83  6.64%     -    1s
     0     0 -110850.93    0  104 -103963.27 -110850.93  6.63%     -    1s
     0     0 -110845.48    0  106 -103963.27 -110845.48  6.62%     -    1s
     0     0 -110607.21    0   98 -103963.27 -110607.21  6.39%     -    1s
     0     0 -110600.96    0  104 -103963.27 -110600.96  6.38%     -    1s
     0     0 -110600.96    0  104 -103963.27 -110600.96  6.38%     -    1s
     0     0 -110598.47    0  105 -103963.27 -110598.47  6.38%     -    1s
     0     0 -110598.43    0  105 -103963.27 -110598.43  6.38%     -    1s
     0     0 -110598.02    0  106 -103963.27 -110598.02  6.38%     -    1s
     0     0 -110598.02    0  106 -103963.27 -110598.02  6.38%     -    1s
     0     0 -110598.02    0   74 -103963.27 -110598.02  6.38%     -    1s
     0     0 -108822.94    0   79 -103963.27 -108822.94  4.67%     -    1s
     0     0 -108565.22    0   83 -103963.27 -108565.22  4.43%     -    1s
     0     0 -108558.92    0   86 -103963.27 -108558.92  4.42%     -    1s
     0     0 -108545.70    0   88 -103963.27 -108545.70  4.41%     -    1s
     0     0 -108526.31    0   88 -103963.27 -108526.31  4.39%     -    1s
     0     0 -108071.57    0   88 -103963.27 -108071.57  3.95%     -    1s
     0     0 -107886.41    0   87 -103963.27 -107886.41  3.77%     -    1s
     0     0 -107741.27    0   89 -103963.27 -107741.27  3.63%     -    1s
     0     0 -107730.01    0   90 -103963.27 -107730.01  3.62%     -    1s
     0     0 -107727.93    0   90 -103963.27 -107727.93  3.62%     -    1s
     0     0 -107501.70    0   86 -103963.27 -107501.70  3.40%     -    1s
     0     0 -107487.37    0   86 -103963.27 -107487.37  3.39%     -    1s
     0     0 -107487.30    0   87 -103963.27 -107487.30  3.39%     -    1s
     0     0 -107145.36    0   87 -103963.27 -107145.36  3.06%     -    1s
     0     0 -106738.26    0   75 -103963.27 -106738.26  2.67%     -    1s
     0     0 -106738.26    0   75 -103963.27 -106738.26  2.67%     -    1s
     0     0 -106725.55    0   75 -103963.27 -106725.55  2.66%     -    1s
     0     0 -106695.02    0   77 -103963.27 -106695.02  2.63%     -    1s
     0     0 -106694.21    0   86 -103963.27 -106694.21  2.63%     -    1s
     0     0 -106692.35    0   76 -103963.27 -106692.35  2.63%     -    1s
     0     0 -106692.35    0   63 -103963.27 -106692.35  2.63%     -    1s
     0     0 -106692.35    0   62 -103963.27 -106692.35  2.63%     -    1s
     0     0 -106692.35    0   64 -103963.27 -106692.35  2.63%     -    1s
     0     0 -106526.97    0   61 -103963.27 -106526.97  2.47%     -    1s
     0     0 -106411.98    0   62 -103963.27 -106411.98  2.36%     -    1s
     0     0 -106406.50    0   62 -103963.27 -106406.50  2.35%     -    1s
     0     0 -106406.50    0   62 -103963.27 -106406.50  2.35%     -    1s
     0     0 -106383.87    0   60 -103963.27 -106383.87  2.33%     -    1s
     0     0 -106376.94    0   62 -103963.27 -106376.94  2.32%     -    1s
     0     0 -106375.65    0   62 -103963.27 -106375.65  2.32%     -    1s
     0     0 -106375.14    0   62 -103963.27 -106375.14  2.32%     -    1s
     0     0 -106368.66    0   62 -103963.27 -106368.66  2.31%     -    1s
     0     0 -106125.76    0   63 -103963.27 -106125.76  2.08%     -    1s
     0     0 -106109.97    0   65 -103963.27 -106109.97  2.06%     -    1s
     0     0 -106109.97    0   65 -103963.27 -106109.97  2.06%     -    1s
     0     0 -106100.80    0   63 -103963.27 -106100.80  2.06%     -    1s
     0     0 -106071.56    0   61 -103963.27 -106071.56  2.03%     -    1s
     0     0 -106070.52    0   65 -103963.27 -106070.52  2.03%     -    1s
     0     0 -106067.08    0   65 -103963.27 -106067.08  2.02%     -    1s
     0     0 -106062.82    0   67 -103963.27 -106062.82  2.02%     -    1s
     0     0 -104256.34    0   32 -103963.27 -104256.34  0.28%     -    1s
     0     0 -103963.28    0    3 -103963.27 -103963.28  0.00%     -    1s

Cutting planes:
  Gomory: 1
  Implied bound: 1
  MIR: 10
  Flow cover: 6

Explored 1 nodes (6147 simplex iterations) in 1.52 seconds
Thread count was 4 (of 4 available processors)

Solution count 6: -103963 -99294 -90599.5 ... -5431.73

Optimal solution found (tolerance 1.00e-04)
Best objective -1.039632693089e+05, best bound -1.039632766347e+05, gap 0.0000%

Gurobi 7.5.2 (linux64) logging started Thu Mar 21 00:34:00 2019

Changed value of parameter LogFile to /home/aniket/python_scripts/Plasmids/exp/2019-03-21__iterative_with_questionable/output/sample_23/1.2.1/nplasmids_1/MILP/m.log
   Prev: gurobi.log  Default: 
Changed value of parameter TimeLimit to 2400.0
   Prev: 1e+100  Min: 0.0  Max: 1e+100  Default: 1e+100
Optimize a model with 8290 rows, 2413 columns and 60480 nonzeros
Variable types: 631 continuous, 1782 integer (942 binary)
Coefficient statistics:
  Matrix range     [6e-02, 1e+06]
  Objective range  [4e-04, 2e+05]
  Bounds range     [1e+00, 1e+00]
  RHS range        [1e-01, 1e+06]
Presolve removed 6493 rows and 1359 columns
Presolve time: 0.06s
Presolved: 1797 rows, 1054 columns, 6350 nonzeros
Variable types: 211 continuous, 843 integer (633 binary)
Found heuristic solution: objective -245.5859310

Root relaxation: objective -1.344724e+05, 1034 iterations, 0.02 seconds

    Nodes    |    Current Node    |     Objective Bounds      |     Work
 Expl Unexpl |  Obj  Depth IntInf | Incumbent    BestBd   Gap | It/Node Time

     0     0 -134472.36    0  126 -245.58593 -134472.36      -     -    0s
     0     0 -120088.76    0  132 -245.58593 -120088.76      -     -    0s
     0     0 -119888.40    0  135 -245.58593 -119888.40      -     -    0s
     0     0 -104108.59    0  150 -245.58593 -104108.59      -     -    0s
     0     0 -100457.88    0  150 -245.58593 -100457.88      -     -    0s
     0     0 -100222.07    0  147 -245.58593 -100222.07      -     -    0s
     0     0 -100173.47    0  148 -245.58593 -100173.47      -     -    0s
     0     0 -100173.35    0  148 -245.58593 -100173.35      -     -    0s
     0     0 -92029.490    0  213 -245.58593 -92029.490      -     -    0s
     0     0 -91326.402    0  199 -245.58593 -91326.402      -     -    0s
     0     0 -91194.055    0  214 -245.58593 -91194.055      -     -    0s
     0     0 -91186.130    0  213 -245.58593 -91186.130      -     -    0s
     0     0 -89281.572    0  173 -245.58593 -89281.572      -     -    0s
     0     0 -88095.519    0  212 -245.58593 -88095.519      -     -    0s
     0     0 -86009.701    0  196 -245.58593 -86009.701      -     -    0s
     0     0 -85797.277    0  197 -245.58593 -85797.277      -     -    0s
     0     0 -85775.221    0  188 -245.58593 -85775.221      -     -    0s
     0     0 -85773.144    0  200 -245.58593 -85773.144      -     -    0s
     0     0 -85251.644    0  190 -245.58593 -85251.644      -     -    0s
H    0     0                    -3250.871352 -85251.644  2522%     -    0s
     0     0 -85135.357    0  187 -3250.8714 -85135.357  2519%     -    0s
     0     0 -84976.768    0  186 -3250.8714 -84976.768  2514%     -    0s
     0     0 -84968.239    0  186 -3250.8714 -84968.239  2514%     -    0s
     0     0 -84405.361    0  221 -3250.8714 -84405.361  2496%     -    0s
     0     0 -84301.006    0  215 -3250.8714 -84301.006  2493%     -    0s
     0     0 -84282.975    0  221 -3250.8714 -84282.975  2493%     -    0s
     0     0 -84275.914    0  221 -3250.8714 -84275.914  2492%     -    0s
     0     0 -83711.409    0  215 -3250.8714 -83711.409  2475%     -    0s
     0     0 -83265.691    0  205 -3250.8714 -83265.691  2461%     -    0s
     0     0 -83142.548    0  226 -3250.8714 -83142.548  2458%     -    0s
     0     0 -83129.709    0  226 -3250.8714 -83129.709  2457%     -    0s
     0     0 -83034.151    0  224 -3250.8714 -83034.151  2454%     -    0s
     0     0 -83023.476    0  224 -3250.8714 -83023.476  2454%     -    0s
     0     0 -82841.646    0  212 -3250.8714 -82841.646  2448%     -    0s
     0     0 -82800.821    0  206 -3250.8714 -82800.821  2447%     -    0s
     0     0 -82786.427    0  209 -3250.8714 -82786.427  2447%     -    0s
     0     0 -82769.933    0  228 -3250.8714 -82769.933  2446%     -    0s
     0     0 -82769.933    0  231 -3250.8714 -82769.933  2446%     -    0s
     0     0 -82693.330    0  186 -3250.8714 -82693.330  2444%     -    0s
H    0     0                    -15815.09968 -82693.330   423%     -    0s
H    0     0                    -15824.46982 -82693.330   423%     -    0s
     0     0 -82580.806    0  211 -15824.470 -82580.806   422%     -    0s
     0     0 -82577.206    0  204 -15824.470 -82577.206   422%     -    0s
     0     0 -82408.191    0  214 -15824.470 -82408.191   421%     -    0s
     0     0 -82328.910    0  214 -15824.470 -82328.910   420%     -    0s
     0     0 -82290.608    0  221 -15824.470 -82290.608   420%     -    0s
     0     0 -82284.595    0  220 -15824.470 -82284.595   420%     -    0s
     0     0 -82283.954    0  221 -15824.470 -82283.954   420%     -    0s
H    0     0                    -15824.46983 -82283.954   420%     -    0s
     0     0 -81558.540    0  217 -15824.470 -81558.540   415%     -    0s
     0     0 -81533.859    0  225 -15824.470 -81533.859   415%     -    0s
     0     0 -81530.502    0  217 -15824.470 -81530.502   415%     -    0s
     0     0 -81287.025    0  228 -15824.470 -81287.025   414%     -    0s
     0     0 -81277.377    0  220 -15824.470 -81277.377   414%     -    0s
     0     0 -80886.177    0  217 -15824.470 -80886.177   411%     -    0s
     0     0 -80883.293    0  224 -15824.470 -80883.293   411%     -    0s
     0     0 -80254.012    0  185 -15824.470 -80254.012   407%     -    0s
H    0     0                    -18543.65520 -80254.012   333%     -    0s
     0     0 -80058.911    0  216 -18543.655 -80058.911   332%     -    0s
     0     0 -79916.944    0  243 -18543.655 -79916.944   331%     -    0s
     0     0 -79901.860    0  245 -18543.655 -79901.860   331%     -    0s
     0     0 -79418.954    0  212 -18543.655 -79418.954   328%     -    0s
     0     0 -79418.690    0  212 -18543.655 -79418.690   328%     -    0s
     0     0 -79371.621    0  209 -18543.655 -79371.621   328%     -    0s
H    0     0                    -19231.69733 -79371.621   313%     -    0s
     0     0 -79239.269    0  216 -19231.697 -79239.269   312%     -    0s
     0     0 -79235.531    0  220 -19231.697 -79235.531   312%     -    0s
     0     0 -79230.812    0  215 -19231.697 -79230.812   312%     -    0s
     0     0 -79230.812    0  215 -19231.697 -79230.812   312%     -    0s
     0     2 -79230.812    0  215 -19231.697 -79230.812   312%     -    0s
H   29    25                    -40249.69847 -77639.510  92.9%  47.9    1s
H   63    29                    -46104.74139 -77627.597  68.4%  45.6    1s
H  246    85                    -50303.32737 -73434.727  46.0%  31.5    1s
*  255    85              28    -50307.58987 -73434.727  46.0%  30.8    1s
*  274    84              26    -51619.38982 -72790.696  41.0%  30.8    1s
H  312    85                    -52380.65020 -72645.592  38.7%  31.6    1s
H  342    77                    -53629.80352 -71601.874  33.5%  33.1    1s
H 1009    31                    -53776.97209 -55907.029  3.96%  27.7    2s

Cutting planes:
  Gomory: 14
  Cover: 192
  Implied bound: 87
  Clique: 15
  MIR: 50
  Flow cover: 94
  Zero half: 37

Explored 1077 nodes (31502 simplex iterations) in 2.14 seconds
Thread count was 4 (of 4 available processors)

Solution count 10: -53777 -53629.8 -52380.7 ... -18543.7
No other solutions better than -53777

Optimal solution found (tolerance 1.00e-04)
Best objective -5.377697209520e+04, best bound -5.377697209520e+04, gap 0.0000%

Gurobi 7.5.2 (linux64) logging started Thu Mar 21 00:34:02 2019

Changed value of parameter LogFile to /home/aniket/python_scripts/Plasmids/exp/2019-03-21__iterative_with_questionable/output/sample_23/1.2.1/nplasmids_1/MILP/m.log
   Prev: gurobi.log  Default: 
Changed value of parameter TimeLimit to 2400.0
   Prev: 1e+100  Min: 0.0  Max: 1e+100  Default: 1e+100
Optimize a model with 1674 rows, 487 columns and 5055 nonzeros
Variable types: 133 continuous, 354 integer (178 binary)
Coefficient statistics:
  Matrix range     [7e-02, 1e+06]
  Objective range  [4e-03, 7e+04]
  Bounds range     [1e+00, 1e+00]
  RHS range        [7e-02, 1e+06]
Presolve removed 1331 rows and 311 columns
Presolve time: 0.01s
Presolved: 343 rows, 176 columns, 1050 nonzeros
Variable types: 45 continuous, 131 integer (86 binary)
Found heuristic solution: objective -1695.341967

Root relaxation: objective -3.065452e+04, 187 iterations, 0.00 seconds

    Nodes    |    Current Node    |     Objective Bounds      |     Work
 Expl Unexpl |  Obj  Depth IntInf | Incumbent    BestBd   Gap | It/Node Time

     0     0 -30654.523    0   59 -1695.3420 -30654.523  1708%     -    0s
H    0     0                    -10771.62036 -30654.523   185%     -    0s
     0     0 -24694.521    0   68 -10771.620 -24694.521   129%     -    0s
     0     0 -24647.620    0   67 -10771.620 -24647.620   129%     -    0s
     0     0 -22071.760    0   69 -10771.620 -22071.760   105%     -    0s
     0     0 -21958.937    0   71 -10771.620 -21958.937   104%     -    0s
     0     0 -21948.810    0   71 -10771.620 -21948.810   104%     -    0s
     0     0 -21946.477    0   71 -10771.620 -21946.477   104%     -    0s
     0     0 -21873.154    0   65 -10771.620 -21873.154   103%     -    0s
     0     0 -21846.985    0   67 -10771.620 -21846.985   103%     -    0s
     0     0 -21845.932    0   69 -10771.620 -21845.932   103%     -    0s
     0     0 -21674.270    0   71 -10771.620 -21674.270   101%     -    0s
     0     0 -21661.234    0   71 -10771.620 -21661.234   101%     -    0s
     0     0 -21660.595    0   71 -10771.620 -21660.595   101%     -    0s
     0     0 -21582.352    0   76 -10771.620 -21582.352   100%     -    0s
     0     0 -21574.313    0   76 -10771.620 -21574.313   100%     -    0s
     0     0 -21570.548    0   76 -10771.620 -21570.548   100%     -    0s
     0     0 -21570.430    0   76 -10771.620 -21570.430   100%     -    0s
     0     0 -21524.520    0   73 -10771.620 -21524.520   100%     -    0s
     0     0 -21513.356    0   76 -10771.620 -21513.356   100%     -    0s
     0     0 -21513.070    0   67 -10771.620 -21513.070   100%     -    0s
     0     0 -21495.717    0   76 -10771.620 -21495.717   100%     -    0s
     0     0 -21490.429    0   76 -10771.620 -21490.429   100%     -    0s
     0     0 -21486.504    0   66 -10771.620 -21486.504  99.5%     -    0s
     0     0 -21485.419    0   67 -10771.620 -21485.419  99.5%     -    0s
     0     0 -21485.419    0   67 -10771.620 -21485.419  99.5%     -    0s
     0     2 -21485.419    0   67 -10771.620 -21485.419  99.5%     -    0s
H   12     8                    -11659.39274 -16690.322  43.1%  19.9    0s

Cutting planes:
  Cover: 26
  Clique: 2
  MIR: 25
  Flow cover: 13
  Zero half: 2

Explored 27 nodes (1079 simplex iterations) in 0.09 seconds
Thread count was 4 (of 4 available processors)

Solution count 3: -11659.4 -10771.6 -1695.34 

Optimal solution found (tolerance 1.00e-04)
Best objective -1.165939273565e+04, best bound -1.165939273565e+04, gap 0.0000%

Gurobi 7.5.2 (linux64) logging started Thu Mar 21 00:34:02 2019

Changed value of parameter LogFile to /home/aniket/python_scripts/Plasmids/exp/2019-03-21__iterative_with_questionable/output/sample_23/1.2.1/nplasmids_1/MILP/m.log
   Prev: gurobi.log  Default: 
Changed value of parameter TimeLimit to 2400.0
   Prev: 1e+100  Min: 0.0  Max: 1e+100  Default: 1e+100
Optimize a model with 1472 rows, 428 columns and 4229 nonzeros
Variable types: 118 continuous, 310 integer (154 binary)
Coefficient statistics:
  Matrix range     [7e-02, 1e+06]
  Objective range  [4e-03, 7e+04]
  Bounds range     [1e+00, 1e+00]
  RHS range        [7e-02, 1e+06]
Found heuristic solution: objective 31.5034058
Presolve removed 1188 rows and 286 columns
Presolve time: 0.00s
Presolved: 284 rows, 142 columns, 854 nonzeros
Variable types: 38 continuous, 104 integer (66 binary)

Root relaxation: objective -2.365510e+04, 137 iterations, 0.00 seconds

    Nodes    |    Current Node    |     Objective Bounds      |     Work
 Expl Unexpl |  Obj  Depth IntInf | Incumbent    BestBd   Gap | It/Node Time

     0     0 -23655.102    0   48   31.50341 -23655.102      -     -    0s
H    0     0                    -5584.389428 -23655.102   324%     -    0s
H    0     0                    -7807.786125 -23655.102   203%     -    0s
     0     0 -20646.624    0   46 -7807.7861 -20646.624   164%     -    0s
H    0     0                    -7877.892830 -20646.624   162%     -    0s
     0     0 -20617.290    0   51 -7877.8928 -20617.290   162%     -    0s
     0     0 -20181.758    0   49 -7877.8928 -20181.758   156%     -    0s
     0     0 -20181.592    0   49 -7877.8928 -20181.592   156%     -    0s
     0     0 -18568.253    0   48 -7877.8928 -18568.253   136%     -    0s
     0     0 -17768.883    0   52 -7877.8928 -17768.883   126%     -    0s
     0     0 -17688.890    0   51 -7877.8928 -17688.890   125%     -    0s
     0     0 -17657.228    0   54 -7877.8928 -17657.228   124%     -    0s
     0     0 -17611.152    0   54 -7877.8928 -17611.152   124%     -    0s
     0     0 -17590.160    0   51 -7877.8928 -17590.160   123%     -    0s
     0     0 -17584.454    0   50 -7877.8928 -17584.454   123%     -    0s
     0     0 -17584.454    0   51 -7877.8928 -17584.454   123%     -    0s
     0     0 -17209.305    0   52 -7877.8928 -17209.305   118%     -    0s
     0     0 -17179.119    0   57 -7877.8928 -17179.119   118%     -    0s
     0     0 -17177.018    0   57 -7877.8928 -17177.018   118%     -    0s
     0     0 -17086.239    0   51 -7877.8928 -17086.239   117%     -    0s
     0     0 -17078.444    0   53 -7877.8928 -17078.444   117%     -    0s
     0     0 -17070.847    0   51 -7877.8928 -17070.847   117%     -    0s
     0     0 -17069.713    0   54 -7877.8928 -17069.713   117%     -    0s
     0     0 -17041.601    0   51 -7877.8928 -17041.601   116%     -    0s
     0     0 -17034.071    0   50 -7877.8928 -17034.071   116%     -    0s
     0     0 -17033.894    0   50 -7877.8928 -17033.894   116%     -    0s
     0     0 -17001.152    0   60 -7877.8928 -17001.152   116%     -    0s
     0     0 -16987.415    0   56 -7877.8928 -16987.415   116%     -    0s
     0     0 -16986.873    0   61 -7877.8928 -16986.873   116%     -    0s
     0     0 -16934.573    0   57 -7877.8928 -16934.573   115%     -    0s
     0     0 -16919.719    0   61 -7877.8928 -16919.719   115%     -    0s
     0     0 -16918.486    0   61 -7877.8928 -16918.486   115%     -    0s
     0     0 -16902.985    0   61 -7877.8928 -16902.985   115%     -    0s
     0     0 -16899.262    0   61 -7877.8928 -16899.262   115%     -    0s
     0     0 -16896.644    0   61 -7877.8928 -16896.644   114%     -    0s
     0     0 -16836.594    0   61 -7877.8928 -16836.594   114%     -    0s
     0     0 -16832.162    0   60 -7877.8928 -16832.162   114%     -    0s
     0     0 -16831.061    0   61 -7877.8928 -16831.061   114%     -    0s
     0     0 -16824.828    0   61 -7877.8928 -16824.828   114%     -    0s
     0     0 -16824.828    0   61 -7877.8928 -16824.828   114%     -    0s
     0     2 -16824.828    0   61 -7877.8928 -16824.828   114%     -    0s
*   13     6               5    -7994.243737 -9403.8122  17.6%  23.1    0s
*   15     2               4    -9288.669385 -9403.8122  1.24%  20.4    0s
*   16     2               4    -9288.705267 -9403.8122  1.24%  19.2    0s

Cutting planes:
  Cover: 19
  Implied bound: 2
  Clique: 1
  MIR: 15
  Flow cover: 14
  Zero half: 1

Explored 19 nodes (1059 simplex iterations) in 0.08 seconds
Thread count was 4 (of 4 available processors)

Solution count 7: -9288.71 -9288.67 -7994.24 ... 31.5034

Optimal solution found (tolerance 1.00e-04)
Best objective -9.288705267306e+03, best bound -9.288705267306e+03, gap 0.0000%

Gurobi 7.5.2 (linux64) logging started Thu Mar 21 00:34:02 2019

Changed value of parameter LogFile to /home/aniket/python_scripts/Plasmids/exp/2019-03-21__iterative_with_questionable/output/sample_23/1.2.1/nplasmids_1/MILP/m.log
   Prev: gurobi.log  Default: 
Changed value of parameter TimeLimit to 2400.0
   Prev: 1e+100  Min: 0.0  Max: 1e+100  Default: 1e+100
Optimize a model with 1472 rows, 428 columns and 4229 nonzeros
Variable types: 118 continuous, 310 integer (154 binary)
Coefficient statistics:
  Matrix range     [7e-02, 1e+06]
  Objective range  [4e-03, 7e+04]
  Bounds range     [1e+00, 1e+00]
  RHS range        [7e-02, 1e+06]
Found heuristic solution: objective 31.5034058
Presolve removed 1188 rows and 286 columns
Presolve time: 0.00s
Presolved: 284 rows, 142 columns, 854 nonzeros
Variable types: 38 continuous, 104 integer (66 binary)

Root relaxation: objective -2.365510e+04, 137 iterations, 0.00 seconds

    Nodes    |    Current Node    |     Objective Bounds      |     Work
 Expl Unexpl |  Obj  Depth IntInf | Incumbent    BestBd   Gap | It/Node Time

     0     0 -23655.102    0   48   31.50341 -23655.102      -     -    0s
H    0     0                    -3157.431225 -23655.102   649%     -    0s
H    0     0                    -7807.786125 -23655.102   203%     -    0s
     0     0 -20646.624    0   46 -7807.7861 -20646.624   164%     -    0s
H    0     0                    -7877.892830 -20646.624   162%     -    0s
     0     0 -20617.290    0   51 -7877.8928 -20617.290   162%     -    0s
     0     0 -20181.758    0   49 -7877.8928 -20181.758   156%     -    0s
     0     0 -20181.592    0   49 -7877.8928 -20181.592   156%     -    0s
     0     0 -18568.253    0   48 -7877.8928 -18568.253   136%     -    0s
     0     0 -17768.883    0   52 -7877.8928 -17768.883   126%     -    0s
     0     0 -17688.890    0   51 -7877.8928 -17688.890   125%     -    0s
     0     0 -17657.228    0   54 -7877.8928 -17657.228   124%     -    0s
     0     0 -17611.152    0   54 -7877.8928 -17611.152   124%     -    0s
     0     0 -17590.160    0   51 -7877.8928 -17590.160   123%     -    0s
     0     0 -17584.454    0   50 -7877.8928 -17584.454   123%     -    0s
     0     0 -17584.454    0   51 -7877.8928 -17584.454   123%     -    0s
     0     0 -17209.305    0   52 -7877.8928 -17209.305   118%     -    0s
     0     0 -17179.119    0   57 -7877.8928 -17179.119   118%     -    0s
     0     0 -17177.018    0   57 -7877.8928 -17177.018   118%     -    0s
     0     0 -17086.239    0   51 -7877.8928 -17086.239   117%     -    0s
     0     0 -17078.444    0   53 -7877.8928 -17078.444   117%     -    0s
     0     0 -17070.847    0   51 -7877.8928 -17070.847   117%     -    0s
     0     0 -17069.713    0   54 -7877.8928 -17069.713   117%     -    0s
     0     0 -17041.601    0   51 -7877.8928 -17041.601   116%     -    0s
     0     0 -17034.071    0   50 -7877.8928 -17034.071   116%     -    0s
     0     0 -17033.894    0   50 -7877.8928 -17033.894   116%     -    0s
     0     0 -17001.152    0   60 -7877.8928 -17001.152   116%     -    0s
     0     0 -16987.415    0   56 -7877.8928 -16987.415   116%     -    0s
     0     0 -16986.873    0   61 -7877.8928 -16986.873   116%     -    0s
     0     0 -16934.573    0   57 -7877.8928 -16934.573   115%     -    0s
     0     0 -16919.719    0   61 -7877.8928 -16919.719   115%     -    0s
     0     0 -16918.486    0   61 -7877.8928 -16918.486   115%     -    0s
     0     0 -16902.985    0   61 -7877.8928 -16902.985   115%     -    0s
     0     0 -16899.262    0   61 -7877.8928 -16899.262   115%     -    0s
     0     0 -16896.644    0   61 -7877.8928 -16896.644   114%     -    0s
     0     0 -16836.594    0   61 -7877.8928 -16836.594   114%     -    0s
     0     0 -16832.162    0   60 -7877.8928 -16832.162   114%     -    0s
     0     0 -16831.061    0   61 -7877.8928 -16831.061   114%     -    0s
     0     0 -16824.828    0   61 -7877.8928 -16824.828   114%     -    0s
     0     0 -16824.828    0   61 -7877.8928 -16824.828   114%     -    0s
     0     2 -16824.828    0   61 -7877.8928 -16824.828   114%     -    0s
*   13     6               5    -7994.243737 -9403.8122  17.6%  23.4    0s
*   15     2               4    -9288.669385 -9403.8122  1.24%  20.7    0s
*   16     2               4    -9288.705267 -9403.8122  1.24%  19.4    0s

Cutting planes:
  Cover: 19
  Implied bound: 2
  Clique: 1
  MIR: 15
  Flow cover: 14
  Zero half: 1

Explored 19 nodes (1064 simplex iterations) in 0.09 seconds
Thread count was 4 (of 4 available processors)

Solution count 7: -9288.71 -9288.67 -7994.24 ... 31.5034

Optimal solution found (tolerance 1.00e-04)
Best objective -9.288705267306e+03, best bound -9.288705267306e+03, gap 0.0000%

Gurobi 7.5.2 (linux64) logging started Thu Mar 21 00:34:02 2019

Changed value of parameter LogFile to /home/aniket/python_scripts/Plasmids/exp/2019-03-21__iterative_with_questionable/output/sample_23/1.2.1/nplasmids_1/MILP/m.log
   Prev: gurobi.log  Default: 
Changed value of parameter TimeLimit to 2400.0
   Prev: 1e+100  Min: 0.0  Max: 1e+100  Default: 1e+100
Optimize a model with 1472 rows, 428 columns and 4229 nonzeros
Variable types: 118 continuous, 310 integer (154 binary)
Coefficient statistics:
  Matrix range     [7e-02, 1e+06]
  Objective range  [4e-03, 7e+04]
  Bounds range     [1e+00, 1e+00]
  RHS range        [7e-02, 1e+06]
Found heuristic solution: objective 31.5034058
Presolve removed 1188 rows and 286 columns
Presolve time: 0.01s
Presolved: 284 rows, 142 columns, 855 nonzeros
Variable types: 38 continuous, 104 integer (66 binary)

Root relaxation: objective -2.364600e+04, 151 iterations, 0.00 seconds

    Nodes    |    Current Node    |     Objective Bounds      |     Work
 Expl Unexpl |  Obj  Depth IntInf | Incumbent    BestBd   Gap | It/Node Time

     0     0 -23646.004    0   49   31.50341 -23646.004      -     -    0s
H    0     0                    -5951.361073 -23646.004   297%     -    0s
H    0     0                    -7807.786125 -23646.004   203%     -    0s
     0     0 -20455.472    0   54 -7807.7861 -20455.472   162%     -    0s
H    0     0                    -7877.892830 -20455.472   160%     -    0s
     0     0 -20426.381    0   59 -7877.8928 -20426.381   159%     -    0s
     0     0 -20035.473    0   56 -7877.8928 -20035.473   154%     -    0s
     0     0 -20002.396    0   58 -7877.8928 -20002.396   154%     -    0s
     0     0 -20002.108    0   58 -7877.8928 -20002.108   154%     -    0s
     0     0 -18643.165    0   58 -7877.8928 -18643.165   137%     -    0s
     0     0 -18563.783    0   59 -7877.8928 -18563.783   136%     -    0s
     0     0 -18545.670    0   59 -7877.8928 -18545.670   135%     -    0s
     0     0 -18524.723    0   58 -7877.8928 -18524.723   135%     -    0s
     0     0 -18523.975    0   58 -7877.8928 -18523.975   135%     -    0s
     0     0 -16774.858    0   58 -7877.8928 -16774.858   113%     -    0s
     0     0 -16488.108    0   61 -7877.8928 -16488.108   109%     -    0s
     0     0 -16446.138    0   61 -7877.8928 -16446.138   109%     -    0s
     0     0 -16443.429    0   61 -7877.8928 -16443.429   109%     -    0s
     0     0 -16395.924    0   61 -7877.8928 -16395.924   108%     -    0s
     0     0 -16283.128    0   61 -7877.8928 -16283.128   107%     -    0s
     0     0 -16281.139    0   61 -7877.8928 -16281.139   107%     -    0s
     0     0 -15964.445    0   54 -7877.8928 -15964.445   103%     -    0s
     0     0 -15938.341    0   61 -7877.8928 -15938.341   102%     -    0s
     0     0 -15872.193    0   61 -7877.8928 -15872.193   101%     -    0s
     0     0 -15859.688    0   61 -7877.8928 -15859.688   101%     -    0s
     0     0 -15852.599    0   61 -7877.8928 -15852.599   101%     -    0s
     0     0 -15849.966    0   61 -7877.8928 -15849.966   101%     -    0s
     0     0 -15802.014    0   61 -7877.8928 -15802.014   101%     -    0s
     0     0 -15786.515    0   61 -7877.8928 -15786.515   100%     -    0s
     0     0 -15786.241    0   60 -7877.8928 -15786.241   100%     -    0s
     0     0 -15781.725    0   61 -7877.8928 -15781.725   100%     -    0s
     0     2 -15781.725    0   61 -7877.8928 -15781.725   100%     -    0s
*   14     5               7    -8063.071325 -8407.4130  4.27%  25.6    0s

Cutting planes:
  Gomory: 5
  Cover: 23
  Implied bound: 2
  Clique: 1
  MIR: 15
  Flow cover: 14
  Zero half: 1

Explored 23 nodes (1020 simplex iterations) in 0.07 seconds
Thread count was 4 (of 4 available processors)

Solution count 5: -8063.07 -7877.89 -7807.79 ... 31.5034

Optimal solution found (tolerance 1.00e-04)
Best objective -8.063071324573e+03, best bound -8.063071324573e+03, gap 0.0000%

Gurobi 7.5.2 (linux64) logging started Thu Mar 21 00:34:02 2019

Changed value of parameter LogFile to /home/aniket/python_scripts/Plasmids/exp/2019-03-21__iterative_with_questionable/output/sample_23/1.2.1/nplasmids_1/MILP/m.log
   Prev: gurobi.log  Default: 
Changed value of parameter TimeLimit to 2400.0
   Prev: 1e+100  Min: 0.0  Max: 1e+100  Default: 1e+100
Optimize a model with 1390 rows, 404 columns and 3907 nonzeros
Variable types: 112 continuous, 292 integer (144 binary)
Coefficient statistics:
  Matrix range     [6e-02, 1e+06]
  Objective range  [4e-03, 7e+04]
  Bounds range     [1e+00, 1e+00]
  RHS range        [6e-02, 1e+06]
Presolve removed 1134 rows and 277 columns
Presolve time: 0.00s
Presolved: 256 rows, 127 columns, 763 nonzeros
Variable types: 35 continuous, 92 integer (57 binary)
Found heuristic solution: objective -1456.028559

Root relaxation: objective -1.950044e+04, 105 iterations, 0.00 seconds

    Nodes    |    Current Node    |     Objective Bounds      |     Work
 Expl Unexpl |  Obj  Depth IntInf | Incumbent    BestBd   Gap | It/Node Time

     0     0 -19500.443    0   38 -1456.0286 -19500.443  1239%     -    0s
H    0     0                    -4690.447199 -19500.443   316%     -    0s
     0     0 -14359.392    0   33 -4690.4472 -14359.392   206%     -    0s
     0     0 -11512.318    0   33 -4690.4472 -11512.318   145%     -    0s
     0     0 -11511.775    0   33 -4690.4472 -11511.775   145%     -    0s
     0     0 -9622.4750    0   44 -4690.4472 -9622.4750   105%     -    0s
     0     0 -9451.6540    0   42 -4690.4472 -9451.6540   102%     -    0s
     0     0 -9347.6146    0   43 -4690.4472 -9347.6146  99.3%     -    0s
     0     0 -9215.4877    0   37 -4690.4472 -9215.4877  96.5%     -    0s
     0     0 -9213.2709    0   37 -4690.4472 -9213.2709  96.4%     -    0s
     0     0 -9181.5504    0   33 -4690.4472 -9181.5504  95.7%     -    0s
     0     0 -9172.8344    0   33 -4690.4472 -9172.8344  95.6%     -    0s
H    0     0                    -8010.131152 -9172.8344  14.5%     -    0s
     0     0 -8041.7269    0   10 -8010.1312 -8041.7269  0.39%     -    0s
     0     0     cutoff    0      -8010.1312 -8010.1312  0.00%     -    0s

Cutting planes:
  Gomory: 3
  Cover: 10
  Implied bound: 1
  MIR: 1
  Flow cover: 8
  Zero half: 1

Explored 1 nodes (359 simplex iterations) in 0.03 seconds
Thread count was 4 (of 4 available processors)

Solution count 3: -8010.13 -4690.45 -1456.03 

Optimal solution found (tolerance 1.00e-04)
Best objective -8.010131152352e+03, best bound -8.010131152352e+03, gap 0.0000%

Gurobi 7.5.2 (linux64) logging started Thu Mar 21 00:34:02 2019

Changed value of parameter LogFile to /home/aniket/python_scripts/Plasmids/exp/2019-03-21__iterative_with_questionable/output/sample_23/1.2.1/nplasmids_1/MILP/m.log
   Prev: gurobi.log  Default: 
Changed value of parameter TimeLimit to 2400.0
   Prev: 1e+100  Min: 0.0  Max: 1e+100  Default: 1e+100
Optimize a model with 1390 rows, 404 columns and 3907 nonzeros
Variable types: 112 continuous, 292 integer (144 binary)
Coefficient statistics:
  Matrix range     [6e-02, 1e+06]
  Objective range  [4e-03, 7e+04]
  Bounds range     [1e+00, 1e+00]
  RHS range        [6e-02, 1e+06]
Presolve removed 1134 rows and 277 columns
Presolve time: 0.00s
Presolved: 256 rows, 127 columns, 763 nonzeros
Variable types: 35 continuous, 92 integer (57 binary)
Found heuristic solution: objective -1456.028559

Root relaxation: objective -1.950044e+04, 105 iterations, 0.00 seconds

    Nodes    |    Current Node    |     Objective Bounds      |     Work
 Expl Unexpl |  Obj  Depth IntInf | Incumbent    BestBd   Gap | It/Node Time

     0     0 -19500.443    0   38 -1456.0286 -19500.443  1239%     -    0s
H    0     0                    -4690.447199 -19500.443   316%     -    0s
     0     0 -14359.392    0   33 -4690.4472 -14359.392   206%     -    0s
     0     0 -11512.318    0   33 -4690.4472 -11512.318   145%     -    0s
     0     0 -11511.775    0   33 -4690.4472 -11511.775   145%     -    0s
     0     0 -9622.4750    0   44 -4690.4472 -9622.4750   105%     -    0s
     0     0 -9451.6540    0   42 -4690.4472 -9451.6540   102%     -    0s
     0     0 -9347.6146    0   43 -4690.4472 -9347.6146  99.3%     -    0s
     0     0 -9215.4877    0   37 -4690.4472 -9215.4877  96.5%     -    0s
     0     0 -9213.2709    0   37 -4690.4472 -9213.2709  96.4%     -    0s
     0     0 -9181.5504    0   33 -4690.4472 -9181.5504  95.7%     -    0s
     0     0 -9172.8344    0   33 -4690.4472 -9172.8344  95.6%     -    0s
H    0     0                    -8010.131152 -9172.8344  14.5%     -    0s
     0     0 -8041.7269    0   10 -8010.1312 -8041.7269  0.39%     -    0s
     0     0     cutoff    0      -8010.1312 -8010.1312  0.00%     -    0s

Cutting planes:
  Gomory: 3
  Cover: 10
  Implied bound: 1
  MIR: 1
  Flow cover: 8
  Zero half: 1

Explored 1 nodes (359 simplex iterations) in 0.03 seconds
Thread count was 4 (of 4 available processors)

Solution count 3: -8010.13 -4690.45 -1456.03 

Optimal solution found (tolerance 1.00e-04)
Best objective -8.010131152352e+03, best bound -8.010131152352e+03, gap 0.0000%

Gurobi 7.5.2 (linux64) logging started Thu Mar 21 00:34:02 2019

Changed value of parameter LogFile to /home/aniket/python_scripts/Plasmids/exp/2019-03-21__iterative_with_questionable/output/sample_23/1.2.1/nplasmids_1/MILP/m.log
   Prev: gurobi.log  Default: 
Changed value of parameter TimeLimit to 2400.0
   Prev: 1e+100  Min: 0.0  Max: 1e+100  Default: 1e+100
Optimize a model with 1390 rows, 404 columns and 3907 nonzeros
Variable types: 112 continuous, 292 integer (144 binary)
Coefficient statistics:
  Matrix range     [6e-02, 1e+06]
  Objective range  [4e-03, 7e+04]
  Bounds range     [1e+00, 1e+00]
  RHS range        [6e-02, 1e+06]
Presolve removed 1134 rows and 277 columns
Presolve time: 0.00s
Presolved: 256 rows, 127 columns, 765 nonzeros
Variable types: 35 continuous, 92 integer (57 binary)
Found heuristic solution: objective -1456.028559

Root relaxation: objective -1.949941e+04, 110 iterations, 0.00 seconds

    Nodes    |    Current Node    |     Objective Bounds      |     Work
 Expl Unexpl |  Obj  Depth IntInf | Incumbent    BestBd   Gap | It/Node Time

     0     0 -19499.405    0   38 -1456.0286 -19499.405  1239%     -    0s
H    0     0                    -5770.970381 -19499.405   238%     -    0s
     0     0 -14057.694    0   26 -5770.9704 -14057.694   144%     -    0s
     0     0 -9487.3425    0   26 -5770.9704 -9487.3425  64.4%     -    0s
     0     0 -8572.5975    0   29 -5770.9704 -8572.5975  48.5%     -    0s
     0     0 -6268.5248    0    6 -5770.9704 -6268.5248  8.62%     -    0s
H    0     0                    -5775.436849 -6268.5248  8.54%     -    0s
*    0     0               0    -6143.781153 -6143.7812  0.00%     -    0s

Cutting planes:
  Gomory: 2
  Implied bound: 4
  MIR: 2
  Flow cover: 2

Explored 1 nodes (238 simplex iterations) in 0.02 seconds
Thread count was 4 (of 4 available processors)

Solution count 4: -6143.78 -5775.44 -5770.97 -1456.03 

Optimal solution found (tolerance 1.00e-04)
Best objective -6.143781152501e+03, best bound -6.143781152501e+03, gap 0.0000%

Gurobi 7.5.2 (linux64) logging started Thu Mar 21 00:34:02 2019

Changed value of parameter LogFile to /home/aniket/python_scripts/Plasmids/exp/2019-03-21__iterative_with_questionable/output/sample_23/1.2.1/nplasmids_1/MILP/m.log
   Prev: gurobi.log  Default: 
Changed value of parameter TimeLimit to 2400.0
   Prev: 1e+100  Min: 0.0  Max: 1e+100  Default: 1e+100
Optimize a model with 1349 rows, 392 columns and 3748 nonzeros
Variable types: 109 continuous, 283 integer (139 binary)
Coefficient statistics:
  Matrix range     [6e-02, 1e+06]
  Objective range  [4e-03, 7e+04]
  Bounds range     [1e+00, 1e+00]
  RHS range        [6e-02, 1e+06]
Presolve removed 1104 rows and 273 columns
Presolve time: 0.00s
Presolved: 245 rows, 119 columns, 723 nonzeros
Variable types: 34 continuous, 85 integer (51 binary)
Found heuristic solution: objective -1727.346671

Root relaxation: objective -1.662365e+04, 88 iterations, 0.00 seconds

    Nodes    |    Current Node    |     Objective Bounds      |     Work
 Expl Unexpl |  Obj  Depth IntInf | Incumbent    BestBd   Gap | It/Node Time

     0     0 -16623.648    0   35 -1727.3467 -16623.648   862%     -    0s
     0     0 -13623.666    0   35 -1727.3467 -13623.666   689%     -    0s
H    0     0                    -3432.812774 -13623.666   297%     -    0s
     0     0 -13587.032    0   40 -3432.8128 -13587.032   296%     -    0s
     0     0 -13562.567    0   39 -3432.8128 -13562.567   295%     -    0s
     0     0 -13546.152    0   39 -3432.8128 -13546.152   295%     -    0s
     0     0 -13538.089    0   39 -3432.8128 -13538.089   294%     -    0s
     0     0 -7457.0786    0   39 -3432.8128 -7457.0786   117%     -    0s
     0     0 -7445.8562    0   39 -3432.8128 -7445.8562   117%     -    0s
     0     0 -7441.3764    0   39 -3432.8128 -7441.3764   117%     -    0s
     0     0 -6271.1562    0   32 -3432.8128 -6271.1562  82.7%     -    0s
     0     0 -6141.7433    0   33 -3432.8128 -6141.7433  78.9%     -    0s
     0     0 -6138.8717    0   33 -3432.8128 -6138.8717  78.8%     -    0s
     0     0 -6074.4356    0   34 -3432.8128 -6074.4356  77.0%     -    0s
     0     0 -6012.1807    0   43 -3432.8128 -6012.1807  75.1%     -    0s
     0     0 -5978.5946    0   31 -3432.8128 -5978.5946  74.2%     -    0s
     0     0 -5956.9793    0   34 -3432.8128 -5956.9793  73.5%     -    0s
     0     0 -5956.8593    0   34 -3432.8128 -5956.8593  73.5%     -    0s
     0     0 -5897.9882    0   42 -3432.8128 -5897.9882  71.8%     -    0s
H    0     0                    -4217.769299 -5897.9882  39.8%     -    0s
     0     0 -5450.4865    0   31 -4217.7693 -5450.4865  29.2%     -    0s
     0     0 -5358.0385    0   34 -4217.7693 -5358.0385  27.0%     -    0s
     0     0 -5340.3900    0   35 -4217.7693 -5340.3900  26.6%     -    0s
     0     0 -5324.6309    0   35 -4217.7693 -5324.6309  26.2%     -    0s
     0     0 -5323.3334    0   35 -4217.7693 -5323.3334  26.2%     -    0s
     0     0 -5249.1492    0   33 -4217.7693 -5249.1492  24.5%     -    0s
     0     0 -5222.9781    0   35 -4217.7693 -5222.9781  23.8%     -    0s
     0     0 -5217.9413    0   30 -4217.7693 -5217.9413  23.7%     -    0s
     0     0 -5217.2840    0   33 -4217.7693 -5217.2840  23.7%     -    0s
     0     0 -5198.5619    0   33 -4217.7693 -5198.5619  23.3%     -    0s
     0     0 -5197.5817    0   25 -4217.7693 -5197.5817  23.2%     -    0s
     0     0 -5165.2079    0   28 -4217.7693 -5165.2079  22.5%     -    0s
     0     0 -5137.9353    0   31 -4217.7693 -5137.9353  21.8%     -    0s
     0     0 -5137.5731    0   31 -4217.7693 -5137.5731  21.8%     -    0s
     0     0 -5130.8768    0   32 -4217.7693 -5130.8768  21.6%     -    0s
     0     0 -5126.2759    0   32 -4217.7693 -5126.2759  21.5%     -    0s
     0     0 -5114.7973    0   31 -4217.7693 -5114.7973  21.3%     -    0s
H    0     0                    -4242.220608 -5114.7973  20.6%     -    0s
     0     0 -5114.7973    0   16 -4242.2206 -5114.7973  20.6%     -    0s
     0     0 -4663.7728    0   11 -4242.2206 -4663.7728  9.94%     -    0s
     0     0 -4243.3103    0    1 -4242.2206 -4243.3103  0.03%     -    0s

Cutting planes:
  Gomory: 2
  Implied bound: 3
  MIR: 2
  Flow cover: 6

Explored 1 nodes (629 simplex iterations) in 0.06 seconds
Thread count was 4 (of 4 available processors)

Solution count 4: -4242.22 -4217.77 -3432.81 -1727.35 

Optimal solution found (tolerance 1.00e-04)
Best objective -4.242220608334e+03, best bound -4.242220608334e+03, gap 0.0000%

Gurobi 7.5.2 (linux64) logging started Thu Mar 21 00:34:03 2019

Changed value of parameter LogFile to /home/aniket/python_scripts/Plasmids/exp/2019-03-21__iterative_with_questionable/output/sample_23/1.2.1/nplasmids_1/MILP/m.log
   Prev: gurobi.log  Default: 
Changed value of parameter TimeLimit to 2400.0
   Prev: 1e+100  Min: 0.0  Max: 1e+100  Default: 1e+100
Optimize a model with 1267 rows, 368 columns and 3437 nonzeros
Variable types: 103 continuous, 265 integer (129 binary)
Coefficient statistics:
  Matrix range     [6e-02, 1e+06]
  Objective range  [4e-03, 7e+04]
  Bounds range     [1e+00, 1e+00]
  RHS range        [6e-02, 1e+06]
Presolve removed 1050 rows and 263 columns
Presolve time: 0.00s
Presolved: 217 rows, 105 columns, 637 nonzeros
Variable types: 31 continuous, 74 integer (43 binary)
Found heuristic solution: objective -1607.089926

Root relaxation: objective -6.106878e+03, 77 iterations, 0.00 seconds

    Nodes    |    Current Node    |     Objective Bounds      |     Work
 Expl Unexpl |  Obj  Depth IntInf | Incumbent    BestBd   Gap | It/Node Time

     0     0 -6106.8782    0   30 -1607.0899 -6106.8782   280%     -    0s
H    0     0                    -2707.183127 -6106.8782   126%     -    0s
     0     0 -4273.9596    0   29 -2707.1831 -4273.9596  57.9%     -    0s
     0     0 -4228.6793    0   25 -2707.1831 -4228.6793  56.2%     -    0s
     0     0 -4228.2281    0   25 -2707.1831 -4228.2281  56.2%     -    0s
     0     0 -4075.4238    0   31 -2707.1831 -4075.4238  50.5%     -    0s
     0     0 -4033.8501    0   32 -2707.1831 -4033.8501  49.0%     -    0s
     0     0 -4030.8736    0   34 -2707.1831 -4030.8736  48.9%     -    0s
     0     0 -4027.0946    0   35 -2707.1831 -4027.0946  48.8%     -    0s
     0     0 -4012.1276    0   35 -2707.1831 -4012.1276  48.2%     -    0s
     0     0 -4010.9282    0   35 -2707.1831 -4010.9282  48.2%     -    0s
     0     0 -3937.3680    0   32 -2707.1831 -3937.3680  45.4%     -    0s
     0     0 -3935.8350    0   33 -2707.1831 -3935.8350  45.4%     -    0s
     0     0 -3846.2447    0   34 -2707.1831 -3846.2447  42.1%     -    0s
     0     0 -3840.4436    0   35 -2707.1831 -3840.4436  41.9%     -    0s
     0     0 -3840.1701    0   35 -2707.1831 -3840.1701  41.9%     -    0s
     0     0 -3799.7509    0   31 -2707.1831 -3799.7509  40.4%     -    0s
     0     0 -3795.4792    0   31 -2707.1831 -3795.4792  40.2%     -    0s
     0     0 -3794.1194    0   31 -2707.1831 -3794.1194  40.2%     -    0s
     0     0 -3794.1082    0   31 -2707.1831 -3794.1082  40.1%     -    0s
     0     0 -3793.2599    0   33 -2707.1831 -3793.2599  40.1%     -    0s
     0     0 -3793.2094    0   31 -2707.1831 -3793.2094  40.1%     -    0s
     0     2 -3793.2094    0   31 -2707.1831 -3793.2094  40.1%     -    0s
*   10     2               5    -2710.757242 -3023.5852  11.5%  15.5    0s

Cutting planes:
  Cover: 10
  MIR: 8
  Flow cover: 25
  Zero half: 1

Explored 13 nodes (469 simplex iterations) in 0.04 seconds
Thread count was 4 (of 4 available processors)

Solution count 3: -2710.76 -2707.18 -1607.09 

Optimal solution found (tolerance 1.00e-04)
Best objective -2.710757242007e+03, best bound -2.710757242007e+03, gap 0.0000%

Gurobi 7.5.2 (linux64) logging started Thu Mar 21 00:34:03 2019

Changed value of parameter LogFile to /home/aniket/python_scripts/Plasmids/exp/2019-03-21__iterative_with_questionable/output/sample_23/1.2.1/nplasmids_1/MILP/m.log
   Prev: gurobi.log  Default: 
Changed value of parameter TimeLimit to 2400.0
   Prev: 1e+100  Min: 0.0  Max: 1e+100  Default: 1e+100
Optimize a model with 1188 rows, 345 columns and 3148 nonzeros
Variable types: 97 continuous, 248 integer (120 binary)
Coefficient statistics:
  Matrix range     [6e-02, 1e+06]
  Objective range  [4e-03, 7e+04]
  Bounds range     [1e+00, 1e+00]
  RHS range        [6e-02, 1e+06]
Presolve removed 991 rows and 251 columns
Presolve time: 0.00s
Presolved: 197 rows, 94 columns, 567 nonzeros
Variable types: 29 continuous, 65 integer (36 binary)
Found heuristic solution: objective -1030.437009

Root relaxation: objective -4.122424e+03, 59 iterations, 0.00 seconds

    Nodes    |    Current Node    |     Objective Bounds      |     Work
 Expl Unexpl |  Obj  Depth IntInf | Incumbent    BestBd   Gap | It/Node Time

     0     0 -4122.4245    0   24 -1030.4370 -4122.4245   300%     -    0s
H    0     0                    -1671.658554 -4122.4245   147%     -    0s
     0     0 -2709.5356    0   23 -1671.6586 -2709.5356  62.1%     -    0s
H    0     0                    -2149.473602 -2709.5356  26.1%     -    0s
     0     0 -2688.9676    0   28 -2149.4736 -2688.9676  25.1%     -    0s
     0     0 -2688.9544    0   28 -2149.4736 -2688.9544  25.1%     -    0s
     0     0 -2571.6865    0   21 -2149.4736 -2571.6865  19.6%     -    0s
     0     0 -2467.1189    0   26 -2149.4736 -2467.1189  14.8%     -    0s
     0     0 -2463.1474    0   26 -2149.4736 -2463.1474  14.6%     -    0s
     0     0 -2462.7476    0   26 -2149.4736 -2462.7476  14.6%     -    0s
     0     0 -2453.4380    0   26 -2149.4736 -2453.4380  14.1%     -    0s
H    0     0                    -2164.392380 -2453.4380  13.4%     -    0s
     0     0 -2452.0363    0   26 -2164.3924 -2452.0363  13.3%     -    0s
     0     0 -2451.8053    0   26 -2164.3924 -2451.8053  13.3%     -    0s
     0     0 -2445.3041    0   27 -2164.3924 -2445.3041  13.0%     -    0s
     0     0 -2445.0684    0   27 -2164.3924 -2445.0684  13.0%     -    0s
     0     0 -2443.3607    0   25 -2164.3924 -2443.3607  12.9%     -    0s
H    0     0                    -2206.374631 -2443.3607  10.7%     -    0s
     0     0 -2443.3607    0   25 -2206.3746 -2443.3607  10.7%     -    0s
     0     0 -2443.3607    0   24 -2206.3746 -2443.3607  10.7%     -    0s
     0     0 -2443.3607    0   27 -2206.3746 -2443.3607  10.7%     -    0s
     0     0 -2443.3607    0   27 -2206.3746 -2443.3607  10.7%     -    0s
     0     0 -2443.3008    0   27 -2206.3746 -2443.3008  10.7%     -    0s
     0     0 -2439.2956    0   27 -2206.3746 -2439.2956  10.6%     -    0s
     0     0 -2438.6847    0   27 -2206.3746 -2438.6847  10.5%     -    0s
     0     0 -2436.4652    0   27 -2206.3746 -2436.4652  10.4%     -    0s
     0     0 -2436.4652    0   27 -2206.3746 -2436.4652  10.4%     -    0s
     0     0 -2433.3141    0   27 -2206.3746 -2433.3141  10.3%     -    0s
     0     0 -2399.9519    0   25 -2206.3746 -2399.9519  8.77%     -    0s
     0     0 -2399.9519    0   21 -2206.3746 -2399.9519  8.77%     -    0s
     0     0 -2367.8389    0   19 -2206.3746 -2367.8389  7.32%     -    0s
     0     0 -2365.0477    0   16 -2206.3746 -2365.0477  7.19%     -    0s
     0     0     cutoff    0      -2206.3746 -2206.3746  0.00%     -    0s

Cutting planes:
  Gomory: 1
  Implied bound: 8
  MIR: 3
  Flow cover: 9

Explored 1 nodes (406 simplex iterations) in 0.05 seconds
Thread count was 4 (of 4 available processors)

Solution count 5: -2206.37 -2164.39 -2149.47 ... -1030.44

Optimal solution found (tolerance 1.00e-04)
Best objective -2.206374630841e+03, best bound -2.206374630841e+03, gap 0.0000%

Gurobi 7.5.2 (linux64) logging started Thu Mar 21 00:34:03 2019

Changed value of parameter LogFile to /home/aniket/python_scripts/Plasmids/exp/2019-03-21__iterative_with_questionable/output/sample_23/1.2.1/nplasmids_1/MILP/m.log
   Prev: gurobi.log  Default: 
Changed value of parameter TimeLimit to 2400.0
   Prev: 1e+100  Min: 0.0  Max: 1e+100  Default: 1e+100
Optimize a model with 1033 rows, 300 columns and 2610 nonzeros
Variable types: 85 continuous, 215 integer (103 binary)
Coefficient statistics:
  Matrix range     [9e-02, 1e+06]
  Objective range  [4e-03, 3e+04]
  Bounds range     [1e+00, 1e+00]
  RHS range        [9e-02, 1e+06]
Presolve removed 884 rows and 228 columns
Presolve time: 0.00s
Presolved: 149 rows, 72 columns, 431 nonzeros
Variable types: 22 continuous, 50 integer (28 binary)
Found heuristic solution: objective -975.3242792

Root relaxation: objective -2.674368e+03, 40 iterations, 0.00 seconds

    Nodes    |    Current Node    |     Objective Bounds      |     Work
 Expl Unexpl |  Obj  Depth IntInf | Incumbent    BestBd   Gap | It/Node Time

     0     0 -2674.3680    0   15 -975.32428 -2674.3680   174%     -    0s
H    0     0                    -1620.322182 -2674.3680  65.1%     -    0s
*    0     0               0    -1623.896297 -1623.8963  0.00%     -    0s
     0     0          -    0      -1623.8963 -1623.8963  0.00%     -    0s

Cutting planes:
  Gomory: 1
  Cover: 1
  MIR: 1
  Flow cover: 1

Explored 1 nodes (58 simplex iterations) in 0.01 seconds
Thread count was 4 (of 4 available processors)

Solution count 3: -1623.9 -1620.32 -975.324 

Optimal solution found (tolerance 1.00e-04)
Best objective -1.623896296829e+03, best bound -1.623896296829e+03, gap 0.0000%

Gurobi 7.5.2 (linux64) logging started Thu Mar 21 00:34:03 2019

Changed value of parameter LogFile to /home/aniket/python_scripts/Plasmids/exp/2019-03-21__iterative_with_questionable/output/sample_23/1.2.1/nplasmids_1/MILP/m.log
   Prev: gurobi.log  Default: 
Changed value of parameter TimeLimit to 2400.0
   Prev: 1e+100  Min: 0.0  Max: 1e+100  Default: 1e+100
Optimize a model with 995 rows, 289 columns and 2481 nonzeros
Variable types: 82 continuous, 207 integer (99 binary)
Coefficient statistics:
  Matrix range     [6e-02, 1e+06]
  Objective range  [4e-03, 3e+04]
  Bounds range     [1e+00, 1e+00]
  RHS range        [6e-02, 1e+06]
Presolve removed 927 rows and 247 columns
Presolve time: 0.00s
Presolved: 68 rows, 42 columns, 192 nonzeros
Variable types: 18 continuous, 24 integer (23 binary)
Found heuristic solution: objective -697.0113603
Found heuristic solution: objective -1189.785912

Root relaxation: objective -1.254345e+03, 25 iterations, 0.00 seconds

    Nodes    |    Current Node    |     Objective Bounds      |     Work
 Expl Unexpl |  Obj  Depth IntInf | Incumbent    BestBd   Gap | It/Node Time

     0     0 -1254.3451    0    9 -1189.7859 -1254.3451  5.43%     -    0s
     0     0 -1192.4216    0    7 -1189.7859 -1192.4216  0.22%     -    0s

Cutting planes:
  Gomory: 1
  Cover: 4
  Implied bound: 5
  Clique: 1
  MIR: 2
  Flow cover: 2

Explored 1 nodes (43 simplex iterations) in 0.00 seconds
Thread count was 4 (of 4 available processors)

Solution count 2: -1189.79 -697.011 

Optimal solution found (tolerance 1.00e-04)
Best objective -1.189785911761e+03, best bound -1.189785911761e+03, gap 0.0000%

Gurobi 7.5.2 (linux64) logging started Thu Mar 21 00:34:03 2019

Changed value of parameter LogFile to /home/aniket/python_scripts/Plasmids/exp/2019-03-21__iterative_with_questionable/output/sample_23/1.2.1/nplasmids_1/MILP/m.log
   Prev: gurobi.log  Default: 
Changed value of parameter TimeLimit to 2400.0
   Prev: 1e+100  Min: 0.0  Max: 1e+100  Default: 1e+100
Optimize a model with 957 rows, 278 columns and 2357 nonzeros
Variable types: 79 continuous, 199 integer (95 binary)
Coefficient statistics:
  Matrix range     [6e-02, 1e+06]
  Objective range  [4e-03, 6e+03]
  Bounds range     [1e+00, 1e+00]
  RHS range        [6e-02, 1e+06]
Presolve removed 891 rows and 237 columns
Presolve time: 0.00s
Presolved: 66 rows, 41 columns, 184 nonzeros
Variable types: 16 continuous, 25 integer (24 binary)
Found heuristic solution: objective -166.4913078
Found heuristic solution: objective -406.8676873
Found heuristic solution: objective -442.1832411

Root relaxation: objective -4.550573e+02, 20 iterations, 0.00 seconds

    Nodes    |    Current Node    |     Objective Bounds      |     Work
 Expl Unexpl |  Obj  Depth IntInf | Incumbent    BestBd   Gap | It/Node Time

     0     0 -455.05735    0    2 -442.18324 -455.05735  2.91%     -    0s
H    0     0                    -450.7035312 -455.05735  0.97%     -    0s
*    0     0               0    -450.7035313 -450.70353  0.00%     -    0s
     0     0          -    0      -450.70353 -450.70353  0.00%     -    0s

Cutting planes:
  Cover: 1

Explored 1 nodes (23 simplex iterations) in 0.01 seconds
Thread count was 4 (of 4 available processors)

Solution count 5: -450.704 -450.704 -442.183 ... -166.491

Optimal solution found (tolerance 1.00e-04)
Best objective -4.507035281969e+02, best bound -4.507035281969e+02, gap 0.0000%
