Iteration 1
Iteration 1
1	deque([(('173', 'h'), ('202', 't')), (('202', 'h'), ('150', 't')), (('150', 'h'), ('181', 't')), (('181', 'h'), ('162', 't')), (('162', 'h'), ('50', 'h')), (('50', 't'), ('182', 't')), (('182', 'h'), ('121', 'h')), (('121', 't'), ('124', 't')), (('124', 'h'), ('183', 't')), (('183', 'h'), ('177', 'h')), (('177', 't'), ('54', 'h')), (('54', 't'), ('188', 't')), (('188', 'h'), ('186', 'h')), (('186', 't'), ('120', 'h')), (('120', 't'), ('210', 't')), (('210', 'h'), ('208', 'h')), (('208', 't'), ('212', 't')), (('212', 'h'), ('194', 't')), (('194', 'h'), ('32', 'h')), (('32', 't'), ('137', 't')), (('137', 'h'), ('173', 't'))])
1	deque([(('154', 'h'), ('135', 't')), (('135', 'h'), ('176', 't')), (('176', 'h'), ('49', 't')), (('49', 'h'), ('178', 't')), (('178', 'h'), ('154', 't'))])

Chosen seed at iteration 1: 1
Chosen chr at iteration 1
Iteration 2
2	deque([(('154', 'h'), ('135', 't')), (('135', 'h'), ('176', 't')), (('176', 'h'), ('49', 't')), (('49', 'h'), ('178', 't')), (('178', 'h'), ('154', 't'))])

Chosen seed at iteration 2: 1
Chosen chr at iteration 2
Iteration 3
Iteration 1
1	deque([(('154', 'h'), ('135', 't')), (('135', 'h'), ('176', 't')), (('176', 'h'), ('49', 't')), (('49', 'h'), ('178', 't')), (('178', 'h'), ('154', 't'))])

Chosen seed at iteration 1: 1
Chosen chr at iteration 1
Iteration 2
Iteration 1
1	deque([(('176', 'h'), ('13', 'h')), (('13', 't'), ('175', 't')), (('175', 'h'), ('182', 't')), (('182', 'h'), ('121', 'h')), (('121', 't'), ('199', 't')), (('199', 'h'), ('204', 't')), (('204', 'h'), ('123', 'h')), (('123', 't'), ('167', 'h')), (('167', 't'), ('43', 'h')), (('43', 't'), ('192', 'h')), (('192', 't'), ('212', 'h')), (('212', 't'), ('208', 't')), (('208', 'h'), ('210', 'h')), (('210', 't'), ('120', 't')), (('120', 'h'), ('186', 't')), (('186', 'h'), ('191', 't')), (('191', 'h'), ('147', 't')), (('147', 'h'), ('135', 't')), (('135', 'h'), ('176', 't'))])

Chosen seed at iteration 1: 1
Chosen chr at iteration 1
Iteration 2
2	deque([(('176', 'h'), ('13', 'h')), (('13', 't'), ('175', 't')), (('175', 'h'), ('182', 't')), (('182', 'h'), ('121', 'h')), (('121', 't'), ('199', 't')), (('199', 'h'), ('204', 't')), (('204', 'h'), ('123', 'h')), (('123', 't'), ('167', 'h')), (('167', 't'), ('43', 'h')), (('43', 't'), ('192', 'h')), (('192', 't'), ('212', 'h')), (('212', 't'), ('208', 't')), (('208', 'h'), ('210', 'h')), (('210', 't'), ('120', 't')), (('120', 'h'), ('187', 't')), (('187', 'h'), ('191', 't')), (('191', 'h'), ('147', 't')), (('147', 'h'), ('135', 't')), (('135', 'h'), ('176', 't'))])

Chosen seed at iteration 2: 1
Chosen chr at iteration 2
Iteration 3
3	deque([(('176', 'h'), ('13', 'h')), (('13', 't'), ('175', 't')), (('175', 'h'), ('182', 't')), (('182', 'h'), ('121', 'h')), (('121', 't'), ('199', 't')), (('199', 'h'), ('204', 't')), (('204', 'h'), ('140', 't')), (('140', 'h'), ('206', 't')), (('206', 'h'), ('183', 't')), (('183', 'h'), ('167', 'h')), (('167', 't'), ('43', 'h')), (('43', 't'), ('192', 'h')), (('192', 't'), ('212', 'h')), (('212', 't'), ('208', 't')), (('208', 'h'), ('210', 'h')), (('210', 't'), ('120', 't')), (('120', 'h'), ('186', 't')), (('186', 'h'), ('191', 't')), (('191', 'h'), ('147', 't')), (('147', 'h'), ('135', 't')), (('135', 'h'), ('176', 't'))])

Chosen seed at iteration 3: 1
Chosen chr at iteration 3
Iteration 4
4	deque([(('176', 'h'), ('13', 'h')), (('13', 't'), ('175', 't')), (('175', 'h'), ('182', 't')), (('182', 'h'), ('121', 'h')), (('121', 't'), ('199', 't')), (('199', 'h'), ('204', 't')), (('204', 'h'), ('140', 't')), (('140', 'h'), ('206', 't')), (('206', 'h'), ('183', 't')), (('183', 'h'), ('167', 'h')), (('167', 't'), ('43', 'h')), (('43', 't'), ('192', 'h')), (('192', 't'), ('212', 'h')), (('212', 't'), ('208', 't')), (('208', 'h'), ('210', 'h')), (('210', 't'), ('120', 't')), (('120', 'h'), ('187', 't')), (('187', 'h'), ('191', 't')), (('191', 'h'), ('147', 't')), (('147', 'h'), ('135', 't')), (('135', 'h'), ('176', 't'))])

Chosen seed at iteration 4: 1
Chosen chr at iteration 4
Iteration 5
5	deque([(('176', 'h'), ('13', 'h')), (('13', 't'), ('175', 't')), (('175', 'h'), ('182', 't')), (('182', 'h'), ('121', 'h')), (('121', 't'), ('199', 't')), (('199', 'h'), ('204', 't')), (('204', 'h'), ('140', 't')), (('140', 'h'), ('206', 't')), (('206', 'h'), ('183', 't')), (('183', 'h'), ('177', 'h')), (('177', 't'), ('35', 'h')), (('35', 't'), ('208', 't')), (('208', 'h'), ('210', 'h')), (('210', 't'), ('120', 't')), (('120', 'h'), ('186', 't')), (('186', 'h'), ('191', 't')), (('191', 'h'), ('147', 't')), (('147', 'h'), ('135', 't')), (('135', 'h'), ('176', 't'))])

Chosen seed at iteration 5: 1
Chosen chr at iteration 5
Iteration 6
Iteration 1
1	deque([(('200', 't'), ('87', 't')), (('87', 'h'), ('157', 't')), (('157', 'h'), ('78', 't')), (('78', 'h'), ('108', 'h')), (('108', 't'), ('33', 'h')), (('33', 't'), ('180', 'h')), (('180', 't'), ('94', 'h')), (('94', 't'), ('216', 'h')), (('216', 't'), ('160', 'h')), (('160', 't'), ('166', 'h')), (('166', 't'), ('196', 't')), (('196', 'h'), ('200', 'h'))])
1	deque([(('154', 'h'), ('135', 't')), (('135', 'h'), ('176', 't')), (('176', 'h'), ('49', 't')), (('49', 'h'), ('178', 't')), (('178', 'h'), ('154', 't'))])
1	deque([(('101', 't'), ('63', 't')), (('63', 'h'), ('107', 'h')), (('107', 't'), ('172', 't')), (('172', 'h'), ('159', 't')), (('159', 'h'), ('119', 't')), (('119', 'h'), ('101', 'h'))])

Chosen seed at iteration 1: 1
Chosen chr at iteration 1
Iteration 2
2	deque([(('108', 'h'), ('78', 'h')), (('78', 't'), ('157', 'h')), (('157', 't'), ('87', 'h')), (('87', 't'), ('209', 'h')), (('209', 't'), ('203', 'h')), (('203', 't'), ('141', 't')), (('141', 'h'), ('217', 't')), (('217', 'h'), ('94', 't')), (('94', 'h'), ('180', 't')), (('180', 'h'), ('33', 't')), (('33', 'h'), ('108', 't'))])
2	deque([(('154', 'h'), ('135', 't')), (('135', 'h'), ('176', 't')), (('176', 'h'), ('49', 't')), (('49', 'h'), ('178', 't')), (('178', 'h'), ('154', 't'))])
2	deque([(('101', 't'), ('63', 't')), (('63', 'h'), ('107', 'h')), (('107', 't'), ('172', 't')), (('172', 'h'), ('159', 't')), (('159', 'h'), ('119', 't')), (('119', 'h'), ('101', 'h'))])

Chosen seed at iteration 2: 1
Chosen chr at iteration 2
Iteration 3
3	deque([(('200', 't'), ('87', 't')), (('87', 'h'), ('157', 't')), (('157', 'h'), ('78', 't')), (('78', 'h'), ('108', 'h')), (('108', 't'), ('33', 'h')), (('33', 't'), ('180', 'h')), (('180', 't'), ('94', 'h')), (('94', 't'), ('217', 'h')), (('217', 't'), ('141', 'h')), (('141', 't'), ('214', 't')), (('214', 'h'), ('200', 'h'))])
3	deque([(('154', 'h'), ('135', 't')), (('135', 'h'), ('176', 't')), (('176', 'h'), ('49', 't')), (('49', 'h'), ('178', 't')), (('178', 'h'), ('154', 't'))])
3	deque([(('101', 't'), ('63', 't')), (('63', 'h'), ('107', 'h')), (('107', 't'), ('172', 't')), (('172', 'h'), ('159', 't')), (('159', 'h'), ('119', 't')), (('119', 'h'), ('101', 'h'))])

Chosen seed at iteration 3: 3
Chosen chr at iteration 3
Iteration 4
4	deque([(('154', 'h'), ('135', 't')), (('135', 'h'), ('176', 't')), (('176', 'h'), ('49', 't')), (('49', 'h'), ('178', 't')), (('178', 'h'), ('154', 't'))])

Chosen seed at iteration 4: 1
Chosen chr at iteration 4
Iteration 5
5	deque([(('100', 'h'), ('26', 't')), (('26', 'h'), ('101', 't'))])

Chosen seed at iteration 5: 1
Chosen chr at iteration 5
Iteration 6
Iteration 1
Iteration 1
Iteration 1
Iteration 1
Iteration 1
1	deque([(('174', 'h'), ('174', 't')), (('174', 'h'), ('174', 't'))])

Chosen seed at iteration 1: 1
Chosen chr at iteration 1
Iteration 2
Iteration 1
1	deque([(('174', 'h'), ('174', 't')), (('174', 'h'), ('174', 't'))])

Chosen seed at iteration 1: 1
Chosen chr at iteration 1
Iteration 2
Iteration 1
1	deque([(('174', 'h'), ('174', 't')), (('174', 'h'), ('174', 't'))])

Chosen seed at iteration 1: 1
Chosen chr at iteration 1
Iteration 2
Iteration 1
1	deque([(('174', 'h'), ('174', 't')), (('174', 'h'), ('174', 't'))])

Chosen seed at iteration 1: 1
Chosen chr at iteration 1
Iteration 2
Iteration 1
1	deque([(('174', 'h'), ('174', 't')), (('174', 'h'), ('174', 't'))])

Chosen seed at iteration 1: 1
Chosen chr at iteration 1
Iteration 2
