Iteration 1
1	deque([(('236_7', 'h'), ('153_6', 'h')), (('190_2', 't'), ('153_6', 't')), (('190_2', 'h'), ('224_2', 't')), (('224_2', 'h'), ('93_0', 't')), (('247_5', 'h'), ('93_0', 'h')), (('246_0', 'h'), ('247_5', 't')), (('277_36', 'h'), ('246_0', 't')), (('237_5', 'h'), ('277_36', 't')), (('273_0', 't'), ('237_5', 't')), (('273_0', 'h'), ('194_12', 'h')), (('209_3', 'h'), ('194_12', 't')), (('212_19', 'h'), ('209_3', 't')), (('305_0', 'h'), ('212_19', 't')), (('191_12', 'h'), ('305_0', 't')), (('252_29', 'h'), ('191_12', 't')), (('241_19', 'h'), ('252_29', 't')), (('241_19', 't'), ('135_0', 't')), (('135_0', 'h'), ('207_1', 't')), (('266_5', 'h'), ('207_1', 'h')), (('221_2', 'h'), ('266_5', 't')), (('221_2', 't'), ('155_6', 't')), (('155_6', 'h'), ('260_1', 't')), (('260_1', 'h'), ('208_1', 'h')), (('266_4', 'h'), ('208_1', 't')), (('266_4', 't'), ('220_7', 't')), (('220_7', 'h'), ('155_13', 't')), (('155_13', 'h'), ('169_5', 't')), (('169_5', 'h'), ('218_0', 't')), (('218_0', 'h'), ('163_5', 't')), (('256_3', 'h'), ('163_5', 'h')), (('289_5', 'h'), ('256_3', 't')), (('161_9', 'h'), ('289_5', 't')), (('210_0', 'h'), ('161_9', 't')), (('255_1', 'h'), ('210_0', 't')), (('234_6', 'h'), ('255_1', 't')), (('292_0', 'h'), ('234_6', 't')), (('202_0', 'h'), ('292_0', 't')), (('202_0', 't'), ('105_0', 't')), (('235_10', 'h'), ('105_0', 'h')), (('152_3', 'h'), ('235_10', 't')), (('190_11', 't'), ('152_3', 't')), (('225_9', 'h'), ('190_11', 'h')), (('125_0', 'h'), ('225_9', 't')), (('219_2', 't'), ('125_0', 't')), (('219_2', 'h'), ('151_1', 'h')), (('219_0', 'h'), ('151_1', 't')), (('219_0', 't'), ('150_0', 't')), (('150_0', 'h'), ('143_2', 'h')), (('108_2', 'h'), ('143_2', 't')), (('285_3', 't'), ('108_2', 't')), (('285_3', 'h'), ('236_7', 't'))])
1	deque([(('295_5', 'h'), ('169_6', 't')), (('286_1', 'h'), ('295_5', 't')), (('286_1', 't'), ('208_13', 't')), (('210_5', 'h'), ('208_13', 'h')), (('253_3', 'h'), ('210_5', 't')), (('234_2', 'h'), ('253_3', 't')), (('163_0', 'h'), ('234_2', 't')), (('227_1', 'h'), ('163_0', 't')), (('169_6', 'h'), ('227_1', 't'))])
1	deque([(('148_6', 'h'), ('127_3', 't')), (('173_0', 'h'), ('127_3', 'h')), (('154_1', 'h'), ('173_0', 't')), (('201_2', 't'), ('154_1', 't')), (('201_2', 'h'), ('186_1', 'h')), (('203_1', 'h'), ('186_1', 't')), (('203_1', 't'), ('181_1', 't')), (('181_1', 'h'), ('147_1', 'h')), (('76_0', 'h'), ('147_1', 't')), (('216_4', 'h'), ('76_0', 't')), (('216_4', 't'), ('183_1', 't')), (('183_1', 'h'), ('128_0', 't')), (('170_3', 'h'), ('128_0', 'h')), (('211_4', 'h'), ('170_3', 't')), (('119_2', 'h'), ('211_4', 't')), (('162_4', 't'), ('119_2', 't')), (('165_1', 'h'), ('162_4', 'h')), (('192_3', 't'), ('165_1', 't')), (('192_3', 'h'), ('146_2', 't')), (('185_5', 'h'), ('146_2', 'h')), (('185_5', 't'), ('53_3', 't')), (('133_2', 'h'), ('53_3', 'h')), (('206_3', 't'), ('133_2', 't')), (('206_3', 'h'), ('138_8', 'h')), (('172_19', 't'), ('138_8', 't')), (('172_19', 'h'), ('148_6', 't'))])
1	deque([(('137_0', 'h'), ('117_2', 't')), (('117_2', 'h'), ('177_1', 't')), (('178_0', 'h'), ('177_1', 'h')), (('178_0', 't'), ('89_2', 't')), (('89_2', 'h'), ('299_6', 't')), (('299_6', 'h'), ('141_8', 't')), (('141_8', 'h'), ('199_2', 't')), (('199_2', 'h'), ('137_0', 't'))])
1	deque([(('143_0', 'h'), ('131_2', 'h')), (('159_0', 't'), ('143_0', 't')), (('159_0', 'h'), ('131_2', 't'))])

Chosen seed at iteration 1: 1
Chosen chr at iteration 1



Chosen seed at iteration 2: 2
Chosen chr at iteration 2



Chosen seed at iteration 3: 3
Chosen chr at iteration 3



Chosen seed at iteration 4: 4
Chosen chr at iteration 4



Chosen seed at iteration 5: 5
Chosen chr at iteration 5


Iteration 1
1	deque([(('235_4', 'h'), ('105_1', 'h')), (('202_4', 't'), ('105_1', 't')), (('202_4', 'h'), ('292_4', 't')), (('292_4', 'h'), ('234_3', 't')), (('234_3', 'h'), ('253_1', 't')), (('253_1', 'h'), ('210_7', 't')), (('210_7', 'h'), ('161_7', 't')), (('161_7', 'h'), ('289_3', 't')), (('289_3', 'h'), ('256_4', 't')), (('256_4', 'h'), ('163_7', 'h')), (('227_0', 'h'), ('163_7', 't')), (('169_0', 'h'), ('227_0', 't')), (('295_8', 'h'), ('169_0', 't')), (('286_0', 'h'), ('295_8', 't')), (('286_0', 't'), ('208_6', 't')), (('260_0', 'h'), ('208_6', 'h')), (('155_5', 'h'), ('260_0', 't')), (('221_3', 't'), ('155_5', 't')), (('221_3', 'h'), ('266_14', 't')), (('266_14', 'h'), ('208_11', 't')), (('210_1', 'h'), ('208_11', 'h')), (('255_5', 'h'), ('210_1', 't')), (('234_9', 'h'), ('255_5', 't')), (('163_8', 'h'), ('234_9', 't')), (('218_4', 'h'), ('163_8', 't')), (('169_1', 'h'), ('218_4', 't')), (('155_1', 'h'), ('169_1', 't')), (('220_1', 'h'), ('155_1', 't')), (('266_7', 't'), ('220_1', 't')), (('266_7', 'h'), ('207_0', 'h')), (('135_1', 'h'), ('207_0', 't')), (('241_3', 't'), ('135_1', 't')), (('241_3', 'h'), ('252_32', 't')), (('252_32', 'h'), ('191_5', 't')), (('191_5', 'h'), ('302_2', 't')), (('302_2', 'h'), ('212_4', 't')), (('212_4', 'h'), ('209_24', 't')), (('209_24', 'h'), ('194_4', 't')), (('273_1', 'h'), ('194_4', 'h')), (('273_1', 't'), ('237_7', 't')), (('237_7', 'h'), ('277_33', 't')), (('277_33', 'h'), ('246_24', 't')), (('246_24', 'h'), ('247_1', 't')), (('247_1', 'h'), ('93_2', 'h')), (('224_0', 'h'), ('93_2', 't')), (('190_8', 'h'), ('224_0', 't')), (('190_8', 't'), ('153_10', 't')), (('236_1', 'h'), ('153_10', 'h')), (('285_2', 'h'), ('236_1', 't')), (('285_2', 't'), ('108_1', 't')), (('108_1', 'h'), ('143_1', 't')), (('143_1', 'h'), ('131_1', 'h')), (('159_2', 'h'), ('131_1', 't')), (('159_2', 't'), ('143_3', 't')), (('150_1', 'h'), ('143_3', 'h')), (('219_1', 't'), ('150_1', 't')), (('219_1', 'h'), ('151_0', 't')), (('219_3', 'h'), ('151_0', 'h')), (('219_3', 't'), ('125_1', 't')), (('125_1', 'h'), ('225_4', 't')), (('225_4', 'h'), ('190_1', 'h')), (('190_1', 't'), ('152_0', 't')), (('152_0', 'h'), ('235_4', 't'))])
1	deque([(('165_0', 'h'), ('162_0', 'h')), (('192_0', 't'), ('165_0', 't')), (('192_0', 'h'), ('145_0', 't')), (('185_6', 'h'), ('145_0', 'h')), (('185_6', 't'), ('53_2', 't')), (('133_9', 'h'), ('53_2', 'h')), (('206_1', 't'), ('133_9', 't')), (('206_1', 'h'), ('138_6', 'h')), (('172_5', 't'), ('138_6', 't')), (('172_5', 'h'), ('148_11', 't')), (('148_11', 'h'), ('127_2', 't')), (('173_5', 'h'), ('127_2', 'h')), (('154_0', 'h'), ('173_5', 't')), (('201_0', 't'), ('154_0', 't')), (('201_0', 'h'), ('187_1', 'h')), (('203_0', 'h'), ('187_1', 't')), (('203_0', 't'), ('181_0', 't')), (('181_0', 'h'), ('147_3', 'h')), (('76_1', 'h'), ('147_3', 't')), (('216_3', 'h'), ('76_1', 't')), (('216_3', 't'), ('182_0', 't')), (('182_0', 'h'), ('128_4', 't')), (('170_2', 'h'), ('128_4', 'h')), (('211_1', 'h'), ('170_2', 't')), (('119_3', 'h'), ('211_1', 't')), (('162_0', 't'), ('119_3', 't'))])
1	deque([(('89_0', 'h'), ('299_2', 't')), (('299_2', 'h'), ('141_3', 't')), (('141_3', 'h'), ('199_1', 't')), (('199_1', 'h'), ('137_3', 't')), (('137_3', 'h'), ('117_0', 't')), (('117_0', 'h'), ('177_0', 't')), (('178_3', 'h'), ('177_0', 'h')), (('178_3', 't'), ('89_0', 't'))])

Chosen seed at iteration 1: 1
Chosen chr at iteration 1



Chosen seed at iteration 2: 2
Chosen chr at iteration 2



Chosen seed at iteration 3: 3
Chosen chr at iteration 3


Iteration 4
4	deque([(('143_3', 'h'), ('131_0', 'h')), (('108_1', 'h'), ('143_3', 't')), (('285_2', 't'), ('108_1', 't')), (('285_2', 'h'), ('236_3', 't')), (('236_3', 'h'), ('153_5', 'h')), (('190_5', 't'), ('153_5', 't')), (('225_4', 'h'), ('190_5', 'h')), (('125_1', 'h'), ('225_4', 't')), (('219_1', 't'), ('125_1', 't')), (('219_1', 'h'), ('151_0', 'h')), (('219_3', 'h'), ('151_0', 't')), (('219_3', 't'), ('150_1', 't')), (('150_1', 'h'), ('143_1', 'h')), (('159_2', 't'), ('143_1', 't')), (('159_2', 'h'), ('131_0', 't'))])
4	deque([(('241_16', 't'), ('135_1', 't')), (('135_1', 'h'), ('207_0', 't')), (('266_6', 'h'), ('207_0', 'h')), (('221_0', 'h'), ('266_6', 't')), (('221_0', 't'), ('155_4', 't')), (('155_4', 'h'), ('260_0', 't')), (('260_0', 'h'), ('208_6', 'h')), (('266_8', 'h'), ('208_6', 't')), (('266_8', 't'), ('220_8', 't')), (('220_8', 'h'), ('155_5', 't')), (('155_5', 'h'), ('169_4', 't')), (('169_4', 'h'), ('227_0', 't')), (('227_0', 'h'), ('163_3', 't')), (('256_5', 'h'), ('163_3', 'h')), (('289_0', 'h'), ('256_5', 't')), (('161_7', 'h'), ('289_0', 't')), (('210_3', 'h'), ('161_7', 't')), (('253_4', 'h'), ('210_3', 't')), (('234_8', 'h'), ('253_4', 't')), (('163_9', 'h'), ('234_8', 't')), (('218_5', 'h'), ('163_9', 't')), (('169_8', 'h'), ('218_5', 't')), (('295_12', 'h'), ('169_8', 't')), (('286_0', 'h'), ('295_12', 't')), (('286_0', 't'), ('208_7', 't')), (('210_6', 'h'), ('208_7', 'h')), (('255_3', 'h'), ('210_6', 't')), (('234_5', 'h'), ('255_3', 't')), (('292_6', 'h'), ('234_5', 't')), (('202_2', 'h'), ('292_6', 't')), (('202_2', 't'), ('105_1', 't')), (('235_1', 'h'), ('105_1', 'h')), (('152_2', 'h'), ('235_1', 't')), (('190_10', 't'), ('152_2', 't')), (('190_10', 'h'), ('224_4', 't')), (('224_4', 'h'), ('93_2', 't')), (('247_4', 'h'), ('93_2', 'h')), (('246_7', 'h'), ('247_4', 't')), (('277_17', 'h'), ('246_7', 't')), (('237_7', 'h'), ('277_17', 't')), (('273_1', 't'), ('237_7', 't')), (('273_1', 'h'), ('194_1', 'h')), (('209_16', 'h'), ('194_1', 't')), (('212_1', 'h'), ('209_16', 't')), (('305_3', 'h'), ('212_1', 't')), (('191_7', 'h'), ('305_3', 't')), (('252_13', 'h'), ('191_7', 't')), (('241_16', 'h'), ('252_13', 't'))])

Chosen seed at iteration 4: 1
Chosen chr at iteration 4



Chosen seed at iteration 5: 2
Chosen chr at iteration 5


Iteration 1
1	deque([(('172_15', 't'), ('126_2', 't')), (('172_15', 'h'), ('126_2', 'h'))])
1	deque([(('120_12', 'h'), ('120_12', 't'))])
1	deque([(('141_6', 'h'), ('84_2', 't')), (('299_1', 'h'), ('141_6', 't')), (('84_2', 'h'), ('299_1', 't'))])

Chosen seed at iteration 1: 1
Chosen chr at iteration 1



Chosen seed at iteration 2: 2
Chosen chr at iteration 2



Chosen seed at iteration 3: 3
Chosen chr at iteration 3


Iteration 4
4	deque([(('134_0', 't'), ('102_0', 't')), (('106_0', 'h'), ('102_0', 'h')), (('202_1', 't'), ('106_0', 't')), (('202_1', 'h'), ('292_7', 't')), (('292_7', 'h'), ('234_9', 't')), (('234_9', 'h'), ('255_5', 't')), (('255_5', 'h'), ('210_9', 't')), (('210_9', 'h'), ('208_16', 'h')), (('266_2', 'h'), ('208_16', 't')), (('266_2', 't'), ('220_4', 't')), (('220_4', 'h'), ('155_11', 't')), (('155_11', 'h'), ('83_1', 'h')), (('134_0', 'h'), ('83_1', 't'))])
4	deque([(('172_15', 't'), ('126_7', 't')), (('172_15', 'h'), ('126_7', 'h'))])
4	deque([(('299_1', 'h'), ('141_7', 't')), (('84_1', 'h'), ('299_1', 't')), (('141_7', 'h'), ('84_1', 't'))])
4	deque([(('120_30', 'h'), ('120_30', 't'))])

Chosen seed at iteration 4: 1
Chosen chr at iteration 4



Chosen seed at iteration 5: 2
Chosen chr at iteration 5



Chosen seed at iteration 6: 3
Chosen chr at iteration 6



Chosen seed at iteration 7: 4
Chosen chr at iteration 7


Iteration 1
1	deque([(('202_5', 't'), ('106_1', 't')), (('106_1', 'h'), ('102_1', 'h')), (('134_7', 't'), ('102_1', 't')), (('134_7', 'h'), ('83_0', 't')), (('155_7', 'h'), ('83_0', 'h')), (('221_3', 't'), ('155_7', 't')), (('221_3', 'h'), ('266_7', 't')), (('266_7', 'h'), ('208_11', 't')), (('210_8', 'h'), ('208_11', 'h')), (('253_5', 'h'), ('210_8', 't')), (('234_3', 'h'), ('253_5', 't')), (('292_4', 'h'), ('234_3', 't')), (('202_5', 'h'), ('292_4', 't'))])
1	deque([(('120_10', 'h'), ('120_10', 't'))])

Chosen seed at iteration 1: 1
Chosen chr at iteration 1



Chosen seed at iteration 2: 2
Chosen chr at iteration 2


Iteration 3
3	deque([(('172_16', 'h'), ('126_3', 'h')), (('172_16', 't'), ('126_3', 't'))])
3	deque([(('202_3', 't'), ('106_1', 't')), (('106_1', 'h'), ('102_1', 'h')), (('134_9', 't'), ('102_1', 't')), (('134_9', 'h'), ('83_0', 't')), (('155_10', 'h'), ('83_0', 'h')), (('220_9', 'h'), ('155_10', 't')), (('266_10', 't'), ('220_9', 't')), (('266_10', 'h'), ('208_14', 't')), (('210_1', 'h'), ('208_14', 'h')), (('253_5', 'h'), ('210_1', 't')), (('234_4', 'h'), ('253_5', 't')), (('292_5', 'h'), ('234_4', 't')), (('202_3', 'h'), ('292_5', 't'))])

Chosen seed at iteration 3: 1
Chosen chr at iteration 3



Chosen seed at iteration 4: 2
Chosen chr at iteration 4


Iteration 1
1	deque([(('163_8', 'h'), ('234_7', 't')), (('218_3', 'h'), ('163_8', 't')), (('169_1', 'h'), ('218_3', 't')), (('155_1', 'h'), ('169_1', 't')), (('220_2', 'h'), ('155_1', 't')), (('266_14', 't'), ('220_2', 't')), (('266_14', 'h'), ('208_5', 't')), (('210_2', 'h'), ('208_5', 'h')), (('253_2', 'h'), ('210_2', 't')), (('234_7', 'h'), ('253_2', 't'))])
1	deque([(('212_18', 'h'), ('209_9', 't')), (('305_2', 'h'), ('212_18', 't')), (('191_5', 'h'), ('305_2', 't')), (('252_7', 'h'), ('191_5', 't')), (('241_14', 'h'), ('252_7', 't')), (('241_14', 't'), ('70_0', 't')), (('129_3', 'h'), ('70_0', 'h')), (('74_1', 'h'), ('129_3', 't')), (('224_1', 'h'), ('74_1', 't')), (('190_0', 'h'), ('224_1', 't')), (('190_0', 't'), ('153_0', 't')), (('236_4', 'h'), ('153_0', 'h')), (('285_6', 'h'), ('236_4', 't')), (('285_6', 't'), ('168_1', 't')), (('168_1', 'h'), ('133_3', 'h')), (('206_2', 't'), ('133_3', 't')), (('206_2', 'h'), ('90_1', 't')), (('138_7', 'h'), ('90_1', 'h')), (('172_14', 't'), ('138_7', 't')), (('172_14', 'h'), ('148_7', 't')), (('156_3', 'h'), ('148_7', 'h')), (('217_2', 'h'), ('156_3', 't')), (('175_0', 'h'), ('217_2', 't')), (('175_0', 't'), ('142_0', 't')), (('195_0', 'h'), ('142_0', 'h')), (('247_6', 'h'), ('195_0', 't')), (('246_22', 'h'), ('247_6', 't')), (('277_13', 'h'), ('246_22', 't')), (('277_13', 't'), ('233_13', 't')), (('233_13', 'h'), ('261_2', 't')), (('261_2', 'h'), ('245_12', 't')), (('245_12', 'h'), ('222_15', 'h')), (('209_9', 'h'), ('222_15', 't'))])
1	deque([(('172_2', 't'), ('126_6', 't')), (('172_2', 'h'), ('126_6', 'h'))])
1	deque([(('299_0', 'h'), ('141_3', 't')), (('141_3', 'h'), ('84_2', 't')), (('84_2', 'h'), ('299_0', 't'))])
1	deque([(('120_26', 'h'), ('120_26', 't'))])

Chosen seed at iteration 1: 1
Chosen chr at iteration 1



Chosen seed at iteration 2: 2
Chosen chr at iteration 2



Chosen seed at iteration 3: 3
Chosen chr at iteration 3



Chosen seed at iteration 4: 4
Chosen chr at iteration 4



Chosen seed at iteration 5: 5
Chosen chr at iteration 5


Iteration 1
1	deque([(('206_0', 'h'), ('138_4', 'h')), (('172_9', 't'), ('138_4', 't')), (('172_9', 'h'), ('126_1', 'h')), (('172_10', 't'), ('126_1', 't')), (('172_10', 'h'), ('148_12', 't')), (('148_12', 'h'), ('56_0', 't')), (('242_5', 'h'), ('56_0', 'h')), (('252_18', 't'), ('242_5', 't')), (('252_18', 'h'), ('191_25', 't')), (('191_25', 'h'), ('302_8', 't')), (('302_8', 'h'), ('212_9', 't')), (('212_9', 'h'), ('209_24', 't')), (('209_24', 'h'), ('222_5', 't')), (('245_9', 'h'), ('222_5', 'h')), (('261_1', 'h'), ('245_9', 't')), (('233_25', 'h'), ('261_1', 't')), (('277_5', 't'), ('233_25', 't')), (('277_5', 'h'), ('246_16', 't')), (('246_16', 'h'), ('256_1', 't')), (('256_1', 'h'), ('163_2', 'h')), (('218_7', 'h'), ('163_2', 't')), (('169_0', 'h'), ('218_7', 't')), (('295_6', 'h'), ('169_0', 't')), (('295_6', 't'), ('280_0', 't')), (('280_0', 'h'), ('231_2', 'h')), (('281_5', 't'), ('231_2', 't')), (('290_2', 'h'), ('281_5', 'h')), (('290_2', 't'), ('237_6', 't')), (('237_6', 'h'), ('277_27', 't')), (('277_27', 'h'), ('223_5', 'h')), (('223_5', 't'), ('123_3', 't')), (('133_1', 'h'), ('123_3', 'h')), (('206_0', 't'), ('133_1', 't'))])
1	deque([(('84_0', 'h'), ('299_2', 't')), (('141_4', 'h'), ('84_0', 't')), (('299_2', 'h'), ('141_4', 't'))])
1	deque([(('120_9', 'h'), ('120_9', 't'))])

Chosen seed at iteration 1: 1
Chosen chr at iteration 1



Chosen seed at iteration 2: 2
Chosen chr at iteration 2



Chosen seed at iteration 3: 3
Chosen chr at iteration 3


Iteration 4
4	deque([(('261_12', 'h'), ('245_8', 't')), (('245_8', 'h'), ('222_6', 'h')), (('209_6', 'h'), ('222_6', 't')), (('212_15', 'h'), ('209_6', 't')), (('302_1', 'h'), ('212_15', 't')), (('191_0', 'h'), ('302_1', 't')), (('252_33', 'h'), ('191_0', 't')), (('252_33', 't'), ('242_1', 't')), (('242_1', 'h'), ('56_0', 'h')), (('148_1', 'h'), ('56_0', 't')), (('172_20', 'h'), ('148_1', 't')), (('172_20', 't'), ('138_1', 't')), (('206_1', 'h'), ('138_1', 'h')), (('206_1', 't'), ('133_0', 't')), (('133_0', 'h'), ('123_0', 'h')), (('223_14', 't'), ('123_0', 't')), (('277_5', 'h'), ('223_14', 'h')), (('277_5', 't'), ('233_4', 't')), (('233_4', 'h'), ('261_12', 't'))])
4	deque([(('280_0', 'h'), ('231_1', 'h')), (('281_0', 't'), ('231_1', 't')), (('290_6', 'h'), ('281_0', 'h')), (('290_6', 't'), ('237_6', 't')), (('237_6', 'h'), ('277_32', 't')), (('277_32', 'h'), ('246_14', 't')), (('246_14', 'h'), ('256_1', 't')), (('256_1', 'h'), ('163_7', 'h')), (('218_2', 'h'), ('163_7', 't')), (('169_3', 'h'), ('218_2', 't')), (('295_1', 'h'), ('169_3', 't')), (('295_1', 't'), ('280_0', 't'))])
4	deque([(('172_18', 'h'), ('126_2', 'h')), (('172_18', 't'), ('126_2', 't'))])
4	deque([(('120_19', 'h'), ('120_19', 't'))])
4	deque([(('141_6', 'h'), ('84_0', 't')), (('299_2', 'h'), ('141_6', 't')), (('84_0', 'h'), ('299_2', 't'))])

Chosen seed at iteration 4: 1
Chosen chr at iteration 4



Chosen seed at iteration 5: 2
Chosen chr at iteration 5



Chosen seed at iteration 6: 3
Chosen chr at iteration 6



Chosen seed at iteration 7: 4
Chosen chr at iteration 7



Chosen seed at iteration 8: 5
Chosen chr at iteration 8


Iteration 1
1	deque([(('120_11', 'h'), ('120_11', 't'))])

Chosen seed at iteration 1: 1
Chosen chr at iteration 1


Iteration 2
2	deque([(('120_7', 'h'), ('120_7', 't'))])
2	deque([(('172_4', 't'), ('126_4', 't')), (('172_4', 'h'), ('126_4', 'h'))])

Chosen seed at iteration 2: 1
Chosen chr at iteration 2



Chosen seed at iteration 3: 2
Chosen chr at iteration 3


Iteration 4
4	deque([(('120_4', 'h'), ('120_4', 't'))])

Chosen seed at iteration 4: 1
Chosen chr at iteration 4


Iteration 1
1	deque([(('120_0', 'h'), ('120_0', 't'))])

Chosen seed at iteration 1: 1
Chosen chr at iteration 1


Iteration 2
2	deque([(('233_10', 'h'), ('282_11', 't')), (('277_8', 't'), ('233_10', 't')), (('277_8', 'h'), ('246_5', 't')), (('246_5', 'h'), ('250_18', 't')), (('250_18', 'h'), ('107_1', 't')), (('107_1', 'h'), ('191_1', 't')), (('191_1', 'h'), ('306_10', 't')), (('306_10', 'h'), ('257_3', 'h')), (('228_0', 'h'), ('257_3', 't')), (('228_0', 't'), ('209_15', 't')), (('209_15', 'h'), ('194_5', 't')), (('282_11', 'h'), ('194_5', 'h'))])
2	deque([(('120_13', 'h'), ('120_13', 't'))])

Chosen seed at iteration 2: 1
Chosen chr at iteration 2



Chosen seed at iteration 3: 2
Chosen chr at iteration 3


Iteration 4
4	deque([(('246_11', 'h'), ('250_17', 't')), (('277_18', 'h'), ('246_11', 't')), (('237_3', 'h'), ('277_18', 't')), (('290_3', 't'), ('237_3', 't')), (('290_3', 'h'), ('259_0', 'h')), (('259_0', 't'), ('245_9', 't')), (('245_9', 'h'), ('222_3', 'h')), (('209_19', 'h'), ('222_3', 't')), (('228_4', 't'), ('209_19', 't')), (('228_4', 'h'), ('257_0', 't')), (('306_2', 'h'), ('257_0', 'h')), (('191_35', 'h'), ('306_2', 't')), (('107_1', 'h'), ('191_35', 't')), (('250_17', 'h'), ('107_1', 't'))])
4	deque([(('120_17', 'h'), ('120_17', 't'))])

Chosen seed at iteration 4: 1
Chosen chr at iteration 4



Chosen seed at iteration 5: 2
Chosen chr at iteration 5


Iteration 1
1	deque([(('172_3', 'h'), ('126_4', 'h')), (('172_3', 't'), ('126_4', 't'))])
1	deque([(('120_27', 'h'), ('120_27', 't'))])

Chosen seed at iteration 1: 1
Chosen chr at iteration 1



Chosen seed at iteration 2: 2
Chosen chr at iteration 2


Iteration 3
3	deque([(('120_13', 'h'), ('120_13', 't'))])
3	deque([(('172_9', 'h'), ('126_1', 'h')), (('172_9', 't'), ('126_1', 't'))])

Chosen seed at iteration 3: 1
Chosen chr at iteration 3



Chosen seed at iteration 4: 2
Chosen chr at iteration 4


Iteration 1
1	deque([(('250_2', 'h'), ('107_2', 't')), (('107_2', 'h'), ('191_1', 't')), (('191_1', 'h'), ('306_9', 't')), (('306_9', 'h'), ('257_2', 'h')), (('228_7', 'h'), ('257_2', 't')), (('228_7', 't'), ('209_18', 't')), (('209_18', 'h'), ('194_6', 't')), (('282_0', 'h'), ('194_6', 'h')), (('233_5', 'h'), ('282_0', 't')), (('277_19', 't'), ('233_5', 't')), (('277_19', 'h'), ('246_8', 't')), (('246_8', 'h'), ('250_2', 't'))])
1	deque([(('172_10', 'h'), ('126_4', 'h')), (('172_10', 't'), ('126_4', 't'))])
1	deque([(('120_24', 'h'), ('120_24', 't'))])

Chosen seed at iteration 1: 1
Chosen chr at iteration 1



Chosen seed at iteration 2: 2
Chosen chr at iteration 2



Chosen seed at iteration 3: 3
Chosen chr at iteration 3


Iteration 4
4	deque([(('306_1', 'h'), ('257_2', 'h')), (('191_30', 'h'), ('306_1', 't')), (('107_2', 'h'), ('191_30', 't')), (('250_12', 'h'), ('107_2', 't')), (('246_21', 'h'), ('250_12', 't')), (('277_27', 'h'), ('246_21', 't')), (('277_27', 't'), ('233_2', 't')), (('233_2', 'h'), ('261_14', 't')), (('261_14', 'h'), ('245_5', 't')), (('245_5', 'h'), ('222_16', 'h')), (('209_17', 'h'), ('222_16', 't')), (('228_2', 't'), ('209_17', 't')), (('228_2', 'h'), ('257_2', 't'))])
4	deque([(('120_33', 'h'), ('120_33', 't'))])
4	deque([(('172_4', 't'), ('126_4', 't')), (('172_4', 'h'), ('126_4', 'h'))])

Chosen seed at iteration 4: 1
Chosen chr at iteration 4



Chosen seed at iteration 5: 2
Chosen chr at iteration 5



Chosen seed at iteration 6: 3
Chosen chr at iteration 6


Iteration 1
1	deque([(('120_29', 'h'), ('120_29', 't'))])

Chosen seed at iteration 1: 1
Chosen chr at iteration 1


Iteration 2
2	deque([(('120_27', 'h'), ('120_27', 't'))])

Chosen seed at iteration 2: 1
Chosen chr at iteration 2


Iteration 3
3	deque([(('120_34', 'h'), ('120_34', 't'))])

Chosen seed at iteration 3: 1
Chosen chr at iteration 3


Iteration 4
4	deque([(('209_7', 'h'), ('194_8', 't')), (('228_6', 't'), ('209_7', 't')), (('228_6', 'h'), ('257_1', 't')), (('306_9', 'h'), ('257_1', 'h')), (('191_21', 'h'), ('306_9', 't')), (('107_0', 'h'), ('191_21', 't')), (('250_5', 'h'), ('107_0', 't')), (('246_5', 'h'), ('250_5', 't')), (('277_25', 'h'), ('246_5', 't')), (('277_25', 't'), ('233_24', 't')), (('233_24', 'h'), ('282_7', 't')), (('282_7', 'h'), ('194_8', 'h'))])
4	deque([(('120_15', 'h'), ('120_15', 't'))])

Chosen seed at iteration 4: 1
Chosen chr at iteration 4



Chosen seed at iteration 5: 2
Chosen chr at iteration 5


Iteration 1
1	deque([(('120_20', 'h'), ('120_20', 't'))])

Chosen seed at iteration 1: 1
Chosen chr at iteration 1


Iteration 2
2	deque([(('120_5', 'h'), ('120_5', 't'))])

Chosen seed at iteration 2: 1
Chosen chr at iteration 2


Iteration 3
3	deque([(('120_31', 'h'), ('120_31', 't'))])

Chosen seed at iteration 3: 1
Chosen chr at iteration 3


Iteration 4
4	deque([(('120_1', 'h'), ('120_1', 't'))])

Chosen seed at iteration 4: 1
Chosen chr at iteration 4


Iteration 1
1	deque([(('120_2', 'h'), ('120_2', 't'))])

Chosen seed at iteration 1: 1
Chosen chr at iteration 1


Iteration 2
2	deque([(('120_8', 'h'), ('120_8', 't'))])

Chosen seed at iteration 2: 1
Chosen chr at iteration 2


Iteration 3
3	deque([(('120_25', 'h'), ('120_25', 't'))])

Chosen seed at iteration 3: 1
Chosen chr at iteration 3


Iteration 4
4	deque([(('212_14', 'h'), ('209_2', 't')), (('302_14', 'h'), ('212_14', 't'))])
4	deque([(('120_0', 'h'), ('120_0', 't'))])

Chosen seed at iteration 4: 1
Chosen chr at iteration 4



Chosen seed at iteration 5: 2
Chosen chr at iteration 5


Iteration 1
1	deque([(('277_7', 'h'), ('246_4', 't')), (('277_7', 't'), ('233_23', 't')), (('233_23', 'h'), ('261_13', 't')), (('261_13', 'h'), ('245_13', 't')), (('245_13', 'h'), ('222_11', 'h')), (('209_11', 'h'), ('222_11', 't')), (('212_8', 'h'), ('209_11', 't')), (('306_8', 'h'), ('212_8', 't')), (('191_27', 'h'), ('306_8', 't')), (('252_6', 'h'), ('191_27', 't')), (('241_17', 'h'), ('252_6', 't')), (('78_0', 'h'), ('241_17', 't')), (('134_7', 'h'), ('78_0', 't')), (('134_7', 't'), ('71_0', 't')), (('250_2', 'h'), ('71_0', 'h')), (('246_4', 'h'), ('250_2', 't'))])
1	deque([(('120_32', 'h'), ('120_32', 't'))])

Chosen seed at iteration 1: 1
Chosen chr at iteration 1



Chosen seed at iteration 2: 2
Chosen chr at iteration 2


Iteration 3
3	deque([(('252_12', 'h'), ('191_26', 't')), (('241_9', 'h'), ('252_12', 't')), (('78_0', 'h'), ('241_9', 't')), (('134_5', 'h'), ('78_0', 't')), (('134_5', 't'), ('71_0', 't')), (('250_4', 'h'), ('71_0', 'h')), (('246_8', 'h'), ('250_4', 't')), (('277_11', 'h'), ('246_8', 't')), (('277_11', 't'), ('233_23', 't')), (('233_23', 'h'), ('261_10', 't')), (('261_10', 'h'), ('245_0', 't')), (('245_0', 'h'), ('222_7', 'h')), (('209_13', 'h'), ('222_7', 't')), (('212_0', 'h'), ('209_13', 't')), (('306_10', 'h'), ('212_0', 't')), (('191_26', 'h'), ('306_10', 't'))])
3	deque([(('120_5', 'h'), ('120_5', 't'))])

Chosen seed at iteration 3: 1
Chosen chr at iteration 3



Chosen seed at iteration 4: 2
Chosen chr at iteration 4


Iteration 1
1	deque([(('120_6', 'h'), ('120_6', 't'))])

Chosen seed at iteration 1: 1
Chosen chr at iteration 1


Iteration 2
2	deque([(('120_28', 'h'), ('120_28', 't'))])

Chosen seed at iteration 2: 1
Chosen chr at iteration 2


Iteration 3
3	deque([(('120_3', 'h'), ('120_3', 't'))])

Chosen seed at iteration 3: 1
Chosen chr at iteration 3


Iteration 4
4	deque([(('120_27', 'h'), ('120_27', 't'))])

Chosen seed at iteration 4: 1
Chosen chr at iteration 4


Iteration 1
1	deque([(('306_3', 'h'), ('212_9', 't')), (('191_24', 'h'), ('306_3', 't')), (('252_0', 'h'), ('191_24', 't')), (('252_0', 't'), ('242_6', 't')), (('242_6', 'h'), ('248_1', 't')), (('248_1', 'h'), ('261_6', 't')), (('261_6', 'h'), ('245_2', 't')), (('245_2', 'h'), ('222_1', 'h')), (('209_18', 'h'), ('222_1', 't')), (('212_9', 'h'), ('209_18', 't'))])
1	deque([(('120_31', 'h'), ('120_31', 't'))])

Chosen seed at iteration 1: 1
Chosen chr at iteration 1



Chosen seed at iteration 2: 2
Chosen chr at iteration 2


Iteration 3
3	deque([(('261_6', 'h'), ('245_15', 't')), (('245_15', 'h'), ('222_1', 'h')), (('209_18', 'h'), ('222_1', 't')), (('212_8', 'h'), ('209_18', 't')), (('306_3', 'h'), ('212_8', 't')), (('191_13', 'h'), ('306_3', 't')), (('252_32', 'h'), ('191_13', 't')), (('252_32', 't'), ('242_6', 't')), (('242_6', 'h'), ('248_0', 't')), (('248_0', 'h'), ('261_6', 't'))])
3	deque([(('120_12', 'h'), ('120_12', 't'))])

Chosen seed at iteration 3: 1
Chosen chr at iteration 3



Chosen seed at iteration 4: 2
Chosen chr at iteration 4


Iteration 1
1	deque([(('120_25', 'h'), ('120_25', 't'))])
1	deque([(('120_21', 'h'), ('120_21', 't'))])

Chosen seed at iteration 1: 1
Chosen chr at iteration 1



Chosen seed at iteration 2: 2
Chosen chr at iteration 2


Iteration 3
3	deque([(('120_28', 'h'), ('120_28', 't'))])

Chosen seed at iteration 3: 1
Chosen chr at iteration 3


Iteration 4
4	deque([(('120_22', 'h'), ('120_22', 't'))])

Chosen seed at iteration 4: 1
Chosen chr at iteration 4


Iteration 1
1	deque([(('245_13', 'h'), ('222_18', 'h')), (('261_5', 'h'), ('245_13', 't')), (('248_1', 'h'), ('261_5', 't')), (('242_0', 'h'), ('248_1', 't')), (('252_0', 't'), ('242_0', 't')), (('252_0', 'h'), ('191_20', 't')), (('191_20', 'h'), ('302_13', 't')), (('302_13', 'h'), ('212_5', 't')), (('212_5', 'h'), ('209_14', 't')), (('209_14', 'h'), ('222_18', 't'))])
1	deque([(('120_31', 'h'), ('120_31', 't'))])

Chosen seed at iteration 1: 1
Chosen chr at iteration 1



Chosen seed at iteration 2: 2
Chosen chr at iteration 2


Iteration 3
3	deque([(('252_0', 't'), ('242_0', 't')), (('252_0', 'h'), ('191_15', 't')), (('191_15', 'h'), ('306_8', 't')), (('306_8', 'h'), ('212_10', 't')), (('212_10', 'h'), ('209_11', 't')), (('209_11', 'h'), ('222_5', 't')), (('245_13', 'h'), ('222_5', 'h')), (('261_0', 'h'), ('245_13', 't')), (('248_1', 'h'), ('261_0', 't')), (('242_0', 'h'), ('248_1', 't'))])
3	deque([(('120_9', 'h'), ('120_9', 't'))])

Chosen seed at iteration 3: 1
Chosen chr at iteration 3



Chosen seed at iteration 4: 2
Chosen chr at iteration 4


Iteration 1
1	deque([(('233_29', 'h'), ('282_10', 't')), (('282_10', 'h'), ('231_9', 't')), (('231_9', 'h'), ('222_9', 'h')), (('209_25', 'h'), ('222_9', 't')), (('212_12', 'h'), ('209_25', 't')), (('306_4', 'h'), ('212_12', 't')), (('191_25', 'h'), ('306_4', 't')), (('252_16', 'h'), ('191_25', 't')), (('241_6', 'h'), ('252_16', 't')), (('241_6', 't'), ('113_0', 't')), (('214_1', 'h'), ('113_0', 'h')), (('233_29', 't'), ('214_1', 't'))])
1	deque([(('120_11', 'h'), ('120_11', 't'))])

Chosen seed at iteration 1: 1
Chosen chr at iteration 1



Chosen seed at iteration 2: 2
Chosen chr at iteration 2


Iteration 3
3	deque([(('120_32', 'h'), ('120_32', 't'))])
3	deque([(('233_3', 't'), ('214_3', 't')), (('233_3', 'h'), ('282_16', 't')), (('282_16', 'h'), ('231_4', 't')), (('231_4', 'h'), ('222_18', 'h')), (('209_21', 'h'), ('222_18', 't')), (('212_12', 'h'), ('209_21', 't')), (('306_0', 'h'), ('212_12', 't')), (('191_16', 'h'), ('306_0', 't')), (('252_6', 'h'), ('191_16', 't')), (('241_6', 'h'), ('252_6', 't')), (('241_6', 't'), ('113_1', 't')), (('214_3', 'h'), ('113_1', 'h'))])

Chosen seed at iteration 3: 1
Chosen chr at iteration 3



Chosen seed at iteration 4: 2
Chosen chr at iteration 4


Iteration 1
1	deque([(('241_10', 'h'), ('252_16', 't')), (('241_10', 't'), ('113_0', 't')), (('214_1', 'h'), ('113_0', 'h')), (('233_21', 't'), ('214_1', 't')), (('233_21', 'h'), ('282_1', 't')), (('282_1', 'h'), ('231_5', 't')), (('231_5', 'h'), ('222_17', 'h')), (('209_8', 'h'), ('222_17', 't')), (('212_9', 'h'), ('209_8', 't')), (('306_7', 'h'), ('212_9', 't')), (('191_25', 'h'), ('306_7', 't')), (('252_16', 'h'), ('191_25', 't'))])
1	deque([(('120_7', 'h'), ('120_7', 't'))])

Chosen seed at iteration 1: 1
Chosen chr at iteration 1



Chosen seed at iteration 2: 2
Chosen chr at iteration 2


Iteration 3
3	deque([(('282_2', 'h'), ('231_3', 't')), (('233_1', 'h'), ('282_2', 't')), (('233_1', 't'), ('214_1', 't')), (('214_1', 'h'), ('113_0', 'h')), (('241_22', 't'), ('113_0', 't')), (('241_22', 'h'), ('252_17', 't')), (('252_17', 'h'), ('191_19', 't')), (('191_19', 'h'), ('302_2', 't')), (('302_2', 'h'), ('212_17', 't')), (('212_17', 'h'), ('209_24', 't')), (('209_24', 'h'), ('222_17', 't')), (('231_3', 'h'), ('222_17', 'h'))])
3	deque([(('120_34', 'h'), ('120_34', 't'))])

Chosen seed at iteration 3: 1
Chosen chr at iteration 3



Chosen seed at iteration 4: 2
Chosen chr at iteration 4


Iteration 1
1	deque([(('250_15', 'h'), ('48_0', 't')), (('48_0', 'h'), ('241_12', 't')), (('241_12', 'h'), ('252_21', 't')), (('252_21', 'h'), ('191_33', 't')), (('191_33', 'h'), ('302_11', 't')), (('302_11', 'h'), ('212_9', 't')), (('212_9', 'h'), ('209_8', 't')), (('209_8', 'h'), ('194_7', 't')), (('282_9', 'h'), ('194_7', 'h')), (('233_21', 'h'), ('282_9', 't')), (('277_29', 't'), ('233_21', 't')), (('277_29', 'h'), ('246_6', 't')), (('246_6', 'h'), ('250_15', 't'))])
1	deque([(('120_3', 'h'), ('120_3', 't'))])

Chosen seed at iteration 1: 1
Chosen chr at iteration 1



Chosen seed at iteration 2: 2
Chosen chr at iteration 2


Iteration 3
3	deque([(('252_22', 'h'), ('191_29', 't')), (('191_29', 'h'), ('302_11', 't')), (('302_11', 'h'), ('212_20', 't')), (('212_20', 'h'), ('209_25', 't')), (('209_25', 'h'), ('194_7', 't')), (('282_10', 'h'), ('194_7', 'h')), (('233_31', 'h'), ('282_10', 't')), (('277_4', 't'), ('233_31', 't')), (('277_4', 'h'), ('246_16', 't')), (('246_16', 'h'), ('250_11', 't')), (('250_11', 'h'), ('48_0', 't')), (('48_0', 'h'), ('241_3', 't')), (('241_3', 'h'), ('252_22', 't'))])
3	deque([(('120_2', 'h'), ('120_2', 't'))])

Chosen seed at iteration 3: 1
Chosen chr at iteration 3



Chosen seed at iteration 4: 2
Chosen chr at iteration 4


Iteration 1
1	deque([(('120_3', 'h'), ('120_3', 't'))])

Chosen seed at iteration 1: 1
Chosen chr at iteration 1


Iteration 2
2	deque([(('120_23', 'h'), ('120_23', 't'))])

Chosen seed at iteration 2: 1
Chosen chr at iteration 2


Iteration 3
3	deque([(('120_6', 'h'), ('120_6', 't'))])

Chosen seed at iteration 3: 1
Chosen chr at iteration 3


Iteration 4
4	deque([(('120_16', 'h'), ('120_16', 't'))])

Chosen seed at iteration 4: 1
Chosen chr at iteration 4


Iteration 1
1	deque([(('120_31', 'h'), ('120_31', 't'))])
1	deque([(('120_21', 'h'), ('120_21', 't'))])

Chosen seed at iteration 1: 1
Chosen chr at iteration 1



Chosen seed at iteration 2: 2
Chosen chr at iteration 2


Iteration 3
3	deque([(('120_28', 'h'), ('120_28', 't'))])

Chosen seed at iteration 3: 1
Chosen chr at iteration 3


Iteration 4
4	deque([(('120_23', 'h'), ('120_23', 't'))])
4	deque([(('120_8', 'h'), ('120_8', 't'))])

Chosen seed at iteration 4: 1
Chosen chr at iteration 4



Chosen seed at iteration 5: 2
Chosen chr at iteration 5


Iteration 1
1	deque([(('191_17', 'h'), ('302_0', 't')), (('252_15', 'h'), ('191_17', 't')), (('241_0', 'h'), ('252_15', 't')), (('63_0', 'h'), ('241_0', 't')), (('241_10', 't'), ('63_0', 't')), (('241_10', 'h'), ('252_15', 't'))])
1	deque([(('209_8', 'h'), ('194_0', 't')), (('212_9', 'h'), ('209_8', 't')), (('302_0', 'h'), ('212_9', 't'))])
1	deque([(('277_19', 'h'), ('223_3', 'h')), (('277_19', 't'), ('233_5', 't')), (('233_5', 'h'), ('282_17', 't')), (('282_17', 'h'), ('194_0', 'h'))])
1	deque([(('120_20', 'h'), ('120_20', 't'))])
1	deque([(('277_19', 'h'), ('223_8', 'h'))])
1	deque([(('110_0', 'h'), ('223_8', 't'))])
1	deque([(('223_3', 't'), ('110_0', 't'))])

Chosen seed at iteration 1: 1
Chosen chr at iteration 1



Chosen seed at iteration 2: 2
Chosen chr at iteration 2



Chosen seed at iteration 3: 3
Chosen chr at iteration 3



Chosen seed at iteration 4: 4
Chosen chr at iteration 4



Chosen seed at iteration 5: 5
Chosen chr at iteration 5



Chosen seed at iteration 6: 6
Chosen chr at iteration 6



Chosen seed at iteration 7: 7
Chosen chr at iteration 7


Iteration 1
1	deque([(('241_13', 't'), ('63_1', 't'))])
1	deque([(('120_24', 'h'), ('120_24', 't'))])

Chosen seed at iteration 1: 1
Chosen chr at iteration 1



Chosen seed at iteration 2: 2
Chosen chr at iteration 2


Iteration 3
3	deque([(('120_7', 'h'), ('120_7', 't'))])

Chosen seed at iteration 3: 1
Chosen chr at iteration 3


Iteration 4
4	deque([(('120_6', 'h'), ('120_6', 't'))])

Chosen seed at iteration 4: 1
Chosen chr at iteration 4


Iteration 1
1	deque([(('120_18', 'h'), ('120_18', 't'))])

Chosen seed at iteration 1: 1
Chosen chr at iteration 1


Iteration 2
2	deque([(('120_7', 'h'), ('120_7', 't'))])

Chosen seed at iteration 2: 1
Chosen chr at iteration 2


Iteration 3
3	deque([(('120_24', 'h'), ('120_24', 't'))])

Chosen seed at iteration 3: 1
Chosen chr at iteration 3


Iteration 4
4	deque([(('266_9', 'h'), ('208_3', 't'))])
4	deque([(('241_17', 't'), ('63_1', 't'))])
4	deque([(('63_1', 'h'), ('241_17', 't'))])
4	deque([(('120_23', 'h'), ('120_23', 't'))])

Chosen seed at iteration 4: 1
Chosen chr at iteration 4



Chosen seed at iteration 5: 2
Chosen chr at iteration 5



Chosen seed at iteration 6: 3
Chosen chr at iteration 6



Chosen seed at iteration 7: 4
Chosen chr at iteration 7


Iteration 1
1	deque([(('120_31', 'h'), ('120_31', 't'))])

Chosen seed at iteration 1: 1
Chosen chr at iteration 1


Iteration 2
2	deque([(('120_10', 'h'), ('120_10', 't'))])

Chosen seed at iteration 2: 1
Chosen chr at iteration 2


Iteration 3
3	deque([(('120_29', 'h'), ('120_29', 't'))])

Chosen seed at iteration 3: 1
Chosen chr at iteration 3


Iteration 4
4	deque([(('120_11', 'h'), ('120_11', 't'))])
4	deque([(('120_21', 'h'), ('120_21', 't'))])

Chosen seed at iteration 4: 1
Chosen chr at iteration 4



Chosen seed at iteration 5: 2
Chosen chr at iteration 5


Iteration 1
1	deque([(('120_25', 'h'), ('120_25', 't'))])

Chosen seed at iteration 1: 1
Chosen chr at iteration 1


Iteration 2
2	deque([(('120_11', 'h'), ('120_11', 't'))])

Chosen seed at iteration 2: 1
Chosen chr at iteration 2


Iteration 3
3	deque([(('120_18', 'h'), ('120_18', 't'))])

Chosen seed at iteration 3: 1
Chosen chr at iteration 3


Iteration 4
4	deque([(('120_3', 'h'), ('120_3', 't'))])
4	deque([(('120_7', 'h'), ('120_7', 't'))])

Chosen seed at iteration 4: 1
Chosen chr at iteration 4



Chosen seed at iteration 5: 2
Chosen chr at iteration 5


Iteration 1
1	deque([(('120_25', 'h'), ('120_25', 't'))])

Chosen seed at iteration 1: 1
Chosen chr at iteration 1


Iteration 2
2	deque([(('120_3', 'h'), ('120_3', 't'))])

Chosen seed at iteration 2: 1
Chosen chr at iteration 2


Iteration 3
3	deque([(('241_26', 't'), ('61_1', 't'))])
3	deque([(('130_1', 'h'), ('297_1', 't'))])
3	deque([(('61_1', 'h'), ('130_2', 't'))])
3	deque([(('252_4', 'h'), ('191_22', 't'))])
3	deque([(('264_3', 't'), ('130_1', 't'))])
3	deque([(('120_11', 'h'), ('120_11', 't'))])
3	deque([(('252_34', 'h'), ('191_27', 't'))])

Chosen seed at iteration 3: 1
Chosen chr at iteration 3



Chosen seed at iteration 4: 2
Chosen chr at iteration 4



Chosen seed at iteration 5: 3
Chosen chr at iteration 5



Chosen seed at iteration 6: 4
Chosen chr at iteration 6



Chosen seed at iteration 7: 5
Chosen chr at iteration 7



Chosen seed at iteration 8: 6
Chosen chr at iteration 8



Chosen seed at iteration 9: 7
Chosen chr at iteration 9


Iteration 1
1	deque([(('120_18', 'h'), ('120_18', 't'))])
1	deque([(('120_3', 'h'), ('120_3', 't'))])

Chosen seed at iteration 1: 1
Chosen chr at iteration 1



Chosen seed at iteration 2: 2
Chosen chr at iteration 2


Iteration 3
3	deque([(('120_29', 'h'), ('120_29', 't'))])

Chosen seed at iteration 3: 1
Chosen chr at iteration 3


Iteration 4
4	deque([(('120_25', 'h'), ('120_25', 't'))])
4	deque([(('120_31', 'h'), ('120_31', 't'))])

Chosen seed at iteration 4: 1
Chosen chr at iteration 4



Chosen seed at iteration 5: 2
Chosen chr at iteration 5


Iteration 1
1	deque([(('120_24', 'h'), ('120_24', 't'))])

Chosen seed at iteration 1: 1
Chosen chr at iteration 1


Iteration 2
2	deque([(('120_29', 'h'), ('120_29', 't'))])
2	deque([(('120_3', 'h'), ('120_3', 't'))])

Chosen seed at iteration 2: 1
Chosen chr at iteration 2



Chosen seed at iteration 3: 2
Chosen chr at iteration 3


Iteration 4
4	deque([(('120_28', 'h'), ('120_28', 't'))])

Chosen seed at iteration 4: 1
Chosen chr at iteration 4


Iteration 1
1	deque([(('120_24', 'h'), ('120_24', 't'))])

Chosen seed at iteration 1: 1
Chosen chr at iteration 1


Iteration 2
2	deque([(('120_3', 'h'), ('120_3', 't'))])

Chosen seed at iteration 2: 1
Chosen chr at iteration 2


Iteration 3
3	deque([(('120_18', 'h'), ('120_18', 't'))])

Chosen seed at iteration 3: 1
Chosen chr at iteration 3


Iteration 4
4	deque([(('120_25', 'h'), ('120_25', 't'))])

Chosen seed at iteration 4: 1
Chosen chr at iteration 4


Iteration 1
1	deque([(('120_24', 'h'), ('120_24', 't'))])

Chosen seed at iteration 1: 1
Chosen chr at iteration 1


Iteration 2
2	deque([(('120_14', 'h'), ('120_14', 't'))])

Chosen seed at iteration 2: 1
Chosen chr at iteration 2


Iteration 3
3	deque([(('120_10', 'h'), ('120_10', 't'))])

Chosen seed at iteration 3: 1
Chosen chr at iteration 3


Iteration 4
4	deque([(('120_18', 'h'), ('120_18', 't'))])

Chosen seed at iteration 4: 1
Chosen chr at iteration 4


Iteration 1
1	deque([(('120_10', 'h'), ('120_10', 't'))])

Chosen seed at iteration 1: 1
Chosen chr at iteration 1


Iteration 2
2	deque([(('120_24', 'h'), ('120_24', 't'))])
2	deque([(('120_29', 'h'), ('120_29', 't'))])

Chosen seed at iteration 2: 1
Chosen chr at iteration 2



Chosen seed at iteration 3: 2
Chosen chr at iteration 3


Iteration 4
4	deque([(('120_14', 'h'), ('120_14', 't'))])

Chosen seed at iteration 4: 1
Chosen chr at iteration 4


Iteration 1
1	deque([(('120_10', 'h'), ('120_10', 't'))])

Chosen seed at iteration 1: 1
Chosen chr at iteration 1


Iteration 2
2	deque([(('120_3', 'h'), ('120_3', 't'))])

Chosen seed at iteration 2: 1
Chosen chr at iteration 2


Iteration 3
3	deque([(('120_24', 'h'), ('120_24', 't'))])
3	deque([(('120_29', 'h'), ('120_29', 't'))])

Chosen seed at iteration 3: 1
Chosen chr at iteration 3



Chosen seed at iteration 4: 2
Chosen chr at iteration 4


Iteration 1
1	deque([(('120_24', 'h'), ('120_24', 't'))])
1	deque([(('120_10', 'h'), ('120_10', 't'))])

Chosen seed at iteration 1: 1
Chosen chr at iteration 1



Chosen seed at iteration 2: 2
Chosen chr at iteration 2


Iteration 3
3	deque([(('120_3', 'h'), ('120_3', 't'))])
3	deque([(('252_19', 'h'), ('191_33', 't'))])

Chosen seed at iteration 3: 1
Chosen chr at iteration 3



Chosen seed at iteration 4: 2
Chosen chr at iteration 4


Iteration 1
1	deque([(('120_10', 'h'), ('120_10', 't'))])

Chosen seed at iteration 1: 1
Chosen chr at iteration 1


Iteration 2
2	deque([(('120_24', 'h'), ('120_24', 't'))])

Chosen seed at iteration 2: 1
Chosen chr at iteration 2


Iteration 3
Iteration 1
1	deque([(('120_24', 'h'), ('120_24', 't'))])

Chosen seed at iteration 1: 1
Chosen chr at iteration 1


Iteration 2
2	deque([(('120_10', 'h'), ('120_10', 't'))])

Chosen seed at iteration 2: 1
Chosen chr at iteration 2


Iteration 3
Iteration 1
1	deque([(('120_10', 'h'), ('120_10', 't'))])
1	deque([(('252_16', 'h'), ('191_20', 't'))])

Chosen seed at iteration 1: 1
Chosen chr at iteration 1



Chosen seed at iteration 2: 2
Chosen chr at iteration 2


Iteration 3
3	deque([(('252_15', 'h'), ('191_33', 't'))])
3	deque([(('120_24', 'h'), ('120_24', 't'))])

Chosen seed at iteration 3: 1
Chosen chr at iteration 3



Chosen seed at iteration 4: 2
Chosen chr at iteration 4


Iteration 1
1	deque([(('120_10', 'h'), ('120_10', 't'))])
1	deque([(('252_10', 'h'), ('191_20', 't'))])

Chosen seed at iteration 1: 1
Chosen chr at iteration 1



Chosen seed at iteration 2: 2
Chosen chr at iteration 2


Iteration 3
Iteration 1
1	deque([(('120_10', 'h'), ('120_10', 't'))])

Chosen seed at iteration 1: 1
Chosen chr at iteration 1


Iteration 2
Iteration 1
1	deque([(('120_10', 'h'), ('120_10', 't'))])
1	deque([(('252_10', 'h'), ('191_3', 't'))])

Chosen seed at iteration 1: 1
Chosen chr at iteration 1



Chosen seed at iteration 2: 2
Chosen chr at iteration 2


Iteration 3
Iteration 1
1	deque([(('120_10', 'h'), ('120_10', 't'))])

Chosen seed at iteration 1: 1
Chosen chr at iteration 1


Iteration 2
Iteration 1
1	deque([(('120_10', 'h'), ('120_10', 't'))])

Chosen seed at iteration 1: 1
Chosen chr at iteration 1


Iteration 2
Iteration 1
1	deque([(('120_10', 'h'), ('120_10', 't'))])

Chosen seed at iteration 1: 1
Chosen chr at iteration 1


Iteration 2
Iteration 1
1	deque([(('120_10', 'h'), ('120_10', 't'))])

Chosen seed at iteration 1: 1
Chosen chr at iteration 1


Iteration 2
Iteration 1
1	deque([(('120_10', 'h'), ('120_10', 't'))])

Chosen seed at iteration 1: 1
Chosen chr at iteration 1


Iteration 2
Iteration 1
1	deque([(('120_10', 'h'), ('120_10', 't'))])

Chosen seed at iteration 1: 1
Chosen chr at iteration 1


Iteration 2
Iteration 1
1	deque([(('120_10', 'h'), ('120_10', 't'))])

Chosen seed at iteration 1: 1
Chosen chr at iteration 1


Iteration 2
Iteration 1
1	deque([(('120_10', 'h'), ('120_10', 't'))])

Chosen seed at iteration 1: 1
Chosen chr at iteration 1


Iteration 2
Iteration 1
1	deque([(('120_10', 'h'), ('120_10', 't'))])

Chosen seed at iteration 1: 1
Chosen chr at iteration 1


Iteration 2
Iteration 1
1	deque([(('120_10', 'h'), ('120_10', 't'))])

Chosen seed at iteration 1: 1
Chosen chr at iteration 1


Iteration 2
Iteration 1
1	deque([(('120_10', 'h'), ('120_10', 't'))])

Chosen seed at iteration 1: 1
Chosen chr at iteration 1


Iteration 2
Iteration 1
1	deque([(('120_10', 'h'), ('120_10', 't'))])

Chosen seed at iteration 1: 1
Chosen chr at iteration 1


Iteration 2
Iteration 1
1	deque([(('120_10', 'h'), ('120_10', 't'))])

Chosen seed at iteration 1: 1
Chosen chr at iteration 1


Iteration 2
Iteration 1
1	deque([(('120_10', 'h'), ('120_10', 't'))])

Chosen seed at iteration 1: 1
Chosen chr at iteration 1


Iteration 2
Iteration 1
1	deque([(('120_10', 'h'), ('120_10', 't'))])

Chosen seed at iteration 1: 1
Chosen chr at iteration 1


Iteration 2
Iteration 1
1	deque([(('120_10', 'h'), ('120_10', 't'))])

Chosen seed at iteration 1: 1
Chosen chr at iteration 1


Iteration 2
Iteration 1
1	deque([(('120_10', 'h'), ('120_10', 't'))])

Chosen seed at iteration 1: 1
Chosen chr at iteration 1


Iteration 2
Iteration 1
1	deque([(('120_10', 'h'), ('120_10', 't'))])

Chosen seed at iteration 1: 1
Chosen chr at iteration 1


Iteration 2
Iteration 1
1	deque([(('120_10', 'h'), ('120_10', 't'))])

Chosen seed at iteration 1: 1
Chosen chr at iteration 1


Iteration 2
Iteration 1
1	deque([(('120_10', 'h'), ('120_10', 't'))])

Chosen seed at iteration 1: 1
Chosen chr at iteration 1


Iteration 2
Iteration 1
1	deque([(('120_10', 'h'), ('120_10', 't'))])

Chosen seed at iteration 1: 1
Chosen chr at iteration 1


Iteration 2
Iteration 1
1	deque([(('120_10', 'h'), ('120_10', 't'))])

Chosen seed at iteration 1: 1
Chosen chr at iteration 1


Iteration 2
Iteration 1
1	deque([(('120_10', 'h'), ('120_10', 't'))])

Chosen seed at iteration 1: 1
Chosen chr at iteration 1


Iteration 2
Iteration 1
1	deque([(('120_10', 'h'), ('120_10', 't'))])

Chosen seed at iteration 1: 1
Chosen chr at iteration 1


Iteration 2
Iteration 1
1	deque([(('120_10', 'h'), ('120_10', 't'))])

Chosen seed at iteration 1: 1
Chosen chr at iteration 1


Iteration 2
Iteration 1
1	deque([(('120_10', 'h'), ('120_10', 't'))])

Chosen seed at iteration 1: 1
Chosen chr at iteration 1


Iteration 2
Iteration 1
1	deque([(('120_10', 'h'), ('120_10', 't'))])

Chosen seed at iteration 1: 1
Chosen chr at iteration 1


Iteration 2
Iteration 1
1	deque([(('120_10', 'h'), ('120_10', 't'))])

Chosen seed at iteration 1: 1
Chosen chr at iteration 1


Iteration 2
Iteration 1
1	deque([(('120_10', 'h'), ('120_10', 't'))])

Chosen seed at iteration 1: 1
Chosen chr at iteration 1


Iteration 2
Iteration 1
1	deque([(('120_10', 'h'), ('120_10', 't'))])

Chosen seed at iteration 1: 1
Chosen chr at iteration 1


Iteration 2
Iteration 1
1	deque([(('120_10', 'h'), ('120_10', 't'))])

Chosen seed at iteration 1: 1
Chosen chr at iteration 1


Iteration 2
Iteration 1
1	deque([(('120_10', 'h'), ('120_10', 't'))])

Chosen seed at iteration 1: 1
Chosen chr at iteration 1


Iteration 2
Iteration 1
1	deque([(('120_10', 'h'), ('120_10', 't'))])

Chosen seed at iteration 1: 1
Chosen chr at iteration 1


Iteration 2
Iteration 1
1	deque([(('120_10', 'h'), ('120_10', 't'))])

Chosen seed at iteration 1: 1
Chosen chr at iteration 1


Iteration 2
Iteration 1
1	deque([(('120_10', 'h'), ('120_10', 't'))])

Chosen seed at iteration 1: 1
Chosen chr at iteration 1


Iteration 2
Iteration 1
1	deque([(('120_10', 'h'), ('120_10', 't'))])

Chosen seed at iteration 1: 1
Chosen chr at iteration 1


Iteration 2
Iteration 1
1	deque([(('120_10', 'h'), ('120_10', 't'))])

Chosen seed at iteration 1: 1
Chosen chr at iteration 1


Iteration 2
Iteration 1
1	deque([(('120_10', 'h'), ('120_10', 't'))])

Chosen seed at iteration 1: 1
Chosen chr at iteration 1


Iteration 2
Iteration 1
1	deque([(('120_10', 'h'), ('120_10', 't'))])

Chosen seed at iteration 1: 1
Chosen chr at iteration 1


Iteration 2
Iteration 1
1	deque([(('120_10', 'h'), ('120_10', 't'))])

Chosen seed at iteration 1: 1
Chosen chr at iteration 1


Iteration 2
Iteration 1
1	deque([(('120_10', 'h'), ('120_10', 't'))])

Chosen seed at iteration 1: 1
Chosen chr at iteration 1


Iteration 2
Iteration 1
1	deque([(('120_10', 'h'), ('120_10', 't'))])

Chosen seed at iteration 1: 1
Chosen chr at iteration 1


Iteration 2
Iteration 1
Iteration 1
Iteration 1
Iteration 1
Iteration 1
Iteration 1
Iteration 1
Iteration 1
Iteration 1
Iteration 1
Iteration 1
Iteration 1
Iteration 1
