Iteration 1
1	deque([(('53', 'h'), ('49', 't')), (('49', 'h'), ('53', 't'))])
1	deque([(('165', 'h'), ('165', 't')), (('165', 'h'), ('165', 't'))])

Chosen seed at iteration 1: 1
Chosen chr at iteration 1
Iteration 2
2	deque([(('91', 't'), ('62', 't')), (('62', 'h'), ('86', 't')), (('86', 'h'), ('71', 'h')), (('71', 't'), ('106', 't')), (('106', 'h'), ('65', 't')), (('65', 'h'), ('19', 'h')), (('19', 't'), ('211', 't')), (('211', 'h'), ('107', 't')), (('107', 'h'), ('129', 't')), (('129', 'h'), ('91', 'h'))])
2	deque([(('165', 'h'), ('165', 't')), (('165', 'h'), ('165', 't'))])

Chosen seed at iteration 2: 2
Chosen chr at iteration 2
Iteration 3
Iteration 1
1	deque([(('194', 'h'), ('155', 't')), (('155', 'h'), ('216', 't')), (('216', 'h'), ('143', 't')), (('143', 'h'), ('150', 't')), (('150', 'h'), ('145', 't')), (('145', 'h'), ('151', 't')), (('151', 'h'), ('187', 'h')), (('187', 't'), ('168', 'h')), (('168', 't'), ('41', 'h')), (('41', 't'), ('194', 't'))])
1	deque([(('86', 'h'), ('59', 't')), (('59', 'h'), ('91', 'h')), (('91', 't'), ('156', 't')), (('156', 'h'), ('101', 't')), (('101', 'h'), ('86', 't'))])
1	deque([(('16', 'h'), ('16', 't')), (('16', 'h'), ('16', 't'))])
1	deque([(('165', 'h'), ('165', 't')), (('165', 'h'), ('165', 't'))])

Chosen seed at iteration 1: 4
Chosen chr at iteration 1
Iteration 2
2	deque([(('194', 'h'), ('155', 't')), (('155', 'h'), ('216', 't')), (('216', 'h'), ('143', 't')), (('143', 'h'), ('150', 't')), (('150', 'h'), ('145', 't')), (('145', 'h'), ('151', 't')), (('151', 'h'), ('187', 'h')), (('187', 't'), ('168', 'h')), (('168', 't'), ('41', 'h')), (('41', 't'), ('194', 't'))])
2	deque([(('53', 'h'), ('49', 't')), (('49', 'h'), ('53', 't'))])
2	deque([(('86', 'h'), ('59', 't')), (('59', 'h'), ('91', 'h')), (('91', 't'), ('156', 't')), (('156', 'h'), ('101', 't')), (('101', 'h'), ('86', 't'))])
2	deque([(('16', 'h'), ('16', 't')), (('16', 'h'), ('16', 't'))])

Chosen seed at iteration 2: 1
Chosen chr at iteration 2
Iteration 3
3	deque([(('194', 'h'), ('155', 't')), (('155', 'h'), ('218', 'h')), (('218', 't'), ('143', 't')), (('143', 'h'), ('150', 't')), (('150', 'h'), ('145', 't')), (('145', 'h'), ('151', 't')), (('151', 'h'), ('187', 'h')), (('187', 't'), ('168', 'h')), (('168', 't'), ('41', 'h')), (('41', 't'), ('194', 't'))])
3	deque([(('86', 'h'), ('59', 't')), (('59', 'h'), ('91', 'h')), (('91', 't'), ('156', 't')), (('156', 'h'), ('101', 't')), (('101', 'h'), ('86', 't'))])
3	deque([(('16', 'h'), ('16', 't')), (('16', 'h'), ('16', 't'))])
3	deque([(('49', 'h'), ('53', 't')), (('53', 'h'), ('49', 't'))])

Chosen seed at iteration 3: 1
Chosen chr at iteration 3
Iteration 4
4	deque([(('156', 'h'), ('101', 't')), (('101', 'h'), ('86', 't')), (('86', 'h'), ('59', 't')), (('59', 'h'), ('91', 'h')), (('91', 't'), ('156', 't'))])
4	deque([(('49', 'h'), ('53', 't')), (('53', 'h'), ('49', 't'))])
4	deque([(('16', 'h'), ('16', 't')), (('16', 'h'), ('16', 't'))])

Chosen seed at iteration 4: 1
Chosen chr at iteration 4
Iteration 5
5	deque([(('53', 'h'), ('49', 't')), (('49', 'h'), ('53', 't'))])
5	deque([(('16', 'h'), ('16', 't')), (('16', 'h'), ('16', 't'))])

Chosen seed at iteration 5: 1
Chosen chr at iteration 5
Iteration 6
6	deque([(('16', 'h'), ('16', 't')), (('16', 'h'), ('16', 't'))])
6	deque([(('210', 'h'), ('72', 'h')), (('72', 't'), ('109', 't')), (('109', 'h'), ('31', 't')), (('31', 'h'), ('112', 'h')), (('112', 't'), ('79', 'h')), (('79', 't'), ('210', 't'))])

Chosen seed at iteration 6: 2
Chosen chr at iteration 6
Iteration 7
7	deque([(('16', 'h'), ('16', 't')), (('16', 'h'), ('16', 't'))])

Chosen seed at iteration 7: 1
Chosen chr at iteration 7
Iteration 8
Iteration 1
