
Gurobi 7.5.2 (linux64) logging started Thu Mar 28 22:27:40 2019

Changed value of parameter LogFile to /home/aniket/python_scripts/Plasmids-Optimization/exp/2019-03-22__modified_iterative_MILP/output/sample_56/1.10.1/nplasmids_1/MILP/m.log
   Prev: gurobi.log  Default: 
Changed value of parameter TimeLimit to 2400.0
   Prev: 1e+100  Min: 0.0  Max: 1e+100  Default: 1e+100
Optimize a model with 8912 rows, 2592 columns and 69006 nonzeros
Variable types: 682 continuous, 1910 integer (1002 binary)
Coefficient statistics:
  Matrix range     [1e-01, 1e+06]
  Objective range  [8e-04, 1e+06]
  Bounds range     [1e+00, 1e+00]
  RHS range        [5e-01, 1e+06]
Presolve removed 7044 rows and 1517 columns
Presolve time: 0.07s
Presolved: 1868 rows, 1075 columns, 6272 nonzeros
Variable types: 216 continuous, 859 integer (644 binary)
Found heuristic solution: objective -1417719.679

Root relaxation: objective -4.659124e+06, 1183 iterations, 0.03 seconds

    Nodes    |    Current Node    |     Objective Bounds      |     Work
 Expl Unexpl |  Obj  Depth IntInf | Incumbent    BestBd   Gap | It/Node Time

     0     0 -4659124.1    0   55 -1417719.7 -4659124.1   229%     -    0s
H    0     0                    -1526981.289 -4659124.1   205%     -    0s
     0     0 -4488349.9    0   69 -1526981.3 -4488349.9   194%     -    0s
     0     0 -4474023.4    0   72 -1526981.3 -4474023.4   193%     -    0s
     0     0 -4473865.7    0   73 -1526981.3 -4473865.7   193%     -    0s
     0     0 -4412167.7    0   81 -1526981.3 -4412167.7   189%     -    0s
H    0     0                    -4002068.961 -4412167.7  10.2%     -    0s
     0     0 -4314795.4    0   86 -4002069.0 -4314795.4  7.81%     -    0s
     0     0 -4307776.1    0   85 -4002069.0 -4307776.1  7.64%     -    0s
     0     0 -4302841.7    0   61 -4002069.0 -4302841.7  7.52%     -    0s
     0     0 -4300513.1    0   90 -4002069.0 -4300513.1  7.46%     -    0s
     0     0 -4239073.6    0   45 -4002069.0 -4239073.6  5.92%     -    0s
     0     0 -4131739.6    0   62 -4002069.0 -4131739.6  3.24%     -    0s
     0     0 -4088511.1    0   31 -4002069.0 -4088511.1  2.16%     -    0s
     0     0 -4078121.4    0   31 -4002069.0 -4078121.4  1.90%     -    0s
     0     0 -4071538.5    0   28 -4002069.0 -4071538.5  1.74%     -    0s
     0     0 -4037655.6    0   33 -4002069.0 -4037655.6  0.89%     -    0s
H    0     0                    -4002073.537 -4037655.6  0.89%     -    0s
*    0     0               0    -4029512.407 -4029512.4  0.00%     -    0s

Explored 1 nodes (2229 simplex iterations) in 0.25 seconds
Thread count was 4 (of 4 available processors)

Solution count 5: -4.02951e+06 -4.00207e+06 -4.00207e+06 ... -1.41772e+06
No other solutions better than -4.02951e+06

Optimal solution found (tolerance 1.00e-04)
Best objective -4.029512407178e+06, best bound -4.029512407178e+06, gap 0.0000%
Optimize a model with 8913 rows, 2592 columns and 69008 nonzeros
Variable types: 682 continuous, 1910 integer (1002 binary)
Coefficient statistics:
  Matrix range     [1e-01, 1e+06]
  Objective range  [8e-04, 1e+06]
  Bounds range     [1e+00, 1e+00]
  RHS range        [5e-01, 1e+06]

MIP start did not produce a new incumbent solution
MIP start violates constraint circular by 1.000000000

Presolve removed 7046 rows and 1517 columns
Presolve time: 0.06s
Presolved: 1867 rows, 1075 columns, 6266 nonzeros
Variable types: 216 continuous, 859 integer (644 binary)
Found heuristic solution: objective -1417719.679

Root relaxation: objective -4.654869e+06, 1121 iterations, 0.02 seconds

    Nodes    |    Current Node    |     Objective Bounds      |     Work
 Expl Unexpl |  Obj  Depth IntInf | Incumbent    BestBd   Gap | It/Node Time

     0     0 -4654868.8    0   57 -1417719.7 -4654868.8   228%     -    0s
     0     0 -4413847.5    0   67 -1417719.7 -4413847.5   211%     -    0s
H    0     0                    -2748880.433 -4413847.5  60.6%     -    0s
     0     0 -4398049.3    0   63 -2748880.4 -4398049.3  60.0%     -    0s
     0     0 -4398049.3    0   63 -2748880.4 -4398049.3  60.0%     -    0s
     0     0 -4239704.9    0   79 -2748880.4 -4239704.9  54.2%     -    0s
     0     0 -4227730.1    0  103 -2748880.4 -4227730.1  53.8%     -    0s
     0     0 -4218270.1    0  105 -2748880.4 -4218270.1  53.5%     -    0s
     0     0 -4214833.7    0  107 -2748880.4 -4214833.7  53.3%     -    0s
     0     0 -4214695.8    0  101 -2748880.4 -4214695.8  53.3%     -    0s
     0     0 -4214695.8    0  101 -2748880.4 -4214695.8  53.3%     -    0s
     0     0 -4161315.4    0   96 -2748880.4 -4161315.4  51.4%     -    0s
     0     0 -4118910.4    0   98 -2748880.4 -4118910.4  49.8%     -    0s
     0     0 -4115208.3    0   97 -2748880.4 -4115208.3  49.7%     -    0s
     0     0 -4113543.0    0  117 -2748880.4 -4113543.0  49.6%     -    0s
     0     0 -4113240.2    0  115 -2748880.4 -4113240.2  49.6%     -    0s
     0     0 -4111516.0    0  113 -2748880.4 -4111516.0  49.6%     -    0s
     0     0 -4111139.7    0  118 -2748880.4 -4111139.7  49.6%     -    0s
     0     0 -4111139.7    0  118 -2748880.4 -4111139.7  49.6%     -    0s
     0     0 -4068057.3    0  110 -2748880.4 -4068057.3  48.0%     -    0s
H    0     0                    -3787822.907 -4068057.3  7.40%     -    0s
     0     0 -4029793.2    0  115 -3787822.9 -4029793.2  6.39%     -    0s
     0     0 -3921346.0    0   54 -3787822.9 -3921346.0  3.53%     -    0s
     0     0 -3899270.0    0   42 -3787822.9 -3899270.0  2.94%     -    0s
     0     0 -3899270.0    0   42 -3787822.9 -3899270.0  2.94%     -    0s
     0     0 -3898054.2    0   11 -3787822.9 -3898054.2  2.91%     -    0s
H    0     0                    -3787827.484 -3898054.2  2.91%     -    0s
*    0     0               0    -3815269.901 -3815269.9  0.00%     -    0s

Explored 1 nodes (2281 simplex iterations) in 0.29 seconds
Thread count was 4 (of 4 available processors)

Solution count 5: -3.81527e+06 -3.78783e+06 -3.78782e+06 ... -1.41772e+06

Optimal solution found (tolerance 1.00e-04)
Best objective -3.815269901072e+06, best bound -3.815269901072e+06, gap 0.0000%
Optimize a model with 8914 rows, 2592 columns and 69009 nonzeros
Variable types: 682 continuous, 1910 integer (1002 binary)
Coefficient statistics:
  Matrix range     [1e-01, 1e+06]
  Objective range  [8e-04, 1e+06]
  Bounds range     [1e+00, 1e+00]
  RHS range        [5e-01, 1e+06]

MIP start did not produce a new incumbent solution
MIP start violates constraint circular by 1.000000000

Presolve removed 7051 rows and 1520 columns
Presolve time: 0.06s
Presolved: 1863 rows, 1072 columns, 6248 nonzeros
Variable types: 216 continuous, 856 integer (641 binary)
Found heuristic solution: objective -1417719.679

Root relaxation: objective -4.654869e+06, 1053 iterations, 0.02 seconds

    Nodes    |    Current Node    |     Objective Bounds      |     Work
 Expl Unexpl |  Obj  Depth IntInf | Incumbent    BestBd   Gap | It/Node Time

     0     0 -4654868.8    0   57 -1417719.7 -4654868.8   228%     -    0s
H    0     0                    -1526981.289 -4654868.8   205%     -    0s
     0     0 -4463715.0    0   66 -1526981.3 -4463715.0   192%     -    0s
     0     0 -4452765.8    0   68 -1526981.3 -4452765.8   192%     -    0s
     0     0 -4452764.5    0   70 -1526981.3 -4452764.5   192%     -    0s
     0     0 -4364807.4    0   74 -1526981.3 -4364807.4   186%     -    0s
H    0     0                    -3787826.455 -4364807.4  15.2%     -    0s
     0     0 -4336277.0    0   94 -3787826.5 -4336277.0  14.5%     -    0s
     0     0 -4262932.2    0   73 -3787826.5 -4262932.2  12.5%     -    0s
     0     0 -4214572.4    0   95 -3787826.5 -4214572.4  11.3%     -    0s
     0     0 -4117943.3    0   80 -3787826.5 -4117943.3  8.72%     -    0s
     0     0 -4036262.1    0   55 -3787826.5 -4036262.1  6.56%     -    0s
     0     0 -3937690.8    0   19 -3787826.5 -3937690.8  3.96%     -    0s
*    0     0               0    -3815265.324 -3815265.3  0.00%     -    0s

Explored 1 nodes (2040 simplex iterations) in 0.22 seconds
Thread count was 4 (of 4 available processors)

Solution count 4: -3.81527e+06 -3.78783e+06 -1.52698e+06 -1.41772e+06 

Optimal solution found (tolerance 1.00e-04)
Best objective -3.815265324470e+06, best bound -3.815265324470e+06, gap 0.0000%

Gurobi 7.5.2 (linux64) logging started Thu Mar 28 22:27:41 2019

Changed value of parameter LogFile to /home/aniket/python_scripts/Plasmids-Optimization/exp/2019-03-22__modified_iterative_MILP/output/sample_56/1.10.1/nplasmids_1/MILP/m.log
   Prev: gurobi.log  Default: 
Changed value of parameter TimeLimit to 2400.0
   Prev: 1e+100  Min: 0.0  Max: 1e+100  Default: 1e+100
Optimize a model with 8379 rows, 2436 columns and 62159 nonzeros
Variable types: 643 continuous, 1793 integer (937 binary)
Coefficient statistics:
  Matrix range     [7e-02, 1e+06]
  Objective range  [8e-04, 1e+06]
  Bounds range     [1e+00, 1e+00]
  RHS range        [7e-02, 1e+06]
Presolve removed 6521 rows and 1367 columns
Presolve time: 0.06s
Presolved: 1858 rows, 1069 columns, 6240 nonzeros
Variable types: 215 continuous, 854 integer (640 binary)
Found heuristic solution: objective -1417719.679

Root relaxation: objective -2.620768e+06, 1140 iterations, 0.03 seconds

    Nodes    |    Current Node    |     Objective Bounds      |     Work
 Expl Unexpl |  Obj  Depth IntInf | Incumbent    BestBd   Gap | It/Node Time

     0     0 -2620768.4    0   68 -1417719.7 -2620768.4  84.9%     -    0s
H    0     0                    -1576919.781 -2620768.4  66.2%     -    0s
     0     0 -2406840.3    0   78 -1576919.8 -2406840.3  52.6%     -    0s
     0     0 -2396453.3    0   83 -1576919.8 -2396453.3  52.0%     -    0s
     0     0 -2280649.4    0  134 -1576919.8 -2280649.4  44.6%     -    0s
     0     0 -2261378.6    0  136 -1576919.8 -2261378.6  43.4%     -    0s
     0     0 -2206212.8    0  131 -1576919.8 -2206212.8  39.9%     -    0s
     0     0 -2201230.0    0  145 -1576919.8 -2201230.0  39.6%     -    0s
     0     0 -2199259.0    0  146 -1576919.8 -2199259.0  39.5%     -    0s
     0     0 -2199020.0    0  146 -1576919.8 -2199020.0  39.5%     -    0s
     0     0 -2199019.5    0  146 -1576919.8 -2199019.5  39.5%     -    0s
     0     0 -2179988.9    0   40 -1576919.8 -2179988.9  38.2%     -    0s
     0     0 -2179966.3    0   29 -1576919.8 -2179966.3  38.2%     -    0s
     0     0 -2178327.2    0  156 -1576919.8 -2178327.2  38.1%     -    0s
     0     0 -2178275.0    0  153 -1576919.8 -2178275.0  38.1%     -    0s
     0     0 -2177394.1    0   18 -1576919.8 -2177394.1  38.1%     -    0s
H    0     0                    -2097148.895 -2177394.1  3.83%     -    0s
H    0     0                    -2097153.009 -2177394.1  3.83%     -    0s
     0     0 -2154159.1    0   31 -2097153.0 -2154159.1  2.72%     -    0s
     0     0 -2145818.9    0   67 -2097153.0 -2145818.9  2.32%     -    0s
     0     0 -2145705.5    0   32 -2097153.0 -2145705.5  2.32%     -    0s
     0     0 -2136748.6    0   40 -2097153.0 -2136748.6  1.89%     -    0s
H    0     0                    -2097210.683 -2136748.6  1.89%     -    0s
*    0     0               0    -2129828.419 -2129828.4  0.00%     -    0s

Explored 1 nodes (2171 simplex iterations) in 0.31 seconds
Thread count was 4 (of 4 available processors)

Solution count 6: -2.12983e+06 -2.09721e+06 -2.09715e+06 ... -1.41772e+06

Optimal solution found (tolerance 1.00e-04)
Warning: max constraint violation (3.5360e-06) exceeds tolerance
Best objective -2.129828418778e+06, best bound -2.129828418778e+06, gap 0.0000%
Optimize a model with 8380 rows, 2436 columns and 62160 nonzeros
Variable types: 643 continuous, 1793 integer (937 binary)
Coefficient statistics:
  Matrix range     [7e-02, 1e+06]
  Objective range  [8e-04, 1e+06]
  Bounds range     [1e+00, 1e+00]
  RHS range        [7e-02, 1e+06]

MIP start did not produce a new incumbent solution
MIP start violates constraint circular by 1.000000000

Presolve removed 6526 rows and 1370 columns
Presolve time: 0.06s
Presolved: 1854 rows, 1066 columns, 6222 nonzeros
Variable types: 215 continuous, 851 integer (637 binary)
Found heuristic solution: objective -1417719.679

Root relaxation: objective -2.620768e+06, 1093 iterations, 0.03 seconds

    Nodes    |    Current Node    |     Objective Bounds      |     Work
 Expl Unexpl |  Obj  Depth IntInf | Incumbent    BestBd   Gap | It/Node Time

     0     0 -2620768.4    0   68 -1417719.7 -2620768.4  84.9%     -    0s
H    0     0                    -1460478.053 -2620768.4  79.4%     -    0s
     0     0 -2406836.1    0   75 -1460478.1 -2406836.1  64.8%     -    0s
H    0     0                    -1508619.129 -2406836.1  59.5%     -    0s
     0     0 -2396507.4    0   84 -1508619.1 -2396507.4  58.9%     -    0s
     0     0 -2281637.0    0  131 -1508619.1 -2281637.0  51.2%     -    0s
     0     0 -2262180.7    0  135 -1508619.1 -2262180.7  50.0%     -    0s
     0     0 -2203111.6    0  131 -1508619.1 -2203111.6  46.0%     -    0s
     0     0 -2199777.5    0  133 -1508619.1 -2199777.5  45.8%     -    0s
     0     0 -2198740.0    0  128 -1508619.1 -2198740.0  45.7%     -    0s
     0     0 -2198490.3    0  128 -1508619.1 -2198490.3  45.7%     -    0s
     0     0 -2191098.1    0  118 -1508619.1 -2191098.1  45.2%     -    0s
H    0     0                    -1635457.632 -2191098.1  34.0%     -    0s
     0     0 -2183980.1    0   59 -1635457.6 -2183980.1  33.5%     -    0s
     0     0 -2183947.5    0  111 -1635457.6 -2183947.5  33.5%     -    0s
     0     0 -2182330.3    0  150 -1635457.6 -2182330.3  33.4%     -    0s
     0     0 -2182291.9    0  155 -1635457.6 -2182291.9  33.4%     -    0s
     0     0 -2176886.1    0   24 -1635457.6 -2176886.1  33.1%     -    0s
H    0     0                    -2097237.348 -2176886.1  3.80%     -    0s
     0     0 -2163282.9    0   47 -2097237.3 -2163282.9  3.15%     -    0s
     0     0 -2136318.9    0   50 -2097237.3 -2136318.9  1.86%     -    0s
*    0     0               0    -2129823.842 -2129823.8  0.00%     -    0s

Cutting planes:
  Gomory: 4
  Cover: 88
  Implied bound: 7
  Clique: 17
  MIR: 17
  Flow cover: 44
  Zero half: 10

Explored 1 nodes (2082 simplex iterations) in 0.29 seconds
Thread count was 4 (of 4 available processors)

Solution count 6: -2.12982e+06 -2.09724e+06 -1.63546e+06 ... -1.41772e+06

Optimal solution found (tolerance 1.00e-04)
Best objective -2.129823842176e+06, best bound -2.129823842176e+06, gap 0.0000%
Optimize a model with 8381 rows, 2436 columns and 62170 nonzeros
Variable types: 643 continuous, 1793 integer (937 binary)
Coefficient statistics:
  Matrix range     [7e-02, 1e+06]
  Objective range  [8e-04, 1e+06]
  Bounds range     [1e+00, 1e+00]
  RHS range        [7e-02, 1e+06]

MIP start did not produce a new incumbent solution
MIP start violates constraint circular by 1.000000000

Presolve removed 6526 rows and 1370 columns
Presolve time: 0.06s
Presolved: 1855 rows, 1066 columns, 6233 nonzeros
Variable types: 215 continuous, 851 integer (637 binary)
Found heuristic solution: objective -1417719.679

Root relaxation: objective -2.620768e+06, 1102 iterations, 0.03 seconds

    Nodes    |    Current Node    |     Objective Bounds      |     Work
 Expl Unexpl |  Obj  Depth IntInf | Incumbent    BestBd   Gap | It/Node Time

     0     0 -2620768.4    0   68 -1417719.7 -2620768.4  84.9%     -    0s
     0     0 -2406798.9    0   75 -1417719.7 -2406798.9  69.8%     -    0s
H    0     0                    -1737135.806 -2406798.9  38.5%     -    0s
     0     0 -2394911.7    0   77 -1737135.8 -2394911.7  37.9%     -    0s
     0     0 -2272440.6    0  134 -1737135.8 -2272440.6  30.8%     -    0s
     0     0 -2253537.7    0  127 -1737135.8 -2253537.7  29.7%     -    0s
     0     0 -2197640.2    0  117 -1737135.8 -2197640.2  26.5%     -    0s
     0     0 -2193674.4    0  137 -1737135.8 -2193674.4  26.3%     -    0s
     0     0 -2192126.4    0  138 -1737135.8 -2192126.4  26.2%     -    0s
     0     0 -2191783.0    0  138 -1737135.8 -2191783.0  26.2%     -    0s
     0     0 -2179850.0    0   62 -1737135.8 -2179850.0  25.5%     -    0s
     0     0 -2177804.8    0   60 -1737135.8 -2177804.8  25.4%     -    0s
     0     0 -2177804.8    0   60 -1737135.8 -2177804.8  25.4%     -    0s
     0     0 -2177437.1    0   63 -1737135.8 -2177437.1  25.3%     -    0s
     0     0 -2177410.8    0   62 -1737135.8 -2177410.8  25.3%     -    0s
     0     0 -2176814.9    0   82 -1737135.8 -2176814.9  25.3%     -    0s
     0     0 -2176741.0    0   53 -1737135.8 -2176741.0  25.3%     -    0s
     0     0 -2170757.1    0   28 -1737135.8 -2170757.1  25.0%     -    0s
     0     0 -2165936.7    0   34 -1737135.8 -2165936.7  24.7%     -    0s
     0     0 -2160409.3    0   36 -1737135.8 -2160409.3  24.4%     -    0s
     0     0 -2160183.8    0   36 -1737135.8 -2160183.8  24.4%     -    0s
     0     0 -2137534.3    0   40 -1737135.8 -2137534.3  23.0%     -    0s
     0     0 -2131801.0    0  219 -1737135.8 -2131801.0  22.7%     -    0s
     0     0 -2129991.7    0   29 -1737135.8 -2129991.7  22.6%     -    0s
     0     0 -2129991.0    0   29 -1737135.8 -2129991.0  22.6%     -    0s
     0     0 -2129991.0    0   29 -1737135.8 -2129991.0  22.6%     -    0s
     0     0 -2129975.1    0   29 -1737135.8 -2129975.1  22.6%     -    0s
     0     0 -2129973.5    0   29 -1737135.8 -2129973.5  22.6%     -    0s
     0     0 -2129973.5    0   29 -1737135.8 -2129973.5  22.6%     -    0s
H    0     0                    -2129820.842 -2129973.5  0.01%     -    0s

Cutting planes:
  Gomory: 7
  Cover: 108
  Implied bound: 4
  Clique: 18
  MIR: 18
  Flow cover: 46
  Zero half: 13

Explored 1 nodes (2282 simplex iterations) in 0.44 seconds
Thread count was 4 (of 4 available processors)

Solution count 3: -2.12982e+06 -1.73714e+06 -1.41772e+06 

Optimal solution found (tolerance 1.00e-04)
Best objective -2.129820842166e+06, best bound -2.129973511334e+06, gap 0.0072%
Optimize a model with 8382 rows, 2436 columns and 62180 nonzeros
Variable types: 643 continuous, 1793 integer (937 binary)
Coefficient statistics:
  Matrix range     [7e-02, 1e+06]
  Objective range  [8e-04, 1e+06]
  Bounds range     [1e+00, 1e+00]
  RHS range        [7e-02, 1e+06]

MIP start did not produce a new incumbent solution
MIP start violates constraint circular by 1.000000000

Presolve removed 6526 rows and 1370 columns
Presolve time: 0.06s
Presolved: 1856 rows, 1066 columns, 6244 nonzeros
Variable types: 215 continuous, 851 integer (637 binary)
Found heuristic solution: objective -1417719.679

Root relaxation: objective -2.620768e+06, 1108 iterations, 0.03 seconds

    Nodes    |    Current Node    |     Objective Bounds      |     Work
 Expl Unexpl |  Obj  Depth IntInf | Incumbent    BestBd   Gap | It/Node Time

     0     0 -2620768.4    0   68 -1417719.7 -2620768.4  84.9%     -    0s
H    0     0                    -1474830.832 -2620768.4  77.7%     -    0s
     0     0 -2406840.3    0   77 -1474830.8 -2406840.3  63.2%     -    0s
H    0     0                    -1508619.129 -2406840.3  59.5%     -    0s
     0     0 -2396507.4    0   84 -1508619.1 -2396507.4  58.9%     -    0s
     0     0 -2281637.0    0  131 -1508619.1 -2281637.0  51.2%     -    0s
     0     0 -2262175.6    0  138 -1508619.1 -2262175.6  50.0%     -    0s
     0     0 -2203106.7    0  134 -1508619.1 -2203106.7  46.0%     -    0s
     0     0 -2199772.5    0  136 -1508619.1 -2199772.5  45.8%     -    0s
     0     0 -2198735.0    0  131 -1508619.1 -2198735.0  45.7%     -    0s
     0     0 -2198485.4    0  131 -1508619.1 -2198485.4  45.7%     -    0s
     0     0 -2191181.2    0  128 -1508619.1 -2191181.2  45.2%     -    0s
     0     0 -2183976.0    0   62 -1508619.1 -2183976.0  44.8%     -    0s
     0     0 -2183865.4    0  124 -1508619.1 -2183865.4  44.8%     -    0s
     0     0 -2183793.4    0  124 -1508619.1 -2183793.4  44.8%     -    0s
     0     0 -2177798.8    0   50 -1508619.1 -2177798.8  44.4%     -    0s
     0     0 -2177758.7    0   54 -1508619.1 -2177758.7  44.4%     -    0s
     0     0 -2176886.4    0   33 -1508619.1 -2176886.4  44.3%     -    0s
H    0     0                    -1896244.025 -2176886.4  14.8%     -    0s
     0     0 -2163766.1    0   52 -1896244.0 -2163766.1  14.1%     -    0s
     0     0 -2149830.0    0   34 -1896244.0 -2149830.0  13.4%     -    0s
     0     0 -2147598.8    0   60 -1896244.0 -2147598.8  13.3%     -    0s
     0     0 -2145962.4    0   57 -1896244.0 -2145962.4  13.2%     -    0s
     0     0 -2141106.5    0   75 -1896244.0 -2141106.5  12.9%     -    0s
     0     0 -2136070.0    0  176 -1896244.0 -2136070.0  12.6%     -    0s
     0     0 -2135095.8    0   63 -1896244.0 -2135095.8  12.6%     -    0s
     0     0 -2135095.8    0   63 -1896244.0 -2135095.8  12.6%     -    0s
     0     0 -2133420.5    0   58 -1896244.0 -2133420.5  12.5%     -    0s
     0     0 -2133009.7    0  166 -1896244.0 -2133009.7  12.5%     -    0s
     0     0 -2132963.4    0  205 -1896244.0 -2132963.4  12.5%     -    0s
     0     0 -2127046.4    0  122 -1896244.0 -2127046.4  12.2%     -    0s
     0     0 -2124707.1    0  151 -1896244.0 -2124707.1  12.0%     -    0s
     0     0 -2124153.3    0  143 -1896244.0 -2124153.3  12.0%     -    0s
     0     0 -2123984.2    0  169 -1896244.0 -2123984.2  12.0%     -    0s
     0     0 -2123972.0    0  169 -1896244.0 -2123972.0  12.0%     -    0s
     0     0 -2121035.9    0  185 -1896244.0 -2121035.9  11.9%     -    0s
     0     0 -2118398.1    0   77 -1896244.0 -2118398.1  11.7%     -    0s
     0     0 -2118340.4    0   91 -1896244.0 -2118340.4  11.7%     -    0s
     0     0 -2113528.9    0  216 -1896244.0 -2113528.9  11.5%     -    0s
     0     0 -2113270.0    0  220 -1896244.0 -2113270.0  11.4%     -    0s
     0     0 -2113243.7    0  223 -1896244.0 -2113243.7  11.4%     -    0s
     0     0 -2110596.0    0  238 -1896244.0 -2110596.0  11.3%     -    0s
     0     0 -2110208.0    0  242 -1896244.0 -2110208.0  11.3%     -    0s
     0     0 -2109438.5    0  229 -1896244.0 -2109438.5  11.2%     -    0s
     0     0 -2109354.4    0   81 -1896244.0 -2109354.4  11.2%     -    0s
     0     0 -2109230.0    0   61 -1896244.0 -2109230.0  11.2%     -    0s
H    0     0                    -1946932.901 -2109230.0  8.34%     -    0s
     0     0 -2109120.3    0   59 -1946932.9 -2109120.3  8.33%     -    0s
     0     0 -2109116.4    0   52 -1946932.9 -2109116.4  8.33%     -    0s
     0     0 -2109108.6    0   52 -1946932.9 -2109108.6  8.33%     -    0s
     0     0 -2109099.4    0   55 -1946932.9 -2109099.4  8.33%     -    0s
     0     0 -2109099.4    0   55 -1946932.9 -2109099.4  8.33%     -    0s
H    0     0                    -1958907.771 -2109099.4  7.67%     -    0s
     0     0 -2109099.4    0  116 -1958907.8 -2109099.4  7.67%     -    0s
     0     0 -2109099.4    0   39 -1958907.8 -2109099.4  7.67%     -    0s
     0     0 -2109099.4    0   35 -1958907.8 -2109099.4  7.67%     -    0s
     0     0 -2109090.7    0   37 -1958907.8 -2109090.7  7.67%     -    0s
     0     0 -2109090.7    0   37 -1958907.8 -2109090.7  7.67%     -    0s
     0     0 -2085375.1    0   51 -1958907.8 -2085375.1  6.46%     -    0s
H    0     0                    -2001064.415 -2085375.1  4.21%     -    0s
     0     0 -2085375.1    0    6 -2001064.4 -2085375.1  4.21%     -    0s
     0     0 -2073749.0    0    7 -2001064.4 -2073749.0  3.63%     -    0s
H    0     0                    -2055450.980 -2073749.0  0.89%     -    0s

Cutting planes:
  Gomory: 2

Explored 1 nodes (4425 simplex iterations) in 0.75 seconds
Thread count was 4 (of 4 available processors)

Solution count 8: -2.05545e+06 -2.00106e+06 -1.95891e+06 ... -1.41772e+06

Optimal solution found (tolerance 1.00e-04)
Best objective -2.055450980119e+06, best bound -2.055450980119e+06, gap 0.0000%
Optimize a model with 8383 rows, 2436 columns and 62185 nonzeros
Variable types: 643 continuous, 1793 integer (937 binary)
Coefficient statistics:
  Matrix range     [7e-02, 1e+06]
  Objective range  [8e-04, 1e+06]
  Bounds range     [1e+00, 1e+00]
  RHS range        [7e-02, 1e+06]

MIP start did not produce a new incumbent solution
MIP start violates constraint circular by 1.000000000

Presolve removed 6526 rows and 1370 columns
Presolve time: 0.06s
Presolved: 1857 rows, 1066 columns, 6250 nonzeros
Variable types: 215 continuous, 851 integer (637 binary)
Found heuristic solution: objective -1417719.679

Root relaxation: objective -2.620768e+06, 1033 iterations, 0.03 seconds

    Nodes    |    Current Node    |     Objective Bounds      |     Work
 Expl Unexpl |  Obj  Depth IntInf | Incumbent    BestBd   Gap | It/Node Time

     0     0 -2620768.4    0   68 -1417719.7 -2620768.4  84.9%     -    0s
H    0     0                    -1422713.627 -2620768.4  84.2%     -    0s
     0     0 -2406686.5    0   77 -1422713.6 -2406686.5  69.2%     -    0s
     0     0 -2390926.1    0   68 -1422713.6 -2390926.1  68.1%     -    0s
     0     0 -2378371.2    0  129 -1422713.6 -2378371.2  67.2%     -    0s
     0     0 -2378362.8    0  128 -1422713.6 -2378362.8  67.2%     -    0s
     0     0 -2216889.8    0  133 -1422713.6 -2216889.8  55.8%     -    0s
     0     0 -2178572.2    0  129 -1422713.6 -2178572.2  53.1%     -    0s
     0     0 -2177681.6    0  137 -1422713.6 -2177681.6  53.1%     -    0s
     0     0 -2177458.8    0  137 -1422713.6 -2177458.8  53.0%     -    0s
     0     0 -2177434.1    0  131 -1422713.6 -2177434.1  53.0%     -    0s
     0     0 -2157727.9    0  164 -1422713.6 -2157727.9  51.7%     -    0s
     0     0 -2154409.5    0   89 -1422713.6 -2154409.5  51.4%     -    0s
     0     0 -2154393.3    0   86 -1422713.6 -2154393.3  51.4%     -    0s
     0     0 -2153613.0    0  181 -1422713.6 -2153613.0  51.4%     -    0s
     0     0 -2153208.5    0  168 -1422713.6 -2153208.5  51.3%     -    0s
     0     0 -2153166.9    0  184 -1422713.6 -2153166.9  51.3%     -    0s
     0     0 -2147025.5    0  107 -1422713.6 -2147025.5  50.9%     -    0s
     0     0 -2143525.0    0   65 -1422713.6 -2143525.0  50.7%     -    0s
     0     0 -2140339.0    0   60 -1422713.6 -2140339.0  50.4%     -    0s
     0     0 -2139026.7    0   75 -1422713.6 -2139026.7  50.3%     -    0s
     0     0 -2139011.5    0   71 -1422713.6 -2139011.5  50.3%     -    0s
     0     0 -2122855.7    0   52 -1422713.6 -2122855.7  49.2%     -    0s
H    0     0                    -1805338.884 -2122855.7  17.6%     -    0s
     0     0 -2117468.1    0   82 -1805338.9 -2117468.1  17.3%     -    0s
     0     0 -2116212.2    0   69 -1805338.9 -2116212.2  17.2%     -    0s
     0     0 -2114551.5    0  195 -1805338.9 -2114551.5  17.1%     -    0s
     0     0 -2114184.9    0  163 -1805338.9 -2114184.9  17.1%     -    0s
     0     0 -2113638.2    0  146 -1805338.9 -2113638.2  17.1%     -    0s
     0     0 -2113543.8    0  160 -1805338.9 -2113543.8  17.1%     -    0s
     0     0 -2099628.3    0  170 -1805338.9 -2099628.3  16.3%     -    0s
     0     0 -2097395.1    0  194 -1805338.9 -2097395.1  16.2%     -    0s
     0     0 -2095488.7    0  246 -1805338.9 -2095488.7  16.1%     -    0s
     0     0 -2094445.5    0   69 -1805338.9 -2094445.5  16.0%     -    0s
     0     0 -2094405.9    0  119 -1805338.9 -2094405.9  16.0%     -    0s
     0     0 -2090195.2    0  160 -1805338.9 -2090195.2  15.8%     -    0s
     0     0 -2089410.4    0   70 -1805338.9 -2089410.4  15.7%     -    0s
     0     0 -2089389.4    0   85 -1805338.9 -2089389.4  15.7%     -    0s
     0     0 -2078935.7    0   95 -1805338.9 -2078935.7  15.2%     -    0s
     0     0 -2078928.0    0   65 -1805338.9 -2078928.0  15.2%     -    0s
     0     0 -2078912.6    0   87 -1805338.9 -2078912.6  15.2%     -    0s
     0     0 -2078881.5    0  190 -1805338.9 -2078881.5  15.2%     -    0s
     0     0 -2078860.2    0   79 -1805338.9 -2078860.2  15.2%     -    0s
     0     0 -2078841.1    0  102 -1805338.9 -2078841.1  15.1%     -    0s
     0     0 -2078839.3    0  101 -1805338.9 -2078839.3  15.1%     -    0s
     0     0 -2078836.7    0   80 -1805338.9 -2078836.7  15.1%     -    0s
H    0     0                    -1831614.466 -2078836.7  13.5%     -    0s
     0     0 -2078836.7    0  103 -1831614.5 -2078836.7  13.5%     -    0s
     0     0 -2053509.5    0  118 -1831614.5 -2053509.5  12.1%     -    0s
     0     0 -2053384.5    0  122 -1831614.5 -2053384.5  12.1%     -    0s
     0     0 -2039080.0    0   52 -1831614.5 -2039080.0  11.3%     -    0s
     0     0 -2039012.5    0   54 -1831614.5 -2039012.5  11.3%     -    0s
     0     0 -2033196.5    0   54 -1831614.5 -2033196.5  11.0%     -    0s
     0     0 -2033196.5    0   16 -1831614.5 -2033196.5  11.0%     -    0s
     0     0 -2033196.5    0   47 -1831614.5 -2033196.5  11.0%     -    0s
     0     0 -2033124.2    0   53 -1831614.5 -2033124.2  11.0%     -    0s
     0     0 -2033124.2    0   53 -1831614.5 -2033124.2  11.0%     -    0s
H    0     0                    -1894278.211 -2033124.2  7.33%     -    0s
     0     0 -2033124.2    0   25 -1894278.2 -2033124.2  7.33%     -    0s
     0     0 -2022276.9    0    7 -1894278.2 -2022276.9  6.76%     -    0s
H    0     0                    -1900514.985 -2022276.9  6.41%     -    0s
*    0     0               0    -2001064.416 -2001064.4  0.00%     -    0s

Cutting planes:
  Gomory: 2
  MIR: 1
  GUB cover: 1

Explored 1 nodes (5348 simplex iterations) in 0.87 seconds
Thread count was 4 (of 4 available processors)

Solution count 7: -2.00106e+06 -1.90051e+06 -1.89428e+06 ... -1.41772e+06

Optimal solution found (tolerance 1.00e-04)
Best objective -2.001064415502e+06, best bound -2.001064415502e+06, gap 0.0000%
Optimize a model with 8384 rows, 2436 columns and 62187 nonzeros
Variable types: 643 continuous, 1793 integer (937 binary)
Coefficient statistics:
  Matrix range     [7e-02, 1e+06]
  Objective range  [8e-04, 1e+06]
  Bounds range     [1e+00, 1e+00]
  RHS range        [7e-02, 1e+06]

MIP start did not produce a new incumbent solution
MIP start violates constraint circular by 1.000000000

Presolve removed 6528 rows and 1370 columns
Presolve time: 0.06s
Presolved: 1856 rows, 1066 columns, 6244 nonzeros
Variable types: 215 continuous, 851 integer (637 binary)
Found heuristic solution: objective -1417719.679

Root relaxation: objective -2.617861e+06, 1057 iterations, 0.03 seconds

    Nodes    |    Current Node    |     Objective Bounds      |     Work
 Expl Unexpl |  Obj  Depth IntInf | Incumbent    BestBd   Gap | It/Node Time

     0     0 -2617861.3    0   65 -1417719.7 -2617861.3  84.7%     -    0s
H    0     0                    -1461257.767 -2617861.3  79.2%     -    0s
     0     0 -2367744.2    0   82 -1461257.8 -2367744.2  62.0%     -    0s
     0     0 -2347752.7    0   80 -1461257.8 -2347752.7  60.7%     -    0s
     0     0 -2333165.5    0  109 -1461257.8 -2333165.5  59.7%     -    0s
     0     0 -2333156.5    0  111 -1461257.8 -2333156.5  59.7%     -    0s
     0     0 -2181158.0    0  104 -1461257.8 -2181158.0  49.3%     -    0s
     0     0 -2107549.7    0   86 -1461257.8 -2107549.7  44.2%     -    0s
     0     0 -2107420.9    0   86 -1461257.8 -2107420.9  44.2%     -    0s
     0     0 -2107379.0    0   86 -1461257.8 -2107379.0  44.2%     -    0s
     0     0 -2082703.4    0  116 -1461257.8 -2082703.4  42.5%     -    0s
     0     0 -2072515.9    0  156 -1461257.8 -2072515.9  41.8%     -    0s
     0     0 -2070071.6    0  171 -1461257.8 -2070071.6  41.7%     -    0s
     0     0 -2066146.2    0  127 -1461257.8 -2066146.2  41.4%     -    0s
     0     0 -2061291.9    0  124 -1461257.8 -2061291.9  41.1%     -    0s
     0     0 -2061286.5    0  124 -1461257.8 -2061286.5  41.1%     -    0s
     0     0 -2039695.8    0   22 -1461257.8 -2039695.8  39.6%     -    0s
     0     0 -2039695.4    0   22 -1461257.8 -2039695.4  39.6%     -    0s
     0     0 -2036961.8    0  172 -1461257.8 -2036961.8  39.4%     -    0s
     0     0 -2034903.5    0  175 -1461257.8 -2034903.5  39.3%     -    0s
     0     0 -2034685.7    0  172 -1461257.8 -2034685.7  39.2%     -    0s
     0     0 -2028733.0    0  106 -1461257.8 -2028733.0  38.8%     -    0s
     0     0 -2027944.7    0  238 -1461257.8 -2027944.7  38.8%     -    0s
     0     0 -2027708.9    0  270 -1461257.8 -2027708.9  38.8%     -    0s
     0     0 -2027704.8    0  281 -1461257.8 -2027704.8  38.8%     -    0s
     0     0 -2027541.4    0  236 -1461257.8 -2027541.4  38.8%     -    0s
     0     0 -2026706.5    0  241 -1461257.8 -2026706.5  38.7%     -    0s
     0     0 -2026385.6    0  224 -1461257.8 -2026385.6  38.7%     -    0s
     0     0 -2026381.1    0  240 -1461257.8 -2026381.1  38.7%     -    0s
     0     0 -2025523.4    0  124 -1461257.8 -2025523.4  38.6%     -    0s
     0     0 -2025522.5    0   98 -1461257.8 -2025522.5  38.6%     -    0s
H    0     0                    -1678510.873 -2025522.5  20.7%     -    0s
H    0     0                    -1678513.873 -2025522.5  20.7%     -    0s
     0     2 -2025522.5    0   98 -1678513.9 -2025522.5  20.7%     -    0s
*   67    35              22    -1704782.479 -2017420.6  18.3%  30.2    0s
H  102    46                    -1704785.479 -2016646.4  18.3%  31.1    0s
H  133    52                    -1704789.454 -2016646.4  18.3%  31.9    0s
H  212    74                    -1704790.333 -2011933.9  18.0%  32.0    0s
H  247    76                    -1778122.231 -2011799.7  13.1%  31.7    0s
H  355    83                    -1782225.417 -1979205.8  11.1%  30.8    1s
*  378    28              25    -1880611.891 -1973737.8  4.95%  29.7    1s
*  397    22              26    -1900514.985 -1973523.1  3.84%  28.7    1s

Cutting planes:
  Gomory: 10
  Cover: 155
  Implied bound: 12
  Clique: 21
  MIR: 40
  Flow cover: 92
  Zero half: 21

Explored 477 nodes (14949 simplex iterations) in 1.07 seconds
Thread count was 4 (of 4 available processors)

Solution count 10: -1.90051e+06 -1.88061e+06 -1.78223e+06 ... -1.67851e+06
No other solutions better than -1.90051e+06

Optimal solution found (tolerance 1.00e-04)
Best objective -1.900514985288e+06, best bound -1.900514985288e+06, gap 0.0000%
Optimize a model with 8385 rows, 2436 columns and 62193 nonzeros
Variable types: 643 continuous, 1793 integer (937 binary)
Coefficient statistics:
  Matrix range     [7e-02, 1e+06]
  Objective range  [8e-04, 1e+06]
  Bounds range     [1e+00, 1e+00]
  RHS range        [7e-02, 1e+06]

MIP start did not produce a new incumbent solution
MIP start violates constraint circular by 1.000000000

Presolve removed 6528 rows and 1370 columns
Presolve time: 0.06s
Presolved: 1857 rows, 1066 columns, 6252 nonzeros
Variable types: 215 continuous, 851 integer (637 binary)
Found heuristic solution: objective -1417719.679

Root relaxation: objective -2.617861e+06, 1060 iterations, 0.03 seconds

    Nodes    |    Current Node    |     Objective Bounds      |     Work
 Expl Unexpl |  Obj  Depth IntInf | Incumbent    BestBd   Gap | It/Node Time

     0     0 -2617861.3    0   65 -1417719.7 -2617861.3  84.7%     -    0s
H    0     0                    -1460478.053 -2617861.3  79.2%     -    0s
     0     0 -2367700.9    0   80 -1460478.1 -2367700.9  62.1%     -    0s
     0     0 -2347752.7    0   80 -1460478.1 -2347752.7  60.8%     -    0s
     0     0 -2333165.5    0  113 -1460478.1 -2333165.5  59.8%     -    0s
     0     0 -2333156.5    0  115 -1460478.1 -2333156.5  59.8%     -    0s
     0     0 -2180603.1    0  118 -1460478.1 -2180603.1  49.3%     -    0s
     0     0 -2108749.2    0   67 -1460478.1 -2108749.2  44.4%     -    0s
     0     0 -2107388.8    0  109 -1460478.1 -2107388.8  44.3%     -    0s
     0     0 -2107373.1    0  109 -1460478.1 -2107373.1  44.3%     -    0s
     0     0 -2083114.1    0  126 -1460478.1 -2083114.1  42.6%     -    0s
     0     0 -2072524.5    0  140 -1460478.1 -2072524.5  41.9%     -    0s
     0     0 -2070065.1    0  157 -1460478.1 -2070065.1  41.7%     -    0s
     0     0 -2066139.8    0  103 -1460478.1 -2066139.8  41.5%     -    0s
     0     0 -2061285.0    0  100 -1460478.1 -2061285.0  41.1%     -    0s
     0     0 -2061279.9    0  100 -1460478.1 -2061279.9  41.1%     -    0s
     0     0 -2039694.8    0   19 -1460478.1 -2039694.8  39.7%     -    0s
     0     0 -2039691.0    0   23 -1460478.1 -2039691.0  39.7%     -    0s
     0     0 -2036812.5    0  194 -1460478.1 -2036812.5  39.5%     -    0s
     0     0 -2035311.9    0  198 -1460478.1 -2035311.9  39.4%     -    0s
     0     0 -2034874.9    0  200 -1460478.1 -2034874.9  39.3%     -    0s
     0     0 -2034874.0    0  199 -1460478.1 -2034874.0  39.3%     -    0s
     0     0 -2028575.0    0   66 -1460478.1 -2028575.0  38.9%     -    0s
     0     0 -2028309.4    0  189 -1460478.1 -2028309.4  38.9%     -    0s
     0     0 -2027858.1    0  246 -1460478.1 -2027858.1  38.8%     -    0s
     0     0 -2027683.2    0  232 -1460478.1 -2027683.2  38.8%     -    0s
     0     0 -2027611.2    0  204 -1460478.1 -2027611.2  38.8%     -    0s
     0     0 -2027565.3    0  232 -1460478.1 -2027565.3  38.8%     -    0s
     0     0 -2026434.4    0  247 -1460478.1 -2026434.4  38.8%     -    0s
     0     0 -2026434.4    0  247 -1460478.1 -2026434.4  38.8%     -    0s
H    0     0                    -1778122.231 -2026434.4  14.0%     -    0s
     0     0 -2026434.4    0  114 -1778122.2 -2026434.4  14.0%     -    0s
     0     0 -2026434.4    0    6 -1778122.2 -2026434.4  14.0%     -    0s
     0     0 -2026434.4    0   28 -1778122.2 -2026434.4  14.0%     -    0s
     0     0 -2026434.4    0   63 -1778122.2 -2026434.4  14.0%     -    0s
     0     0 -2023577.0    0   29 -1778122.2 -2023577.0  13.8%     -    0s
     0     0 -2023576.3    0   25 -1778122.2 -2023576.3  13.8%     -    0s
     0     0 -2023575.6    0   28 -1778122.2 -2023575.6  13.8%     -    0s
     0     0 -2023575.6    0   16 -1778122.2 -2023575.6  13.8%     -    0s
     0     0 -2023575.6    0   26 -1778122.2 -2023575.6  13.8%     -    0s
     0     0 -2023571.9    0   26 -1778122.2 -2023571.9  13.8%     -    0s
     0     0 -2023571.2    0   30 -1778122.2 -2023571.2  13.8%     -    0s
     0     0 -2009932.9    0   23 -1778122.2 -2009932.9  13.0%     -    0s
     0     0 -2009932.9    0   16 -1778122.2 -2009932.9  13.0%     -    0s
     0     0 -2009932.9    0   22 -1778122.2 -2009932.9  13.0%     -    0s
     0     0 -2009932.9    0   23 -1778122.2 -2009932.9  13.0%     -    0s
     0     0 -2008434.8    0   25 -1778122.2 -2008434.8  13.0%     -    0s
     0     0 -1986176.8    0   68 -1778122.2 -1986176.8  11.7%     -    0s
     0     0 -1977828.3    0   63 -1778122.2 -1977828.3  11.2%     -    0s
     0     0 -1977828.3    0   63 -1778122.2 -1977828.3  11.2%     -    0s
     0     2 -1977828.3    0   63 -1778122.2 -1977828.3  11.2%     -    0s
*    3     3               2    -1811591.843 -1965139.4  8.48%   5.3    0s
*    6     1               3    -1874239.404 -1965139.4  4.85%   4.7    0s

Cutting planes:
  Gomory: 2
  Zero half: 2

Explored 8 nodes (4660 simplex iterations) in 0.78 seconds
Thread count was 4 (of 4 available processors)

Solution count 5: -1.87424e+06 -1.81159e+06 -1.77812e+06 ... -1.41772e+06
No other solutions better than -1.87424e+06

Optimal solution found (tolerance 1.00e-04)
Best objective -1.874239403957e+06, best bound -1.874239403957e+06, gap 0.0000%
Optimize a model with 8386 rows, 2436 columns and 62194 nonzeros
Variable types: 643 continuous, 1793 integer (937 binary)
Coefficient statistics:
  Matrix range     [7e-02, 1e+06]
  Objective range  [8e-04, 1e+06]
  Bounds range     [1e+00, 1e+00]
  RHS range        [7e-02, 1e+06]

MIP start did not produce a new incumbent solution
MIP start violates constraint circular by 1.000000000

Presolve removed 6533 rows and 1373 columns
Presolve time: 0.06s
Presolved: 1853 rows, 1063 columns, 6232 nonzeros
Variable types: 214 continuous, 849 integer (636 binary)

Root relaxation: objective -1.422598e+06, 1346 iterations, 0.03 seconds

    Nodes    |    Current Node    |     Objective Bounds      |     Work
 Expl Unexpl |  Obj  Depth IntInf | Incumbent    BestBd   Gap | It/Node Time

     0     0 -1422597.9    0   90          - -1422597.9      -     -    0s
H    0     0                    -48085.60356 -1422597.9  2858%     -    0s
     0     0 -1208680.6    0  169 -48085.604 -1208680.6  2414%     -    0s
     0     0 -1197832.5    0  159 -48085.604 -1197832.5  2391%     -    0s
     0     0 -1197684.4    0  164 -48085.604 -1197684.4  2391%     -    0s
     0     0 -1197621.3    0  164 -48085.604 -1197621.3  2391%     -    0s
     0     0 -1197562.0    0  165 -48085.604 -1197562.0  2390%     -    0s
     0     0 -1197554.6    0  168 -48085.604 -1197554.6  2390%     -    0s
     0     0 -1092339.8    0  246 -48085.604 -1092339.8  2172%     -    0s
     0     0 -1062807.2    0  260 -48085.604 -1062807.2  2110%     -    0s
     0     0 -1056120.7    0  262 -48085.604 -1056120.7  2096%     -    0s
     0     0 -1055066.6    0  260 -48085.604 -1055066.6  2094%     -    0s
     0     0 -1055021.2    0  262 -48085.604 -1055021.2  2094%     -    0s
     0     0 -1044333.7    0  260 -48085.604 -1044333.7  2072%     -    0s
     0     0 -1043237.3    0  262 -48085.604 -1043237.3  2070%     -    0s
     0     0 -1042377.8    0  261 -48085.604 -1042377.8  2068%     -    0s
     0     0 -1042370.9    0  261 -48085.604 -1042370.9  2068%     -    0s
     0     0 -1042056.1    0  240 -48085.604 -1042056.1  2067%     -    0s
     0     0 -1038383.1    0  277 -48085.604 -1038383.1  2059%     -    0s
     0     0 -1037768.9    0  277 -48085.604 -1037768.9  2058%     -    0s
     0     0 -1037766.7    0  277 -48085.604 -1037766.7  2058%     -    0s
     0     0 -1030567.3    0  296 -48085.604 -1030567.3  2043%     -    0s
H    0     0                    -872109.0043 -1030567.3  18.2%     -    0s
     0     0 -989536.14    0  273 -872109.00 -989536.14  13.5%     -    0s
     0     0 -963216.43    0  313 -872109.00 -963216.43  10.4%     -    0s
     0     0 -961612.98    0  297 -872109.00 -961612.98  10.3%     -    0s
     0     0 -961546.25    0  310 -872109.00 -961546.25  10.3%     -    0s
     0     0 -953248.91    0  285 -872109.00 -953248.91  9.30%     -    0s
     0     0 -936982.68    0  279 -872109.00 -936982.68  7.44%     -    0s
     0     0 -933825.01    0  245 -872109.00 -933825.01  7.08%     -    0s
     0     0 -933592.60    0  236 -872109.00 -933592.60  7.05%     -    0s
     0     0 -933306.13    0  241 -872109.00 -933306.13  7.02%     -    0s
     0     0 -933282.58    0  249 -872109.00 -933282.58  7.01%     -    0s
     0     0 -920152.72    0  230 -872109.00 -920152.72  5.51%     -    0s
     0     0 -920152.72    0   52 -872109.00 -920152.72  5.51%     -    0s

Explored 1 nodes (3311 simplex iterations) in 0.55 seconds
Thread count was 4 (of 4 available processors)

Solution count 2: -872109 -48085.6 

Optimal solution found (tolerance 1.00e-04)
Best objective -8.721090042360e+05, best bound -8.721090043060e+05, gap 0.0000%

Gurobi 7.5.2 (linux64) logging started Thu Mar 28 22:27:46 2019

Changed value of parameter LogFile to /home/aniket/python_scripts/Plasmids-Optimization/exp/2019-03-22__modified_iterative_MILP/output/sample_56/1.10.1/nplasmids_1/MILP/m.log
   Prev: gurobi.log  Default: 
Changed value of parameter TimeLimit to 2400.0
   Prev: 1e+100  Min: 0.0  Max: 1e+100  Default: 1e+100
Optimize a model with 81 rows, 24 columns and 151 nonzeros
Variable types: 7 continuous, 17 integer (9 binary)
Coefficient statistics:
  Matrix range     [5e-01, 1e+06]
  Objective range  [3e-02, 6e+04]
  Bounds range     [1e+00, 1e+00]
  RHS range        [1e+00, 1e+06]
Found heuristic solution: objective 390.9957640
Presolve removed 81 rows and 24 columns
Presolve time: 0.00s
Presolve: All rows and columns removed

Explored 0 nodes (0 simplex iterations) in 0.00 seconds
Thread count was 1 (of 4 available processors)

Solution count 2: -204903 390.996 

Optimal solution found (tolerance 1.00e-04)
Best objective -2.049033919263e+05, best bound -2.049033919263e+05, gap 0.0000%

Gurobi 7.5.2 (linux64) logging started Thu Mar 28 22:27:46 2019

Changed value of parameter LogFile to /home/aniket/python_scripts/Plasmids-Optimization/exp/2019-03-22__modified_iterative_MILP/output/sample_56/1.10.1/nplasmids_1/MILP/m.log
   Prev: gurobi.log  Default: 
Changed value of parameter TimeLimit to 2400.0
   Prev: 1e+100  Min: 0.0  Max: 1e+100  Default: 1e+100
Optimize a model with 41 rows, 13 columns and 67 nonzeros
Variable types: 4 continuous, 9 integer (5 binary)
Coefficient statistics:
  Matrix range     [5e-01, 1e+06]
  Objective range  [3e-02, 3e+04]
  Bounds range     [1e+00, 1e+00]
  RHS range        [1e+00, 1e+06]
Presolve removed 31 rows and 7 columns
Presolve time: 0.00s

Explored 0 nodes (0 simplex iterations) in 0.00 seconds
Thread count was 1 (of 4 available processors)

Solution count 0

Model is infeasible or unbounded
Best objective -, best bound -, gap -
Presolve removed 31 rows and 7 columns
Presolve time: 0.00s

Explored 0 nodes (0 simplex iterations) in 0.00 seconds
Thread count was 1 (of 4 available processors)

Solution count 0

Model is infeasible
Best objective -, best bound -, gap -

Computing Irreducible Inconsistent Subsystem (IIS)...

      Constraints           Bounds       Runtime
     Min       Max       Min      Max
------------------------------------------------
        0       33         0        8         0s
        4        4         0        0         0s

IIS computed: 4 constraints, 0 bounds
IIS runtime: 0.00 seconds
Warning: linear constraint 0 and linear constraint 1 have the same name "extr_ubd"
