Iteration 1
1	deque([(('28', 'h'), ('31', 't')), (('81', 'h'), ('31', 'h')), (('81', 't'), ('13', 't')), (('13', 'h'), ('28', 't'))])
1	deque([(('21', 'h'), ('21', 't'))])
1	deque([(('24', 'h'), ('24', 't'))])
1	deque([(('17', 'h'), ('17', 't'))])

Chosen seed at iteration 1: 3
Chosen chr at iteration 1


Iteration 2
2	deque([(('28', 'h'), ('31', 't')), (('81', 'h'), ('31', 'h')), (('81', 't'), ('13', 't')), (('13', 'h'), ('28', 't'))])
2	deque([(('21', 'h'), ('21', 't'))])
2	deque([(('17', 'h'), ('17', 't'))])

Chosen seed at iteration 2: 3
Chosen chr at iteration 2


Iteration 3
3	deque([(('13', 'h'), ('28', 't')), (('81', 't'), ('13', 't')), (('81', 'h'), ('31', 'h')), (('28', 'h'), ('31', 't'))])
3	deque([(('21', 'h'), ('21', 't'))])

Chosen seed at iteration 3: 2
Chosen chr at iteration 3


Iteration 4
4	deque([(('81', 't'), ('13', 't')), (('13', 'h'), ('28', 't')), (('28', 'h'), ('31', 't')), (('81', 'h'), ('31', 'h'))])

Chosen seed at iteration 4: 1
Chosen chr at iteration 4


Iteration 5
5	deque([(('31', 't'), ('13', 't')), (('31', 'h'), ('13', 'h'))])

Chosen seed at iteration 5: 1
Chosen chr at iteration 5


Iteration 6
6	deque([(('28', 'h'), ('80', 't')), (('80', 'h'), ('31', 'h')), (('31', 't'), ('13', 't')), (('13', 'h'), ('28', 't'))])

Chosen seed at iteration 6: 1
Chosen chr at iteration 6


Iteration 7
Iteration 1
1	deque([(('21', 'h'), ('21', 't'))])
1	deque([(('13', 'h'), ('28', 't')), (('81', 't'), ('13', 't')), (('81', 'h'), ('31', 'h')), (('28', 'h'), ('31', 't'))])
1	deque([(('24', 'h'), ('24', 't'))])
1	deque([(('17', 'h'), ('17', 't'))])

Chosen seed at iteration 1: 4
Chosen chr at iteration 1


Iteration 2
2	deque([(('28', 'h'), ('31', 't')), (('13', 'h'), ('28', 't')), (('81', 't'), ('13', 't')), (('81', 'h'), ('31', 'h'))])
2	deque([(('24', 'h'), ('24', 't'))])
2	deque([(('21', 'h'), ('21', 't'))])

Chosen seed at iteration 2: 1
Chosen chr at iteration 2


Iteration 3
3	deque([(('24', 'h'), ('24', 't'))])
3	deque([(('31', 'h'), ('13', 'h')), (('31', 't'), ('13', 't'))])
3	deque([(('21', 'h'), ('21', 't'))])

Chosen seed at iteration 3: 3
Chosen chr at iteration 3


Iteration 4
4	deque([(('31', 't'), ('13', 't')), (('31', 'h'), ('13', 'h'))])
4	deque([(('24', 'h'), ('24', 't'))])

Chosen seed at iteration 4: 2
Chosen chr at iteration 4


Iteration 5
5	deque([(('31', 'h'), ('13', 'h')), (('31', 't'), ('13', 't'))])

Chosen seed at iteration 5: 1
Chosen chr at iteration 5


Iteration 6
6	deque([(('13', 'h'), ('28', 't')), (('28', 'h'), ('80', 't')), (('80', 'h'), ('31', 'h')), (('31', 't'), ('13', 't'))])

Chosen seed at iteration 6: 1
Chosen chr at iteration 6


Iteration 7
Iteration 1
1	deque([(('17', 'h'), ('17', 't'))])
1	deque([(('24', 'h'), ('24', 't'))])
1	deque([(('21', 'h'), ('21', 't'))])

Chosen seed at iteration 1: 3
Chosen chr at iteration 1


Iteration 2
2	deque([(('24', 'h'), ('24', 't'))])
2	deque([(('17', 'h'), ('17', 't'))])

Chosen seed at iteration 2: 2
Chosen chr at iteration 2


Iteration 3
3	deque([(('24', 'h'), ('24', 't'))])

Chosen seed at iteration 3: 1
Chosen chr at iteration 3


Iteration 4
Iteration 1
1	deque([(('24', 'h'), ('24', 't'))])
1	deque([(('17', 'h'), ('17', 't'))])
1	deque([(('21', 'h'), ('21', 't'))])

Chosen seed at iteration 1: 3
Chosen chr at iteration 1


Iteration 2
2	deque([(('17', 'h'), ('17', 't'))])
2	deque([(('24', 'h'), ('24', 't'))])

Chosen seed at iteration 2: 1
Chosen chr at iteration 2


Iteration 3
3	deque([(('24', 'h'), ('24', 't'))])

Chosen seed at iteration 3: 1
Chosen chr at iteration 3


Iteration 4
Iteration 1
1	deque([(('24', 'h'), ('24', 't'))])
1	deque([(('21', 'h'), ('21', 't'))])
1	deque([(('17', 'h'), ('17', 't'))])

Chosen seed at iteration 1: 3
Chosen chr at iteration 1


Iteration 2
2	deque([(('21', 'h'), ('21', 't'))])
2	deque([(('24', 'h'), ('24', 't'))])

Chosen seed at iteration 2: 2
Chosen chr at iteration 2


Iteration 3
3	deque([(('21', 'h'), ('21', 't'))])

Chosen seed at iteration 3: 1
Chosen chr at iteration 3


Iteration 4
Iteration 1
1	deque([(('21', 'h'), ('21', 't'))])
1	deque([(('24', 'h'), ('24', 't'))])
1	deque([(('17', 'h'), ('17', 't'))])

Chosen seed at iteration 1: 1
Chosen chr at iteration 1


Iteration 2
2	deque([(('17', 'h'), ('17', 't'))])
2	deque([(('24', 'h'), ('24', 't'))])

Chosen seed at iteration 2: 1
Chosen chr at iteration 2


Iteration 3
3	deque([(('24', 'h'), ('24', 't'))])

Chosen seed at iteration 3: 1
Chosen chr at iteration 3


Iteration 4
Iteration 1
1	deque([(('21', 'h'), ('21', 't'))])
1	deque([(('24', 'h'), ('24', 't'))])
1	deque([(('17', 'h'), ('17', 't'))])

Chosen seed at iteration 1: 1
Chosen chr at iteration 1


Iteration 2
2	deque([(('17', 'h'), ('17', 't'))])
2	deque([(('24', 'h'), ('24', 't'))])

Chosen seed at iteration 2: 1
Chosen chr at iteration 2


Iteration 3
3	deque([(('24', 'h'), ('24', 't'))])

Chosen seed at iteration 3: 1
Chosen chr at iteration 3


Iteration 4
Iteration 1
1	deque([(('21', 'h'), ('21', 't'))])
1	deque([(('17', 'h'), ('17', 't'))])
1	deque([(('24', 'h'), ('24', 't'))])

Chosen seed at iteration 1: 1
Chosen chr at iteration 1


Iteration 2
2	deque([(('24', 'h'), ('24', 't'))])
2	deque([(('17', 'h'), ('17', 't'))])

Chosen seed at iteration 2: 2
Chosen chr at iteration 2


Iteration 3
3	deque([(('24', 'h'), ('24', 't'))])

Chosen seed at iteration 3: 1
Chosen chr at iteration 3


Iteration 4
Iteration 1
1	deque([(('24', 'h'), ('24', 't'))])
1	deque([(('17', 'h'), ('17', 't'))])
1	deque([(('21', 'h'), ('21', 't'))])

Chosen seed at iteration 1: 3
Chosen chr at iteration 1


Iteration 2
2	deque([(('17', 'h'), ('17', 't'))])
2	deque([(('24', 'h'), ('24', 't'))])

Chosen seed at iteration 2: 2
Chosen chr at iteration 2


Iteration 3
3	deque([(('17', 'h'), ('17', 't'))])

Chosen seed at iteration 3: 1
Chosen chr at iteration 3


Iteration 4
Iteration 1
1	deque([(('24', 'h'), ('24', 't'))])
1	deque([(('21', 'h'), ('21', 't'))])
1	deque([(('17', 'h'), ('17', 't'))])

Chosen seed at iteration 1: 2
Chosen chr at iteration 1


Iteration 2
2	deque([(('24', 'h'), ('24', 't'))])
2	deque([(('17', 'h'), ('17', 't'))])

Chosen seed at iteration 2: 1
Chosen chr at iteration 2


Iteration 3
3	deque([(('17', 'h'), ('17', 't'))])

Chosen seed at iteration 3: 1
Chosen chr at iteration 3


Iteration 4
Iteration 1
1	deque([(('17', 'h'), ('17', 't'))])
1	deque([(('21', 'h'), ('21', 't'))])
1	deque([(('24', 'h'), ('24', 't'))])

Chosen seed at iteration 1: 1
Chosen chr at iteration 1


Iteration 2
2	deque([(('24', 'h'), ('24', 't'))])
2	deque([(('21', 'h'), ('21', 't'))])

Chosen seed at iteration 2: 1
Chosen chr at iteration 2


Iteration 3
3	deque([(('21', 'h'), ('21', 't'))])

Chosen seed at iteration 3: 1
Chosen chr at iteration 3


Iteration 4
Iteration 1
1	deque([(('21', 'h'), ('21', 't'))])
1	deque([(('24', 'h'), ('24', 't'))])
1	deque([(('17', 'h'), ('17', 't'))])

Chosen seed at iteration 1: 3
Chosen chr at iteration 1


Iteration 2
2	deque([(('24', 'h'), ('24', 't'))])
2	deque([(('21', 'h'), ('21', 't'))])

Chosen seed at iteration 2: 1
Chosen chr at iteration 2


Iteration 3
3	deque([(('21', 'h'), ('21', 't'))])

Chosen seed at iteration 3: 1
Chosen chr at iteration 3


Iteration 4
Iteration 1
1	deque([(('21', 'h'), ('21', 't'))])
1	deque([(('17', 'h'), ('17', 't'))])
1	deque([(('24', 'h'), ('24', 't'))])

Chosen seed at iteration 1: 1
Chosen chr at iteration 1


Iteration 2
2	deque([(('24', 'h'), ('24', 't'))])
2	deque([(('17', 'h'), ('17', 't'))])

Chosen seed at iteration 2: 1
Chosen chr at iteration 2


Iteration 3
3	deque([(('17', 'h'), ('17', 't'))])

Chosen seed at iteration 3: 1
Chosen chr at iteration 3


Iteration 4
Iteration 1
1	deque([(('24', 'h'), ('24', 't'))])
1	deque([(('21', 'h'), ('21', 't'))])
1	deque([(('17', 'h'), ('17', 't'))])

Chosen seed at iteration 1: 2
Chosen chr at iteration 1


Iteration 2
2	deque([(('24', 'h'), ('24', 't'))])
2	deque([(('17', 'h'), ('17', 't'))])

Chosen seed at iteration 2: 1
Chosen chr at iteration 2


Iteration 3
3	deque([(('17', 'h'), ('17', 't'))])

Chosen seed at iteration 3: 1
Chosen chr at iteration 3


Iteration 4
Iteration 1
1	deque([(('24', 'h'), ('24', 't'))])
1	deque([(('21', 'h'), ('21', 't'))])
1	deque([(('17', 'h'), ('17', 't'))])

Chosen seed at iteration 1: 2
Chosen chr at iteration 1


Iteration 2
2	deque([(('24', 'h'), ('24', 't'))])
2	deque([(('17', 'h'), ('17', 't'))])

Chosen seed at iteration 2: 1
Chosen chr at iteration 2


Iteration 3
3	deque([(('17', 'h'), ('17', 't'))])

Chosen seed at iteration 3: 1
Chosen chr at iteration 3


Iteration 4
Iteration 1
1	deque([(('24', 'h'), ('24', 't'))])
1	deque([(('17', 'h'), ('17', 't'))])
1	deque([(('21', 'h'), ('21', 't'))])

Chosen seed at iteration 1: 2
Chosen chr at iteration 1


Iteration 2
2	deque([(('21', 'h'), ('21', 't'))])
2	deque([(('24', 'h'), ('24', 't'))])

Chosen seed at iteration 2: 2
Chosen chr at iteration 2


Iteration 3
3	deque([(('21', 'h'), ('21', 't'))])

Chosen seed at iteration 3: 1
Chosen chr at iteration 3


Iteration 4
Iteration 1
1	deque([(('21', 'h'), ('21', 't'))])
1	deque([(('17', 'h'), ('17', 't'))])

Chosen seed at iteration 1: 1
Chosen chr at iteration 1


Iteration 2
2	deque([(('17', 'h'), ('17', 't'))])
2	deque([(('24', 'h'), ('24', 't'))])

Chosen seed at iteration 2: 2
Chosen chr at iteration 2


Iteration 3
3	deque([(('17', 'h'), ('17', 't'))])

Chosen seed at iteration 3: 1
Chosen chr at iteration 3


Iteration 4
Iteration 1
1	deque([(('24', 'h'), ('24', 't'))])

Chosen seed at iteration 1: 1
Chosen chr at iteration 1


Iteration 2
2	deque([(('17', 'h'), ('17', 't'))])

Chosen seed at iteration 2: 1
Chosen chr at iteration 2


Iteration 3
Iteration 1
1	deque([(('24', 'h'), ('24', 't'))])

Chosen seed at iteration 1: 1
Chosen chr at iteration 1


Iteration 2
2	deque([(('17', 'h'), ('17', 't'))])

Chosen seed at iteration 2: 1
Chosen chr at iteration 2


Iteration 3
Iteration 1
1	deque([(('24', 'h'), ('24', 't'))])

Chosen seed at iteration 1: 1
Chosen chr at iteration 1


Iteration 2
2	deque([(('17', 'h'), ('17', 't'))])

Chosen seed at iteration 2: 1
Chosen chr at iteration 2


Iteration 3
Iteration 1
1	deque([(('24', 'h'), ('24', 't'))])

Chosen seed at iteration 1: 1
Chosen chr at iteration 1


Iteration 2
2	deque([(('17', 'h'), ('17', 't'))])

Chosen seed at iteration 2: 1
Chosen chr at iteration 2


Iteration 3
Iteration 1
1	deque([(('24', 'h'), ('24', 't'))])

Chosen seed at iteration 1: 1
Chosen chr at iteration 1


Iteration 2
2	deque([(('17', 'h'), ('17', 't'))])

Chosen seed at iteration 2: 1
Chosen chr at iteration 2


Iteration 3
Iteration 1
1	deque([(('24', 'h'), ('24', 't'))])

Chosen seed at iteration 1: 1
Chosen chr at iteration 1


Iteration 2
2	deque([(('17', 'h'), ('17', 't'))])

Chosen seed at iteration 2: 1
Chosen chr at iteration 2


Iteration 3
Iteration 1
1	deque([(('24', 'h'), ('24', 't'))])

Chosen seed at iteration 1: 1
Chosen chr at iteration 1


Iteration 2
2	deque([(('17', 'h'), ('17', 't'))])

Chosen seed at iteration 2: 1
Chosen chr at iteration 2


Iteration 3
Iteration 1
1	deque([(('24', 'h'), ('24', 't'))])

Chosen seed at iteration 1: 1
Chosen chr at iteration 1


Iteration 2
2	deque([(('17', 'h'), ('17', 't'))])

Chosen seed at iteration 2: 1
Chosen chr at iteration 2


Iteration 3
Iteration 1
1	deque([(('24', 'h'), ('24', 't'))])

Chosen seed at iteration 1: 1
Chosen chr at iteration 1


Iteration 2
2	deque([(('17', 'h'), ('17', 't'))])

Chosen seed at iteration 2: 1
Chosen chr at iteration 2


Iteration 3
Iteration 1
1	deque([(('24', 'h'), ('24', 't'))])

Chosen seed at iteration 1: 1
Chosen chr at iteration 1


Iteration 2
2	deque([(('17', 'h'), ('17', 't'))])

Chosen seed at iteration 2: 1
Chosen chr at iteration 2


Iteration 3
Iteration 1
1	deque([(('24', 'h'), ('24', 't'))])

Chosen seed at iteration 1: 1
Chosen chr at iteration 1


Iteration 2
2	deque([(('17', 'h'), ('17', 't'))])

Chosen seed at iteration 2: 1
Chosen chr at iteration 2


Iteration 3
Iteration 1
1	deque([(('24', 'h'), ('24', 't'))])

Chosen seed at iteration 1: 1
Chosen chr at iteration 1


Iteration 2
2	deque([(('17', 'h'), ('17', 't'))])

Chosen seed at iteration 2: 1
Chosen chr at iteration 2


Iteration 3
Iteration 1
1	deque([(('24', 'h'), ('24', 't'))])

Chosen seed at iteration 1: 1
Chosen chr at iteration 1


Iteration 2
2	deque([(('17', 'h'), ('17', 't'))])

Chosen seed at iteration 2: 1
Chosen chr at iteration 2


Iteration 3
Iteration 1
1	deque([(('24', 'h'), ('24', 't'))])

Chosen seed at iteration 1: 1
Chosen chr at iteration 1


Iteration 2
2	deque([(('17', 'h'), ('17', 't'))])

Chosen seed at iteration 2: 1
Chosen chr at iteration 2


Iteration 3
Iteration 1
1	deque([(('24', 'h'), ('24', 't'))])

Chosen seed at iteration 1: 1
Chosen chr at iteration 1


Iteration 2
2	deque([(('17', 'h'), ('17', 't'))])

Chosen seed at iteration 2: 1
Chosen chr at iteration 2


Iteration 3
Iteration 1
1	deque([(('24', 'h'), ('24', 't'))])

Chosen seed at iteration 1: 1
Chosen chr at iteration 1


Iteration 2
2	deque([(('17', 'h'), ('17', 't'))])

Chosen seed at iteration 2: 1
Chosen chr at iteration 2


Iteration 3
Iteration 1
1	deque([(('24', 'h'), ('24', 't'))])

Chosen seed at iteration 1: 1
Chosen chr at iteration 1


Iteration 2
2	deque([(('17', 'h'), ('17', 't'))])

Chosen seed at iteration 2: 1
Chosen chr at iteration 2


Iteration 3
Iteration 1
1	deque([(('24', 'h'), ('24', 't'))])

Chosen seed at iteration 1: 1
Chosen chr at iteration 1


Iteration 2
2	deque([(('17', 'h'), ('17', 't'))])

Chosen seed at iteration 2: 1
Chosen chr at iteration 2


Iteration 3
Iteration 1
1	deque([(('24', 'h'), ('24', 't'))])

Chosen seed at iteration 1: 1
Chosen chr at iteration 1


Iteration 2
2	deque([(('17', 'h'), ('17', 't'))])

Chosen seed at iteration 2: 1
Chosen chr at iteration 2


Iteration 3
Iteration 1
1	deque([(('24', 'h'), ('24', 't'))])

Chosen seed at iteration 1: 1
Chosen chr at iteration 1


Iteration 2
2	deque([(('17', 'h'), ('17', 't'))])

Chosen seed at iteration 2: 1
Chosen chr at iteration 2


Iteration 3
Iteration 1
1	deque([(('24', 'h'), ('24', 't'))])

Chosen seed at iteration 1: 1
Chosen chr at iteration 1


Iteration 2
2	deque([(('17', 'h'), ('17', 't'))])

Chosen seed at iteration 2: 1
Chosen chr at iteration 2


Iteration 3
Iteration 1
1	deque([(('24', 'h'), ('24', 't'))])

Chosen seed at iteration 1: 1
Chosen chr at iteration 1


Iteration 2
2	deque([(('17', 'h'), ('17', 't'))])

Chosen seed at iteration 2: 1
Chosen chr at iteration 2


Iteration 3
Iteration 1
1	deque([(('24', 'h'), ('24', 't'))])

Chosen seed at iteration 1: 1
Chosen chr at iteration 1


Iteration 2
2	deque([(('17', 'h'), ('17', 't'))])

Chosen seed at iteration 2: 1
Chosen chr at iteration 2


Iteration 3
Iteration 1
1	deque([(('24', 'h'), ('24', 't'))])

Chosen seed at iteration 1: 1
Chosen chr at iteration 1


Iteration 2
2	deque([(('17', 'h'), ('17', 't'))])

Chosen seed at iteration 2: 1
Chosen chr at iteration 2


Iteration 3
Iteration 1
1	deque([(('24', 'h'), ('24', 't'))])

Chosen seed at iteration 1: 1
Chosen chr at iteration 1


Iteration 2
2	deque([(('17', 'h'), ('17', 't'))])

Chosen seed at iteration 2: 1
Chosen chr at iteration 2


Iteration 3
Iteration 1
1	deque([(('24', 'h'), ('24', 't'))])

Chosen seed at iteration 1: 1
Chosen chr at iteration 1


Iteration 2
2	deque([(('17', 'h'), ('17', 't'))])

Chosen seed at iteration 2: 1
Chosen chr at iteration 2


Iteration 3
