Iteration 1
1	deque([(('55_2', 'h'), ('65_0', 't')), (('59_0', 'h'), ('55_2', 't')), (('51_4', 'h'), ('59_0', 't')), (('64_5', 'h'), ('51_4', 't')), (('64_5', 't'), ('28_0', 't')), (('28_0', 'h'), ('80_1', 't')), (('80_1', 'h'), ('46_7', 't')), (('46_7', 'h'), ('79_6', 't')), (('79_6', 'h'), ('37_1', 't')), (('37_1', 'h'), ('46_0', 't')), (('46_0', 'h'), ('34_0', 'h')), (('50_0', 'h'), ('34_0', 't')), (('50_0', 't'), ('44_1', 't')), (('65_5', 'h'), ('44_1', 'h')), (('55_4', 'h'), ('65_5', 't')), (('81_1', 't'), ('55_4', 't')), (('81_1', 'h'), ('61_0', 't')), (('61_0', 'h'), ('51_2', 'h')), (('64_0', 'h'), ('51_2', 't')), (('64_0', 't'), ('36_0', 't')), (('65_2', 'h'), ('36_0', 'h')), (('55_0', 'h'), ('65_2', 't')), (('59_2', 'h'), ('55_0', 't')), (('51_3', 'h'), ('59_2', 't')), (('64_6', 'h'), ('51_3', 't')), (('64_6', 't'), ('36_1', 't')), (('65_0', 'h'), ('36_1', 'h'))])
1	deque([(('65_6', 'h'), ('75_0', 't')), (('55_1', 'h'), ('65_6', 't')), (('59_1', 'h'), ('55_1', 't')), (('51_5', 'h'), ('59_1', 't')), (('64_2', 'h'), ('51_5', 't')), (('64_2', 't'), ('28_1', 't')), (('28_1', 'h'), ('80_3', 't')), (('80_3', 'h'), ('46_2', 't')), (('46_2', 'h'), ('79_2', 't')), (('79_2', 'h'), ('20_1', 'h')), (('79_7', 'h'), ('20_1', 't')), (('46_4', 'h'), ('79_7', 't')), (('31_1', 'h'), ('46_4', 't')), (('50_2', 'h'), ('31_1', 't')), (('50_2', 't'), ('44_0', 't')), (('65_1', 'h'), ('44_0', 'h')), (('55_5', 'h'), ('65_1', 't')), (('81_0', 't'), ('55_5', 't')), (('81_0', 'h'), ('75_0', 'h'))])
1	deque([(('46_8', 'h'), ('79_1', 't')), (('79_1', 'h'), ('37_0', 't')), (('37_0', 'h'), ('46_8', 't'))])

Chosen seed at iteration 1: 2
Chosen chr at iteration 1


Iteration 2
2	deque([(('59_1', 'h'), ('55_4', 't')), (('51_0', 'h'), ('59_1', 't')), (('64_0', 'h'), ('51_0', 't')), (('64_0', 't'), ('36_1', 't')), (('65_5', 'h'), ('36_1', 'h')), (('55_2', 'h'), ('65_5', 't')), (('81_1', 't'), ('55_2', 't')), (('81_1', 'h'), ('75_1', 'h')), (('65_6', 'h'), ('75_1', 't')), (('55_0', 'h'), ('65_6', 't')), (('59_2', 'h'), ('55_0', 't')), (('51_6', 'h'), ('59_2', 't')), (('64_5', 'h'), ('51_6', 't')), (('64_5', 't'), ('36_0', 't')), (('65_0', 'h'), ('36_0', 'h')), (('55_4', 'h'), ('65_0', 't'))])

Chosen seed at iteration 2: 1
Chosen chr at iteration 2


Iteration 3
3	deque([(('64_5', 'h'), ('51_0', 't')), (('64_5', 't'), ('28_1', 't')), (('28_1', 'h'), ('80_0', 't')), (('80_0', 'h'), ('46_0', 't')), (('46_0', 'h'), ('34_0', 'h')), (('50_1', 'h'), ('34_0', 't')), (('50_1', 't'), ('44_0', 't')), (('65_0', 'h'), ('44_0', 'h')), (('55_4', 'h'), ('65_0', 't')), (('59_0', 'h'), ('55_4', 't')), (('51_5', 'h'), ('59_0', 't')), (('64_3', 'h'), ('51_5', 't')), (('64_3', 't'), ('36_0', 't')), (('65_3', 'h'), ('36_0', 'h')), (('55_1', 'h'), ('65_3', 't')), (('59_2', 'h'), ('55_1', 't')), (('51_0', 'h'), ('59_2', 't'))])

Chosen seed at iteration 3: 1
Chosen chr at iteration 3


Iteration 4
4	deque([(('46_8', 'h'), ('79_6', 't')), (('79_6', 'h'), ('37_0', 't')), (('37_0', 'h'), ('46_8', 't'))])
4	deque([(('81_0', 'h'), ('75_2', 'h')), (('65_4', 'h'), ('75_2', 't')), (('55_3', 'h'), ('65_4', 't')), (('81_0', 't'), ('55_3', 't'))])

Chosen seed at iteration 4: 1
Chosen chr at iteration 4


Iteration 5
Iteration 1
1	deque([(('25_2', 'h'), ('41_2', 't')), (('39_2', 't'), ('25_2', 't')), (('41_2', 'h'), ('39_2', 'h'))])
1	deque([(('41_4', 'h'), ('39_1', 'h')), (('39_1', 't'), ('25_0', 't')), (('25_0', 'h'), ('41_3', 't')), (('41_3', 'h'), ('39_4', 'h')), (('39_4', 't'), ('25_1', 't')), (('25_1', 'h'), ('41_1', 't')), (('41_1', 'h'), ('30_0', 't')), (('39_0', 'h'), ('30_0', 'h')), (('39_0', 't'), ('25_3', 't')), (('25_3', 'h'), ('41_4', 't'))])

Chosen seed at iteration 1: 2
Chosen chr at iteration 1


Iteration 2
2	deque([(('41_4', 'h'), ('30_0', 't')), (('25_0', 'h'), ('41_4', 't')), (('39_5', 't'), ('25_0', 't')), (('41_3', 'h'), ('39_5', 'h')), (('25_3', 'h'), ('41_3', 't')), (('39_2', 't'), ('25_3', 't')), (('41_2', 'h'), ('39_2', 'h')), (('25_1', 'h'), ('41_2', 't')), (('39_4', 't'), ('25_1', 't')), (('39_4', 'h'), ('30_0', 'h'))])
2	deque([(('39_0', 't'), ('25_2', 't')), (('25_2', 'h'), ('41_1', 't')), (('41_1', 'h'), ('39_0', 'h'))])

Chosen seed at iteration 2: 2
Chosen chr at iteration 2


Iteration 3
3	deque([(('25_0', 'h'), ('41_2', 't')), (('39_5', 't'), ('25_0', 't')), (('41_3', 'h'), ('39_5', 'h')), (('25_1', 'h'), ('41_3', 't')), (('39_0', 't'), ('25_1', 't')), (('41_4', 'h'), ('39_0', 'h')), (('25_3', 'h'), ('41_4', 't')), (('39_1', 't'), ('25_3', 't')), (('41_1', 'h'), ('39_1', 'h')), (('25_2', 'h'), ('41_1', 't')), (('39_2', 't'), ('25_2', 't')), (('39_2', 'h'), ('30_0', 'h')), (('41_2', 'h'), ('30_0', 't'))])

Chosen seed at iteration 3: 1
Chosen chr at iteration 3


Iteration 4
4	deque([(('41_2', 'h'), ('39_0', 'h')), (('39_0', 't'), ('25_0', 't')), (('25_0', 'h'), ('41_4', 't')), (('41_4', 'h'), ('30_0', 't')), (('39_4', 'h'), ('30_0', 'h')), (('39_4', 't'), ('25_2', 't')), (('25_2', 'h'), ('41_3', 't')), (('41_3', 'h'), ('39_1', 'h')), (('39_1', 't'), ('25_1', 't')), (('25_1', 'h'), ('41_2', 't'))])
4	deque([(('25_3', 'h'), ('41_1', 't')), (('41_1', 'h'), ('39_2', 'h')), (('39_2', 't'), ('25_3', 't'))])

Chosen seed at iteration 4: 2
Chosen chr at iteration 4


Iteration 5
5	deque([(('39_2', 't'), ('25_0', 't')), (('41_3', 'h'), ('39_2', 'h')), (('25_2', 'h'), ('41_3', 't')), (('39_1', 't'), ('25_2', 't')), (('41_2', 'h'), ('39_1', 'h')), (('25_1', 'h'), ('41_2', 't')), (('39_5', 't'), ('25_1', 't')), (('41_4', 'h'), ('39_5', 'h')), (('25_0', 'h'), ('41_4', 't'))])
5	deque([(('39_4', 't'), ('25_3', 't')), (('25_3', 'h'), ('41_1', 't')), (('41_1', 'h'), ('30_0', 't')), (('39_4', 'h'), ('30_0', 'h'))])

Chosen seed at iteration 5: 1
Chosen chr at iteration 5


Iteration 6
6	deque([(('41_1', 'h'), ('39_4', 'h')), (('39_4', 't'), ('25_3', 't')), (('25_3', 'h'), ('41_3', 't')), (('41_3', 'h'), ('39_1', 'h')), (('39_1', 't'), ('25_1', 't')), (('25_1', 'h'), ('41_4', 't')), (('41_4', 'h'), ('39_2', 'h')), (('39_2', 't'), ('25_0', 't')), (('25_0', 'h'), ('41_1', 't'))])
6	deque([(('41_2', 'h'), ('30_0', 't')), (('39_5', 'h'), ('30_0', 'h')), (('39_5', 't'), ('25_2', 't')), (('25_2', 'h'), ('41_2', 't'))])

Chosen seed at iteration 6: 1
Chosen chr at iteration 6


Iteration 7
7	deque([(('25_2', 'h'), ('41_4', 't')), (('41_4', 'h'), ('39_4', 'h')), (('39_4', 't'), ('25_2', 't'))])
7	deque([(('41_2', 'h'), ('39_0', 'h')), (('39_0', 't'), ('25_0', 't')), (('25_0', 'h'), ('41_2', 't'))])
7	deque([(('41_3', 'h'), ('30_0', 't')), (('39_1', 'h'), ('30_0', 'h')), (('39_1', 't'), ('25_1', 't')), (('25_1', 'h'), ('41_1', 't')), (('41_1', 'h'), ('39_5', 'h')), (('39_5', 't'), ('25_3', 't')), (('25_3', 'h'), ('41_3', 't'))])

Chosen seed at iteration 7: 1
Chosen chr at iteration 7


Iteration 8
8	deque([(('41_4', 'h'), ('39_1', 'h')), (('39_1', 't'), ('25_3', 't')), (('25_3', 'h'), ('41_4', 't'))])
8	deque([(('25_1', 'h'), ('41_3', 't')), (('41_3', 'h'), ('30_0', 't')), (('39_5', 'h'), ('30_0', 'h')), (('39_5', 't'), ('25_2', 't')), (('25_2', 'h'), ('41_2', 't')), (('41_2', 'h'), ('39_2', 'h')), (('39_2', 't'), ('25_1', 't'))])
8	deque([(('39_0', 't'), ('25_0', 't')), (('41_1', 'h'), ('39_0', 'h')), (('25_0', 'h'), ('41_1', 't'))])

Chosen seed at iteration 8: 3
Chosen chr at iteration 8


Iteration 9
9	deque([(('25_0', 'h'), ('41_1', 't')), (('41_1', 'h'), ('39_5', 'h')), (('39_5', 't'), ('25_2', 't')), (('25_2', 'h'), ('41_2', 't')), (('41_2', 'h'), ('39_2', 'h')), (('39_2', 't'), ('25_1', 't')), (('25_1', 'h'), ('41_3', 't')), (('41_3', 'h'), ('30_0', 't')), (('39_1', 'h'), ('30_0', 'h')), (('39_1', 't'), ('25_3', 't')), (('25_3', 'h'), ('41_4', 't')), (('41_4', 'h'), ('39_0', 'h')), (('39_0', 't'), ('25_0', 't'))])

Chosen seed at iteration 9: 1
Chosen chr at iteration 9


Iteration 10
10	deque([(('41_3', 'h'), ('39_5', 'h')), (('39_5', 't'), ('25_3', 't')), (('25_3', 'h'), ('41_4', 't')), (('41_4', 'h'), ('30_0', 't')), (('39_2', 'h'), ('30_0', 'h')), (('39_2', 't'), ('25_1', 't')), (('25_1', 'h'), ('41_1', 't')), (('41_1', 'h'), ('39_1', 'h')), (('39_1', 't'), ('25_2', 't')), (('25_2', 'h'), ('41_3', 't'))])
10	deque([(('25_0', 'h'), ('41_2', 't')), (('39_4', 't'), ('25_0', 't')), (('41_2', 'h'), ('39_4', 'h'))])

Chosen seed at iteration 10: 1
Chosen chr at iteration 10


Iteration 11
11	deque([(('41_3', 'h'), ('30_0', 't')), (('25_1', 'h'), ('41_3', 't')), (('39_4', 't'), ('25_1', 't')), (('41_2', 'h'), ('39_4', 'h')), (('25_3', 'h'), ('41_2', 't')), (('39_2', 't'), ('25_3', 't')), (('41_1', 'h'), ('39_2', 'h')), (('25_2', 'h'), ('41_1', 't')), (('39_5', 't'), ('25_2', 't')), (('39_5', 'h'), ('30_0', 'h'))])
11	deque([(('25_0', 'h'), ('41_4', 't')), (('39_1', 't'), ('25_0', 't')), (('41_4', 'h'), ('39_1', 'h'))])

Chosen seed at iteration 11: 2
Chosen chr at iteration 11


Iteration 12
12	deque([(('41_4', 'h'), ('39_2', 'h')), (('25_0', 'h'), ('41_4', 't')), (('39_1', 't'), ('25_0', 't')), (('39_1', 'h'), ('30_0', 'h')), (('41_1', 'h'), ('30_0', 't')), (('25_2', 'h'), ('41_1', 't')), (('39_0', 't'), ('25_2', 't')), (('41_3', 'h'), ('39_0', 'h')), (('25_1', 'h'), ('41_3', 't')), (('39_4', 't'), ('25_1', 't')), (('41_2', 'h'), ('39_4', 'h')), (('25_3', 'h'), ('41_2', 't')), (('39_2', 't'), ('25_3', 't'))])

Chosen seed at iteration 12: 1
Chosen chr at iteration 12


Iteration 13
13	deque([(('25_3', 'h'), ('41_2', 't')), (('41_2', 'h'), ('30_0', 't')), (('39_5', 'h'), ('30_0', 'h')), (('39_5', 't'), ('25_1', 't')), (('25_1', 'h'), ('41_4', 't')), (('41_4', 'h'), ('39_4', 'h')), (('39_4', 't'), ('25_0', 't')), (('25_0', 'h'), ('41_1', 't')), (('41_1', 'h'), ('39_2', 'h')), (('39_2', 't'), ('25_2', 't')), (('25_2', 'h'), ('41_3', 't')), (('41_3', 'h'), ('39_0', 'h')), (('39_0', 't'), ('25_3', 't'))])

Chosen seed at iteration 13: 1
Chosen chr at iteration 13


Iteration 14
14	deque([(('25_0', 'h'), ('41_2', 't')), (('41_2', 'h'), ('39_2', 'h')), (('39_2', 't'), ('25_1', 't')), (('25_1', 'h'), ('41_1', 't')), (('41_1', 'h'), ('39_4', 'h')), (('39_4', 't'), ('25_3', 't')), (('25_3', 'h'), ('41_3', 't')), (('41_3', 'h'), ('30_0', 't')), (('39_1', 'h'), ('30_0', 'h')), (('39_1', 't'), ('25_2', 't')), (('25_2', 'h'), ('41_4', 't')), (('41_4', 'h'), ('39_0', 'h')), (('39_0', 't'), ('25_0', 't'))])

Chosen seed at iteration 14: 1
Chosen chr at iteration 14


Iteration 15
15	deque([(('39_2', 'h'), ('30_0', 'h')), (('41_4', 'h'), ('30_0', 't')), (('25_0', 'h'), ('41_4', 't')), (('39_2', 't'), ('25_0', 't'))])
15	deque([(('25_2', 'h'), ('41_2', 't')), (('41_2', 'h'), ('39_0', 'h')), (('39_0', 't'), ('25_3', 't')), (('25_3', 'h'), ('41_1', 't')), (('41_1', 'h'), ('39_5', 'h')), (('39_5', 't'), ('25_2', 't'))])
15	deque([(('39_1', 't'), ('25_1', 't')), (('25_1', 'h'), ('41_3', 't')), (('41_3', 'h'), ('39_1', 'h'))])

Chosen seed at iteration 15: 2
Chosen chr at iteration 15


Iteration 16
16	deque([(('25_3', 'h'), ('41_4', 't')), (('39_1', 't'), ('25_3', 't')), (('41_2', 'h'), ('39_1', 'h')), (('25_0', 'h'), ('41_2', 't')), (('39_4', 't'), ('25_0', 't')), (('39_4', 'h'), ('30_0', 'h')), (('41_4', 'h'), ('30_0', 't'))])
16	deque([(('41_1', 'h'), ('39_0', 'h')), (('25_2', 'h'), ('41_1', 't')), (('39_2', 't'), ('25_2', 't')), (('41_3', 'h'), ('39_2', 'h')), (('25_1', 'h'), ('41_3', 't')), (('39_0', 't'), ('25_1', 't'))])

Chosen seed at iteration 16: 2
Chosen chr at iteration 16


Iteration 17
17	deque([(('39_2', 't'), ('25_0', 't')), (('39_2', 'h'), ('30_0', 'h')), (('41_4', 'h'), ('30_0', 't')), (('25_1', 'h'), ('41_4', 't')), (('39_1', 't'), ('25_1', 't')), (('41_1', 'h'), ('39_1', 'h')), (('25_2', 'h'), ('41_1', 't')), (('39_4', 't'), ('25_2', 't')), (('41_3', 'h'), ('39_4', 'h')), (('25_0', 'h'), ('41_3', 't'))])
17	deque([(('25_3', 'h'), ('41_2', 't')), (('39_0', 't'), ('25_3', 't')), (('41_2', 'h'), ('39_0', 'h'))])

Chosen seed at iteration 17: 1
Chosen chr at iteration 17


Iteration 18
18	deque([(('25_3', 'h'), ('41_4', 't')), (('39_5', 't'), ('25_3', 't')), (('41_4', 'h'), ('39_5', 'h'))])
18	deque([(('25_0', 'h'), ('41_3', 't')), (('39_2', 't'), ('25_0', 't')), (('39_2', 'h'), ('30_0', 'h')), (('41_1', 'h'), ('30_0', 't')), (('25_2', 'h'), ('41_1', 't')), (('39_0', 't'), ('25_2', 't')), (('41_2', 'h'), ('39_0', 'h')), (('25_1', 'h'), ('41_2', 't')), (('39_1', 't'), ('25_1', 't')), (('41_3', 'h'), ('39_1', 'h'))])

Chosen seed at iteration 18: 1
Chosen chr at iteration 18


Iteration 19
19	deque([(('25_3', 'h'), ('41_2', 't')), (('39_1', 't'), ('25_3', 't')), (('41_3', 'h'), ('39_1', 'h')), (('25_0', 'h'), ('41_3', 't')), (('39_4', 't'), ('25_0', 't')), (('41_2', 'h'), ('39_4', 'h'))])
19	deque([(('39_2', 't'), ('25_1', 't')), (('41_1', 'h'), ('39_2', 'h')), (('25_1', 'h'), ('41_1', 't'))])
19	deque([(('25_2', 'h'), ('41_4', 't')), (('39_0', 't'), ('25_2', 't')), (('39_0', 'h'), ('30_0', 'h')), (('41_4', 'h'), ('30_0', 't'))])

Chosen seed at iteration 19: 3
Chosen chr at iteration 19


Iteration 20
20	deque([(('41_3', 'h'), ('39_5', 'h')), (('25_0', 'h'), ('41_3', 't')), (('39_0', 't'), ('25_0', 't')), (('41_2', 'h'), ('39_0', 'h')), (('25_1', 'h'), ('41_2', 't')), (('39_4', 't'), ('25_1', 't')), (('39_4', 'h'), ('30_0', 'h')), (('41_1', 'h'), ('30_0', 't')), (('25_2', 'h'), ('41_1', 't')), (('39_5', 't'), ('25_2', 't'))])
20	deque([(('39_1', 't'), ('25_3', 't')), (('41_4', 'h'), ('39_1', 'h')), (('25_3', 'h'), ('41_4', 't'))])

Chosen seed at iteration 20: 1
Chosen chr at iteration 20


Iteration 21
21	deque([(('41_3', 'h'), ('39_1', 'h')), (('25_0', 'h'), ('41_3', 't')), (('39_2', 't'), ('25_0', 't')), (('41_4', 'h'), ('39_2', 'h')), (('25_2', 'h'), ('41_4', 't')), (('39_4', 't'), ('25_2', 't')), (('41_2', 'h'), ('39_4', 'h')), (('25_1', 'h'), ('41_2', 't')), (('39_0', 't'), ('25_1', 't')), (('39_0', 'h'), ('30_0', 'h')), (('41_1', 'h'), ('30_0', 't')), (('25_3', 'h'), ('41_1', 't')), (('39_1', 't'), ('25_3', 't'))])

Chosen seed at iteration 21: 1
Chosen chr at iteration 21


Iteration 22
22	deque([(('41_3', 'h'), ('39_0', 'h')), (('39_0', 't'), ('25_2', 't')), (('25_2', 'h'), ('41_3', 't'))])
22	deque([(('25_3', 'h'), ('41_2', 't')), (('39_2', 't'), ('25_3', 't')), (('41_1', 'h'), ('39_2', 'h')), (('25_1', 'h'), ('41_1', 't')), (('39_1', 't'), ('25_1', 't')), (('41_4', 'h'), ('39_1', 'h')), (('25_0', 'h'), ('41_4', 't')), (('39_4', 't'), ('25_0', 't')), (('39_4', 'h'), ('30_0', 'h')), (('41_2', 'h'), ('30_0', 't'))])

Chosen seed at iteration 22: 1
Chosen chr at iteration 22


Iteration 23
23	deque([(('39_5', 'h'), ('30_0', 'h')), (('39_5', 't'), ('25_0', 't')), (('25_0', 'h'), ('41_2', 't')), (('41_2', 'h'), ('30_0', 't'))])
23	deque([(('39_4', 't'), ('25_3', 't')), (('41_4', 'h'), ('39_4', 'h')), (('25_3', 'h'), ('41_4', 't'))])
23	deque([(('41_3', 'h'), ('39_1', 'h')), (('39_1', 't'), ('25_2', 't')), (('25_2', 'h'), ('41_1', 't')), (('41_1', 'h'), ('39_0', 'h')), (('39_0', 't'), ('25_1', 't')), (('25_1', 'h'), ('41_3', 't'))])

Chosen seed at iteration 23: 2
Chosen chr at iteration 23


Iteration 24
24	deque([(('41_2', 'h'), ('30_0', 't')), (('25_0', 'h'), ('41_2', 't')), (('39_4', 't'), ('25_0', 't')), (('39_4', 'h'), ('30_0', 'h'))])
24	deque([(('39_0', 't'), ('25_1', 't')), (('41_3', 'h'), ('39_0', 'h')), (('25_3', 'h'), ('41_3', 't')), (('39_2', 't'), ('25_3', 't')), (('41_1', 'h'), ('39_2', 'h')), (('25_2', 'h'), ('41_1', 't')), (('39_1', 't'), ('25_2', 't')), (('41_4', 'h'), ('39_1', 'h')), (('25_1', 'h'), ('41_4', 't'))])

Chosen seed at iteration 24: 1
Chosen chr at iteration 24


Iteration 25
25	deque([(('25_2', 'h'), ('41_3', 't')), (('41_3', 'h'), ('30_0', 't')), (('39_5', 'h'), ('30_0', 'h')), (('39_5', 't'), ('25_0', 't')), (('25_0', 'h'), ('41_2', 't')), (('41_2', 'h'), ('39_0', 'h')), (('39_0', 't'), ('25_1', 't')), (('25_1', 'h'), ('41_1', 't')), (('41_1', 'h'), ('39_2', 'h')), (('39_2', 't'), ('25_3', 't')), (('25_3', 'h'), ('41_4', 't')), (('41_4', 'h'), ('39_1', 'h')), (('39_1', 't'), ('25_2', 't'))])

Chosen seed at iteration 25: 1
Chosen chr at iteration 25


Iteration 26
26	deque([(('41_4', 'h'), ('39_5', 'h')), (('39_5', 't'), ('25_0', 't')), (('25_0', 'h'), ('41_2', 't')), (('41_2', 'h'), ('30_0', 't')), (('39_0', 'h'), ('30_0', 'h')), (('39_0', 't'), ('25_3', 't')), (('25_3', 'h'), ('41_4', 't'))])
26	deque([(('39_1', 't'), ('25_1', 't')), (('41_3', 'h'), ('39_1', 'h')), (('25_2', 'h'), ('41_3', 't')), (('39_2', 't'), ('25_2', 't')), (('41_1', 'h'), ('39_2', 'h')), (('25_1', 'h'), ('41_1', 't'))])

Chosen seed at iteration 26: 1
Chosen chr at iteration 26


Iteration 27
27	deque([(('41_4', 'h'), ('39_0', 'h')), (('39_0', 't'), ('25_3', 't')), (('25_3', 'h'), ('41_4', 't'))])
27	deque([(('39_1', 't'), ('25_1', 't')), (('25_1', 'h'), ('41_1', 't')), (('41_1', 'h'), ('39_2', 'h')), (('39_2', 't'), ('25_2', 't')), (('25_2', 'h'), ('41_2', 't')), (('41_2', 'h'), ('39_1', 'h'))])
27	deque([(('25_0', 'h'), ('41_3', 't')), (('41_3', 'h'), ('30_0', 't')), (('39_4', 'h'), ('30_0', 'h')), (('39_4', 't'), ('25_0', 't'))])

Chosen seed at iteration 27: 3
Chosen chr at iteration 27


Iteration 28
28	deque([(('39_1', 't'), ('25_1', 't')), (('41_3', 'h'), ('39_1', 'h')), (('25_1', 'h'), ('41_3', 't'))])
28	deque([(('25_0', 'h'), ('41_1', 't')), (('39_0', 't'), ('25_0', 't')), (('39_0', 'h'), ('30_0', 'h')), (('41_4', 'h'), ('30_0', 't')), (('25_3', 'h'), ('41_4', 't')), (('39_2', 't'), ('25_3', 't')), (('41_2', 'h'), ('39_2', 'h')), (('25_2', 'h'), ('41_2', 't')), (('39_4', 't'), ('25_2', 't')), (('41_1', 'h'), ('39_4', 'h'))])

Chosen seed at iteration 28: 2
Chosen chr at iteration 28


Iteration 29
29	deque([(('41_4', 'h'), ('39_0', 'h')), (('25_0', 'h'), ('41_4', 't')), (('39_4', 't'), ('25_0', 't')), (('41_2', 'h'), ('39_4', 'h')), (('25_1', 'h'), ('41_2', 't')), (('39_1', 't'), ('25_1', 't')), (('41_3', 'h'), ('39_1', 'h')), (('25_2', 'h'), ('41_3', 't')), (('39_5', 't'), ('25_2', 't')), (('39_5', 'h'), ('30_0', 'h')), (('41_1', 'h'), ('30_0', 't')), (('25_3', 'h'), ('41_1', 't')), (('39_0', 't'), ('25_3', 't'))])

Chosen seed at iteration 29: 1
Chosen chr at iteration 29


Iteration 30
30	deque([(('41_2', 'h'), ('39_5', 'h')), (('39_5', 't'), ('25_0', 't')), (('25_0', 'h'), ('41_4', 't')), (('41_4', 'h'), ('30_0', 't')), (('39_1', 'h'), ('30_0', 'h')), (('39_1', 't'), ('25_3', 't')), (('25_3', 'h'), ('41_3', 't')), (('41_3', 'h'), ('39_2', 'h')), (('39_2', 't'), ('25_1', 't')), (('25_1', 'h'), ('41_1', 't')), (('41_1', 'h'), ('39_0', 'h')), (('39_0', 't'), ('25_2', 't')), (('25_2', 'h'), ('41_2', 't'))])

Chosen seed at iteration 30: 1
Chosen chr at iteration 30


Iteration 31
31	deque([(('25_3', 'h'), ('41_1', 't')), (('41_1', 'h'), ('39_0', 'h')), (('39_0', 't'), ('25_3', 't'))])
31	deque([(('25_1', 'h'), ('41_4', 't')), (('41_4', 'h'), ('39_1', 'h')), (('39_1', 't'), ('25_0', 't')), (('25_0', 'h'), ('41_3', 't')), (('41_3', 'h'), ('39_4', 'h')), (('39_4', 't'), ('25_1', 't'))])
31	deque([(('25_2', 'h'), ('41_2', 't')), (('39_2', 't'), ('25_2', 't')), (('39_2', 'h'), ('30_0', 'h')), (('41_2', 'h'), ('30_0', 't'))])

Chosen seed at iteration 31: 2
Chosen chr at iteration 31


Iteration 32
32	deque([(('25_2', 'h'), ('41_2', 't')), (('39_2', 't'), ('25_2', 't')), (('41_4', 'h'), ('39_2', 'h')), (('25_0', 'h'), ('41_4', 't')), (('39_4', 't'), ('25_0', 't')), (('39_4', 'h'), ('30_0', 'h')), (('41_2', 'h'), ('30_0', 't'))])
32	deque([(('25_3', 'h'), ('41_1', 't')), (('39_1', 't'), ('25_3', 't')), (('41_1', 'h'), ('39_1', 'h'))])
32	deque([(('39_0', 't'), ('25_1', 't')), (('25_1', 'h'), ('41_3', 't')), (('41_3', 'h'), ('39_0', 'h'))])

Chosen seed at iteration 32: 2
Chosen chr at iteration 32


Iteration 33
33	deque([(('39_0', 't'), ('25_0', 't')), (('41_3', 'h'), ('39_0', 'h')), (('25_0', 'h'), ('41_3', 't'))])
33	deque([(('39_5', 't'), ('25_3', 't')), (('41_2', 'h'), ('39_5', 'h')), (('25_3', 'h'), ('41_2', 't'))])
33	deque([(('39_4', 'h'), ('30_0', 'h')), (('41_1', 'h'), ('30_0', 't')), (('25_1', 'h'), ('41_1', 't')), (('39_2', 't'), ('25_1', 't')), (('41_4', 'h'), ('39_2', 'h')), (('25_2', 'h'), ('41_4', 't')), (('39_4', 't'), ('25_2', 't'))])

Chosen seed at iteration 33: 3
Chosen chr at iteration 33


Iteration 34
34	deque([(('39_1', 't'), ('25_0', 't')), (('41_3', 'h'), ('39_1', 'h')), (('25_1', 'h'), ('41_3', 't')), (('39_4', 't'), ('25_1', 't')), (('41_4', 'h'), ('39_4', 'h')), (('25_0', 'h'), ('41_4', 't'))])
34	deque([(('39_2', 't'), ('25_2', 't')), (('25_2', 'h'), ('41_2', 't')), (('41_2', 'h'), ('30_0', 't')), (('39_2', 'h'), ('30_0', 'h'))])
34	deque([(('41_1', 'h'), ('39_5', 'h')), (('25_3', 'h'), ('41_1', 't')), (('39_5', 't'), ('25_3', 't'))])

Chosen seed at iteration 34: 1
Chosen chr at iteration 34


Iteration 35
35	deque([(('41_1', 'h'), ('39_4', 'h')), (('25_0', 'h'), ('41_1', 't')), (('39_4', 't'), ('25_0', 't'))])
35	deque([(('41_2', 'h'), ('30_0', 't')), (('39_1', 'h'), ('30_0', 'h')), (('39_1', 't'), ('25_1', 't')), (('25_1', 'h'), ('41_4', 't')), (('41_4', 'h'), ('39_2', 'h')), (('39_2', 't'), ('25_2', 't')), (('25_2', 'h'), ('41_3', 't')), (('41_3', 'h'), ('39_0', 'h')), (('39_0', 't'), ('25_3', 't')), (('25_3', 'h'), ('41_2', 't'))])

Chosen seed at iteration 35: 1
Chosen chr at iteration 35


Iteration 36
36	deque([(('41_1', 'h'), ('39_2', 'h')), (('39_2', 't'), ('25_2', 't')), (('25_2', 'h'), ('41_3', 't')), (('41_3', 'h'), ('39_0', 'h')), (('39_0', 't'), ('25_3', 't')), (('25_3', 'h'), ('41_2', 't')), (('41_2', 'h'), ('30_0', 't')), (('39_4', 'h'), ('30_0', 'h')), (('39_4', 't'), ('25_0', 't')), (('25_0', 'h'), ('41_1', 't'))])
36	deque([(('39_5', 't'), ('25_1', 't')), (('25_1', 'h'), ('41_4', 't')), (('41_4', 'h'), ('39_5', 'h'))])

Chosen seed at iteration 36: 1
Chosen chr at iteration 36


Iteration 37
37	deque([(('39_4', 't'), ('25_3', 't')), (('41_2', 'h'), ('39_4', 'h')), (('25_3', 'h'), ('41_2', 't'))])
37	deque([(('41_3', 'h'), ('30_0', 't')), (('25_2', 'h'), ('41_3', 't')), (('39_1', 't'), ('25_2', 't')), (('39_1', 'h'), ('30_0', 'h'))])
37	deque([(('39_0', 't'), ('25_1', 't')), (('41_4', 'h'), ('39_0', 'h')), (('25_0', 'h'), ('41_4', 't')), (('39_5', 't'), ('25_0', 't')), (('41_1', 'h'), ('39_5', 'h')), (('25_1', 'h'), ('41_1', 't'))])

Chosen seed at iteration 37: 1
Chosen chr at iteration 37


Iteration 38
38	deque([(('39_1', 't'), ('25_2', 't')), (('25_2', 'h'), ('41_2', 't')), (('41_2', 'h'), ('39_1', 'h'))])
38	deque([(('39_2', 'h'), ('30_0', 'h')), (('39_2', 't'), ('25_3', 't')), (('25_3', 'h'), ('41_3', 't')), (('41_3', 'h'), ('30_0', 't'))])
38	deque([(('39_0', 't'), ('25_0', 't')), (('25_0', 'h'), ('41_4', 't')), (('41_4', 'h'), ('39_0', 'h'))])
38	deque([(('25_1', 'h'), ('41_1', 't')), (('39_4', 't'), ('25_1', 't')), (('41_1', 'h'), ('39_4', 'h'))])

Chosen seed at iteration 38: 4
Chosen chr at iteration 38


Iteration 39
39	deque([(('25_3', 'h'), ('41_3', 't')), (('39_2', 't'), ('25_3', 't')), (('39_2', 'h'), ('30_0', 'h')), (('41_1', 'h'), ('30_0', 't')), (('25_1', 'h'), ('41_1', 't')), (('39_4', 't'), ('25_1', 't')), (('41_3', 'h'), ('39_4', 'h'))])
39	deque([(('25_2', 'h'), ('41_4', 't')), (('41_4', 'h'), ('39_0', 'h')), (('39_0', 't'), ('25_0', 't')), (('25_0', 'h'), ('41_2', 't')), (('41_2', 'h'), ('39_1', 'h')), (('39_1', 't'), ('25_2', 't'))])

Chosen seed at iteration 39: 2
Chosen chr at iteration 39


Iteration 40
40	deque([(('41_1', 'h'), ('39_2', 'h')), (('25_3', 'h'), ('41_1', 't')), (('39_4', 't'), ('25_3', 't')), (('39_4', 'h'), ('30_0', 'h')), (('41_3', 'h'), ('30_0', 't')), (('25_0', 'h'), ('41_3', 't')), (('39_1', 't'), ('25_0', 't')), (('41_4', 'h'), ('39_1', 'h')), (('25_1', 'h'), ('41_4', 't')), (('39_0', 't'), ('25_1', 't')), (('41_2', 'h'), ('39_0', 'h')), (('25_2', 'h'), ('41_2', 't')), (('39_2', 't'), ('25_2', 't'))])

Chosen seed at iteration 40: 1
Chosen chr at iteration 40


Iteration 41
41	deque([(('41_1', 'h'), ('39_0', 'h')), (('25_3', 'h'), ('41_1', 't')), (('39_4', 't'), ('25_3', 't')), (('41_3', 'h'), ('39_4', 'h')), (('25_0', 'h'), ('41_3', 't')), (('39_2', 't'), ('25_0', 't')), (('39_2', 'h'), ('30_0', 'h')), (('41_2', 'h'), ('30_0', 't')), (('25_1', 'h'), ('41_2', 't')), (('39_1', 't'), ('25_1', 't')), (('41_4', 'h'), ('39_1', 'h')), (('25_2', 'h'), ('41_4', 't')), (('39_0', 't'), ('25_2', 't'))])

Chosen seed at iteration 41: 1
Chosen chr at iteration 41


Iteration 42
42	deque([(('25_3', 'h'), ('41_1', 't')), (('39_1', 't'), ('25_3', 't')), (('39_1', 'h'), ('30_0', 'h')), (('41_4', 'h'), ('30_0', 't')), (('25_2', 'h'), ('41_4', 't')), (('39_5', 't'), ('25_2', 't')), (('41_3', 'h'), ('39_5', 'h')), (('25_0', 'h'), ('41_3', 't')), (('39_2', 't'), ('25_0', 't')), (('41_1', 'h'), ('39_2', 'h'))])
42	deque([(('25_1', 'h'), ('41_2', 't')), (('39_0', 't'), ('25_1', 't')), (('41_2', 'h'), ('39_0', 'h'))])

Chosen seed at iteration 42: 2
Chosen chr at iteration 42


Iteration 43
43	deque([(('25_1', 'h'), ('41_4', 't')), (('39_0', 't'), ('25_1', 't')), (('41_3', 'h'), ('39_0', 'h')), (('25_0', 'h'), ('41_3', 't')), (('39_2', 't'), ('25_0', 't')), (('41_1', 'h'), ('39_2', 'h')), (('25_3', 'h'), ('41_1', 't')), (('39_1', 't'), ('25_3', 't')), (('39_1', 'h'), ('30_0', 'h')), (('41_4', 'h'), ('30_0', 't'))])
43	deque([(('41_2', 'h'), ('39_4', 'h')), (('25_2', 'h'), ('41_2', 't')), (('39_4', 't'), ('25_2', 't'))])

Chosen seed at iteration 43: 2
Chosen chr at iteration 43


Iteration 44
44	deque([(('41_4', 'h'), ('30_0', 't')), (('39_1', 'h'), ('30_0', 'h')), (('39_1', 't'), ('25_3', 't')), (('25_3', 'h'), ('41_2', 't')), (('41_2', 'h'), ('39_0', 'h')), (('39_0', 't'), ('25_1', 't')), (('25_1', 'h'), ('41_4', 't'))])
44	deque([(('25_2', 'h'), ('41_1', 't')), (('41_1', 'h'), ('39_2', 'h')), (('39_2', 't'), ('25_0', 't')), (('25_0', 'h'), ('41_3', 't')), (('41_3', 'h'), ('39_4', 'h')), (('39_4', 't'), ('25_2', 't'))])

Chosen seed at iteration 44: 2
Chosen chr at iteration 44


Iteration 45
45	deque([(('25_2', 'h'), ('41_2', 't')), (('39_1', 't'), ('25_2', 't')), (('39_1', 'h'), ('30_0', 'h')), (('41_3', 'h'), ('30_0', 't')), (('25_0', 'h'), ('41_3', 't')), (('39_2', 't'), ('25_0', 't')), (('41_1', 'h'), ('39_2', 'h')), (('25_3', 'h'), ('41_1', 't')), (('39_4', 't'), ('25_3', 't')), (('41_4', 'h'), ('39_4', 'h')), (('25_1', 'h'), ('41_4', 't')), (('39_0', 't'), ('25_1', 't')), (('41_2', 'h'), ('39_0', 'h'))])

Chosen seed at iteration 45: 1
Chosen chr at iteration 45


Iteration 46
46	deque([(('25_1', 'h'), ('41_4', 't')), (('39_4', 't'), ('25_1', 't')), (('41_1', 'h'), ('39_4', 'h')), (('25_2', 'h'), ('41_1', 't')), (('39_1', 't'), ('25_2', 't')), (('41_2', 'h'), ('39_1', 'h')), (('25_0', 'h'), ('41_2', 't')), (('39_5', 't'), ('25_0', 't')), (('39_5', 'h'), ('30_0', 'h')), (('41_4', 'h'), ('30_0', 't'))])
46	deque([(('25_3', 'h'), ('41_3', 't')), (('39_2', 't'), ('25_3', 't')), (('41_3', 'h'), ('39_2', 'h'))])

Chosen seed at iteration 46: 1
Chosen chr at iteration 46


Iteration 47
47	deque([(('41_3', 'h'), ('39_0', 'h')), (('25_3', 'h'), ('41_3', 't')), (('39_0', 't'), ('25_3', 't'))])
47	deque([(('25_1', 'h'), ('41_1', 't')), (('41_1', 'h'), ('30_0', 't')), (('39_4', 'h'), ('30_0', 'h')), (('39_4', 't'), ('25_0', 't')), (('25_0', 'h'), ('41_4', 't')), (('41_4', 'h'), ('39_2', 'h')), (('39_2', 't'), ('25_2', 't')), (('25_2', 'h'), ('41_2', 't')), (('41_2', 'h'), ('39_1', 'h')), (('39_1', 't'), ('25_1', 't'))])

Chosen seed at iteration 47: 1
Chosen chr at iteration 47


Iteration 48
48	deque([(('39_2', 'h'), ('30_0', 'h')), (('41_1', 'h'), ('30_0', 't')), (('25_1', 'h'), ('41_1', 't')), (('39_2', 't'), ('25_1', 't'))])
48	deque([(('41_4', 'h'), ('39_0', 'h')), (('25_2', 'h'), ('41_4', 't')), (('39_4', 't'), ('25_2', 't')), (('41_2', 'h'), ('39_4', 'h')), (('25_0', 'h'), ('41_2', 't')), (('39_0', 't'), ('25_0', 't'))])
48	deque([(('39_1', 't'), ('25_3', 't')), (('41_3', 'h'), ('39_1', 'h')), (('25_3', 'h'), ('41_3', 't'))])

Chosen seed at iteration 48: 3
Chosen chr at iteration 48


Iteration 49
49	deque([(('39_2', 't'), ('25_2', 't')), (('41_3', 'h'), ('39_2', 'h')), (('25_3', 'h'), ('41_3', 't')), (('39_1', 't'), ('25_3', 't')), (('41_2', 'h'), ('39_1', 'h')), (('25_2', 'h'), ('41_2', 't'))])
49	deque([(('39_0', 't'), ('25_1', 't')), (('39_0', 'h'), ('30_0', 'h')), (('41_1', 'h'), ('30_0', 't')), (('25_0', 'h'), ('41_1', 't')), (('39_5', 't'), ('25_0', 't')), (('41_4', 'h'), ('39_5', 'h')), (('25_1', 'h'), ('41_4', 't'))])

Chosen seed at iteration 49: 2
Chosen chr at iteration 49


Iteration 1
1	deque([(('85_3', 'h'), ('43_7', 'h')), (('62_1', 't'), ('43_7', 't')), (('62_1', 'h'), ('19_1', 'h')), (('47_5', 'h'), ('19_1', 't')), (('57_0', 'h'), ('47_5', 't')), (('48_2', 'h'), ('57_0', 't')), (('18_1', 'h'), ('48_2', 't')), (('53_0', 'h'), ('18_1', 't')), (('76_0', 'h'), ('53_0', 't')), (('67_1', 'h'), ('76_0', 't')), (('38_6', 'h'), ('67_1', 't')), (('71_0', 'h'), ('38_6', 't')), (('85_3', 't'), ('71_0', 't'))])

Chosen seed at iteration 1: 1
Chosen chr at iteration 1


Iteration 2
2	deque([(('47_1', 'h'), ('19_1', 't')), (('57_0', 'h'), ('47_1', 't')), (('48_1', 'h'), ('57_0', 't')), (('18_0', 'h'), ('48_1', 't')), (('53_1', 'h'), ('18_0', 't')), (('76_0', 'h'), ('53_1', 't')), (('67_0', 'h'), ('76_0', 't')), (('38_0', 'h'), ('67_0', 't')), (('71_1', 'h'), ('38_0', 't')), (('85_0', 't'), ('71_1', 't')), (('85_0', 'h'), ('43_4', 'h')), (('62_1', 't'), ('43_4', 't')), (('62_1', 'h'), ('19_1', 'h'))])

Chosen seed at iteration 2: 1
Chosen chr at iteration 2


Iteration 3
3	deque([(('62_2', 't'), ('43_9', 't')), (('62_2', 'h'), ('19_0', 'h')), (('47_1', 'h'), ('19_0', 't')), (('57_0', 'h'), ('47_1', 't')), (('48_1', 'h'), ('57_0', 't')), (('18_0', 'h'), ('48_1', 't')), (('53_1', 'h'), ('18_0', 't')), (('76_0', 'h'), ('53_1', 't')), (('67_0', 'h'), ('76_0', 't')), (('38_0', 'h'), ('67_0', 't')), (('71_1', 'h'), ('38_0', 't')), (('85_0', 't'), ('71_1', 't')), (('85_0', 'h'), ('43_9', 'h'))])

Chosen seed at iteration 3: 1
Chosen chr at iteration 3


Iteration 4
4	deque([(('53_1', 'h'), ('18_0', 't')), (('18_0', 'h'), ('48_1', 't')), (('48_1', 'h'), ('57_0', 't')), (('57_0', 'h'), ('47_1', 't')), (('47_1', 'h'), ('19_1', 't')), (('62_1', 'h'), ('19_1', 'h')), (('62_1', 't'), ('43_3', 't')), (('85_1', 'h'), ('43_3', 'h')), (('85_1', 't'), ('71_1', 't')), (('71_1', 'h'), ('38_6', 't')), (('38_6', 'h'), ('67_0', 't')), (('67_0', 'h'), ('76_0', 't')), (('76_0', 'h'), ('53_1', 't'))])

Chosen seed at iteration 4: 1
Chosen chr at iteration 4


Iteration 5
5	deque([(('62_2', 'h'), ('19_0', 'h')), (('62_2', 't'), ('43_5', 't')), (('85_0', 'h'), ('43_5', 'h')), (('85_0', 't'), ('71_0', 't')), (('71_0', 'h'), ('38_6', 't')), (('38_6', 'h'), ('67_0', 't')), (('67_0', 'h'), ('76_0', 't')), (('76_0', 'h'), ('53_1', 't')), (('53_1', 'h'), ('18_0', 't')), (('18_0', 'h'), ('48_1', 't')), (('48_1', 'h'), ('57_0', 't')), (('57_0', 'h'), ('47_1', 't')), (('47_1', 'h'), ('19_0', 't'))])

Chosen seed at iteration 5: 1
Chosen chr at iteration 5


Iteration 6
6	deque([(('76_0', 'h'), ('53_1', 't')), (('67_0', 'h'), ('76_0', 't')), (('38_6', 'h'), ('67_0', 't')), (('71_0', 'h'), ('38_6', 't')), (('85_6', 't'), ('71_0', 't')), (('85_6', 'h'), ('43_5', 'h')), (('62_2', 't'), ('43_5', 't')), (('62_2', 'h'), ('19_0', 'h')), (('47_1', 'h'), ('19_0', 't')), (('57_0', 'h'), ('47_1', 't')), (('48_1', 'h'), ('57_0', 't')), (('18_0', 'h'), ('48_1', 't')), (('53_1', 'h'), ('18_0', 't'))])

Chosen seed at iteration 6: 1
Chosen chr at iteration 6


Iteration 7
7	deque([(('62_1', 'h'), ('19_0', 'h')), (('47_1', 'h'), ('19_0', 't')), (('57_0', 'h'), ('47_1', 't')), (('48_1', 'h'), ('57_0', 't')), (('18_0', 'h'), ('48_1', 't')), (('53_1', 'h'), ('18_0', 't')), (('76_0', 'h'), ('53_1', 't')), (('67_0', 'h'), ('76_0', 't')), (('38_0', 'h'), ('67_0', 't')), (('71_1', 'h'), ('38_0', 't')), (('85_0', 't'), ('71_1', 't')), (('85_0', 'h'), ('43_2', 'h')), (('62_1', 't'), ('43_2', 't'))])

Chosen seed at iteration 7: 1
Chosen chr at iteration 7


Iteration 8
8	deque([(('62_3', 't'), ('43_6', 't')), (('85_5', 'h'), ('43_6', 'h')), (('85_5', 't'), ('71_0', 't')), (('71_0', 'h'), ('38_7', 't')), (('38_7', 'h'), ('67_2', 't')), (('67_2', 'h'), ('76_0', 't')), (('76_0', 'h'), ('53_1', 't')), (('53_1', 'h'), ('18_0', 't')), (('18_0', 'h'), ('48_2', 't')), (('48_2', 'h'), ('57_0', 't')), (('57_0', 'h'), ('47_1', 't')), (('47_1', 'h'), ('19_0', 't')), (('62_3', 'h'), ('19_0', 'h'))])

Chosen seed at iteration 8: 1
Chosen chr at iteration 8


Iteration 9
9	deque([(('67_2', 'h'), ('76_0', 't')), (('38_4', 'h'), ('67_2', 't')), (('71_1', 'h'), ('38_4', 't')), (('85_7', 't'), ('71_1', 't')), (('85_7', 'h'), ('43_1', 'h')), (('62_3', 't'), ('43_1', 't')), (('62_3', 'h'), ('19_0', 'h')), (('47_1', 'h'), ('19_0', 't')), (('57_0', 'h'), ('47_1', 't')), (('48_1', 'h'), ('57_0', 't')), (('18_0', 'h'), ('48_1', 't')), (('53_1', 'h'), ('18_0', 't')), (('76_0', 'h'), ('53_1', 't'))])

Chosen seed at iteration 9: 1
Chosen chr at iteration 9


Iteration 10
10	deque([(('62_1', 'h'), ('19_1', 'h')), (('47_5', 'h'), ('19_1', 't')), (('57_0', 'h'), ('47_5', 't')), (('48_3', 'h'), ('57_0', 't')), (('18_0', 'h'), ('48_3', 't')), (('53_1', 'h'), ('18_0', 't')), (('76_0', 'h'), ('53_1', 't')), (('67_2', 'h'), ('76_0', 't')), (('38_7', 'h'), ('67_2', 't')), (('71_0', 'h'), ('38_7', 't')), (('85_5', 't'), ('71_0', 't')), (('85_5', 'h'), ('43_6', 'h')), (('62_1', 't'), ('43_6', 't'))])

Chosen seed at iteration 10: 1
Chosen chr at iteration 10


Iteration 11
11	deque([(('71_1', 'h'), ('38_0', 't')), (('38_0', 'h'), ('67_2', 't')), (('67_2', 'h'), ('76_1', 't')), (('76_1', 'h'), ('53_1', 't')), (('53_1', 'h'), ('18_0', 't')), (('18_0', 'h'), ('48_3', 't')), (('48_3', 'h'), ('57_0', 't')), (('57_0', 'h'), ('47_0', 't')), (('47_0', 'h'), ('19_1', 't')), (('62_0', 'h'), ('19_1', 'h')), (('62_0', 't'), ('43_3', 't')), (('85_6', 'h'), ('43_3', 'h')), (('85_6', 't'), ('71_1', 't'))])

Chosen seed at iteration 11: 1
Chosen chr at iteration 11


Iteration 12
12	deque([(('18_0', 'h'), ('48_2', 't')), (('48_2', 'h'), ('57_0', 't')), (('57_0', 'h'), ('47_0', 't')), (('47_0', 'h'), ('19_1', 't')), (('62_2', 'h'), ('19_1', 'h')), (('62_2', 't'), ('43_3', 't')), (('85_0', 'h'), ('43_3', 'h')), (('85_0', 't'), ('71_1', 't')), (('71_1', 'h'), ('38_6', 't')), (('38_6', 'h'), ('67_0', 't')), (('67_0', 'h'), ('76_1', 't')), (('76_1', 'h'), ('53_2', 't')), (('53_2', 'h'), ('18_0', 't'))])

Chosen seed at iteration 12: 1
Chosen chr at iteration 12


Iteration 13
13	deque([(('85_0', 't'), ('71_1', 't')), (('71_1', 'h'), ('38_0', 't')), (('38_0', 'h'), ('67_3', 't')), (('67_3', 'h'), ('76_1', 't')), (('76_1', 'h'), ('53_1', 't')), (('53_1', 'h'), ('18_0', 't')), (('18_0', 'h'), ('48_3', 't')), (('48_3', 'h'), ('57_0', 't')), (('57_0', 'h'), ('47_6', 't')), (('47_6', 'h'), ('19_0', 't')), (('62_2', 'h'), ('19_0', 'h')), (('62_2', 't'), ('43_5', 't')), (('85_0', 'h'), ('43_5', 'h'))])

Chosen seed at iteration 13: 1
Chosen chr at iteration 13


Iteration 14
14	deque([(('18_1', 'h'), ('48_2', 't')), (('53_2', 'h'), ('18_1', 't')), (('76_0', 'h'), ('53_2', 't')), (('67_4', 'h'), ('76_0', 't')), (('38_2', 'h'), ('67_4', 't')), (('71_0', 'h'), ('38_2', 't')), (('85_1', 't'), ('71_0', 't')), (('85_1', 'h'), ('43_9', 'h')), (('62_1', 't'), ('43_9', 't')), (('62_1', 'h'), ('19_1', 'h')), (('47_0', 'h'), ('19_1', 't')), (('57_0', 'h'), ('47_0', 't')), (('48_2', 'h'), ('57_0', 't'))])

Chosen seed at iteration 14: 1
Chosen chr at iteration 14


Iteration 15
15	deque([(('67_2', 'h'), ('76_1', 't')), (('38_0', 'h'), ('67_2', 't')), (('71_0', 'h'), ('38_0', 't')), (('85_7', 't'), ('71_0', 't')), (('85_7', 'h'), ('43_5', 'h')), (('62_2', 't'), ('43_5', 't')), (('62_2', 'h'), ('19_0', 'h')), (('47_6', 'h'), ('19_0', 't')), (('57_0', 'h'), ('47_6', 't')), (('48_3', 'h'), ('57_0', 't')), (('18_0', 'h'), ('48_3', 't')), (('53_1', 'h'), ('18_0', 't')), (('76_1', 'h'), ('53_1', 't'))])

Chosen seed at iteration 15: 1
Chosen chr at iteration 15


Iteration 16
16	deque([(('38_7', 'h'), ('67_3', 't')), (('67_3', 'h'), ('76_0', 't')), (('76_0', 'h'), ('53_0', 't')), (('53_0', 'h'), ('18_0', 't')), (('18_0', 'h'), ('48_3', 't')), (('48_3', 'h'), ('57_0', 't')), (('57_0', 'h'), ('47_0', 't')), (('47_0', 'h'), ('19_1', 't')), (('62_0', 'h'), ('19_1', 'h')), (('62_0', 't'), ('43_3', 't')), (('85_4', 'h'), ('43_3', 'h')), (('85_4', 't'), ('71_0', 't')), (('71_0', 'h'), ('38_7', 't'))])

Chosen seed at iteration 16: 1
Chosen chr at iteration 16


Iteration 17
17	deque([(('62_0', 't'), ('43_5', 't')), (('85_0', 'h'), ('43_5', 'h')), (('85_0', 't'), ('71_0', 't')), (('71_0', 'h'), ('38_6', 't')), (('38_6', 'h'), ('67_2', 't')), (('67_2', 'h'), ('76_1', 't')), (('76_1', 'h'), ('53_1', 't')), (('53_1', 'h'), ('18_1', 't')), (('18_1', 'h'), ('48_3', 't')), (('48_3', 'h'), ('57_0', 't')), (('57_0', 'h'), ('47_0', 't')), (('47_0', 'h'), ('19_1', 't')), (('62_0', 'h'), ('19_1', 'h'))])

Chosen seed at iteration 17: 1
Chosen chr at iteration 17


Iteration 18
18	deque([(('67_3', 'h'), ('76_1', 't')), (('38_0', 'h'), ('67_3', 't')), (('71_1', 'h'), ('38_0', 't')), (('85_6', 't'), ('71_1', 't')), (('85_6', 'h'), ('43_3', 'h')), (('62_0', 't'), ('43_3', 't')), (('62_0', 'h'), ('19_1', 'h')), (('47_0', 'h'), ('19_1', 't')), (('57_0', 'h'), ('47_0', 't')), (('48_3', 'h'), ('57_0', 't')), (('18_0', 'h'), ('48_3', 't')), (('53_1', 'h'), ('18_0', 't')), (('76_1', 'h'), ('53_1', 't'))])

Chosen seed at iteration 18: 1
Chosen chr at iteration 18


Iteration 19
19	deque([(('18_0', 'h'), ('48_1', 't')), (('48_1', 'h'), ('57_0', 't')), (('57_0', 'h'), ('47_6', 't')), (('47_6', 'h'), ('19_0', 't')), (('62_2', 'h'), ('19_0', 'h')), (('62_2', 't'), ('43_5', 't')), (('85_2', 'h'), ('43_5', 'h')), (('85_2', 't'), ('71_1', 't')), (('71_1', 'h'), ('38_7', 't')), (('38_7', 'h'), ('67_0', 't')), (('67_0', 'h'), ('76_1', 't')), (('76_1', 'h'), ('53_1', 't')), (('53_1', 'h'), ('18_0', 't'))])

Chosen seed at iteration 19: 1
Chosen chr at iteration 19


Iteration 20
20	deque([(('85_6', 't'), ('71_1', 't')), (('85_6', 'h'), ('43_3', 'h')), (('62_0', 't'), ('43_3', 't')), (('62_0', 'h'), ('19_0', 'h')), (('47_6', 'h'), ('19_0', 't')), (('57_0', 'h'), ('47_6', 't')), (('48_3', 'h'), ('57_0', 't')), (('18_0', 'h'), ('48_3', 't')), (('53_1', 'h'), ('18_0', 't')), (('76_1', 'h'), ('53_1', 't')), (('67_2', 'h'), ('76_1', 't')), (('38_0', 'h'), ('67_2', 't')), (('71_1', 'h'), ('38_0', 't'))])

Chosen seed at iteration 20: 1
Chosen chr at iteration 20


Iteration 21
21	deque([(('67_0', 'h'), ('76_0', 't')), (('38_7', 'h'), ('67_0', 't')), (('71_1', 'h'), ('38_7', 't')), (('85_6', 't'), ('71_1', 't')), (('85_6', 'h'), ('43_5', 'h')), (('62_2', 't'), ('43_5', 't')), (('62_2', 'h'), ('19_0', 'h')), (('47_6', 'h'), ('19_0', 't')), (('57_0', 'h'), ('47_6', 't')), (('48_3', 'h'), ('57_0', 't')), (('18_0', 'h'), ('48_3', 't')), (('53_0', 'h'), ('18_0', 't')), (('76_0', 'h'), ('53_0', 't'))])

Chosen seed at iteration 21: 1
Chosen chr at iteration 21


Iteration 22
22	deque([(('38_3', 'h'), ('67_1', 't')), (('67_1', 'h'), ('76_0', 't')), (('76_0', 'h'), ('53_2', 't')), (('53_2', 'h'), ('18_0', 't')), (('18_0', 'h'), ('48_3', 't')), (('48_3', 'h'), ('57_0', 't')), (('57_0', 'h'), ('47_6', 't')), (('47_6', 'h'), ('19_1', 't')), (('62_1', 'h'), ('19_1', 'h')), (('62_1', 't'), ('43_8', 't')), (('85_6', 'h'), ('43_8', 'h')), (('85_6', 't'), ('71_1', 't')), (('71_1', 'h'), ('38_3', 't'))])

Chosen seed at iteration 22: 1
Chosen chr at iteration 22


Iteration 23
23	deque([(('47_1', 'h'), ('19_1', 't')), (('62_1', 'h'), ('19_1', 'h')), (('62_1', 't'), ('43_8', 't')), (('85_6', 'h'), ('43_8', 'h')), (('85_6', 't'), ('71_1', 't')), (('71_1', 'h'), ('38_1', 't')), (('38_1', 'h'), ('67_1', 't')), (('67_1', 'h'), ('76_0', 't')), (('76_0', 'h'), ('53_1', 't')), (('53_1', 'h'), ('18_0', 't')), (('18_0', 'h'), ('48_1', 't')), (('48_1', 'h'), ('57_0', 't')), (('57_0', 'h'), ('47_1', 't'))])

Chosen seed at iteration 23: 1
Chosen chr at iteration 23


Iteration 24
24	deque([(('67_1', 'h'), ('76_0', 't')), (('76_0', 'h'), ('53_2', 't')), (('53_2', 'h'), ('18_0', 't')), (('18_0', 'h'), ('48_1', 't')), (('48_1', 'h'), ('57_0', 't')), (('57_0', 'h'), ('47_6', 't')), (('47_6', 'h'), ('19_1', 't')), (('62_1', 'h'), ('19_1', 'h')), (('62_1', 't'), ('43_8', 't')), (('85_6', 'h'), ('43_8', 'h')), (('85_6', 't'), ('71_0', 't')), (('71_0', 'h'), ('38_1', 't')), (('38_1', 'h'), ('67_1', 't'))])

Chosen seed at iteration 24: 1
Chosen chr at iteration 24


Iteration 25
25	deque([(('62_1', 'h'), ('19_1', 'h')), (('62_1', 't'), ('43_8', 't')), (('85_1', 'h'), ('43_8', 'h')), (('85_1', 't'), ('71_0', 't')), (('71_0', 'h'), ('38_1', 't')), (('38_1', 'h'), ('67_1', 't')), (('67_1', 'h'), ('76_0', 't')), (('76_0', 'h'), ('53_2', 't')), (('53_2', 'h'), ('18_0', 't')), (('18_0', 'h'), ('48_1', 't')), (('48_1', 'h'), ('57_0', 't')), (('57_0', 'h'), ('47_6', 't')), (('47_6', 'h'), ('19_1', 't'))])

Chosen seed at iteration 25: 1
Chosen chr at iteration 25


Iteration 26
26	deque([(('71_1', 'h'), ('38_1', 't')), (('38_1', 'h'), ('67_1', 't')), (('67_1', 'h'), ('76_0', 't')), (('76_0', 'h'), ('53_2', 't')), (('53_2', 'h'), ('18_0', 't')), (('18_0', 'h'), ('48_1', 't')), (('48_1', 'h'), ('57_0', 't')), (('57_0', 'h'), ('47_6', 't')), (('47_6', 'h'), ('19_1', 't')), (('62_1', 'h'), ('19_1', 'h')), (('62_1', 't'), ('43_8', 't')), (('85_6', 'h'), ('43_8', 'h')), (('85_6', 't'), ('71_1', 't'))])

Chosen seed at iteration 26: 1
Chosen chr at iteration 26


Iteration 27
27	deque([(('53_2', 'h'), ('18_0', 't')), (('18_0', 'h'), ('48_1', 't')), (('48_1', 'h'), ('57_0', 't')), (('57_0', 'h'), ('47_1', 't')), (('47_1', 'h'), ('19_0', 't')), (('62_3', 'h'), ('19_0', 'h')), (('62_3', 't'), ('43_7', 't')), (('85_1', 'h'), ('43_7', 'h')), (('85_1', 't'), ('71_0', 't')), (('71_0', 'h'), ('38_1', 't')), (('38_1', 'h'), ('67_1', 't')), (('67_1', 'h'), ('76_0', 't')), (('76_0', 'h'), ('53_2', 't'))])

Chosen seed at iteration 27: 1
Chosen chr at iteration 27


Iteration 28
28	deque([(('85_3', 't'), ('71_1', 't')), (('71_1', 'h'), ('38_6', 't')), (('38_6', 'h'), ('67_3', 't')), (('67_3', 'h'), ('76_0', 't')), (('76_0', 'h'), ('53_0', 't')), (('53_0', 'h'), ('18_1', 't')), (('18_1', 'h'), ('48_2', 't')), (('48_2', 'h'), ('57_0', 't')), (('57_0', 'h'), ('47_0', 't')), (('47_0', 'h'), ('19_0', 't')), (('62_0', 'h'), ('19_0', 'h')), (('62_0', 't'), ('43_4', 't')), (('85_3', 'h'), ('43_4', 'h'))])

Chosen seed at iteration 28: 1
Chosen chr at iteration 28


Iteration 29
29	deque([(('48_1', 'h'), ('57_0', 't')), (('57_0', 'h'), ('47_6', 't')), (('47_6', 'h'), ('19_1', 't')), (('62_1', 'h'), ('19_1', 'h')), (('62_1', 't'), ('43_0', 't')), (('85_1', 'h'), ('43_0', 'h')), (('85_1', 't'), ('71_0', 't')), (('71_0', 'h'), ('38_1', 't')), (('38_1', 'h'), ('67_1', 't')), (('67_1', 'h'), ('76_0', 't')), (('76_0', 'h'), ('53_1', 't')), (('53_1', 'h'), ('18_0', 't')), (('18_0', 'h'), ('48_1', 't'))])

Chosen seed at iteration 29: 1
Chosen chr at iteration 29


Iteration 30
30	deque([(('53_2', 'h'), ('18_0', 't')), (('18_0', 'h'), ('48_1', 't')), (('48_1', 'h'), ('57_0', 't')), (('57_0', 'h'), ('47_6', 't')), (('47_6', 'h'), ('19_1', 't')), (('62_1', 'h'), ('19_1', 'h')), (('62_1', 't'), ('43_0', 't')), (('85_0', 'h'), ('43_0', 'h')), (('85_0', 't'), ('71_1', 't')), (('71_1', 'h'), ('38_3', 't')), (('38_3', 'h'), ('67_1', 't')), (('67_1', 'h'), ('76_0', 't')), (('76_0', 'h'), ('53_2', 't'))])

Chosen seed at iteration 30: 1
Chosen chr at iteration 30


Iteration 31
31	deque([(('62_3', 't'), ('43_0', 't')), (('85_0', 'h'), ('43_0', 'h')), (('85_0', 't'), ('71_1', 't')), (('71_1', 'h'), ('38_3', 't')), (('38_3', 'h'), ('67_2', 't')), (('67_2', 'h'), ('76_0', 't')), (('76_0', 'h'), ('53_2', 't')), (('53_2', 'h'), ('18_0', 't')), (('18_0', 'h'), ('48_1', 't')), (('48_1', 'h'), ('57_0', 't')), (('57_0', 'h'), ('47_6', 't')), (('47_6', 'h'), ('19_1', 't')), (('62_3', 'h'), ('19_1', 'h'))])

Chosen seed at iteration 31: 1
Chosen chr at iteration 31


Iteration 32
32	deque([(('76_0', 'h'), ('53_2', 't')), (('67_1', 'h'), ('76_0', 't')), (('38_1', 'h'), ('67_1', 't')), (('71_0', 'h'), ('38_1', 't')), (('85_1', 't'), ('71_0', 't')), (('85_1', 'h'), ('43_0', 'h')), (('62_1', 't'), ('43_0', 't')), (('62_1', 'h'), ('19_1', 'h')), (('47_6', 'h'), ('19_1', 't')), (('57_0', 'h'), ('47_6', 't')), (('48_2', 'h'), ('57_0', 't')), (('18_0', 'h'), ('48_2', 't')), (('53_2', 'h'), ('18_0', 't'))])

Chosen seed at iteration 32: 1
Chosen chr at iteration 32


Iteration 33
33	deque([(('38_1', 'h'), ('67_1', 't')), (('67_1', 'h'), ('76_0', 't')), (('76_0', 'h'), ('53_2', 't')), (('53_2', 'h'), ('18_0', 't')), (('18_0', 'h'), ('48_3', 't')), (('48_3', 'h'), ('57_0', 't')), (('57_0', 'h'), ('47_1', 't')), (('47_1', 'h'), ('19_0', 't')), (('62_0', 'h'), ('19_0', 'h')), (('62_0', 't'), ('43_7', 't')), (('85_1', 'h'), ('43_7', 'h')), (('85_1', 't'), ('71_0', 't')), (('71_0', 'h'), ('38_1', 't'))])

Chosen seed at iteration 33: 1
Chosen chr at iteration 33


Iteration 34
34	deque([(('53_2', 'h'), ('18_0', 't')), (('76_0', 'h'), ('53_2', 't')), (('67_1', 'h'), ('76_0', 't')), (('38_1', 'h'), ('67_1', 't')), (('71_0', 'h'), ('38_1', 't')), (('85_1', 't'), ('71_0', 't')), (('85_1', 'h'), ('43_7', 'h')), (('62_0', 't'), ('43_7', 't')), (('62_0', 'h'), ('19_0', 'h')), (('47_1', 'h'), ('19_0', 't')), (('57_0', 'h'), ('47_1', 't')), (('48_1', 'h'), ('57_0', 't')), (('18_0', 'h'), ('48_1', 't'))])

Chosen seed at iteration 34: 1
Chosen chr at iteration 34


Iteration 35
35	deque([(('38_1', 'h'), ('67_1', 't')), (('67_1', 'h'), ('76_0', 't')), (('76_0', 'h'), ('53_2', 't')), (('53_2', 'h'), ('18_0', 't')), (('18_0', 'h'), ('48_1', 't')), (('48_1', 'h'), ('57_0', 't')), (('57_0', 'h'), ('47_6', 't')), (('47_6', 'h'), ('19_1', 't')), (('62_1', 'h'), ('19_1', 'h')), (('62_1', 't'), ('43_0', 't')), (('85_0', 'h'), ('43_0', 'h')), (('85_0', 't'), ('71_1', 't')), (('71_1', 'h'), ('38_1', 't'))])

Chosen seed at iteration 35: 1
Chosen chr at iteration 35


Iteration 36
36	deque([(('71_1', 'h'), ('38_3', 't')), (('38_3', 'h'), ('67_1', 't')), (('67_1', 'h'), ('76_0', 't')), (('76_0', 'h'), ('53_1', 't')), (('53_1', 'h'), ('18_1', 't')), (('18_1', 'h'), ('48_3', 't')), (('48_3', 'h'), ('57_0', 't')), (('57_0', 'h'), ('47_6', 't')), (('47_6', 'h'), ('19_1', 't')), (('62_1', 'h'), ('19_1', 'h')), (('62_1', 't'), ('43_0', 't')), (('85_0', 'h'), ('43_0', 'h')), (('85_0', 't'), ('71_1', 't'))])

Chosen seed at iteration 36: 1
Chosen chr at iteration 36


Iteration 37
37	deque([(('85_0', 't'), ('71_1', 't')), (('71_1', 'h'), ('38_3', 't')), (('38_3', 'h'), ('67_4', 't')), (('67_4', 'h'), ('76_0', 't')), (('76_0', 'h'), ('53_2', 't')), (('53_2', 'h'), ('18_0', 't')), (('18_0', 'h'), ('48_1', 't')), (('48_1', 'h'), ('57_0', 't')), (('57_0', 'h'), ('47_6', 't')), (('47_6', 'h'), ('19_1', 't')), (('62_1', 'h'), ('19_1', 'h')), (('62_1', 't'), ('43_0', 't')), (('85_0', 'h'), ('43_0', 'h'))])

Chosen seed at iteration 37: 1
Chosen chr at iteration 37


Iteration 38
38	deque([(('85_0', 'h'), ('43_0', 'h')), (('62_0', 't'), ('43_0', 't')), (('62_0', 'h'), ('19_0', 'h')), (('47_6', 'h'), ('19_0', 't')), (('57_0', 'h'), ('47_6', 't')), (('48_1', 'h'), ('57_0', 't')), (('18_0', 'h'), ('48_1', 't')), (('53_1', 'h'), ('18_0', 't')), (('76_0', 'h'), ('53_1', 't')), (('67_1', 'h'), ('76_0', 't')), (('38_7', 'h'), ('67_1', 't')), (('71_1', 'h'), ('38_7', 't')), (('85_0', 't'), ('71_1', 't'))])

Chosen seed at iteration 38: 1
Chosen chr at iteration 38


Iteration 39
39	deque([(('62_1', 't'), ('43_0', 't')), (('85_6', 'h'), ('43_0', 'h')), (('85_6', 't'), ('71_0', 't')), (('71_0', 'h'), ('38_3', 't')), (('38_3', 'h'), ('67_1', 't')), (('67_1', 'h'), ('76_0', 't')), (('76_0', 'h'), ('53_2', 't')), (('53_2', 'h'), ('18_0', 't')), (('18_0', 'h'), ('48_1', 't')), (('48_1', 'h'), ('57_0', 't')), (('57_0', 'h'), ('47_6', 't')), (('47_6', 'h'), ('19_1', 't')), (('62_1', 'h'), ('19_1', 'h'))])

Chosen seed at iteration 39: 1
Chosen chr at iteration 39


Iteration 40
40	deque([(('67_1', 'h'), ('76_0', 't')), (('76_0', 'h'), ('53_1', 't')), (('53_1', 'h'), ('18_0', 't')), (('18_0', 'h'), ('48_1', 't')), (('48_1', 'h'), ('57_0', 't')), (('57_0', 'h'), ('47_6', 't')), (('47_6', 'h'), ('19_1', 't')), (('62_1', 'h'), ('19_1', 'h')), (('62_1', 't'), ('43_7', 't')), (('85_1', 'h'), ('43_7', 'h')), (('85_1', 't'), ('71_1', 't')), (('71_1', 'h'), ('38_1', 't')), (('38_1', 'h'), ('67_1', 't'))])

Chosen seed at iteration 40: 1
Chosen chr at iteration 40


Iteration 41
41	deque([(('53_2', 'h'), ('18_0', 't')), (('18_0', 'h'), ('48_1', 't')), (('48_1', 'h'), ('57_0', 't')), (('57_0', 'h'), ('47_1', 't')), (('47_1', 'h'), ('19_0', 't')), (('62_1', 'h'), ('19_0', 'h')), (('62_1', 't'), ('43_0', 't')), (('85_0', 'h'), ('43_0', 'h')), (('85_0', 't'), ('71_1', 't')), (('71_1', 'h'), ('38_1', 't')), (('38_1', 'h'), ('67_1', 't')), (('67_1', 'h'), ('76_0', 't')), (('76_0', 'h'), ('53_2', 't'))])

Chosen seed at iteration 41: 1
Chosen chr at iteration 41


Iteration 42
42	deque([(('71_1', 'h'), ('38_7', 't')), (('38_7', 'h'), ('67_1', 't')), (('67_1', 'h'), ('76_0', 't')), (('76_0', 'h'), ('53_2', 't')), (('53_2', 'h'), ('18_0', 't')), (('18_0', 'h'), ('48_2', 't')), (('48_2', 'h'), ('57_0', 't')), (('57_0', 'h'), ('47_1', 't')), (('47_1', 'h'), ('19_0', 't')), (('62_0', 'h'), ('19_0', 'h')), (('62_0', 't'), ('43_7', 't')), (('85_0', 'h'), ('43_7', 'h')), (('85_0', 't'), ('71_1', 't'))])

Chosen seed at iteration 42: 1
Chosen chr at iteration 42


Iteration 43
43	deque([(('62_1', 'h'), ('19_1', 'h')), (('62_1', 't'), ('43_8', 't')), (('85_7', 'h'), ('43_8', 'h')), (('85_7', 't'), ('71_1', 't')), (('71_1', 'h'), ('38_2', 't')), (('38_2', 'h'), ('67_1', 't')), (('67_1', 'h'), ('76_0', 't')), (('76_0', 'h'), ('53_0', 't')), (('53_0', 'h'), ('18_0', 't')), (('18_0', 'h'), ('48_3', 't')), (('48_3', 'h'), ('57_0', 't')), (('57_0', 'h'), ('47_0', 't')), (('47_0', 'h'), ('19_1', 't'))])

Chosen seed at iteration 43: 1
Chosen chr at iteration 43


Iteration 44
44	deque([(('47_5', 'h'), ('19_0', 't')), (('62_3', 'h'), ('19_0', 'h')), (('62_3', 't'), ('43_3', 't')), (('85_4', 'h'), ('43_3', 'h')), (('85_4', 't'), ('71_1', 't')), (('71_1', 'h'), ('38_5', 't')), (('38_5', 'h'), ('67_0', 't')), (('67_0', 'h'), ('76_0', 't')), (('76_0', 'h'), ('53_0', 't')), (('53_0', 'h'), ('18_0', 't')), (('18_0', 'h'), ('48_3', 't')), (('48_3', 'h'), ('57_0', 't')), (('57_0', 'h'), ('47_5', 't'))])

Chosen seed at iteration 44: 1
Chosen chr at iteration 44


Iteration 45
45	deque([(('18_1', 'h'), ('48_2', 't')), (('48_2', 'h'), ('57_0', 't')), (('57_0', 'h'), ('47_0', 't')), (('47_0', 'h'), ('19_0', 't')), (('62_1', 'h'), ('19_0', 'h')), (('62_1', 't'), ('43_2', 't')), (('85_6', 'h'), ('43_2', 'h')), (('85_6', 't'), ('71_0', 't')), (('71_0', 'h'), ('38_8', 't')), (('38_8', 'h'), ('67_1', 't')), (('67_1', 'h'), ('76_0', 't')), (('76_0', 'h'), ('53_1', 't')), (('53_1', 'h'), ('18_1', 't'))])

Chosen seed at iteration 45: 1
Chosen chr at iteration 45


Iteration 46
46	deque([(('62_1', 't'), ('43_2', 't')), (('85_6', 'h'), ('43_2', 'h')), (('85_6', 't'), ('71_0', 't')), (('71_0', 'h'), ('38_8', 't')), (('38_8', 'h'), ('67_1', 't')), (('67_1', 'h'), ('76_0', 't')), (('76_0', 'h'), ('53_1', 't')), (('53_1', 'h'), ('18_1', 't')), (('18_1', 'h'), ('48_2', 't')), (('48_2', 'h'), ('57_0', 't')), (('57_0', 'h'), ('47_5', 't')), (('47_5', 'h'), ('19_0', 't')), (('62_1', 'h'), ('19_0', 'h'))])

Chosen seed at iteration 46: 1
Chosen chr at iteration 46


Iteration 47
47	deque([(('53_1', 'h'), ('18_1', 't')), (('76_0', 'h'), ('53_1', 't')), (('67_2', 'h'), ('76_0', 't')), (('38_8', 'h'), ('67_2', 't')), (('71_0', 'h'), ('38_8', 't')), (('85_6', 't'), ('71_0', 't')), (('85_6', 'h'), ('43_2', 'h')), (('62_3', 't'), ('43_2', 't')), (('62_3', 'h'), ('19_1', 'h')), (('47_5', 'h'), ('19_1', 't')), (('57_0', 'h'), ('47_5', 't')), (('48_2', 'h'), ('57_0', 't')), (('18_1', 'h'), ('48_2', 't'))])

Chosen seed at iteration 47: 1
Chosen chr at iteration 47


Iteration 48
48	deque([(('47_5', 'h'), ('19_1', 't')), (('57_0', 'h'), ('47_5', 't')), (('48_2', 'h'), ('57_0', 't')), (('18_0', 'h'), ('48_2', 't')), (('53_0', 'h'), ('18_0', 't')), (('76_0', 'h'), ('53_0', 't')), (('67_1', 'h'), ('76_0', 't')), (('38_8', 'h'), ('67_1', 't')), (('71_0', 'h'), ('38_8', 't')), (('85_6', 't'), ('71_0', 't')), (('85_6', 'h'), ('43_7', 'h')), (('62_3', 't'), ('43_7', 't')), (('62_3', 'h'), ('19_1', 'h'))])

Chosen seed at iteration 48: 1
Chosen chr at iteration 48


Iteration 49
49	deque([(('71_1', 'h'), ('38_5', 't')), (('85_1', 't'), ('71_1', 't')), (('85_1', 'h'), ('43_2', 'h')), (('62_1', 't'), ('43_2', 't')), (('62_1', 'h'), ('19_0', 'h')), (('47_0', 'h'), ('19_0', 't')), (('57_0', 'h'), ('47_0', 't')), (('48_2', 'h'), ('57_0', 't')), (('18_1', 'h'), ('48_2', 't')), (('53_1', 'h'), ('18_1', 't')), (('76_0', 'h'), ('53_1', 't')), (('67_1', 'h'), ('76_0', 't')), (('38_5', 'h'), ('67_1', 't'))])

Chosen seed at iteration 49: 1
Chosen chr at iteration 49


Iteration 1
Iteration 1
Iteration 1
1	deque([(('22_1', 'h'), ('22_1', 't'))])
1	deque([(('22_0', 'h'), ('22_0', 't'))])

Chosen seed at iteration 1: 1
Chosen chr at iteration 1


Iteration 2
2	deque([(('62_3', 'h'), ('14_1', 'h')), (('53_2', 'h'), ('14_1', 't')), (('76_1', 'h'), ('53_2', 't')), (('67_3', 'h'), ('76_1', 't')), (('38_0', 'h'), ('67_3', 't')), (('52_0', 'h'), ('38_0', 't')), (('86_3', 'h'), ('52_0', 't')), (('43_4', 'h'), ('86_3', 't')), (('62_3', 't'), ('43_4', 't'))])
2	deque([(('33_0', 'h'), ('33_0', 't'))])
2	deque([(('33_4', 'h'), ('33_1', 't')), (('33_2', 'h'), ('33_4', 't')), (('33_3', 'h'), ('33_2', 't')), (('33_1', 'h'), ('33_3', 't'))])

Chosen seed at iteration 2: 3
Chosen chr at iteration 2


Iteration 3
3	deque([(('22_0', 't'), ('15_0', 't')), (('22_0', 'h'), ('21_1', 't')), (('77_2', 'h'), ('21_1', 'h')), (('70_2', 'h'), ('77_2', 't')), (('68_5', 'h'), ('70_2', 't')), (('72_3', 'h'), ('68_5', 't')), (('67_3', 'h'), ('72_3', 't')), (('38_0', 'h'), ('67_3', 't')), (('52_4', 'h'), ('38_0', 't')), (('85_4', 't'), ('52_4', 't')), (('85_4', 'h'), ('43_4', 'h')), (('63_5', 'h'), ('43_4', 't')), (('73_2', 'h'), ('63_5', 't')), (('15_0', 'h'), ('73_2', 't'))])

Chosen seed at iteration 3: 1
Chosen chr at iteration 3


Iteration 4
4	deque([(('62_0', 't'), ('43_5', 't')), (('43_5', 'h'), ('86_4', 't')), (('86_4', 'h'), ('52_0', 't')), (('52_0', 'h'), ('38_0', 't')), (('38_0', 'h'), ('66_1', 't')), (('74_0', 'h'), ('66_1', 'h')), (('74_0', 't'), ('53_0', 't')), (('53_0', 'h'), ('14_1', 't')), (('62_0', 'h'), ('14_1', 'h'))])
4	deque([(('33_2', 'h'), ('33_2', 't'))])
4	deque([(('22_0', 'h'), ('22_0', 't'))])

Chosen seed at iteration 4: 3
Chosen chr at iteration 4


Iteration 5
5	deque([(('63_5', 'h'), ('43_4', 't')), (('73_2', 'h'), ('63_5', 't')), (('15_1', 'h'), ('73_2', 't')), (('22_0', 't'), ('15_1', 't')), (('22_0', 'h'), ('21_0', 't')), (('77_1', 'h'), ('21_0', 'h')), (('70_9', 'h'), ('77_1', 't')), (('68_7', 'h'), ('70_9', 't')), (('72_2', 'h'), ('68_7', 't')), (('67_3', 'h'), ('72_2', 't')), (('38_0', 'h'), ('67_3', 't')), (('52_4', 'h'), ('38_0', 't')), (('86_3', 'h'), ('52_4', 't')), (('43_4', 'h'), ('86_3', 't'))])

Chosen seed at iteration 5: 1
Chosen chr at iteration 5


Iteration 6
6	deque([(('62_3', 't'), ('43_4', 't')), (('85_7', 'h'), ('43_4', 'h')), (('85_7', 't'), ('52_1', 't')), (('52_1', 'h'), ('38_0', 't')), (('38_0', 'h'), ('66_4', 't')), (('74_1', 'h'), ('66_4', 'h')), (('74_1', 't'), ('53_2', 't')), (('53_2', 'h'), ('14_1', 't')), (('62_3', 'h'), ('14_1', 'h'))])
6	deque([(('22_0', 'h'), ('22_1', 't')), (('22_1', 'h'), ('22_0', 't'))])

Chosen seed at iteration 6: 1
Chosen chr at iteration 6


Iteration 7
7	deque([(('15_1', 'h'), ('73_1', 't')), (('73_1', 'h'), ('63_5', 't')), (('63_5', 'h'), ('43_4', 't')), (('43_4', 'h'), ('86_3', 't')), (('86_3', 'h'), ('52_4', 't')), (('52_4', 'h'), ('38_0', 't')), (('38_0', 'h'), ('67_3', 't')), (('67_3', 'h'), ('72_1', 't')), (('72_1', 'h'), ('68_1', 't')), (('68_1', 'h'), ('70_5', 't')), (('70_5', 'h'), ('77_2', 't')), (('77_2', 'h'), ('21_0', 'h')), (('22_0', 'h'), ('21_0', 't')), (('22_0', 't'), ('15_1', 't'))])

Chosen seed at iteration 7: 1
Chosen chr at iteration 7


Iteration 8
8	deque([(('77_2', 'h'), ('21_0', 'h')), (('22_1', 'h'), ('21_0', 't')), (('22_1', 't'), ('15_0', 't')), (('15_0', 'h'), ('73_3', 't')), (('73_3', 'h'), ('63_5', 't')), (('63_5', 'h'), ('43_4', 't')), (('43_4', 'h'), ('86_3', 't')), (('86_3', 'h'), ('52_0', 't')), (('52_0', 'h'), ('38_0', 't')), (('38_0', 'h'), ('67_3', 't')), (('67_3', 'h'), ('72_5', 't')), (('72_5', 'h'), ('68_6', 't')), (('68_6', 'h'), ('70_3', 't')), (('70_3', 'h'), ('77_2', 't'))])

Chosen seed at iteration 8: 1
Chosen chr at iteration 8


Iteration 9
9	deque([(('73_2', 'h'), ('63_5', 't')), (('63_5', 'h'), ('43_4', 't')), (('43_4', 'h'), ('86_2', 't')), (('86_2', 'h'), ('52_4', 't')), (('52_4', 'h'), ('38_0', 't')), (('38_0', 'h'), ('66_1', 't')), (('74_1', 'h'), ('66_1', 'h')), (('82_0', 't'), ('74_1', 't')), (('82_0', 'h'), ('68_7', 't')), (('68_7', 'h'), ('70_4', 't')), (('70_4', 'h'), ('77_2', 't')), (('77_2', 'h'), ('21_1', 'h')), (('22_0', 'h'), ('21_1', 't')), (('22_0', 't'), ('15_1', 't')), (('15_1', 'h'), ('73_2', 't'))])

Chosen seed at iteration 9: 1
Chosen chr at iteration 9


Iteration 10
10	deque([(('52_4', 'h'), ('38_8', 't')), (('38_8', 'h'), ('67_3', 't')), (('67_3', 'h'), ('72_3', 't')), (('72_3', 'h'), ('68_8', 't')), (('68_8', 'h'), ('70_6', 't')), (('70_6', 'h'), ('77_2', 't')), (('77_2', 'h'), ('21_0', 'h')), (('22_1', 'h'), ('21_0', 't')), (('22_1', 't'), ('15_0', 't')), (('15_0', 'h'), ('73_0', 't')), (('73_0', 'h'), ('63_5', 't')), (('63_5', 'h'), ('43_4', 't')), (('85_7', 'h'), ('43_4', 'h')), (('85_7', 't'), ('52_4', 't'))])

Chosen seed at iteration 10: 1
Chosen chr at iteration 10


Iteration 11
11	deque([(('15_1', 'h'), ('73_2', 't')), (('73_2', 'h'), ('63_5', 't')), (('63_5', 'h'), ('43_4', 't')), (('43_4', 'h'), ('86_3', 't')), (('86_3', 'h'), ('52_2', 't')), (('52_2', 'h'), ('38_0', 't')), (('38_0', 'h'), ('67_3', 't')), (('67_3', 'h'), ('72_0', 't')), (('72_0', 'h'), ('68_7', 't')), (('68_7', 'h'), ('70_9', 't')), (('70_9', 'h'), ('77_2', 't')), (('77_2', 'h'), ('21_1', 'h')), (('22_1', 'h'), ('21_1', 't')), (('22_1', 't'), ('15_1', 't'))])

Chosen seed at iteration 11: 1
Chosen chr at iteration 11


Iteration 12
12	deque([(('82_0', 't'), ('74_1', 't')), (('82_0', 'h'), ('68_9', 't')), (('68_9', 'h'), ('70_9', 't')), (('70_9', 'h'), ('77_1', 't')), (('77_1', 'h'), ('21_0', 'h')), (('22_0', 'h'), ('21_0', 't')), (('22_0', 't'), ('15_1', 't')), (('15_1', 'h'), ('73_3', 't')), (('73_3', 'h'), ('63_0', 't')), (('63_0', 'h'), ('43_4', 't')), (('43_4', 'h'), ('86_3', 't')), (('86_3', 'h'), ('52_1', 't')), (('52_1', 'h'), ('38_8', 't')), (('38_8', 'h'), ('66_0', 't')), (('74_1', 'h'), ('66_0', 'h'))])

Chosen seed at iteration 12: 1
Chosen chr at iteration 12


Iteration 13
Iteration 1
Iteration 1
Iteration 1
Iteration 1
Iteration 1
Iteration 1
Iteration 1
Iteration 1
Iteration 1
Iteration 1
