Iteration 1
1	deque([(('286_1', 'h'), ('277_0', 't')), (('277_0', 'h'), ('125_0', 't')), (('125_0', 'h'), ('286_1', 't'))])

Chosen seed at iteration 1: 1
Chosen chr at iteration 1


Iteration 2
2	deque([(('286_1', 'h'), ('277_0', 't')), (('125_2', 'h'), ('286_1', 't')), (('277_0', 'h'), ('125_2', 't'))])

Chosen seed at iteration 2: 1
Chosen chr at iteration 2


Iteration 3
3	deque([(('228_2', 'h'), ('113_1', 'h')), (('228_2', 't'), ('223_0', 't')), (('324_2', 'h'), ('223_0', 'h')), (('324_2', 't'), ('83_0', 't')), (('130_3', 'h'), ('83_0', 'h')), (('118_0', 'h'), ('130_3', 't')), (('324_3', 'h'), ('118_0', 't')), (('324_3', 't'), ('196_1', 't')), (('196_1', 'h'), ('113_1', 't'))])
3	deque([(('286_0', 'h'), ('277_0', 't')), (('277_0', 'h'), ('125_1', 't')), (('125_1', 'h'), ('286_0', 't'))])

Chosen seed at iteration 3: 1
Chosen chr at iteration 3



Chosen seed at iteration 4: 2
Chosen chr at iteration 4


Iteration 1
1	deque([(('130_5', 'h'), ('83_1', 'h')), (('118_1', 'h'), ('130_5', 't')), (('324_1', 'h'), ('118_1', 't')), (('324_1', 't'), ('196_0', 't')), (('196_0', 'h'), ('38_0', 'h')), (('340_5', 't'), ('38_0', 't')), (('340_5', 'h'), ('248_3', 't')), (('248_3', 'h'), ('215_2', 't')), (('215_2', 'h'), ('99_1', 't')), (('99_1', 'h'), ('335_3', 't')), (('335_3', 'h'), ('262_1', 't')), (('262_1', 'h'), ('224_3', 'h')), (('249_0', 't'), ('224_3', 't')), (('395_6', 'h'), ('249_0', 'h')), (('325_5', 'h'), ('395_6', 't')), (('411_3', 'h'), ('325_5', 't')), (('411_3', 't'), ('390_0', 't')), (('390_0', 'h'), ('337_1', 'h')), (('266_0', 'h'), ('337_1', 't')), (('153_0', 'h'), ('266_0', 't')), (('153_0', 't'), ('129_15', 't')), (('129_15', 'h'), ('96_1', 'h')), (('142_3', 'h'), ('96_1', 't')), (('142_3', 't'), ('137_2', 't')), (('137_2', 'h'), ('135_5', 'h')), (('178_22', 't'), ('135_5', 't')), (('178_22', 'h'), ('185_30', 't')), (('185_30', 'h'), ('283_10', 't')), (('283_10', 'h'), ('74_0', 'h')), (('165_5', 'h'), ('74_0', 't')), (('106_7', 'h'), ('165_5', 't')), (('161_9', 't'), ('106_7', 't')), (('161_9', 'h'), ('148_1', 'h')), (('193_3', 't'), ('148_1', 't')), (('193_3', 'h'), ('82_1', 't')), (('82_1', 'h'), ('116_9', 't')), (('116_9', 'h'), ('112_0', 'h')), (('223_1', 't'), ('112_0', 't')), (('324_0', 'h'), ('223_1', 'h')), (('324_0', 't'), ('83_1', 't'))])

Chosen seed at iteration 1: 1
Chosen chr at iteration 1


Iteration 2
2	deque([(('324_0', 'h'), ('118_1', 't')), (('118_1', 'h'), ('130_1', 't')), (('130_1', 'h'), ('83_1', 'h')), (('324_0', 't'), ('83_1', 't'))])
2	deque([(('129_0', 't'), ('120_0', 't')), (('120_0', 'h'), ('295_0', 't')), (('295_0', 'h'), ('98_0', 't')), (('98_0', 'h'), ('251_4', 't')), (('251_4', 'h'), ('184_3', 't')), (('184_3', 'h'), ('195_0', 't')), (('195_0', 'h'), ('306_2', 't')), (('306_2', 'h'), ('275_3', 't')), (('275_3', 'h'), ('374_2', 't')), (('374_2', 'h'), ('312_2', 't')), (('312_2', 'h'), ('79_0', 't')), (('359_2', 'h'), ('79_0', 'h')), (('359_2', 't'), ('93_0', 't')), (('384_0', 'h'), ('93_0', 'h')), (('384_0', 't'), ('116_5', 't')), (('116_5', 'h'), ('218_1', 't')), (('390_2', 'h'), ('218_1', 'h')), (('411_3', 't'), ('390_2', 't')), (('411_3', 'h'), ('325_7', 't')), (('325_7', 'h'), ('395_5', 't')), (('395_5', 'h'), ('249_1', 'h')), (('249_1', 't'), ('224_0', 't')), (('262_0', 'h'), ('224_0', 'h')), (('335_2', 'h'), ('262_0', 't')), (('99_1', 'h'), ('335_2', 't')), (('215_0', 'h'), ('99_1', 't')), (('248_4', 'h'), ('215_0', 't')), (('340_2', 'h'), ('248_4', 't')), (('340_2', 't'), ('38_1', 't')), (('196_3', 'h'), ('38_1', 'h')), (('324_1', 't'), ('196_3', 't')), (('324_1', 'h'), ('223_2', 'h')), (('223_2', 't'), ('112_1', 't')), (('116_9', 'h'), ('112_1', 'h')), (('82_2', 'h'), ('116_9', 't')), (('193_14', 'h'), ('82_2', 't')), (('193_14', 't'), ('148_1', 't')), (('161_13', 'h'), ('148_1', 'h')), (('161_13', 't'), ('106_8', 't')), (('106_8', 'h'), ('165_0', 't')), (('165_0', 'h'), ('74_0', 't')), (('283_20', 'h'), ('74_0', 'h')), (('185_5', 'h'), ('283_20', 't')), (('178_17', 'h'), ('185_5', 't')), (('236_0', 't'), ('178_17', 't')), (('236_0', 'h'), ('181_1', 't')), (('181_1', 'h'), ('87_0', 't')), (('181_2', 'h'), ('87_0', 'h')), (('151_1', 'h'), ('181_2', 't')), (('129_0', 'h'), ('151_1', 't'))])

Chosen seed at iteration 2: 1
Chosen chr at iteration 2



Chosen seed at iteration 3: 2
Chosen chr at iteration 3


Iteration 4
4	deque([(('384_4', 'h'), ('93_0', 'h')), (('384_4', 't'), ('116_8', 't')), (('116_8', 'h'), ('112_1', 'h')), (('223_2', 't'), ('112_1', 't')), (('324_0', 'h'), ('223_2', 'h')), (('324_0', 't'), ('83_1', 't')), (('130_1', 'h'), ('83_1', 'h')), (('118_1', 'h'), ('130_1', 't')), (('324_1', 'h'), ('118_1', 't')), (('324_1', 't'), ('196_3', 't')), (('196_3', 'h'), ('38_0', 'h')), (('340_3', 't'), ('38_0', 't')), (('340_3', 'h'), ('248_4', 't')), (('248_4', 'h'), ('215_2', 't')), (('215_2', 'h'), ('81_1', 't')), (('81_1', 'h'), ('251_2', 't')), (('251_2', 'h'), ('184_2', 't')), (('184_2', 'h'), ('195_2', 't')), (('195_2', 'h'), ('306_2', 't')), (('306_2', 'h'), ('275_3', 't')), (('275_3', 'h'), ('374_3', 't')), (('374_3', 'h'), ('312_2', 't')), (('312_2', 'h'), ('79_0', 't')), (('359_2', 'h'), ('79_0', 'h')), (('359_2', 't'), ('93_0', 't'))])
4	deque([(('231_2', 'h'), ('327_0', 't')), (('365_4', 'h'), ('231_2', 't')), (('229_1', 'h'), ('365_4', 't')), (('229_1', 't'), ('129_3', 't')), (('129_3', 'h'), ('96_0', 'h')), (('142_2', 'h'), ('96_0', 't')), (('142_2', 't'), ('137_1', 't')), (('137_1', 'h'), ('135_3', 'h')), (('178_17', 't'), ('135_3', 't')), (('178_17', 'h'), ('185_15', 't')), (('185_15', 'h'), ('283_30', 't')), (('283_30', 'h'), ('74_0', 'h')), (('165_0', 'h'), ('74_0', 't')), (('106_6', 'h'), ('165_0', 't')), (('161_4', 't'), ('106_6', 't')), (('161_4', 'h'), ('148_0', 'h')), (('193_7', 't'), ('148_0', 't')), (('193_7', 'h'), ('82_2', 't')), (('82_2', 'h'), ('116_6', 't')), (('116_6', 'h'), ('218_1', 't')), (('390_0', 'h'), ('218_1', 'h')), (('411_4', 't'), ('390_0', 't')), (('411_4', 'h'), ('325_2', 't')), (('325_2', 'h'), ('395_7', 't')), (('395_7', 'h'), ('369_6', 't')), (('369_6', 'h'), ('313_0', 't')), (('313_0', 'h'), ('240_0', 't')), (('327_0', 'h'), ('240_0', 'h'))])

Chosen seed at iteration 4: 1
Chosen chr at iteration 4



Chosen seed at iteration 5: 2
Chosen chr at iteration 5


Iteration 1
1	deque([(('164_0', 'h'), ('55_1', 'h')), (('413_3', 'h'), ('164_0', 't')), (('413_3', 't'), ('123_1', 't')), (('348_8', 'h'), ('123_1', 'h')), (('392_1', 't'), ('348_8', 't')), (('392_1', 'h'), ('47_0', 't')), (('116_0', 'h'), ('47_0', 'h')), (('82_1', 'h'), ('116_0', 't')), (('193_14', 'h'), ('82_1', 't')), (('193_14', 't'), ('148_1', 't')), (('161_7', 'h'), ('148_1', 'h')), (('161_7', 't'), ('106_3', 't')), (('106_3', 'h'), ('165_10', 't')), (('165_10', 'h'), ('74_1', 't')), (('283_26', 'h'), ('74_1', 'h')), (('185_24', 'h'), ('283_26', 't')), (('178_21', 'h'), ('185_24', 't')), (('178_21', 't'), ('135_4', 't')), (('137_2', 'h'), ('135_4', 'h')), (('142_3', 't'), ('137_2', 't')), (('142_3', 'h'), ('96_1', 't')), (('129_16', 'h'), ('96_1', 'h')), (('129_16', 't'), ('55_1', 't'))])

Chosen seed at iteration 1: 1
Chosen chr at iteration 1


Iteration 2
2	deque([(('337_5', 'h'), ('388_4', 't')), (('388_4', 'h'), ('411_6', 't')), (('411_6', 'h'), ('325_7', 't')), (('325_7', 'h'), ('395_4', 't')), (('395_4', 'h'), ('249_0', 'h')), (('249_0', 't'), ('224_0', 't')), (('262_0', 'h'), ('224_0', 'h')), (('335_1', 'h'), ('262_0', 't')), (('99_1', 'h'), ('335_1', 't')), (('215_0', 'h'), ('99_1', 't')), (('248_0', 'h'), ('215_0', 't')), (('248_0', 't'), ('48_0', 't')), (('312_3', 'h'), ('48_0', 'h')), (('374_0', 'h'), ('312_3', 't')), (('275_1', 'h'), ('374_0', 't')), (('306_1', 'h'), ('275_1', 't')), (('195_0', 'h'), ('306_1', 't')), (('184_6', 'h'), ('195_0', 't')), (('251_6', 'h'), ('184_6', 't')), (('251_6', 't'), ('80_0', 't')), (('247_3', 'h'), ('80_0', 'h')), (('194_1', 'h'), ('247_3', 't')), (('194_1', 't'), ('176_0', 't')), (('176_0', 'h'), ('173_0', 'h')), (('271_1', 'h'), ('173_0', 't')), (('159_1', 'h'), ('271_1', 't')), (('342_2', 't'), ('159_1', 't')), (('342_2', 'h'), ('337_5', 't'))])

Chosen seed at iteration 2: 1
Chosen chr at iteration 2


Iteration 3
3	deque([(('392_0', 't'), ('348_4', 't')), (('392_0', 'h'), ('47_1', 't')), (('116_7', 'h'), ('47_1', 'h')), (('82_1', 'h'), ('116_7', 't')), (('193_3', 'h'), ('82_1', 't')), (('193_3', 't'), ('148_1', 't')), (('161_2', 'h'), ('148_1', 'h')), (('161_2', 't'), ('106_8', 't')), (('106_8', 'h'), ('165_4', 't')), (('165_4', 'h'), ('74_1', 't')), (('283_9', 'h'), ('74_1', 'h')), (('185_27', 'h'), ('283_9', 't')), (('178_21', 'h'), ('185_27', 't')), (('178_21', 't'), ('135_1', 't')), (('137_2', 'h'), ('135_1', 'h')), (('142_3', 't'), ('137_2', 't')), (('142_3', 'h'), ('96_1', 't')), (('129_17', 'h'), ('96_1', 'h')), (('129_17', 't'), ('55_1', 't')), (('164_0', 'h'), ('55_1', 'h')), (('413_4', 'h'), ('164_0', 't')), (('413_4', 't'), ('123_3', 't')), (('348_4', 'h'), ('123_3', 'h'))])

Chosen seed at iteration 3: 1
Chosen chr at iteration 3


Iteration 4
4	deque([(('411_0', 'h'), ('325_6', 't')), (('325_6', 'h'), ('395_0', 't')), (('395_0', 'h'), ('249_1', 'h')), (('249_1', 't'), ('224_3', 't')), (('262_1', 'h'), ('224_3', 'h')), (('335_0', 'h'), ('262_1', 't')), (('99_1', 'h'), ('335_0', 't')), (('215_3', 'h'), ('99_1', 't')), (('248_5', 'h'), ('215_3', 't')), (('248_5', 't'), ('48_0', 't')), (('312_3', 'h'), ('48_0', 'h')), (('374_5', 'h'), ('312_3', 't')), (('275_6', 'h'), ('374_5', 't')), (('306_3', 'h'), ('275_6', 't')), (('195_0', 'h'), ('306_3', 't')), (('184_1', 'h'), ('195_0', 't')), (('251_6', 'h'), ('184_1', 't')), (('251_6', 't'), ('80_1', 't')), (('247_0', 'h'), ('80_1', 'h')), (('194_0', 'h'), ('247_0', 't')), (('194_0', 't'), ('176_0', 't')), (('176_0', 'h'), ('173_1', 'h')), (('271_1', 'h'), ('173_1', 't')), (('159_0', 'h'), ('271_1', 't')), (('342_0', 't'), ('159_0', 't')), (('342_0', 'h'), ('337_5', 't')), (('337_5', 'h'), ('388_4', 't')), (('388_4', 'h'), ('411_0', 't'))])

Chosen seed at iteration 4: 1
Chosen chr at iteration 4


Iteration 1
1	deque([(('312_0', 'h'), ('48_1', 'h')), (('374_1', 'h'), ('312_0', 't')), (('275_0', 'h'), ('374_1', 't')), (('306_1', 'h'), ('275_0', 't')), (('195_3', 'h'), ('306_1', 't')), (('184_5', 'h'), ('195_3', 't')), (('251_4', 'h'), ('184_5', 't')), (('98_1', 'h'), ('251_4', 't')), (('295_1', 'h'), ('98_1', 't')), (('120_1', 'h'), ('295_1', 't')), (('129_15', 't'), ('120_1', 't')), (('129_15', 'h'), ('84_1', 'h')), (('269_2', 't'), ('84_1', 't')), (('269_2', 'h'), ('104_0', 'h')), (('310_1', 'h'), ('104_0', 't')), (('166_0', 'h'), ('310_1', 't')), (('281_4', 'h'), ('166_0', 't')), (('281_4', 't'), ('255_2', 't')), (('255_2', 'h'), ('387_3', 't')), (('387_3', 'h'), ('315_1', 'h')), (('315_1', 't'), ('187_0', 't')), (('187_0', 'h'), ('163_2', 'h')), (('163_2', 't'), ('133_3', 't')), (('175_2', 'h'), ('133_3', 'h')), (('175_2', 't'), ('70_1', 't')), (('125_3', 'h'), ('70_1', 'h')), (('75_0', 'h'), ('125_3', 't')), (('348_0', 't'), ('75_0', 't')), (('348_0', 'h'), ('123_4', 'h')), (('413_1', 't'), ('123_4', 't')), (('413_1', 'h'), ('410_1', 'h')), (('42_0', 'h'), ('410_1', 't')), (('266_0', 't'), ('42_0', 't')), (('266_0', 'h'), ('337_4', 't')), (('337_4', 'h'), ('388_2', 't')), (('388_2', 'h'), ('411_1', 't')), (('411_1', 'h'), ('325_1', 't')), (('325_1', 'h'), ('395_3', 't')), (('395_3', 'h'), ('249_0', 'h')), (('249_0', 't'), ('224_1', 't')), (('262_0', 'h'), ('224_1', 'h')), (('335_1', 'h'), ('262_0', 't')), (('99_0', 'h'), ('335_1', 't')), (('215_0', 'h'), ('99_0', 't')), (('248_1', 'h'), ('215_0', 't')), (('248_1', 't'), ('48_1', 't'))])

Chosen seed at iteration 1: 1
Chosen chr at iteration 1


Iteration 2
2	deque([(('352_1', 'h'), ('101_2', 'h')), (('339_1', 't'), ('101_2', 't')), (('339_1', 'h'), ('283_27', 'h')), (('185_0', 'h'), ('283_27', 't')), (('178_26', 'h'), ('185_0', 't')), (('178_26', 't'), ('102_0', 't')), (('165_6', 'h'), ('102_0', 'h')), (('100_2', 'h'), ('165_6', 't')), (('154_1', 't'), ('100_2', 't')), (('154_1', 'h'), ('352_1', 't'))])
2	deque([(('348_2', 'h'), ('123_1', 'h')), (('413_0', 't'), ('123_1', 't')), (('413_0', 'h'), ('410_3', 'h')), (('42_1', 'h'), ('410_3', 't')), (('266_0', 't'), ('42_1', 't')), (('266_0', 'h'), ('337_3', 't')), (('337_3', 'h'), ('388_0', 't')), (('388_0', 'h'), ('411_3', 't')), (('411_3', 'h'), ('325_3', 't')), (('325_3', 'h'), ('395_3', 't')), (('395_3', 'h'), ('249_0', 'h')), (('249_0', 't'), ('224_1', 't')), (('262_0', 'h'), ('224_1', 'h')), (('335_1', 'h'), ('262_0', 't')), (('99_0', 'h'), ('335_1', 't')), (('215_0', 'h'), ('99_0', 't')), (('248_2', 'h'), ('215_0', 't')), (('248_2', 't'), ('48_1', 't')), (('312_0', 'h'), ('48_1', 'h')), (('374_1', 'h'), ('312_0', 't')), (('275_0', 'h'), ('374_1', 't')), (('306_1', 'h'), ('275_0', 't')), (('195_3', 'h'), ('306_1', 't')), (('184_6', 'h'), ('195_3', 't')), (('251_4', 'h'), ('184_6', 't')), (('98_1', 'h'), ('251_4', 't')), (('295_1', 'h'), ('98_1', 't')), (('120_1', 'h'), ('295_1', 't')), (('129_14', 't'), ('120_1', 't')), (('129_14', 'h'), ('84_1', 'h')), (('269_2', 't'), ('84_1', 't')), (('269_2', 'h'), ('104_0', 'h')), (('310_2', 'h'), ('104_0', 't')), (('166_0', 'h'), ('310_2', 't')), (('281_4', 'h'), ('166_0', 't')), (('281_4', 't'), ('255_2', 't')), (('255_2', 'h'), ('387_3', 't')), (('387_3', 'h'), ('315_0', 'h')), (('186_3', 'h'), ('315_0', 't')), (('163_2', 'h'), ('186_3', 't')), (('163_2', 't'), ('133_0', 't')), (('175_0', 'h'), ('133_0', 'h')), (('175_0', 't'), ('70_1', 't')), (('125_2', 'h'), ('70_1', 'h')), (('75_0', 'h'), ('125_2', 't')), (('348_2', 't'), ('75_0', 't'))])

Chosen seed at iteration 2: 1
Chosen chr at iteration 2



Chosen seed at iteration 3: 2
Chosen chr at iteration 3


Iteration 4
4	deque([(('186_3', 'h'), ('315_2', 't')), (('387_2', 'h'), ('315_2', 'h')), (('255_2', 'h'), ('387_2', 't')), (('281_5', 't'), ('255_2', 't')), (('281_5', 'h'), ('166_0', 't')), (('166_0', 'h'), ('310_2', 't')), (('310_2', 'h'), ('104_0', 't')), (('269_2', 'h'), ('104_0', 'h')), (('269_2', 't'), ('84_1', 't')), (('129_15', 'h'), ('84_1', 'h')), (('129_15', 't'), ('120_1', 't')), (('120_1', 'h'), ('295_0', 't')), (('295_0', 'h'), ('98_1', 't')), (('98_1', 'h'), ('251_0', 't')), (('251_0', 'h'), ('184_3', 't')), (('184_3', 'h'), ('195_3', 't')), (('195_3', 'h'), ('306_1', 't')), (('306_1', 'h'), ('275_2', 't')), (('275_2', 'h'), ('374_0', 't')), (('374_0', 'h'), ('312_0', 't')), (('312_0', 'h'), ('48_1', 'h')), (('248_1', 't'), ('48_1', 't')), (('248_1', 'h'), ('215_0', 't')), (('215_0', 'h'), ('99_0', 't')), (('99_0', 'h'), ('335_3', 't')), (('335_3', 'h'), ('262_0', 't')), (('262_0', 'h'), ('224_1', 'h')), (('249_0', 't'), ('224_1', 't')), (('395_4', 'h'), ('249_0', 'h')), (('325_3', 'h'), ('395_4', 't')), (('411_3', 'h'), ('325_3', 't')), (('388_3', 'h'), ('411_3', 't')), (('337_4', 'h'), ('388_3', 't')), (('266_0', 'h'), ('337_4', 't')), (('266_0', 't'), ('42_1', 't')), (('42_1', 'h'), ('410_1', 't')), (('413_2', 'h'), ('410_1', 'h')), (('413_2', 't'), ('123_1', 't')), (('348_0', 'h'), ('123_1', 'h')), (('348_0', 't'), ('75_0', 't')), (('75_0', 'h'), ('125_3', 't')), (('125_3', 'h'), ('70_0', 'h')), (('175_0', 't'), ('70_0', 't')), (('175_0', 'h'), ('133_1', 'h')), (('163_2', 't'), ('133_1', 't')), (('163_2', 'h'), ('186_3', 't'))])

Chosen seed at iteration 4: 1
Chosen chr at iteration 4


Iteration 1
1	deque([(('206_1', 'h'), ('149_6', 't')), (('161_3', 'h'), ('149_6', 'h')), (('161_3', 't'), ('106_4', 't')), (('106_4', 'h'), ('165_12', 't')), (('165_12', 'h'), ('102_3', 'h')), (('178_29', 't'), ('102_3', 't')), (('178_29', 'h'), ('185_2', 't')), (('185_2', 'h'), ('283_17', 't')), (('283_17', 'h'), ('206_1', 't'))])
1	deque([(('350_0', 'h'), ('37_1', 't')), (('37_1', 'h'), ('342_1', 't')), (('342_1', 'h'), ('337_3', 't')), (('337_3', 'h'), ('388_0', 't')), (('388_0', 'h'), ('411_6', 't')), (('411_6', 'h'), ('325_7', 't')), (('380_0', 'h'), ('325_7', 'h')), (('380_0', 't'), ('194_1', 't')), (('194_1', 'h'), ('247_4', 't')), (('247_4', 'h'), ('350_0', 't'))])

Chosen seed at iteration 1: 1
Chosen chr at iteration 1



Chosen seed at iteration 2: 2
Chosen chr at iteration 2


Iteration 3
3	deque([(('161_2', 'h'), ('149_6', 'h')), (('161_2', 't'), ('106_1', 't')), (('106_1', 'h'), ('165_6', 't')), (('165_6', 'h'), ('102_5', 'h')), (('178_19', 't'), ('102_5', 't')), (('178_19', 'h'), ('185_12', 't')), (('185_12', 'h'), ('283_13', 't')), (('283_13', 'h'), ('206_11', 't')), (('206_11', 'h'), ('149_6', 't'))])
3	deque([(('37_0', 'h'), ('342_3', 't')), (('350_0', 'h'), ('37_0', 't')), (('247_4', 'h'), ('350_0', 't')), (('194_1', 'h'), ('247_4', 't')), (('380_1', 't'), ('194_1', 't')), (('380_1', 'h'), ('325_4', 'h')), (('411_6', 'h'), ('325_4', 't')), (('388_2', 'h'), ('411_6', 't')), (('337_2', 'h'), ('388_2', 't')), (('342_3', 'h'), ('337_2', 't'))])

Chosen seed at iteration 3: 1
Chosen chr at iteration 3



Chosen seed at iteration 4: 2
Chosen chr at iteration 4


Iteration 1
1	deque([(('116_0', 'h'), ('25_0', 't')), (('384_8', 't'), ('116_0', 't')), (('384_8', 'h'), ('401_0', 't')), (('401_0', 'h'), ('412_1', 't')), (('412_1', 'h'), ('285_1', 'h')), (('285_1', 't'), ('216_0', 't')), (('216_0', 'h'), ('136_0', 't')), (('136_0', 'h'), ('387_0', 't')), (('387_0', 'h'), ('315_0', 'h')), (('186_2', 'h'), ('315_0', 't')), (('163_1', 'h'), ('186_2', 't')), (('163_1', 't'), ('133_0', 't')), (('175_2', 'h'), ('133_0', 'h')), (('175_2', 't'), ('70_1', 't')), (('125_0', 'h'), ('70_1', 'h')), (('25_0', 'h'), ('125_0', 't'))])
1	deque([(('411_1', 'h'), ('325_7', 't')), (('325_7', 'h'), ('395_3', 't')), (('395_3', 'h'), ('369_0', 't')), (('369_0', 'h'), ('273_0', 'h')), (('273_0', 't'), ('224_2', 't')), (('224_2', 'h'), ('423_0', 't')), (('423_0', 'h'), ('247_3', 't')), (('247_3', 'h'), ('350_3', 't')), (('350_3', 'h'), ('37_1', 't')), (('37_1', 'h'), ('342_2', 't')), (('342_2', 'h'), ('337_0', 't')), (('337_0', 'h'), ('388_0', 't')), (('388_0', 'h'), ('411_1', 't'))])
1	deque([(('283_10', 'h'), ('206_9', 't')), (('206_9', 'h'), ('149_10', 't')), (('161_12', 'h'), ('149_10', 'h')), (('161_12', 't'), ('106_10', 't')), (('106_10', 'h'), ('165_2', 't')), (('165_2', 'h'), ('43_2', 'h')), (('178_29', 't'), ('43_2', 't')), (('178_29', 'h'), ('185_2', 't')), (('185_2', 'h'), ('283_10', 't'))])

Chosen seed at iteration 1: 1
Chosen chr at iteration 1



Chosen seed at iteration 2: 2
Chosen chr at iteration 2



Chosen seed at iteration 3: 3
Chosen chr at iteration 3


Iteration 4
4	deque([(('423_1', 'h'), ('247_3', 't')), (('247_3', 'h'), ('350_3', 't')), (('350_3', 'h'), ('37_1', 't')), (('37_1', 'h'), ('342_1', 't')), (('342_1', 'h'), ('337_0', 't')), (('337_0', 'h'), ('388_1', 't')), (('388_1', 'h'), ('411_2', 't')), (('411_2', 'h'), ('325_0', 't')), (('325_0', 'h'), ('395_6', 't')), (('395_6', 'h'), ('369_0', 't')), (('369_0', 'h'), ('273_0', 'h')), (('273_0', 't'), ('224_2', 't')), (('224_2', 'h'), ('423_1', 't'))])
4	deque([(('384_6', 'h'), ('401_0', 't')), (('384_6', 't'), ('116_0', 't')), (('116_0', 'h'), ('25_0', 't')), (('25_0', 'h'), ('125_2', 't')), (('125_2', 'h'), ('70_1', 'h')), (('175_2', 't'), ('70_1', 't')), (('175_2', 'h'), ('133_3', 'h')), (('163_3', 't'), ('133_3', 't')), (('187_0', 'h'), ('163_3', 'h')), (('315_3', 't'), ('187_0', 't')), (('387_1', 'h'), ('315_3', 'h')), (('136_0', 'h'), ('387_1', 't')), (('216_0', 'h'), ('136_0', 't')), (('285_0', 't'), ('216_0', 't')), (('412_2', 'h'), ('285_0', 'h')), (('401_0', 'h'), ('412_2', 't'))])

Chosen seed at iteration 4: 1
Chosen chr at iteration 4



Chosen seed at iteration 5: 2
Chosen chr at iteration 5


Iteration 1
Iteration 1
Iteration 1
1	deque([(('206_8', 'h'), ('149_1', 't')), (('283_19', 'h'), ('206_8', 't')), (('185_11', 'h'), ('283_19', 't')), (('178_4', 'h'), ('185_11', 't')), (('178_4', 't'), ('43_0', 't')), (('165_4', 'h'), ('43_0', 'h')), (('106_7', 'h'), ('165_4', 't')), (('161_9', 't'), ('106_7', 't')), (('161_9', 'h'), ('149_1', 'h'))])

Chosen seed at iteration 1: 1
Chosen chr at iteration 1


Iteration 2
2	deque([(('185_34', 'h'), ('283_19', 't')), (('283_19', 'h'), ('206_4', 't')), (('206_4', 'h'), ('149_1', 't')), (('161_8', 'h'), ('149_1', 'h')), (('161_8', 't'), ('106_0', 't')), (('106_0', 'h'), ('165_9', 't')), (('165_9', 'h'), ('102_1', 'h')), (('178_15', 't'), ('102_1', 't')), (('178_15', 'h'), ('185_34', 't'))])

Chosen seed at iteration 2: 1
Chosen chr at iteration 2


Iteration 3
Iteration 1
1	deque([(('165_12', 'h'), ('102_2', 'h')), (('106_0', 'h'), ('165_12', 't')), (('161_12', 't'), ('106_0', 't')), (('161_12', 'h'), ('149_3', 'h')), (('206_0', 'h'), ('149_3', 't')), (('283_20', 'h'), ('206_0', 't')), (('185_17', 'h'), ('283_20', 't')), (('178_29', 'h'), ('185_17', 't')), (('178_29', 't'), ('102_2', 't'))])
1	deque([(('193_11', 'h'), ('89_3', 't')), (('283_23', 'h'), ('89_3', 'h')), (('185_35', 'h'), ('283_23', 't')), (('178_10', 'h'), ('185_35', 't')), (('193_11', 't'), ('178_10', 't'))])

Chosen seed at iteration 1: 1
Chosen chr at iteration 1



Chosen seed at iteration 2: 2
Chosen chr at iteration 2


Iteration 3
3	deque([(('106_7', 'h'), ('165_12', 't')), (('165_12', 'h'), ('102_4', 'h')), (('178_2', 't'), ('102_4', 't')), (('178_2', 'h'), ('185_17', 't')), (('185_17', 'h'), ('283_23', 't')), (('283_23', 'h'), ('206_2', 't')), (('206_2', 'h'), ('149_3', 't')), (('161_9', 'h'), ('149_3', 'h')), (('161_9', 't'), ('106_7', 't'))])

Chosen seed at iteration 3: 1
Chosen chr at iteration 3


Iteration 4
4	deque([(('161_12', 'h'), ('149_0', 'h')), (('161_12', 't'), ('106_0', 't')), (('106_0', 'h'), ('165_12', 't')), (('165_12', 'h'), ('102_1', 'h')), (('178_12', 't'), ('102_1', 't')), (('178_12', 'h'), ('185_27', 't')), (('185_27', 'h'), ('283_20', 't')), (('283_20', 'h'), ('206_0', 't')), (('206_0', 'h'), ('149_0', 't'))])

Chosen seed at iteration 4: 1
Chosen chr at iteration 4


Iteration 1
Iteration 1
Iteration 1
1	deque([(('414_1', 'h'), ('265_2', 't')), (('265_2', 'h'), ('56_1', 'h')), (('130_5', 't'), ('56_1', 't')), (('318_0', 'h'), ('130_5', 'h'))])
1	deque([(('367_1', 't'), ('333_0', 't')), (('367_1', 'h'), ('252_1', 't')), (('252_1', 'h'), ('410_3', 't')), (('413_1', 'h'), ('410_3', 'h')), (('413_1', 't'), ('123_0', 't')), (('348_4', 'h'), ('123_0', 'h')), (('392_3', 't'), ('348_4', 't')), (('392_3', 'h'), ('414_1', 't'))])
1	deque([(('303_0', 'h'), ('73_1', 't')), (('73_1', 'h'), ('396_0', 't')), (('396_0', 'h'), ('331_1', 't')), (('333_0', 'h'), ('331_1', 'h'))])
1	deque([(('199_1', 'h'), ('179_1', 't')), (('179_1', 'h'), ('245_1', 't')), (('245_1', 'h'), ('192_0', 't')), (('309_1', 'h'), ('192_0', 'h')), (('225_0', 'h'), ('309_1', 't')), (('225_0', 't'), ('138_1', 't')), (('220_0', 'h'), ('138_1', 'h')), (('303_0', 't'), ('220_0', 't'))])
1	deque([(('199_1', 't'), ('63_1', 't')), (('124_2', 'h'), ('63_1', 'h')), (('124_2', 't'), ('14_0', 't')), (('14_0', 'h'), ('214_2', 't')), (('214_2', 'h'), ('155_2', 'h')), (('420_3', 'h'), ('155_2', 't'))])
1	deque([(('193_11', 't'), ('178_31', 't')), (('193_11', 'h'), ('89_7', 't')), (('283_8', 'h'), ('89_7', 'h')), (('185_28', 'h'), ('283_8', 't')), (('178_24', 'h'), ('185_28', 't')), (('132_2', 'h'), ('178_24', 't')), (('261_4', 'h'), ('132_2', 't')), (('261_4', 't'), ('161_15', 't')), (('161_15', 'h'), ('149_3', 'h')), (('206_4', 'h'), ('149_3', 't')), (('283_16', 'h'), ('206_4', 't'))])

Chosen seed at iteration 1: 1
Chosen chr at iteration 1



Chosen seed at iteration 2: 2
Chosen chr at iteration 2



Chosen seed at iteration 3: 3
Chosen chr at iteration 3



Chosen seed at iteration 4: 4
Chosen chr at iteration 4



Chosen seed at iteration 5: 5
Chosen chr at iteration 5



Chosen seed at iteration 6: 6
Chosen chr at iteration 6


Iteration 1
1	deque([(('193_3', 'h'), ('89_3', 't')), (('283_23', 'h'), ('89_3', 'h')), (('185_24', 'h'), ('283_23', 't')), (('178_10', 'h'), ('185_24', 't')), (('193_3', 't'), ('178_10', 't'))])

Chosen seed at iteration 1: 1
Chosen chr at iteration 1


Iteration 2
2	deque([(('185_11', 'h'), ('283_3', 't')), (('178_29', 'h'), ('185_11', 't')), (('193_3', 't'), ('178_29', 't')), (('193_3', 'h'), ('89_3', 't')), (('283_3', 'h'), ('89_3', 'h'))])

Chosen seed at iteration 2: 1
Chosen chr at iteration 2


Iteration 3
3	deque([(('193_0', 'h'), ('89_1', 't')), (('193_0', 't'), ('178_7', 't')), (('178_7', 'h'), ('185_26', 't')), (('185_26', 'h'), ('283_33', 't')), (('283_33', 'h'), ('89_1', 'h'))])

Chosen seed at iteration 3: 1
Chosen chr at iteration 3


Iteration 4
4	deque([(('261_5', 'h'), ('132_1', 't')), (('132_1', 'h'), ('178_29', 't')), (('178_29', 'h'), ('185_17', 't')), (('185_17', 'h'), ('283_3', 't')), (('283_3', 'h'), ('206_2', 't')), (('206_2', 'h'), ('149_8', 't')), (('161_9', 'h'), ('149_8', 'h')), (('261_5', 't'), ('161_9', 't'))])

Chosen seed at iteration 4: 1
Chosen chr at iteration 4


Iteration 1
1	deque([(('193_0', 'h'), ('89_5', 't')), (('193_0', 't'), ('178_7', 't')), (('178_7', 'h'), ('185_9', 't')), (('185_9', 'h'), ('283_15', 't')), (('283_15', 'h'), ('89_5', 'h'))])

Chosen seed at iteration 1: 1
Chosen chr at iteration 1


Iteration 2
2	deque([(('185_0', 'h'), ('283_15', 't')), (('283_15', 'h'), ('89_4', 'h')), (('193_8', 'h'), ('89_4', 't')), (('193_8', 't'), ('178_16', 't')), (('178_16', 'h'), ('185_0', 't'))])

Chosen seed at iteration 2: 1
Chosen chr at iteration 2


Iteration 3
3	deque([(('193_4', 'h'), ('89_3', 't')), (('193_4', 't'), ('178_7', 't')), (('178_7', 'h'), ('185_9', 't')), (('185_9', 'h'), ('283_2', 't')), (('283_2', 'h'), ('89_3', 'h'))])

Chosen seed at iteration 3: 1
Chosen chr at iteration 3


Iteration 4
Iteration 1
Iteration 1
1	deque([(('283_18', 'h'), ('54_2', 'h')), (('283_34', 'h'), ('54_2', 't'))])
1	deque([(('178_15', 't'), ('107_1', 't')), (('107_1', 'h'), ('129_10', 't'))])
1	deque([(('193_0', 'h'), ('89_2', 't')), (('283_28', 'h'), ('89_2', 'h')), (('185_20', 'h'), ('283_28', 't')), (('178_15', 'h'), ('185_20', 't'))])
1	deque([(('193_0', 't'), ('178_10', 't'))])

Chosen seed at iteration 1: 1
Chosen chr at iteration 1



Chosen seed at iteration 2: 2
Chosen chr at iteration 2



Chosen seed at iteration 3: 3
Chosen chr at iteration 3



Chosen seed at iteration 4: 4
Chosen chr at iteration 4


Iteration 1
Iteration 1
1	deque([(('193_3', 't'), ('178_25', 't')), (('193_3', 'h'), ('89_4', 't')), (('283_9', 'h'), ('89_4', 'h')), (('185_30', 'h'), ('283_9', 't')), (('178_25', 'h'), ('185_30', 't'))])

Chosen seed at iteration 1: 1
Chosen chr at iteration 1


Iteration 2
2	deque([(('185_31', 'h'), ('283_21', 't')), (('178_25', 'h'), ('185_31', 't')), (('193_3', 't'), ('178_25', 't')), (('193_3', 'h'), ('89_4', 't')), (('283_21', 'h'), ('89_4', 'h'))])

Chosen seed at iteration 2: 1
Chosen chr at iteration 2


Iteration 3
3	deque([(('193_2', 'h'), ('89_4', 't')), (('283_15', 'h'), ('89_4', 'h')), (('185_7', 'h'), ('283_15', 't')), (('178_25', 'h'), ('185_7', 't')), (('193_2', 't'), ('178_25', 't'))])

Chosen seed at iteration 3: 1
Chosen chr at iteration 3


Iteration 4
4	deque([(('283_33', 'h'), ('89_4', 'h')), (('193_2', 'h'), ('89_4', 't')), (('193_2', 't'), ('178_25', 't')), (('178_25', 'h'), ('185_31', 't')), (('185_31', 'h'), ('283_33', 't'))])

Chosen seed at iteration 4: 1
Chosen chr at iteration 4


Iteration 1
Iteration 1
Iteration 1
Iteration 1
Iteration 1
1	deque([(('416_3', 't'), ('129_9', 't')), (('416_3', 'h'), ('16_0', 'h')), (('251_5', 't'), ('16_0', 't')), (('251_5', 'h'), ('184_6', 't'))])
1	deque([(('85_2', 'h'), ('251_5', 't'))])

Chosen seed at iteration 1: 1
Chosen chr at iteration 1



Chosen seed at iteration 2: 2
Chosen chr at iteration 2


Iteration 3
Iteration 1
1	deque([(('185_9', 'h'), ('283_25', 't'))])
1	deque([(('283_25', 'h'), ('230_1', 'h'))])

Chosen seed at iteration 1: 1
Chosen chr at iteration 1



Chosen seed at iteration 2: 2
Chosen chr at iteration 2


Iteration 3
3	deque([(('416_2', 'h'), ('60_0', 'h')), (('416_2', 't'), ('129_0', 't'))])
3	deque([(('265_0', 'h'), ('56_1', 'h'))])
3	deque([(('130_2', 't'), ('56_1', 't')), (('318_0', 'h'), ('130_2', 'h')), (('318_0', 't'), ('60_0', 't'))])
3	deque([(('416_2', 't'), ('129_9', 't'))])

Chosen seed at iteration 3: 1
Chosen chr at iteration 3



Chosen seed at iteration 4: 2
Chosen chr at iteration 4



Chosen seed at iteration 5: 3
Chosen chr at iteration 5



Chosen seed at iteration 6: 4
Chosen chr at iteration 6


Iteration 1
Iteration 1
1	deque([(('282_0', 'h'), ('152_1', 'h')), (('281_4', 'h'), ('282_0', 't')), (('281_4', 't'), ('255_0', 't')), (('255_0', 'h'), ('387_0', 't')), (('387_0', 'h'), ('315_5', 'h')), (('186_1', 'h'), ('315_5', 't')), (('163_4', 'h'), ('186_1', 't')), (('163_4', 't'), ('133_2', 't')), (('175_1', 'h'), ('133_2', 'h')), (('202_0', 't'), ('175_1', 't')), (('269_1', 'h'), ('202_0', 'h'))])
1	deque([(('303_0', 'h'), ('73_0', 't')), (('303_0', 't'), ('220_0', 't')), (('220_0', 'h'), ('138_1', 'h')), (('225_0', 't'), ('138_1', 't')), (('225_0', 'h'), ('309_0', 't')), (('309_0', 'h'), ('192_1', 'h')), (('245_0', 'h'), ('192_1', 't')), (('179_1', 'h'), ('245_0', 't')), (('199_0', 'h'), ('179_1', 't')), (('199_0', 't'), ('63_1', 't')), (('124_1', 'h'), ('63_1', 'h'))])
1	deque([(('367_1', 'h'), ('252_0', 't')), (('367_1', 't'), ('333_1', 't')), (('333_1', 'h'), ('331_0', 'h')), (('396_2', 'h'), ('331_0', 't')), (('73_0', 'h'), ('396_2', 't'))])
1	deque([(('348_2', 'h'), ('123_5', 'h')), (('392_3', 't'), ('348_2', 't')), (('392_3', 'h'), ('47_1', 't')), (('116_3', 'h'), ('47_1', 'h')), (('384_2', 't'), ('116_3', 't')), (('384_2', 'h'), ('401_2', 't')), (('401_2', 'h'), ('412_0', 't')), (('412_0', 'h'), ('285_1', 'h')), (('285_1', 't'), ('216_1', 't')), (('216_1', 'h'), ('152_1', 't')), (('282_1', 'h'), ('152_1', 'h')), (('281_4', 'h'), ('282_1', 't'))])
1	deque([(('333_1', 'h'), ('331_1', 'h')), (('396_1', 'h'), ('331_1', 't')), (('73_0', 'h'), ('396_1', 't'))])
1	deque([(('384_7', 't'), ('116_3', 't'))])
1	deque([(('220_1', 'h'), ('138_1', 'h')), (('303_0', 't'), ('220_1', 't'))])
1	deque([(('401_4', 'h'), ('412_1', 't')), (('412_1', 'h'), ('285_1', 'h'))])
1	deque([(('413_0', 'h'), ('410_0', 'h')), (('413_0', 't'), ('123_5', 't'))])
1	deque([(('384_7', 'h'), ('401_4', 't'))])
1	deque([(('252_0', 'h'), ('410_0', 't'))])
1	deque([(('185_24', 'h'), ('283_21', 't'))])

Chosen seed at iteration 1: 1
Chosen chr at iteration 1



Chosen seed at iteration 2: 2
Chosen chr at iteration 2



Chosen seed at iteration 3: 3
Chosen chr at iteration 3



Chosen seed at iteration 4: 4
Chosen chr at iteration 4



Chosen seed at iteration 5: 5
Chosen chr at iteration 5



Chosen seed at iteration 6: 6
Chosen chr at iteration 6



Chosen seed at iteration 7: 7
Chosen chr at iteration 7



Chosen seed at iteration 8: 8
Chosen chr at iteration 8



Chosen seed at iteration 9: 9
Chosen chr at iteration 9



Chosen seed at iteration 10: 10
Chosen chr at iteration 10



Chosen seed at iteration 11: 11
Chosen chr at iteration 11



Chosen seed at iteration 12: 12
Chosen chr at iteration 12


Iteration 1
Iteration 1
Iteration 1
Iteration 1
Iteration 1
Iteration 1
Iteration 1
Iteration 1
Iteration 1
Iteration 1
Iteration 1
Iteration 1
Iteration 1
Iteration 1
Iteration 1
Iteration 1
Iteration 1
Iteration 1
Iteration 1
Iteration 1
Iteration 1
Iteration 1
Iteration 1
Iteration 1
Iteration 1
Iteration 1
Iteration 1
Iteration 1
Iteration 1
Iteration 1
Iteration 1
Iteration 1
Iteration 1
Iteration 1
Iteration 1
Iteration 1
Iteration 1
Iteration 1
Iteration 1
Iteration 1
Iteration 1
