
Gurobi 7.5.2 (linux64) logging started Fri Apr 26 12:13:50 2019

Changed value of parameter LogFile to /home/aniket/python_scripts/Plasmids-Optimization/exp/2019-04-17__iterative_MILP_v3/output/sample_116/1.1.1/nplasmids_1/MILP/m.log
   Prev: gurobi.log  Default: 
Changed value of parameter TimeLimit to 2400.0
   Prev: 1e+100  Min: 0.0  Max: 1e+100  Default: 1e+100
Optimize a model with 3968 rows, 1152 columns and 8589 nonzeros
Variable types: 607 continuous, 545 integer (459 binary)
Coefficient statistics:
  Matrix range     [5e-03, 6e+05]
  Objective range  [1e+00, 1e+00]
  Bounds range     [1e+00, 1e+00]
  RHS range        [9e-01, 2e+06]
Presolve removed 2461 rows and 473 columns
Presolve time: 0.01s
Presolved: 1507 rows, 679 columns, 4580 nonzeros
Variable types: 435 continuous, 244 integer (244 binary)
Found heuristic solution: objective 4.2536719
Found heuristic solution: objective 0.7373479

Root relaxation: objective 2.201354e-01, 216 iterations, 0.01 seconds

    Nodes    |    Current Node    |     Objective Bounds      |     Work
 Expl Unexpl |  Obj  Depth IntInf | Incumbent    BestBd   Gap | It/Node Time

     0     0    0.22014    0   12    0.73735    0.22014  70.1%     -    0s
     0     0    0.25843    0   10    0.73735    0.25843  65.0%     -    0s
     0     0    0.25843    0    6    0.73735    0.25843  65.0%     -    0s
     0     0    0.27678    0    7    0.73735    0.27678  62.5%     -    0s
     0     0    0.27689    0    7    0.73735    0.27689  62.4%     -    0s
     0     0    0.31527    0    8    0.73735    0.31527  57.2%     -    0s
     0     0    0.33805    0    6    0.73735    0.33805  54.2%     -    0s
     0     0    0.33805    0    6    0.73735    0.33805  54.2%     -    0s
     0     0    0.33834    0    9    0.73735    0.33834  54.1%     -    0s
     0     0    0.33834    0    9    0.73735    0.33834  54.1%     -    0s
     0     0    0.33850    0    6    0.73735    0.33850  54.1%     -    0s
H    0     0                       0.5410262    0.33850  37.4%     -    0s
     0     0    0.33851    0    9    0.54103    0.33851  37.4%     -    0s
     0     0    0.33862    0    9    0.54103    0.33862  37.4%     -    0s
     0     0    0.33867    0    6    0.54103    0.33867  37.4%     -    0s
H    0     0                       0.5384380    0.33867  37.1%     -    0s
     0     0    0.33877    0    6    0.53844    0.33877  37.1%     -    0s
     0     0    0.33877    0    6    0.53844    0.33877  37.1%     -    0s
H    0     0                       0.5187030    0.33877  34.7%     -    0s
     0     2    0.33877    0    6    0.51870    0.33877  34.7%     -    0s

Cutting planes:
  Gomory: 1
  MIR: 5
  Flow cover: 8

Explored 72 nodes (855 simplex iterations) in 0.22 seconds
Thread count was 4 (of 4 available processors)

Solution count 5: 0.518703 0.538438 0.541026 ... 4.25367

Optimal solution found (tolerance 1.00e-04)
Best objective 5.187029969801e-01, best bound 5.187029969801e-01, gap 0.0000%
Optimize a model with 3969 rows, 1152 columns and 8590 nonzeros
Variable types: 607 continuous, 545 integer (459 binary)
Coefficient statistics:
  Matrix range     [5e-03, 6e+05]
  Objective range  [1e+00, 1e+00]
  Bounds range     [1e+00, 1e+00]
  RHS range        [9e-01, 2e+06]

MIP start did not produce a new incumbent solution
MIP start violates constraint circular by 1.000000000

Presolve removed 2477 rows and 479 columns
Presolve time: 0.01s
Presolved: 1492 rows, 673 columns, 4542 nonzeros
Variable types: 430 continuous, 243 integer (243 binary)
Found heuristic solution: objective 3.9342817
Found heuristic solution: objective 0.7373479

Root relaxation: objective 2.201364e-01, 205 iterations, 0.01 seconds

    Nodes    |    Current Node    |     Objective Bounds      |     Work
 Expl Unexpl |  Obj  Depth IntInf | Incumbent    BestBd   Gap | It/Node Time

     0     0    0.22014    0   12    0.73735    0.22014  70.1%     -    0s
     0     0    0.27985    0    9    0.73735    0.27985  62.0%     -    0s
     0     0    0.27985    0    6    0.73735    0.27985  62.0%     -    0s
     0     0    0.28196    0   10    0.73735    0.28196  61.8%     -    0s
H    0     0                       0.7076927    0.28196  60.2%     -    0s
     0     0    0.30021    0    9    0.70769    0.30021  57.6%     -    0s
     0     0    0.30097    0    9    0.70769    0.30097  57.5%     -    0s
     0     0    0.30483    0    9    0.70769    0.30483  56.9%     -    0s
     0     0    0.30525    0    9    0.70769    0.30525  56.9%     -    0s
     0     0    0.30531    0   12    0.70769    0.30531  56.9%     -    0s
     0     0    0.30541    0   12    0.70769    0.30541  56.8%     -    0s
     0     0    0.31565    0    9    0.70769    0.31565  55.4%     -    0s
H    0     0                       0.5897374    0.31565  46.5%     -    0s
     0     0    0.31567    0    9    0.58974    0.31567  46.5%     -    0s
     0     0    0.31603    0    9    0.58974    0.31603  46.4%     -    0s
     0     0    0.31603    0    9    0.58974    0.31603  46.4%     -    0s
     0     0    0.31603    0    5    0.58974    0.31603  46.4%     -    0s
     0     0    0.31603    0    8    0.58974    0.31603  46.4%     -    0s
     0     0    0.31649    0    8    0.58974    0.31649  46.3%     -    0s
     0     0    0.31670    0    8    0.58974    0.31670  46.3%     -    0s
     0     0    0.31676    0    8    0.58974    0.31676  46.3%     -    0s
     0     0    0.31676    0    8    0.58974    0.31676  46.3%     -    0s
     0     2    0.31676    0    8    0.58974    0.31676  46.3%     -    0s
*    7     6               3       0.5384380    0.39869  26.0%  15.6    0s

Cutting planes:
  Gomory: 1
  Implied bound: 2
  MIR: 2
  Flow cover: 6

Explored 59 nodes (901 simplex iterations) in 0.23 seconds
Thread count was 4 (of 4 available processors)

Solution count 5: 0.538438 0.589737 0.707693 ... 3.93428

Optimal solution found (tolerance 1.00e-04)
Best objective 5.384379510948e-01, best bound 5.384379510948e-01, gap 0.0000%
Optimize a model with 3970 rows, 1152 columns and 8591 nonzeros
Variable types: 607 continuous, 545 integer (459 binary)
Coefficient statistics:
  Matrix range     [5e-03, 6e+05]
  Objective range  [1e+00, 1e+00]
  Bounds range     [1e+00, 1e+00]
  RHS range        [9e-01, 2e+06]

MIP start did not produce a new incumbent solution
MIP start violates constraint circular by 1.000000000

Presolve removed 2493 rows and 485 columns
Presolve time: 0.01s
Presolved: 1477 rows, 667 columns, 4516 nonzeros
Variable types: 425 continuous, 242 integer (242 binary)
Found heuristic solution: objective 1.9835908
Found heuristic solution: objective 0.7373487

Root relaxation: objective 2.415913e-01, 144 iterations, 0.01 seconds

    Nodes    |    Current Node    |     Objective Bounds      |     Work
 Expl Unexpl |  Obj  Depth IntInf | Incumbent    BestBd   Gap | It/Node Time

     0     0    0.24159    0   12    0.73735    0.24159  67.2%     -    0s
     0     0    0.68892    0    4    0.73735    0.68892  6.57%     -    0s
     0     0     cutoff    0         0.73735    0.73735  0.00%     -    0s

Explored 1 nodes (291 simplex iterations) in 0.05 seconds
Thread count was 4 (of 4 available processors)

Solution count 2: 0.737349 1.98359 

Optimal solution found (tolerance 1.00e-04)
Best objective 7.373487001108e-01, best bound 7.373487001108e-01, gap 0.0000%

Gurobi 7.5.2 (linux64) logging started Fri Apr 26 12:13:50 2019

Changed value of parameter LogFile to /home/aniket/python_scripts/Plasmids-Optimization/exp/2019-04-17__iterative_MILP_v3/output/sample_116/1.1.1/nplasmids_1/MILP/m.log
   Prev: gurobi.log  Default: 
Changed value of parameter TimeLimit to 2400.0
   Prev: 1e+100  Min: 0.0  Max: 1e+100  Default: 1e+100
Optimize a model with 629 rows, 183 columns and 1281 nonzeros
Variable types: 103 continuous, 80 integer (66 binary)
Coefficient statistics:
  Matrix range     [3e-01, 7e+03]
  Objective range  [1e+00, 1e+00]
  Bounds range     [1e+00, 1e+00]
  RHS range        [9e-01, 2e+06]
Presolve removed 433 rows and 101 columns
Presolve time: 0.00s
Presolved: 196 rows, 82 columns, 566 nonzeros
Variable types: 67 continuous, 15 integer (15 binary)
Found heuristic solution: objective 7.4624435
Found heuristic solution: objective 7.3177585

Root relaxation: objective 6.522625e-01, 32 iterations, 0.00 seconds

    Nodes    |    Current Node    |     Objective Bounds      |     Work
 Expl Unexpl |  Obj  Depth IntInf | Incumbent    BestBd   Gap | It/Node Time

     0     0    0.65226    0    6    7.31776    0.65226  91.1%     -    0s
H    0     0                       1.0029346    0.65226  35.0%     -    0s
     0     0    0.82524    0    4    1.00293    0.82524  17.7%     -    0s
     0     0    0.87985    0    2    1.00293    0.87985  12.3%     -    0s
H    0     1                       1.0029346    0.87985  12.3%     -    0s

Cutting planes:
  Flow cover: 2

Explored 1 nodes (52 simplex iterations) in 0.01 seconds
Thread count was 4 (of 4 available processors)

Solution count 4: 1.00293 1.00293 7.31776 7.46244 

Optimal solution found (tolerance 1.00e-04)
Best objective 1.002934576093e+00, best bound 1.002934576093e+00, gap 0.0000%
Optimize a model with 630 rows, 183 columns and 1282 nonzeros
Variable types: 103 continuous, 80 integer (66 binary)
Coefficient statistics:
  Matrix range     [3e-01, 7e+03]
  Objective range  [1e+00, 1e+00]
  Bounds range     [1e+00, 1e+00]
  RHS range        [9e-01, 2e+06]

MIP start did not produce a new incumbent solution
MIP start violates constraint circular by 1.000000000

Presolve removed 293 rows and 43 columns
Presolve time: 0.00s

Explored 0 nodes (0 simplex iterations) in 0.00 seconds
Thread count was 1 (of 4 available processors)

Solution count 0

Model is infeasible or unbounded
Best objective -, best bound -, gap -
Presolve removed 293 rows and 43 columns
Presolve time: 0.00s

Explored 0 nodes (0 simplex iterations) in 0.00 seconds
Thread count was 1 (of 4 available processors)

Solution count 0

Model is infeasible
Best objective -, best bound -, gap -

Computing Irreducible Inconsistent Subsystem (IIS)...

      Constraints           Bounds       Runtime
     Min       Max       Min      Max
------------------------------------------------
        0      528         0      117         0s
       19       19         0        0         0s

IIS computed: 19 constraints, 0 bounds
IIS runtime: 0.10 seconds
Warning: linear constraint 0 and linear constraint 1 have the same name "extr_ubd"

Gurobi 7.5.2 (linux64) logging started Sat Apr 27 22:18:49 2019

Changed value of parameter LogFile to /home/aniket/python_scripts/Plasmids-Optimization/exp/2019-04-17__iterative_MILP_v3/output/sample_116/1.1.1/nplasmids_1/MILP/m.log
   Prev: gurobi.log  Default: 
Changed value of parameter TimeLimit to 2400.0
   Prev: 1e+100  Min: 0.0  Max: 1e+100  Default: 1e+100
Optimize a model with 3967 rows, 1152 columns and 8388 nonzeros
Variable types: 607 continuous, 545 integer (459 binary)
Coefficient statistics:
  Matrix range     [5e-03, 6e+05]
  Objective range  [1e+00, 1e+00]
  Bounds range     [1e+00, 1e+00]
  RHS range        [9e-01, 2e+06]
Presolve removed 2461 rows and 473 columns
Presolve time: 0.01s
Presolved: 1506 rows, 679 columns, 4393 nonzeros
Variable types: 435 continuous, 244 integer (244 binary)
Found heuristic solution: objective -0.8503084

Root relaxation: objective -8.902294e-01, 61 iterations, 0.00 seconds

    Nodes    |    Current Node    |     Objective Bounds      |     Work
 Expl Unexpl |  Obj  Depth IntInf | Incumbent    BestBd   Gap | It/Node Time

     0     0   -0.89023    0    6   -0.85031   -0.89023  4.69%     -    0s

Explored 0 nodes (142 simplex iterations) in 0.03 seconds
Thread count was 4 (of 4 available processors)

Solution count 1: -0.850308 

Optimal solution found (tolerance 1.00e-04)
Best objective -8.503084098076e-01, best bound -8.503084098076e-01, gap 0.0000%
Optimize a model with 3968 rows, 1152 columns and 8389 nonzeros
Variable types: 607 continuous, 545 integer (459 binary)
Coefficient statistics:
  Matrix range     [5e-03, 6e+05]
  Objective range  [1e+00, 1e+00]
  Bounds range     [1e+00, 1e+00]
  RHS range        [9e-01, 2e+06]

MIP start did not produce a new incumbent solution
MIP start violates constraint circular by 1.000000000

Presolve removed 2477 rows and 479 columns
Presolve time: 0.01s
Presolved: 1491 rows, 673 columns, 4355 nonzeros
Variable types: 430 continuous, 243 integer (243 binary)
Found heuristic solution: objective -0.8217412

Root relaxation: objective -8.901417e-01, 52 iterations, 0.00 seconds

    Nodes    |    Current Node    |     Objective Bounds      |     Work
 Expl Unexpl |  Obj  Depth IntInf | Incumbent    BestBd   Gap | It/Node Time

     0     0   -0.89014    0    5   -0.82174   -0.89014  8.32%     -    0s

Explored 0 nodes (241 simplex iterations) in 0.03 seconds
Thread count was 4 (of 4 available processors)

Solution count 1: -0.821741 

Optimal solution found (tolerance 1.00e-04)
Best objective -8.217412064301e-01, best bound -8.217412064301e-01, gap 0.0000%
Optimize a model with 3969 rows, 1152 columns and 8390 nonzeros
Variable types: 607 continuous, 545 integer (459 binary)
Coefficient statistics:
  Matrix range     [5e-03, 6e+05]
  Objective range  [1e+00, 1e+00]
  Bounds range     [1e+00, 1e+00]
  RHS range        [9e-01, 2e+06]

MIP start did not produce a new incumbent solution
MIP start violates constraint circular by 1.000000000

Presolve removed 2493 rows and 485 columns
Presolve time: 0.01s
Presolved: 1476 rows, 667 columns, 4329 nonzeros
Variable types: 425 continuous, 242 integer (242 binary)
Found heuristic solution: objective 0.0088387
Found heuristic solution: objective -0.6313256

Root relaxation: objective -7.880196e-01, 273 iterations, 0.00 seconds

    Nodes    |    Current Node    |     Objective Bounds      |     Work
 Expl Unexpl |  Obj  Depth IntInf | Incumbent    BestBd   Gap | It/Node Time

     0     0   -0.78802    0   75   -0.63133   -0.78802  24.8%     -    0s
     0     0     cutoff    0        -0.63133   -0.63133  0.00%     -    0s

Explored 1 nodes (394 simplex iterations) in 0.04 seconds
Thread count was 4 (of 4 available processors)

Solution count 2: -0.631326 0.00883869 

Optimal solution found (tolerance 1.00e-04)
Best objective -6.313256499446e-01, best bound -6.313256499446e-01, gap 0.0000%

Gurobi 7.5.2 (linux64) logging started Sat Apr 27 22:18:49 2019

Changed value of parameter LogFile to /home/aniket/python_scripts/Plasmids-Optimization/exp/2019-04-17__iterative_MILP_v3/output/sample_116/1.1.1/nplasmids_1/MILP/m.log
   Prev: gurobi.log  Default: 
Changed value of parameter TimeLimit to 2400.0
   Prev: 1e+100  Min: 0.0  Max: 1e+100  Default: 1e+100
Optimize a model with 628 rows, 183 columns and 1257 nonzeros
Variable types: 103 continuous, 80 integer (66 binary)
Coefficient statistics:
  Matrix range     [3e-01, 7e+03]
  Objective range  [1e+00, 1e+00]
  Bounds range     [1e+00, 1e+00]
  RHS range        [9e-01, 2e+06]
Presolve removed 433 rows and 101 columns
Presolve time: 0.00s
Presolved: 195 rows, 82 columns, 557 nonzeros
Variable types: 67 continuous, 15 integer (15 binary)
Found heuristic solution: objective 1.4392528

Root relaxation: objective -8.503084e-01, 2 iterations, 0.00 seconds

    Nodes    |    Current Node    |     Objective Bounds      |     Work
 Expl Unexpl |  Obj  Depth IntInf | Incumbent    BestBd   Gap | It/Node Time

*    0     0               0      -0.8503084   -0.85031  0.00%     -    0s

Explored 0 nodes (2 simplex iterations) in 0.00 seconds
Thread count was 4 (of 4 available processors)

Solution count 2: -0.850308 1.43925 

Optimal solution found (tolerance 1.00e-04)
Best objective -8.503084098089e-01, best bound -8.503084098089e-01, gap 0.0000%
Optimize a model with 629 rows, 183 columns and 1258 nonzeros
Variable types: 103 continuous, 80 integer (66 binary)
Coefficient statistics:
  Matrix range     [3e-01, 7e+03]
  Objective range  [1e+00, 1e+00]
  Bounds range     [1e+00, 1e+00]
  RHS range        [9e-01, 2e+06]

MIP start did not produce a new incumbent solution
MIP start violates constraint circular by 1.000000000

Presolve removed 293 rows and 43 columns
Presolve time: 0.00s

Explored 0 nodes (0 simplex iterations) in 0.00 seconds
Thread count was 1 (of 4 available processors)

Solution count 0

Model is infeasible or unbounded
Best objective -, best bound -, gap -
Presolve removed 293 rows and 43 columns
Presolve time: 0.00s

Explored 0 nodes (0 simplex iterations) in 0.00 seconds
Thread count was 1 (of 4 available processors)

Solution count 0

Model is infeasible
Best objective -, best bound -, gap -

Computing Irreducible Inconsistent Subsystem (IIS)...

      Constraints           Bounds       Runtime
     Min       Max       Min      Max
------------------------------------------------
        0      527         0      117         0s
       19       19         0        0         0s

IIS computed: 19 constraints, 0 bounds
IIS runtime: 0.08 seconds
Warning: linear constraint 0 and linear constraint 1 have the same name "extr_ubd"

Gurobi 7.5.2 (linux64) logging started Sat Apr 27 22:22:05 2019

Changed value of parameter LogFile to /home/aniket/python_scripts/Plasmids-Optimization/exp/2019-04-17__iterative_MILP_v3/output/sample_116/1.1.1/nplasmids_1/MILP/m.log
   Prev: gurobi.log  Default: 
Changed value of parameter TimeLimit to 2400.0
   Prev: 1e+100  Min: 0.0  Max: 1e+100  Default: 1e+100
Optimize a model with 3967 rows, 1152 columns and 8388 nonzeros
Variable types: 607 continuous, 545 integer (459 binary)
Coefficient statistics:
  Matrix range     [5e-03, 6e+05]
  Objective range  [1e+00, 1e+00]
  Bounds range     [1e+00, 1e+00]
  RHS range        [9e-01, 2e+06]
Presolve removed 2461 rows and 473 columns
Presolve time: 0.01s
Presolved: 1506 rows, 679 columns, 4393 nonzeros
Variable types: 435 continuous, 244 integer (244 binary)
Found heuristic solution: objective -0.8503084

Root relaxation: objective -8.902294e-01, 61 iterations, 0.00 seconds

    Nodes    |    Current Node    |     Objective Bounds      |     Work
 Expl Unexpl |  Obj  Depth IntInf | Incumbent    BestBd   Gap | It/Node Time

     0     0   -0.89023    0    6   -0.85031   -0.89023  4.69%     -    0s

Explored 0 nodes (142 simplex iterations) in 0.03 seconds
Thread count was 4 (of 4 available processors)

Solution count 1: -0.850308 

Optimal solution found (tolerance 1.00e-04)
Best objective -8.503084098076e-01, best bound -8.503084098076e-01, gap 0.0000%
Optimize a model with 3967 rows, 1152 columns and 8388 nonzeros
Variable types: 607 continuous, 545 integer (459 binary)
Coefficient statistics:
  Matrix range     [5e-03, 6e+05]
  Objective range  [1e+00, 1e+00]
  Bounds range     [1e+00, 1e+00]
  RHS range        [9e-01, 2e+06]
Presolved: 1506 rows, 679 columns, 4393 nonzeros

Continuing optimization...


Explored 0 nodes (142 simplex iterations) in 0.00 seconds
Thread count was 4 (of 4 available processors)

Solution count 1: -0.850308 

Optimal solution found (tolerance 1.00e-04)
Best objective -8.503084098076e-01, best bound -8.503084098076e-01, gap 0.0000%
Optimize a model with 3967 rows, 1152 columns and 8388 nonzeros
Variable types: 607 continuous, 545 integer (459 binary)
Coefficient statistics:
  Matrix range     [5e-03, 6e+05]
  Objective range  [1e+00, 1e+00]
  Bounds range     [1e+00, 1e+00]
  RHS range        [9e-01, 2e+06]
Presolved: 1506 rows, 679 columns, 4393 nonzeros

Continuing optimization...


Explored 0 nodes (142 simplex iterations) in 0.00 seconds
Thread count was 4 (of 4 available processors)

Solution count 1: -0.850308 

Optimal solution found (tolerance 1.00e-04)
Best objective -8.503084098076e-01, best bound -8.503084098076e-01, gap 0.0000%
Optimize a model with 3967 rows, 1152 columns and 8388 nonzeros
Variable types: 607 continuous, 545 integer (459 binary)
Coefficient statistics:
  Matrix range     [5e-03, 6e+05]
  Objective range  [1e+00, 1e+00]
  Bounds range     [1e+00, 1e+00]
  RHS range        [9e-01, 2e+06]
Presolved: 1506 rows, 679 columns, 4393 nonzeros

Continuing optimization...


Explored 0 nodes (142 simplex iterations) in 0.00 seconds
Thread count was 4 (of 4 available processors)

Solution count 1: -0.850308 

Optimal solution found (tolerance 1.00e-04)
Best objective -8.503084098076e-01, best bound -8.503084098076e-01, gap 0.0000%
Optimize a model with 3967 rows, 1152 columns and 8388 nonzeros
Variable types: 607 continuous, 545 integer (459 binary)
Coefficient statistics:
  Matrix range     [5e-03, 6e+05]
  Objective range  [1e+00, 1e+00]
  Bounds range     [1e+00, 1e+00]
  RHS range        [9e-01, 2e+06]
Presolved: 1506 rows, 679 columns, 4393 nonzeros

Continuing optimization...


Explored 0 nodes (142 simplex iterations) in 0.00 seconds
Thread count was 4 (of 4 available processors)

Solution count 1: -0.850308 

Optimal solution found (tolerance 1.00e-04)
Best objective -8.503084098076e-01, best bound -8.503084098076e-01, gap 0.0000%
Optimize a model with 3967 rows, 1152 columns and 8388 nonzeros
Variable types: 607 continuous, 545 integer (459 binary)
Coefficient statistics:
  Matrix range     [5e-03, 6e+05]
  Objective range  [1e+00, 1e+00]
  Bounds range     [1e+00, 1e+00]
  RHS range        [9e-01, 2e+06]
Presolved: 1506 rows, 679 columns, 4393 nonzeros

Continuing optimization...


Explored 0 nodes (142 simplex iterations) in 0.00 seconds
Thread count was 4 (of 4 available processors)

Solution count 1: -0.850308 

Optimal solution found (tolerance 1.00e-04)
Best objective -8.503084098076e-01, best bound -8.503084098076e-01, gap 0.0000%
Optimize a model with 3967 rows, 1152 columns and 8388 nonzeros
Variable types: 607 continuous, 545 integer (459 binary)
Coefficient statistics:
  Matrix range     [5e-03, 6e+05]
  Objective range  [1e+00, 1e+00]
  Bounds range     [1e+00, 1e+00]
  RHS range        [9e-01, 2e+06]
Presolved: 1506 rows, 679 columns, 4393 nonzeros

Continuing optimization...


Explored 0 nodes (142 simplex iterations) in 0.00 seconds
Thread count was 4 (of 4 available processors)

Solution count 1: -0.850308 

Optimal solution found (tolerance 1.00e-04)
Best objective -8.503084098076e-01, best bound -8.503084098076e-01, gap 0.0000%
Optimize a model with 3967 rows, 1152 columns and 8388 nonzeros
Variable types: 607 continuous, 545 integer (459 binary)
Coefficient statistics:
  Matrix range     [5e-03, 6e+05]
  Objective range  [1e+00, 1e+00]
  Bounds range     [1e+00, 1e+00]
  RHS range        [9e-01, 2e+06]
Presolved: 1506 rows, 679 columns, 4393 nonzeros

Continuing optimization...


Explored 0 nodes (142 simplex iterations) in 0.00 seconds
Thread count was 4 (of 4 available processors)

Solution count 1: -0.850308 

Optimal solution found (tolerance 1.00e-04)
Best objective -8.503084098076e-01, best bound -8.503084098076e-01, gap 0.0000%
Optimize a model with 3967 rows, 1152 columns and 8388 nonzeros
Variable types: 607 continuous, 545 integer (459 binary)
Coefficient statistics:
  Matrix range     [5e-03, 6e+05]
  Objective range  [1e+00, 1e+00]
  Bounds range     [1e+00, 1e+00]
  RHS range        [9e-01, 2e+06]
Presolved: 1506 rows, 679 columns, 4393 nonzeros

Continuing optimization...


Explored 0 nodes (142 simplex iterations) in 0.00 seconds
Thread count was 4 (of 4 available processors)

Solution count 1: -0.850308 

Optimal solution found (tolerance 1.00e-04)
Best objective -8.503084098076e-01, best bound -8.503084098076e-01, gap 0.0000%
Optimize a model with 3967 rows, 1152 columns and 8388 nonzeros
Variable types: 607 continuous, 545 integer (459 binary)
Coefficient statistics:
  Matrix range     [5e-03, 6e+05]
  Objective range  [1e+00, 1e+00]
  Bounds range     [1e+00, 1e+00]
  RHS range        [9e-01, 2e+06]
Presolved: 1506 rows, 679 columns, 4393 nonzeros

Continuing optimization...


Explored 0 nodes (142 simplex iterations) in 0.00 seconds
Thread count was 4 (of 4 available processors)

Solution count 1: -0.850308 

Optimal solution found (tolerance 1.00e-04)
Best objective -8.503084098076e-01, best bound -8.503084098076e-01, gap 0.0000%
Optimize a model with 3967 rows, 1152 columns and 8388 nonzeros
Variable types: 607 continuous, 545 integer (459 binary)
Coefficient statistics:
  Matrix range     [5e-03, 6e+05]
  Objective range  [1e+00, 1e+00]
  Bounds range     [1e+00, 1e+00]
  RHS range        [9e-01, 2e+06]
Presolved: 1506 rows, 679 columns, 4393 nonzeros

Continuing optimization...


Explored 0 nodes (142 simplex iterations) in 0.00 seconds
Thread count was 4 (of 4 available processors)

Solution count 1: -0.850308 

Optimal solution found (tolerance 1.00e-04)
Best objective -8.503084098076e-01, best bound -8.503084098076e-01, gap 0.0000%
Optimize a model with 3967 rows, 1152 columns and 8388 nonzeros
Variable types: 607 continuous, 545 integer (459 binary)
Coefficient statistics:
  Matrix range     [5e-03, 6e+05]
  Objective range  [1e+00, 1e+00]
  Bounds range     [1e+00, 1e+00]
  RHS range        [9e-01, 2e+06]
Presolved: 1506 rows, 679 columns, 4393 nonzeros

Continuing optimization...


Explored 0 nodes (142 simplex iterations) in 0.00 seconds
Thread count was 4 (of 4 available processors)

Solution count 1: -0.850308 

Optimal solution found (tolerance 1.00e-04)
Best objective -8.503084098076e-01, best bound -8.503084098076e-01, gap 0.0000%
Optimize a model with 3967 rows, 1152 columns and 8388 nonzeros
Variable types: 607 continuous, 545 integer (459 binary)
Coefficient statistics:
  Matrix range     [5e-03, 6e+05]
  Objective range  [1e+00, 1e+00]
  Bounds range     [1e+00, 1e+00]
  RHS range        [9e-01, 2e+06]
Presolved: 1506 rows, 679 columns, 4393 nonzeros

Continuing optimization...


Explored 0 nodes (142 simplex iterations) in 0.00 seconds
Thread count was 4 (of 4 available processors)

Solution count 1: -0.850308 

Optimal solution found (tolerance 1.00e-04)
Best objective -8.503084098076e-01, best bound -8.503084098076e-01, gap 0.0000%
Optimize a model with 3967 rows, 1152 columns and 8388 nonzeros
Variable types: 607 continuous, 545 integer (459 binary)
Coefficient statistics:
  Matrix range     [5e-03, 6e+05]
  Objective range  [1e+00, 1e+00]
  Bounds range     [1e+00, 1e+00]
  RHS range        [9e-01, 2e+06]
Presolved: 1506 rows, 679 columns, 4393 nonzeros

Continuing optimization...


Explored 0 nodes (142 simplex iterations) in 0.00 seconds
Thread count was 4 (of 4 available processors)

Solution count 1: -0.850308 

Optimal solution found (tolerance 1.00e-04)
Best objective -8.503084098076e-01, best bound -8.503084098076e-01, gap 0.0000%
Optimize a model with 3967 rows, 1152 columns and 8388 nonzeros
Variable types: 607 continuous, 545 integer (459 binary)
Coefficient statistics:
  Matrix range     [5e-03, 6e+05]
  Objective range  [1e+00, 1e+00]
  Bounds range     [1e+00, 1e+00]
  RHS range        [9e-01, 2e+06]
Presolved: 1506 rows, 679 columns, 4393 nonzeros

Continuing optimization...


Explored 0 nodes (142 simplex iterations) in 0.00 seconds
Thread count was 4 (of 4 available processors)

Solution count 1: -0.850308 

Optimal solution found (tolerance 1.00e-04)
Best objective -8.503084098076e-01, best bound -8.503084098076e-01, gap 0.0000%
Optimize a model with 3967 rows, 1152 columns and 8388 nonzeros
Variable types: 607 continuous, 545 integer (459 binary)
Coefficient statistics:
  Matrix range     [5e-03, 6e+05]
  Objective range  [1e+00, 1e+00]
  Bounds range     [1e+00, 1e+00]
  RHS range        [9e-01, 2e+06]
Presolved: 1506 rows, 679 columns, 4393 nonzeros

Continuing optimization...


Explored 0 nodes (142 simplex iterations) in 0.00 seconds
Thread count was 4 (of 4 available processors)

Solution count 1: -0.850308 

Optimal solution found (tolerance 1.00e-04)
Best objective -8.503084098076e-01, best bound -8.503084098076e-01, gap 0.0000%
Optimize a model with 3967 rows, 1152 columns and 8388 nonzeros
Variable types: 607 continuous, 545 integer (459 binary)
Coefficient statistics:
  Matrix range     [5e-03, 6e+05]
  Objective range  [1e+00, 1e+00]
  Bounds range     [1e+00, 1e+00]
  RHS range        [9e-01, 2e+06]
Presolved: 1506 rows, 679 columns, 4393 nonzeros

Continuing optimization...


Explored 0 nodes (142 simplex iterations) in 0.00 seconds
Thread count was 4 (of 4 available processors)

Solution count 1: -0.850308 

Optimal solution found (tolerance 1.00e-04)
Best objective -8.503084098076e-01, best bound -8.503084098076e-01, gap 0.0000%
Optimize a model with 3967 rows, 1152 columns and 8388 nonzeros
Variable types: 607 continuous, 545 integer (459 binary)
Coefficient statistics:
  Matrix range     [5e-03, 6e+05]
  Objective range  [1e+00, 1e+00]
  Bounds range     [1e+00, 1e+00]
  RHS range        [9e-01, 2e+06]
Presolved: 1506 rows, 679 columns, 4393 nonzeros

Continuing optimization...


Explored 0 nodes (142 simplex iterations) in 0.00 seconds
Thread count was 4 (of 4 available processors)

Solution count 1: -0.850308 

Optimal solution found (tolerance 1.00e-04)
Best objective -8.503084098076e-01, best bound -8.503084098076e-01, gap 0.0000%
Optimize a model with 3967 rows, 1152 columns and 8388 nonzeros
Variable types: 607 continuous, 545 integer (459 binary)
Coefficient statistics:
  Matrix range     [5e-03, 6e+05]
  Objective range  [1e+00, 1e+00]
  Bounds range     [1e+00, 1e+00]
  RHS range        [9e-01, 2e+06]
Presolved: 1506 rows, 679 columns, 4393 nonzeros

Continuing optimization...


Explored 0 nodes (142 simplex iterations) in 0.00 seconds
Thread count was 4 (of 4 available processors)

Solution count 1: -0.850308 

Optimal solution found (tolerance 1.00e-04)
Best objective -8.503084098076e-01, best bound -8.503084098076e-01, gap 0.0000%
Optimize a model with 3967 rows, 1152 columns and 8388 nonzeros
Variable types: 607 continuous, 545 integer (459 binary)
Coefficient statistics:
  Matrix range     [5e-03, 6e+05]
  Objective range  [1e+00, 1e+00]
  Bounds range     [1e+00, 1e+00]
  RHS range        [9e-01, 2e+06]
Presolved: 1506 rows, 679 columns, 4393 nonzeros

Continuing optimization...


Explored 0 nodes (142 simplex iterations) in 0.00 seconds
Thread count was 4 (of 4 available processors)

Solution count 1: -0.850308 

Optimal solution found (tolerance 1.00e-04)
Best objective -8.503084098076e-01, best bound -8.503084098076e-01, gap 0.0000%
Optimize a model with 3967 rows, 1152 columns and 8388 nonzeros
Variable types: 607 continuous, 545 integer (459 binary)
Coefficient statistics:
  Matrix range     [5e-03, 6e+05]
  Objective range  [1e+00, 1e+00]
  Bounds range     [1e+00, 1e+00]
  RHS range        [9e-01, 2e+06]
Presolved: 1506 rows, 679 columns, 4393 nonzeros

Continuing optimization...


Explored 0 nodes (142 simplex iterations) in 0.00 seconds
Thread count was 4 (of 4 available processors)

Solution count 1: -0.850308 

Optimal solution found (tolerance 1.00e-04)
Best objective -8.503084098076e-01, best bound -8.503084098076e-01, gap 0.0000%
Optimize a model with 3967 rows, 1152 columns and 8388 nonzeros
Variable types: 607 continuous, 545 integer (459 binary)
Coefficient statistics:
  Matrix range     [5e-03, 6e+05]
  Objective range  [1e+00, 1e+00]
  Bounds range     [1e+00, 1e+00]
  RHS range        [9e-01, 2e+06]
Presolved: 1506 rows, 679 columns, 4393 nonzeros

Continuing optimization...


Explored 0 nodes (142 simplex iterations) in 0.00 seconds
Thread count was 4 (of 4 available processors)

Solution count 1: -0.850308 

Optimal solution found (tolerance 1.00e-04)
Best objective -8.503084098076e-01, best bound -8.503084098076e-01, gap 0.0000%
Optimize a model with 3967 rows, 1152 columns and 8388 nonzeros
Variable types: 607 continuous, 545 integer (459 binary)
Coefficient statistics:
  Matrix range     [5e-03, 6e+05]
  Objective range  [1e+00, 1e+00]
  Bounds range     [1e+00, 1e+00]
  RHS range        [9e-01, 2e+06]
Presolved: 1506 rows, 679 columns, 4393 nonzeros

Continuing optimization...


Explored 0 nodes (142 simplex iterations) in 0.00 seconds
Thread count was 4 (of 4 available processors)

Solution count 1: -0.850308 

Optimal solution found (tolerance 1.00e-04)
Best objective -8.503084098076e-01, best bound -8.503084098076e-01, gap 0.0000%
Optimize a model with 3967 rows, 1152 columns and 8388 nonzeros
Variable types: 607 continuous, 545 integer (459 binary)
Coefficient statistics:
  Matrix range     [5e-03, 6e+05]
  Objective range  [1e+00, 1e+00]
  Bounds range     [1e+00, 1e+00]
  RHS range        [9e-01, 2e+06]
Presolved: 1506 rows, 679 columns, 4393 nonzeros

Continuing optimization...


Explored 0 nodes (142 simplex iterations) in 0.00 seconds
Thread count was 4 (of 4 available processors)

Solution count 1: -0.850308 

Optimal solution found (tolerance 1.00e-04)
Best objective -8.503084098076e-01, best bound -8.503084098076e-01, gap 0.0000%
Optimize a model with 3967 rows, 1152 columns and 8388 nonzeros
Variable types: 607 continuous, 545 integer (459 binary)
Coefficient statistics:
  Matrix range     [5e-03, 6e+05]
  Objective range  [1e+00, 1e+00]
  Bounds range     [1e+00, 1e+00]
  RHS range        [9e-01, 2e+06]
Presolved: 1506 rows, 679 columns, 4393 nonzeros

Continuing optimization...


Explored 0 nodes (142 simplex iterations) in 0.00 seconds
Thread count was 4 (of 4 available processors)

Solution count 1: -0.850308 

Optimal solution found (tolerance 1.00e-04)
Best objective -8.503084098076e-01, best bound -8.503084098076e-01, gap 0.0000%
Optimize a model with 3967 rows, 1152 columns and 8388 nonzeros
Variable types: 607 continuous, 545 integer (459 binary)
Coefficient statistics:
  Matrix range     [5e-03, 6e+05]
  Objective range  [1e+00, 1e+00]
  Bounds range     [1e+00, 1e+00]
  RHS range        [9e-01, 2e+06]
Presolved: 1506 rows, 679 columns, 4393 nonzeros

Continuing optimization...


Explored 0 nodes (142 simplex iterations) in 0.00 seconds
Thread count was 4 (of 4 available processors)

Solution count 1: -0.850308 

Optimal solution found (tolerance 1.00e-04)
Best objective -8.503084098076e-01, best bound -8.503084098076e-01, gap 0.0000%
Optimize a model with 3967 rows, 1152 columns and 8388 nonzeros
Variable types: 607 continuous, 545 integer (459 binary)
Coefficient statistics:
  Matrix range     [5e-03, 6e+05]
  Objective range  [1e+00, 1e+00]
  Bounds range     [1e+00, 1e+00]
  RHS range        [9e-01, 2e+06]
Presolved: 1506 rows, 679 columns, 4393 nonzeros

Continuing optimization...


Explored 0 nodes (142 simplex iterations) in 0.00 seconds
Thread count was 4 (of 4 available processors)

Solution count 1: -0.850308 

Optimal solution found (tolerance 1.00e-04)
Best objective -8.503084098076e-01, best bound -8.503084098076e-01, gap 0.0000%
Optimize a model with 3967 rows, 1152 columns and 8388 nonzeros
Variable types: 607 continuous, 545 integer (459 binary)
Coefficient statistics:
  Matrix range     [5e-03, 6e+05]
  Objective range  [1e+00, 1e+00]
  Bounds range     [1e+00, 1e+00]
  RHS range        [9e-01, 2e+06]
Presolved: 1506 rows, 679 columns, 4393 nonzeros

Continuing optimization...


Explored 0 nodes (142 simplex iterations) in 0.00 seconds
Thread count was 4 (of 4 available processors)

Solution count 1: -0.850308 

Optimal solution found (tolerance 1.00e-04)
Best objective -8.503084098076e-01, best bound -8.503084098076e-01, gap 0.0000%
Optimize a model with 3967 rows, 1152 columns and 8388 nonzeros
Variable types: 607 continuous, 545 integer (459 binary)
Coefficient statistics:
  Matrix range     [5e-03, 6e+05]
  Objective range  [1e+00, 1e+00]
  Bounds range     [1e+00, 1e+00]
  RHS range        [9e-01, 2e+06]
Presolved: 1506 rows, 679 columns, 4393 nonzeros

Continuing optimization...


Explored 0 nodes (142 simplex iterations) in 0.00 seconds
Thread count was 4 (of 4 available processors)

Solution count 1: -0.850308 

Optimal solution found (tolerance 1.00e-04)
Best objective -8.503084098076e-01, best bound -8.503084098076e-01, gap 0.0000%
Optimize a model with 3967 rows, 1152 columns and 8388 nonzeros
Variable types: 607 continuous, 545 integer (459 binary)
Coefficient statistics:
  Matrix range     [5e-03, 6e+05]
  Objective range  [1e+00, 1e+00]
  Bounds range     [1e+00, 1e+00]
  RHS range        [9e-01, 2e+06]
Presolved: 1506 rows, 679 columns, 4393 nonzeros

Continuing optimization...


Explored 0 nodes (142 simplex iterations) in 0.00 seconds
Thread count was 4 (of 4 available processors)

Solution count 1: -0.850308 

Optimal solution found (tolerance 1.00e-04)
Best objective -8.503084098076e-01, best bound -8.503084098076e-01, gap 0.0000%
Optimize a model with 3967 rows, 1152 columns and 8388 nonzeros
Variable types: 607 continuous, 545 integer (459 binary)
Coefficient statistics:
  Matrix range     [5e-03, 6e+05]
  Objective range  [1e+00, 1e+00]
  Bounds range     [1e+00, 1e+00]
  RHS range        [9e-01, 2e+06]
Presolved: 1506 rows, 679 columns, 4393 nonzeros

Continuing optimization...


Explored 0 nodes (142 simplex iterations) in 0.00 seconds
Thread count was 4 (of 4 available processors)

Solution count 1: -0.850308 

Optimal solution found (tolerance 1.00e-04)
Best objective -8.503084098076e-01, best bound -8.503084098076e-01, gap 0.0000%
Optimize a model with 3967 rows, 1152 columns and 8388 nonzeros
Variable types: 607 continuous, 545 integer (459 binary)
Coefficient statistics:
  Matrix range     [5e-03, 6e+05]
  Objective range  [1e+00, 1e+00]
  Bounds range     [1e+00, 1e+00]
  RHS range        [9e-01, 2e+06]
Presolved: 1506 rows, 679 columns, 4393 nonzeros

Continuing optimization...


Explored 0 nodes (142 simplex iterations) in 0.00 seconds
Thread count was 4 (of 4 available processors)

Solution count 1: -0.850308 

Optimal solution found (tolerance 1.00e-04)
Best objective -8.503084098076e-01, best bound -8.503084098076e-01, gap 0.0000%
Optimize a model with 3967 rows, 1152 columns and 8388 nonzeros
Variable types: 607 continuous, 545 integer (459 binary)
Coefficient statistics:
  Matrix range     [5e-03, 6e+05]
  Objective range  [1e+00, 1e+00]
  Bounds range     [1e+00, 1e+00]
  RHS range        [9e-01, 2e+06]
Presolved: 1506 rows, 679 columns, 4393 nonzeros

Continuing optimization...


Explored 0 nodes (142 simplex iterations) in 0.00 seconds
Thread count was 4 (of 4 available processors)

Solution count 1: -0.850308 

Optimal solution found (tolerance 1.00e-04)
Best objective -8.503084098076e-01, best bound -8.503084098076e-01, gap 0.0000%
Optimize a model with 3967 rows, 1152 columns and 8388 nonzeros
Variable types: 607 continuous, 545 integer (459 binary)
Coefficient statistics:
  Matrix range     [5e-03, 6e+05]
  Objective range  [1e+00, 1e+00]
  Bounds range     [1e+00, 1e+00]
  RHS range        [9e-01, 2e+06]
Presolved: 1506 rows, 679 columns, 4393 nonzeros

Continuing optimization...


Explored 0 nodes (142 simplex iterations) in 0.00 seconds
Thread count was 4 (of 4 available processors)

Solution count 1: -0.850308 

Optimal solution found (tolerance 1.00e-04)
Best objective -8.503084098076e-01, best bound -8.503084098076e-01, gap 0.0000%
Optimize a model with 3967 rows, 1152 columns and 8388 nonzeros
Variable types: 607 continuous, 545 integer (459 binary)
Coefficient statistics:
  Matrix range     [5e-03, 6e+05]
  Objective range  [1e+00, 1e+00]
  Bounds range     [1e+00, 1e+00]
  RHS range        [9e-01, 2e+06]
Presolved: 1506 rows, 679 columns, 4393 nonzeros

Continuing optimization...


Explored 0 nodes (142 simplex iterations) in 0.00 seconds
Thread count was 4 (of 4 available processors)

Solution count 1: -0.850308 

Optimal solution found (tolerance 1.00e-04)
Best objective -8.503084098076e-01, best bound -8.503084098076e-01, gap 0.0000%
Optimize a model with 3967 rows, 1152 columns and 8388 nonzeros
Variable types: 607 continuous, 545 integer (459 binary)
Coefficient statistics:
  Matrix range     [5e-03, 6e+05]
  Objective range  [1e+00, 1e+00]
  Bounds range     [1e+00, 1e+00]
  RHS range        [9e-01, 2e+06]
Presolved: 1506 rows, 679 columns, 4393 nonzeros

Continuing optimization...


Explored 0 nodes (142 simplex iterations) in 0.00 seconds
Thread count was 4 (of 4 available processors)

Solution count 1: -0.850308 

Optimal solution found (tolerance 1.00e-04)
Best objective -8.503084098076e-01, best bound -8.503084098076e-01, gap 0.0000%
Optimize a model with 3967 rows, 1152 columns and 8388 nonzeros
Variable types: 607 continuous, 545 integer (459 binary)
Coefficient statistics:
  Matrix range     [5e-03, 6e+05]
  Objective range  [1e+00, 1e+00]
  Bounds range     [1e+00, 1e+00]
  RHS range        [9e-01, 2e+06]
Presolved: 1506 rows, 679 columns, 4393 nonzeros

Continuing optimization...


Explored 0 nodes (142 simplex iterations) in 0.00 seconds
Thread count was 4 (of 4 available processors)

Solution count 1: -0.850308 

Optimal solution found (tolerance 1.00e-04)
Best objective -8.503084098076e-01, best bound -8.503084098076e-01, gap 0.0000%
Optimize a model with 3967 rows, 1152 columns and 8388 nonzeros
Variable types: 607 continuous, 545 integer (459 binary)
Coefficient statistics:
  Matrix range     [5e-03, 6e+05]
  Objective range  [1e+00, 1e+00]
  Bounds range     [1e+00, 1e+00]
  RHS range        [9e-01, 2e+06]
Presolved: 1506 rows, 679 columns, 4393 nonzeros

Continuing optimization...


Explored 0 nodes (142 simplex iterations) in 0.00 seconds
Thread count was 4 (of 4 available processors)

Solution count 1: -0.850308 

Optimal solution found (tolerance 1.00e-04)
Best objective -8.503084098076e-01, best bound -8.503084098076e-01, gap 0.0000%
Optimize a model with 3967 rows, 1152 columns and 8388 nonzeros
Variable types: 607 continuous, 545 integer (459 binary)
Coefficient statistics:
  Matrix range     [5e-03, 6e+05]
  Objective range  [1e+00, 1e+00]
  Bounds range     [1e+00, 1e+00]
  RHS range        [9e-01, 2e+06]
Presolved: 1506 rows, 679 columns, 4393 nonzeros

Continuing optimization...


Explored 0 nodes (142 simplex iterations) in 0.00 seconds
Thread count was 4 (of 4 available processors)

Solution count 1: -0.850308 

Optimal solution found (tolerance 1.00e-04)
Best objective -8.503084098076e-01, best bound -8.503084098076e-01, gap 0.0000%
Optimize a model with 3967 rows, 1152 columns and 8388 nonzeros
Variable types: 607 continuous, 545 integer (459 binary)
Coefficient statistics:
  Matrix range     [5e-03, 6e+05]
  Objective range  [1e+00, 1e+00]
  Bounds range     [1e+00, 1e+00]
  RHS range        [9e-01, 2e+06]
Presolved: 1506 rows, 679 columns, 4393 nonzeros

Continuing optimization...


Explored 0 nodes (142 simplex iterations) in 0.00 seconds
Thread count was 4 (of 4 available processors)

Solution count 1: -0.850308 

Optimal solution found (tolerance 1.00e-04)
Best objective -8.503084098076e-01, best bound -8.503084098076e-01, gap 0.0000%
Optimize a model with 3967 rows, 1152 columns and 8388 nonzeros
Variable types: 607 continuous, 545 integer (459 binary)
Coefficient statistics:
  Matrix range     [5e-03, 6e+05]
  Objective range  [1e+00, 1e+00]
  Bounds range     [1e+00, 1e+00]
  RHS range        [9e-01, 2e+06]
Presolved: 1506 rows, 679 columns, 4393 nonzeros

Continuing optimization...


Explored 0 nodes (142 simplex iterations) in 0.00 seconds
Thread count was 4 (of 4 available processors)

Solution count 1: -0.850308 

Optimal solution found (tolerance 1.00e-04)
Best objective -8.503084098076e-01, best bound -8.503084098076e-01, gap 0.0000%
Optimize a model with 3967 rows, 1152 columns and 8388 nonzeros
Variable types: 607 continuous, 545 integer (459 binary)
Coefficient statistics:
  Matrix range     [5e-03, 6e+05]
  Objective range  [1e+00, 1e+00]
  Bounds range     [1e+00, 1e+00]
  RHS range        [9e-01, 2e+06]
Presolved: 1506 rows, 679 columns, 4393 nonzeros

Continuing optimization...


Explored 0 nodes (142 simplex iterations) in 0.00 seconds
Thread count was 4 (of 4 available processors)

Solution count 1: -0.850308 

Optimal solution found (tolerance 1.00e-04)
Best objective -8.503084098076e-01, best bound -8.503084098076e-01, gap 0.0000%
Optimize a model with 3967 rows, 1152 columns and 8388 nonzeros
Variable types: 607 continuous, 545 integer (459 binary)
Coefficient statistics:
  Matrix range     [5e-03, 6e+05]
  Objective range  [1e+00, 1e+00]
  Bounds range     [1e+00, 1e+00]
  RHS range        [9e-01, 2e+06]
Presolved: 1506 rows, 679 columns, 4393 nonzeros

Continuing optimization...


Explored 0 nodes (142 simplex iterations) in 0.00 seconds
Thread count was 4 (of 4 available processors)

Solution count 1: -0.850308 

Optimal solution found (tolerance 1.00e-04)
Best objective -8.503084098076e-01, best bound -8.503084098076e-01, gap 0.0000%
Optimize a model with 3967 rows, 1152 columns and 8388 nonzeros
Variable types: 607 continuous, 545 integer (459 binary)
Coefficient statistics:
  Matrix range     [5e-03, 6e+05]
  Objective range  [1e+00, 1e+00]
  Bounds range     [1e+00, 1e+00]
  RHS range        [9e-01, 2e+06]
Presolved: 1506 rows, 679 columns, 4393 nonzeros

Continuing optimization...


Explored 0 nodes (142 simplex iterations) in 0.00 seconds
Thread count was 4 (of 4 available processors)

Solution count 1: -0.850308 

Optimal solution found (tolerance 1.00e-04)
Best objective -8.503084098076e-01, best bound -8.503084098076e-01, gap 0.0000%
Optimize a model with 3967 rows, 1152 columns and 8388 nonzeros
Variable types: 607 continuous, 545 integer (459 binary)
Coefficient statistics:
  Matrix range     [5e-03, 6e+05]
  Objective range  [1e+00, 1e+00]
  Bounds range     [1e+00, 1e+00]
  RHS range        [9e-01, 2e+06]
Presolved: 1506 rows, 679 columns, 4393 nonzeros

Continuing optimization...


Explored 0 nodes (142 simplex iterations) in 0.00 seconds
Thread count was 4 (of 4 available processors)

Solution count 1: -0.850308 

Optimal solution found (tolerance 1.00e-04)
Best objective -8.503084098076e-01, best bound -8.503084098076e-01, gap 0.0000%
Optimize a model with 3967 rows, 1152 columns and 8388 nonzeros
Variable types: 607 continuous, 545 integer (459 binary)
Coefficient statistics:
  Matrix range     [5e-03, 6e+05]
  Objective range  [1e+00, 1e+00]
  Bounds range     [1e+00, 1e+00]
  RHS range        [9e-01, 2e+06]
Presolved: 1506 rows, 679 columns, 4393 nonzeros

Continuing optimization...


Explored 0 nodes (142 simplex iterations) in 0.00 seconds
Thread count was 4 (of 4 available processors)

Solution count 1: -0.850308 

Optimal solution found (tolerance 1.00e-04)
Best objective -8.503084098076e-01, best bound -8.503084098076e-01, gap 0.0000%
Optimize a model with 3967 rows, 1152 columns and 8388 nonzeros
Variable types: 607 continuous, 545 integer (459 binary)
Coefficient statistics:
  Matrix range     [5e-03, 6e+05]
  Objective range  [1e+00, 1e+00]
  Bounds range     [1e+00, 1e+00]
  RHS range        [9e-01, 2e+06]
Presolved: 1506 rows, 679 columns, 4393 nonzeros

Continuing optimization...


Explored 0 nodes (142 simplex iterations) in 0.00 seconds
Thread count was 4 (of 4 available processors)

Solution count 1: -0.850308 

Optimal solution found (tolerance 1.00e-04)
Best objective -8.503084098076e-01, best bound -8.503084098076e-01, gap 0.0000%
Optimize a model with 3967 rows, 1152 columns and 8388 nonzeros
Variable types: 607 continuous, 545 integer (459 binary)
Coefficient statistics:
  Matrix range     [5e-03, 6e+05]
  Objective range  [1e+00, 1e+00]
  Bounds range     [1e+00, 1e+00]
  RHS range        [9e-01, 2e+06]
Presolved: 1506 rows, 679 columns, 4393 nonzeros

Continuing optimization...


Explored 0 nodes (142 simplex iterations) in 0.00 seconds
Thread count was 4 (of 4 available processors)

Solution count 1: -0.850308 

Optimal solution found (tolerance 1.00e-04)
Best objective -8.503084098076e-01, best bound -8.503084098076e-01, gap 0.0000%
Optimize a model with 3967 rows, 1152 columns and 8388 nonzeros
Variable types: 607 continuous, 545 integer (459 binary)
Coefficient statistics:
  Matrix range     [5e-03, 6e+05]
  Objective range  [1e+00, 1e+00]
  Bounds range     [1e+00, 1e+00]
  RHS range        [9e-01, 2e+06]
Presolved: 1506 rows, 679 columns, 4393 nonzeros

Continuing optimization...


Explored 0 nodes (142 simplex iterations) in 0.00 seconds
Thread count was 4 (of 4 available processors)

Solution count 1: -0.850308 

Optimal solution found (tolerance 1.00e-04)
Best objective -8.503084098076e-01, best bound -8.503084098076e-01, gap 0.0000%

Gurobi 7.5.2 (linux64) logging started Tue Apr 30 13:04:37 2019

Changed value of parameter LogFile to /home/aniket/python_scripts/Plasmids-Optimization/exp/2019-04-17__iterative_MILP_v3/output/sample_116/1.1.1/nplasmids_1/MILP/m.log
   Prev: gurobi.log  Default: 
Changed value of parameter TimeLimit to 2400.0
   Prev: 1e+100  Min: 0.0  Max: 1e+100  Default: 1e+100
Optimize a model with 3968 rows, 1152 columns and 8589 nonzeros
Variable types: 607 continuous, 545 integer (459 binary)
Coefficient statistics:
  Matrix range     [5e-03, 6e+05]
  Objective range  [1e+00, 1e+00]
  Bounds range     [1e+00, 1e+00]
  RHS range        [9e-01, 2e+06]
Presolve removed 2461 rows and 473 columns
Presolve time: 0.01s
Presolved: 1507 rows, 679 columns, 4580 nonzeros
Variable types: 435 continuous, 244 integer (244 binary)
Found heuristic solution: objective 0.4178906
Found heuristic solution: objective -0.6313265

Root relaxation: objective -8.901169e-01, 314 iterations, 0.01 seconds

    Nodes    |    Current Node    |     Objective Bounds      |     Work
 Expl Unexpl |  Obj  Depth IntInf | Incumbent    BestBd   Gap | It/Node Time

     0     0   -0.89012    0  122   -0.63133   -0.89012  41.0%     -    0s
     0     0   -0.88777    0  128   -0.63133   -0.88777  40.6%     -    0s
     0     0   -0.88607    0   86   -0.63133   -0.88607  40.4%     -    0s
H    0     0                      -0.7641024   -0.88607  16.0%     -    0s
     0     0   -0.87009    0   79   -0.76410   -0.87009  13.9%     -    0s
     0     0   -0.86992    0   75   -0.76410   -0.86992  13.8%     -    0s
     0     0   -0.86972    0   70   -0.76410   -0.86972  13.8%     -    0s
     0     0   -0.86534    0   18   -0.76410   -0.86534  13.2%     -    0s
H    0     0                      -0.7720036   -0.86534  12.1%     -    0s
     0     0   -0.84823    0   58   -0.77200   -0.84823  9.87%     -    0s
     0     0   -0.84822    0   58   -0.77200   -0.84822  9.87%     -    0s
     0     0   -0.84800    0   59   -0.77200   -0.84800  9.84%     -    0s
H    0     0                      -0.8270990   -0.84800  2.53%     -    0s
     0     0   -0.84799    0   59   -0.82710   -0.84799  2.53%     -    0s
     0     0   -0.84795    0   64   -0.82710   -0.84795  2.52%     -    0s
     0     0   -0.84793    0   64   -0.82710   -0.84793  2.52%     -    0s
     0     0   -0.84793    0   63   -0.82710   -0.84793  2.52%     -    0s
     0     0   -0.84793    0   61   -0.82710   -0.84793  2.52%     -    0s
H    0     1                      -0.8270990   -0.84793  2.52%     -    0s

Cutting planes:
  Implied bound: 41
  MIR: 7
  Flow cover: 37

Explored 1 nodes (2534 simplex iterations) in 0.34 seconds
Thread count was 4 (of 4 available processors)

Solution count 6: -0.827099 -0.827099 -0.772004 ... 0.417891

Optimal solution found (tolerance 1.00e-04)
Best objective -8.270990048540e-01, best bound -8.270990048540e-01, gap 0.0000%
Optimize a model with 3969 rows, 1152 columns and 8590 nonzeros
Variable types: 607 continuous, 545 integer (459 binary)
Coefficient statistics:
  Matrix range     [5e-03, 6e+05]
  Objective range  [1e+00, 1e+00]
  Bounds range     [1e+00, 1e+00]
  RHS range        [9e-01, 2e+06]

MIP start did not produce a new incumbent solution
MIP start violates constraint circular by 1.000000000

Presolve removed 2477 rows and 479 columns
Presolve time: 0.01s
Presolved: 1492 rows, 673 columns, 4542 nonzeros
Variable types: 430 continuous, 243 integer (243 binary)
Found heuristic solution: objective 0.3114272
Found heuristic solution: objective -0.6313265

Root relaxation: objective -8.900100e-01, 336 iterations, 0.01 seconds

    Nodes    |    Current Node    |     Objective Bounds      |     Work
 Expl Unexpl |  Obj  Depth IntInf | Incumbent    BestBd   Gap | It/Node Time

     0     0   -0.89001    0  120   -0.63133   -0.89001  41.0%     -    0s
     0     0   -0.85815    0  129   -0.63133   -0.85815  35.9%     -    0s
     0     0   -0.84304    0   85   -0.63133   -0.84304  33.5%     -    0s
     0     0   -0.83431    0   93   -0.63133   -0.83431  32.2%     -    0s
     0     0   -0.83215    0   42   -0.63133   -0.83215  31.8%     -    0s
     0     0   -0.82927    0   35   -0.63133   -0.82927  31.4%     -    0s
H    0     0                      -0.7527695   -0.82927  10.2%     -    0s
     0     0   -0.82885    0   35   -0.75277   -0.82885  10.1%     -    0s
     0     0   -0.82773    0   13   -0.75277   -0.82773  10.0%     -    0s
H    0     0                      -0.7641024   -0.82773  8.33%     -    0s
     0     0   -0.82760    0   18   -0.76410   -0.82760  8.31%     -    0s
     0     0   -0.82720    0   17   -0.76410   -0.82720  8.26%     -    0s
H    0     0                      -0.8196813   -0.82720  0.92%     -    0s
     0     0   -0.82716    0   22   -0.81968   -0.82716  0.91%     -    0s
     0     0   -0.82073    0   16   -0.81968   -0.82073  0.13%     -    0s
     0     0   -0.82052    0    1   -0.81968   -0.82052  0.10%     -    0s
*    0     0               0      -0.8205207   -0.82052  0.00%     -    0s

Cutting planes:
  Implied bound: 3
  Flow cover: 1

Explored 1 nodes (1942 simplex iterations) in 0.19 seconds
Thread count was 4 (of 4 available processors)

Solution count 6: -0.820521 -0.819681 -0.764102 ... 0.311427

Optimal solution found (tolerance 1.00e-04)
Best objective -8.205206829687e-01, best bound -8.205206829687e-01, gap 0.0000%
Optimize a model with 3970 rows, 1152 columns and 8591 nonzeros
Variable types: 607 continuous, 545 integer (459 binary)
Coefficient statistics:
  Matrix range     [5e-03, 6e+05]
  Objective range  [1e+00, 1e+00]
  Bounds range     [1e+00, 1e+00]
  RHS range        [9e-01, 2e+06]

MIP start did not produce a new incumbent solution
MIP start violates constraint circular by 1.000000000

Presolve removed 2493 rows and 485 columns
Presolve time: 0.01s
Presolved: 1477 rows, 667 columns, 4516 nonzeros
Variable types: 425 continuous, 242 integer (242 binary)
Found heuristic solution: objective -0.0082046
Found heuristic solution: objective -0.6313256

Root relaxation: objective -7.880196e-01, 335 iterations, 0.01 seconds

    Nodes    |    Current Node    |     Objective Bounds      |     Work
 Expl Unexpl |  Obj  Depth IntInf | Incumbent    BestBd   Gap | It/Node Time

     0     0   -0.78802    0   74   -0.63133   -0.78802  24.8%     -    0s
     0     0     cutoff    0        -0.63133   -0.63133  0.00%     -    0s

Explored 1 nodes (566 simplex iterations) in 0.04 seconds
Thread count was 4 (of 4 available processors)

Solution count 2: -0.631326 -0.00820456 

Optimal solution found (tolerance 1.00e-04)
Best objective -6.313256499446e-01, best bound -6.313256499446e-01, gap 0.0000%

Gurobi 7.5.2 (linux64) logging started Tue Apr 30 13:04:38 2019

Changed value of parameter LogFile to /home/aniket/python_scripts/Plasmids-Optimization/exp/2019-04-17__iterative_MILP_v3/output/sample_116/1.1.1/nplasmids_1/MILP/m.log
   Prev: gurobi.log  Default: 
Changed value of parameter TimeLimit to 2400.0
   Prev: 1e+100  Min: 0.0  Max: 1e+100  Default: 1e+100
Optimize a model with 3860 rows, 1122 columns and 8314 nonzeros
Variable types: 593 continuous, 529 integer (445 binary)
Coefficient statistics:
  Matrix range     [5e-03, 6e+05]
  Objective range  [1e+00, 1e+00]
  Bounds range     [1e+00, 1e+00]
  RHS range        [9e-01, 2e+06]
Presolve removed 2413 rows and 473 columns
Presolve time: 0.01s
Presolved: 1447 rows, 649 columns, 4380 nonzeros
Variable types: 420 continuous, 229 integer (229 binary)
Found heuristic solution: objective 0.2271785
Found heuristic solution: objective -0.8269005
Found heuristic solution: objective -0.8270990

Root relaxation: objective -8.832300e-01, 408 iterations, 0.01 seconds

    Nodes    |    Current Node    |     Objective Bounds      |     Work
 Expl Unexpl |  Obj  Depth IntInf | Incumbent    BestBd   Gap | It/Node Time

     0     0   -0.88323    0  140   -0.82710   -0.88323  6.79%     -    0s
     0     0   -0.82710    0    4   -0.82710   -0.82710  0.00%     -    0s

Cutting planes:
  Implied bound: 11
  MIR: 1
  Flow cover: 1

Explored 1 nodes (655 simplex iterations) in 0.06 seconds
Thread count was 4 (of 4 available processors)

Solution count 3: -0.827099 -0.8269 0.227178 

Optimal solution found (tolerance 1.00e-04)
Best objective -8.270990013572e-01, best bound -8.271022312976e-01, gap 0.0004%
Optimize a model with 3861 rows, 1122 columns and 8315 nonzeros
Variable types: 593 continuous, 529 integer (445 binary)
Coefficient statistics:
  Matrix range     [5e-03, 6e+05]
  Objective range  [1e+00, 1e+00]
  Bounds range     [1e+00, 1e+00]
  RHS range        [9e-01, 2e+06]

MIP start did not produce a new incumbent solution
MIP start violates constraint circular by 1.000000000

Presolve removed 2429 rows and 479 columns
Presolve time: 0.01s
Presolved: 1432 rows, 643 columns, 4342 nonzeros
Variable types: 415 continuous, 228 integer (228 binary)
Found heuristic solution: objective 0.0937007
Found heuristic solution: objective -0.8196579
Found heuristic solution: objective -0.8196813

Root relaxation: objective -8.216399e-01, 121 iterations, 0.00 seconds

    Nodes    |    Current Node    |     Objective Bounds      |     Work
 Expl Unexpl |  Obj  Depth IntInf | Incumbent    BestBd   Gap | It/Node Time

     0     0   -0.82164    0   40   -0.81968   -0.82164  0.24%     -    0s
     0     0   -0.82052    0   14   -0.81968   -0.82052  0.10%     -    0s
     0     0   -0.82052    0    1   -0.81968   -0.82052  0.10%     -    0s
H    0     0                      -0.8205207   -0.82052  0.00%     -    0s
     0     0   -0.82052    0    1   -0.82052   -0.82052  0.00%     -    0s

Explored 1 nodes (242 simplex iterations) in 0.04 seconds
Thread count was 4 (of 4 available processors)

Solution count 5: -0.820521 -0.819681 -0.819681 ... 0.0937007

Optimal solution found (tolerance 1.00e-04)
Best objective -8.205206829684e-01, best bound -8.205206829684e-01, gap 0.0000%
Optimize a model with 3862 rows, 1122 columns and 8316 nonzeros
Variable types: 593 continuous, 529 integer (445 binary)
Coefficient statistics:
  Matrix range     [5e-03, 6e+05]
  Objective range  [1e+00, 1e+00]
  Bounds range     [1e+00, 1e+00]
  RHS range        [9e-01, 2e+06]

MIP start did not produce a new incumbent solution
MIP start violates constraint circular by 1.000000000

Presolve removed 2445 rows and 485 columns
Presolve time: 0.01s
Presolved: 1417 rows, 637 columns, 4381 nonzeros
Variable types: 410 continuous, 227 integer (227 binary)
Found heuristic solution: objective -0.0019989
Found heuristic solution: objective -0.0082046

Root relaxation: cutoff, 11 iterations, 0.00 seconds

    Nodes    |    Current Node    |     Objective Bounds      |     Work
 Expl Unexpl |  Obj  Depth IntInf | Incumbent    BestBd   Gap | It/Node Time

     0     0     cutoff    0        -0.00820   -0.00820  0.00%     -    0s

Explored 0 nodes (11 simplex iterations) in 0.02 seconds
Thread count was 4 (of 4 available processors)

Solution count 2: -0.00820456 -0.00199892 

Optimal solution found (tolerance 1.00e-04)
Best objective -8.204558254519e-03, best bound -8.204558254519e-03, gap 0.0000%

Gurobi 7.5.2 (linux64) logging started Tue Apr 30 13:04:38 2019

Changed value of parameter LogFile to /home/aniket/python_scripts/Plasmids-Optimization/exp/2019-04-17__iterative_MILP_v3/output/sample_116/1.1.1/nplasmids_1/MILP/m.log
   Prev: gurobi.log  Default: 
Changed value of parameter TimeLimit to 2400.0
   Prev: 1e+100  Min: 0.0  Max: 1e+100  Default: 1e+100
Optimize a model with 3812 rows, 1108 columns and 8203 nonzeros
Variable types: 586 continuous, 522 integer (439 binary)
Coefficient statistics:
  Matrix range     [5e-03, 6e+05]
  Objective range  [1e+00, 1e+00]
  Bounds range     [1e+00, 1e+00]
  RHS range        [9e-01, 2e+06]
Presolve removed 2385 rows and 469 columns
Presolve time: 0.01s
Presolved: 1427 rows, 639 columns, 4313 nonzeros
Variable types: 415 continuous, 224 integer (224 binary)
Found heuristic solution: objective 3.1929042
Found heuristic solution: objective -0.8269005
Found heuristic solution: objective -0.8270990

Root relaxation: objective -8.832300e-01, 443 iterations, 0.01 seconds

    Nodes    |    Current Node    |     Objective Bounds      |     Work
 Expl Unexpl |  Obj  Depth IntInf | Incumbent    BestBd   Gap | It/Node Time

     0     0   -0.88323    0  138   -0.82710   -0.88323  6.79%     -    0s
     0     0   -0.82710    0    4   -0.82710   -0.82710  0.00%     -    0s

Cutting planes:
  Implied bound: 11
  MIR: 1
  Flow cover: 1

Explored 1 nodes (672 simplex iterations) in 0.06 seconds
Thread count was 4 (of 4 available processors)

Solution count 3: -0.827099 -0.8269 3.1929 

Optimal solution found (tolerance 1.00e-04)
Best objective -8.270990013572e-01, best bound -8.271022312976e-01, gap 0.0004%
Optimize a model with 3813 rows, 1108 columns and 8204 nonzeros
Variable types: 586 continuous, 522 integer (439 binary)
Coefficient statistics:
  Matrix range     [5e-03, 6e+05]
  Objective range  [1e+00, 1e+00]
  Bounds range     [1e+00, 1e+00]
  RHS range        [9e-01, 2e+06]

MIP start did not produce a new incumbent solution
MIP start violates constraint circular by 1.000000000

Presolve removed 2401 rows and 475 columns
Presolve time: 0.01s
Presolved: 1412 rows, 633 columns, 4358 nonzeros
Variable types: 410 continuous, 223 integer (223 binary)
Found heuristic solution: objective -0.7438980
Found heuristic solution: objective -0.8086856
Found heuristic solution: objective -0.8196813

Root relaxation: objective -8.212055e-01, 75 iterations, 0.00 seconds

    Nodes    |    Current Node    |     Objective Bounds      |     Work
 Expl Unexpl |  Obj  Depth IntInf | Incumbent    BestBd   Gap | It/Node Time

     0     0   -0.82121    0   14   -0.81968   -0.82121  0.19%     -    0s
H    0     0                      -0.8205215   -0.82121  0.08%     -    0s
     0     0     cutoff    0        -0.82052   -0.82052  0.00%     -    0s

Cutting planes:
  Implied bound: 2
  Clique: 1
  Flow cover: 4

Explored 1 nodes (97 simplex iterations) in 0.03 seconds
Thread count was 4 (of 4 available processors)

Solution count 4: -0.820521 -0.819681 -0.808686 -0.743898 

Optimal solution found (tolerance 1.00e-04)
Best objective -8.205214950686e-01, best bound -8.205214950686e-01, gap 0.0000%
Optimize a model with 3814 rows, 1108 columns and 8205 nonzeros
Variable types: 586 continuous, 522 integer (439 binary)
Coefficient statistics:
  Matrix range     [5e-03, 6e+05]
  Objective range  [1e+00, 1e+00]
  Bounds range     [1e+00, 1e+00]
  RHS range        [9e-01, 2e+06]

MIP start did not produce a new incumbent solution
MIP start violates constraint circular by 1.000000000

Presolve removed 2432 rows and 487 columns
Presolve time: 0.01s
Presolved: 1382 rows, 621 columns, 4155 nonzeros
Variable types: 402 continuous, 219 integer (219 binary)
Found heuristic solution: objective -0.0019989

Root relaxation: objective -4.975154e-03, 267 iterations, 0.01 seconds

    Nodes    |    Current Node    |     Objective Bounds      |     Work
 Expl Unexpl |  Obj  Depth IntInf | Incumbent    BestBd   Gap | It/Node Time

     0     0   -0.00498    0   34   -0.00200   -0.00498   149%     -    0s
     0     0   -0.00400    0  121   -0.00200   -0.00400   100%     -    0s
H    0     1                      -0.0019989   -0.00400   100%     -    0s

Cutting planes:
  Cover: 3
  Implied bound: 15
  Clique: 2
  Flow cover: 12

Explored 1 nodes (601 simplex iterations) in 0.07 seconds
Thread count was 4 (of 4 available processors)

Solution count 2: -0.00199892 -0.00199892 

Optimal solution found (tolerance 1.00e-04)
Best objective -1.998920712216e-03, best bound -1.998920712216e-03, gap 0.0000%

Gurobi 7.5.2 (linux64) logging started Tue Apr 30 13:04:38 2019

Changed value of parameter LogFile to /home/aniket/python_scripts/Plasmids-Optimization/exp/2019-04-17__iterative_MILP_v3/output/sample_116/1.1.1/nplasmids_1/MILP/m.log
   Prev: gurobi.log  Default: 
Changed value of parameter TimeLimit to 2400.0
   Prev: 1e+100  Min: 0.0  Max: 1e+100  Default: 1e+100
Optimize a model with 3764 rows, 1094 columns and 8092 nonzeros
Variable types: 579 continuous, 515 integer (433 binary)
Coefficient statistics:
  Matrix range     [2e-01, 6e+05]
  Objective range  [1e+00, 1e+00]
  Bounds range     [1e+00, 1e+00]
  RHS range        [9e-01, 2e+06]
Presolve removed 2356 rows and 465 columns
Presolve time: 0.01s
Presolved: 1408 rows, 629 columns, 4247 nonzeros
Variable types: 410 continuous, 219 integer (219 binary)
Found heuristic solution: objective 3.1929042
Found heuristic solution: objective -0.8269005
Found heuristic solution: objective -0.8270990

Root relaxation: objective -8.271061e-01, 33 iterations, 0.00 seconds

    Nodes    |    Current Node    |     Objective Bounds      |     Work
 Expl Unexpl |  Obj  Depth IntInf | Incumbent    BestBd   Gap | It/Node Time

     0     0   -0.82711    0    4   -0.82710   -0.82711  0.00%     -    0s

Explored 1 nodes (33 simplex iterations) in 0.02 seconds
Thread count was 4 (of 4 available processors)

Solution count 3: -0.827099 -0.8269 3.1929 

Optimal solution found (tolerance 1.00e-04)
Best objective -8.270990048540e-01, best bound -8.271060804849e-01, gap 0.0009%
Optimize a model with 3765 rows, 1094 columns and 8093 nonzeros
Variable types: 579 continuous, 515 integer (433 binary)
Coefficient statistics:
  Matrix range     [2e-01, 6e+05]
  Objective range  [1e+00, 1e+00]
  Bounds range     [1e+00, 1e+00]
  RHS range        [9e-01, 2e+06]

MIP start did not produce a new incumbent solution
MIP start violates constraint circular by 1.000000000

Presolve removed 2384 rows and 475 columns
Presolve time: 0.01s
Presolved: 1381 rows, 619 columns, 4168 nonzeros
Variable types: 402 continuous, 217 integer (217 binary)
Found heuristic solution: objective -0.7438980
Found heuristic solution: objective -0.8086856
Found heuristic solution: objective -0.8119357
Found heuristic solution: objective -0.8196813

Root relaxation: objective -8.212055e-01, 80 iterations, 0.00 seconds

    Nodes    |    Current Node    |     Objective Bounds      |     Work
 Expl Unexpl |  Obj  Depth IntInf | Incumbent    BestBd   Gap | It/Node Time

     0     0   -0.82121    0   14   -0.81968   -0.82121  0.19%     -    0s
H    0     0                      -0.8205207   -0.82121  0.08%     -    0s
     0     0     cutoff    0        -0.82052   -0.82052  0.00%     -    0s

Cutting planes:
  Implied bound: 2
  Clique: 1
  Flow cover: 2

Explored 1 nodes (103 simplex iterations) in 0.03 seconds
Thread count was 4 (of 4 available processors)

Solution count 5: -0.820521 -0.819681 -0.811936 ... -0.743898

Optimal solution found (tolerance 1.00e-04)
Best objective -8.205206829686e-01, best bound -8.205206829686e-01, gap 0.0000%
Optimize a model with 3766 rows, 1094 columns and 8094 nonzeros
Variable types: 579 continuous, 515 integer (433 binary)
Coefficient statistics:
  Matrix range     [2e-01, 6e+05]
  Objective range  [1e+00, 1e+00]
  Bounds range     [1e+00, 1e+00]
  RHS range        [9e-01, 2e+06]

MIP start did not produce a new incumbent solution
MIP start violates constraint circular by 1.000000000

Presolve removed 1509 rows and 182 columns
Presolve time: 0.00s

Explored 0 nodes (0 simplex iterations) in 0.00 seconds
Thread count was 1 (of 4 available processors)

Solution count 0

Model is infeasible or unbounded
Best objective -, best bound -, gap -
Presolve removed 1509 rows and 182 columns
Presolve time: 0.00s

Explored 0 nodes (0 simplex iterations) in 0.01 seconds
Thread count was 1 (of 4 available processors)

Solution count 0

Model is infeasible
Best objective -, best bound -, gap -

Computing Irreducible Inconsistent Subsystem (IIS)...

      Constraints           Bounds       Runtime
     Min       Max       Min      Max
------------------------------------------------
        0     3202         0      661         0s
       91       91         0        0         3s

IIS computed: 91 constraints, 0 bounds
IIS runtime: 3.00 seconds
Warning: linear constraint 0 and linear constraint 1 have the same name "extr_ubd"
