Iteration 1
1	deque([(('95_1', 't'), ('89_7', 't')), (('95_1', 'h'), ('138_1', 't')), (('138_1', 'h'), ('99_1', 'h')), (('158_2', 'h'), ('99_1', 't')), (('158_2', 't'), ('53_0', 't')), (('53_0', 'h'), ('110_9', 't')), (('110_9', 'h'), ('41_3', 'h')), (('120_10', 'h'), ('41_3', 't')), (('134_8', 'h'), ('120_10', 't')), (('139_7', 't'), ('134_8', 't')), (('139_7', 'h'), ('105_6', 't')), (('105_6', 'h'), ('72_5', 'h')), (('166_3', 'h'), ('72_5', 't')), (('67_37', 'h'), ('166_3', 't')), (('67_37', 't'), ('63_2', 't')), (('63_2', 'h'), ('110_5', 't')), (('110_5', 'h'), ('107_1', 't')), (('156_2', 'h'), ('107_1', 'h')), (('156_2', 't'), ('102_0', 't')), (('102_0', 'h'), ('89_8', 't')), (('89_8', 'h'), ('33_1', 't')), (('116_4', 'h'), ('33_1', 'h')), (('88_11', 'h'), ('116_4', 't')), (('71_13', 'h'), ('88_11', 't')), (('174_3', 'h'), ('71_13', 't')), (('175_1', 'h'), ('174_3', 't')), (('175_1', 't'), ('100_1', 't')), (('100_1', 'h'), ('66_5', 't')), (('66_5', 'h'), ('129_6', 't')), (('129_6', 'h'), ('73_1', 'h')), (('73_1', 't'), ('27_4', 't')), (('27_4', 'h'), ('31_3', 't')), (('31_3', 'h'), ('22_0', 't')), (('22_0', 'h'), ('61_0', 't')), (('61_0', 'h'), ('45_0', 't')), (('45_0', 'h'), ('60_6', 't')), (('60_6', 'h'), ('65_1', 't')), (('65_1', 'h'), ('67_24', 't')), (('67_24', 'h'), ('39_4', 'h')), (('58_8', 'h'), ('39_4', 't')), (('58_8', 't'), ('51_3', 't')), (('89_7', 'h'), ('51_3', 'h'))])
1	deque([(('67_31', 'h'), ('42_1', 't')), (('42_1', 'h'), ('67_31', 't'))])
1	deque([(('55_5', 'h'), ('58_3', 't')), (('58_3', 'h'), ('55_5', 't'))])
1	deque([(('60_5', 'h'), ('36_0', 't')), (('36_0', 'h'), ('60_5', 't'))])

Chosen seed at iteration 1: 1
Chosen chr at iteration 1


Iteration 2
2	deque([(('67_25', 'h'), ('42_2', 't')), (('42_2', 'h'), ('67_25', 't'))])
2	deque([(('55_3', 'h'), ('58_5', 't')), (('58_5', 'h'), ('55_3', 't'))])
2	deque([(('36_2', 'h'), ('60_2', 't')), (('60_2', 'h'), ('36_2', 't'))])
2	deque([(('78_4', 'h'), ('78_4', 't'))])

Chosen seed at iteration 2: 1
Chosen chr at iteration 2


Iteration 3
3	deque([(('110_3', 'h'), ('41_3', 'h')), (('120_7', 'h'), ('41_3', 't')), (('134_6', 'h'), ('120_7', 't')), (('139_15', 't'), ('134_6', 't')), (('139_15', 'h'), ('105_2', 't')), (('105_2', 'h'), ('72_0', 'h')), (('166_2', 'h'), ('72_0', 't')), (('67_24', 'h'), ('166_2', 't')), (('42_1', 'h'), ('67_24', 't')), (('67_18', 'h'), ('42_1', 't')), (('67_18', 't'), ('63_2', 't')), (('63_2', 'h'), ('110_3', 't'))])
3	deque([(('55_4', 'h'), ('58_7', 't')), (('58_7', 'h'), ('55_4', 't'))])
3	deque([(('36_4', 'h'), ('60_1', 't')), (('60_1', 'h'), ('36_4', 't'))])
3	deque([(('78_2', 'h'), ('78_2', 't'))])

Chosen seed at iteration 3: 4
Chosen chr at iteration 3


Iteration 4
4	deque([(('63_3', 'h'), ('110_2', 't')), (('67_12', 't'), ('63_3', 't')), (('67_12', 'h'), ('42_3', 't')), (('42_3', 'h'), ('67_37', 't')), (('67_37', 'h'), ('35_1', 'h')), (('64_4', 'h'), ('35_1', 't')), (('64_4', 't'), ('29_1', 't')), (('67_39', 'h'), ('29_1', 'h')), (('67_39', 't'), ('32_4', 't')), (('32_4', 'h'), ('67_44', 't')), (('67_44', 'h'), ('166_1', 't')), (('166_1', 'h'), ('72_4', 't')), (('105_8', 'h'), ('72_4', 'h')), (('139_10', 'h'), ('105_8', 't')), (('139_10', 't'), ('134_2', 't')), (('134_2', 'h'), ('120_5', 't')), (('120_5', 'h'), ('41_3', 't')), (('110_2', 'h'), ('41_3', 'h'))])
4	deque([(('60_1', 'h'), ('36_2', 't')), (('36_2', 'h'), ('60_1', 't'))])
4	deque([(('67_20', 'h'), ('30_3', 'h')), (('67_20', 't'), ('30_3', 't'))])

Chosen seed at iteration 4: 1
Chosen chr at iteration 4


Iteration 1
1	deque([(('55_0', 'h'), ('58_11', 't')), (('58_11', 'h'), ('55_0', 't'))])
1	deque([(('36_1', 'h'), ('60_10', 't')), (('60_10', 'h'), ('36_1', 't'))])
1	deque([(('78_0', 'h'), ('78_0', 't'))])

Chosen seed at iteration 1: 3
Chosen chr at iteration 1


Iteration 2
2	deque([(('67_4', 't'), ('32_0', 't')), (('32_0', 'h'), ('67_18', 't')), (('67_18', 'h'), ('35_2', 'h')), (('64_1', 'h'), ('35_2', 't')), (('64_1', 't'), ('29_0', 't')), (('67_4', 'h'), ('29_0', 'h'))])
2	deque([(('58_10', 'h'), ('55_5', 't')), (('55_5', 'h'), ('58_10', 't'))])

Chosen seed at iteration 2: 1
Chosen chr at iteration 2


Iteration 3
3	deque([(('78_4', 'h'), ('78_4', 't'))])
3	deque([(('36_4', 'h'), ('60_7', 't')), (('60_7', 'h'), ('36_4', 't'))])

Chosen seed at iteration 3: 1
Chosen chr at iteration 3


Iteration 4
4	deque([(('120_7', 'h'), ('41_5', 't')), (('110_0', 'h'), ('41_5', 'h')), (('63_2', 'h'), ('110_0', 't')), (('67_22', 't'), ('63_2', 't')), (('67_22', 'h'), ('29_0', 'h')), (('64_2', 't'), ('29_0', 't')), (('64_2', 'h'), ('35_2', 't')), (('67_16', 'h'), ('35_2', 'h')), (('65_5', 'h'), ('67_16', 't')), (('60_0', 'h'), ('65_5', 't')), (('36_1', 'h'), ('60_0', 't')), (('60_9', 'h'), ('36_1', 't')), (('45_4', 'h'), ('60_9', 't')), (('61_6', 'h'), ('45_4', 't')), (('22_4', 'h'), ('61_6', 't')), (('31_1', 'h'), ('22_4', 't')), (('27_0', 'h'), ('31_1', 't')), (('73_1', 't'), ('27_0', 't')), (('129_7', 'h'), ('73_1', 'h')), (('66_2', 'h'), ('129_7', 't')), (('100_0', 'h'), ('66_2', 't')), (('175_2', 't'), ('100_0', 't')), (('175_2', 'h'), ('174_3', 't')), (('174_3', 'h'), ('71_3', 't')), (('71_3', 'h'), ('67_17', 't')), (('67_17', 'h'), ('42_2', 't')), (('42_2', 'h'), ('67_29', 't')), (('67_29', 'h'), ('30_0', 'h')), (('67_13', 't'), ('30_0', 't')), (('67_13', 'h'), ('166_3', 't')), (('166_3', 'h'), ('72_3', 't')), (('105_2', 'h'), ('72_3', 'h')), (('139_9', 'h'), ('105_2', 't')), (('139_9', 't'), ('134_3', 't')), (('134_3', 'h'), ('120_7', 't'))])
4	deque([(('78_2', 'h'), ('78_2', 't'))])
4	deque([(('58_1', 'h'), ('55_1', 't')), (('55_1', 'h'), ('58_1', 't'))])

Chosen seed at iteration 4: 1
Chosen chr at iteration 4


Iteration 1
1	deque([(('60_8', 'h'), ('36_0', 't')), (('36_0', 'h'), ('60_8', 't'))])
1	deque([(('34_3', 'h'), ('34_3', 't'))])
1	deque([(('42_1', 'h'), ('67_19', 't')), (('67_19', 'h'), ('42_1', 't'))])

Chosen seed at iteration 1: 2
Chosen chr at iteration 1


Iteration 2
2	deque([(('67_15', 'h'), ('39_5', 'h')), (('58_10', 'h'), ('39_5', 't')), (('58_10', 't'), ('51_1', 't')), (('89_5', 'h'), ('51_1', 'h')), (('102_5', 'h'), ('89_5', 't')), (('131_4', 't'), ('102_5', 't')), (('131_4', 'h'), ('99_5', 'h')), (('47_3', 'h'), ('99_5', 't')), (('96_3', 'h'), ('47_3', 't')), (('141_3', 'h'), ('96_3', 't')), (('159_3', 'h'), ('141_3', 't')), (('159_3', 't'), ('43_5', 't')), (('43_5', 'h'), ('132_5', 't')), (('132_5', 'h'), ('26_5', 'h')), (('67_32', 'h'), ('26_5', 't')), (('67_32', 't'), ('32_0', 't')), (('32_0', 'h'), ('67_15', 't'))])
2	deque([(('67_42', 't'), ('30_1', 't')), (('67_42', 'h'), ('30_1', 'h'))])
2	deque([(('58_2', 'h'), ('55_5', 't')), (('55_5', 'h'), ('58_2', 't'))])
2	deque([(('60_7', 'h'), ('36_0', 't')), (('36_0', 'h'), ('60_7', 't'))])
2	deque([(('67_9', 'h'), ('42_5', 't')), (('42_5', 'h'), ('67_9', 't'))])
2	deque([(('34_0', 'h'), ('34_0', 't'))])
2	deque([(('78_0', 'h'), ('78_0', 't'))])

Chosen seed at iteration 2: 2
Chosen chr at iteration 2


Iteration 3
3	deque([(('34_11', 'h'), ('34_11', 't'))])

Chosen seed at iteration 3: 1
Chosen chr at iteration 3


Iteration 4
4	deque([(('110_3', 'h'), ('41_4', 'h')), (('63_0', 'h'), ('110_3', 't')), (('67_3', 't'), ('63_0', 't')), (('67_3', 'h'), ('166_0', 't')), (('166_0', 'h'), ('72_2', 't')), (('105_10', 'h'), ('72_2', 'h')), (('139_4', 'h'), ('105_10', 't')), (('139_4', 't'), ('134_1', 't')), (('134_1', 'h'), ('120_10', 't')), (('120_10', 'h'), ('41_4', 't'))])
4	deque([(('78_0', 'h'), ('78_0', 't'))])
4	deque([(('34_4', 'h'), ('34_4', 't'))])

Chosen seed at iteration 4: 2
Chosen chr at iteration 4


Iteration 1
1	deque([(('42_4', 'h'), ('67_34', 't')), (('67_31', 'h'), ('42_4', 't')), (('67_31', 't'), ('32_2', 't')), (('32_2', 'h'), ('67_43', 't')), (('67_43', 'h'), ('39_3', 'h')), (('58_9', 'h'), ('39_3', 't')), (('55_5', 'h'), ('58_9', 't')), (('58_0', 'h'), ('55_5', 't')), (('58_0', 't'), ('51_1', 't')), (('89_8', 'h'), ('51_1', 'h')), (('102_5', 'h'), ('89_8', 't')), (('131_4', 't'), ('102_5', 't')), (('131_4', 'h'), ('99_6', 'h')), (('47_5', 'h'), ('99_6', 't')), (('96_2', 'h'), ('47_5', 't')), (('141_1', 'h'), ('96_2', 't')), (('159_4', 'h'), ('141_1', 't')), (('159_4', 't'), ('43_3', 't')), (('43_3', 'h'), ('132_5', 't')), (('132_5', 'h'), ('26_4', 'h')), (('67_2', 'h'), ('26_4', 't')), (('67_2', 't'), ('30_1', 't')), (('67_34', 'h'), ('30_1', 'h'))])
1	deque([(('34_0', 'h'), ('34_0', 't'))])

Chosen seed at iteration 1: 1
Chosen chr at iteration 1


Iteration 2
2	deque([(('60_8', 'h'), ('65_3', 't')), (('45_1', 'h'), ('60_8', 't')), (('61_7', 'h'), ('45_1', 't')), (('22_1', 'h'), ('61_7', 't')), (('31_3', 'h'), ('22_1', 't')), (('27_3', 'h'), ('31_3', 't')), (('73_0', 't'), ('27_3', 't')), (('129_2', 'h'), ('73_0', 'h')), (('66_5', 'h'), ('129_2', 't')), (('100_4', 'h'), ('66_5', 't')), (('175_4', 't'), ('100_4', 't')), (('175_4', 'h'), ('174_0', 't')), (('174_0', 'h'), ('71_8', 't')), (('71_8', 'h'), ('67_8', 't')), (('67_8', 'h'), ('42_5', 't')), (('42_5', 'h'), ('67_6', 't')), (('67_6', 'h'), ('39_5', 'h')), (('58_4', 'h'), ('39_5', 't')), (('55_3', 'h'), ('58_4', 't')), (('58_0', 'h'), ('55_3', 't')), (('58_0', 't'), ('51_2', 't')), (('89_2', 'h'), ('51_2', 'h')), (('102_0', 'h'), ('89_2', 't')), (('131_2', 't'), ('102_0', 't')), (('131_2', 'h'), ('99_6', 'h')), (('47_2', 'h'), ('99_6', 't')), (('96_0', 'h'), ('47_2', 't')), (('141_3', 'h'), ('96_0', 't')), (('159_4', 'h'), ('141_3', 't')), (('159_4', 't'), ('43_5', 't')), (('43_5', 'h'), ('132_3', 't')), (('132_3', 'h'), ('26_4', 'h')), (('67_25', 'h'), ('26_4', 't')), (('65_3', 'h'), ('67_25', 't'))])
2	deque([(('60_6', 'h'), ('36_0', 't')), (('36_0', 'h'), ('60_6', 't'))])
2	deque([(('34_1', 'h'), ('34_1', 't'))])

Chosen seed at iteration 2: 3
Chosen chr at iteration 2


Iteration 3
3	deque([(('67_24', 'h'), ('42_4', 't')), (('42_4', 'h'), ('67_24', 't'))])
3	deque([(('34_3', 'h'), ('34_3', 't'))])

Chosen seed at iteration 3: 1
Chosen chr at iteration 3


Iteration 4
4	deque([(('58_0', 'h'), ('55_3', 't')), (('55_3', 'h'), ('58_0', 't'))])
4	deque([(('34_13', 'h'), ('34_13', 't'))])

Chosen seed at iteration 4: 2
Chosen chr at iteration 4


Iteration 1
1	deque([(('55_5', 'h'), ('58_6', 't')), (('58_6', 'h'), ('55_5', 't'))])
1	deque([(('67_32', 'h'), ('42_5', 't')), (('42_5', 'h'), ('67_32', 't'))])
1	deque([(('34_0', 'h'), ('34_0', 't'))])

Chosen seed at iteration 1: 2
Chosen chr at iteration 1


Iteration 2
2	deque([(('67_30', 'h'), ('39_5', 'h')), (('67_30', 't'), ('32_2', 't')), (('32_2', 'h'), ('67_1', 't')), (('67_1', 'h'), ('166_4', 't')), (('166_4', 'h'), ('72_6', 't')), (('105_4', 'h'), ('72_6', 'h')), (('139_12', 'h'), ('105_4', 't')), (('139_12', 't'), ('134_5', 't')), (('134_5', 'h'), ('120_6', 't')), (('120_6', 'h'), ('41_2', 't')), (('110_4', 'h'), ('41_2', 'h')), (('63_1', 'h'), ('110_4', 't')), (('67_40', 't'), ('63_1', 't')), (('67_40', 'h'), ('42_1', 't')), (('42_1', 'h'), ('67_34', 't')), (('67_34', 'h'), ('26_1', 't')), (('132_3', 'h'), ('26_1', 'h')), (('43_5', 'h'), ('132_3', 't')), (('159_4', 't'), ('43_5', 't')), (('159_4', 'h'), ('141_5', 't')), (('141_5', 'h'), ('96_8', 't')), (('96_8', 'h'), ('47_3', 't')), (('47_3', 'h'), ('99_6', 't')), (('131_4', 'h'), ('99_6', 'h')), (('131_4', 't'), ('102_0', 't')), (('102_0', 'h'), ('89_1', 't')), (('89_1', 'h'), ('51_2', 'h')), (('58_4', 't'), ('51_2', 't')), (('58_4', 'h'), ('55_5', 't')), (('55_5', 'h'), ('58_9', 't')), (('58_9', 'h'), ('39_5', 't'))])
2	deque([(('34_0', 'h'), ('34_0', 't'))])
2	deque([(('36_3', 'h'), ('60_2', 't')), (('60_2', 'h'), ('36_3', 't'))])

Chosen seed at iteration 2: 3
Chosen chr at iteration 2


Iteration 3
3	deque([(('89_1', 'h'), ('51_2', 'h')), (('102_3', 'h'), ('89_1', 't')), (('131_4', 't'), ('102_3', 't')), (('131_4', 'h'), ('99_7', 'h')), (('47_2', 'h'), ('99_7', 't')), (('96_5', 'h'), ('47_2', 't')), (('141_5', 'h'), ('96_5', 't')), (('159_4', 'h'), ('141_5', 't')), (('159_4', 't'), ('43_5', 't')), (('43_5', 'h'), ('132_8', 't')), (('132_8', 'h'), ('26_0', 'h')), (('67_36', 'h'), ('26_0', 't')), (('65_3', 'h'), ('67_36', 't')), (('60_7', 'h'), ('65_3', 't')), (('45_2', 'h'), ('60_7', 't')), (('61_7', 'h'), ('45_2', 't')), (('22_2', 'h'), ('61_7', 't')), (('31_6', 'h'), ('22_2', 't')), (('27_3', 'h'), ('31_6', 't')), (('73_3', 't'), ('27_3', 't')), (('129_5', 'h'), ('73_3', 'h')), (('66_11', 'h'), ('129_5', 't')), (('101_6', 'h'), ('66_11', 't')), (('101_6', 't'), ('93_11', 't')), (('93_11', 'h'), ('74_2', 't')), (('160_12', 'h'), ('74_2', 'h')), (('100_13', 'h'), ('160_12', 't')), (('175_0', 't'), ('100_13', 't')), (('175_0', 'h'), ('174_1', 't')), (('174_1', 'h'), ('71_9', 't')), (('71_9', 'h'), ('67_32', 't')), (('67_32', 'h'), ('39_5', 'h')), (('58_4', 'h'), ('39_5', 't')), (('55_0', 'h'), ('58_4', 't')), (('58_10', 'h'), ('55_0', 't')), (('58_10', 't'), ('51_2', 't'))])
3	deque([(('60_8', 'h'), ('36_3', 't')), (('36_3', 'h'), ('60_8', 't'))])
3	deque([(('34_10', 'h'), ('34_10', 't'))])

Chosen seed at iteration 3: 1
Chosen chr at iteration 3


Iteration 4
4	deque([(('34_2', 'h'), ('34_2', 't'))])
4	deque([(('58_4', 'h'), ('55_0', 't')), (('55_0', 'h'), ('58_4', 't'))])
4	deque([(('60_7', 'h'), ('36_3', 't')), (('36_3', 'h'), ('60_7', 't'))])

Chosen seed at iteration 4: 3
Chosen chr at iteration 4


Iteration 1
1	deque([(('34_12', 'h'), ('34_12', 't'))])

Chosen seed at iteration 1: 1
Chosen chr at iteration 1


Iteration 2
2	deque([(('67_11', 'h'), ('42_5', 't')), (('42_5', 'h'), ('67_11', 't'))])
2	deque([(('34_5', 'h'), ('34_5', 't'))])

Chosen seed at iteration 2: 1
Chosen chr at iteration 2


Iteration 3
3	deque([(('96_8', 'h'), ('126_2', 't')), (('141_5', 'h'), ('96_8', 't')), (('159_4', 'h'), ('141_5', 't')), (('159_4', 't'), ('43_6', 't')), (('43_6', 'h'), ('132_8', 't')), (('132_8', 'h'), ('26_1', 'h')), (('67_40', 'h'), ('26_1', 't')), (('24_0', 'h'), ('67_40', 't')), (('125_5', 't'), ('24_0', 't')), (('126_2', 'h'), ('125_5', 'h'))])
3	deque([(('67_36', 'h'), ('42_5', 't')), (('42_5', 'h'), ('67_36', 't'))])
3	deque([(('55_5', 'h'), ('58_9', 't')), (('58_9', 'h'), ('55_5', 't'))])
3	deque([(('34_3', 'h'), ('34_3', 't'))])

Chosen seed at iteration 3: 3
Chosen chr at iteration 3


Iteration 4
4	deque([(('160_12', 'h'), ('74_0', 'h')), (('93_4', 'h'), ('74_0', 't')), (('101_6', 't'), ('93_4', 't')), (('101_6', 'h'), ('66_11', 't')), (('66_11', 'h'), ('129_9', 't')), (('129_9', 'h'), ('73_3', 'h')), (('97_3', 'h'), ('73_3', 't')), (('120_11', 'h'), ('97_3', 't')), (('120_11', 't'), ('72_8', 't')), (('105_7', 'h'), ('72_8', 'h')), (('139_11', 'h'), ('105_7', 't')), (('139_11', 't'), ('134_8', 't')), (('134_8', 'h'), ('120_6', 't')), (('120_6', 'h'), ('41_2', 't')), (('110_7', 'h'), ('41_2', 'h')), (('63_1', 'h'), ('110_7', 't')), (('67_36', 't'), ('63_1', 't')), (('67_36', 'h'), ('26_1', 't')), (('132_8', 'h'), ('26_1', 'h')), (('43_6', 'h'), ('132_8', 't')), (('159_4', 't'), ('43_6', 't')), (('159_4', 'h'), ('141_5', 't')), (('141_5', 'h'), ('96_6', 't')), (('96_6', 'h'), ('126_2', 't')), (('126_2', 'h'), ('125_1', 'h')), (('125_1', 't'), ('24_1', 't')), (('24_1', 'h'), ('67_21', 't')), (('67_21', 'h'), ('42_5', 't')), (('42_5', 'h'), ('67_42', 't')), (('67_42', 'h'), ('50_1', 't')), (('61_7', 'h'), ('50_1', 'h')), (('13_0', 'h'), ('61_7', 't')), (('116_6', 'h'), ('13_0', 't')), (('88_5', 'h'), ('116_6', 't')), (('71_15', 'h'), ('88_5', 't')), (('174_6', 'h'), ('71_15', 't')), (('178_6', 'h'), ('174_6', 't')), (('178_6', 't'), ('100_11', 't')), (('100_11', 'h'), ('160_12', 't'))])
4	deque([(('34_10', 'h'), ('34_10', 't'))])

Chosen seed at iteration 4: 2
Chosen chr at iteration 4


Iteration 1
1	deque([(('34_8', 'h'), ('34_8', 't'))])

Chosen seed at iteration 1: 1
Chosen chr at iteration 1


Iteration 2
2	deque([(('34_9', 'h'), ('34_9', 't'))])

Chosen seed at iteration 2: 1
Chosen chr at iteration 2


Iteration 3
3	deque([(('34_0', 'h'), ('34_0', 't'))])

Chosen seed at iteration 3: 1
Chosen chr at iteration 3


Iteration 4
4	deque([(('34_7', 'h'), ('34_7', 't'))])

Chosen seed at iteration 4: 1
Chosen chr at iteration 4


Iteration 1
1	deque([(('136_0', 'h'), ('118_7', 't')), (('136_0', 't'), ('122_1', 't')), (('122_1', 'h'), ('19_0', 't')), (('69_3', 'h'), ('19_0', 'h')), (('153_3', 't'), ('69_3', 't')), (('153_3', 'h'), ('142_1', 't')), (('142_1', 'h'), ('96_8', 't')), (('96_8', 'h'), ('126_7', 't')), (('126_7', 'h'), ('125_3', 'h')), (('15_0', 'h'), ('125_3', 't')), (('104_2', 't'), ('15_0', 't')), (('104_2', 'h'), ('46_8', 'h')), (('147_2', 'h'), ('46_8', 't')), (('94_2', 'h'), ('147_2', 't')), (('150_2', 't'), ('94_2', 't')), (('150_2', 'h'), ('40_6', 't')), (('118_7', 'h'), ('40_6', 'h'))])
1	deque([(('34_6', 'h'), ('34_6', 't'))])

Chosen seed at iteration 1: 2
Chosen chr at iteration 1


Iteration 2
2	deque([(('94_2', 'h'), ('147_0', 't')), (('147_0', 'h'), ('46_0', 't')), (('104_0', 'h'), ('46_0', 'h')), (('104_0', 't'), ('15_0', 't')), (('15_0', 'h'), ('125_0', 't')), (('126_0', 'h'), ('125_0', 'h')), (('96_8', 'h'), ('126_0', 't')), (('142_3', 'h'), ('96_8', 't')), (('153_0', 'h'), ('142_3', 't')), (('153_0', 't'), ('69_5', 't')), (('69_5', 'h'), ('19_0', 'h')), (('122_1', 'h'), ('19_0', 't')), (('136_1', 't'), ('122_1', 't')), (('136_1', 'h'), ('118_8', 't')), (('118_8', 'h'), ('40_3', 'h')), (('151_4', 't'), ('40_3', 't')), (('151_4', 'h'), ('94_2', 't'))])
2	deque([(('34_3', 'h'), ('34_3', 't'))])

Chosen seed at iteration 2: 2
Chosen chr at iteration 2


Iteration 3
3	deque([(('153_4', 'h'), ('142_4', 't')), (('153_4', 't'), ('69_0', 't')), (('69_0', 'h'), ('19_0', 'h')), (('122_0', 'h'), ('19_0', 't')), (('136_1', 't'), ('122_0', 't')), (('136_1', 'h'), ('118_1', 't')), (('118_1', 'h'), ('40_4', 'h')), (('150_1', 'h'), ('40_4', 't')), (('150_1', 't'), ('94_1', 't')), (('94_1', 'h'), ('147_3', 't')), (('147_3', 'h'), ('46_5', 't')), (('104_0', 'h'), ('46_5', 'h')), (('104_0', 't'), ('15_0', 't')), (('15_0', 'h'), ('125_4', 't')), (('126_6', 'h'), ('125_4', 'h')), (('96_2', 'h'), ('126_6', 't')), (('142_4', 'h'), ('96_2', 't'))])
3	deque([(('34_9', 'h'), ('34_9', 't'))])

Chosen seed at iteration 3: 2
Chosen chr at iteration 3


Iteration 4
4	deque([(('126_5', 'h'), ('125_4', 'h')), (('15_0', 'h'), ('125_4', 't')), (('104_1', 't'), ('15_0', 't')), (('104_1', 'h'), ('46_10', 'h')), (('147_0', 'h'), ('46_10', 't')), (('94_0', 'h'), ('147_0', 't')), (('150_1', 't'), ('94_0', 't')), (('150_1', 'h'), ('40_3', 't')), (('118_1', 'h'), ('40_3', 'h')), (('136_2', 'h'), ('118_1', 't')), (('136_2', 't'), ('122_0', 't')), (('122_0', 'h'), ('19_0', 't')), (('69_0', 'h'), ('19_0', 'h')), (('153_0', 't'), ('69_0', 't')), (('153_0', 'h'), ('142_1', 't')), (('142_1', 'h'), ('96_8', 't')), (('96_8', 'h'), ('126_5', 't'))])
4	deque([(('34_11', 'h'), ('34_11', 't'))])

Chosen seed at iteration 4: 1
Chosen chr at iteration 4


Iteration 1
1	deque([(('94_3', 'h'), ('147_3', 't')), (('147_3', 'h'), ('46_8', 't')), (('46_8', 'h'), ('171_1', 't')), (('171_1', 'h'), ('161_0', 't')), (('161_0', 'h'), ('16_1', 't')), (('16_1', 'h'), ('125_0', 't')), (('126_1', 'h'), ('125_0', 'h')), (('96_2', 'h'), ('126_1', 't')), (('142_3', 'h'), ('96_2', 't')), (('153_3', 'h'), ('142_3', 't')), (('153_3', 't'), ('69_2', 't')), (('69_2', 'h'), ('19_1', 'h')), (('122_1', 'h'), ('19_1', 't')), (('136_1', 't'), ('122_1', 't')), (('136_1', 'h'), ('118_8', 't')), (('118_8', 'h'), ('40_0', 'h')), (('150_0', 'h'), ('40_0', 't')), (('150_0', 't'), ('94_3', 't'))])
1	deque([(('139_3', 't'), ('134_5', 't')), (('134_5', 'h'), ('120_3', 't')), (('120_3', 'h'), ('62_0', 't')), (('160_3', 'h'), ('62_0', 'h')), (('100_13', 'h'), ('160_3', 't')), (('178_1', 't'), ('100_13', 't')), (('178_1', 'h'), ('173_10', 't')), (('173_10', 'h'), ('71_8', 't')), (('71_8', 'h'), ('88_1', 't')), (('88_1', 'h'), ('67_11', 't')), (('105_11', 'h'), ('67_11', 'h')), (('139_3', 'h'), ('105_11', 't'))])
1	deque([(('34_12', 'h'), ('34_12', 't'))])

Chosen seed at iteration 1: 3
Chosen chr at iteration 1


Iteration 2
2	deque([(('147_3', 'h'), ('46_7', 't')), (('94_3', 'h'), ('147_3', 't')), (('151_2', 'h'), ('94_3', 't')), (('151_2', 't'), ('40_5', 't')), (('118_2', 'h'), ('40_5', 'h')), (('136_0', 'h'), ('118_2', 't')), (('136_0', 't'), ('122_1', 't')), (('122_1', 'h'), ('19_1', 't')), (('69_4', 'h'), ('19_1', 'h')), (('153_4', 't'), ('69_4', 't')), (('153_4', 'h'), ('142_3', 't')), (('142_3', 'h'), ('96_2', 't')), (('96_2', 'h'), ('126_1', 't')), (('126_1', 'h'), ('125_0', 'h')), (('16_0', 'h'), ('125_0', 't')), (('161_1', 'h'), ('16_0', 't')), (('171_3', 'h'), ('161_1', 't')), (('46_7', 'h'), ('171_3', 't'))])
2	deque([(('88_4', 'h'), ('67_8', 't')), (('105_0', 'h'), ('67_8', 'h')), (('139_5', 'h'), ('105_0', 't')), (('139_5', 't'), ('134_5', 't')), (('134_5', 'h'), ('120_2', 't')), (('120_2', 'h'), ('62_4', 't')), (('160_3', 'h'), ('62_4', 'h')), (('100_13', 'h'), ('160_3', 't')), (('178_7', 't'), ('100_13', 't')), (('178_7', 'h'), ('173_10', 't')), (('173_10', 'h'), ('71_5', 't')), (('71_5', 'h'), ('88_4', 't'))])
2	deque([(('34_14', 'h'), ('34_14', 't'))])

Chosen seed at iteration 2: 1
Chosen chr at iteration 2


Iteration 3
3	deque([(('100_13', 'h'), ('160_3', 't')), (('160_3', 'h'), ('62_1', 'h')), (('120_0', 'h'), ('62_1', 't')), (('134_5', 'h'), ('120_0', 't')), (('139_7', 't'), ('134_5', 't')), (('139_7', 'h'), ('105_0', 't')), (('105_0', 'h'), ('67_11', 'h')), (('88_9', 'h'), ('67_11', 't')), (('71_5', 'h'), ('88_9', 't')), (('173_10', 'h'), ('71_5', 't')), (('178_1', 'h'), ('173_10', 't')), (('178_1', 't'), ('100_13', 't'))])
3	deque([(('34_8', 'h'), ('34_8', 't'))])

Chosen seed at iteration 3: 2
Chosen chr at iteration 3


Iteration 4
4	deque([(('34_5', 'h'), ('34_5', 't'))])
4	deque([(('88_4', 'h'), ('67_9', 't')), (('71_10', 'h'), ('88_4', 't')), (('173_4', 'h'), ('71_10', 't')), (('178_1', 'h'), ('173_4', 't')), (('178_1', 't'), ('100_13', 't')), (('100_13', 'h'), ('160_3', 't')), (('160_3', 'h'), ('62_5', 'h')), (('120_2', 'h'), ('62_5', 't')), (('134_5', 'h'), ('120_2', 't')), (('139_8', 't'), ('134_5', 't')), (('139_8', 'h'), ('105_13', 't')), (('105_13', 'h'), ('67_9', 'h'))])

Chosen seed at iteration 4: 1
Chosen chr at iteration 4


Iteration 1
1	deque([(('34_14', 'h'), ('34_14', 't'))])

Chosen seed at iteration 1: 1
Chosen chr at iteration 1


Iteration 2
2	deque([(('34_3', 'h'), ('34_3', 't'))])

Chosen seed at iteration 2: 1
Chosen chr at iteration 2


Iteration 3
3	deque([(('34_12', 'h'), ('34_12', 't'))])

Chosen seed at iteration 3: 1
Chosen chr at iteration 3


Iteration 4
4	deque([(('34_9', 'h'), ('34_9', 't'))])

Chosen seed at iteration 4: 1
Chosen chr at iteration 4


Iteration 1
1	deque([(('34_1', 'h'), ('34_1', 't'))])

Chosen seed at iteration 1: 1
Chosen chr at iteration 1


Iteration 2
2	deque([(('34_12', 'h'), ('34_12', 't'))])

Chosen seed at iteration 2: 1
Chosen chr at iteration 2


Iteration 3
3	deque([(('34_6', 'h'), ('34_6', 't'))])

Chosen seed at iteration 3: 1
Chosen chr at iteration 3


Iteration 4
4	deque([(('34_3', 'h'), ('34_3', 't'))])

Chosen seed at iteration 4: 1
Chosen chr at iteration 4


Iteration 1
1	deque([(('34_0', 'h'), ('34_0', 't'))])

Chosen seed at iteration 1: 1
Chosen chr at iteration 1


Iteration 2
2	deque([(('34_6', 'h'), ('34_6', 't'))])

Chosen seed at iteration 2: 1
Chosen chr at iteration 2


Iteration 3
3	deque([(('34_1', 'h'), ('34_1', 't'))])

Chosen seed at iteration 3: 1
Chosen chr at iteration 3


Iteration 4
4	deque([(('139_7', 'h'), ('105_6', 't'))])
4	deque([(('34_8', 'h'), ('34_8', 't'))])

Chosen seed at iteration 4: 1
Chosen chr at iteration 4


Iteration 1
1	deque([(('34_6', 'h'), ('34_6', 't'))])

Chosen seed at iteration 1: 1
Chosen chr at iteration 1


Iteration 2
2	deque([(('34_0', 'h'), ('34_0', 't'))])

Chosen seed at iteration 2: 1
Chosen chr at iteration 2


Iteration 3
3	deque([(('34_1', 'h'), ('34_1', 't'))])

Chosen seed at iteration 3: 1
Chosen chr at iteration 3


Iteration 4
4	deque([(('34_12', 'h'), ('34_12', 't'))])

Chosen seed at iteration 4: 1
Chosen chr at iteration 4


Iteration 1
1	deque([(('34_14', 'h'), ('34_14', 't'))])

Chosen seed at iteration 1: 1
Chosen chr at iteration 1


Iteration 2
2	deque([(('34_1', 'h'), ('34_1', 't'))])

Chosen seed at iteration 2: 1
Chosen chr at iteration 2


Iteration 3
3	deque([(('34_6', 'h'), ('34_6', 't'))])

Chosen seed at iteration 3: 1
Chosen chr at iteration 3


Iteration 4
4	deque([(('34_0', 'h'), ('34_0', 't'))])

Chosen seed at iteration 4: 1
Chosen chr at iteration 4


Iteration 1
1	deque([(('34_14', 'h'), ('34_14', 't'))])

Chosen seed at iteration 1: 1
Chosen chr at iteration 1


Iteration 2
2	deque([(('34_1', 'h'), ('34_1', 't'))])

Chosen seed at iteration 2: 1
Chosen chr at iteration 2


Iteration 3
3	deque([(('34_6', 'h'), ('34_6', 't'))])

Chosen seed at iteration 3: 1
Chosen chr at iteration 3


Iteration 4
Iteration 1
1	deque([(('34_6', 'h'), ('34_6', 't'))])

Chosen seed at iteration 1: 1
Chosen chr at iteration 1


Iteration 2
2	deque([(('34_14', 'h'), ('34_14', 't'))])

Chosen seed at iteration 2: 1
Chosen chr at iteration 2


Iteration 3
3	deque([(('34_1', 'h'), ('34_1', 't'))])

Chosen seed at iteration 3: 1
Chosen chr at iteration 3


Iteration 4
Iteration 1
1	deque([(('34_1', 'h'), ('34_1', 't'))])

Chosen seed at iteration 1: 1
Chosen chr at iteration 1


Iteration 2
2	deque([(('34_14', 'h'), ('34_14', 't'))])

Chosen seed at iteration 2: 1
Chosen chr at iteration 2


Iteration 3
3	deque([(('34_6', 'h'), ('34_6', 't'))])

Chosen seed at iteration 3: 1
Chosen chr at iteration 3


Iteration 4
Iteration 1
1	deque([(('34_6', 'h'), ('34_6', 't'))])

Chosen seed at iteration 1: 1
Chosen chr at iteration 1


Iteration 2
2	deque([(('34_1', 'h'), ('34_1', 't'))])

Chosen seed at iteration 2: 1
Chosen chr at iteration 2


Iteration 3
3	deque([(('34_14', 'h'), ('34_14', 't'))])

Chosen seed at iteration 3: 1
Chosen chr at iteration 3


Iteration 4
Iteration 1
1	deque([(('34_1', 'h'), ('34_1', 't'))])

Chosen seed at iteration 1: 1
Chosen chr at iteration 1


Iteration 2
2	deque([(('34_14', 'h'), ('34_14', 't'))])

Chosen seed at iteration 2: 1
Chosen chr at iteration 2


Iteration 3
3	deque([(('34_6', 'h'), ('34_6', 't'))])

Chosen seed at iteration 3: 1
Chosen chr at iteration 3


Iteration 4
Iteration 1
1	deque([(('34_1', 'h'), ('34_1', 't'))])

Chosen seed at iteration 1: 1
Chosen chr at iteration 1


Iteration 2
2	deque([(('34_14', 'h'), ('34_14', 't'))])

Chosen seed at iteration 2: 1
Chosen chr at iteration 2


Iteration 3
3	deque([(('34_6', 'h'), ('34_6', 't'))])

Chosen seed at iteration 3: 1
Chosen chr at iteration 3


Iteration 4
Iteration 1
1	deque([(('34_6', 'h'), ('34_6', 't'))])

Chosen seed at iteration 1: 1
Chosen chr at iteration 1


Iteration 2
2	deque([(('34_1', 'h'), ('34_1', 't'))])
2	deque([(('34_14', 'h'), ('34_14', 't'))])

Chosen seed at iteration 2: 2
Chosen chr at iteration 2


Iteration 3
3	deque([(('34_1', 'h'), ('34_1', 't'))])

Chosen seed at iteration 3: 1
Chosen chr at iteration 3


Iteration 4
Iteration 1
1	deque([(('34_1', 'h'), ('34_1', 't'))])

Chosen seed at iteration 1: 1
Chosen chr at iteration 1


Iteration 2
2	deque([(('34_14', 'h'), ('34_14', 't'))])

Chosen seed at iteration 2: 1
Chosen chr at iteration 2


Iteration 3
3	deque([(('34_6', 'h'), ('34_6', 't'))])

Chosen seed at iteration 3: 1
Chosen chr at iteration 3


Iteration 4
Iteration 1
1	deque([(('34_6', 'h'), ('34_6', 't'))])

Chosen seed at iteration 1: 1
Chosen chr at iteration 1


Iteration 2
2	deque([(('34_14', 'h'), ('34_14', 't'))])

Chosen seed at iteration 2: 1
Chosen chr at iteration 2


Iteration 3
3	deque([(('34_1', 'h'), ('34_1', 't'))])

Chosen seed at iteration 3: 1
Chosen chr at iteration 3


Iteration 4
Iteration 1
1	deque([(('34_1', 'h'), ('34_1', 't'))])
1	deque([(('34_14', 'h'), ('34_14', 't'))])

Chosen seed at iteration 1: 1
Chosen chr at iteration 1


Iteration 2
2	deque([(('34_14', 'h'), ('34_14', 't'))])

Chosen seed at iteration 2: 1
Chosen chr at iteration 2


Iteration 3
3	deque([(('34_6', 'h'), ('34_6', 't'))])

Chosen seed at iteration 3: 1
Chosen chr at iteration 3


Iteration 4
Iteration 1
1	deque([(('34_1', 'h'), ('34_1', 't'))])

Chosen seed at iteration 1: 1
Chosen chr at iteration 1


Iteration 2
2	deque([(('34_14', 'h'), ('34_14', 't'))])

Chosen seed at iteration 2: 1
Chosen chr at iteration 2


Iteration 3
3	deque([(('34_6', 'h'), ('34_6', 't'))])

Chosen seed at iteration 3: 1
Chosen chr at iteration 3


Iteration 4
Iteration 1
1	deque([(('34_14', 'h'), ('34_14', 't'))])

Chosen seed at iteration 1: 1
Chosen chr at iteration 1


Iteration 2
2	deque([(('34_1', 'h'), ('34_1', 't'))])

Chosen seed at iteration 2: 1
Chosen chr at iteration 2


Iteration 3
3	deque([(('34_6', 'h'), ('34_6', 't'))])

Chosen seed at iteration 3: 1
Chosen chr at iteration 3


Iteration 4
4	deque([(('101_13', 't'), ('68_5', 't'))])

Chosen seed at iteration 4: 1
Chosen chr at iteration 4


Iteration 1
1	deque([(('34_6', 'h'), ('34_6', 't'))])

Chosen seed at iteration 1: 1
Chosen chr at iteration 1


Iteration 2
2	deque([(('34_14', 'h'), ('34_14', 't'))])

Chosen seed at iteration 2: 1
Chosen chr at iteration 2


Iteration 3
3	deque([(('34_1', 'h'), ('34_1', 't'))])

Chosen seed at iteration 3: 1
Chosen chr at iteration 3


Iteration 4
Iteration 1
1	deque([(('34_14', 'h'), ('34_14', 't'))])

Chosen seed at iteration 1: 1
Chosen chr at iteration 1


Iteration 2
2	deque([(('34_6', 'h'), ('34_6', 't'))])

Chosen seed at iteration 2: 1
Chosen chr at iteration 2


Iteration 3
3	deque([(('34_1', 'h'), ('34_1', 't'))])

Chosen seed at iteration 3: 1
Chosen chr at iteration 3


Iteration 4
Iteration 1
1	deque([(('34_14', 'h'), ('34_14', 't'))])

Chosen seed at iteration 1: 1
Chosen chr at iteration 1


Iteration 2
2	deque([(('34_6', 'h'), ('34_6', 't'))])

Chosen seed at iteration 2: 1
Chosen chr at iteration 2


Iteration 3
3	deque([(('34_1', 'h'), ('34_1', 't'))])

Chosen seed at iteration 3: 1
Chosen chr at iteration 3


Iteration 4
Iteration 1
1	deque([(('34_1', 'h'), ('34_1', 't'))])

Chosen seed at iteration 1: 1
Chosen chr at iteration 1


Iteration 2
2	deque([(('34_14', 'h'), ('34_14', 't'))])

Chosen seed at iteration 2: 1
Chosen chr at iteration 2


Iteration 3
3	deque([(('34_6', 'h'), ('34_6', 't'))])

Chosen seed at iteration 3: 1
Chosen chr at iteration 3


Iteration 4
Iteration 1
1	deque([(('34_6', 'h'), ('34_6', 't'))])

Chosen seed at iteration 1: 1
Chosen chr at iteration 1


Iteration 2
2	deque([(('34_1', 'h'), ('34_1', 't'))])

Chosen seed at iteration 2: 1
Chosen chr at iteration 2


Iteration 3
3	deque([(('34_14', 'h'), ('34_14', 't'))])

Chosen seed at iteration 3: 1
Chosen chr at iteration 3


Iteration 4
Iteration 1
1	deque([(('34_14', 'h'), ('34_14', 't'))])

Chosen seed at iteration 1: 1
Chosen chr at iteration 1


Iteration 2
2	deque([(('34_1', 'h'), ('34_1', 't'))])

Chosen seed at iteration 2: 1
Chosen chr at iteration 2


Iteration 3
3	deque([(('34_6', 'h'), ('34_6', 't'))])

Chosen seed at iteration 3: 1
Chosen chr at iteration 3


Iteration 4
Iteration 1
1	deque([(('34_6', 'h'), ('34_6', 't'))])

Chosen seed at iteration 1: 1
Chosen chr at iteration 1


Iteration 2
2	deque([(('34_14', 'h'), ('34_14', 't'))])

Chosen seed at iteration 2: 1
Chosen chr at iteration 2


Iteration 3
3	deque([(('34_1', 'h'), ('34_1', 't'))])

Chosen seed at iteration 3: 1
Chosen chr at iteration 3


Iteration 4
Iteration 1
1	deque([(('34_1', 'h'), ('34_1', 't'))])

Chosen seed at iteration 1: 1
Chosen chr at iteration 1


Iteration 2
2	deque([(('34_6', 'h'), ('34_6', 't'))])

Chosen seed at iteration 2: 1
Chosen chr at iteration 2


Iteration 3
3	deque([(('34_14', 'h'), ('34_14', 't'))])

Chosen seed at iteration 3: 1
Chosen chr at iteration 3


Iteration 4
Iteration 1
1	deque([(('34_14', 'h'), ('34_14', 't'))])

Chosen seed at iteration 1: 1
Chosen chr at iteration 1


Iteration 2
Iteration 1
1	deque([(('34_14', 'h'), ('34_14', 't'))])

Chosen seed at iteration 1: 1
Chosen chr at iteration 1


Iteration 2
Iteration 1
1	deque([(('34_14', 'h'), ('34_14', 't'))])

Chosen seed at iteration 1: 1
Chosen chr at iteration 1


Iteration 2
Iteration 1
1	deque([(('34_14', 'h'), ('34_14', 't'))])

Chosen seed at iteration 1: 1
Chosen chr at iteration 1


Iteration 2
Iteration 1
1	deque([(('34_14', 'h'), ('34_14', 't'))])

Chosen seed at iteration 1: 1
Chosen chr at iteration 1


Iteration 2
Iteration 1
1	deque([(('34_14', 'h'), ('34_14', 't'))])

Chosen seed at iteration 1: 1
Chosen chr at iteration 1


Iteration 2
Iteration 1
1	deque([(('34_14', 'h'), ('34_14', 't'))])

Chosen seed at iteration 1: 1
Chosen chr at iteration 1


Iteration 2
Iteration 1
1	deque([(('34_14', 'h'), ('34_14', 't'))])

Chosen seed at iteration 1: 1
Chosen chr at iteration 1


Iteration 2
Iteration 1
1	deque([(('34_14', 'h'), ('34_14', 't'))])

Chosen seed at iteration 1: 1
Chosen chr at iteration 1


Iteration 2
Iteration 1
1	deque([(('34_14', 'h'), ('34_14', 't'))])

Chosen seed at iteration 1: 1
Chosen chr at iteration 1


Iteration 2
Iteration 1
1	deque([(('34_14', 'h'), ('34_14', 't'))])

Chosen seed at iteration 1: 1
Chosen chr at iteration 1


Iteration 2
Iteration 1
1	deque([(('34_14', 'h'), ('34_14', 't'))])

Chosen seed at iteration 1: 1
Chosen chr at iteration 1


Iteration 2
Iteration 1
1	deque([(('34_14', 'h'), ('34_14', 't'))])

Chosen seed at iteration 1: 1
Chosen chr at iteration 1


Iteration 2
Iteration 1
1	deque([(('34_14', 'h'), ('34_14', 't'))])

Chosen seed at iteration 1: 1
Chosen chr at iteration 1


Iteration 2
Iteration 1
1	deque([(('34_14', 'h'), ('34_14', 't'))])

Chosen seed at iteration 1: 1
Chosen chr at iteration 1


Iteration 2
Iteration 1
1	deque([(('34_14', 'h'), ('34_14', 't'))])

Chosen seed at iteration 1: 1
Chosen chr at iteration 1


Iteration 2
Iteration 1
1	deque([(('34_14', 'h'), ('34_14', 't'))])

Chosen seed at iteration 1: 1
Chosen chr at iteration 1


Iteration 2
Iteration 1
1	deque([(('34_14', 'h'), ('34_14', 't'))])

Chosen seed at iteration 1: 1
Chosen chr at iteration 1


Iteration 2
Iteration 1
1	deque([(('34_14', 'h'), ('34_14', 't'))])

Chosen seed at iteration 1: 1
Chosen chr at iteration 1


Iteration 2
Iteration 1
1	deque([(('34_14', 'h'), ('34_14', 't'))])

Chosen seed at iteration 1: 1
Chosen chr at iteration 1


Iteration 2
Iteration 1
Iteration 1
Iteration 1
Iteration 1
Iteration 1
Iteration 1
Iteration 1
Iteration 1
Iteration 1
Iteration 1
Iteration 1
Iteration 1
Iteration 1
Iteration 1
