Iteration 1
1	deque([(('64_0', 'h'), ('31_2', 't')), (('64_0', 't'), ('40_0', 't')), (('40_0', 'h'), ('24_0', 'h')), (('31_2', 'h'), ('24_0', 't'))])

Chosen seed at iteration 1: 1
Chosen chr at iteration 1


Iteration 2
2	deque([(('40_0', 'h'), ('50_0', 't')), (('64_3', 't'), ('40_0', 't')), (('64_3', 'h'), ('19_0', 't')), (('50_0', 'h'), ('19_0', 'h'))])

Chosen seed at iteration 2: 1
Chosen chr at iteration 2


Iteration 3
3	deque([(('50_3', 'h'), ('19_0', 'h')), (('40_3', 'h'), ('50_3', 't')), (('64_1', 't'), ('40_3', 't')), (('64_1', 'h'), ('19_0', 't'))])

Chosen seed at iteration 3: 1
Chosen chr at iteration 3


Iteration 4
Iteration 1
1	deque([(('64_3', 't'), ('40_1', 't')), (('40_1', 'h'), ('24_0', 'h')), (('31_2', 'h'), ('24_0', 't')), (('64_3', 'h'), ('31_2', 't'))])

Chosen seed at iteration 1: 1
Chosen chr at iteration 1


Iteration 2
2	deque([(('40_3', 't'), ('10_0', 't')), (('50_0', 'h'), ('10_0', 'h')), (('40_3', 'h'), ('50_0', 't'))])

Chosen seed at iteration 2: 1
Chosen chr at iteration 2


Iteration 3
3	deque([(('50_1', 'h'), ('10_0', 'h')), (('40_1', 't'), ('10_0', 't')), (('40_1', 'h'), ('24_0', 'h')), (('31_0', 'h'), ('24_0', 't')), (('64_3', 'h'), ('31_0', 't')), (('64_3', 't'), ('40_4', 't')), (('40_4', 'h'), ('50_1', 't'))])

Chosen seed at iteration 3: 1
Chosen chr at iteration 3


Iteration 4
Iteration 1
Iteration 1
Iteration 1
Iteration 1
Iteration 1
Iteration 1
