Iteration 1
1	deque([(('107_0', 't'), ('43_0', 't')), (('107_0', 'h'), ('88_1', 'h')), (('47_1', 'h'), ('88_1', 't')), (('52_1', 't'), ('47_1', 't')), (('102_0', 'h'), ('52_1', 'h')), (('53_1', 'h'), ('102_0', 't')), (('108_1', 'h'), ('53_1', 't')), (('72_1', 'h'), ('108_1', 't')), (('108_2', 't'), ('72_1', 't')), (('108_2', 'h'), ('33_0', 't')), (('78_17', 'h'), ('33_0', 'h')), (('114_1', 't'), ('78_17', 't')), (('126_1', 'h'), ('114_1', 'h')), (('130_0', 't'), ('126_1', 't')), (('130_0', 'h'), ('73_0', 't')), (('73_0', 'h'), ('81_2', 't')), (('81_2', 'h'), ('57_0', 't')), (('57_0', 'h'), ('160_1', 't')), (('160_1', 'h'), ('121_2', 't')), (('149_1', 'h'), ('121_2', 'h')), (('117_1', 'h'), ('149_1', 't')), (('117_1', 't'), ('98_0', 't')), (('98_0', 'h'), ('67_2', 't')), (('125_1', 'h'), ('67_2', 'h')), (('118_1', 'h'), ('125_1', 't')), (('126_0', 'h'), ('118_1', 't')), (('136_1', 't'), ('126_0', 't')), (('136_1', 'h'), ('121_0', 't')), (('121_0', 'h'), ('165_3', 't')), (('165_3', 'h'), ('100_0', 'h')), (('70_0', 'h'), ('100_0', 't')), (('70_0', 't'), ('69_7', 't')), (('69_7', 'h'), ('61_1', 't')), (('61_1', 'h'), ('59_1', 't')), (('59_1', 'h'), ('43_0', 'h'))])

Chosen seed at iteration 1: 1
Chosen chr at iteration 1


Iteration 2
2	deque([(('130_1', 'h'), ('73_0', 't')), (('130_1', 't'), ('126_0', 't')), (('126_0', 'h'), ('118_4', 't')), (('118_4', 'h'), ('125_5', 't')), (('125_5', 'h'), ('67_0', 'h')), (('99_0', 't'), ('67_0', 't')), (('99_0', 'h'), ('117_2', 't')), (('117_2', 'h'), ('149_0', 't')), (('149_0', 'h'), ('121_0', 'h')), (('160_0', 'h'), ('121_0', 't')), (('57_1', 'h'), ('160_0', 't')), (('81_0', 'h'), ('57_1', 't')), (('73_0', 'h'), ('81_0', 't'))])
2	deque([(('136_0', 't'), ('126_1', 't')), (('126_1', 'h'), ('114_1', 'h')), (('114_1', 't'), ('78_9', 't')), (('78_9', 'h'), ('33_1', 'h')), (('108_2', 'h'), ('33_1', 't')), (('72_0', 'h'), ('108_2', 't')), (('108_1', 't'), ('72_0', 't')), (('108_1', 'h'), ('53_0', 't')), (('53_0', 'h'), ('102_2', 't')), (('102_2', 'h'), ('52_0', 'h')), (('52_0', 't'), ('47_1', 't')), (('47_1', 'h'), ('88_1', 't')), (('107_2', 'h'), ('88_1', 'h')), (('107_2', 't'), ('43_0', 't')), (('59_2', 'h'), ('43_0', 'h')), (('61_0', 'h'), ('59_2', 't')), (('69_3', 'h'), ('61_0', 't')), (('70_1', 't'), ('69_3', 't')), (('70_1', 'h'), ('100_2', 't')), (('165_1', 'h'), ('100_2', 'h')), (('121_2', 'h'), ('165_1', 't')), (('136_0', 'h'), ('121_2', 't'))])
2	deque([(('109_6', 'h'), ('104_13', 't')), (('104_13', 'h'), ('62_6', 'h')), (('86_8', 'h'), ('62_6', 't')), (('86_8', 't'), ('71_7', 't')), (('71_7', 'h'), ('65_3', 'h')), (('163_0', 't'), ('65_3', 't')), (('163_0', 'h'), ('89_1', 't')), (('89_1', 'h'), ('46_1', 't')), (('101_9', 'h'), ('46_1', 'h')), (('93_0', 'h'), ('101_9', 't')), (('111_7', 't'), ('93_0', 't')), (('111_7', 'h'), ('109_30', 'h')), (('150_23', 'h'), ('109_30', 't')), (('76_3', 'h'), ('150_23', 't')), (('109_6', 't'), ('76_3', 't'))])

Chosen seed at iteration 2: 1
Chosen chr at iteration 2



Chosen seed at iteration 3: 2
Chosen chr at iteration 3



Chosen seed at iteration 4: 3
Chosen chr at iteration 4


Iteration 1
1	deque([(('102_1', 'h'), ('52_1', 'h')), (('52_1', 't'), ('47_0', 't')), (('47_0', 'h'), ('88_0', 't')), (('107_0', 'h'), ('88_0', 'h')), (('107_0', 't'), ('43_1', 't')), (('59_0', 'h'), ('43_1', 'h')), (('61_1', 'h'), ('59_0', 't')), (('69_5', 'h'), ('61_1', 't')), (('70_0', 't'), ('69_5', 't')), (('70_0', 'h'), ('100_1', 't')), (('165_0', 'h'), ('100_1', 'h')), (('121_1', 'h'), ('165_0', 't')), (('160_1', 'h'), ('121_1', 't')), (('57_0', 'h'), ('160_1', 't')), (('81_1', 'h'), ('57_0', 't')), (('81_1', 't'), ('39_0', 't')), (('39_0', 'h'), ('158_2', 't')), (('158_2', 'h'), ('141_7', 't')), (('141_7', 'h'), ('75_1', 't')), (('169_4', 'h'), ('75_1', 'h')), (('170_1', 'h'), ('169_4', 't')), (('49_0', 'h'), ('170_1', 't')), (('78_12', 't'), ('49_0', 't')), (('78_12', 'h'), ('54_1', 'h')), (('102_1', 't'), ('54_1', 't'))])
1	deque([(('111_3', 't'), ('93_1', 't')), (('111_3', 'h'), ('109_24', 'h')), (('150_24', 'h'), ('109_24', 't')), (('76_5', 'h'), ('150_24', 't')), (('109_23', 't'), ('76_5', 't')), (('109_23', 'h'), ('104_31', 't')), (('104_31', 'h'), ('62_7', 'h')), (('86_0', 'h'), ('62_7', 't')), (('86_0', 't'), ('71_0', 't')), (('71_0', 'h'), ('65_2', 'h')), (('90_1', 't'), ('65_2', 't')), (('90_1', 'h'), ('89_3', 't')), (('89_3', 'h'), ('46_2', 't')), (('101_3', 'h'), ('46_2', 'h')), (('93_1', 'h'), ('101_3', 't'))])
1	deque([(('132_3', 'h'), ('55_1', 'h')), (('132_3', 't'), ('118_2', 't')), (('118_2', 'h'), ('125_0', 't')), (('125_0', 'h'), ('166_2', 't')), (('166_2', 'h'), ('55_1', 't'))])

Chosen seed at iteration 1: 1
Chosen chr at iteration 1



Chosen seed at iteration 2: 2
Chosen chr at iteration 2



Chosen seed at iteration 3: 3
Chosen chr at iteration 3


Iteration 4
4	deque([(('165_3', 'h'), ('100_0', 'h')), (('121_1', 'h'), ('165_3', 't')), (('160_1', 'h'), ('121_1', 't')), (('57_0', 'h'), ('160_1', 't')), (('81_1', 'h'), ('57_0', 't')), (('81_1', 't'), ('39_1', 't')), (('39_1', 'h'), ('158_2', 't')), (('158_2', 'h'), ('141_8', 't')), (('141_8', 'h'), ('75_0', 't')), (('169_1', 'h'), ('75_0', 'h')), (('170_0', 'h'), ('169_1', 't')), (('49_0', 'h'), ('170_0', 't')), (('78_15', 't'), ('49_0', 't')), (('78_15', 'h'), ('54_0', 'h')), (('102_3', 't'), ('54_0', 't')), (('102_3', 'h'), ('52_1', 'h')), (('52_1', 't'), ('47_0', 't')), (('47_0', 'h'), ('88_0', 't')), (('107_1', 'h'), ('88_0', 'h')), (('107_1', 't'), ('43_1', 't')), (('59_0', 'h'), ('43_1', 'h')), (('61_1', 'h'), ('59_0', 't')), (('69_1', 'h'), ('61_1', 't')), (('70_0', 't'), ('69_1', 't')), (('70_0', 'h'), ('100_0', 't'))])
4	deque([(('109_28', 'h'), ('104_10', 't')), (('109_28', 't'), ('76_0', 't')), (('76_0', 'h'), ('150_21', 't')), (('150_21', 'h'), ('109_23', 't')), (('111_5', 'h'), ('109_23', 'h')), (('111_5', 't'), ('93_1', 't')), (('93_1', 'h'), ('101_10', 't')), (('101_10', 'h'), ('46_2', 'h')), (('89_4', 'h'), ('46_2', 't')), (('90_2', 'h'), ('89_4', 't')), (('90_2', 't'), ('65_0', 't')), (('71_9', 'h'), ('65_0', 'h')), (('86_12', 't'), ('71_9', 't')), (('86_12', 'h'), ('62_5', 't')), (('104_10', 'h'), ('62_5', 'h'))])
4	deque([(('166_1', 'h'), ('55_0', 't')), (('125_3', 'h'), ('166_1', 't')), (('118_0', 'h'), ('125_3', 't')), (('132_2', 't'), ('118_0', 't')), (('132_2', 'h'), ('55_0', 'h'))])

Chosen seed at iteration 4: 1
Chosen chr at iteration 4



Chosen seed at iteration 5: 2
Chosen chr at iteration 5



Chosen seed at iteration 6: 3
Chosen chr at iteration 6


Iteration 1
1	deque([(('125_1', 'h'), ('166_2', 't')), (('166_2', 'h'), ('55_1', 't')), (('132_1', 'h'), ('55_1', 'h')), (('132_1', 't'), ('118_2', 't')), (('118_2', 'h'), ('125_1', 't'))])
1	deque([(('135_1', 'h'), ('123_1', 't')), (('123_1', 'h'), ('87_0', 'h')), (('68_0', 'h'), ('87_0', 't')), (('129_1', 'h'), ('68_0', 't')), (('129_1', 't'), ('110_0', 't')), (('110_0', 'h'), ('51_0', 't')), (('77_1', 'h'), ('51_0', 'h')), (('77_1', 't'), ('31_0', 't')), (('31_0', 'h'), ('69_0', 't')), (('155_2', 'h'), ('69_0', 'h')), (('155_2', 't'), ('135_1', 't'))])
1	deque([(('90_3', 't'), ('65_1', 't')), (('71_0', 'h'), ('65_1', 'h')), (('86_11', 't'), ('71_0', 't')), (('86_11', 'h'), ('62_3', 't')), (('104_26', 'h'), ('62_3', 'h')), (('109_17', 'h'), ('104_26', 't')), (('150_14', 'h'), ('109_17', 't')), (('150_14', 't'), ('134_8', 't')), (('134_8', 'h'), ('91_1', 't')), (('91_1', 'h'), ('101_0', 't')), (('101_0', 'h'), ('46_4', 'h')), (('89_2', 'h'), ('46_4', 't')), (('90_3', 'h'), ('89_2', 't'))])

Chosen seed at iteration 1: 1
Chosen chr at iteration 1



Chosen seed at iteration 2: 2
Chosen chr at iteration 2



Chosen seed at iteration 3: 3
Chosen chr at iteration 3


Iteration 4
4	deque([(('68_1', 'h'), ('87_1', 't')), (('129_1', 'h'), ('68_1', 't')), (('129_1', 't'), ('110_1', 't')), (('110_1', 'h'), ('51_0', 't')), (('77_0', 'h'), ('51_0', 'h')), (('77_0', 't'), ('31_0', 't')), (('31_0', 'h'), ('69_5', 't')), (('155_3', 'h'), ('69_5', 'h')), (('155_3', 't'), ('135_0', 't')), (('135_0', 'h'), ('123_1', 't')), (('123_1', 'h'), ('87_1', 'h'))])
4	deque([(('150_1', 't'), ('134_19', 't')), (('150_1', 'h'), ('109_21', 't')), (('109_21', 'h'), ('104_8', 't')), (('104_8', 'h'), ('62_4', 'h')), (('86_4', 'h'), ('62_4', 't')), (('86_4', 't'), ('71_4', 't')), (('71_4', 'h'), ('65_1', 'h')), (('90_3', 't'), ('65_1', 't')), (('90_3', 'h'), ('89_2', 't')), (('89_2', 'h'), ('46_3', 't')), (('101_6', 'h'), ('46_3', 'h')), (('91_2', 'h'), ('101_6', 't')), (('134_19', 'h'), ('91_2', 't'))])
4	deque([(('118_5', 'h'), ('125_0', 't')), (('125_0', 'h'), ('166_0', 't')), (('166_0', 'h'), ('55_1', 't')), (('132_3', 'h'), ('55_1', 'h')), (('132_3', 't'), ('118_5', 't'))])

Chosen seed at iteration 4: 1
Chosen chr at iteration 4



Chosen seed at iteration 5: 2
Chosen chr at iteration 5



Chosen seed at iteration 6: 3
Chosen chr at iteration 6


Iteration 1
Iteration 1
1	deque([(('42_0', 'h'), ('78_17', 't')), (('103_1', 'h'), ('42_0', 't')), (('103_1', 't'), ('32_0', 't')), (('78_17', 'h'), ('32_0', 'h'))])

Chosen seed at iteration 1: 1
Chosen chr at iteration 1


Iteration 2
2	deque([(('103_0', 'h'), ('42_0', 't')), (('103_0', 't'), ('32_0', 't')), (('78_0', 'h'), ('32_0', 'h')), (('42_0', 'h'), ('78_0', 't'))])

Chosen seed at iteration 2: 1
Chosen chr at iteration 2


Iteration 3
3	deque([(('109_18', 'h'), ('104_9', 't')), (('109_18', 't'), ('76_6', 't')), (('76_6', 'h'), ('150_19', 't')), (('150_19', 'h'), ('109_2', 't')), (('111_2', 'h'), ('109_2', 'h')), (('104_9', 'h'), ('111_2', 't'))])
3	deque([(('103_2', 'h'), ('42_0', 't')), (('103_2', 't'), ('32_0', 't')), (('78_1', 'h'), ('32_0', 'h')), (('42_0', 'h'), ('78_1', 't'))])

Chosen seed at iteration 3: 1
Chosen chr at iteration 3



Chosen seed at iteration 4: 2
Chosen chr at iteration 4


Iteration 1
1	deque([(('78_12', 'h'), ('38_0', 't')), (('28_1', 'h'), ('78_12', 't')), (('81_3', 'h'), ('28_1', 't')), (('81_3', 't'), ('39_0', 't')), (('39_0', 'h'), ('158_5', 't')), (('158_5', 'h'), ('141_5', 't')), (('141_5', 'h'), ('75_3', 't')), (('169_3', 'h'), ('75_3', 'h')), (('170_2', 'h'), ('169_3', 't')), (('38_0', 'h'), ('170_2', 't'))])

Chosen seed at iteration 1: 1
Chosen chr at iteration 1


Iteration 2
2	deque([(('78_5', 'h'), ('38_0', 't')), (('38_0', 'h'), ('170_3', 't')), (('170_3', 'h'), ('169_2', 't')), (('169_2', 'h'), ('75_5', 'h')), (('141_0', 'h'), ('75_5', 't')), (('158_4', 'h'), ('141_0', 't')), (('39_0', 'h'), ('158_4', 't')), (('81_3', 't'), ('39_0', 't')), (('81_3', 'h'), ('28_1', 't')), (('28_1', 'h'), ('78_5', 't'))])

Chosen seed at iteration 2: 1
Chosen chr at iteration 2


Iteration 3
3	deque([(('158_3', 'h'), ('141_4', 't')), (('39_0', 'h'), ('158_3', 't')), (('81_3', 't'), ('39_0', 't')), (('81_3', 'h'), ('28_1', 't')), (('28_1', 'h'), ('78_7', 't')), (('78_7', 'h'), ('38_1', 't')), (('38_1', 'h'), ('170_2', 't')), (('170_2', 'h'), ('169_0', 't')), (('169_0', 'h'), ('75_2', 'h')), (('141_4', 'h'), ('75_2', 't'))])

Chosen seed at iteration 3: 1
Chosen chr at iteration 3


Iteration 4
4	deque([(('141_4', 'h'), ('75_3', 't')), (('169_3', 'h'), ('75_3', 'h')), (('170_1', 'h'), ('169_3', 't')), (('38_0', 'h'), ('170_1', 't')), (('78_14', 'h'), ('38_0', 't')), (('28_1', 'h'), ('78_14', 't')), (('81_3', 'h'), ('28_1', 't')), (('81_3', 't'), ('39_0', 't')), (('39_0', 'h'), ('158_3', 't')), (('158_3', 'h'), ('141_4', 't'))])

Chosen seed at iteration 4: 1
Chosen chr at iteration 4


Iteration 1
Iteration 1
1	deque([(('134_8', 'h'), ('91_1', 't')), (('150_10', 't'), ('134_8', 't')), (('150_10', 'h'), ('109_24', 't')), (('109_24', 'h'), ('104_24', 't')), (('104_24', 'h'), ('79_0', 't')), (('101_5', 'h'), ('79_0', 'h')), (('91_1', 'h'), ('101_5', 't'))])

Chosen seed at iteration 1: 1
Chosen chr at iteration 1


Iteration 2
Iteration 1
1	deque([(('101_4', 'h'), ('79_2', 'h')), (('104_5', 'h'), ('79_2', 't')), (('109_27', 'h'), ('104_5', 't')), (('150_22', 'h'), ('109_27', 't')), (('150_22', 't'), ('134_1', 't')), (('134_1', 'h'), ('91_1', 't')), (('91_1', 'h'), ('101_4', 't'))])

Chosen seed at iteration 1: 1
Chosen chr at iteration 1


Iteration 2
2	deque([(('101_3', 'h'), ('79_2', 'h')), (('91_1', 'h'), ('101_3', 't')), (('134_20', 'h'), ('91_1', 't')), (('150_17', 't'), ('134_20', 't')), (('150_17', 'h'), ('109_11', 't')), (('109_11', 'h'), ('104_7', 't')), (('104_7', 'h'), ('79_2', 't'))])

Chosen seed at iteration 2: 1
Chosen chr at iteration 2


Iteration 3
3	deque([(('104_4', 'h'), ('79_2', 't')), (('109_11', 'h'), ('104_4', 't')), (('150_11', 'h'), ('109_11', 't')), (('150_11', 't'), ('134_2', 't')), (('134_2', 'h'), ('91_1', 't')), (('91_1', 'h'), ('101_3', 't')), (('101_3', 'h'), ('79_2', 'h'))])

Chosen seed at iteration 3: 1
Chosen chr at iteration 3


Iteration 4
4	deque([(('150_17', 'h'), ('109_22', 't')), (('109_22', 'h'), ('104_26', 't')), (('104_26', 'h'), ('79_2', 't')), (('101_3', 'h'), ('79_2', 'h')), (('91_1', 'h'), ('101_3', 't')), (('134_13', 'h'), ('91_1', 't')), (('150_17', 't'), ('134_13', 't'))])

Chosen seed at iteration 4: 1
Chosen chr at iteration 4


Iteration 1
Iteration 1
1	deque([(('150_12', 't'), ('134_11', 't')), (('150_12', 'h'), ('109_20', 't')), (('109_20', 'h'), ('104_32', 't')), (('104_32', 'h'), ('111_1', 't')), (('111_1', 'h'), ('80_3', 'h')), (('71_3', 'h'), ('80_3', 't')), (('86_5', 't'), ('71_3', 't')), (('86_5', 'h'), ('138_1', 't')), (('138_1', 'h'), ('134_11', 'h'))])

Chosen seed at iteration 1: 1
Chosen chr at iteration 1


Iteration 2
Iteration 1
1	deque([(('104_6', 'h'), ('84_5', 'h')), (('109_5', 'h'), ('104_6', 't')), (('150_4', 'h'), ('109_5', 't')), (('150_4', 't'), ('134_4', 't')), (('134_4', 'h'), ('84_5', 't'))])

Chosen seed at iteration 1: 1
Chosen chr at iteration 1


Iteration 2
Iteration 1
Iteration 1
1	deque([(('134_20', 'h'), ('84_2', 't')), (('150_12', 't'), ('134_20', 't')), (('150_12', 'h'), ('109_12', 't')), (('109_12', 'h'), ('104_22', 't')), (('104_22', 'h'), ('84_2', 'h'))])
1	deque([(('109_29', 't'), ('76_1', 't'))])

Chosen seed at iteration 1: 1
Chosen chr at iteration 1



Chosen seed at iteration 2: 2
Chosen chr at iteration 2


Iteration 3
Iteration 1
Iteration 1
1	deque([(('134_1', 'h'), ('84_1', 't')), (('150_25', 't'), ('134_1', 't')), (('150_25', 'h'), ('109_31', 't')), (('109_31', 'h'), ('104_23', 't')), (('104_23', 'h'), ('84_1', 'h'))])

Chosen seed at iteration 1: 1
Chosen chr at iteration 1


Iteration 2
2	deque([(('109_14', 'h'), ('104_22', 't')), (('150_11', 'h'), ('109_14', 't')), (('150_11', 't'), ('134_1', 't')), (('134_1', 'h'), ('84_1', 't')), (('104_22', 'h'), ('84_1', 'h'))])

Chosen seed at iteration 2: 1
Chosen chr at iteration 2


Iteration 3
3	deque([(('150_0', 'h'), ('109_29', 't')), (('76_5', 'h'), ('150_0', 't')), (('109_31', 't'), ('76_5', 't')), (('109_31', 'h'), ('104_25', 't')), (('104_25', 'h'), ('84_5', 'h')), (('134_1', 'h'), ('84_5', 't'))])

Chosen seed at iteration 3: 1
Chosen chr at iteration 3


Iteration 4
Iteration 1
1	deque([(('104_28', 'h'), ('84_1', 'h')), (('109_24', 'h'), ('104_28', 't')), (('150_0', 'h'), ('109_24', 't')), (('150_0', 't'), ('134_1', 't')), (('134_1', 'h'), ('84_1', 't'))])

Chosen seed at iteration 1: 1
Chosen chr at iteration 1


Iteration 2
Iteration 1
Iteration 1
Iteration 1
Iteration 1
Iteration 1
Iteration 1
1	deque([(('112_1', 'h'), ('82_3', 'h')), (('64_1', 'h'), ('112_1', 't')), (('152_7', 't'), ('64_1', 't')), (('152_7', 'h'), ('128_2', 't')), (('128_2', 'h'), ('119_0', 't')), (('168_3', 'h'), ('119_0', 'h')), (('122_2', 'h'), ('168_3', 't')), (('151_1', 't'), ('122_2', 't')), (('151_1', 'h'), ('45_1', 't')), (('78_16', 'h'), ('45_1', 'h')), (('29_0', 'h'), ('78_16', 't')), (('115_1', 'h'), ('29_0', 't')), (('115_1', 't'), ('96_9', 't')), (('96_9', 'h'), ('171_3', 't')), (('171_3', 'h'), ('162_5', 't')), (('162_5', 'h'), ('82_3', 't'))])

Chosen seed at iteration 1: 1
Chosen chr at iteration 1


Iteration 2
2	deque([(('115_2', 't'), ('96_0', 't')), (('96_0', 'h'), ('171_3', 't')), (('171_3', 'h'), ('162_5', 't')), (('162_5', 'h'), ('82_9', 't')), (('112_2', 'h'), ('82_9', 'h')), (('64_1', 'h'), ('112_2', 't')), (('152_5', 't'), ('64_1', 't')), (('152_5', 'h'), ('128_0', 't')), (('128_0', 'h'), ('119_0', 't')), (('168_3', 'h'), ('119_0', 'h')), (('122_4', 'h'), ('168_3', 't')), (('151_1', 't'), ('122_4', 't')), (('151_1', 'h'), ('45_1', 't')), (('78_17', 'h'), ('45_1', 'h')), (('29_0', 'h'), ('78_17', 't')), (('115_2', 'h'), ('29_0', 't'))])

Chosen seed at iteration 2: 1
Chosen chr at iteration 2


Iteration 3
3	deque([(('64_5', 'h'), ('112_2', 't')), (('112_2', 'h'), ('82_9', 'h')), (('162_2', 'h'), ('82_9', 't')), (('171_4', 'h'), ('162_2', 't')), (('96_8', 'h'), ('171_4', 't')), (('115_1', 't'), ('96_8', 't')), (('115_1', 'h'), ('29_0', 't')), (('29_0', 'h'), ('78_13', 't')), (('78_13', 'h'), ('45_1', 'h')), (('151_1', 'h'), ('45_1', 't')), (('151_1', 't'), ('122_0', 't')), (('122_0', 'h'), ('168_0', 't')), (('168_0', 'h'), ('119_0', 'h')), (('128_2', 'h'), ('119_0', 't')), (('152_7', 'h'), ('128_2', 't')), (('152_7', 't'), ('64_5', 't'))])

Chosen seed at iteration 3: 1
Chosen chr at iteration 3


Iteration 4
Iteration 1
Iteration 1
Iteration 1
Iteration 1
Iteration 1
Iteration 1
Iteration 1
Iteration 1
Iteration 1
Iteration 1
Iteration 1
Iteration 1
Iteration 1
Iteration 1
Iteration 1
Iteration 1
Iteration 1
Iteration 1
Iteration 1
Iteration 1
Iteration 1
Iteration 1
Iteration 1
Iteration 1
Iteration 1
Iteration 1
Iteration 1
Iteration 1
