
Gurobi 9.5.0 (linux64) logging started Thu Feb  3 10:50:06 2022

Set parameter LogFile to value "/home/aniket/PhD/Plasmids-Optimization/exp/2021-06-14__iterative_MILP_edge_novelty/output/sample_116/1.1.1/nplasmids_1/MILP/m.log"
Set parameter TimeLimit to value 240
Set parameter MIPGap to value 0.05
Gurobi Optimizer version 9.5.0 build v9.5.0rc5 (linux64)
Thread count: 2 physical cores, 4 logical processors, using up to 4 threads
Optimize a model with 24153 rows, 8135 columns and 70342 nonzeros
Model fingerprint: 0xf4f71ea7
Variable types: 1846 continuous, 6289 integer (5920 binary)
Coefficient statistics:
  Matrix range     [1e-02, 6e+05]
  Objective range  [5e-03, 1e+00]
  Bounds range     [1e+00, 1e+00]
  RHS range        [1e+00, 2e+05]
Presolve removed 21621 rows and 3996 columns
Presolve time: 0.20s
Presolved: 2532 rows, 4139 columns, 19889 nonzeros
Variable types: 713 continuous, 3426 integer (3426 binary)
Found heuristic solution: objective -0.0107774

Root relaxation: objective -2.568157e+00, 2016 iterations, 0.06 seconds (0.07 work units)

    Nodes    |    Current Node    |     Objective Bounds      |     Work
 Expl Unexpl |  Obj  Depth IntInf | Incumbent    BestBd   Gap | It/Node Time

     0     0   -2.56816    0   48   -0.01078   -2.56816      -     -    0s
H    0     0                      -1.7006168   -2.56816  51.0%     -    0s
     0     0   -2.56277    0   10   -1.70062   -2.56277  50.7%     -    0s
H    0     0                      -2.4514979   -2.56277  4.54%     -    0s

Cutting planes:
  Gomory: 1
  MIR: 1
  Flow cover: 2
  RLT: 19

Explored 1 nodes (5208 simplex iterations) in 0.56 seconds (0.43 work units)
Thread count was 4 (of 4 available processors)

Solution count 3: -2.4515 -1.70062 -0.0107774 

Optimal solution found (tolerance 5.00e-02)
Best objective -2.451497912690e+00, best bound -2.562768179113e+00, gap 4.5389%
Gurobi Optimizer version 9.5.0 build v9.5.0rc5 (linux64)
Thread count: 2 physical cores, 4 logical processors, using up to 4 threads
Optimize a model with 24155 rows, 8135 columns and 70344 nonzeros
Model fingerprint: 0xab9e80e1
Variable types: 1846 continuous, 6289 integer (5920 binary)
Coefficient statistics:
  Matrix range     [1e-02, 6e+05]
  Objective range  [5e-03, 1e+00]
  Bounds range     [1e+00, 1e+00]
  RHS range        [1e+00, 2e+05]

MIP start from previous solve did not produce a new incumbent solution
MIP start from previous solve violates constraint circular by 1.000000000

Presolve removed 21623 rows and 3975 columns
Presolve time: 0.20s
Presolved: 2532 rows, 4160 columns, 19930 nonzeros
Variable types: 713 continuous, 3447 integer (3447 binary)
Found heuristic solution: objective -0.0107774

Root relaxation: objective -2.568157e+00, 1820 iterations, 0.06 seconds (0.06 work units)

    Nodes    |    Current Node    |     Objective Bounds      |     Work
 Expl Unexpl |  Obj  Depth IntInf | Incumbent    BestBd   Gap | It/Node Time

     0     0   -2.56816    0   50   -0.01078   -2.56816      -     -    0s
H    0     0                      -1.7006168   -2.56816  51.0%     -    0s
     0     0   -2.56277    0  123   -1.70062   -2.56277  50.7%     -    0s
H    0     0                      -2.4514977   -2.56277  4.54%     -    0s

Cutting planes:
  Gomory: 1
  MIR: 2
  Zero half: 2
  RLT: 19

Explored 1 nodes (3885 simplex iterations) in 0.52 seconds (0.41 work units)
Thread count was 4 (of 4 available processors)

Solution count 3: -2.4515 -1.70062 -0.0107774 

Optimal solution found (tolerance 5.00e-02)
Best objective -2.451497697015e+00, best bound -2.562768179113e+00, gap 4.5389%

Gurobi 9.5.0 (linux64) logging started Thu Feb  3 10:50:08 2022

Set parameter LogFile to value "/home/aniket/PhD/Plasmids-Optimization/exp/2021-06-14__iterative_MILP_edge_novelty/output/sample_116/1.1.1/nplasmids_1/MILP/m.log"
Set parameter TimeLimit to value 240
Set parameter MIPGap to value 0.05
Gurobi Optimizer version 9.5.0 build v9.5.0rc5 (linux64)
Thread count: 2 physical cores, 4 logical processors, using up to 4 threads
Optimize a model with 23862 rows, 8037 columns and 69353 nonzeros
Model fingerprint: 0xc3d22b23
Variable types: 1831 continuous, 6206 integer (5840 binary)
Coefficient statistics:
  Matrix range     [1e-02, 6e+05]
  Objective range  [5e-03, 1e+00]
  Bounds range     [1e+00, 1e+00]
  RHS range        [1e+00, 2e+05]
Presolve removed 21348 rows and 3913 columns
Presolve time: 0.17s
Presolved: 2514 rows, 4124 columns, 19782 nonzeros
Variable types: 707 continuous, 3417 integer (3417 binary)
Found heuristic solution: objective -0.0107774

Root relaxation: objective -2.568157e+00, 2152 iterations, 0.05 seconds (0.06 work units)

    Nodes    |    Current Node    |     Objective Bounds      |     Work
 Expl Unexpl |  Obj  Depth IntInf | Incumbent    BestBd   Gap | It/Node Time

     0     0   -2.56816    0   48   -0.01078   -2.56816      -     -    0s
H    0     0                      -1.7006168   -2.56816  51.0%     -    0s
     0     0   -2.56277    0   10   -1.70062   -2.56277  50.7%     -    0s
H    0     0                      -2.4514979   -2.56277  4.54%     -    0s

Cutting planes:
  Gomory: 2
  MIR: 1
  Flow cover: 2
  RLT: 21

Explored 1 nodes (6345 simplex iterations) in 0.48 seconds (0.41 work units)
Thread count was 4 (of 4 available processors)

Solution count 3: -2.4515 -1.70062 -0.0107774 

Optimal solution found (tolerance 5.00e-02)
Best objective -2.451497912690e+00, best bound -2.562768179113e+00, gap 4.5389%
Gurobi Optimizer version 9.5.0 build v9.5.0rc5 (linux64)
Thread count: 2 physical cores, 4 logical processors, using up to 4 threads
Optimize a model with 23864 rows, 8037 columns and 69355 nonzeros
Model fingerprint: 0x2072b93c
Variable types: 1831 continuous, 6206 integer (5840 binary)
Coefficient statistics:
  Matrix range     [1e-02, 6e+05]
  Objective range  [5e-03, 1e+00]
  Bounds range     [1e+00, 1e+00]
  RHS range        [1e+00, 2e+05]

MIP start from previous solve did not produce a new incumbent solution
MIP start from previous solve violates constraint circular by 1.000000000

Presolve removed 21349 rows and 3871 columns
Presolve time: 0.19s
Presolved: 2515 rows, 4166 columns, 19867 nonzeros
Variable types: 707 continuous, 3459 integer (3459 binary)
Found heuristic solution: objective -0.0107774

Root relaxation: objective -2.568157e+00, 2110 iterations, 0.05 seconds (0.07 work units)

    Nodes    |    Current Node    |     Objective Bounds      |     Work
 Expl Unexpl |  Obj  Depth IntInf | Incumbent    BestBd   Gap | It/Node Time

     0     0   -2.56816    0   50   -0.01078   -2.56816      -     -    0s
H    0     0                      -1.7006168   -2.56816  51.0%     -    0s
H    0     0                      -2.4514977   -2.56816  4.76%     -    0s

Explored 1 nodes (5144 simplex iterations) in 0.35 seconds (0.35 work units)
Thread count was 4 (of 4 available processors)

Solution count 3: -2.4515 -1.70062 -0.0107774 

Optimal solution found (tolerance 5.00e-02)
Best objective -2.451497697015e+00, best bound -2.568156893888e+00, gap 4.7587%

Gurobi 9.5.0 (linux64) logging started Thu Feb  3 10:50:09 2022

Set parameter LogFile to value "/home/aniket/PhD/Plasmids-Optimization/exp/2021-06-14__iterative_MILP_edge_novelty/output/sample_116/1.1.1/nplasmids_1/MILP/m.log"
Set parameter TimeLimit to value 240
Set parameter MIPGap to value 0.05
Gurobi Optimizer version 9.5.0 build v9.5.0rc5 (linux64)
Thread count: 2 physical cores, 4 logical processors, using up to 4 threads
Optimize a model with 23583 rows, 7943 columns and 68416 nonzeros
Model fingerprint: 0x14ffd7bf
Variable types: 1816 continuous, 6127 integer (5764 binary)
Coefficient statistics:
  Matrix range     [1e-02, 6e+05]
  Objective range  [5e-03, 1e+00]
  Bounds range     [1e+00, 1e+00]
  RHS range        [1e+00, 2e+05]
Presolve removed 21087 rows and 3834 columns
Presolve time: 0.16s
Presolved: 2496 rows, 4109 columns, 19675 nonzeros
Variable types: 701 continuous, 3408 integer (3408 binary)
Found heuristic solution: objective -0.0107774

Root relaxation: objective -2.568157e+00, 1701 iterations, 0.04 seconds (0.04 work units)

    Nodes    |    Current Node    |     Objective Bounds      |     Work
 Expl Unexpl |  Obj  Depth IntInf | Incumbent    BestBd   Gap | It/Node Time

     0     0   -2.56816    0   50   -0.01078   -2.56816      -     -    0s
H    0     0                      -1.7006168   -2.56816  51.0%     -    0s
     0     0   -2.56277    0   10   -1.70062   -2.56277  50.7%     -    0s
H    0     0                      -2.4514979   -2.56277  4.54%     -    0s

Cutting planes:
  Gomory: 1
  MIR: 1
  Zero half: 2
  RLT: 18

Explored 1 nodes (3329 simplex iterations) in 0.40 seconds (0.34 work units)
Thread count was 4 (of 4 available processors)

Solution count 3: -2.4515 -1.70062 -0.0107774 

Optimal solution found (tolerance 5.00e-02)
Best objective -2.451497912690e+00, best bound -2.562768179113e+00, gap 4.5389%
Gurobi Optimizer version 9.5.0 build v9.5.0rc5 (linux64)
Thread count: 2 physical cores, 4 logical processors, using up to 4 threads
Optimize a model with 23585 rows, 7943 columns and 68418 nonzeros
Model fingerprint: 0xd1f9a044
Variable types: 1816 continuous, 6127 integer (5764 binary)
Coefficient statistics:
  Matrix range     [1e-02, 6e+05]
  Objective range  [5e-03, 1e+00]
  Bounds range     [1e+00, 1e+00]
  RHS range        [1e+00, 2e+05]

MIP start from previous solve did not produce a new incumbent solution
MIP start from previous solve violates constraint circular by 1.000000000

Presolve removed 21087 rows and 3814 columns
Presolve time: 0.18s
Presolved: 2498 rows, 4129 columns, 19710 nonzeros
Variable types: 701 continuous, 3428 integer (3428 binary)
Found heuristic solution: objective -0.0107774

Root relaxation: objective -2.568157e+00, 1571 iterations, 0.04 seconds (0.04 work units)

    Nodes    |    Current Node    |     Objective Bounds      |     Work
 Expl Unexpl |  Obj  Depth IntInf | Incumbent    BestBd   Gap | It/Node Time

     0     0   -2.56816    0   48   -0.01078   -2.56816      -     -    0s
H    0     0                      -1.7006168   -2.56816  51.0%     -    0s
     0     0   -2.56277    0    6   -1.70062   -2.56277  50.7%     -    0s
H    0     0                      -2.4514979   -2.56277  4.54%     -    0s

Cutting planes:
  Gomory: 2
  MIR: 22
  Flow cover: 23
  RLT: 21

Explored 1 nodes (4537 simplex iterations) in 0.44 seconds (0.37 work units)
Thread count was 4 (of 4 available processors)

Solution count 3: -2.4515 -1.70062 -0.0107774 

Optimal solution found (tolerance 5.00e-02)
Best objective -2.451497912690e+00, best bound -2.562768179113e+00, gap 4.5389%

Gurobi 9.5.0 (linux64) logging started Thu Feb  3 10:50:10 2022

Set parameter LogFile to value "/home/aniket/PhD/Plasmids-Optimization/exp/2021-06-14__iterative_MILP_edge_novelty/output/sample_116/1.1.1/nplasmids_1/MILP/m.log"
Set parameter TimeLimit to value 240
Set parameter MIPGap to value 0.05
Gurobi Optimizer version 9.5.0 build v9.5.0rc5 (linux64)
Thread count: 2 physical cores, 4 logical processors, using up to 4 threads
Optimize a model with 23316 rows, 7853 columns and 67531 nonzeros
Model fingerprint: 0x223575c5
Variable types: 1801 continuous, 6052 integer (5692 binary)
Coefficient statistics:
  Matrix range     [1e-02, 6e+05]
  Objective range  [5e-03, 1e+00]
  Bounds range     [1e+00, 1e+00]
  RHS range        [1e+00, 2e+05]
Presolve removed 20839 rows and 3759 columns
Presolve time: 0.14s
Presolved: 2477 rows, 4094 columns, 19559 nonzeros
Variable types: 695 continuous, 3399 integer (3399 binary)
Found heuristic solution: objective -0.0107774

Root relaxation: objective -2.568157e+00, 1825 iterations, 0.04 seconds (0.05 work units)

    Nodes    |    Current Node    |     Objective Bounds      |     Work
 Expl Unexpl |  Obj  Depth IntInf | Incumbent    BestBd   Gap | It/Node Time

     0     0   -2.56816    0   48   -0.01078   -2.56816      -     -    0s
H    0     0                      -1.7006168   -2.56816  51.0%     -    0s
     0     0   -2.56277    0    6   -1.70062   -2.56277  50.7%     -    0s
H    0     0                      -2.4514977   -2.56277  4.54%     -    0s

Cutting planes:
  Gomory: 1
  MIR: 23
  Flow cover: 24
  RLT: 20

Explored 1 nodes (4288 simplex iterations) in 0.40 seconds (0.36 work units)
Thread count was 4 (of 4 available processors)

Solution count 3: -2.4515 -1.70062 -0.0107774 

Optimal solution found (tolerance 5.00e-02)
Best objective -2.451497697015e+00, best bound -2.562768179113e+00, gap 4.5389%
Gurobi Optimizer version 9.5.0 build v9.5.0rc5 (linux64)
Thread count: 2 physical cores, 4 logical processors, using up to 4 threads
Optimize a model with 23318 rows, 7853 columns and 67533 nonzeros
Model fingerprint: 0x303cec2f
Variable types: 1801 continuous, 6052 integer (5692 binary)
Coefficient statistics:
  Matrix range     [1e-02, 6e+05]
  Objective range  [5e-03, 1e+00]
  Bounds range     [1e+00, 1e+00]
  RHS range        [1e+00, 2e+05]

MIP start from previous solve did not produce a new incumbent solution
MIP start from previous solve violates constraint circular by 1.000000000

Presolve removed 20843 rows and 3761 columns
Presolve time: 0.15s
Presolved: 2475 rows, 4092 columns, 19552 nonzeros
Variable types: 695 continuous, 3397 integer (3397 binary)
Found heuristic solution: objective -0.0107774

Root relaxation: objective -1.746416e+00, 1837 iterations, 0.06 seconds (0.06 work units)

    Nodes    |    Current Node    |     Objective Bounds      |     Work
 Expl Unexpl |  Obj  Depth IntInf | Incumbent    BestBd   Gap | It/Node Time

     0     0   -1.74642    0   46   -0.01078   -1.74642      -     -    0s
H    0     0                      -1.7006168   -1.74642  2.69%     -    0s

Explored 1 nodes (4593 simplex iterations) in 0.32 seconds (0.30 work units)
Thread count was 4 (of 4 available processors)

Solution count 2: -1.70062 -0.0107774 

Optimal solution found (tolerance 5.00e-02)
Best objective -1.700616819618e+00, best bound -1.746415687458e+00, gap 2.6931%
Gurobi Optimizer version 9.5.0 build v9.5.0rc5 (linux64)
Thread count: 2 physical cores, 4 logical processors, using up to 4 threads
Optimize a model with 23319 rows, 7853 columns and 67534 nonzeros
Model fingerprint: 0x56eab24d
Variable types: 1801 continuous, 6052 integer (5692 binary)
Coefficient statistics:
  Matrix range     [1e-02, 6e+05]
  Objective range  [5e-03, 1e+00]
  Bounds range     [1e+00, 1e+00]
  RHS range        [1e+00, 2e+05]

MIP start from previous solve did not produce a new incumbent solution
MIP start from previous solve violates constraint circular by 1.000000000

Presolve removed 20843 rows and 3761 columns
Presolve time: 0.29s
Presolved: 2476 rows, 4092 columns, 19555 nonzeros
Variable types: 695 continuous, 3397 integer (3397 binary)
Found heuristic solution: objective -0.0107774

Root relaxation: objective -1.746416e+00, 2194 iterations, 0.08 seconds (0.07 work units)

    Nodes    |    Current Node    |     Objective Bounds      |     Work
 Expl Unexpl |  Obj  Depth IntInf | Incumbent    BestBd   Gap | It/Node Time

     0     0   -1.74642    0   44   -0.01078   -1.74642      -     -    0s
H    0     0                      -0.8907186   -1.74642  96.1%     -    0s
     0     0   -1.74103    0    2   -0.89072   -1.74103  95.5%     -    0s
H    0     0                      -1.7167733   -1.74103  1.41%     -    0s

Cutting planes:
  Gomory: 1
  MIR: 19
  Flow cover: 21
  RLT: 20

Explored 1 nodes (4542 simplex iterations) in 0.64 seconds (0.41 work units)
Thread count was 4 (of 4 available processors)

Solution count 3: -1.71677 -0.890719 -0.0107774 

Optimal solution found (tolerance 5.00e-02)
Best objective -1.716773337017e+00, best bound -1.741026972683e+00, gap 1.4127%

Gurobi 9.5.0 (linux64) logging started Thu Feb  3 10:50:12 2022

Set parameter LogFile to value "/home/aniket/PhD/Plasmids-Optimization/exp/2021-06-14__iterative_MILP_edge_novelty/output/sample_116/1.1.1/nplasmids_1/MILP/m.log"
Set parameter TimeLimit to value 240
Set parameter MIPGap to value 0.05
Gurobi Optimizer version 9.5.0 build v9.5.0rc5 (linux64)
Thread count: 2 physical cores, 4 logical processors, using up to 4 threads
Optimize a model with 23099 rows, 7780 columns and 66772 nonzeros
Model fingerprint: 0xbe10ac71
Variable types: 1791 continuous, 5989 integer (5631 binary)
Coefficient statistics:
  Matrix range     [1e-02, 6e+05]
  Objective range  [5e-03, 1e+00]
  Bounds range     [1e+00, 1e+00]
  RHS range        [1e+00, 2e+05]
Presolve removed 20634 rows and 3697 columns
Presolve time: 0.13s
Presolved: 2465 rows, 4083 columns, 19778 nonzeros
Variable types: 691 continuous, 3392 integer (3392 binary)
Found heuristic solution: objective -0.0107774

Root relaxation: objective -2.568157e+00, 1939 iterations, 0.05 seconds (0.07 work units)

    Nodes    |    Current Node    |     Objective Bounds      |     Work
 Expl Unexpl |  Obj  Depth IntInf | Incumbent    BestBd   Gap | It/Node Time

     0     0   -2.56816    0   48   -0.01078   -2.56816      -     -    0s
H    0     0                      -1.7006168   -2.56816  51.0%     -    0s
     0     0   -2.56027    0   49   -1.70062   -2.56027  50.5%     -    0s
H    0     0                      -2.4514977   -2.56027  4.44%     -    0s

Cutting planes:
  Gomory: 1
  MIR: 5
  Flow cover: 18
  RLT: 18

Explored 1 nodes (5384 simplex iterations) in 0.41 seconds (0.40 work units)
Thread count was 4 (of 4 available processors)

Solution count 3: -2.4515 -1.70062 -0.0107774 

Optimal solution found (tolerance 5.00e-02)
Best objective -2.451497697015e+00, best bound -2.560265746032e+00, gap 4.4368%
Gurobi Optimizer version 9.5.0 build v9.5.0rc5 (linux64)
Thread count: 2 physical cores, 4 logical processors, using up to 4 threads
Optimize a model with 23101 rows, 7780 columns and 66774 nonzeros
Model fingerprint: 0x9b21f6a2
Variable types: 1791 continuous, 5989 integer (5631 binary)
Coefficient statistics:
  Matrix range     [1e-02, 6e+05]
  Objective range  [5e-03, 1e+00]
  Bounds range     [1e+00, 1e+00]
  RHS range        [1e+00, 2e+05]

MIP start from previous solve did not produce a new incumbent solution
MIP start from previous solve violates constraint circular by 1.000000000

Presolve removed 20638 rows and 3699 columns
Presolve time: 0.13s
Presolved: 2463 rows, 4081 columns, 19771 nonzeros
Variable types: 691 continuous, 3390 integer (3390 binary)
Found heuristic solution: objective -0.0107774

Root relaxation: objective -1.746416e+00, 1844 iterations, 0.04 seconds (0.05 work units)

    Nodes    |    Current Node    |     Objective Bounds      |     Work
 Expl Unexpl |  Obj  Depth IntInf | Incumbent    BestBd   Gap | It/Node Time

     0     0   -1.74642    0   44   -0.01078   -1.74642      -     -    0s
H    0     0                      -0.8907186   -1.74642  96.1%     -    0s
     0     0   -1.74103    0   47   -0.89072   -1.74103  95.5%     -    0s
     0     0   -1.74103    0    6   -0.89072   -1.74103  95.5%     -    0s
     0     0   -1.74103    0    7   -0.89072   -1.74103  95.5%     -    0s
H    0     0                      -1.7167731   -1.74103  1.41%     -    0s

Cutting planes:
  Gomory: 1
  MIR: 1
  Flow cover: 1
  RLT: 18

Explored 1 nodes (5105 simplex iterations) in 0.43 seconds (0.40 work units)
Thread count was 4 (of 4 available processors)

Solution count 3: -1.71677 -0.890719 -0.0107774 

Optimal solution found (tolerance 5.00e-02)
Best objective -1.716773088395e+00, best bound -1.741026972683e+00, gap 1.4128%
Gurobi Optimizer version 9.5.0 build v9.5.0rc5 (linux64)
Thread count: 2 physical cores, 4 logical processors, using up to 4 threads
Optimize a model with 23102 rows, 7780 columns and 66775 nonzeros
Model fingerprint: 0x3f885fd6
Variable types: 1791 continuous, 5989 integer (5631 binary)
Coefficient statistics:
  Matrix range     [1e-02, 6e+05]
  Objective range  [5e-03, 1e+00]
  Bounds range     [1e+00, 1e+00]
  RHS range        [1e+00, 2e+05]

MIP start from previous solve did not produce a new incumbent solution
MIP start from previous solve violates constraint circular by 1.000000000

Presolve removed 20638 rows and 3699 columns
Presolve time: 0.15s
Presolved: 2464 rows, 4081 columns, 19774 nonzeros
Variable types: 691 continuous, 3390 integer (3390 binary)
Found heuristic solution: objective -0.0107774

Root relaxation: objective -1.746416e+00, 1844 iterations, 0.04 seconds (0.05 work units)

    Nodes    |    Current Node    |     Objective Bounds      |     Work
 Expl Unexpl |  Obj  Depth IntInf | Incumbent    BestBd   Gap | It/Node Time

     0     0   -1.74642    0   44   -0.01078   -1.74642      -     -    0s
H    0     0                      -0.8907186   -1.74642  96.1%     -    0s
     0     0   -1.74103    0    7   -0.89072   -1.74103  95.5%     -    0s
H    0     0                      -1.7167731   -1.74103  1.41%     -    0s

Cutting planes:
  Gomory: 1
  MIR: 11
  Flow cover: 2
  RLT: 19

Explored 1 nodes (4772 simplex iterations) in 0.44 seconds (0.39 work units)
Thread count was 4 (of 4 available processors)

Solution count 3: -1.71677 -0.890719 -0.0107774 

Optimal solution found (tolerance 5.00e-02)
Best objective -1.716773088395e+00, best bound -1.741026972683e+00, gap 1.4128%

Gurobi 9.5.0 (linux64) logging started Thu Feb  3 10:50:14 2022

Set parameter LogFile to value "/home/aniket/PhD/Plasmids-Optimization/exp/2021-06-14__iterative_MILP_edge_novelty/output/sample_116/1.1.1/nplasmids_1/MILP/m.log"
Set parameter TimeLimit to value 240
Set parameter MIPGap to value 0.05
Gurobi Optimizer version 9.5.0 build v9.5.0rc5 (linux64)
Thread count: 2 physical cores, 4 logical processors, using up to 4 threads
Optimize a model with 22888 rows, 7709 columns and 66039 nonzeros
Model fingerprint: 0xdefcc32b
Variable types: 1781 continuous, 5928 integer (5572 binary)
Coefficient statistics:
  Matrix range     [1e-02, 6e+05]
  Objective range  [5e-03, 1e+00]
  Bounds range     [1e+00, 1e+00]
  RHS range        [1e+00, 2e+05]
Presolve removed 20435 rows and 3637 columns
Presolve time: 0.14s
Presolved: 2453 rows, 4072 columns, 19701 nonzeros
Variable types: 687 continuous, 3385 integer (3385 binary)
Found heuristic solution: objective -0.0107774

Root relaxation: objective -2.568157e+00, 1718 iterations, 0.04 seconds (0.05 work units)

    Nodes    |    Current Node    |     Objective Bounds      |     Work
 Expl Unexpl |  Obj  Depth IntInf | Incumbent    BestBd   Gap | It/Node Time

     0     0   -2.56816    0   48   -0.01078   -2.56816      -     -    0s
H    0     0                      -1.7006168   -2.56816  51.0%     -    0s
     0     0   -2.53812    0   10   -1.70062   -2.53812  49.2%     -    0s
H    0     0                      -2.4514977   -2.53812  3.53%     -    0s

Cutting planes:
  MIR: 3
  Flow cover: 1
  RLT: 19

Explored 1 nodes (4174 simplex iterations) in 0.38 seconds (0.33 work units)
Thread count was 4 (of 4 available processors)

Solution count 3: -2.4515 -1.70062 -0.0107774 

Optimal solution found (tolerance 5.00e-02)
Best objective -2.451497697015e+00, best bound -2.538115510870e+00, gap 3.5333%
Gurobi Optimizer version 9.5.0 build v9.5.0rc5 (linux64)
Thread count: 2 physical cores, 4 logical processors, using up to 4 threads
Optimize a model with 22890 rows, 7709 columns and 66041 nonzeros
Model fingerprint: 0xd8162e4f
Variable types: 1781 continuous, 5928 integer (5572 binary)
Coefficient statistics:
  Matrix range     [1e-02, 6e+05]
  Objective range  [5e-03, 1e+00]
  Bounds range     [1e+00, 1e+00]
  RHS range        [1e+00, 2e+05]

MIP start from previous solve did not produce a new incumbent solution
MIP start from previous solve violates constraint circular by 1.000000000

Presolve removed 20439 rows and 3639 columns
Presolve time: 0.14s
Presolved: 2451 rows, 4070 columns, 19694 nonzeros
Variable types: 687 continuous, 3383 integer (3383 binary)
Found heuristic solution: objective -0.0107774

Root relaxation: objective -1.746416e+00, 2231 iterations, 0.05 seconds (0.06 work units)

    Nodes    |    Current Node    |     Objective Bounds      |     Work
 Expl Unexpl |  Obj  Depth IntInf | Incumbent    BestBd   Gap | It/Node Time

     0     0   -1.74642    0   44   -0.01078   -1.74642      -     -    0s
H    0     0                      -0.8907186   -1.74642  96.1%     -    0s
     0     0   -1.74103    0    6   -0.89072   -1.74103  95.5%     -    0s
H    0     0                      -1.7006168   -1.74103  2.38%     -    0s

Cutting planes:
  MIR: 1
  RLT: 16

Explored 1 nodes (4391 simplex iterations) in 0.40 seconds (0.34 work units)
Thread count was 4 (of 4 available processors)

Solution count 3: -1.70062 -0.890719 -0.0107774 

Optimal solution found (tolerance 5.00e-02)
Best objective -1.700616819618e+00, best bound -1.741026972683e+00, gap 2.3762%
Gurobi Optimizer version 9.5.0 build v9.5.0rc5 (linux64)
Thread count: 2 physical cores, 4 logical processors, using up to 4 threads
Optimize a model with 22891 rows, 7709 columns and 66042 nonzeros
Model fingerprint: 0xc220533a
Variable types: 1781 continuous, 5928 integer (5572 binary)
Coefficient statistics:
  Matrix range     [1e-02, 6e+05]
  Objective range  [5e-03, 1e+00]
  Bounds range     [1e+00, 1e+00]
  RHS range        [1e+00, 2e+05]

MIP start from previous solve did not produce a new incumbent solution
MIP start from previous solve violates constraint circular by 1.000000000

Presolve removed 20439 rows and 3639 columns
Presolve time: 0.14s
Presolved: 2452 rows, 4070 columns, 19697 nonzeros
Variable types: 687 continuous, 3383 integer (3383 binary)
Found heuristic solution: objective -0.0107774

Root relaxation: objective -1.746416e+00, 2279 iterations, 0.05 seconds (0.06 work units)

    Nodes    |    Current Node    |     Objective Bounds      |     Work
 Expl Unexpl |  Obj  Depth IntInf | Incumbent    BestBd   Gap | It/Node Time

     0     0   -1.74642    0   44   -0.01078   -1.74642      -     -    0s
H    0     0                      -0.8907186   -1.74642  96.1%     -    0s
     0     0   -1.74103    0    6   -0.89072   -1.74103  95.5%     -    0s
H    0     0                      -1.7006168   -1.74103  2.38%     -    0s

Cutting planes:
  MIR: 10
  Flow cover: 1
  RLT: 15

Explored 1 nodes (4620 simplex iterations) in 0.41 seconds (0.35 work units)
Thread count was 4 (of 4 available processors)

Solution count 3: -1.70062 -0.890719 -0.0107774 

Optimal solution found (tolerance 5.00e-02)
Best objective -1.700616819618e+00, best bound -1.741026972683e+00, gap 2.3762%

Gurobi 9.5.0 (linux64) logging started Thu Feb  3 10:50:15 2022

Set parameter LogFile to value "/home/aniket/PhD/Plasmids-Optimization/exp/2021-06-14__iterative_MILP_edge_novelty/output/sample_116/1.1.1/nplasmids_1/MILP/m.log"
Set parameter TimeLimit to value 240
Set parameter MIPGap to value 0.05
Gurobi Optimizer version 9.5.0 build v9.5.0rc5 (linux64)
Thread count: 2 physical cores, 4 logical processors, using up to 4 threads
Optimize a model with 22614 rows, 7617 columns and 65033 nonzeros
Model fingerprint: 0xfeeac669
Variable types: 1771 continuous, 5846 integer (5492 binary)
Coefficient statistics:
  Matrix range     [1e-02, 6e+05]
  Objective range  [5e-03, 1e+00]
  Bounds range     [1e+00, 1e+00]
  RHS range        [1e+00, 2e+05]
Presolve removed 20173 rows and 3553 columns
Presolve time: 0.14s
Presolved: 2441 rows, 4064 columns, 19617 nonzeros
Variable types: 683 continuous, 3381 integer (3381 binary)
Found heuristic solution: objective -0.0107774

Root relaxation: objective -2.568157e+00, 2543 iterations, 0.06 seconds (0.07 work units)

    Nodes    |    Current Node    |     Objective Bounds      |     Work
 Expl Unexpl |  Obj  Depth IntInf | Incumbent    BestBd   Gap | It/Node Time

     0     0   -2.56816    0   48   -0.01078   -2.56816      -     -    0s
H    0     0                      -1.7006168   -2.56816  51.0%     -    0s
     0     0   -2.53812    0    6   -1.70062   -2.53812  49.2%     -    0s
H    0     0                      -2.4514977   -2.53812  3.53%     -    0s

Cutting planes:
  MIR: 2
  Flow cover: 2
  RLT: 20

Explored 1 nodes (4848 simplex iterations) in 0.43 seconds (0.36 work units)
Thread count was 4 (of 4 available processors)

Solution count 3: -2.4515 -1.70062 -0.0107774 

Optimal solution found (tolerance 5.00e-02)
Best objective -2.451497697015e+00, best bound -2.538115510870e+00, gap 3.5333%
Gurobi Optimizer version 9.5.0 build v9.5.0rc5 (linux64)
Thread count: 2 physical cores, 4 logical processors, using up to 4 threads
Optimize a model with 22616 rows, 7617 columns and 65035 nonzeros
Model fingerprint: 0x667e5236
Variable types: 1771 continuous, 5846 integer (5492 binary)
Coefficient statistics:
  Matrix range     [1e-02, 6e+05]
  Objective range  [5e-03, 1e+00]
  Bounds range     [1e+00, 1e+00]
  RHS range        [1e+00, 2e+05]

MIP start from previous solve did not produce a new incumbent solution
MIP start from previous solve violates constraint circular by 1.000000000

Presolve removed 20177 rows and 3555 columns
Presolve time: 0.14s
Presolved: 2439 rows, 4062 columns, 19610 nonzeros
Variable types: 683 continuous, 3379 integer (3379 binary)
Found heuristic solution: objective -0.0107774

Root relaxation: objective -1.746416e+00, 1686 iterations, 0.04 seconds (0.05 work units)

    Nodes    |    Current Node    |     Objective Bounds      |     Work
 Expl Unexpl |  Obj  Depth IntInf | Incumbent    BestBd   Gap | It/Node Time

     0     0   -1.74642    0   44   -0.01078   -1.74642      -     -    0s
H    0     0                      -0.8907186   -1.74642  96.1%     -    0s
     0     0   -1.74103    0    6   -0.89072   -1.74103  95.5%     -    0s
H    0     0                      -1.7006168   -1.74103  2.38%     -    0s

Cutting planes:
  MIR: 12
  RLT: 20

Explored 1 nodes (4483 simplex iterations) in 0.38 seconds (0.34 work units)
Thread count was 4 (of 4 available processors)

Solution count 3: -1.70062 -0.890719 -0.0107774 

Optimal solution found (tolerance 5.00e-02)
Best objective -1.700616819618e+00, best bound -1.741026972683e+00, gap 2.3762%
Gurobi Optimizer version 9.5.0 build v9.5.0rc5 (linux64)
Thread count: 2 physical cores, 4 logical processors, using up to 4 threads
Optimize a model with 22617 rows, 7617 columns and 65036 nonzeros
Model fingerprint: 0xaa6cae2f
Variable types: 1771 continuous, 5846 integer (5492 binary)
Coefficient statistics:
  Matrix range     [1e-02, 6e+05]
  Objective range  [5e-03, 1e+00]
  Bounds range     [1e+00, 1e+00]
  RHS range        [1e+00, 2e+05]

MIP start from previous solve did not produce a new incumbent solution
MIP start from previous solve violates constraint circular by 1.000000000

Presolve removed 20177 rows and 3555 columns
Presolve time: 0.14s
Presolved: 2440 rows, 4062 columns, 19613 nonzeros
Variable types: 683 continuous, 3379 integer (3379 binary)
Found heuristic solution: objective -0.0107774

Root relaxation: objective -1.746416e+00, 1740 iterations, 0.04 seconds (0.06 work units)

    Nodes    |    Current Node    |     Objective Bounds      |     Work
 Expl Unexpl |  Obj  Depth IntInf | Incumbent    BestBd   Gap | It/Node Time

     0     0   -1.74642    0   44   -0.01078   -1.74642      -     -    0s
H    0     0                      -0.8907186   -1.74642  96.1%     -    0s
     0     0   -1.74103    0    6   -0.89072   -1.74103  95.5%     -    0s
H    0     0                      -1.7006168   -1.74103  2.38%     -    0s

Cutting planes:
  MIR: 13
  Flow cover: 2
  RLT: 19

Explored 1 nodes (4180 simplex iterations) in 0.38 seconds (0.35 work units)
Thread count was 4 (of 4 available processors)

Solution count 3: -1.70062 -0.890719 -0.0107774 

Optimal solution found (tolerance 5.00e-02)
Best objective -1.700616819618e+00, best bound -1.741026972683e+00, gap 2.3762%

Gurobi 9.5.0 (linux64) logging started Thu Feb  3 10:50:17 2022

Set parameter LogFile to value "/home/aniket/PhD/Plasmids-Optimization/exp/2021-06-14__iterative_MILP_edge_novelty/output/sample_116/1.1.1/nplasmids_1/MILP/m.log"
Set parameter TimeLimit to value 240
Set parameter MIPGap to value 0.05
Gurobi Optimizer version 9.5.0 build v9.5.0rc5 (linux64)
Thread count: 2 physical cores, 4 logical processors, using up to 4 threads
Optimize a model with 22364 rows, 7533 columns and 64131 nonzeros
Model fingerprint: 0xf1cadd84
Variable types: 1761 continuous, 5772 integer (5420 binary)
Coefficient statistics:
  Matrix range     [1e-02, 6e+05]
  Objective range  [5e-03, 1e+00]
  Bounds range     [1e+00, 1e+00]
  RHS range        [1e+00, 2e+05]
Presolve removed 19935 rows and 3477 columns
Presolve time: 0.13s
Presolved: 2429 rows, 4056 columns, 19533 nonzeros
Variable types: 679 continuous, 3377 integer (3377 binary)
Found heuristic solution: objective -0.0107774

Root relaxation: objective -2.568157e+00, 2078 iterations, 0.06 seconds (0.09 work units)

    Nodes    |    Current Node    |     Objective Bounds      |     Work
 Expl Unexpl |  Obj  Depth IntInf | Incumbent    BestBd   Gap | It/Node Time

     0     0   -2.56816    0   48   -0.01078   -2.56816      -     -    0s
H    0     0                      -0.8907186   -2.56816   188%     -    0s
     0     0   -2.53812    0    8   -0.89072   -2.53812   185%     -    0s
H    0     0                      -1.7006168   -2.53812  49.2%     -    0s
H    0     0                      -2.4514981   -2.53812  3.53%     -    0s

Cutting planes:
  Gomory: 1
  MIR: 3
  Flow cover: 4
  Zero half: 2
  RLT: 19

Explored 1 nodes (4390 simplex iterations) in 0.43 seconds (0.37 work units)
Thread count was 4 (of 4 available processors)

Solution count 4: -2.4515 -1.70062 -0.890719 -0.0107774 

Optimal solution found (tolerance 5.00e-02)
Best objective -2.451498127882e+00, best bound -2.538115510870e+00, gap 3.5332%
Gurobi Optimizer version 9.5.0 build v9.5.0rc5 (linux64)
Thread count: 2 physical cores, 4 logical processors, using up to 4 threads
Optimize a model with 22366 rows, 7533 columns and 64133 nonzeros
Model fingerprint: 0x7fc9d5f9
Variable types: 1761 continuous, 5772 integer (5420 binary)
Coefficient statistics:
  Matrix range     [1e-02, 6e+05]
  Objective range  [5e-03, 1e+00]
  Bounds range     [1e+00, 1e+00]
  RHS range        [1e+00, 2e+05]

MIP start from previous solve did not produce a new incumbent solution
MIP start from previous solve violates constraint circular by 1.000000000

Presolve removed 19939 rows and 3479 columns
Presolve time: 0.13s
Presolved: 2427 rows, 4054 columns, 19526 nonzeros
Variable types: 679 continuous, 3375 integer (3375 binary)
Found heuristic solution: objective -0.0107774

Root relaxation: objective -1.746416e+00, 1953 iterations, 0.05 seconds (0.06 work units)

    Nodes    |    Current Node    |     Objective Bounds      |     Work
 Expl Unexpl |  Obj  Depth IntInf | Incumbent    BestBd   Gap | It/Node Time

     0     0   -1.74642    0   44   -0.01078   -1.74642      -     -    0s
H    0     0                      -0.8907186   -1.74642  96.1%     -    0s
     0     0   -1.74103    0    6   -0.89072   -1.74103  95.5%     -    0s
H    0     0                      -1.7006168   -1.74103  2.38%     -    0s

Cutting planes:
  MIR: 10
  RLT: 17

Explored 1 nodes (4713 simplex iterations) in 0.38 seconds (0.35 work units)
Thread count was 4 (of 4 available processors)

Solution count 3: -1.70062 -0.890719 -0.0107774 

Optimal solution found (tolerance 5.00e-02)
Best objective -1.700616819618e+00, best bound -1.741026972683e+00, gap 2.3762%
Gurobi Optimizer version 9.5.0 build v9.5.0rc5 (linux64)
Thread count: 2 physical cores, 4 logical processors, using up to 4 threads
Optimize a model with 22367 rows, 7533 columns and 64134 nonzeros
Model fingerprint: 0x1b2b756f
Variable types: 1761 continuous, 5772 integer (5420 binary)
Coefficient statistics:
  Matrix range     [1e-02, 6e+05]
  Objective range  [5e-03, 1e+00]
  Bounds range     [1e+00, 1e+00]
  RHS range        [1e+00, 2e+05]

MIP start from previous solve did not produce a new incumbent solution
MIP start from previous solve violates constraint circular by 1.000000000

Presolve removed 19939 rows and 3479 columns
Presolve time: 0.13s
Presolved: 2428 rows, 4054 columns, 19529 nonzeros
Variable types: 679 continuous, 3375 integer (3375 binary)
Found heuristic solution: objective -0.0107774

Root relaxation: objective -1.746416e+00, 1874 iterations, 0.05 seconds (0.06 work units)

    Nodes    |    Current Node    |     Objective Bounds      |     Work
 Expl Unexpl |  Obj  Depth IntInf | Incumbent    BestBd   Gap | It/Node Time

     0     0   -1.74642    0   44   -0.01078   -1.74642      -     -    0s
H    0     0                      -0.8907186   -1.74642  96.1%     -    0s
     0     0   -1.74103    0    6   -0.89072   -1.74103  95.5%     -    0s
H    0     0                      -1.7167731   -1.74103  1.41%     -    0s

Cutting planes:
  MIR: 1
  RLT: 17

Explored 1 nodes (4160 simplex iterations) in 0.38 seconds (0.35 work units)
Thread count was 4 (of 4 available processors)

Solution count 3: -1.71677 -0.890719 -0.0107774 

Optimal solution found (tolerance 5.00e-02)
Best objective -1.716773088395e+00, best bound -1.741026972683e+00, gap 1.4128%

Gurobi 9.5.0 (linux64) logging started Thu Feb  3 10:50:18 2022

Set parameter LogFile to value "/home/aniket/PhD/Plasmids-Optimization/exp/2021-06-14__iterative_MILP_edge_novelty/output/sample_116/1.1.1/nplasmids_1/MILP/m.log"
Set parameter TimeLimit to value 240
Set parameter MIPGap to value 0.05
Gurobi Optimizer version 9.5.0 build v9.5.0rc5 (linux64)
Thread count: 2 physical cores, 4 logical processors, using up to 4 threads
Optimize a model with 22183 rows, 7472 columns and 63528 nonzeros
Model fingerprint: 0x6db4b48d
Variable types: 1751 continuous, 5721 integer (5371 binary)
Coefficient statistics:
  Matrix range     [1e-02, 6e+05]
  Objective range  [5e-03, 1e+00]
  Bounds range     [1e+00, 1e+00]
  RHS range        [1e+00, 2e+05]
Presolve removed 19767 rows and 3427 columns
Presolve time: 0.13s
Presolved: 2416 rows, 4045 columns, 19686 nonzeros
Variable types: 675 continuous, 3370 integer (3370 binary)
Found heuristic solution: objective -0.0107774

Root relaxation: objective -2.563836e+00, 1703 iterations, 0.04 seconds (0.06 work units)

    Nodes    |    Current Node    |     Objective Bounds      |     Work
 Expl Unexpl |  Obj  Depth IntInf | Incumbent    BestBd   Gap | It/Node Time

     0     0   -2.56384    0   51   -0.01078   -2.56384      -     -    0s
H    0     0                      -1.7006168   -2.56384  50.8%     -    0s
     0     0   -2.52236    0    5   -1.70062   -2.52236  48.3%     -    0s
H    0     0                      -2.3944176   -2.52236  5.34%     -    0s
     0     0   -2.52236    0    5   -2.39442   -2.52236  5.34%     -    0s
     0     0   -2.52236    0    5   -2.39442   -2.52236  5.34%     -    0s
H    0     0                      -2.3944177   -2.52236  5.34%     -    0s
     0     0   -2.52204    0   18   -2.39442   -2.52204  5.33%     -    0s
     0     0   -2.52204    0   18   -2.39442   -2.52204  5.33%     -    0s
     0     0   -2.52053    0   22   -2.39442   -2.52053  5.27%     -    0s
H    0     0                      -2.4514977   -2.52053  2.82%     -    0s

Cutting planes:
  Gomory: 4
  Implied bound: 5
  MIR: 14
  Flow cover: 3
  Zero half: 2
  RLT: 24

Explored 1 nodes (10474 simplex iterations) in 0.73 seconds (0.65 work units)
Thread count was 4 (of 4 available processors)

Solution count 4: -2.4515 -2.39442 -1.70062 -0.0107774 

Optimal solution found (tolerance 5.00e-02)
Best objective -2.451497697015e+00, best bound -2.520526545081e+00, gap 2.8158%
Gurobi Optimizer version 9.5.0 build v9.5.0rc5 (linux64)
Thread count: 2 physical cores, 4 logical processors, using up to 4 threads
Optimize a model with 22185 rows, 7472 columns and 63530 nonzeros
Model fingerprint: 0x32f60f72
Variable types: 1751 continuous, 5721 integer (5371 binary)
Coefficient statistics:
  Matrix range     [1e-02, 6e+05]
  Objective range  [5e-03, 1e+00]
  Bounds range     [1e+00, 1e+00]
  RHS range        [1e+00, 2e+05]

MIP start from previous solve did not produce a new incumbent solution
MIP start from previous solve violates constraint circular by 1.000000000

Presolve removed 19771 rows and 3429 columns
Presolve time: 0.12s
Presolved: 2414 rows, 4043 columns, 19679 nonzeros
Variable types: 675 continuous, 3368 integer (3368 binary)
Found heuristic solution: objective -0.0107774

Root relaxation: objective -1.746416e+00, 1970 iterations, 0.05 seconds (0.07 work units)

    Nodes    |    Current Node    |     Objective Bounds      |     Work
 Expl Unexpl |  Obj  Depth IntInf | Incumbent    BestBd   Gap | It/Node Time

     0     0   -1.74642    0   46   -0.01078   -1.74642      -     -    0s
H    0     0                      -1.7006168   -1.74642  2.69%     -    0s

Explored 1 nodes (4910 simplex iterations) in 0.26 seconds (0.28 work units)
Thread count was 4 (of 4 available processors)

Solution count 2: -1.70062 -0.0107774 

Optimal solution found (tolerance 5.00e-02)
Best objective -1.700616819618e+00, best bound -1.746415687458e+00, gap 2.6931%
Gurobi Optimizer version 9.5.0 build v9.5.0rc5 (linux64)
Thread count: 2 physical cores, 4 logical processors, using up to 4 threads
Optimize a model with 22186 rows, 7472 columns and 63531 nonzeros
Model fingerprint: 0x07a1552e
Variable types: 1751 continuous, 5721 integer (5371 binary)
Coefficient statistics:
  Matrix range     [1e-02, 6e+05]
  Objective range  [5e-03, 1e+00]
  Bounds range     [1e+00, 1e+00]
  RHS range        [1e+00, 2e+05]

MIP start from previous solve did not produce a new incumbent solution
MIP start from previous solve violates constraint circular by 1.000000000

Presolve removed 19771 rows and 3429 columns
Presolve time: 0.12s
Presolved: 2415 rows, 4043 columns, 19682 nonzeros
Variable types: 675 continuous, 3368 integer (3368 binary)
Found heuristic solution: objective -0.0107774

Root relaxation: objective -1.746416e+00, 2021 iterations, 0.05 seconds (0.07 work units)

    Nodes    |    Current Node    |     Objective Bounds      |     Work
 Expl Unexpl |  Obj  Depth IntInf | Incumbent    BestBd   Gap | It/Node Time

     0     0   -1.74642    0   46   -0.01078   -1.74642      -     -    0s
H    0     0                      -1.7006168   -1.74642  2.69%     -    0s

Explored 1 nodes (6251 simplex iterations) in 0.28 seconds (0.30 work units)
Thread count was 4 (of 4 available processors)

Solution count 2: -1.70062 -0.0107774 

Optimal solution found (tolerance 5.00e-02)
Best objective -1.700616819618e+00, best bound -1.746415687458e+00, gap 2.6931%

Gurobi 9.5.0 (linux64) logging started Thu Feb  3 10:50:20 2022

Set parameter LogFile to value "/home/aniket/PhD/Plasmids-Optimization/exp/2021-06-14__iterative_MILP_edge_novelty/output/sample_116/1.1.1/nplasmids_1/MILP/m.log"
Set parameter TimeLimit to value 240
Set parameter MIPGap to value 0.05
Gurobi Optimizer version 9.5.0 build v9.5.0rc5 (linux64)
Thread count: 2 physical cores, 4 logical processors, using up to 4 threads
Optimize a model with 21969 rows, 7400 columns and 62782 nonzeros
Model fingerprint: 0x7e8d5823
Variable types: 1741 continuous, 5659 integer (5311 binary)
Coefficient statistics:
  Matrix range     [1e-02, 6e+05]
  Objective range  [5e-03, 1e+00]
  Bounds range     [1e+00, 1e+00]
  RHS range        [1e+00, 2e+05]
Presolve removed 19565 rows and 3363 columns
Presolve time: 0.12s
Presolved: 2404 rows, 4037 columns, 19594 nonzeros
Variable types: 671 continuous, 3366 integer (3366 binary)
Found heuristic solution: objective -0.0107774

Root relaxation: objective -2.563836e+00, 2249 iterations, 0.05 seconds (0.07 work units)

    Nodes    |    Current Node    |     Objective Bounds      |     Work
 Expl Unexpl |  Obj  Depth IntInf | Incumbent    BestBd   Gap | It/Node Time

     0     0   -2.56384    0   47   -0.01078   -2.56384      -     -    0s
H    0     0                      -1.7006168   -2.56384  50.8%     -    0s
     0     0   -2.52236    0    5   -1.70062   -2.52236  48.3%     -    0s
H    0     0                      -2.3944170   -2.52236  5.34%     -    0s
     0     0   -2.52236    0    5   -2.39442   -2.52236  5.34%     -    0s
     0     0   -2.52236    0    5   -2.39442   -2.52236  5.34%     -    0s
H    0     0                      -2.4514977   -2.52236  2.89%     -    0s

Cutting planes:
  Gomory: 9
  Implied bound: 2
  MIR: 28
  Flow cover: 27
  Zero half: 2
  RLT: 19

Explored 1 nodes (4595 simplex iterations) in 0.42 seconds (0.39 work units)
Thread count was 4 (of 4 available processors)

Solution count 4: -2.4515 -2.39442 -1.70062 -0.0107774 

Optimal solution found (tolerance 5.00e-02)
Best objective -2.451497697015e+00, best bound -2.522358026048e+00, gap 2.8905%
Gurobi Optimizer version 9.5.0 build v9.5.0rc5 (linux64)
Thread count: 2 physical cores, 4 logical processors, using up to 4 threads
Optimize a model with 21971 rows, 7400 columns and 62784 nonzeros
Model fingerprint: 0x21d7050d
Variable types: 1741 continuous, 5659 integer (5311 binary)
Coefficient statistics:
  Matrix range     [1e-02, 6e+05]
  Objective range  [5e-03, 1e+00]
  Bounds range     [1e+00, 1e+00]
  RHS range        [1e+00, 2e+05]

MIP start from previous solve did not produce a new incumbent solution
MIP start from previous solve violates constraint circular by 1.000000000

Presolve removed 19569 rows and 3365 columns
Presolve time: 0.14s
Presolved: 2402 rows, 4035 columns, 19587 nonzeros
Variable types: 671 continuous, 3364 integer (3364 binary)
Found heuristic solution: objective -0.0107774

Root relaxation: objective -1.746416e+00, 1883 iterations, 0.05 seconds (0.06 work units)

    Nodes    |    Current Node    |     Objective Bounds      |     Work
 Expl Unexpl |  Obj  Depth IntInf | Incumbent    BestBd   Gap | It/Node Time

     0     0   -1.74642    0   46   -0.01078   -1.74642      -     -    0s
H    0     0                      -1.7006168   -1.74642  2.69%     -    0s

Explored 1 nodes (4666 simplex iterations) in 0.28 seconds (0.27 work units)
Thread count was 4 (of 4 available processors)

Solution count 2: -1.70062 -0.0107774 

Optimal solution found (tolerance 5.00e-02)
Best objective -1.700616819618e+00, best bound -1.746415687458e+00, gap 2.6931%
Gurobi Optimizer version 9.5.0 build v9.5.0rc5 (linux64)
Thread count: 2 physical cores, 4 logical processors, using up to 4 threads
Optimize a model with 21972 rows, 7400 columns and 62785 nonzeros
Model fingerprint: 0x792b14e3
Variable types: 1741 continuous, 5659 integer (5311 binary)
Coefficient statistics:
  Matrix range     [1e-02, 6e+05]
  Objective range  [5e-03, 1e+00]
  Bounds range     [1e+00, 1e+00]
  RHS range        [1e+00, 2e+05]

MIP start from previous solve did not produce a new incumbent solution
MIP start from previous solve violates constraint circular by 1.000000000

Presolve removed 19569 rows and 3365 columns
Presolve time: 0.13s
Presolved: 2403 rows, 4035 columns, 19590 nonzeros
Variable types: 671 continuous, 3364 integer (3364 binary)
Found heuristic solution: objective -0.0107774

Root relaxation: objective -1.746416e+00, 1895 iterations, 0.05 seconds (0.06 work units)

    Nodes    |    Current Node    |     Objective Bounds      |     Work
 Expl Unexpl |  Obj  Depth IntInf | Incumbent    BestBd   Gap | It/Node Time

     0     0   -1.74642    0   46   -0.01078   -1.74642      -     -    0s
H    0     0                      -1.7006168   -1.74642  2.69%     -    0s

Explored 1 nodes (4566 simplex iterations) in 0.27 seconds (0.27 work units)
Thread count was 4 (of 4 available processors)

Solution count 2: -1.70062 -0.0107774 

Optimal solution found (tolerance 5.00e-02)
Best objective -1.700616819618e+00, best bound -1.746415687458e+00, gap 2.6931%

Gurobi 9.5.0 (linux64) logging started Thu Feb  3 10:50:21 2022

Set parameter LogFile to value "/home/aniket/PhD/Plasmids-Optimization/exp/2021-06-14__iterative_MILP_edge_novelty/output/sample_116/1.1.1/nplasmids_1/MILP/m.log"
Set parameter TimeLimit to value 240
Set parameter MIPGap to value 0.05
Gurobi Optimizer version 9.5.0 build v9.5.0rc5 (linux64)
Thread count: 2 physical cores, 4 logical processors, using up to 4 threads
Optimize a model with 21779 rows, 7336 columns and 62140 nonzeros
Model fingerprint: 0x141b4d43
Variable types: 1731 continuous, 5605 integer (5259 binary)
Coefficient statistics:
  Matrix range     [1e-02, 6e+05]
  Objective range  [5e-03, 1e+00]
  Bounds range     [1e+00, 1e+00]
  RHS range        [1e+00, 2e+05]
Presolve removed 19387 rows and 3307 columns
Presolve time: 0.12s
Presolved: 2392 rows, 4029 columns, 19502 nonzeros
Variable types: 667 continuous, 3362 integer (3362 binary)
Found heuristic solution: objective -0.0107774

Root relaxation: objective -2.563836e+00, 2089 iterations, 0.05 seconds (0.08 work units)

    Nodes    |    Current Node    |     Objective Bounds      |     Work
 Expl Unexpl |  Obj  Depth IntInf | Incumbent    BestBd   Gap | It/Node Time

     0     0   -2.56384    0   47   -0.01078   -2.56384      -     -    0s
H    0     0                      -1.7006168   -2.56384  50.8%     -    0s
     0     0   -2.52236    0    5   -1.70062   -2.52236  48.3%     -    0s
H    0     0                      -2.3944170   -2.52236  5.34%     -    0s
     0     0   -2.52236    0    5   -2.39442   -2.52236  5.34%     -    0s
     0     0   -2.52236    0    5   -2.39442   -2.52236  5.34%     -    0s
H    0     0                      -2.4514977   -2.52236  2.89%     -    0s

Explored 1 nodes (5701 simplex iterations) in 0.64 seconds (0.50 work units)
Thread count was 4 (of 4 available processors)

Solution count 4: -2.4515 -2.39442 -1.70062 -0.0107774 

Optimal solution found (tolerance 5.00e-02)
Best objective -2.451497697015e+00, best bound -2.522358026048e+00, gap 2.8905%
Gurobi Optimizer version 9.5.0 build v9.5.0rc5 (linux64)
Thread count: 2 physical cores, 4 logical processors, using up to 4 threads
Optimize a model with 21781 rows, 7336 columns and 62142 nonzeros
Model fingerprint: 0xf67573ec
Variable types: 1731 continuous, 5605 integer (5259 binary)
Coefficient statistics:
  Matrix range     [1e-02, 6e+05]
  Objective range  [5e-03, 1e+00]
  Bounds range     [1e+00, 1e+00]
  RHS range        [1e+00, 2e+05]

MIP start from previous solve did not produce a new incumbent solution
MIP start from previous solve violates constraint circular by 1.000000000

Presolve removed 19391 rows and 3309 columns
Presolve time: 0.14s
Presolved: 2390 rows, 4027 columns, 19495 nonzeros
Variable types: 667 continuous, 3360 integer (3360 binary)
Found heuristic solution: objective -0.0107774

Root relaxation: objective -1.746416e+00, 1661 iterations, 0.04 seconds (0.05 work units)

    Nodes    |    Current Node    |     Objective Bounds      |     Work
 Expl Unexpl |  Obj  Depth IntInf | Incumbent    BestBd   Gap | It/Node Time

     0     0   -1.74642    0   46   -0.01078   -1.74642      -     -    0s
H    0     0                      -1.7006168   -1.74642  2.69%     -    0s

Explored 1 nodes (5825 simplex iterations) in 0.30 seconds (0.27 work units)
Thread count was 4 (of 4 available processors)

Solution count 2: -1.70062 -0.0107774 

Optimal solution found (tolerance 5.00e-02)
Best objective -1.700616819618e+00, best bound -1.746415687458e+00, gap 2.6931%
Gurobi Optimizer version 9.5.0 build v9.5.0rc5 (linux64)
Thread count: 2 physical cores, 4 logical processors, using up to 4 threads
Optimize a model with 21782 rows, 7336 columns and 62143 nonzeros
Model fingerprint: 0x207627ca
Variable types: 1731 continuous, 5605 integer (5259 binary)
Coefficient statistics:
  Matrix range     [1e-02, 6e+05]
  Objective range  [5e-03, 1e+00]
  Bounds range     [1e+00, 1e+00]
  RHS range        [1e+00, 2e+05]

MIP start from previous solve did not produce a new incumbent solution
MIP start from previous solve violates constraint circular by 1.000000000

Presolve removed 19391 rows and 3309 columns
Presolve time: 0.14s
Presolved: 2391 rows, 4027 columns, 19498 nonzeros
Variable types: 667 continuous, 3360 integer (3360 binary)
Found heuristic solution: objective -0.0107774

Root relaxation: objective -1.746416e+00, 1660 iterations, 0.05 seconds (0.05 work units)

    Nodes    |    Current Node    |     Objective Bounds      |     Work
 Expl Unexpl |  Obj  Depth IntInf | Incumbent    BestBd   Gap | It/Node Time

     0     0   -1.74642    0   46   -0.01078   -1.74642      -     -    0s
H    0     0                      -1.7006168   -1.74642  2.69%     -    0s

Explored 1 nodes (4503 simplex iterations) in 0.30 seconds (0.26 work units)
Thread count was 4 (of 4 available processors)

Solution count 2: -1.70062 -0.0107774 

Optimal solution found (tolerance 5.00e-02)
Best objective -1.700616819618e+00, best bound -1.746415687458e+00, gap 2.6931%

Gurobi 9.5.0 (linux64) logging started Thu Feb  3 10:50:23 2022

Set parameter LogFile to value "/home/aniket/PhD/Plasmids-Optimization/exp/2021-06-14__iterative_MILP_edge_novelty/output/sample_116/1.1.1/nplasmids_1/MILP/m.log"
Set parameter TimeLimit to value 240
Set parameter MIPGap to value 0.05
Gurobi Optimizer version 9.5.0 build v9.5.0rc5 (linux64)
Thread count: 2 physical cores, 4 logical processors, using up to 4 threads
Optimize a model with 21613 rows, 7280 columns and 61602 nonzeros
Model fingerprint: 0x81627474
Variable types: 1721 continuous, 5559 integer (5215 binary)
Coefficient statistics:
  Matrix range     [1e-02, 6e+05]
  Objective range  [5e-03, 1e+00]
  Bounds range     [1e+00, 1e+00]
  RHS range        [1e+00, 2e+05]
Presolve removed 19233 rows and 3259 columns
Presolve time: 0.13s
Presolved: 2380 rows, 4021 columns, 19410 nonzeros
Variable types: 663 continuous, 3358 integer (3358 binary)
Found heuristic solution: objective -0.0107774

Root relaxation: objective -2.563836e+00, 2240 iterations, 0.05 seconds (0.08 work units)

    Nodes    |    Current Node    |     Objective Bounds      |     Work
 Expl Unexpl |  Obj  Depth IntInf | Incumbent    BestBd   Gap | It/Node Time

     0     0   -2.56384    0   47   -0.01078   -2.56384      -     -    0s
H    0     0                      -1.7006168   -2.56384  50.8%     -    0s
     0     0   -2.52236    0    5   -1.70062   -2.52236  48.3%     -    0s
H    0     0                      -2.4514977   -2.52236  2.89%     -    0s

Cutting planes:
  Gomory: 3
  MIR: 22
  Flow cover: 23
  Zero half: 2
  RLT: 20

Explored 1 nodes (5907 simplex iterations) in 0.40 seconds (0.36 work units)
Thread count was 4 (of 4 available processors)

Solution count 3: -2.4515 -1.70062 -0.0107774 

Optimal solution found (tolerance 5.00e-02)
Best objective -2.451497697015e+00, best bound -2.522358026048e+00, gap 2.8905%
Gurobi Optimizer version 9.5.0 build v9.5.0rc5 (linux64)
Thread count: 2 physical cores, 4 logical processors, using up to 4 threads
Optimize a model with 21615 rows, 7280 columns and 61604 nonzeros
Model fingerprint: 0xb3e6e7d8
Variable types: 1721 continuous, 5559 integer (5215 binary)
Coefficient statistics:
  Matrix range     [1e-02, 6e+05]
  Objective range  [5e-03, 1e+00]
  Bounds range     [1e+00, 1e+00]
  RHS range        [1e+00, 2e+05]

MIP start from previous solve did not produce a new incumbent solution
MIP start from previous solve violates constraint circular by 1.000000000

Presolve removed 19237 rows and 3261 columns
Presolve time: 0.13s
Presolved: 2378 rows, 4019 columns, 19403 nonzeros
Variable types: 663 continuous, 3356 integer (3356 binary)
Found heuristic solution: objective -0.0107774

Root relaxation: objective -1.746416e+00, 1659 iterations, 0.04 seconds (0.06 work units)

    Nodes    |    Current Node    |     Objective Bounds      |     Work
 Expl Unexpl |  Obj  Depth IntInf | Incumbent    BestBd   Gap | It/Node Time

     0     0   -1.74642    0   46   -0.01078   -1.74642      -     -    0s
H    0     0                      -1.7006168   -1.74642  2.69%     -    0s

Explored 1 nodes (4683 simplex iterations) in 0.26 seconds (0.27 work units)
Thread count was 4 (of 4 available processors)

Solution count 2: -1.70062 -0.0107774 

Optimal solution found (tolerance 5.00e-02)
Best objective -1.700616819618e+00, best bound -1.746415687458e+00, gap 2.6931%
Gurobi Optimizer version 9.5.0 build v9.5.0rc5 (linux64)
Thread count: 2 physical cores, 4 logical processors, using up to 4 threads
Optimize a model with 21616 rows, 7280 columns and 61605 nonzeros
Model fingerprint: 0x617576e0
Variable types: 1721 continuous, 5559 integer (5215 binary)
Coefficient statistics:
  Matrix range     [1e-02, 6e+05]
  Objective range  [5e-03, 1e+00]
  Bounds range     [1e+00, 1e+00]
  RHS range        [1e+00, 2e+05]

MIP start from previous solve did not produce a new incumbent solution
MIP start from previous solve violates constraint circular by 1.000000000

Presolve removed 19237 rows and 3261 columns
Presolve time: 0.12s
Presolved: 2379 rows, 4019 columns, 19406 nonzeros
Variable types: 663 continuous, 3356 integer (3356 binary)
Found heuristic solution: objective -0.0107774

Root relaxation: objective -1.746416e+00, 1651 iterations, 0.04 seconds (0.06 work units)

    Nodes    |    Current Node    |     Objective Bounds      |     Work
 Expl Unexpl |  Obj  Depth IntInf | Incumbent    BestBd   Gap | It/Node Time

     0     0   -1.74642    0   46   -0.01078   -1.74642      -     -    0s
H    0     0                      -1.7006168   -1.74642  2.69%     -    0s

Explored 1 nodes (4628 simplex iterations) in 0.26 seconds (0.27 work units)
Thread count was 4 (of 4 available processors)

Solution count 2: -1.70062 -0.0107774 

Optimal solution found (tolerance 5.00e-02)
Best objective -1.700616819618e+00, best bound -1.746415687458e+00, gap 2.6931%

Gurobi 9.5.0 (linux64) logging started Thu Feb  3 10:50:24 2022

Set parameter LogFile to value "/home/aniket/PhD/Plasmids-Optimization/exp/2021-06-14__iterative_MILP_edge_novelty/output/sample_116/1.1.1/nplasmids_1/MILP/m.log"
Set parameter TimeLimit to value 240
Set parameter MIPGap to value 0.05
Gurobi Optimizer version 9.5.0 build v9.5.0rc5 (linux64)
Thread count: 2 physical cores, 4 logical processors, using up to 4 threads
Optimize a model with 21471 rows, 7232 columns and 61168 nonzeros
Model fingerprint: 0xb4ee8c8a
Variable types: 1711 continuous, 5521 integer (5179 binary)
Coefficient statistics:
  Matrix range     [1e-02, 6e+05]
  Objective range  [5e-03, 1e+00]
  Bounds range     [1e+00, 1e+00]
  RHS range        [1e+00, 2e+05]
Presolve removed 19103 rows and 3219 columns
Presolve time: 0.13s
Presolved: 2368 rows, 4013 columns, 19318 nonzeros
Variable types: 659 continuous, 3354 integer (3354 binary)
Found heuristic solution: objective -0.0107774

Root relaxation: objective -2.563836e+00, 1663 iterations, 0.05 seconds (0.07 work units)

    Nodes    |    Current Node    |     Objective Bounds      |     Work
 Expl Unexpl |  Obj  Depth IntInf | Incumbent    BestBd   Gap | It/Node Time

     0     0   -2.56384    0   47   -0.01078   -2.56384      -     -    0s
H    0     0                      -1.7006168   -2.56384  50.8%     -    0s
     0     0   -2.52236    0    5   -1.70062   -2.52236  48.3%     -    0s
H    0     0                      -2.4514977   -2.52236  2.89%     -    0s

Cutting planes:
  Gomory: 4
  MIR: 22
  Flow cover: 23
  Zero half: 2
  RLT: 20

Explored 1 nodes (3736 simplex iterations) in 0.36 seconds (0.33 work units)
Thread count was 4 (of 4 available processors)

Solution count 3: -2.4515 -1.70062 -0.0107774 

Optimal solution found (tolerance 5.00e-02)
Best objective -2.451497697015e+00, best bound -2.522358026048e+00, gap 2.8905%
Gurobi Optimizer version 9.5.0 build v9.5.0rc5 (linux64)
Thread count: 2 physical cores, 4 logical processors, using up to 4 threads
Optimize a model with 21473 rows, 7232 columns and 61170 nonzeros
Model fingerprint: 0xb022715c
Variable types: 1711 continuous, 5521 integer (5179 binary)
Coefficient statistics:
  Matrix range     [1e-02, 6e+05]
  Objective range  [5e-03, 1e+00]
  Bounds range     [1e+00, 1e+00]
  RHS range        [1e+00, 2e+05]

MIP start from previous solve did not produce a new incumbent solution
MIP start from previous solve violates constraint circular by 1.000000000

Presolve removed 19107 rows and 3221 columns
Presolve time: 0.12s
Presolved: 2366 rows, 4011 columns, 19311 nonzeros
Variable types: 659 continuous, 3352 integer (3352 binary)
Found heuristic solution: objective -0.0107774

Root relaxation: objective -1.746416e+00, 1862 iterations, 0.04 seconds (0.06 work units)

    Nodes    |    Current Node    |     Objective Bounds      |     Work
 Expl Unexpl |  Obj  Depth IntInf | Incumbent    BestBd   Gap | It/Node Time

     0     0   -1.74642    0   46   -0.01078   -1.74642      -     -    0s
H    0     0                      -1.7006168   -1.74642  2.69%     -    0s

Explored 1 nodes (4492 simplex iterations) in 0.25 seconds (0.26 work units)
Thread count was 4 (of 4 available processors)

Solution count 2: -1.70062 -0.0107774 

Optimal solution found (tolerance 5.00e-02)
Best objective -1.700616819618e+00, best bound -1.746415687458e+00, gap 2.6931%
Gurobi Optimizer version 9.5.0 build v9.5.0rc5 (linux64)
Thread count: 2 physical cores, 4 logical processors, using up to 4 threads
Optimize a model with 21474 rows, 7232 columns and 61171 nonzeros
Model fingerprint: 0xab0c489c
Variable types: 1711 continuous, 5521 integer (5179 binary)
Coefficient statistics:
  Matrix range     [1e-02, 6e+05]
  Objective range  [5e-03, 1e+00]
  Bounds range     [1e+00, 1e+00]
  RHS range        [1e+00, 2e+05]

MIP start from previous solve did not produce a new incumbent solution
MIP start from previous solve violates constraint circular by 1.000000000

Presolve removed 19107 rows and 3221 columns
Presolve time: 0.12s
Presolved: 2367 rows, 4011 columns, 19314 nonzeros
Variable types: 659 continuous, 3352 integer (3352 binary)
Found heuristic solution: objective -0.0107774

Root relaxation: objective -1.746416e+00, 2086 iterations, 0.06 seconds (0.07 work units)

    Nodes    |    Current Node    |     Objective Bounds      |     Work
 Expl Unexpl |  Obj  Depth IntInf | Incumbent    BestBd   Gap | It/Node Time

     0     0   -1.74642    0   46   -0.01078   -1.74642      -     -    0s
H    0     0                      -1.7006168   -1.74642  2.69%     -    0s

Explored 1 nodes (4420 simplex iterations) in 0.25 seconds (0.27 work units)
Thread count was 4 (of 4 available processors)

Solution count 2: -1.70062 -0.0107774 

Optimal solution found (tolerance 5.00e-02)
Best objective -1.700616819618e+00, best bound -1.746415687458e+00, gap 2.6931%

Gurobi 9.5.0 (linux64) logging started Thu Feb  3 10:50:25 2022

Set parameter LogFile to value "/home/aniket/PhD/Plasmids-Optimization/exp/2021-06-14__iterative_MILP_edge_novelty/output/sample_116/1.1.1/nplasmids_1/MILP/m.log"
Set parameter TimeLimit to value 240
Set parameter MIPGap to value 0.05
Gurobi Optimizer version 9.5.0 build v9.5.0rc5 (linux64)
Thread count: 2 physical cores, 4 logical processors, using up to 4 threads
Optimize a model with 21353 rows, 7192 columns and 60838 nonzeros
Model fingerprint: 0x7b692892
Variable types: 1701 continuous, 5491 integer (5151 binary)
Coefficient statistics:
  Matrix range     [1e-02, 6e+05]
  Objective range  [5e-03, 1e+00]
  Bounds range     [1e+00, 1e+00]
  RHS range        [1e+00, 2e+05]
Presolve removed 18997 rows and 3187 columns
Presolve time: 0.13s
Presolved: 2356 rows, 4005 columns, 19226 nonzeros
Variable types: 655 continuous, 3350 integer (3350 binary)
Found heuristic solution: objective -0.0107774

Root relaxation: objective -2.563836e+00, 1502 iterations, 0.05 seconds (0.06 work units)

    Nodes    |    Current Node    |     Objective Bounds      |     Work
 Expl Unexpl |  Obj  Depth IntInf | Incumbent    BestBd   Gap | It/Node Time

     0     0   -2.56384    0   47   -0.01078   -2.56384      -     -    0s
H    0     0                      -1.7006168   -2.56384  50.8%     -    0s
     0     0   -2.51816    0    7   -1.70062   -2.51816  48.1%     -    0s
H    0     0                      -2.4514977   -2.51816  2.72%     -    0s

Cutting planes:
  Gomory: 2
  MIR: 4
  Flow cover: 22
  Zero half: 2
  RLT: 19

Explored 1 nodes (4440 simplex iterations) in 0.40 seconds (0.34 work units)
Thread count was 4 (of 4 available processors)

Solution count 3: -2.4515 -1.70062 -0.0107774 

Optimal solution found (tolerance 5.00e-02)
Best objective -2.451497697015e+00, best bound -2.518163619844e+00, gap 2.7194%
Gurobi Optimizer version 9.5.0 build v9.5.0rc5 (linux64)
Thread count: 2 physical cores, 4 logical processors, using up to 4 threads
Optimize a model with 21355 rows, 7192 columns and 60840 nonzeros
Model fingerprint: 0x39faa7dc
Variable types: 1701 continuous, 5491 integer (5151 binary)
Coefficient statistics:
  Matrix range     [1e-02, 6e+05]
  Objective range  [5e-03, 1e+00]
  Bounds range     [1e+00, 1e+00]
  RHS range        [1e+00, 2e+05]

MIP start from previous solve did not produce a new incumbent solution
MIP start from previous solve violates constraint circular by 1.000000000

Presolve removed 19001 rows and 3189 columns
Presolve time: 0.13s
Presolved: 2354 rows, 4003 columns, 19219 nonzeros
Variable types: 655 continuous, 3348 integer (3348 binary)
Found heuristic solution: objective -0.0107774

Root relaxation: objective -1.746416e+00, 1722 iterations, 0.05 seconds (0.06 work units)

    Nodes    |    Current Node    |     Objective Bounds      |     Work
 Expl Unexpl |  Obj  Depth IntInf | Incumbent    BestBd   Gap | It/Node Time

     0     0   -1.74642    0   46   -0.01078   -1.74642      -     -    0s
H    0     0                      -1.7006168   -1.74642  2.69%     -    0s

Explored 1 nodes (4668 simplex iterations) in 0.27 seconds (0.26 work units)
Thread count was 4 (of 4 available processors)

Solution count 2: -1.70062 -0.0107774 

Optimal solution found (tolerance 5.00e-02)
Best objective -1.700616819618e+00, best bound -1.746415687458e+00, gap 2.6931%
Gurobi Optimizer version 9.5.0 build v9.5.0rc5 (linux64)
Thread count: 2 physical cores, 4 logical processors, using up to 4 threads
Optimize a model with 21356 rows, 7192 columns and 60841 nonzeros
Model fingerprint: 0xc781b7c1
Variable types: 1701 continuous, 5491 integer (5151 binary)
Coefficient statistics:
  Matrix range     [1e-02, 6e+05]
  Objective range  [5e-03, 1e+00]
  Bounds range     [1e+00, 1e+00]
  RHS range        [1e+00, 2e+05]

MIP start from previous solve did not produce a new incumbent solution
MIP start from previous solve violates constraint circular by 1.000000000

Presolve removed 19001 rows and 3189 columns
Presolve time: 0.12s
Presolved: 2355 rows, 4003 columns, 19222 nonzeros
Variable types: 655 continuous, 3348 integer (3348 binary)
Found heuristic solution: objective -0.0107774

Root relaxation: objective -1.745459e+00, 1779 iterations, 0.05 seconds (0.06 work units)

    Nodes    |    Current Node    |     Objective Bounds      |     Work
 Expl Unexpl |  Obj  Depth IntInf | Incumbent    BestBd   Gap | It/Node Time

     0     0   -1.74546    0   48   -0.01078   -1.74546      -     -    0s
H    0     0                      -1.7006168   -1.74546  2.64%     -    0s

Explored 1 nodes (4868 simplex iterations) in 0.27 seconds (0.27 work units)
Thread count was 4 (of 4 available processors)

Solution count 2: -1.70062 -0.0107774 

Optimal solution found (tolerance 5.00e-02)
Best objective -1.700616819618e+00, best bound -1.745458792697e+00, gap 2.6368%

Gurobi 9.5.0 (linux64) logging started Thu Feb  3 10:50:26 2022

Set parameter LogFile to value "/home/aniket/PhD/Plasmids-Optimization/exp/2021-06-14__iterative_MILP_edge_novelty/output/sample_116/1.1.1/nplasmids_1/MILP/m.log"
Set parameter TimeLimit to value 240
Set parameter MIPGap to value 0.05
Gurobi Optimizer version 9.5.0 build v9.5.0rc5 (linux64)
Thread count: 2 physical cores, 4 logical processors, using up to 4 threads
Optimize a model with 21259 rows, 7160 columns and 60612 nonzeros
Model fingerprint: 0xb9417636
Variable types: 1691 continuous, 5469 integer (5131 binary)
Coefficient statistics:
  Matrix range     [1e-02, 6e+05]
  Objective range  [5e-03, 1e+00]
  Bounds range     [1e+00, 1e+00]
  RHS range        [1e+00, 2e+05]
Presolve removed 18916 rows and 3163 columns
Presolve time: 0.20s
Presolved: 2343 rows, 3997 columns, 19127 nonzeros
Variable types: 651 continuous, 3346 integer (3346 binary)
Found heuristic solution: objective -0.0107774

Root relaxation: objective -2.494598e+00, 1217 iterations, 0.06 seconds (0.07 work units)

    Nodes    |    Current Node    |     Objective Bounds      |     Work
 Expl Unexpl |  Obj  Depth IntInf | Incumbent    BestBd   Gap | It/Node Time

     0     0   -2.49460    0   42   -0.01078   -2.49460      -     -    0s
H    0     0                      -1.5984904   -2.49460  56.1%     -    0s
     0     0   -2.48921    0   38   -1.59849   -2.48921  55.7%     -    0s
H    0     0                      -2.4514977   -2.48921  1.54%     -    0s

Cutting planes:
  Gomory: 3
  MIR: 20
  Flow cover: 21
  Zero half: 2
  RLT: 19

Explored 1 nodes (3905 simplex iterations) in 0.51 seconds (0.36 work units)
Thread count was 4 (of 4 available processors)

Solution count 3: -2.4515 -1.59849 -0.0107774 

Optimal solution found (tolerance 5.00e-02)
Best objective -2.451497697015e+00, best bound -2.489208958339e+00, gap 1.5383%
Gurobi Optimizer version 9.5.0 build v9.5.0rc5 (linux64)
Thread count: 2 physical cores, 4 logical processors, using up to 4 threads
Optimize a model with 21261 rows, 7160 columns and 60614 nonzeros
Model fingerprint: 0x6f93a859
Variable types: 1691 continuous, 5469 integer (5131 binary)
Coefficient statistics:
  Matrix range     [1e-02, 6e+05]
  Objective range  [5e-03, 1e+00]
  Bounds range     [1e+00, 1e+00]
  RHS range        [1e+00, 2e+05]

MIP start from previous solve did not produce a new incumbent solution
MIP start from previous solve violates constraint circular by 1.000000000

Presolve removed 18920 rows and 3165 columns
Presolve time: 0.12s
Presolved: 2341 rows, 3995 columns, 19121 nonzeros
Variable types: 651 continuous, 3344 integer (3344 binary)
Found heuristic solution: objective -0.0107774

Root relaxation: objective -8.961073e-01, 1642 iterations, 0.05 seconds (0.08 work units)

    Nodes    |    Current Node    |     Objective Bounds      |     Work
 Expl Unexpl |  Obj  Depth IntInf | Incumbent    BestBd   Gap | It/Node Time

     0     0   -0.89611    0   42   -0.01078   -0.89611  8215%     -    0s
H    0     0                      -0.8907186   -0.89611  0.60%     -    0s
     0     0   -0.89611    0   42   -0.89072   -0.89611  0.60%     -    0s

Explored 1 nodes (4055 simplex iterations) in 0.25 seconds (0.26 work units)
Thread count was 4 (of 4 available processors)

Solution count 2: -0.890719 -0.0107774 

Optimal solution found (tolerance 5.00e-02)
Best objective -8.907185628743e-01, best bound -8.907185628743e-01, gap 0.0000%

Gurobi 9.5.0 (linux64) logging started Thu Feb  3 10:50:28 2022

Set parameter LogFile to value "/home/aniket/PhD/Plasmids-Optimization/exp/2021-06-14__iterative_MILP_edge_novelty/output/sample_116/1.1.1/nplasmids_1/MILP/m.log"
Set parameter TimeLimit to value 240
Set parameter MIPGap to value 0.05
Gurobi Optimizer version 9.5.0 build v9.5.0rc5 (linux64)
Thread count: 2 physical cores, 4 logical processors, using up to 4 threads
Optimize a model with 21194 rows, 7138 columns and 60421 nonzeros
Model fingerprint: 0xa864c51f
Variable types: 1686 continuous, 5452 integer (5115 binary)
Coefficient statistics:
  Matrix range     [1e-02, 6e+05]
  Objective range  [5e-03, 1e+00]
  Bounds range     [1e+00, 1e+00]
  RHS range        [1e+00, 2e+05]
Presolve removed 18873 rows and 3164 columns
Presolve time: 0.11s
Presolved: 2321 rows, 3974 columns, 18574 nonzeros
Variable types: 645 continuous, 3329 integer (3329 binary)
Found heuristic solution: objective -0.0107774

Root relaxation: objective -1.612300e+00, 1023 iterations, 0.05 seconds (0.08 work units)

    Nodes    |    Current Node    |     Objective Bounds      |     Work
 Expl Unexpl |  Obj  Depth IntInf | Incumbent    BestBd   Gap | It/Node Time

     0     0   -1.61230    0   47   -0.01078   -1.61230      -     -    0s
H    0     0                      -0.8503084   -1.61230  89.6%     -    0s
H    0     0                      -1.5789488   -1.61230  2.11%     -    0s

Explored 1 nodes (2797 simplex iterations) in 0.24 seconds (0.26 work units)
Thread count was 4 (of 4 available processors)

Solution count 3: -1.57895 -0.850308 -0.0107774 

Optimal solution found (tolerance 5.00e-02)
Best objective -1.578948844005e+00, best bound -1.612299634710e+00, gap 2.1122%
Gurobi Optimizer version 9.5.0 build v9.5.0rc5 (linux64)
Thread count: 2 physical cores, 4 logical processors, using up to 4 threads
Optimize a model with 21196 rows, 7138 columns and 60423 nonzeros
Model fingerprint: 0x30d70e79
Variable types: 1686 continuous, 5452 integer (5115 binary)
Coefficient statistics:
  Matrix range     [1e-02, 6e+05]
  Objective range  [5e-03, 1e+00]
  Bounds range     [1e+00, 1e+00]
  RHS range        [1e+00, 2e+05]

MIP start from previous solve did not produce a new incumbent solution
MIP start from previous solve violates constraint circular by 1.000000000

Presolve removed 18877 rows and 3166 columns
Presolve time: 0.11s
Presolved: 2319 rows, 3972 columns, 18568 nonzeros
Variable types: 645 continuous, 3327 integer (3327 binary)
Found heuristic solution: objective -0.0107774

Root relaxation: objective -8.556971e-01, 1277 iterations, 0.04 seconds (0.06 work units)

    Nodes    |    Current Node    |     Objective Bounds      |     Work
 Expl Unexpl |  Obj  Depth IntInf | Incumbent    BestBd   Gap | It/Node Time

     0     0   -0.85570    0   42   -0.01078   -0.85570  7840%     -    0s
H    0     0                      -0.8503084   -0.85570  0.63%     -    0s
     0     0   -0.85570    0   42   -0.85031   -0.85570  0.63%     -    0s

Explored 1 nodes (4186 simplex iterations) in 0.26 seconds (0.24 work units)
Thread count was 4 (of 4 available processors)

Solution count 2: -0.850308 -0.0107774 

Optimal solution found (tolerance 5.00e-02)
Best objective -8.503084098089e-01, best bound -8.503084098089e-01, gap 0.0000%

Gurobi 9.5.0 (linux64) logging started Thu Feb  3 10:50:29 2022

Set parameter LogFile to value "/home/aniket/PhD/Plasmids-Optimization/exp/2021-06-14__iterative_MILP_edge_novelty/output/sample_116/1.1.1/nplasmids_1/MILP/m.log"
Set parameter TimeLimit to value 240
Set parameter MIPGap to value 0.05
Gurobi Optimizer version 9.5.0 build v9.5.0rc5 (linux64)
Thread count: 2 physical cores, 4 logical processors, using up to 4 threads
Optimize a model with 21156 rows, 7125 columns and 60347 nonzeros
Model fingerprint: 0x676bb61a
Variable types: 1681 continuous, 5444 integer (5108 binary)
Coefficient statistics:
  Matrix range     [1e-02, 6e+05]
  Objective range  [5e-03, 1e+00]
  Bounds range     [1e+00, 1e+00]
  RHS range        [1e+00, 2e+05]
Presolve removed 18868 rows and 3188 columns
Presolve time: 0.12s
Presolved: 2288 rows, 3937 columns, 18204 nonzeros
Variable types: 637 continuous, 3300 integer (3300 binary)
Found heuristic solution: objective -0.0107774

Root relaxation: objective -8.359166e-01, 1199 iterations, 0.06 seconds (0.09 work units)

    Nodes    |    Current Node    |     Objective Bounds      |     Work
 Expl Unexpl |  Obj  Depth IntInf | Incumbent    BestBd   Gap | It/Node Time

     0     0   -0.83592    0   47   -0.01078   -0.83592  7656%     -    0s
H    0     0                      -0.8217412   -0.83592  1.73%     -    0s
     0     0   -0.83592    0   47   -0.82174   -0.83592  1.73%     -    0s

Explored 1 nodes (2935 simplex iterations) in 0.25 seconds (0.27 work units)
Thread count was 4 (of 4 available processors)

Solution count 2: -0.821741 -0.0107774 

Optimal solution found (tolerance 5.00e-02)
Best objective -8.217412064300e-01, best bound -8.217412064300e-01, gap 0.0000%

Gurobi 9.5.0 (linux64) logging started Thu Feb  3 10:50:29 2022

Set parameter LogFile to value "/home/aniket/PhD/Plasmids-Optimization/exp/2021-06-14__iterative_MILP_edge_novelty/output/sample_116/1.1.1/nplasmids_1/MILP/m.log"
Set parameter TimeLimit to value 240
Set parameter MIPGap to value 0.05
Gurobi Optimizer version 9.5.0 build v9.5.0rc5 (linux64)
Thread count: 2 physical cores, 4 logical processors, using up to 4 threads
Optimize a model with 21118 rows, 7112 columns and 60273 nonzeros
Model fingerprint: 0xfa767cfb
Variable types: 1676 continuous, 5436 integer (5101 binary)
Coefficient statistics:
  Matrix range     [1e-02, 6e+05]
  Objective range  [5e-03, 1e+00]
  Bounds range     [1e+00, 1e+00]
  RHS range        [1e+00, 2e+05]
Presolve removed 18861 rows and 3220 columns
Presolve time: 0.13s
Presolved: 2257 rows, 3892 columns, 17697 nonzeros
Variable types: 629 continuous, 3263 integer (3263 binary)
Found heuristic solution: objective -0.0107774

Root relaxation: cutoff, 1175 iterations, 0.06 seconds (0.07 work units)

    Nodes    |    Current Node    |     Objective Bounds      |     Work
 Expl Unexpl |  Obj  Depth IntInf | Incumbent    BestBd   Gap | It/Node Time

     0     0     cutoff    0        -0.01078   -0.01078  0.00%     -    0s

Explored 1 nodes (1175 simplex iterations) in 0.22 seconds (0.21 work units)
Thread count was 4 (of 4 available processors)

Solution count 1: -0.0107774 

Optimal solution found (tolerance 5.00e-02)
Best objective -1.077742954999e-02, best bound -1.077742954999e-02, gap 0.0000%

Gurobi 9.5.0 (linux64) logging started Thu Feb  3 10:50:30 2022

Set parameter LogFile to value "/home/aniket/PhD/Plasmids-Optimization/exp/2021-06-14__iterative_MILP_edge_novelty/output/sample_116/1.1.1/nplasmids_1/MILP/m.log"
Set parameter TimeLimit to value 240
Set parameter MIPGap to value 0.05
Gurobi Optimizer version 9.5.0 build v9.5.0rc5 (linux64)
Thread count: 2 physical cores, 4 logical processors, using up to 4 threads
Optimize a model with 21065 rows, 7094 columns and 60134 nonzeros
Model fingerprint: 0x547c5e64
Variable types: 1671 continuous, 5423 integer (5089 binary)
Coefficient statistics:
  Matrix range     [1e-02, 6e+05]
  Objective range  [5e-03, 1e+00]
  Bounds range     [1e+00, 1e+00]
  RHS range        [1e+00, 2e+05]
Presolve removed 18822 rows and 3213 columns
Presolve time: 0.11s
Presolved: 2243 rows, 3881 columns, 17740 nonzeros
Variable types: 626 continuous, 3255 integer (3255 binary)
Found heuristic solution: objective -0.0107774

Explored 0 nodes (0 simplex iterations) in 0.13 seconds (0.14 work units)
Thread count was 4 (of 4 available processors)

Solution count 1: -0.0107774 

Optimal solution found (tolerance 5.00e-02)
Best objective -1.077742954999e-02, best bound -1.077742954999e-02, gap 0.0000%

Gurobi 9.5.0 (linux64) logging started Thu Feb  3 10:50:30 2022

Set parameter LogFile to value "/home/aniket/PhD/Plasmids-Optimization/exp/2021-06-14__iterative_MILP_edge_novelty/output/sample_116/1.1.1/nplasmids_1/MILP/m.log"
Set parameter TimeLimit to value 240
Set parameter MIPGap to value 0.05
Gurobi Optimizer version 9.5.0 build v9.5.0rc5 (linux64)
Thread count: 2 physical cores, 4 logical processors, using up to 4 threads
Optimize a model with 21012 rows, 7076 columns and 59995 nonzeros
Model fingerprint: 0x24aad69e
Variable types: 1666 continuous, 5410 integer (5077 binary)
Coefficient statistics:
  Matrix range     [1e-02, 6e+05]
  Objective range  [5e-03, 1e+00]
  Bounds range     [1e+00, 1e+00]
  RHS range        [1e+00, 2e+05]
Presolve removed 7861 rows and 1025 columns
Presolve time: 0.01s

Explored 0 nodes (0 simplex iterations) in 0.01 seconds (0.01 work units)
Thread count was 1 (of 4 available processors)

Solution count 0

Model is infeasible
Best objective -, best bound -, gap -

Computing Irreducible Inconsistent Subsystem (IIS)...

           Constraints          |            Bounds           |  Runtime
      Min       Max     Guess   |   Min       Max     Guess   |
--------------------------------------------------------------------------
        0     16541         -         0      1999         -           0s
      668       668         -         0         0         -           3s

IIS computed: 668 constraints, 0 bounds
IIS runtime: 2.93 seconds (0.49 work units)
Warning: linear constraint 0 and linear constraint 1 have the same name "counted_length"
