Iteration 1
1	deque([(('75_21', 'h'), ('141_14', 't')), (('141_14', 'h'), ('75_21', 't'))])
1	deque([(('82_8', 'h'), ('173_14', 't')), (('173_14', 'h'), ('82_8', 't'))])
1	deque([(('83_4', 'h'), ('83_4', 't'))])

Chosen seed at iteration 1: 1
Chosen chr at iteration 1



Chosen seed at iteration 2: 2
Chosen chr at iteration 2



Chosen seed at iteration 3: 3
Chosen chr at iteration 3


Iteration 4
4	deque([(('75_24', 'h'), ('141_23', 't')), (('141_23', 'h'), ('75_24', 't'))])
4	deque([(('194_4', 'h'), ('76_0', 't')), (('100_0', 'h'), ('76_0', 'h')), (('161_1', 't'), ('100_0', 't')), (('161_1', 'h'), ('144_3', 't')), (('144_3', 'h'), ('193_4', 't')), (('193_4', 'h'), ('101_13', 'h')), (('171_5', 't'), ('101_13', 't')), (('171_5', 'h'), ('184_1', 't')), (('184_1', 'h'), ('97_0', 't')), (('97_0', 'h'), ('136_11', 't')), (('136_11', 'h'), ('152_4', 't')), (('152_4', 'h'), ('118_9', 'h')), (('179_0', 't'), ('118_9', 't')), (('179_0', 'h'), ('101_0', 't')), (('101_0', 'h'), ('194_4', 't'))])
4	deque([(('173_17', 'h'), ('82_1', 't')), (('82_1', 'h'), ('173_17', 't'))])
4	deque([(('83_2', 'h'), ('83_2', 't'))])

Chosen seed at iteration 4: 1
Chosen chr at iteration 4



Chosen seed at iteration 5: 2
Chosen chr at iteration 5



Chosen seed at iteration 6: 3
Chosen chr at iteration 6



Chosen seed at iteration 7: 4
Chosen chr at iteration 7


Iteration 1
1	deque([(('82_4', 'h'), ('173_19', 't')), (('173_19', 'h'), ('82_4', 't'))])
1	deque([(('75_2', 'h'), ('141_17', 't')), (('141_17', 'h'), ('75_2', 't'))])
1	deque([(('90_1', 'h'), ('140_4', 't')), (('140_4', 'h'), ('90_1', 't'))])
1	deque([(('83_3', 'h'), ('83_3', 't'))])

Chosen seed at iteration 1: 1
Chosen chr at iteration 1



Chosen seed at iteration 2: 2
Chosen chr at iteration 2



Chosen seed at iteration 3: 3
Chosen chr at iteration 3



Chosen seed at iteration 4: 4
Chosen chr at iteration 4


Iteration 1
1	deque([(('116_0', 'h'), ('63_0', 'h')), (('137_0', 'h'), ('116_0', 't')), (('190_4', 'h'), ('137_0', 't')), (('122_2', 'h'), ('190_4', 't')), (('122_2', 't'), ('103_3', 't')), (('103_3', 'h'), ('63_0', 't'))])
1	deque([(('75_5', 'h'), ('141_1', 't')), (('141_1', 'h'), ('75_5', 't'))])
1	deque([(('173_4', 'h'), ('82_7', 't')), (('82_7', 'h'), ('173_4', 't'))])
1	deque([(('83_6', 'h'), ('83_6', 't'))])

Chosen seed at iteration 1: 1
Chosen chr at iteration 1



Chosen seed at iteration 2: 2
Chosen chr at iteration 2



Chosen seed at iteration 3: 3
Chosen chr at iteration 3



Chosen seed at iteration 4: 4
Chosen chr at iteration 4


Iteration 1
1	deque([(('173_22', 'h'), ('82_19', 't')), (('82_19', 'h'), ('173_22', 't'))])
1	deque([(('141_25', 'h'), ('75_25', 't')), (('75_25', 'h'), ('141_25', 't'))])
1	deque([(('193_3', 'h'), ('101_14', 'h'))])
1	deque([(('83_8', 'h'), ('83_8', 't'))])

Chosen seed at iteration 1: 1
Chosen chr at iteration 1



Chosen seed at iteration 2: 2
Chosen chr at iteration 2



Chosen seed at iteration 3: 3
Chosen chr at iteration 3



Chosen seed at iteration 4: 4
Chosen chr at iteration 4


Iteration 1
1	deque([(('159_3', 'h'), ('77_0', 'h')), (('116_4', 'h'), ('77_0', 't')), (('137_5', 'h'), ('116_4', 't')), (('49_1', 'h'), ('137_5', 't')), (('111_0', 't'), ('49_1', 't')), (('111_0', 'h'), ('80_0', 'h')), (('187_6', 'h'), ('80_0', 't')), (('187_6', 't'), ('87_1', 't')), (('177_0', 'h'), ('87_1', 'h')), (('177_0', 't'), ('139_1', 't')), (('139_1', 'h'), ('192_6', 't')), (('192_6', 'h'), ('94_8', 't')), (('164_1', 'h'), ('94_8', 'h')), (('164_1', 't'), ('159_3', 't'))])
1	deque([(('82_15', 'h'), ('173_7', 't')), (('173_7', 'h'), ('82_15', 't'))])
1	deque([(('141_15', 'h'), ('75_18', 't')), (('75_18', 'h'), ('141_15', 't'))])
1	deque([(('83_0', 'h'), ('83_0', 't'))])

Chosen seed at iteration 1: 1
Chosen chr at iteration 1



Chosen seed at iteration 2: 2
Chosen chr at iteration 2



Chosen seed at iteration 3: 3
Chosen chr at iteration 3



Chosen seed at iteration 4: 4
Chosen chr at iteration 4


Iteration 1
1	deque([(('82_8', 'h'), ('173_3', 't')), (('173_3', 'h'), ('82_8', 't'))])
1	deque([(('75_15', 'h'), ('141_0', 't')), (('141_0', 'h'), ('75_15', 't'))])
1	deque([(('83_4', 'h'), ('83_4', 't'))])

Chosen seed at iteration 1: 1
Chosen chr at iteration 1



Chosen seed at iteration 2: 2
Chosen chr at iteration 2



Chosen seed at iteration 3: 3
Chosen chr at iteration 3


Iteration 4
4	deque([(('136_3', 'h'), ('152_11', 't')), (('152_11', 'h'), ('118_8', 'h')), (('33_1', 'h'), ('118_8', 't')), (('112_9', 't'), ('33_1', 't')), (('112_9', 'h'), ('106_7', 't')), (('106_7', 'h'), ('55_0', 't')), (('55_0', 'h'), ('183_4', 't'))])
4	deque([(('82_10', 'h'), ('173_26', 't')), (('173_26', 'h'), ('82_10', 't'))])
4	deque([(('141_16', 'h'), ('75_15', 't')), (('75_15', 'h'), ('141_16', 't'))])
4	deque([(('136_12', 't'), ('52_1', 't'))])
4	deque([(('83_5', 'h'), ('83_5', 't'))])
4	deque([(('52_1', 'h'), ('136_3', 't'))])

Chosen seed at iteration 4: 1
Chosen chr at iteration 4



Chosen seed at iteration 5: 2
Chosen chr at iteration 5



Chosen seed at iteration 6: 3
Chosen chr at iteration 6



Chosen seed at iteration 7: 4
Chosen chr at iteration 7



Chosen seed at iteration 8: 5
Chosen chr at iteration 8



Chosen seed at iteration 9: 6
Chosen chr at iteration 9


Iteration 1
1	deque([(('170_2', 't'), ('38_0', 't')), (('104_3', 'h'), ('38_0', 'h')), (('104_3', 't'), ('43_1', 't')), (('43_1', 'h'), ('112_5', 't')), (('112_5', 'h'), ('47_0', 'h')), (('118_11', 't'), ('47_0', 't')), (('152_1', 'h'), ('118_11', 'h')), (('136_2', 'h'), ('152_1', 't')), (('136_2', 't'), ('42_0', 't')), (('169_0', 'h'), ('42_0', 'h')), (('159_4', 'h'), ('169_0', 't')), (('164_0', 't'), ('159_4', 't')), (('164_0', 'h'), ('94_3', 'h')), (('192_9', 'h'), ('94_3', 't')), (('139_0', 'h'), ('192_9', 't')), (('177_3', 't'), ('139_0', 't')), (('177_3', 'h'), ('87_8', 'h')), (('172_1', 't'), ('87_8', 't')), (('172_1', 'h'), ('151_8', 't')), (('170_2', 'h'), ('151_8', 'h'))])
1	deque([(('173_10', 'h'), ('82_8', 't')), (('82_8', 'h'), ('173_10', 't'))])
1	deque([(('141_22', 'h'), ('75_20', 't')), (('75_20', 'h'), ('141_22', 't'))])
1	deque([(('83_7', 'h'), ('83_7', 't'))])

Chosen seed at iteration 1: 1
Chosen chr at iteration 1



Chosen seed at iteration 2: 2
Chosen chr at iteration 2



Chosen seed at iteration 3: 3
Chosen chr at iteration 3



Chosen seed at iteration 4: 4
Chosen chr at iteration 4


Iteration 1
1	deque([(('83_1', 'h'), ('83_1', 't'))])
1	deque([(('158_1', 't'), ('67_0', 't')), (('158_1', 'h'), ('59_0', 'h')), (('115_1', 't'), ('59_0', 't')), (('115_1', 'h'), ('81_0', 't')), (('81_0', 'h'), ('98_0', 't')), (('98_0', 'h'), ('64_0', 't')), (('64_0', 'h'), ('136_9', 't')), (('136_9', 'h'), ('152_9', 't')), (('152_9', 'h'), ('118_4', 'h')), (('131_0', 'h'), ('118_4', 't')), (('99_1', 'h'), ('131_0', 't')), (('68_0', 'h'), ('99_1', 't')), (('74_1', 't'), ('68_0', 't')), (('96_0', 'h'), ('74_1', 'h')), (('128_2', 't'), ('96_0', 't')), (('128_2', 'h'), ('70_0', 'h')), (('145_1', 't'), ('70_0', 't')), (('145_1', 'h'), ('135_1', 't')), (('135_1', 'h'), ('119_0', 'h')), (('92_0', 'h'), ('119_0', 't')), (('142_1', 't'), ('92_0', 't')), (('142_1', 'h'), ('32_0', 't')), (('32_0', 'h'), ('185_1', 't')), (('185_1', 'h'), ('163_5', 'h')), (('163_5', 't'), ('106_5', 't')), (('106_5', 'h'), ('67_0', 'h'))])
1	deque([(('173_5', 'h'), ('82_9', 't')), (('82_9', 'h'), ('173_5', 't'))])

Chosen seed at iteration 1: 1
Chosen chr at iteration 1



Chosen seed at iteration 2: 2
Chosen chr at iteration 2



Chosen seed at iteration 3: 3
Chosen chr at iteration 3


Iteration 4
4	deque([(('142_0', 't'), ('92_0', 't')), (('142_0', 'h'), ('32_0', 't')), (('32_0', 'h'), ('185_0', 't')), (('185_0', 'h'), ('163_4', 'h')), (('163_4', 't'), ('106_8', 't')), (('106_8', 'h'), ('67_0', 'h')), (('158_1', 't'), ('67_0', 't')), (('158_1', 'h'), ('59_0', 'h')), (('115_0', 't'), ('59_0', 't')), (('115_0', 'h'), ('81_0', 't')), (('81_0', 'h'), ('98_1', 't')), (('98_1', 'h'), ('64_0', 't')), (('64_0', 'h'), ('136_9', 't')), (('136_9', 'h'), ('152_12', 't')), (('152_12', 'h'), ('118_3', 'h')), (('131_0', 'h'), ('118_3', 't')), (('99_2', 'h'), ('131_0', 't')), (('68_0', 'h'), ('99_2', 't')), (('74_1', 't'), ('68_0', 't')), (('96_0', 'h'), ('74_1', 'h')), (('128_1', 't'), ('96_0', 't')), (('128_1', 'h'), ('70_1', 'h')), (('145_2', 't'), ('70_1', 't')), (('145_2', 'h'), ('135_0', 't')), (('135_0', 'h'), ('119_0', 'h')), (('92_0', 'h'), ('119_0', 't'))])
4	deque([(('82_12', 'h'), ('173_25', 't')), (('173_25', 'h'), ('82_12', 't'))])
4	deque([(('83_4', 'h'), ('83_4', 't'))])

Chosen seed at iteration 4: 1
Chosen chr at iteration 4



Chosen seed at iteration 5: 2
Chosen chr at iteration 5



Chosen seed at iteration 6: 3
Chosen chr at iteration 6


Iteration 1
1	deque([(('173_16', 'h'), ('82_9', 't')), (('82_9', 'h'), ('173_16', 't'))])
1	deque([(('83_1', 'h'), ('83_1', 't'))])
1	deque([(('141_7', 'h'), ('75_7', 't')), (('75_7', 'h'), ('141_7', 't'))])

Chosen seed at iteration 1: 1
Chosen chr at iteration 1



Chosen seed at iteration 2: 2
Chosen chr at iteration 2



Chosen seed at iteration 3: 3
Chosen chr at iteration 3


Iteration 4
4	deque([(('82_0', 'h'), ('173_23', 't')), (('173_23', 'h'), ('82_0', 't'))])
4	deque([(('141_8', 'h'), ('75_22', 't')), (('75_22', 'h'), ('141_8', 't'))])

Chosen seed at iteration 4: 1
Chosen chr at iteration 4



Chosen seed at iteration 5: 2
Chosen chr at iteration 5


Iteration 1
1	deque([(('82_18', 'h'), ('173_15', 't')), (('173_15', 'h'), ('82_18', 't'))])
1	deque([(('75_6', 'h'), ('141_10', 't')), (('141_10', 'h'), ('75_6', 't'))])
1	deque([(('83_1', 'h'), ('83_1', 't'))])

Chosen seed at iteration 1: 1
Chosen chr at iteration 1



Chosen seed at iteration 2: 2
Chosen chr at iteration 2



Chosen seed at iteration 3: 3
Chosen chr at iteration 3


Iteration 4
4	deque([(('75_16', 'h'), ('141_3', 't')), (('141_3', 'h'), ('75_16', 't'))])
4	deque([(('141_10', 'h'), ('75_16', 't')), (('75_16', 'h'), ('141_10', 't'))])
4	deque([(('82_6', 'h'), ('173_21', 't')), (('173_21', 'h'), ('82_6', 't'))])

Chosen seed at iteration 4: 1
Chosen chr at iteration 4



Chosen seed at iteration 5: 2
Chosen chr at iteration 5



Chosen seed at iteration 6: 3
Chosen chr at iteration 6


Iteration 1
1	deque([(('83_1', 'h'), ('83_1', 't'))])
1	deque([(('75_23', 'h'), ('141_19', 't')), (('141_19', 'h'), ('75_23', 't'))])
1	deque([(('173_8', 'h'), ('82_9', 't')), (('82_9', 'h'), ('173_8', 't'))])

Chosen seed at iteration 1: 1
Chosen chr at iteration 1



Chosen seed at iteration 2: 2
Chosen chr at iteration 2



Chosen seed at iteration 3: 3
Chosen chr at iteration 3


Iteration 4
4	deque([(('82_11', 'h'), ('173_18', 't')), (('173_18', 'h'), ('82_11', 't'))])
4	deque([(('141_0', 'h'), ('75_23', 't')), (('75_23', 'h'), ('141_0', 't'))])

Chosen seed at iteration 4: 1
Chosen chr at iteration 4



Chosen seed at iteration 5: 2
Chosen chr at iteration 5


Iteration 1
1	deque([(('141_2', 'h'), ('75_19', 't')), (('75_19', 'h'), ('141_2', 't'))])
1	deque([(('173_12', 'h'), ('82_2', 't')), (('82_2', 'h'), ('173_12', 't'))])
1	deque([(('83_1', 'h'), ('83_1', 't'))])

Chosen seed at iteration 1: 1
Chosen chr at iteration 1



Chosen seed at iteration 2: 2
Chosen chr at iteration 2



Chosen seed at iteration 3: 3
Chosen chr at iteration 3


Iteration 4
4	deque([(('75_0', 'h'), ('141_24', 't')), (('141_24', 'h'), ('75_0', 't'))])
4	deque([(('82_14', 'h'), ('173_3', 't')), (('173_3', 'h'), ('82_14', 't'))])

Chosen seed at iteration 4: 1
Chosen chr at iteration 4



Chosen seed at iteration 5: 2
Chosen chr at iteration 5


Iteration 1
1	deque([(('75_12', 'h'), ('141_13', 't')), (('141_13', 'h'), ('75_12', 't'))])
1	deque([(('82_13', 'h'), ('173_0', 't')), (('173_0', 'h'), ('82_13', 't'))])
1	deque([(('83_1', 'h'), ('83_1', 't'))])

Chosen seed at iteration 1: 1
Chosen chr at iteration 1



Chosen seed at iteration 2: 2
Chosen chr at iteration 2



Chosen seed at iteration 3: 3
Chosen chr at iteration 3


Iteration 4
4	deque([(('173_24', 'h'), ('82_18', 't')), (('82_18', 'h'), ('173_24', 't'))])
4	deque([(('75_9', 'h'), ('141_18', 't')), (('141_18', 'h'), ('75_9', 't'))])

Chosen seed at iteration 4: 1
Chosen chr at iteration 4



Chosen seed at iteration 5: 2
Chosen chr at iteration 5


Iteration 1
1	deque([(('75_13', 'h'), ('141_21', 't')), (('141_21', 'h'), ('75_13', 't'))])
1	deque([(('173_5', 'h'), ('82_13', 't')), (('82_13', 'h'), ('173_5', 't'))])
1	deque([(('83_1', 'h'), ('83_1', 't'))])

Chosen seed at iteration 1: 1
Chosen chr at iteration 1



Chosen seed at iteration 2: 2
Chosen chr at iteration 2



Chosen seed at iteration 3: 3
Chosen chr at iteration 3


Iteration 4
4	deque([(('173_9', 'h'), ('82_17', 't')), (('82_17', 'h'), ('173_9', 't'))])
4	deque([(('141_5', 'h'), ('75_6', 't')), (('75_6', 'h'), ('141_5', 't'))])

Chosen seed at iteration 4: 1
Chosen chr at iteration 4



Chosen seed at iteration 5: 2
Chosen chr at iteration 5


Iteration 1
1	deque([(('83_1', 'h'), ('83_1', 't'))])
1	deque([(('141_2', 'h'), ('75_1', 't')), (('75_1', 'h'), ('141_2', 't'))])
1	deque([(('173_0', 'h'), ('82_2', 't')), (('82_2', 'h'), ('173_0', 't'))])

Chosen seed at iteration 1: 1
Chosen chr at iteration 1



Chosen seed at iteration 2: 2
Chosen chr at iteration 2



Chosen seed at iteration 3: 3
Chosen chr at iteration 3


Iteration 4
4	deque([(('75_1', 'h'), ('141_21', 't')), (('141_21', 'h'), ('75_1', 't'))])
4	deque([(('82_3', 'h'), ('173_13', 't')), (('173_13', 'h'), ('82_3', 't'))])

Chosen seed at iteration 4: 1
Chosen chr at iteration 4



Chosen seed at iteration 5: 2
Chosen chr at iteration 5


Iteration 1
1	deque([(('75_8', 'h'), ('141_7', 't')), (('141_7', 'h'), ('75_8', 't'))])
1	deque([(('173_20', 'h'), ('82_5', 't')), (('82_5', 'h'), ('173_20', 't'))])
1	deque([(('83_1', 'h'), ('83_1', 't'))])

Chosen seed at iteration 1: 1
Chosen chr at iteration 1



Chosen seed at iteration 2: 2
Chosen chr at iteration 2



Chosen seed at iteration 3: 3
Chosen chr at iteration 3


Iteration 4
4	deque([(('173_2', 'h'), ('82_5', 't')), (('82_5', 'h'), ('173_2', 't'))])
4	deque([(('141_6', 'h'), ('75_3', 't')), (('75_3', 'h'), ('141_6', 't'))])

Chosen seed at iteration 4: 1
Chosen chr at iteration 4



Chosen seed at iteration 5: 2
Chosen chr at iteration 5


Iteration 1
1	deque([(('173_0', 'h'), ('82_16', 't')), (('82_16', 'h'), ('173_0', 't'))])
1	deque([(('141_13', 'h'), ('75_4', 't')), (('75_4', 'h'), ('141_13', 't'))])
1	deque([(('83_1', 'h'), ('83_1', 't'))])

Chosen seed at iteration 1: 1
Chosen chr at iteration 1



Chosen seed at iteration 2: 2
Chosen chr at iteration 2



Chosen seed at iteration 3: 3
Chosen chr at iteration 3


Iteration 4
4	deque([(('173_15', 'h'), ('82_16', 't')), (('82_16', 'h'), ('173_15', 't'))])
4	deque([(('75_12', 'h'), ('141_19', 't')), (('141_19', 'h'), ('75_12', 't'))])

Chosen seed at iteration 4: 1
Chosen chr at iteration 4



Chosen seed at iteration 5: 2
Chosen chr at iteration 5


Iteration 1
1	deque([(('173_14', 'h'), ('82_13', 't')), (('82_13', 'h'), ('173_14', 't'))])
1	deque([(('75_17', 'h'), ('141_14', 't')), (('141_14', 'h'), ('75_17', 't'))])
1	deque([(('83_1', 'h'), ('83_1', 't'))])

Chosen seed at iteration 1: 1
Chosen chr at iteration 1



Chosen seed at iteration 2: 2
Chosen chr at iteration 2



Chosen seed at iteration 3: 3
Chosen chr at iteration 3


Iteration 4
4	deque([(('75_7', 'h'), ('141_4', 't')), (('141_4', 'h'), ('75_7', 't'))])
4	deque([(('82_2', 'h'), ('173_16', 't')), (('173_16', 'h'), ('82_2', 't'))])

Chosen seed at iteration 4: 1
Chosen chr at iteration 4



Chosen seed at iteration 5: 2
Chosen chr at iteration 5


Iteration 1
1	deque([(('75_10', 'h'), ('141_11', 't')), (('141_11', 'h'), ('75_10', 't'))])
1	deque([(('173_11', 'h'), ('82_13', 't')), (('82_13', 'h'), ('173_11', 't'))])
1	deque([(('83_1', 'h'), ('83_1', 't'))])

Chosen seed at iteration 1: 1
Chosen chr at iteration 1



Chosen seed at iteration 2: 2
Chosen chr at iteration 2



Chosen seed at iteration 3: 3
Chosen chr at iteration 3


Iteration 4
4	deque([(('82_13', 'h'), ('173_1', 't')), (('173_1', 'h'), ('82_13', 't'))])
4	deque([(('141_11', 'h'), ('75_14', 't')), (('75_14', 'h'), ('141_11', 't'))])

Chosen seed at iteration 4: 1
Chosen chr at iteration 4



Chosen seed at iteration 5: 2
Chosen chr at iteration 5


Iteration 1
1	deque([(('82_9', 'h'), ('173_6', 't')), (('173_6', 'h'), ('82_9', 't'))])
1	deque([(('75_8', 'h'), ('141_12', 't')), (('141_12', 'h'), ('75_8', 't'))])
1	deque([(('83_1', 'h'), ('83_1', 't'))])

Chosen seed at iteration 1: 1
Chosen chr at iteration 1



Chosen seed at iteration 2: 2
Chosen chr at iteration 2



Chosen seed at iteration 3: 3
Chosen chr at iteration 3


Iteration 4
4	deque([(('141_20', 'h'), ('75_21', 't')), (('75_21', 'h'), ('141_20', 't'))])
4	deque([(('173_12', 'h'), ('82_9', 't')), (('82_9', 'h'), ('173_12', 't'))])

Chosen seed at iteration 4: 1
Chosen chr at iteration 4



Chosen seed at iteration 5: 2
Chosen chr at iteration 5


Iteration 1
1	deque([(('141_2', 'h'), ('75_19', 't')), (('75_19', 'h'), ('141_2', 't'))])
1	deque([(('83_1', 'h'), ('83_1', 't'))])

Chosen seed at iteration 1: 1
Chosen chr at iteration 1



Chosen seed at iteration 2: 2
Chosen chr at iteration 2


Iteration 3
3	deque([(('141_10', 'h'), ('75_10', 't')), (('75_10', 'h'), ('141_10', 't'))])

Chosen seed at iteration 3: 1
Chosen chr at iteration 3


Iteration 4
4	deque([(('141_2', 'h'), ('75_13', 't')), (('75_13', 'h'), ('141_2', 't'))])

Chosen seed at iteration 4: 1
Chosen chr at iteration 4


Iteration 1
1	deque([(('75_4', 'h'), ('141_14', 't')), (('141_14', 'h'), ('75_4', 't'))])
1	deque([(('83_1', 'h'), ('83_1', 't'))])

Chosen seed at iteration 1: 1
Chosen chr at iteration 1



Chosen seed at iteration 2: 2
Chosen chr at iteration 2


Iteration 3
3	deque([(('75_19', 'h'), ('141_12', 't')), (('141_12', 'h'), ('75_19', 't'))])

Chosen seed at iteration 3: 1
Chosen chr at iteration 3


Iteration 4
4	deque([(('75_4', 'h'), ('141_9', 't')), (('141_9', 'h'), ('75_4', 't'))])

Chosen seed at iteration 4: 1
Chosen chr at iteration 4


Iteration 1
1	deque([(('75_8', 'h'), ('141_13', 't')), (('141_13', 'h'), ('75_8', 't'))])
1	deque([(('83_1', 'h'), ('83_1', 't'))])

Chosen seed at iteration 1: 1
Chosen chr at iteration 1



Chosen seed at iteration 2: 2
Chosen chr at iteration 2


Iteration 3
3	deque([(('141_14', 'h'), ('75_17', 't')), (('75_17', 'h'), ('141_14', 't'))])

Chosen seed at iteration 3: 1
Chosen chr at iteration 3


Iteration 4
4	deque([(('75_11', 'h'), ('141_7', 't')), (('141_7', 'h'), ('75_11', 't'))])

Chosen seed at iteration 4: 1
Chosen chr at iteration 4


Iteration 1
1	deque([(('83_1', 'h'), ('83_1', 't'))])
1	deque([(('141_13', 'h'), ('75_10', 't')), (('75_10', 'h'), ('141_13', 't'))])

Chosen seed at iteration 1: 1
Chosen chr at iteration 1



Chosen seed at iteration 2: 2
Chosen chr at iteration 2


Iteration 3
3	deque([(('75_10', 'h'), ('141_10', 't')), (('141_10', 'h'), ('75_10', 't'))])

Chosen seed at iteration 3: 1
Chosen chr at iteration 3


Iteration 4
4	deque([(('141_14', 'h'), ('75_10', 't')), (('75_10', 'h'), ('141_14', 't'))])

Chosen seed at iteration 4: 1
Chosen chr at iteration 4


Iteration 1
1	deque([(('75_19', 'h'), ('141_13', 't')), (('141_13', 'h'), ('75_19', 't'))])
1	deque([(('83_1', 'h'), ('83_1', 't'))])

Chosen seed at iteration 1: 1
Chosen chr at iteration 1



Chosen seed at iteration 2: 2
Chosen chr at iteration 2


Iteration 3
3	deque([(('75_17', 'h'), ('141_13', 't')), (('141_13', 'h'), ('75_17', 't'))])

Chosen seed at iteration 3: 1
Chosen chr at iteration 3


Iteration 4
4	deque([(('141_13', 'h'), ('75_8', 't')), (('75_8', 'h'), ('141_13', 't'))])

Chosen seed at iteration 4: 1
Chosen chr at iteration 4


Iteration 1
1	deque([(('83_1', 'h'), ('83_1', 't'))])

Chosen seed at iteration 1: 1
Chosen chr at iteration 1


Iteration 2
2	deque([(('141_10', 'h'), ('75_19', 't')), (('75_19', 'h'), ('141_10', 't'))])

Chosen seed at iteration 2: 1
Chosen chr at iteration 2


Iteration 3
3	deque([(('141_10', 'h'), ('75_17', 't')), (('75_17', 'h'), ('141_10', 't'))])

Chosen seed at iteration 3: 1
Chosen chr at iteration 3


Iteration 4
4	deque([(('141_12', 'h'), ('75_17', 't')), (('75_17', 'h'), ('141_12', 't'))])

Chosen seed at iteration 4: 1
Chosen chr at iteration 4


Iteration 1
Iteration 1
Iteration 1
Iteration 1
Iteration 1
Iteration 1
Iteration 1
Iteration 1
Iteration 1
Iteration 1
