Iteration 1
1	deque([(('79_1', 't'), ('62_0', 't')), (('79_1', 'h'), ('62_0', 'h'))])
1	deque([(('48_33', 'h'), ('48_33', 't'))])
1	deque([(('79_8', 't'), ('24_2', 't')), (('79_8', 'h'), ('24_2', 'h'))])

Chosen seed at iteration 1: 1
Chosen chr at iteration 1



Chosen seed at iteration 2: 2
Chosen chr at iteration 2



Chosen seed at iteration 3: 3
Chosen chr at iteration 3


Iteration 4
4	deque([(('74_0', 'h'), ('65_0', 't')), (('76_2', 'h'), ('74_0', 't')), (('53_1', 'h'), ('76_2', 't')), (('53_1', 't'), ('46_0', 't')), (('56_2', 'h'), ('46_0', 'h'))])
4	deque([(('71_0', 'h'), ('99_2', 't')), (('106_0', 't'), ('71_0', 't')), (('106_0', 'h'), ('102_2', 'h')), (('102_2', 't'), ('96_0', 't')), (('96_0', 'h'), ('99_1', 't')), (('99_1', 'h'), ('38_0', 't')), (('38_0', 'h'), ('93_1', 't'))])
4	deque([(('49_0', 'h'), ('101_0', 't')), (('60_0', 'h'), ('49_0', 't')), (('43_0', 'h'), ('60_0', 't')), (('104_1', 't'), ('43_0', 't')), (('111_0', 'h'), ('104_1', 'h')), (('65_0', 'h'), ('111_0', 't'))])
4	deque([(('56_1', 'h'), ('47_0', 't'))])
4	deque([(('87_0', 'h'), ('81_0', 't')), (('101_0', 'h'), ('81_0', 'h'))])
4	deque([(('79_1', 'h'), ('62_2', 'h')), (('79_5', 't'), ('62_2', 't')), (('79_5', 'h'), ('24_2', 'h')), (('79_1', 't'), ('24_2', 't'))])
4	deque([(('48_20', 'h'), ('48_20', 't'))])
4	deque([(('99_2', 'h'), ('87_0', 't'))])

Chosen seed at iteration 4: 1
Chosen chr at iteration 4



Chosen seed at iteration 5: 2
Chosen chr at iteration 5



Chosen seed at iteration 6: 3
Chosen chr at iteration 6



Chosen seed at iteration 7: 4
Chosen chr at iteration 7



Chosen seed at iteration 8: 5
Chosen chr at iteration 8



Chosen seed at iteration 9: 6
Chosen chr at iteration 9



Chosen seed at iteration 10: 7
Chosen chr at iteration 10



Chosen seed at iteration 11: 8
Chosen chr at iteration 11


Iteration 1
1	deque([(('79_6', 'h'), ('62_0', 'h')), (('79_6', 't'), ('24_0', 't')), (('79_0', 'h'), ('24_0', 'h')), (('79_0', 't'), ('62_0', 't'))])
1	deque([(('77_0', 'h'), ('61_1', 't')), (('77_0', 't'), ('52_0', 't')), (('55_4', 'h'), ('52_0', 'h')), (('61_1', 'h'), ('55_4', 't'))])
1	deque([(('22_0', 'h'), ('71_1', 't')), (('99_0', 'h'), ('22_0', 't')), (('71_1', 'h'), ('99_0', 't'))])
1	deque([(('48_3', 'h'), ('48_3', 't'))])
1	deque([(('31_28', 'h'), ('31_28', 't'))])

Chosen seed at iteration 1: 1
Chosen chr at iteration 1



Chosen seed at iteration 2: 2
Chosen chr at iteration 2



Chosen seed at iteration 3: 3
Chosen chr at iteration 3



Chosen seed at iteration 4: 4
Chosen chr at iteration 4



Chosen seed at iteration 5: 5
Chosen chr at iteration 5


Iteration 1
1	deque([(('79_4', 'h'), ('24_1', 'h')), (('79_4', 't'), ('62_1', 't')), (('79_8', 'h'), ('62_1', 'h')), (('79_8', 't'), ('24_1', 't'))])
1	deque([(('31_16', 'h'), ('31_16', 't'))])
1	deque([(('99_3', 'h'), ('22_1', 't')), (('22_1', 'h'), ('71_3', 't')), (('71_3', 'h'), ('99_3', 't'))])
1	deque([(('48_52', 'h'), ('48_52', 't'))])

Chosen seed at iteration 1: 1
Chosen chr at iteration 1



Chosen seed at iteration 2: 2
Chosen chr at iteration 2



Chosen seed at iteration 3: 3
Chosen chr at iteration 3



Chosen seed at iteration 4: 4
Chosen chr at iteration 4


Iteration 1
1	deque([(('108_2', 'h'), ('14_1', 'h')), (('55_1', 't'), ('14_1', 't')), (('55_1', 'h'), ('33_0', 't')), (('33_0', 'h'), ('65_2', 't')), (('65_2', 'h'), ('111_1', 't')), (('111_1', 'h'), ('104_2', 'h'))])
1	deque([(('92_1', 'h'), ('83_0', 'h')), (('29_0', 'h'), ('83_0', 't')), (('108_2', 't'), ('29_0', 't'))])
1	deque([(('48_40', 'h'), ('48_40', 't'))])
1	deque([(('31_7', 'h'), ('31_7', 't'))])
1	deque([(('57_0', 't'), ('55_5', 't'))])

Chosen seed at iteration 1: 1
Chosen chr at iteration 1



Chosen seed at iteration 2: 2
Chosen chr at iteration 2



Chosen seed at iteration 3: 3
Chosen chr at iteration 3



Chosen seed at iteration 4: 4
Chosen chr at iteration 4



Chosen seed at iteration 5: 5
Chosen chr at iteration 5


Iteration 1
1	deque([(('77_2', 't'), ('15_0', 't')), (('56_2', 'h'), ('15_0', 'h')), (('51_1', 'h'), ('56_2', 't')), (('77_2', 'h'), ('51_1', 't'))])
1	deque([(('48_53', 'h'), ('48_53', 't'))])
1	deque([(('31_27', 'h'), ('31_27', 't'))])

Chosen seed at iteration 1: 1
Chosen chr at iteration 1



Chosen seed at iteration 2: 2
Chosen chr at iteration 2



Chosen seed at iteration 3: 3
Chosen chr at iteration 3


Iteration 4
4	deque([(('31_19', 'h'), ('31_19', 't'))])
4	deque([(('51_1', 'h'), ('56_0', 't')), (('77_2', 'h'), ('51_1', 't')), (('77_2', 't'), ('15_0', 't')), (('56_0', 'h'), ('15_0', 'h'))])
4	deque([(('48_0', 'h'), ('48_0', 't'))])

Chosen seed at iteration 4: 1
Chosen chr at iteration 4



Chosen seed at iteration 5: 2
Chosen chr at iteration 5



Chosen seed at iteration 6: 3
Chosen chr at iteration 6


Iteration 1
1	deque([(('48_33', 'h'), ('48_33', 't'))])
1	deque([(('31_17', 'h'), ('31_17', 't'))])

Chosen seed at iteration 1: 1
Chosen chr at iteration 1



Chosen seed at iteration 2: 2
Chosen chr at iteration 2


Iteration 3
3	deque([(('48_51', 'h'), ('48_51', 't'))])
3	deque([(('31_20', 'h'), ('31_20', 't'))])

Chosen seed at iteration 3: 1
Chosen chr at iteration 3



Chosen seed at iteration 4: 2
Chosen chr at iteration 4


Iteration 1
1	deque([(('31_24', 'h'), ('31_24', 't'))])
1	deque([(('48_13', 'h'), ('48_13', 't'))])

Chosen seed at iteration 1: 1
Chosen chr at iteration 1



Chosen seed at iteration 2: 2
Chosen chr at iteration 2


Iteration 3
3	deque([(('48_17', 'h'), ('48_17', 't'))])
3	deque([(('31_18', 'h'), ('31_18', 't'))])

Chosen seed at iteration 3: 1
Chosen chr at iteration 3



Chosen seed at iteration 4: 2
Chosen chr at iteration 4


Iteration 1
1	deque([(('48_2', 'h'), ('48_2', 't'))])
1	deque([(('31_5', 'h'), ('31_5', 't'))])

Chosen seed at iteration 1: 1
Chosen chr at iteration 1



Chosen seed at iteration 2: 2
Chosen chr at iteration 2


Iteration 3
3	deque([(('31_27', 'h'), ('31_27', 't'))])
3	deque([(('48_6', 'h'), ('48_6', 't'))])

Chosen seed at iteration 3: 1
Chosen chr at iteration 3



Chosen seed at iteration 4: 2
Chosen chr at iteration 4


Iteration 1
1	deque([(('31_5', 'h'), ('31_5', 't'))])
1	deque([(('48_2', 'h'), ('48_2', 't'))])

Chosen seed at iteration 1: 1
Chosen chr at iteration 1



Chosen seed at iteration 2: 2
Chosen chr at iteration 2


Iteration 3
3	deque([(('31_8', 'h'), ('31_8', 't'))])
3	deque([(('48_26', 'h'), ('48_26', 't'))])

Chosen seed at iteration 3: 1
Chosen chr at iteration 3



Chosen seed at iteration 4: 2
Chosen chr at iteration 4


Iteration 1
1	deque([(('31_10', 'h'), ('31_10', 't'))])
1	deque([(('48_35', 'h'), ('48_35', 't'))])
1	deque([(('48_18', 'h'), ('48_18', 't'))])

Chosen seed at iteration 1: 1
Chosen chr at iteration 1



Chosen seed at iteration 2: 2
Chosen chr at iteration 2



Chosen seed at iteration 3: 3
Chosen chr at iteration 3


Iteration 4
4	deque([(('48_29', 'h'), ('48_29', 't'))])
4	deque([(('31_14', 'h'), ('31_14', 't'))])

Chosen seed at iteration 4: 1
Chosen chr at iteration 4



Chosen seed at iteration 5: 2
Chosen chr at iteration 5


Iteration 1
1	deque([(('48_46', 'h'), ('48_46', 't'))])
1	deque([(('31_0', 'h'), ('31_0', 't'))])

Chosen seed at iteration 1: 1
Chosen chr at iteration 1



Chosen seed at iteration 2: 2
Chosen chr at iteration 2


Iteration 3
3	deque([(('31_26', 'h'), ('31_26', 't'))])
3	deque([(('48_42', 'h'), ('48_42', 't'))])

Chosen seed at iteration 3: 1
Chosen chr at iteration 3



Chosen seed at iteration 4: 2
Chosen chr at iteration 4


Iteration 1
1	deque([(('48_36', 'h'), ('48_36', 't'))])
1	deque([(('31_11', 'h'), ('31_11', 't'))])

Chosen seed at iteration 1: 1
Chosen chr at iteration 1



Chosen seed at iteration 2: 2
Chosen chr at iteration 2


Iteration 3
3	deque([(('48_1', 'h'), ('48_1', 't'))])
3	deque([(('31_3', 'h'), ('31_3', 't'))])

Chosen seed at iteration 3: 1
Chosen chr at iteration 3



Chosen seed at iteration 4: 2
Chosen chr at iteration 4


Iteration 1
1	deque([(('48_33', 'h'), ('48_33', 't'))])
1	deque([(('31_0', 'h'), ('31_0', 't'))])

Chosen seed at iteration 1: 1
Chosen chr at iteration 1



Chosen seed at iteration 2: 2
Chosen chr at iteration 2


Iteration 3
3	deque([(('48_10', 'h'), ('48_10', 't'))])
3	deque([(('108_2', 'h'), ('14_0', 'h')), (('55_2', 't'), ('14_0', 't'))])
3	deque([(('108_2', 't'), ('29_0', 't'))])
3	deque([(('31_13', 'h'), ('31_13', 't'))])

Chosen seed at iteration 3: 1
Chosen chr at iteration 3



Chosen seed at iteration 4: 2
Chosen chr at iteration 4



Chosen seed at iteration 5: 3
Chosen chr at iteration 5



Chosen seed at iteration 6: 4
Chosen chr at iteration 6


Iteration 1
1	deque([(('48_13', 'h'), ('48_13', 't'))])
1	deque([(('31_25', 'h'), ('31_25', 't'))])

Chosen seed at iteration 1: 1
Chosen chr at iteration 1



Chosen seed at iteration 2: 2
Chosen chr at iteration 2


Iteration 3
3	deque([(('31_11', 'h'), ('31_11', 't'))])
3	deque([(('48_47', 'h'), ('48_47', 't'))])

Chosen seed at iteration 3: 1
Chosen chr at iteration 3



Chosen seed at iteration 4: 2
Chosen chr at iteration 4


Iteration 1
1	deque([(('31_17', 'h'), ('31_17', 't'))])
1	deque([(('48_12', 'h'), ('48_12', 't'))])

Chosen seed at iteration 1: 1
Chosen chr at iteration 1



Chosen seed at iteration 2: 2
Chosen chr at iteration 2


Iteration 3
3	deque([(('48_33', 'h'), ('48_33', 't'))])
3	deque([(('31_0', 'h'), ('31_0', 't'))])

Chosen seed at iteration 3: 1
Chosen chr at iteration 3



Chosen seed at iteration 4: 2
Chosen chr at iteration 4


Iteration 1
1	deque([(('31_1', 'h'), ('31_1', 't'))])
1	deque([(('48_2', 'h'), ('48_2', 't'))])

Chosen seed at iteration 1: 1
Chosen chr at iteration 1



Chosen seed at iteration 2: 2
Chosen chr at iteration 2


Iteration 3
3	deque([(('31_23', 'h'), ('31_23', 't'))])
3	deque([(('48_48', 'h'), ('48_48', 't'))])

Chosen seed at iteration 3: 1
Chosen chr at iteration 3



Chosen seed at iteration 4: 2
Chosen chr at iteration 4


Iteration 1
1	deque([(('48_2', 'h'), ('48_2', 't'))])
1	deque([(('31_1', 'h'), ('31_1', 't'))])

Chosen seed at iteration 1: 1
Chosen chr at iteration 1



Chosen seed at iteration 2: 2
Chosen chr at iteration 2


Iteration 3
3	deque([(('31_17', 'h'), ('31_17', 't'))])
3	deque([(('48_21', 'h'), ('48_21', 't'))])

Chosen seed at iteration 3: 1
Chosen chr at iteration 3



Chosen seed at iteration 4: 2
Chosen chr at iteration 4


Iteration 1
1	deque([(('48_12', 'h'), ('48_12', 't'))])
1	deque([(('31_24', 'h'), ('31_24', 't'))])

Chosen seed at iteration 1: 1
Chosen chr at iteration 1



Chosen seed at iteration 2: 2
Chosen chr at iteration 2


Iteration 3
3	deque([(('48_11', 'h'), ('48_11', 't'))])
3	deque([(('31_10', 'h'), ('31_10', 't'))])

Chosen seed at iteration 3: 1
Chosen chr at iteration 3



Chosen seed at iteration 4: 2
Chosen chr at iteration 4


Iteration 1
1	deque([(('48_41', 'h'), ('48_41', 't'))])
1	deque([(('31_22', 'h'), ('31_22', 't'))])

Chosen seed at iteration 1: 1
Chosen chr at iteration 1



Chosen seed at iteration 2: 2
Chosen chr at iteration 2


Iteration 3
3	deque([(('31_24', 'h'), ('31_24', 't'))])
3	deque([(('48_27', 'h'), ('48_27', 't'))])

Chosen seed at iteration 3: 1
Chosen chr at iteration 3



Chosen seed at iteration 4: 2
Chosen chr at iteration 4


Iteration 1
1	deque([(('48_50', 'h'), ('48_50', 't'))])
1	deque([(('31_21', 'h'), ('31_21', 't'))])

Chosen seed at iteration 1: 1
Chosen chr at iteration 1



Chosen seed at iteration 2: 2
Chosen chr at iteration 2


Iteration 3
3	deque([(('31_1', 'h'), ('31_1', 't'))])
3	deque([(('48_16', 'h'), ('48_16', 't'))])

Chosen seed at iteration 3: 1
Chosen chr at iteration 3



Chosen seed at iteration 4: 2
Chosen chr at iteration 4


Iteration 1
1	deque([(('31_2', 'h'), ('31_2', 't'))])
1	deque([(('48_4', 'h'), ('48_4', 't'))])

Chosen seed at iteration 1: 1
Chosen chr at iteration 1



Chosen seed at iteration 2: 2
Chosen chr at iteration 2


Iteration 3
3	deque([(('48_2', 'h'), ('48_2', 't'))])
3	deque([(('31_4', 'h'), ('31_4', 't'))])

Chosen seed at iteration 3: 1
Chosen chr at iteration 3



Chosen seed at iteration 4: 2
Chosen chr at iteration 4


Iteration 1
1	deque([(('48_12', 'h'), ('48_12', 't'))])
1	deque([(('31_2', 'h'), ('31_2', 't'))])

Chosen seed at iteration 1: 1
Chosen chr at iteration 1



Chosen seed at iteration 2: 2
Chosen chr at iteration 2


Iteration 3
3	deque([(('48_4', 'h'), ('48_4', 't'))])
3	deque([(('31_21', 'h'), ('31_21', 't'))])

Chosen seed at iteration 3: 1
Chosen chr at iteration 3



Chosen seed at iteration 4: 2
Chosen chr at iteration 4


Iteration 1
1	deque([(('48_50', 'h'), ('48_50', 't'))])

Chosen seed at iteration 1: 1
Chosen chr at iteration 1


Iteration 2
2	deque([(('48_34', 'h'), ('48_34', 't'))])

Chosen seed at iteration 2: 1
Chosen chr at iteration 2


Iteration 3
3	deque([(('48_15', 'h'), ('48_15', 't'))])

Chosen seed at iteration 3: 1
Chosen chr at iteration 3


Iteration 4
4	deque([(('48_30', 'h'), ('48_30', 't'))])

Chosen seed at iteration 4: 1
Chosen chr at iteration 4


Iteration 1
1	deque([(('48_53', 'h'), ('48_53', 't'))])

Chosen seed at iteration 1: 1
Chosen chr at iteration 1


Iteration 2
2	deque([(('48_35', 'h'), ('48_35', 't'))])

Chosen seed at iteration 2: 1
Chosen chr at iteration 2


Iteration 3
3	deque([(('48_15', 'h'), ('48_15', 't'))])

Chosen seed at iteration 3: 1
Chosen chr at iteration 3


Iteration 4
4	deque([(('48_31', 'h'), ('48_31', 't'))])

Chosen seed at iteration 4: 1
Chosen chr at iteration 4


Iteration 1
1	deque([(('48_19', 'h'), ('48_19', 't'))])

Chosen seed at iteration 1: 1
Chosen chr at iteration 1


Iteration 2
2	deque([(('48_36', 'h'), ('48_36', 't'))])

Chosen seed at iteration 2: 1
Chosen chr at iteration 2


Iteration 3
3	deque([(('48_15', 'h'), ('48_15', 't'))])

Chosen seed at iteration 3: 1
Chosen chr at iteration 3


Iteration 4
4	deque([(('48_32', 'h'), ('48_32', 't'))])

Chosen seed at iteration 4: 1
Chosen chr at iteration 4


Iteration 1
1	deque([(('48_37', 'h'), ('48_37', 't'))])

Chosen seed at iteration 1: 1
Chosen chr at iteration 1


Iteration 2
2	deque([(('48_8', 'h'), ('48_8', 't'))])

Chosen seed at iteration 2: 1
Chosen chr at iteration 2


Iteration 3
3	deque([(('48_15', 'h'), ('48_15', 't'))])

Chosen seed at iteration 3: 1
Chosen chr at iteration 3


Iteration 4
4	deque([(('48_34', 'h'), ('48_34', 't'))])

Chosen seed at iteration 4: 1
Chosen chr at iteration 4


Iteration 1
1	deque([(('48_44', 'h'), ('48_44', 't'))])

Chosen seed at iteration 1: 1
Chosen chr at iteration 1


Iteration 2
2	deque([(('48_41', 'h'), ('48_41', 't'))])

Chosen seed at iteration 2: 1
Chosen chr at iteration 2


Iteration 3
3	deque([(('48_22', 'h'), ('48_22', 't'))])

Chosen seed at iteration 3: 1
Chosen chr at iteration 3


Iteration 4
4	deque([(('48_8', 'h'), ('48_8', 't'))])

Chosen seed at iteration 4: 1
Chosen chr at iteration 4


Iteration 1
1	deque([(('48_5', 'h'), ('48_5', 't'))])

Chosen seed at iteration 1: 1
Chosen chr at iteration 1


Iteration 2
2	deque([(('48_9', 'h'), ('48_9', 't'))])

Chosen seed at iteration 2: 1
Chosen chr at iteration 2


Iteration 3
3	deque([(('48_7', 'h'), ('48_7', 't'))])

Chosen seed at iteration 3: 1
Chosen chr at iteration 3


Iteration 4
Iteration 1
1	deque([(('48_24', 'h'), ('48_24', 't'))])

Chosen seed at iteration 1: 1
Chosen chr at iteration 1


Iteration 2
2	deque([(('48_14', 'h'), ('48_14', 't'))])

Chosen seed at iteration 2: 1
Chosen chr at iteration 2


Iteration 3
Iteration 1
1	deque([(('48_5', 'h'), ('48_5', 't'))])

Chosen seed at iteration 1: 1
Chosen chr at iteration 1


Iteration 2
2	deque([(('48_12', 'h'), ('48_12', 't'))])

Chosen seed at iteration 2: 1
Chosen chr at iteration 2


Iteration 3
3	deque([(('48_13', 'h'), ('48_13', 't'))])

Chosen seed at iteration 3: 1
Chosen chr at iteration 3


Iteration 4
4	deque([(('48_43', 'h'), ('48_43', 't'))])

Chosen seed at iteration 4: 1
Chosen chr at iteration 4


Iteration 1
1	deque([(('48_12', 'h'), ('48_12', 't'))])

Chosen seed at iteration 1: 1
Chosen chr at iteration 1


Iteration 2
2	deque([(('48_50', 'h'), ('48_50', 't'))])

Chosen seed at iteration 2: 1
Chosen chr at iteration 2


Iteration 3
3	deque([(('48_13', 'h'), ('48_13', 't'))])

Chosen seed at iteration 3: 1
Chosen chr at iteration 3


Iteration 4
4	deque([(('48_28', 'h'), ('48_28', 't'))])

Chosen seed at iteration 4: 1
Chosen chr at iteration 4


Iteration 1
1	deque([(('48_12', 'h'), ('48_12', 't'))])

Chosen seed at iteration 1: 1
Chosen chr at iteration 1


Iteration 2
2	deque([(('48_50', 'h'), ('48_50', 't'))])

Chosen seed at iteration 2: 1
Chosen chr at iteration 2


Iteration 3
3	deque([(('48_25', 'h'), ('48_25', 't'))])

Chosen seed at iteration 3: 1
Chosen chr at iteration 3


Iteration 4
4	deque([(('48_13', 'h'), ('48_13', 't'))])

Chosen seed at iteration 4: 1
Chosen chr at iteration 4


Iteration 1
1	deque([(('48_12', 'h'), ('48_12', 't'))])

Chosen seed at iteration 1: 1
Chosen chr at iteration 1


Iteration 2
2	deque([(('48_37', 'h'), ('48_37', 't'))])

Chosen seed at iteration 2: 1
Chosen chr at iteration 2


Iteration 3
3	deque([(('48_25', 'h'), ('48_25', 't'))])

Chosen seed at iteration 3: 1
Chosen chr at iteration 3


Iteration 4
4	deque([(('48_15', 'h'), ('48_15', 't'))])

Chosen seed at iteration 4: 1
Chosen chr at iteration 4


Iteration 1
1	deque([(('48_12', 'h'), ('48_12', 't'))])

Chosen seed at iteration 1: 1
Chosen chr at iteration 1


Iteration 2
2	deque([(('48_38', 'h'), ('48_38', 't'))])

Chosen seed at iteration 2: 1
Chosen chr at iteration 2


Iteration 3
3	deque([(('48_36', 'h'), ('48_36', 't'))])

Chosen seed at iteration 3: 1
Chosen chr at iteration 3


Iteration 4
4	deque([(('48_18', 'h'), ('48_18', 't'))])

Chosen seed at iteration 4: 1
Chosen chr at iteration 4


Iteration 1
1	deque([(('48_12', 'h'), ('48_12', 't'))])

Chosen seed at iteration 1: 1
Chosen chr at iteration 1


Iteration 2
2	deque([(('48_38', 'h'), ('48_38', 't'))])

Chosen seed at iteration 2: 1
Chosen chr at iteration 2


Iteration 3
3	deque([(('48_36', 'h'), ('48_36', 't'))])

Chosen seed at iteration 3: 1
Chosen chr at iteration 3


Iteration 4
4	deque([(('48_25', 'h'), ('48_25', 't'))])

Chosen seed at iteration 4: 1
Chosen chr at iteration 4


Iteration 1
1	deque([(('48_12', 'h'), ('48_12', 't'))])

Chosen seed at iteration 1: 1
Chosen chr at iteration 1


Iteration 2
2	deque([(('48_46', 'h'), ('48_46', 't'))])

Chosen seed at iteration 2: 1
Chosen chr at iteration 2


Iteration 3
3	deque([(('48_36', 'h'), ('48_36', 't'))])

Chosen seed at iteration 3: 1
Chosen chr at iteration 3


Iteration 4
4	deque([(('48_50', 'h'), ('48_50', 't'))])

Chosen seed at iteration 4: 1
Chosen chr at iteration 4


Iteration 1
1	deque([(('48_12', 'h'), ('48_12', 't'))])

Chosen seed at iteration 1: 1
Chosen chr at iteration 1


Iteration 2
2	deque([(('48_41', 'h'), ('48_41', 't'))])

Chosen seed at iteration 2: 1
Chosen chr at iteration 2


Iteration 3
3	deque([(('48_23', 'h'), ('48_23', 't'))])

Chosen seed at iteration 3: 1
Chosen chr at iteration 3


Iteration 4
4	deque([(('48_38', 'h'), ('48_38', 't'))])

Chosen seed at iteration 4: 1
Chosen chr at iteration 4


Iteration 1
1	deque([(('48_19', 'h'), ('48_19', 't'))])

Chosen seed at iteration 1: 1
Chosen chr at iteration 1


Iteration 2
2	deque([(('48_44', 'h'), ('48_44', 't'))])

Chosen seed at iteration 2: 1
Chosen chr at iteration 2


Iteration 3
3	deque([(('48_22', 'h'), ('48_22', 't'))])

Chosen seed at iteration 3: 1
Chosen chr at iteration 3


Iteration 4
Iteration 1
1	deque([(('48_22', 'h'), ('48_22', 't'))])

Chosen seed at iteration 1: 1
Chosen chr at iteration 1


Iteration 2
2	deque([(('48_53', 'h'), ('48_53', 't'))])

Chosen seed at iteration 2: 1
Chosen chr at iteration 2


Iteration 3
3	deque([(('48_23', 'h'), ('48_23', 't'))])

Chosen seed at iteration 3: 1
Chosen chr at iteration 3


Iteration 4
Iteration 1
1	deque([(('48_23', 'h'), ('48_23', 't'))])

Chosen seed at iteration 1: 1
Chosen chr at iteration 1


Iteration 2
2	deque([(('48_46', 'h'), ('48_46', 't'))])

Chosen seed at iteration 2: 1
Chosen chr at iteration 2


Iteration 3
3	deque([(('48_41', 'h'), ('48_41', 't'))])

Chosen seed at iteration 3: 1
Chosen chr at iteration 3


Iteration 4
Iteration 1
Iteration 1
