
Gurobi 7.5.2 (linux64) logging started Wed Mar 20 18:50:24 2019

Changed value of parameter LogFile to /home/aniket/python_scripts/Plasmids/exp/2019-03-07__iterative_MILP/output/sample_23/1.1.1/nplasmids_1/MILP/m.log
   Prev: gurobi.log  Default: 
Changed value of parameter TimeLimit to 2400.0
   Prev: 1e+100  Min: 0.0  Max: 1e+100  Default: 1e+100
Optimize a model with 8577 rows, 2497 columns and 64072 nonzeros
Variable types: 652 continuous, 1845 integer (977 binary)
Coefficient statistics:
  Matrix range     [6e-02, 1e+06]
  Objective range  [4e-04, 3e+05]
  Bounds range     [1e+00, 1e+00]
  RHS range        [4e-01, 1e+06]
Presolve removed 6747 rows and 1424 columns
Presolve time: 0.06s
Presolved: 1830 rows, 1073 columns, 6466 nonzeros
Variable types: 214 continuous, 859 integer (646 binary)
Found heuristic solution: objective -3393.158603

Root relaxation: objective -9.951862e+04, 1334 iterations, 0.03 seconds

    Nodes    |    Current Node    |     Objective Bounds      |     Work
 Expl Unexpl |  Obj  Depth IntInf | Incumbent    BestBd   Gap | It/Node Time

     0     0 -99518.621    0  147 -3393.1586 -99518.621  2833%     -    0s
     0     0 -83916.440    0  159 -3393.1586 -83916.440  2373%     -    0s
     0     0 -82530.293    0  162 -3393.1586 -82530.293  2332%     -    0s
     0     0 -82474.565    0  162 -3393.1586 -82474.565  2331%     -    0s
     0     0 -68433.238    0  190 -3393.1586 -68433.238  1917%     -    0s
H    0     0                    -29558.13756 -68433.238   132%     -    0s
     0     0 -67641.074    0  174 -29558.138 -67641.074   129%     -    0s
     0     0 -67309.622    0  195 -29558.138 -67309.622   128%     -    0s
     0     0 -66792.181    0  200 -29558.138 -66792.181   126%     -    0s
     0     0 -66762.299    0  193 -29558.138 -66762.299   126%     -    0s
     0     0 -66716.013    0  194 -29558.138 -66716.013   126%     -    0s
     0     0 -66645.584    0  198 -29558.138 -66645.584   125%     -    0s
     0     0 -66619.544    0  194 -29558.138 -66619.544   125%     -    0s
     0     0 -66614.483    0  197 -29558.138 -66614.483   125%     -    0s
     0     0 -64963.805    0  166 -29558.138 -64963.805   120%     -    0s
     0     0 -64430.807    0  187 -29558.138 -64430.807   118%     -    0s
     0     0 -62842.994    0  162 -29558.138 -62842.994   113%     -    0s
     0     0 -62784.437    0  159 -29558.138 -62784.437   112%     -    0s
     0     0 -62782.846    0  159 -29558.138 -62782.846   112%     -    0s
     0     0 -61621.329    0  184 -29558.138 -61621.329   108%     -    0s
H    0     0                    -51547.66526 -61621.329  19.5%     -    0s
     0     0 -60831.685    0  212 -51547.665 -60831.685  18.0%     -    0s
     0     0 -60768.379    0  211 -51547.665 -60768.379  17.9%     -    0s
     0     0 -60703.209    0  212 -51547.665 -60703.209  17.8%     -    0s
     0     0 -60701.586    0  211 -51547.665 -60701.586  17.8%     -    0s
     0     0 -60089.402    0  217 -51547.665 -60089.402  16.6%     -    0s
H    0     0                    -51677.70250 -60089.402  16.3%     -    0s
     0     0 -60053.714    0  218 -51677.703 -60053.714  16.2%     -    0s
     0     0 -60034.799    0  194 -51677.703 -60034.799  16.2%     -    0s
     0     0 -60031.904    0  225 -51677.703 -60031.904  16.2%     -    0s
     0     0 -59912.496    0  254 -51677.703 -59912.496  15.9%     -    0s
     0     0 -59842.940    0  258 -51677.703 -59842.940  15.8%     -    0s
     0     0 -59820.270    0  257 -51677.703 -59820.270  15.8%     -    0s
     0     0 -59809.989    0  253 -51677.703 -59809.989  15.7%     -    0s
     0     0 -59635.674    0  240 -51677.703 -59635.674  15.4%     -    0s
     0     0 -59625.557    0  247 -51677.703 -59625.557  15.4%     -    0s
     0     0 -59279.776    0  240 -51677.703 -59279.776  14.7%     -    0s
     0     0 -59256.076    0  243 -51677.703 -59256.076  14.7%     -    0s
     0     0 -59254.982    0  246 -51677.703 -59254.982  14.7%     -    0s
     0     0 -59223.395    0  238 -51677.703 -59223.395  14.6%     -    0s
     0     0 -59217.076    0  249 -51677.703 -59217.076  14.6%     -    0s
     0     0 -59213.181    0  247 -51677.703 -59213.181  14.6%     -    0s
     0     0 -59213.181    0  247 -51677.703 -59213.181  14.6%     -    0s
     0     0 -59213.181    0  145 -51677.703 -59213.181  14.6%     -    0s
     0     0 -59213.181    0  133 -51677.703 -59213.181  14.6%     -    0s
     0     0 -59213.181    0  150 -51677.703 -59213.181  14.6%     -    0s
     0     0 -59213.181    0  168 -51677.703 -59213.181  14.6%     -    0s
     0     0 -59163.903    0  172 -51677.703 -59163.903  14.5%     -    0s
     0     0 -59163.826    0  172 -51677.703 -59163.826  14.5%     -    0s
     0     0 -58825.344    0  175 -51677.703 -58825.344  13.8%     -    0s
     0     0 -58798.667    0  175 -51677.703 -58798.667  13.8%     -    0s
     0     0 -58793.891    0  175 -51677.703 -58793.891  13.8%     -    0s
     0     0 -58792.522    0  175 -51677.703 -58792.522  13.8%     -    0s
     0     0 -58781.242    0  178 -51677.703 -58781.242  13.7%     -    0s
     0     0 -58778.914    0  178 -51677.703 -58778.914  13.7%     -    0s
     0     0 -58773.311    0  179 -51677.703 -58773.311  13.7%     -    0s
     0     0 -58773.203    0  179 -51677.703 -58773.203  13.7%     -    0s
     0     0 -58773.203    0  176 -51677.703 -58773.203  13.7%     -    0s
     0     0 -58773.202    0  179 -51677.703 -58773.202  13.7%     -    0s
     0     0 -58773.202    0  179 -51677.703 -58773.202  13.7%     -    0s
     0     0 -58773.202    0  179 -51677.703 -58773.202  13.7%     -    1s
     0     0 -58773.202    0   94 -51677.703 -58773.202  13.7%     -    1s
     0     0 -58773.202    0  114 -51677.703 -58773.202  13.7%     -    1s
     0     0 -58773.202    0  112 -51677.703 -58773.202  13.7%     -    1s
     0     0 -58773.202    0  131 -51677.703 -58773.202  13.7%     -    1s
     0     0 -58119.385    0  124 -51677.703 -58119.385  12.5%     -    1s
     0     0 -58105.298    0  126 -51677.703 -58105.298  12.4%     -    1s
     0     0 -58102.688    0  127 -51677.703 -58102.688  12.4%     -    1s
     0     0 -58050.589    0  135 -51677.703 -58050.589  12.3%     -    1s
     0     0 -57986.984    0  135 -51677.703 -57986.984  12.2%     -    1s
     0     0 -57985.173    0  135 -51677.703 -57985.173  12.2%     -    1s
     0     0 -57576.052    0  115 -51677.703 -57576.052  11.4%     -    1s
     0     0 -57541.288    0  119 -51677.703 -57541.288  11.3%     -    1s
     0     0 -57540.756    0  119 -51677.703 -57540.756  11.3%     -    1s
     0     0 -57438.021    0  124 -51677.703 -57438.021  11.1%     -    1s
     0     0 -57434.155    0  108 -51677.703 -57434.155  11.1%     -    1s
     0     0 -57432.870    0  122 -51677.703 -57432.870  11.1%     -    1s
     0     0 -57324.506    0  121 -51677.703 -57324.506  10.9%     -    1s
     0     0 -57320.547    0  134 -51677.703 -57320.547  10.9%     -    1s
     0     0 -57320.547    0  134 -51677.703 -57320.547  10.9%     -    1s
     0     0 -57320.547    0  134 -51677.703 -57320.547  10.9%     -    1s
     0     0 -57320.547    0  134 -51677.703 -57320.547  10.9%     -    1s
     0     0 -57320.547    0  132 -51677.703 -57320.547  10.9%     -    1s
     0     0 -57320.547    0  132 -51677.703 -57320.547  10.9%     -    1s
     0     2 -57320.547    0  132 -51677.703 -57320.547  10.9%     -    1s

Cutting planes:
  Implied bound: 3
  MIR: 35
  Flow cover: 7
  Zero half: 2

Explored 20 nodes (5896 simplex iterations) in 1.44 seconds
Thread count was 4 (of 4 available processors)

Solution count 4: -51677.7 -51547.7 -29558.1 -3393.16 

Optimal solution found (tolerance 1.00e-04)
Best objective -5.167770250131e+04, best bound -5.167770250131e+04, gap 0.0000%

Gurobi 7.5.2 (linux64) logging started Wed Mar 20 18:50:25 2019

Changed value of parameter LogFile to /home/aniket/python_scripts/Plasmids/exp/2019-03-07__iterative_MILP/output/sample_23/1.1.1/nplasmids_1/MILP/m.log
   Prev: gurobi.log  Default: 
Changed value of parameter TimeLimit to 2400.0
   Prev: 1e+100  Min: 0.0  Max: 1e+100  Default: 1e+100
Optimize a model with 8290 rows, 2413 columns and 60480 nonzeros
Variable types: 631 continuous, 1782 integer (942 binary)
Coefficient statistics:
  Matrix range     [6e-02, 1e+06]
  Objective range  [4e-04, 2e+05]
  Bounds range     [1e+00, 1e+00]
  RHS range        [1e-01, 1e+06]
Presolve removed 6493 rows and 1359 columns
Presolve time: 0.06s
Presolved: 1797 rows, 1054 columns, 6350 nonzeros
Variable types: 211 continuous, 843 integer (633 binary)
Found heuristic solution: objective -152.5851559

Root relaxation: objective -6.825410e+04, 1263 iterations, 0.03 seconds

    Nodes    |    Current Node    |     Objective Bounds      |     Work
 Expl Unexpl |  Obj  Depth IntInf | Incumbent    BestBd   Gap | It/Node Time

     0     0 -68254.098    0  141 -152.58516 -68254.098      -     -    0s
     0     0 -60013.357    0  141 -152.58516 -60013.357      -     -    0s
     0     0 -59975.906    0  140 -152.58516 -59975.906      -     -    0s
     0     0 -59974.644    0  140 -152.58516 -59974.644      -     -    0s
     0     0 -51529.113    0  199 -152.58516 -51529.113      -     -    0s
     0     0 -51065.729    0  175 -152.58516 -51065.729      -     -    0s
     0     0 -51059.902    0  181 -152.58516 -51059.902      -     -    0s
     0     0 -48643.938    0  188 -152.58516 -48643.938      -     -    0s
     0     0 -48616.607    0  189 -152.58516 -48616.607      -     -    0s
     0     0 -48429.066    0  190 -152.58516 -48429.066      -     -    0s
     0     0 -48399.111    0  199 -152.58516 -48399.111      -     -    0s
     0     0 -48385.337    0  202 -152.58516 -48385.337      -     -    0s
     0     0 -47283.298    0  151 -152.58516 -47283.298      -     -    0s
H    0     0                    -16380.43311 -47283.298   189%     -    0s
     0     0 -46849.738    0  177 -16380.433 -46849.738   186%     -    0s
     0     0 -46753.583    0  185 -16380.433 -46753.583   185%     -    0s
     0     0 -46734.437    0  186 -16380.433 -46734.437   185%     -    0s
     0     0 -46733.444    0  190 -16380.433 -46733.444   185%     -    0s
     0     0 -44691.831    0  184 -16380.433 -44691.831   173%     -    0s
     0     0 -44650.230    0  192 -16380.433 -44650.230   173%     -    0s
     0     0 -44639.199    0  191 -16380.433 -44639.199   173%     -    0s
     0     0 -44638.855    0  189 -16380.433 -44638.855   173%     -    0s
     0     0 -43811.317    0  165 -16380.433 -43811.317   167%     -    0s
     0     0 -43523.535    0  205 -16380.433 -43523.535   166%     -    0s
     0     0 -43334.830    0  210 -16380.433 -43334.830   165%     -    0s
     0     0 -43312.514    0  204 -16380.433 -43312.514   164%     -    0s
     0     0 -43238.429    0  203 -16380.433 -43238.429   164%     -    0s
     0     0 -43220.256    0  207 -16380.433 -43220.256   164%     -    0s
     0     0 -43220.256    0  207 -16380.433 -43220.256   164%     -    0s
     0     0 -42603.481    0  238 -16380.433 -42603.481   160%     -    0s
     0     0 -42479.989    0  219 -16380.433 -42479.989   159%     -    0s
     0     0 -42313.797    0  229 -16380.433 -42313.797   158%     -    0s
     0     0 -42295.411    0  227 -16380.433 -42295.411   158%     -    0s
     0     0 -42295.294    0  228 -16380.433 -42295.294   158%     -    0s
     0     0 -41076.975    0  203 -16380.433 -41076.975   151%     -    0s
     0     0 -41039.786    0  205 -16380.433 -41039.786   151%     -    0s
     0     0 -41028.439    0  205 -16380.433 -41028.439   150%     -    0s
     0     0 -41028.234    0  205 -16380.433 -41028.234   150%     -    0s
     0     0 -40781.272    0  248 -16380.433 -40781.272   149%     -    0s
     0     0 -40500.370    0  223 -16380.433 -40500.370   147%     -    0s
     0     0 -40500.370    0  223 -16380.433 -40500.370   147%     -    0s
     0     0 -40389.828    0  223 -16380.433 -40389.828   147%     -    0s
     0     0 -40379.320    0  220 -16380.433 -40379.320   147%     -    0s
     0     0 -40379.320    0  220 -16380.433 -40379.320   147%     -    0s
     0     0 -40022.462    0  222 -16380.433 -40022.462   144%     -    0s
H    0     0                    -17154.93849 -40022.462   133%     -    0s
     0     0 -39922.631    0  223 -17154.938 -39922.631   133%     -    0s
     0     0 -39913.429    0  226 -17154.938 -39913.429   133%     -    0s
     0     0 -39829.440    0  214 -17154.938 -39829.440   132%     -    0s
     0     0 -39745.990    0  220 -17154.938 -39745.990   132%     -    0s
     0     0 -39722.826    0  223 -17154.938 -39722.826   132%     -    0s
     0     0 -39722.174    0  223 -17154.938 -39722.174   132%     -    0s
     0     0 -39586.862    0  215 -17154.938 -39586.862   131%     -    0s
     0     0 -39585.616    0  216 -17154.938 -39585.616   131%     -    0s
     0     0 -39489.445    0  183 -17154.938 -39489.445   130%     -    0s
     0     0 -39435.052    0  210 -17154.938 -39435.052   130%     -    0s
     0     0 -39411.752    0  219 -17154.938 -39411.752   130%     -    0s
     0     0 -39383.419    0  222 -17154.938 -39383.419   130%     -    0s
     0     0 -39382.580    0  226 -17154.938 -39382.580   130%     -    0s
     0     0 -39285.119    0  212 -17154.938 -39285.119   129%     -    0s
     0     0 -39280.770    0  207 -17154.938 -39280.770   129%     -    0s
     0     0 -39223.119    0  210 -17154.938 -39223.119   129%     -    0s
     0     0 -39171.114    0  224 -17154.938 -39171.114   128%     -    0s
     0     0 -39157.637    0  210 -17154.938 -39157.637   128%     -    0s
     0     0 -39150.386    0  234 -17154.938 -39150.386   128%     -    0s
     0     0 -39141.133    0  211 -17154.938 -39141.133   128%     -    0s
     0     0 -39141.133    0  211 -17154.938 -39141.133   128%     -    0s
H    0     0                    -22274.80264 -39141.133  75.7%     -    0s
     0     2 -39141.133    0  211 -22274.803 -39141.133  75.7%     -    0s
H   29    14                    -25466.65074 -38833.744  52.5%  46.5    1s
H   68    24                    -25467.35706 -37158.967  45.9%  31.4    1s
*  314    52              22    -27753.85189 -32333.372  16.5%  30.3    1s
*  317    52              22    -27760.62336 -32333.372  16.5%  30.0    1s
H  396    36                    -28432.75921 -30018.645  5.58%  29.6    1s
H  524     5                    -28595.71033 -28891.097  1.03%  25.5    1s

Cutting planes:
  Gomory: 7
  Cover: 196
  Implied bound: 23
  Clique: 18
  MIR: 44
  Flow cover: 131
  Zero half: 29

Explored 543 nodes (16774 simplex iterations) in 1.58 seconds
Thread count was 4 (of 4 available processors)

Solution count 10: -28595.7 -28432.8 -27760.6 ... -152.585

Optimal solution found (tolerance 1.00e-04)
Best objective -2.859571032628e+04, best bound -2.859571032628e+04, gap 0.0000%

Gurobi 7.5.2 (linux64) logging started Wed Mar 20 18:50:27 2019

Changed value of parameter LogFile to /home/aniket/python_scripts/Plasmids/exp/2019-03-07__iterative_MILP/output/sample_23/1.1.1/nplasmids_1/MILP/m.log
   Prev: gurobi.log  Default: 
Changed value of parameter TimeLimit to 2400.0
   Prev: 1e+100  Min: 0.0  Max: 1e+100  Default: 1e+100
Optimize a model with 8247 rows, 2401 columns and 59955 nonzeros
Variable types: 628 continuous, 1773 integer (937 binary)
Coefficient statistics:
  Matrix range     [6e-02, 1e+06]
  Objective range  [4e-04, 2e+05]
  Bounds range     [1e+00, 1e+00]
  RHS range        [7e-02, 1e+06]
Presolve removed 6462 rows and 1355 columns
Presolve time: 0.06s
Presolved: 1785 rows, 1046 columns, 6300 nonzeros
Variable types: 210 continuous, 836 integer (627 binary)
Found heuristic solution: objective -485.2550212

Root relaxation: objective -5.150822e+04, 1096 iterations, 0.03 seconds

    Nodes    |    Current Node    |     Objective Bounds      |     Work
 Expl Unexpl |  Obj  Depth IntInf | Incumbent    BestBd   Gap | It/Node Time

     0     0 -51508.220    0  142 -485.25502 -51508.220      -     -    0s
     0     0 -43623.871    0  129 -485.25502 -43623.871  8890%     -    0s
     0     0 -43522.847    0  110 -485.25502 -43522.847  8869%     -    0s
     0     0 -39454.361    0  178 -485.25502 -39454.361  8031%     -    0s
H    0     0                    -12052.74934 -39454.361   227%     -    0s
     0     0 -38843.371    0  188 -12052.749 -38843.371   222%     -    0s
     0     0 -38842.904    0  188 -12052.749 -38842.904   222%     -    0s
     0     0 -37852.704    0  176 -12052.749 -37852.704   214%     -    0s
H    0     0                    -13976.30780 -37852.704   171%     -    0s
     0     0 -37330.008    0  156 -13976.308 -37330.008   167%     -    0s
     0     0 -37297.970    0  146 -13976.308 -37297.970   167%     -    0s
     0     0 -37297.565    0  149 -13976.308 -37297.565   167%     -    0s
     0     0 -36949.946    0  160 -13976.308 -36949.946   164%     -    0s
     0     0 -36865.162    0  171 -13976.308 -36865.162   164%     -    0s
     0     0 -36798.482    0  179 -13976.308 -36798.482   163%     -    0s
     0     0 -36798.108    0  180 -13976.308 -36798.108   163%     -    0s
     0     0 -35238.257    0  178 -13976.308 -35238.257   152%     -    0s
     0     0 -35103.787    0  182 -13976.308 -35103.787   151%     -    0s
     0     0 -34912.383    0  187 -13976.308 -34912.383   150%     -    0s
     0     0 -34867.231    0  202 -13976.308 -34867.231   149%     -    0s
     0     0 -34383.103    0  183 -13976.308 -34383.103   146%     -    0s
     0     0 -34365.784    0  180 -13976.308 -34365.784   146%     -    0s
     0     0 -34350.165    0  189 -13976.308 -34350.165   146%     -    0s
     0     0 -33817.350    0  185 -13976.308 -33817.350   142%     -    0s
     0     0 -33786.647    0  192 -13976.308 -33786.647   142%     -    0s
     0     0 -33773.555    0  190 -13976.308 -33773.555   142%     -    0s
     0     0 -33764.792    0  190 -13976.308 -33764.792   142%     -    0s
     0     0 -33486.907    0  148 -13976.308 -33486.907   140%     -    0s
     0     0 -33486.907    0  148 -13976.308 -33486.907   140%     -    0s
     0     0 -32186.718    0  193 -13976.308 -32186.718   130%     -    0s
     0     0 -32130.560    0  186 -13976.308 -32130.560   130%     -    0s
     0     0 -32114.469    0  205 -13976.308 -32114.469   130%     -    0s
     0     0 -32109.253    0  199 -13976.308 -32109.253   130%     -    0s
     0     0 -31996.513    0  225 -13976.308 -31996.513   129%     -    0s
     0     0 -31985.778    0  206 -13976.308 -31985.778   129%     -    0s
     0     0 -31984.103    0  222 -13976.308 -31984.103   129%     -    0s
     0     0 -31938.226    0  218 -13976.308 -31938.226   129%     -    0s
     0     0 -31937.994    0  218 -13976.308 -31937.994   129%     -    0s
     0     0 -31931.125    0  192 -13976.308 -31931.125   128%     -    0s
H    0     0                    -14626.69992 -31931.125   118%     -    0s
     0     0 -31931.122    0  192 -14626.700 -31931.122   118%     -    0s
     0     0 -31931.122    0  192 -14626.700 -31931.122   118%     -    0s
     0     0 -31931.122    0  192 -14626.700 -31931.122   118%     -    0s
H    0     0                    -14627.40624 -31931.122   118%     -    0s
     0     2 -31931.122    0  192 -14627.406 -31931.122   118%     -    0s
H   32    24                    -18837.27584 -29689.218  57.6%  35.5    0s
*   56    30              21    -20085.69038 -29689.218  47.8%  29.3    0s
*   62    29              21    -20209.70546 -26838.039  32.8%  32.3    0s
H   63    24                    -21473.80744 -26838.039  25.0%  31.8    0s
H   65    17                    -22139.18069 -26838.039  21.2%  33.8    0s
H  128    26                    -22168.99430 -25308.031  14.2%  29.0    0s
*  213     5               7    -22450.52163 -23099.251  2.89%  23.7    1s
*  265     0              18    -22574.63488 -22582.298  0.03%  20.9    1s

Cutting planes:
  Gomory: 19
  Cover: 166
  Implied bound: 10
  Clique: 12
  MIR: 40
  Flow cover: 58
  Zero half: 27

Explored 276 nodes (8176 simplex iterations) in 1.11 seconds
Thread count was 4 (of 4 available processors)

Solution count 10: -22574.6 -22450.5 -22169 ... -14626.7
No other solutions better than -22574.6

Optimal solution found (tolerance 1.00e-04)
Best objective -2.257463487932e+04, best bound -2.257463487932e+04, gap 0.0000%

Gurobi 7.5.2 (linux64) logging started Wed Mar 20 18:50:28 2019

Changed value of parameter LogFile to /home/aniket/python_scripts/Plasmids/exp/2019-03-07__iterative_MILP/output/sample_23/1.1.1/nplasmids_1/MILP/m.log
   Prev: gurobi.log  Default: 
Changed value of parameter TimeLimit to 2400.0
   Prev: 1e+100  Min: 0.0  Max: 1e+100  Default: 1e+100
Optimize a model with 1181 rows, 345 columns and 3171 nonzeros
Variable types: 94 continuous, 251 integer (127 binary)
Coefficient statistics:
  Matrix range     [8e-02, 1e+06]
  Objective range  [4e-03, 7e+04]
  Bounds range     [1e+00, 1e+00]
  RHS range        [1e-01, 1e+06]
Presolve removed 939 rows and 217 columns
Presolve time: 0.00s
Presolved: 242 rows, 128 columns, 747 nonzeros
Variable types: 32 continuous, 96 integer (65 binary)
Found heuristic solution: objective -6904.012593

Root relaxation: objective -1.753515e+04, 116 iterations, 0.00 seconds

    Nodes    |    Current Node    |     Objective Bounds      |     Work
 Expl Unexpl |  Obj  Depth IntInf | Incumbent    BestBd   Gap | It/Node Time

     0     0 -17535.151    0   45 -6904.0126 -17535.151   154%     -    0s
H    0     0                    -7377.181492 -17535.151   138%     -    0s
     0     0 -12457.351    0   36 -7377.1815 -12457.351  68.9%     -    0s
     0     0 -11841.696    0   37 -7377.1815 -11841.696  60.5%     -    0s
     0     0 -11834.022    0   37 -7377.1815 -11834.022  60.4%     -    0s
     0     0 -11832.993    0   37 -7377.1815 -11832.993  60.4%     -    0s
     0     0 -11236.047    0   34 -7377.1815 -11236.047  52.3%     -    0s
H    0     0                    -8743.874558 -11236.047  28.5%     -    0s
     0     0 -11208.387    0   37 -8743.8746 -11208.387  28.2%     -    0s
     0     0 -11141.667    0   41 -8743.8746 -11141.667  27.4%     -    0s
     0     0 -10843.774    0   38 -8743.8746 -10843.774  24.0%     -    0s
H    0     0                    -9408.168829 -10843.774  15.3%     -    0s
     0     0 -10665.143    0   38 -9408.1688 -10665.143  13.4%     -    0s
     0     0 -9946.2399    0   17 -9408.1688 -9946.2399  5.72%     -    0s
     0     0 -9850.8873    0   22 -9408.1688 -9850.8873  4.71%     -    0s
     0     0 -9830.4119    0   24 -9408.1688 -9830.4119  4.49%     -    0s
     0     0 -9598.7910    0   11 -9408.1688 -9598.7910  2.03%     -    0s
     0     0 -9598.7910    0    2 -9408.1688 -9598.7910  2.03%     -    0s

Explored 1 nodes (459 simplex iterations) in 0.04 seconds
Thread count was 4 (of 4 available processors)

Solution count 4: -9408.17 -8743.87 -7377.18 -6904.01 

Optimal solution found (tolerance 1.00e-04)
Best objective -9.408168828974e+03, best bound -9.408168828978e+03, gap 0.0000%

Gurobi 7.5.2 (linux64) logging started Wed Mar 20 18:50:28 2019

Changed value of parameter LogFile to /home/aniket/python_scripts/Plasmids/exp/2019-03-07__iterative_MILP/output/sample_23/1.1.1/nplasmids_1/MILP/m.log
   Prev: gurobi.log  Default: 
Changed value of parameter TimeLimit to 2400.0
   Prev: 1e+100  Min: 0.0  Max: 1e+100  Default: 1e+100
Optimize a model with 1100 rows, 322 columns and 2881 nonzeros
Variable types: 88 continuous, 234 integer (118 binary)
Coefficient statistics:
  Matrix range     [8e-02, 1e+06]
  Objective range  [4e-03, 7e+04]
  Bounds range     [1e+00, 1e+00]
  RHS range        [1e-01, 1e+06]
Presolve removed 880 rows and 206 columns
Presolve time: 0.00s
Presolved: 220 rows, 116 columns, 669 nonzeros
Variable types: 30 continuous, 86 integer (57 binary)
Found heuristic solution: objective -824.9405540

Root relaxation: objective -6.491204e+03, 105 iterations, 0.00 seconds

    Nodes    |    Current Node    |     Objective Bounds      |     Work
 Expl Unexpl |  Obj  Depth IntInf | Incumbent    BestBd   Gap | It/Node Time

     0     0 -6491.2040    0   31 -824.94055 -6491.2040   687%     -    0s
H    0     0                    -912.1111569 -6491.2040   612%     -    0s
H    0     0                    -1685.792843 -6491.2040   285%     -    0s
     0     0 -5729.6165    0   39 -1685.7928 -5729.6165   240%     -    0s
H    0     0                    -4640.799674 -5729.6165  23.5%     -    0s
     0     0 -5136.4298    0   19 -4640.7997 -5136.4298  10.7%     -    0s
     0     0 -4715.6256    0   17 -4640.7997 -4715.6256  1.61%     -    0s

Cutting planes:
  Gomory: 3
  Cover: 6
  Flow cover: 4
  Zero half: 1

Explored 1 nodes (220 simplex iterations) in 0.02 seconds
Thread count was 4 (of 4 available processors)

Solution count 4: -4640.8 -1685.79 -912.111 -824.941 

Optimal solution found (tolerance 1.00e-04)
Best objective -4.640799673920e+03, best bound -4.640799673920e+03, gap 0.0000%

Gurobi 7.5.2 (linux64) logging started Wed Mar 20 18:50:28 2019

Changed value of parameter LogFile to /home/aniket/python_scripts/Plasmids/exp/2019-03-07__iterative_MILP/output/sample_23/1.1.1/nplasmids_1/MILP/m.log
   Prev: gurobi.log  Default: 
Changed value of parameter TimeLimit to 2400.0
   Prev: 1e+100  Min: 0.0  Max: 1e+100  Default: 1e+100
Optimize a model with 1100 rows, 322 columns and 2881 nonzeros
Variable types: 88 continuous, 234 integer (118 binary)
Coefficient statistics:
  Matrix range     [8e-02, 1e+06]
  Objective range  [4e-03, 7e+04]
  Bounds range     [1e+00, 1e+00]
  RHS range        [1e-01, 1e+06]
Presolve removed 878 rows and 206 columns
Presolve time: 0.00s
Presolved: 222 rows, 116 columns, 677 nonzeros
Variable types: 30 continuous, 86 integer (57 binary)
Found heuristic solution: objective -824.9405540

Root relaxation: objective -6.491031e+03, 102 iterations, 0.00 seconds

    Nodes    |    Current Node    |     Objective Bounds      |     Work
 Expl Unexpl |  Obj  Depth IntInf | Incumbent    BestBd   Gap | It/Node Time

     0     0 -6491.0306    0   36 -824.94055 -6491.0306   687%     -    0s
     0     0 -5725.9856    0   44 -824.94055 -5725.9856   594%     -    0s
H    0     0                    -4628.669385 -5725.9856  23.7%     -    0s
     0     0 -5135.1221    0   22 -4628.6694 -5135.1221  10.9%     -    0s
     0     0 -4697.3750    0   21 -4628.6694 -4697.3750  1.48%     -    0s

Cutting planes:
  Gomory: 2
  Cover: 6
  Flow cover: 6
  Zero half: 1

Explored 1 nodes (207 simplex iterations) in 0.02 seconds
Thread count was 4 (of 4 available processors)

Solution count 2: -4628.67 -824.941 

Optimal solution found (tolerance 1.00e-04)
Best objective -4.628669385116e+03, best bound -4.628669385116e+03, gap 0.0000%

Gurobi 7.5.2 (linux64) logging started Wed Mar 20 18:50:28 2019

Changed value of parameter LogFile to /home/aniket/python_scripts/Plasmids/exp/2019-03-07__iterative_MILP/output/sample_23/1.1.1/nplasmids_1/MILP/m.log
   Prev: gurobi.log  Default: 
Changed value of parameter TimeLimit to 2400.0
   Prev: 1e+100  Min: 0.0  Max: 1e+100  Default: 1e+100
Optimize a model with 1100 rows, 322 columns and 2881 nonzeros
Variable types: 88 continuous, 234 integer (118 binary)
Coefficient statistics:
  Matrix range     [8e-02, 1e+06]
  Objective range  [4e-03, 7e+04]
  Bounds range     [1e+00, 1e+00]
  RHS range        [1e-01, 1e+06]
Presolve removed 877 rows and 206 columns
Presolve time: 0.00s
Presolved: 223 rows, 116 columns, 680 nonzeros
Variable types: 30 continuous, 86 integer (57 binary)
Found heuristic solution: objective -824.9405540

Root relaxation: objective -6.472580e+03, 101 iterations, 0.00 seconds

    Nodes    |    Current Node    |     Objective Bounds      |     Work
 Expl Unexpl |  Obj  Depth IntInf | Incumbent    BestBd   Gap | It/Node Time

     0     0 -6472.5802    0   36 -824.94055 -6472.5802   685%     -    0s
H    0     0                    -2273.304721 -6472.5802   185%     -    0s
     0     0 -5498.9383    0   38 -2273.3047 -5498.9383   142%     -    0s
     0     0 -5482.4734    0   39 -2273.3047 -5482.4734   141%     -    0s
     0     0 -5482.4376    0   39 -2273.3047 -5482.4376   141%     -    0s
     0     0 -4701.9103    0   45 -2273.3047 -4701.9103   107%     -    0s
H    0     0                    -2556.639804 -4701.9103  83.9%     -    0s
     0     0 -4569.7340    0   43 -2556.6398 -4569.7340  78.7%     -    0s
     0     0 -4529.9938    0   39 -2556.6398 -4529.9938  77.2%     -    0s
     0     0 -4524.9407    0   39 -2556.6398 -4524.9407  77.0%     -    0s
     0     0 -4520.8476    0   38 -2556.6398 -4520.8476  76.8%     -    0s
     0     0 -4519.0568    0   38 -2556.6398 -4519.0568  76.8%     -    0s
     0     0 -4518.6601    0   47 -2556.6398 -4518.6601  76.7%     -    0s
     0     0 -4367.3344    0   44 -2556.6398 -4367.3344  70.8%     -    0s
     0     0 -4316.5189    0   41 -2556.6398 -4316.5189  68.8%     -    0s
     0     0 -4313.4599    0   41 -2556.6398 -4313.4599  68.7%     -    0s
     0     0 -4311.7845    0   41 -2556.6398 -4311.7845  68.7%     -    0s
     0     0 -4311.7209    0   41 -2556.6398 -4311.7209  68.6%     -    0s
     0     0 -4269.7310    0   46 -2556.6398 -4269.7310  67.0%     -    0s
H    0     0                    -2749.512583 -4269.7310  55.3%     -    0s
     0     0 -4259.8188    0   47 -2749.5126 -4259.8188  54.9%     -    0s
     0     0 -4246.4763    0   47 -2749.5126 -4246.4763  54.4%     -    0s
     0     0 -4236.8408    0   48 -2749.5126 -4236.8408  54.1%     -    0s
     0     0 -4229.1402    0   49 -2749.5126 -4229.1402  53.8%     -    0s
     0     0 -4221.5204    0   49 -2749.5126 -4221.5204  53.5%     -    0s
     0     0 -4219.0069    0   48 -2749.5126 -4219.0069  53.4%     -    0s
     0     0 -4218.9151    0   49 -2749.5126 -4218.9151  53.4%     -    0s
     0     0 -4165.2093    0   47 -2749.5126 -4165.2093  51.5%     -    0s
     0     0 -4155.2841    0   40 -2749.5126 -4155.2841  51.1%     -    0s
     0     0 -4142.0048    0   47 -2749.5126 -4142.0048  50.6%     -    0s
     0     0 -4131.5069    0   47 -2749.5126 -4131.5069  50.3%     -    0s
     0     0 -4126.2026    0   47 -2749.5126 -4126.2026  50.1%     -    0s
     0     0 -4125.7483    0   47 -2749.5126 -4125.7483  50.1%     -    0s
     0     0 -4119.1713    0   44 -2749.5126 -4119.1713  49.8%     -    0s
     0     0 -4115.9466    0   47 -2749.5126 -4115.9466  49.7%     -    0s
     0     0 -4115.4578    0   47 -2749.5126 -4115.4578  49.7%     -    0s
     0     0 -4114.5409    0   47 -2749.5126 -4114.5409  49.6%     -    0s
     0     0 -4114.5409    0   47 -2749.5126 -4114.5409  49.6%     -    0s
H    0     0                    -2752.059650 -4114.5409  49.5%     -    0s
     0     2 -4114.5409    0   47 -2752.0597 -4114.5409  49.5%     -    0s
*   10     4               3    -2754.633765 -3369.6251  22.3%  31.8    0s

Cutting planes:
  Gomory: 2
  Cover: 18
  Implied bound: 14
  Clique: 1
  MIR: 12
  Flow cover: 32
  Zero half: 2

Explored 17 nodes (880 simplex iterations) in 0.06 seconds
Thread count was 4 (of 4 available processors)

Solution count 6: -2754.63 -2752.06 -2749.51 ... -824.941

Optimal solution found (tolerance 1.00e-04)
Best objective -2.754633765297e+03, best bound -2.754633765297e+03, gap 0.0000%

Gurobi 7.5.2 (linux64) logging started Wed Mar 20 18:50:28 2019

Changed value of parameter LogFile to /home/aniket/python_scripts/Plasmids/exp/2019-03-07__iterative_MILP/output/sample_23/1.1.1/nplasmids_1/MILP/m.log
   Prev: gurobi.log  Default: 
Changed value of parameter TimeLimit to 2400.0
   Prev: 1e+100  Min: 0.0  Max: 1e+100  Default: 1e+100
Optimize a model with 1062 rows, 311 columns and 2752 nonzeros
Variable types: 85 continuous, 226 integer (114 binary)
Coefficient statistics:
  Matrix range     [8e-02, 1e+06]
  Objective range  [4e-03, 7e+04]
  Bounds range     [1e+00, 1e+00]
  RHS range        [1e-01, 1e+06]
Presolve removed 847 rows and 199 columns
Presolve time: 0.01s
Presolved: 215 rows, 112 columns, 654 nonzeros
Variable types: 29 continuous, 83 integer (55 binary)
Found heuristic solution: objective -1329.495216

Root relaxation: objective -4.630686e+03, 102 iterations, 0.00 seconds

    Nodes    |    Current Node    |     Objective Bounds      |     Work
 Expl Unexpl |  Obj  Depth IntInf | Incumbent    BestBd   Gap | It/Node Time

     0     0 -4630.6858    0   30 -1329.4952 -4630.6858   248%     -    0s
     0     0 -3674.0850    0   40 -1329.4952 -3674.0850   176%     -    0s
H    0     0                    -1595.045328 -3674.0850   130%     -    0s
     0     0 -3667.2896    0   40 -1595.0453 -3667.2896   130%     -    0s
     0     0 -3047.2777    0   44 -1595.0453 -3047.2777  91.0%     -    0s
H    0     0                    -1646.697949 -3047.2777  85.1%     -    0s
     0     0 -2993.8265    0   45 -1646.6979 -2993.8265  81.8%     -    0s
     0     0 -2991.6836    0   45 -1646.6979 -2991.6836  81.7%     -    0s
     0     0 -2991.3002    0   45 -1646.6979 -2991.3002  81.7%     -    0s
     0     0 -2755.6766    0   45 -1646.6979 -2755.6766  67.3%     -    0s
H    0     0                    -1865.199293 -2755.6766  47.7%     -    0s
     0     0 -2743.7859    0   45 -1865.1993 -2743.7859  47.1%     -    0s
     0     0 -2742.3130    0   45 -1865.1993 -2742.3130  47.0%     -    0s
     0     0 -2605.4151    0   44 -1865.1993 -2605.4151  39.7%     -    0s
     0     0 -2493.0959    0   37 -1865.1993 -2493.0959  33.7%     -    0s
     0     0 -2482.7182    0   43 -1865.1993 -2482.7182  33.1%     -    0s
     0     0 -2481.2863    0   41 -1865.1993 -2481.2863  33.0%     -    0s
     0     0 -2480.7575    0   41 -1865.1993 -2480.7575  33.0%     -    0s
     0     0 -2430.5203    0   42 -1865.1993 -2430.5203  30.3%     -    0s
     0     0 -2429.8546    0   42 -1865.1993 -2429.8546  30.3%     -    0s
     0     0 -2380.6472    0   40 -1865.1993 -2380.6472  27.6%     -    0s
H    0     0                    -1885.411198 -2380.6472  26.3%     -    0s
     0     0 -2372.7014    0   45 -1885.4112 -2372.7014  25.8%     -    0s
     0     0 -2358.5148    0   44 -1885.4112 -2358.5148  25.1%     -    0s
     0     0 -2355.7478    0   45 -1885.4112 -2355.7478  24.9%     -    0s
     0     0 -2354.0527    0   45 -1885.4112 -2354.0527  24.9%     -    0s
     0     0 -2354.0527    0   45 -1885.4112 -2354.0527  24.9%     -    0s
     0     0 -2352.7959    0   45 -1885.4112 -2352.7959  24.8%     -    0s
     0     0 -2351.4989    0   46 -1885.4112 -2351.4989  24.7%     -    0s
     0     0 -2351.4892    0   45 -1885.4112 -2351.4892  24.7%     -    0s
     0     0 -2339.2955    0   39 -1885.4112 -2339.2955  24.1%     -    0s
     0     0 -2338.9031    0   39 -1885.4112 -2338.9031  24.1%     -    0s
     0     0 -2336.9164    0   42 -1885.4112 -2336.9164  23.9%     -    0s
     0     0 -2334.7698    0   41 -1885.4112 -2334.7698  23.8%     -    0s
     0     0 -2334.2018    0   41 -1885.4112 -2334.2018  23.8%     -    0s
     0     0 -2328.8877    0   39 -1885.4112 -2328.8877  23.5%     -    0s
     0     0 -2328.8877    0   36 -1885.4112 -2328.8877  23.5%     -    0s
     0     0 -2328.8877    0   40 -1885.4112 -2328.8877  23.5%     -    0s
     0     0 -2328.8877    0   41 -1885.4112 -2328.8877  23.5%     -    0s
     0     0 -2327.4282    0   36 -1885.4112 -2327.4282  23.4%     -    0s
     0     0 -2322.6114    0   34 -1885.4112 -2322.6114  23.2%     -    0s
     0     0 -2319.6318    0   37 -1885.4112 -2319.6318  23.0%     -    0s
     0     0 -2319.6093    0   36 -1885.4112 -2319.6093  23.0%     -    0s
     0     0 -2319.6052    0   36 -1885.4112 -2319.6052  23.0%     -    0s
     0     0 -2319.6052    0   35 -1885.4112 -2319.6052  23.0%     -    0s
     0     2 -2319.6052    0   35 -1885.4112 -2319.6052  23.0%     -    0s

Cutting planes:
  MIR: 9
  Flow cover: 12

Explored 24 nodes (1144 simplex iterations) in 0.09 seconds
Thread count was 4 (of 4 available processors)

Solution count 5: -1885.41 -1865.2 -1646.7 ... -1329.5

Optimal solution found (tolerance 1.00e-04)
Best objective -1.885411198053e+03, best bound -1.885411198053e+03, gap 0.0000%

Gurobi 7.5.2 (linux64) logging started Wed Mar 20 18:50:29 2019

Changed value of parameter LogFile to /home/aniket/python_scripts/Plasmids/exp/2019-03-07__iterative_MILP/output/sample_23/1.1.1/nplasmids_1/MILP/m.log
   Prev: gurobi.log  Default: 
Changed value of parameter TimeLimit to 2400.0
   Prev: 1e+100  Min: 0.0  Max: 1e+100  Default: 1e+100
Optimize a model with 901 rows, 264 columns and 2218 nonzeros
Variable types: 73 continuous, 191 integer (95 binary)
Coefficient statistics:
  Matrix range     [8e-02, 1e+06]
  Objective range  [4e-03, 7e+04]
  Bounds range     [1e+00, 1e+00]
  RHS range        [8e-02, 1e+06]
Presolve removed 735 rows and 179 columns
Presolve time: 0.00s
Presolved: 166 rows, 85 columns, 492 nonzeros
Variable types: 23 continuous, 62 integer (40 binary)
Found heuristic solution: objective -398.5251214

Root relaxation: objective -3.573432e+03, 63 iterations, 0.00 seconds

    Nodes    |    Current Node    |     Objective Bounds      |     Work
 Expl Unexpl |  Obj  Depth IntInf | Incumbent    BestBd   Gap | It/Node Time

     0     0 -3573.4324    0   17 -398.52512 -3573.4324   797%     -    0s
H    0     0                    -691.3710235 -3573.4324   417%     -    0s
H    0     0                    -1100.806007 -3573.4324   225%     -    0s
     0     0 -2579.6070    0   25 -1100.8060 -2579.6070   134%     -    0s
     0     0 -2540.6689    0   26 -1100.8060 -2540.6689   131%     -    0s
     0     0 -2152.7731    0   24 -1100.8060 -2152.7731  95.6%     -    0s
     0     0 -2133.7616    0   24 -1100.8060 -2133.7616  93.8%     -    0s
     0     0 -2129.3364    0   24 -1100.8060 -2129.3364  93.4%     -    0s
     0     0 -2119.6916    0   27 -1100.8060 -2119.6916  92.6%     -    0s
     0     0 -2116.7727    0   28 -1100.8060 -2116.7727  92.3%     -    0s
     0     0 -2087.3653    0   28 -1100.8060 -2087.3653  89.6%     -    0s
H    0     0                    -1522.040485 -2087.3653  37.1%     -    0s
     0     0 -2066.5875    0   29 -1522.0405 -2066.5875  35.8%     -    0s
     0     0 -2000.6821    0    9 -1522.0405 -2000.6821  31.4%     -    0s
H    0     0                    -1524.614600 -2000.6821  31.2%     -    0s
     0     0 -2000.6821    0   10 -1524.6146 -2000.6821  31.2%     -    0s
     0     0 -1808.1543    0   12 -1524.6146 -1808.1543  18.6%     -    0s
     0     0 -1722.8086    0   10 -1524.6146 -1722.8086  13.0%     -    0s
     0     0     cutoff    0      -1524.6146 -1524.6146  0.00%     -    0s

Cutting planes:
  Gomory: 2
  Implied bound: 8
  Flow cover: 5

Explored 1 nodes (231 simplex iterations) in 0.03 seconds
Thread count was 4 (of 4 available processors)

Solution count 5: -1524.61 -1522.04 -1100.81 ... -398.525

Optimal solution found (tolerance 1.00e-04)
Best objective -1.524614599555e+03, best bound -1.524614599555e+03, gap 0.0000%

Gurobi 7.5.2 (linux64) logging started Wed Mar 20 18:50:29 2019

Changed value of parameter LogFile to /home/aniket/python_scripts/Plasmids/exp/2019-03-07__iterative_MILP/output/sample_23/1.1.1/nplasmids_1/MILP/m.log
   Prev: gurobi.log  Default: 
Changed value of parameter TimeLimit to 2400.0
   Prev: 1e+100  Min: 0.0  Max: 1e+100  Default: 1e+100
Optimize a model with 862 rows, 252 columns and 2092 nonzeros
Variable types: 70 continuous, 182 integer (90 binary)
Coefficient statistics:
  Matrix range     [8e-02, 1e+06]
  Objective range  [4e-03, 7e+04]
  Bounds range     [1e+00, 1e+00]
  RHS range        [8e-02, 1e+06]
Presolve removed 711 rows and 173 columns
Presolve time: 0.00s
Presolved: 151 rows, 79 columns, 443 nonzeros
Variable types: 22 continuous, 57 integer (36 binary)
Found heuristic solution: objective -359.6115852

Root relaxation: objective -1.523548e+03, 57 iterations, 0.00 seconds

    Nodes    |    Current Node    |     Objective Bounds      |     Work
 Expl Unexpl |  Obj  Depth IntInf | Incumbent    BestBd   Gap | It/Node Time

     0     0 -1523.5482    0   20 -359.61159 -1523.5482   324%     -    0s
H    0     0                    -995.6975794 -1523.5482  53.0%     -    0s
     0     0     cutoff    0      -995.69758 -995.69758  0.00%     -    0s

Explored 1 nodes (61 simplex iterations) in 0.01 seconds
Thread count was 4 (of 4 available processors)

Solution count 2: -995.698 -359.612 

Optimal solution found (tolerance 1.00e-04)
Best objective -9.956975794234e+02, best bound -9.956975794234e+02, gap 0.0000%

Gurobi 7.5.2 (linux64) logging started Wed Mar 20 18:50:29 2019

Changed value of parameter LogFile to /home/aniket/python_scripts/Plasmids/exp/2019-03-07__iterative_MILP/output/sample_23/1.1.1/nplasmids_1/MILP/m.log
   Prev: gurobi.log  Default: 
Changed value of parameter TimeLimit to 2400.0
   Prev: 1e+100  Min: 0.0  Max: 1e+100  Default: 1e+100
Optimize a model with 820 rows, 239 columns and 1956 nonzeros
Variable types: 67 continuous, 172 integer (84 binary)
Coefficient statistics:
  Matrix range     [8e-02, 1e+06]
  Objective range  [4e-03, 7e+04]
  Bounds range     [1e+00, 1e+00]
  RHS range        [8e-02, 1e+06]
Presolve removed 698 rows and 173 columns
Presolve time: 0.00s
Presolved: 122 rows, 66 columns, 355 nonzeros
Variable types: 19 continuous, 47 integer (47 binary)
Found heuristic solution: objective -600.9920728

Root relaxation: objective -6.210538e+02, 49 iterations, 0.00 seconds

    Nodes    |    Current Node    |     Objective Bounds      |     Work
 Expl Unexpl |  Obj  Depth IntInf | Incumbent    BestBd   Gap | It/Node Time

     0     0 -621.05384    0    5 -600.99207 -621.05384  3.34%     -    0s
H    0     0                    -604.6296208 -621.05384  2.72%     -    0s
H    0     0                    -607.5757818 -621.05384  2.22%     -    0s
     0     0 -612.78134    0    3 -607.57578 -612.78134  0.86%     -    0s
     0     0 -610.92215    0    4 -607.57578 -610.92215  0.55%     -    0s
H    0     0                    -610.7683222 -610.92215  0.03%     -    0s

Explored 1 nodes (102 simplex iterations) in 0.01 seconds
Thread count was 4 (of 4 available processors)

Solution count 5: -610.768 -607.576 -607.576 ... -600.992

Optimal solution found (tolerance 1.00e-04)
Best objective -6.107683222139e+02, best bound -6.107683222139e+02, gap 0.0000%

Gurobi 7.5.2 (linux64) logging started Wed Mar 20 18:50:29 2019

Changed value of parameter LogFile to /home/aniket/python_scripts/Plasmids/exp/2019-03-07__iterative_MILP/output/sample_23/1.1.1/nplasmids_1/MILP/m.log
   Prev: gurobi.log  Default: 
Changed value of parameter TimeLimit to 2400.0
   Prev: 1e+100  Min: 0.0  Max: 1e+100  Default: 1e+100
Optimize a model with 705 rows, 205 columns and 1612 nonzeros
Variable types: 58 continuous, 147 integer (71 binary)
Coefficient statistics:
  Matrix range     [7e-02, 1e+06]
  Objective range  [4e-03, 7e+04]
  Bounds range     [1e+00, 1e+00]
  RHS range        [7e-02, 1e+06]
Presolve removed 642 rows and 168 columns
Presolve time: 0.00s
Presolved: 63 rows, 37 columns, 170 nonzeros
Variable types: 15 continuous, 22 integer (21 binary)
Found heuristic solution: objective 1489.0464104
Found heuristic solution: objective -394.3719123

Root relaxation: objective -4.842360e+02, 20 iterations, 0.00 seconds

    Nodes    |    Current Node    |     Objective Bounds      |     Work
 Expl Unexpl |  Obj  Depth IntInf | Incumbent    BestBd   Gap | It/Node Time

*    0     0               0    -484.2360332 -484.23603  0.00%     -    0s

Explored 0 nodes (20 simplex iterations) in 0.00 seconds
Thread count was 4 (of 4 available processors)

Solution count 3: -484.236 -394.372 1489.05 

Optimal solution found (tolerance 1.00e-04)
Best objective -4.842360321619e+02, best bound -4.842360321619e+02, gap 0.0000%

Gurobi 7.5.2 (linux64) logging started Wed Mar 20 18:50:29 2019

Changed value of parameter LogFile to /home/aniket/python_scripts/Plasmids/exp/2019-03-07__iterative_MILP/output/sample_23/1.1.1/nplasmids_1/MILP/m.log
   Prev: gurobi.log  Default: 
Changed value of parameter TimeLimit to 2400.0
   Prev: 1e+100  Min: 0.0  Max: 1e+100  Default: 1e+100
Optimize a model with 188 rows, 56 columns and 349 nonzeros
Variable types: 16 continuous, 40 integer (20 binary)
Coefficient statistics:
  Matrix range     [7e-02, 1e+06]
  Objective range  [4e-02, 3e+03]
  Bounds range     [1e+00, 1e+00]
  RHS range        [7e-02, 1e+06]
Presolve removed 81 rows and 0 columns
Presolve time: 0.00s

Explored 0 nodes (0 simplex iterations) in 0.00 seconds
Thread count was 1 (of 4 available processors)

Solution count 0

Model is infeasible or unbounded
Best objective -, best bound -, gap -
Presolve removed 81 rows and 0 columns
Presolve time: 0.00s

Explored 0 nodes (0 simplex iterations) in 0.00 seconds
Thread count was 1 (of 4 available processors)

Solution count 0

Model is infeasible
Best objective -, best bound -, gap -

Computing Irreducible Inconsistent Subsystem (IIS)...

      Constraints           Bounds       Runtime
     Min       Max       Min      Max
------------------------------------------------
        0      153         0       36         0s
        9        9         0        0         0s

IIS computed: 9 constraints, 0 bounds
IIS runtime: 0.02 seconds
Warning: linear constraint 0 and linear constraint 1 have the same name "extr_ubd"

Gurobi 7.5.2 (linux64) logging started Thu Mar 21 00:32:51 2019

Changed value of parameter LogFile to /home/aniket/python_scripts/Plasmids/exp/2019-03-21__iterative_with_questionable/output/sample_23/1.1.1/nplasmids_1/MILP/m.log
   Prev: gurobi.log  Default: 
Changed value of parameter TimeLimit to 2400.0
   Prev: 1e+100  Min: 0.0  Max: 1e+100  Default: 1e+100
Optimize a model with 8577 rows, 2497 columns and 64072 nonzeros
Variable types: 652 continuous, 1845 integer (977 binary)
Coefficient statistics:
  Matrix range     [6e-02, 1e+06]
  Objective range  [4e-04, 3e+05]
  Bounds range     [1e+00, 1e+00]
  RHS range        [4e-01, 1e+06]
Presolve removed 6747 rows and 1424 columns
Presolve time: 0.06s
Presolved: 1830 rows, 1073 columns, 6466 nonzeros
Variable types: 214 continuous, 859 integer (646 binary)
Found heuristic solution: objective -3393.158603

Root relaxation: objective -9.951862e+04, 1334 iterations, 0.03 seconds

    Nodes    |    Current Node    |     Objective Bounds      |     Work
 Expl Unexpl |  Obj  Depth IntInf | Incumbent    BestBd   Gap | It/Node Time

     0     0 -99518.621    0  147 -3393.1586 -99518.621  2833%     -    0s
     0     0 -83916.440    0  159 -3393.1586 -83916.440  2373%     -    0s
     0     0 -82530.293    0  162 -3393.1586 -82530.293  2332%     -    0s
     0     0 -82474.565    0  162 -3393.1586 -82474.565  2331%     -    0s
     0     0 -68433.238    0  190 -3393.1586 -68433.238  1917%     -    0s
H    0     0                    -29558.13756 -68433.238   132%     -    0s
     0     0 -67641.074    0  174 -29558.138 -67641.074   129%     -    0s
     0     0 -67309.622    0  195 -29558.138 -67309.622   128%     -    0s
     0     0 -66792.181    0  200 -29558.138 -66792.181   126%     -    0s
     0     0 -66762.299    0  193 -29558.138 -66762.299   126%     -    0s
     0     0 -66716.013    0  194 -29558.138 -66716.013   126%     -    0s
     0     0 -66645.584    0  198 -29558.138 -66645.584   125%     -    0s
     0     0 -66619.544    0  194 -29558.138 -66619.544   125%     -    0s
     0     0 -66614.483    0  197 -29558.138 -66614.483   125%     -    0s
     0     0 -64963.805    0  166 -29558.138 -64963.805   120%     -    0s
     0     0 -64430.807    0  187 -29558.138 -64430.807   118%     -    0s
     0     0 -62842.994    0  162 -29558.138 -62842.994   113%     -    0s
     0     0 -62784.437    0  159 -29558.138 -62784.437   112%     -    0s
     0     0 -62782.846    0  159 -29558.138 -62782.846   112%     -    0s
     0     0 -61621.329    0  184 -29558.138 -61621.329   108%     -    0s
H    0     0                    -51547.66526 -61621.329  19.5%     -    0s
     0     0 -60831.685    0  212 -51547.665 -60831.685  18.0%     -    0s
     0     0 -60768.379    0  211 -51547.665 -60768.379  17.9%     -    0s
     0     0 -60703.209    0  212 -51547.665 -60703.209  17.8%     -    0s
     0     0 -60701.586    0  211 -51547.665 -60701.586  17.8%     -    0s
     0     0 -60089.402    0  217 -51547.665 -60089.402  16.6%     -    0s
H    0     0                    -51677.70250 -60089.402  16.3%     -    0s
     0     0 -60053.714    0  218 -51677.703 -60053.714  16.2%     -    0s
     0     0 -60034.799    0  194 -51677.703 -60034.799  16.2%     -    0s
     0     0 -60031.904    0  225 -51677.703 -60031.904  16.2%     -    0s
     0     0 -59912.496    0  254 -51677.703 -59912.496  15.9%     -    0s
     0     0 -59842.940    0  258 -51677.703 -59842.940  15.8%     -    0s
     0     0 -59820.270    0  257 -51677.703 -59820.270  15.8%     -    0s
     0     0 -59809.989    0  253 -51677.703 -59809.989  15.7%     -    0s
     0     0 -59635.674    0  240 -51677.703 -59635.674  15.4%     -    0s
     0     0 -59625.557    0  247 -51677.703 -59625.557  15.4%     -    0s
     0     0 -59279.776    0  240 -51677.703 -59279.776  14.7%     -    0s
     0     0 -59256.076    0  243 -51677.703 -59256.076  14.7%     -    0s
     0     0 -59254.982    0  246 -51677.703 -59254.982  14.7%     -    0s
     0     0 -59223.395    0  238 -51677.703 -59223.395  14.6%     -    0s
     0     0 -59217.076    0  249 -51677.703 -59217.076  14.6%     -    0s
     0     0 -59213.181    0  247 -51677.703 -59213.181  14.6%     -    0s
     0     0 -59213.181    0  247 -51677.703 -59213.181  14.6%     -    0s
     0     0 -59213.181    0  145 -51677.703 -59213.181  14.6%     -    0s
     0     0 -59213.181    0  133 -51677.703 -59213.181  14.6%     -    0s
     0     0 -59213.181    0  150 -51677.703 -59213.181  14.6%     -    0s
     0     0 -59213.181    0  168 -51677.703 -59213.181  14.6%     -    0s
     0     0 -59163.903    0  172 -51677.703 -59163.903  14.5%     -    0s
     0     0 -59163.826    0  172 -51677.703 -59163.826  14.5%     -    0s
     0     0 -58825.344    0  175 -51677.703 -58825.344  13.8%     -    0s
     0     0 -58798.667    0  175 -51677.703 -58798.667  13.8%     -    0s
     0     0 -58793.891    0  175 -51677.703 -58793.891  13.8%     -    0s
     0     0 -58792.522    0  175 -51677.703 -58792.522  13.8%     -    0s
     0     0 -58781.242    0  178 -51677.703 -58781.242  13.7%     -    0s
     0     0 -58778.914    0  178 -51677.703 -58778.914  13.7%     -    0s
     0     0 -58773.311    0  179 -51677.703 -58773.311  13.7%     -    0s
     0     0 -58773.203    0  179 -51677.703 -58773.203  13.7%     -    0s
     0     0 -58773.203    0  176 -51677.703 -58773.203  13.7%     -    0s
     0     0 -58773.202    0  179 -51677.703 -58773.202  13.7%     -    0s
     0     0 -58773.202    0  179 -51677.703 -58773.202  13.7%     -    0s
     0     0 -58773.202    0  179 -51677.703 -58773.202  13.7%     -    0s
     0     0 -58773.202    0   94 -51677.703 -58773.202  13.7%     -    1s
     0     0 -58773.202    0  114 -51677.703 -58773.202  13.7%     -    1s
     0     0 -58773.202    0  112 -51677.703 -58773.202  13.7%     -    1s
     0     0 -58773.202    0  131 -51677.703 -58773.202  13.7%     -    1s
     0     0 -58119.385    0  124 -51677.703 -58119.385  12.5%     -    1s
     0     0 -58105.298    0  126 -51677.703 -58105.298  12.4%     -    1s
     0     0 -58102.688    0  127 -51677.703 -58102.688  12.4%     -    1s
     0     0 -58050.589    0  135 -51677.703 -58050.589  12.3%     -    1s
     0     0 -57986.984    0  135 -51677.703 -57986.984  12.2%     -    1s
     0     0 -57985.173    0  135 -51677.703 -57985.173  12.2%     -    1s
     0     0 -57576.052    0  115 -51677.703 -57576.052  11.4%     -    1s
     0     0 -57541.288    0  119 -51677.703 -57541.288  11.3%     -    1s
     0     0 -57540.756    0  119 -51677.703 -57540.756  11.3%     -    1s
     0     0 -57438.021    0  124 -51677.703 -57438.021  11.1%     -    1s
     0     0 -57434.155    0  108 -51677.703 -57434.155  11.1%     -    1s
     0     0 -57432.870    0  122 -51677.703 -57432.870  11.1%     -    1s
     0     0 -57324.506    0  121 -51677.703 -57324.506  10.9%     -    1s
     0     0 -57320.547    0  134 -51677.703 -57320.547  10.9%     -    1s
     0     0 -57320.547    0  134 -51677.703 -57320.547  10.9%     -    1s
     0     0 -57320.547    0  134 -51677.703 -57320.547  10.9%     -    1s
     0     0 -57320.547    0  134 -51677.703 -57320.547  10.9%     -    1s
     0     0 -57320.547    0  132 -51677.703 -57320.547  10.9%     -    1s
     0     0 -57320.547    0  132 -51677.703 -57320.547  10.9%     -    1s
     0     2 -57320.547    0  132 -51677.703 -57320.547  10.9%     -    1s

Cutting planes:
  Implied bound: 3
  MIR: 35
  Flow cover: 7
  Zero half: 2

Explored 20 nodes (5896 simplex iterations) in 1.33 seconds
Thread count was 4 (of 4 available processors)

Solution count 4: -51677.7 -51547.7 -29558.1 -3393.16 

Optimal solution found (tolerance 1.00e-04)
Best objective -5.167770250131e+04, best bound -5.167770250131e+04, gap 0.0000%

Gurobi 7.5.2 (linux64) logging started Thu Mar 21 00:32:53 2019

Changed value of parameter LogFile to /home/aniket/python_scripts/Plasmids/exp/2019-03-21__iterative_with_questionable/output/sample_23/1.1.1/nplasmids_1/MILP/m.log
   Prev: gurobi.log  Default: 
Changed value of parameter TimeLimit to 2400.0
   Prev: 1e+100  Min: 0.0  Max: 1e+100  Default: 1e+100
Optimize a model with 8290 rows, 2413 columns and 60480 nonzeros
Variable types: 631 continuous, 1782 integer (942 binary)
Coefficient statistics:
  Matrix range     [6e-02, 1e+06]
  Objective range  [4e-04, 2e+05]
  Bounds range     [1e+00, 1e+00]
  RHS range        [1e-01, 1e+06]
Presolve removed 6493 rows and 1359 columns
Presolve time: 0.06s
Presolved: 1797 rows, 1054 columns, 6350 nonzeros
Variable types: 211 continuous, 843 integer (633 binary)
Found heuristic solution: objective -152.5851559

Root relaxation: objective -6.825410e+04, 1263 iterations, 0.03 seconds

    Nodes    |    Current Node    |     Objective Bounds      |     Work
 Expl Unexpl |  Obj  Depth IntInf | Incumbent    BestBd   Gap | It/Node Time

     0     0 -68254.098    0  141 -152.58516 -68254.098      -     -    0s
     0     0 -60013.357    0  141 -152.58516 -60013.357      -     -    0s
     0     0 -59975.906    0  140 -152.58516 -59975.906      -     -    0s
     0     0 -59974.644    0  140 -152.58516 -59974.644      -     -    0s
     0     0 -51529.113    0  199 -152.58516 -51529.113      -     -    0s
     0     0 -51065.729    0  175 -152.58516 -51065.729      -     -    0s
     0     0 -51059.902    0  181 -152.58516 -51059.902      -     -    0s
     0     0 -48643.938    0  188 -152.58516 -48643.938      -     -    0s
     0     0 -48616.607    0  189 -152.58516 -48616.607      -     -    0s
     0     0 -48429.066    0  190 -152.58516 -48429.066      -     -    0s
     0     0 -48399.111    0  199 -152.58516 -48399.111      -     -    0s
     0     0 -48385.337    0  202 -152.58516 -48385.337      -     -    0s
     0     0 -47283.298    0  151 -152.58516 -47283.298      -     -    0s
H    0     0                    -16380.43311 -47283.298   189%     -    0s
     0     0 -46849.738    0  177 -16380.433 -46849.738   186%     -    0s
     0     0 -46753.583    0  185 -16380.433 -46753.583   185%     -    0s
     0     0 -46734.437    0  186 -16380.433 -46734.437   185%     -    0s
     0     0 -46733.444    0  190 -16380.433 -46733.444   185%     -    0s
     0     0 -44691.831    0  184 -16380.433 -44691.831   173%     -    0s
     0     0 -44650.230    0  192 -16380.433 -44650.230   173%     -    0s
     0     0 -44639.199    0  191 -16380.433 -44639.199   173%     -    0s
     0     0 -44638.855    0  189 -16380.433 -44638.855   173%     -    0s
     0     0 -43811.317    0  165 -16380.433 -43811.317   167%     -    0s
     0     0 -43523.535    0  205 -16380.433 -43523.535   166%     -    0s
     0     0 -43334.830    0  210 -16380.433 -43334.830   165%     -    0s
     0     0 -43312.514    0  204 -16380.433 -43312.514   164%     -    0s
     0     0 -43238.429    0  203 -16380.433 -43238.429   164%     -    0s
     0     0 -43220.256    0  207 -16380.433 -43220.256   164%     -    0s
     0     0 -43220.256    0  207 -16380.433 -43220.256   164%     -    0s
     0     0 -42603.481    0  238 -16380.433 -42603.481   160%     -    0s
     0     0 -42479.989    0  219 -16380.433 -42479.989   159%     -    0s
     0     0 -42313.797    0  229 -16380.433 -42313.797   158%     -    0s
     0     0 -42295.411    0  227 -16380.433 -42295.411   158%     -    0s
     0     0 -42295.294    0  228 -16380.433 -42295.294   158%     -    0s
     0     0 -41076.975    0  203 -16380.433 -41076.975   151%     -    0s
     0     0 -41039.786    0  205 -16380.433 -41039.786   151%     -    0s
     0     0 -41028.439    0  205 -16380.433 -41028.439   150%     -    0s
     0     0 -41028.234    0  205 -16380.433 -41028.234   150%     -    0s
     0     0 -40781.272    0  248 -16380.433 -40781.272   149%     -    0s
     0     0 -40500.370    0  223 -16380.433 -40500.370   147%     -    0s
     0     0 -40500.370    0  223 -16380.433 -40500.370   147%     -    0s
     0     0 -40389.828    0  223 -16380.433 -40389.828   147%     -    0s
     0     0 -40379.320    0  220 -16380.433 -40379.320   147%     -    0s
     0     0 -40379.320    0  220 -16380.433 -40379.320   147%     -    0s
     0     0 -40022.462    0  222 -16380.433 -40022.462   144%     -    0s
H    0     0                    -17154.93849 -40022.462   133%     -    0s
     0     0 -39922.631    0  223 -17154.938 -39922.631   133%     -    0s
     0     0 -39913.429    0  226 -17154.938 -39913.429   133%     -    0s
     0     0 -39829.440    0  214 -17154.938 -39829.440   132%     -    0s
     0     0 -39745.990    0  220 -17154.938 -39745.990   132%     -    0s
     0     0 -39722.826    0  223 -17154.938 -39722.826   132%     -    0s
     0     0 -39722.174    0  223 -17154.938 -39722.174   132%     -    0s
     0     0 -39586.862    0  215 -17154.938 -39586.862   131%     -    0s
     0     0 -39585.616    0  216 -17154.938 -39585.616   131%     -    0s
     0     0 -39489.445    0  183 -17154.938 -39489.445   130%     -    0s
     0     0 -39435.052    0  210 -17154.938 -39435.052   130%     -    0s
     0     0 -39411.752    0  219 -17154.938 -39411.752   130%     -    0s
     0     0 -39383.419    0  222 -17154.938 -39383.419   130%     -    0s
     0     0 -39382.580    0  226 -17154.938 -39382.580   130%     -    0s
     0     0 -39285.119    0  212 -17154.938 -39285.119   129%     -    0s
     0     0 -39280.770    0  207 -17154.938 -39280.770   129%     -    0s
     0     0 -39223.119    0  210 -17154.938 -39223.119   129%     -    0s
     0     0 -39171.114    0  224 -17154.938 -39171.114   128%     -    0s
     0     0 -39157.637    0  210 -17154.938 -39157.637   128%     -    0s
     0     0 -39150.386    0  234 -17154.938 -39150.386   128%     -    0s
     0     0 -39141.133    0  211 -17154.938 -39141.133   128%     -    0s
     0     0 -39141.133    0  211 -17154.938 -39141.133   128%     -    0s
H    0     0                    -22274.80264 -39141.133  75.7%     -    0s
     0     2 -39141.133    0  211 -22274.803 -39141.133  75.7%     -    0s
H   29    14                    -25466.65074 -38833.744  52.5%  46.5    0s
H   68    24                    -25467.35706 -37158.967  45.9%  31.4    1s
*  314    52              22    -27753.85189 -32333.372  16.5%  30.3    1s
*  317    52              22    -27760.62336 -32333.372  16.5%  30.0    1s
H  396    36                    -28432.75921 -30018.645  5.58%  29.6    1s
H  524     5                    -28595.71033 -28891.097  1.03%  25.5    1s

Cutting planes:
  Gomory: 7
  Cover: 196
  Implied bound: 23
  Clique: 18
  MIR: 44
  Flow cover: 131
  Zero half: 29

Explored 543 nodes (16774 simplex iterations) in 1.46 seconds
Thread count was 4 (of 4 available processors)

Solution count 10: -28595.7 -28432.8 -27760.6 ... -152.585

Optimal solution found (tolerance 1.00e-04)
Best objective -2.859571032628e+04, best bound -2.859571032628e+04, gap 0.0000%

Gurobi 7.5.2 (linux64) logging started Thu Mar 21 00:32:54 2019

Changed value of parameter LogFile to /home/aniket/python_scripts/Plasmids/exp/2019-03-21__iterative_with_questionable/output/sample_23/1.1.1/nplasmids_1/MILP/m.log
   Prev: gurobi.log  Default: 
Changed value of parameter TimeLimit to 2400.0
   Prev: 1e+100  Min: 0.0  Max: 1e+100  Default: 1e+100
Optimize a model with 8247 rows, 2401 columns and 59955 nonzeros
Variable types: 628 continuous, 1773 integer (937 binary)
Coefficient statistics:
  Matrix range     [6e-02, 1e+06]
  Objective range  [4e-04, 2e+05]
  Bounds range     [1e+00, 1e+00]
  RHS range        [7e-02, 1e+06]
Presolve removed 6462 rows and 1355 columns
Presolve time: 0.06s
Presolved: 1785 rows, 1046 columns, 6300 nonzeros
Variable types: 210 continuous, 836 integer (627 binary)
Found heuristic solution: objective -485.2550212

Root relaxation: objective -5.150822e+04, 1096 iterations, 0.02 seconds

    Nodes    |    Current Node    |     Objective Bounds      |     Work
 Expl Unexpl |  Obj  Depth IntInf | Incumbent    BestBd   Gap | It/Node Time

     0     0 -51508.220    0  142 -485.25502 -51508.220      -     -    0s
     0     0 -43623.871    0  129 -485.25502 -43623.871  8890%     -    0s
     0     0 -43522.847    0  110 -485.25502 -43522.847  8869%     -    0s
     0     0 -39454.361    0  178 -485.25502 -39454.361  8031%     -    0s
H    0     0                    -12052.74934 -39454.361   227%     -    0s
     0     0 -38843.371    0  188 -12052.749 -38843.371   222%     -    0s
     0     0 -38842.904    0  188 -12052.749 -38842.904   222%     -    0s
     0     0 -37852.704    0  176 -12052.749 -37852.704   214%     -    0s
H    0     0                    -13976.30780 -37852.704   171%     -    0s
     0     0 -37330.008    0  156 -13976.308 -37330.008   167%     -    0s
     0     0 -37297.970    0  146 -13976.308 -37297.970   167%     -    0s
     0     0 -37297.565    0  149 -13976.308 -37297.565   167%     -    0s
     0     0 -36949.946    0  160 -13976.308 -36949.946   164%     -    0s
     0     0 -36865.162    0  171 -13976.308 -36865.162   164%     -    0s
     0     0 -36798.482    0  179 -13976.308 -36798.482   163%     -    0s
     0     0 -36798.108    0  180 -13976.308 -36798.108   163%     -    0s
     0     0 -35238.257    0  178 -13976.308 -35238.257   152%     -    0s
     0     0 -35103.787    0  182 -13976.308 -35103.787   151%     -    0s
     0     0 -34912.383    0  187 -13976.308 -34912.383   150%     -    0s
     0     0 -34867.231    0  202 -13976.308 -34867.231   149%     -    0s
     0     0 -34383.103    0  183 -13976.308 -34383.103   146%     -    0s
     0     0 -34365.784    0  180 -13976.308 -34365.784   146%     -    0s
     0     0 -34350.165    0  189 -13976.308 -34350.165   146%     -    0s
     0     0 -33817.350    0  185 -13976.308 -33817.350   142%     -    0s
     0     0 -33786.647    0  192 -13976.308 -33786.647   142%     -    0s
     0     0 -33773.555    0  190 -13976.308 -33773.555   142%     -    0s
     0     0 -33764.792    0  190 -13976.308 -33764.792   142%     -    0s
     0     0 -33486.907    0  148 -13976.308 -33486.907   140%     -    0s
     0     0 -33486.907    0  148 -13976.308 -33486.907   140%     -    0s
     0     0 -32186.718    0  193 -13976.308 -32186.718   130%     -    0s
     0     0 -32130.560    0  186 -13976.308 -32130.560   130%     -    0s
     0     0 -32114.469    0  205 -13976.308 -32114.469   130%     -    0s
     0     0 -32109.253    0  199 -13976.308 -32109.253   130%     -    0s
     0     0 -31996.513    0  225 -13976.308 -31996.513   129%     -    0s
     0     0 -31985.778    0  206 -13976.308 -31985.778   129%     -    0s
     0     0 -31984.103    0  222 -13976.308 -31984.103   129%     -    0s
     0     0 -31938.226    0  218 -13976.308 -31938.226   129%     -    0s
     0     0 -31937.994    0  218 -13976.308 -31937.994   129%     -    0s
     0     0 -31931.125    0  192 -13976.308 -31931.125   128%     -    0s
H    0     0                    -14626.69992 -31931.125   118%     -    0s
     0     0 -31931.122    0  192 -14626.700 -31931.122   118%     -    0s
     0     0 -31931.122    0  192 -14626.700 -31931.122   118%     -    0s
     0     0 -31931.122    0  192 -14626.700 -31931.122   118%     -    0s
H    0     0                    -14627.40624 -31931.122   118%     -    0s
     0     2 -31931.122    0  192 -14627.406 -31931.122   118%     -    0s
H   32    24                    -18837.27584 -29689.218  57.6%  35.5    0s
*   56    30              21    -20085.69038 -29689.218  47.8%  29.3    0s
*   62    29              21    -20209.70546 -26838.039  32.8%  32.3    0s
H   63    24                    -21473.80744 -26838.039  25.0%  31.8    0s
H   65    17                    -22139.18069 -26838.039  21.2%  33.8    0s
H  128    26                    -22168.99430 -25308.031  14.2%  29.0    0s
*  213     5               7    -22450.52163 -23099.251  2.89%  23.7    0s
*  265     0              18    -22574.63488 -22582.298  0.03%  20.9    1s

Cutting planes:
  Gomory: 19
  Cover: 166
  Implied bound: 10
  Clique: 12
  MIR: 40
  Flow cover: 58
  Zero half: 27

Explored 276 nodes (8176 simplex iterations) in 1.02 seconds
Thread count was 4 (of 4 available processors)

Solution count 10: -22574.6 -22450.5 -22169 ... -14626.7
No other solutions better than -22574.6

Optimal solution found (tolerance 1.00e-04)
Best objective -2.257463487932e+04, best bound -2.257463487932e+04, gap 0.0000%

Gurobi 7.5.2 (linux64) logging started Thu Mar 21 00:32:55 2019

Changed value of parameter LogFile to /home/aniket/python_scripts/Plasmids/exp/2019-03-21__iterative_with_questionable/output/sample_23/1.1.1/nplasmids_1/MILP/m.log
   Prev: gurobi.log  Default: 
Changed value of parameter TimeLimit to 2400.0
   Prev: 1e+100  Min: 0.0  Max: 1e+100  Default: 1e+100
Optimize a model with 1181 rows, 345 columns and 3171 nonzeros
Variable types: 94 continuous, 251 integer (127 binary)
Coefficient statistics:
  Matrix range     [8e-02, 1e+06]
  Objective range  [4e-03, 7e+04]
  Bounds range     [1e+00, 1e+00]
  RHS range        [1e-01, 1e+06]
Presolve removed 939 rows and 217 columns
Presolve time: 0.00s
Presolved: 242 rows, 128 columns, 747 nonzeros
Variable types: 32 continuous, 96 integer (65 binary)
Found heuristic solution: objective -6904.012593

Root relaxation: objective -1.753515e+04, 116 iterations, 0.00 seconds

    Nodes    |    Current Node    |     Objective Bounds      |     Work
 Expl Unexpl |  Obj  Depth IntInf | Incumbent    BestBd   Gap | It/Node Time

     0     0 -17535.151    0   45 -6904.0126 -17535.151   154%     -    0s
H    0     0                    -7377.181492 -17535.151   138%     -    0s
     0     0 -12457.351    0   36 -7377.1815 -12457.351  68.9%     -    0s
     0     0 -11841.696    0   37 -7377.1815 -11841.696  60.5%     -    0s
     0     0 -11834.022    0   37 -7377.1815 -11834.022  60.4%     -    0s
     0     0 -11832.993    0   37 -7377.1815 -11832.993  60.4%     -    0s
     0     0 -11236.047    0   34 -7377.1815 -11236.047  52.3%     -    0s
H    0     0                    -8743.874558 -11236.047  28.5%     -    0s
     0     0 -11208.387    0   37 -8743.8746 -11208.387  28.2%     -    0s
     0     0 -11141.667    0   41 -8743.8746 -11141.667  27.4%     -    0s
     0     0 -10843.774    0   38 -8743.8746 -10843.774  24.0%     -    0s
H    0     0                    -9408.168829 -10843.774  15.3%     -    0s
     0     0 -10665.143    0   38 -9408.1688 -10665.143  13.4%     -    0s
     0     0 -9946.2399    0   17 -9408.1688 -9946.2399  5.72%     -    0s
     0     0 -9850.8873    0   22 -9408.1688 -9850.8873  4.71%     -    0s
     0     0 -9830.4119    0   24 -9408.1688 -9830.4119  4.49%     -    0s
     0     0 -9598.7910    0   11 -9408.1688 -9598.7910  2.03%     -    0s
     0     0 -9598.7910    0    2 -9408.1688 -9598.7910  2.03%     -    0s

Explored 1 nodes (459 simplex iterations) in 0.03 seconds
Thread count was 4 (of 4 available processors)

Solution count 4: -9408.17 -8743.87 -7377.18 -6904.01 

Optimal solution found (tolerance 1.00e-04)
Best objective -9.408168828974e+03, best bound -9.408168828978e+03, gap 0.0000%

Gurobi 7.5.2 (linux64) logging started Thu Mar 21 00:32:56 2019

Changed value of parameter LogFile to /home/aniket/python_scripts/Plasmids/exp/2019-03-21__iterative_with_questionable/output/sample_23/1.1.1/nplasmids_1/MILP/m.log
   Prev: gurobi.log  Default: 
Changed value of parameter TimeLimit to 2400.0
   Prev: 1e+100  Min: 0.0  Max: 1e+100  Default: 1e+100
Optimize a model with 1100 rows, 322 columns and 2881 nonzeros
Variable types: 88 continuous, 234 integer (118 binary)
Coefficient statistics:
  Matrix range     [8e-02, 1e+06]
  Objective range  [4e-03, 7e+04]
  Bounds range     [1e+00, 1e+00]
  RHS range        [1e-01, 1e+06]
Presolve removed 880 rows and 206 columns
Presolve time: 0.00s
Presolved: 220 rows, 116 columns, 669 nonzeros
Variable types: 30 continuous, 86 integer (57 binary)
Found heuristic solution: objective -824.9405540

Root relaxation: objective -6.491204e+03, 105 iterations, 0.00 seconds

    Nodes    |    Current Node    |     Objective Bounds      |     Work
 Expl Unexpl |  Obj  Depth IntInf | Incumbent    BestBd   Gap | It/Node Time

     0     0 -6491.2040    0   31 -824.94055 -6491.2040   687%     -    0s
H    0     0                    -912.1111569 -6491.2040   612%     -    0s
H    0     0                    -1685.792843 -6491.2040   285%     -    0s
     0     0 -5729.6165    0   39 -1685.7928 -5729.6165   240%     -    0s
H    0     0                    -4640.799674 -5729.6165  23.5%     -    0s
     0     0 -5136.4298    0   19 -4640.7997 -5136.4298  10.7%     -    0s
     0     0 -4715.6256    0   17 -4640.7997 -4715.6256  1.61%     -    0s

Cutting planes:
  Gomory: 3
  Cover: 6
  Flow cover: 4
  Zero half: 1

Explored 1 nodes (220 simplex iterations) in 0.02 seconds
Thread count was 4 (of 4 available processors)

Solution count 4: -4640.8 -1685.79 -912.111 -824.941 

Optimal solution found (tolerance 1.00e-04)
Best objective -4.640799673920e+03, best bound -4.640799673920e+03, gap 0.0000%

Gurobi 7.5.2 (linux64) logging started Thu Mar 21 00:32:56 2019

Changed value of parameter LogFile to /home/aniket/python_scripts/Plasmids/exp/2019-03-21__iterative_with_questionable/output/sample_23/1.1.1/nplasmids_1/MILP/m.log
   Prev: gurobi.log  Default: 
Changed value of parameter TimeLimit to 2400.0
   Prev: 1e+100  Min: 0.0  Max: 1e+100  Default: 1e+100
Optimize a model with 1100 rows, 322 columns and 2881 nonzeros
Variable types: 88 continuous, 234 integer (118 binary)
Coefficient statistics:
  Matrix range     [8e-02, 1e+06]
  Objective range  [4e-03, 7e+04]
  Bounds range     [1e+00, 1e+00]
  RHS range        [1e-01, 1e+06]
Presolve removed 878 rows and 206 columns
Presolve time: 0.00s
Presolved: 222 rows, 116 columns, 677 nonzeros
Variable types: 30 continuous, 86 integer (57 binary)
Found heuristic solution: objective -824.9405540

Root relaxation: objective -6.491031e+03, 102 iterations, 0.00 seconds

    Nodes    |    Current Node    |     Objective Bounds      |     Work
 Expl Unexpl |  Obj  Depth IntInf | Incumbent    BestBd   Gap | It/Node Time

     0     0 -6491.0306    0   36 -824.94055 -6491.0306   687%     -    0s
     0     0 -5725.9856    0   44 -824.94055 -5725.9856   594%     -    0s
H    0     0                    -4628.669385 -5725.9856  23.7%     -    0s
     0     0 -5135.1221    0   22 -4628.6694 -5135.1221  10.9%     -    0s
     0     0 -4697.3750    0   21 -4628.6694 -4697.3750  1.48%     -    0s

Cutting planes:
  Gomory: 2
  Cover: 6
  Flow cover: 6
  Zero half: 1

Explored 1 nodes (207 simplex iterations) in 0.02 seconds
Thread count was 4 (of 4 available processors)

Solution count 2: -4628.67 -824.941 

Optimal solution found (tolerance 1.00e-04)
Best objective -4.628669385116e+03, best bound -4.628669385116e+03, gap 0.0000%

Gurobi 7.5.2 (linux64) logging started Thu Mar 21 00:32:56 2019

Changed value of parameter LogFile to /home/aniket/python_scripts/Plasmids/exp/2019-03-21__iterative_with_questionable/output/sample_23/1.1.1/nplasmids_1/MILP/m.log
   Prev: gurobi.log  Default: 
Changed value of parameter TimeLimit to 2400.0
   Prev: 1e+100  Min: 0.0  Max: 1e+100  Default: 1e+100
Optimize a model with 1100 rows, 322 columns and 2881 nonzeros
Variable types: 88 continuous, 234 integer (118 binary)
Coefficient statistics:
  Matrix range     [8e-02, 1e+06]
  Objective range  [4e-03, 7e+04]
  Bounds range     [1e+00, 1e+00]
  RHS range        [1e-01, 1e+06]
Presolve removed 877 rows and 206 columns
Presolve time: 0.00s
Presolved: 223 rows, 116 columns, 680 nonzeros
Variable types: 30 continuous, 86 integer (57 binary)
Found heuristic solution: objective -824.9405540

Root relaxation: objective -6.472580e+03, 101 iterations, 0.00 seconds

    Nodes    |    Current Node    |     Objective Bounds      |     Work
 Expl Unexpl |  Obj  Depth IntInf | Incumbent    BestBd   Gap | It/Node Time

     0     0 -6472.5802    0   36 -824.94055 -6472.5802   685%     -    0s
H    0     0                    -2273.304721 -6472.5802   185%     -    0s
     0     0 -5498.9383    0   38 -2273.3047 -5498.9383   142%     -    0s
     0     0 -5482.4734    0   39 -2273.3047 -5482.4734   141%     -    0s
     0     0 -5482.4376    0   39 -2273.3047 -5482.4376   141%     -    0s
     0     0 -4701.9103    0   45 -2273.3047 -4701.9103   107%     -    0s
H    0     0                    -2556.639804 -4701.9103  83.9%     -    0s
     0     0 -4569.7340    0   43 -2556.6398 -4569.7340  78.7%     -    0s
     0     0 -4529.9938    0   39 -2556.6398 -4529.9938  77.2%     -    0s
     0     0 -4524.9407    0   39 -2556.6398 -4524.9407  77.0%     -    0s
     0     0 -4520.8476    0   38 -2556.6398 -4520.8476  76.8%     -    0s
     0     0 -4519.0568    0   38 -2556.6398 -4519.0568  76.8%     -    0s
     0     0 -4518.6601    0   47 -2556.6398 -4518.6601  76.7%     -    0s
     0     0 -4367.3344    0   44 -2556.6398 -4367.3344  70.8%     -    0s
     0     0 -4316.5189    0   41 -2556.6398 -4316.5189  68.8%     -    0s
     0     0 -4313.4599    0   41 -2556.6398 -4313.4599  68.7%     -    0s
     0     0 -4311.7845    0   41 -2556.6398 -4311.7845  68.7%     -    0s
     0     0 -4311.7209    0   41 -2556.6398 -4311.7209  68.6%     -    0s
     0     0 -4269.7310    0   46 -2556.6398 -4269.7310  67.0%     -    0s
H    0     0                    -2749.512583 -4269.7310  55.3%     -    0s
     0     0 -4259.8188    0   47 -2749.5126 -4259.8188  54.9%     -    0s
     0     0 -4246.4763    0   47 -2749.5126 -4246.4763  54.4%     -    0s
     0     0 -4236.8408    0   48 -2749.5126 -4236.8408  54.1%     -    0s
     0     0 -4229.1402    0   49 -2749.5126 -4229.1402  53.8%     -    0s
     0     0 -4221.5204    0   49 -2749.5126 -4221.5204  53.5%     -    0s
     0     0 -4219.0069    0   48 -2749.5126 -4219.0069  53.4%     -    0s
     0     0 -4218.9151    0   49 -2749.5126 -4218.9151  53.4%     -    0s
     0     0 -4165.2093    0   47 -2749.5126 -4165.2093  51.5%     -    0s
     0     0 -4155.2841    0   40 -2749.5126 -4155.2841  51.1%     -    0s
     0     0 -4142.0048    0   47 -2749.5126 -4142.0048  50.6%     -    0s
     0     0 -4131.5069    0   47 -2749.5126 -4131.5069  50.3%     -    0s
     0     0 -4126.2026    0   47 -2749.5126 -4126.2026  50.1%     -    0s
     0     0 -4125.7483    0   47 -2749.5126 -4125.7483  50.1%     -    0s
     0     0 -4119.1713    0   44 -2749.5126 -4119.1713  49.8%     -    0s
     0     0 -4115.9466    0   47 -2749.5126 -4115.9466  49.7%     -    0s
     0     0 -4115.4578    0   47 -2749.5126 -4115.4578  49.7%     -    0s
     0     0 -4114.5409    0   47 -2749.5126 -4114.5409  49.6%     -    0s
     0     0 -4114.5409    0   47 -2749.5126 -4114.5409  49.6%     -    0s
H    0     0                    -2752.059650 -4114.5409  49.5%     -    0s
     0     2 -4114.5409    0   47 -2752.0597 -4114.5409  49.5%     -    0s
*   10     4               3    -2754.633765 -3369.6251  22.3%  31.8    0s

Cutting planes:
  Gomory: 2
  Cover: 18
  Implied bound: 14
  Clique: 1
  MIR: 12
  Flow cover: 32
  Zero half: 2

Explored 17 nodes (880 simplex iterations) in 0.06 seconds
Thread count was 4 (of 4 available processors)

Solution count 6: -2754.63 -2752.06 -2749.51 ... -824.941

Optimal solution found (tolerance 1.00e-04)
Best objective -2.754633765297e+03, best bound -2.754633765297e+03, gap 0.0000%

Gurobi 7.5.2 (linux64) logging started Thu Mar 21 00:32:56 2019

Changed value of parameter LogFile to /home/aniket/python_scripts/Plasmids/exp/2019-03-21__iterative_with_questionable/output/sample_23/1.1.1/nplasmids_1/MILP/m.log
   Prev: gurobi.log  Default: 
Changed value of parameter TimeLimit to 2400.0
   Prev: 1e+100  Min: 0.0  Max: 1e+100  Default: 1e+100
Optimize a model with 1062 rows, 311 columns and 2752 nonzeros
Variable types: 85 continuous, 226 integer (114 binary)
Coefficient statistics:
  Matrix range     [8e-02, 1e+06]
  Objective range  [4e-03, 7e+04]
  Bounds range     [1e+00, 1e+00]
  RHS range        [1e-01, 1e+06]
Presolve removed 847 rows and 199 columns
Presolve time: 0.00s
Presolved: 215 rows, 112 columns, 654 nonzeros
Variable types: 29 continuous, 83 integer (55 binary)
Found heuristic solution: objective -1329.495216

Root relaxation: objective -4.630686e+03, 102 iterations, 0.00 seconds

    Nodes    |    Current Node    |     Objective Bounds      |     Work
 Expl Unexpl |  Obj  Depth IntInf | Incumbent    BestBd   Gap | It/Node Time

     0     0 -4630.6858    0   30 -1329.4952 -4630.6858   248%     -    0s
     0     0 -3674.0850    0   40 -1329.4952 -3674.0850   176%     -    0s
H    0     0                    -1595.045328 -3674.0850   130%     -    0s
     0     0 -3667.2896    0   40 -1595.0453 -3667.2896   130%     -    0s
     0     0 -3047.2777    0   44 -1595.0453 -3047.2777  91.0%     -    0s
H    0     0                    -1646.697949 -3047.2777  85.1%     -    0s
     0     0 -2993.8265    0   45 -1646.6979 -2993.8265  81.8%     -    0s
     0     0 -2991.6836    0   45 -1646.6979 -2991.6836  81.7%     -    0s
     0     0 -2991.3002    0   45 -1646.6979 -2991.3002  81.7%     -    0s
     0     0 -2755.6766    0   45 -1646.6979 -2755.6766  67.3%     -    0s
H    0     0                    -1865.199293 -2755.6766  47.7%     -    0s
     0     0 -2743.7859    0   45 -1865.1993 -2743.7859  47.1%     -    0s
     0     0 -2742.3130    0   45 -1865.1993 -2742.3130  47.0%     -    0s
     0     0 -2605.4151    0   44 -1865.1993 -2605.4151  39.7%     -    0s
     0     0 -2493.0959    0   37 -1865.1993 -2493.0959  33.7%     -    0s
     0     0 -2482.7182    0   43 -1865.1993 -2482.7182  33.1%     -    0s
     0     0 -2481.2863    0   41 -1865.1993 -2481.2863  33.0%     -    0s
     0     0 -2480.7575    0   41 -1865.1993 -2480.7575  33.0%     -    0s
     0     0 -2430.5203    0   42 -1865.1993 -2430.5203  30.3%     -    0s
     0     0 -2429.8546    0   42 -1865.1993 -2429.8546  30.3%     -    0s
     0     0 -2380.6472    0   40 -1865.1993 -2380.6472  27.6%     -    0s
H    0     0                    -1885.411198 -2380.6472  26.3%     -    0s
     0     0 -2372.7014    0   45 -1885.4112 -2372.7014  25.8%     -    0s
     0     0 -2358.5148    0   44 -1885.4112 -2358.5148  25.1%     -    0s
     0     0 -2355.7478    0   45 -1885.4112 -2355.7478  24.9%     -    0s
     0     0 -2354.0527    0   45 -1885.4112 -2354.0527  24.9%     -    0s
     0     0 -2354.0527    0   45 -1885.4112 -2354.0527  24.9%     -    0s
     0     0 -2352.7959    0   45 -1885.4112 -2352.7959  24.8%     -    0s
     0     0 -2351.4989    0   46 -1885.4112 -2351.4989  24.7%     -    0s
     0     0 -2351.4892    0   45 -1885.4112 -2351.4892  24.7%     -    0s
     0     0 -2339.2955    0   39 -1885.4112 -2339.2955  24.1%     -    0s
     0     0 -2338.9031    0   39 -1885.4112 -2338.9031  24.1%     -    0s
     0     0 -2336.9164    0   42 -1885.4112 -2336.9164  23.9%     -    0s
     0     0 -2334.7698    0   41 -1885.4112 -2334.7698  23.8%     -    0s
     0     0 -2334.2018    0   41 -1885.4112 -2334.2018  23.8%     -    0s
     0     0 -2328.8877    0   39 -1885.4112 -2328.8877  23.5%     -    0s
     0     0 -2328.8877    0   36 -1885.4112 -2328.8877  23.5%     -    0s
     0     0 -2328.8877    0   40 -1885.4112 -2328.8877  23.5%     -    0s
     0     0 -2328.8877    0   41 -1885.4112 -2328.8877  23.5%     -    0s
     0     0 -2327.4282    0   36 -1885.4112 -2327.4282  23.4%     -    0s
     0     0 -2322.6114    0   34 -1885.4112 -2322.6114  23.2%     -    0s
     0     0 -2319.6318    0   37 -1885.4112 -2319.6318  23.0%     -    0s
     0     0 -2319.6093    0   36 -1885.4112 -2319.6093  23.0%     -    0s
     0     0 -2319.6052    0   36 -1885.4112 -2319.6052  23.0%     -    0s
     0     0 -2319.6052    0   35 -1885.4112 -2319.6052  23.0%     -    0s
     0     2 -2319.6052    0   35 -1885.4112 -2319.6052  23.0%     -    0s

Cutting planes:
  MIR: 9
  Flow cover: 12

Explored 24 nodes (1144 simplex iterations) in 0.08 seconds
Thread count was 4 (of 4 available processors)

Solution count 5: -1885.41 -1865.2 -1646.7 ... -1329.5

Optimal solution found (tolerance 1.00e-04)
Best objective -1.885411198053e+03, best bound -1.885411198053e+03, gap 0.0000%

Gurobi 7.5.2 (linux64) logging started Thu Mar 21 00:32:56 2019

Changed value of parameter LogFile to /home/aniket/python_scripts/Plasmids/exp/2019-03-21__iterative_with_questionable/output/sample_23/1.1.1/nplasmids_1/MILP/m.log
   Prev: gurobi.log  Default: 
Changed value of parameter TimeLimit to 2400.0
   Prev: 1e+100  Min: 0.0  Max: 1e+100  Default: 1e+100
Optimize a model with 901 rows, 264 columns and 2218 nonzeros
Variable types: 73 continuous, 191 integer (95 binary)
Coefficient statistics:
  Matrix range     [8e-02, 1e+06]
  Objective range  [4e-03, 7e+04]
  Bounds range     [1e+00, 1e+00]
  RHS range        [8e-02, 1e+06]
Presolve removed 735 rows and 179 columns
Presolve time: 0.00s
Presolved: 166 rows, 85 columns, 492 nonzeros
Variable types: 23 continuous, 62 integer (40 binary)
Found heuristic solution: objective -398.5251214

Root relaxation: objective -3.573432e+03, 63 iterations, 0.00 seconds

    Nodes    |    Current Node    |     Objective Bounds      |     Work
 Expl Unexpl |  Obj  Depth IntInf | Incumbent    BestBd   Gap | It/Node Time

     0     0 -3573.4324    0   17 -398.52512 -3573.4324   797%     -    0s
H    0     0                    -691.3710235 -3573.4324   417%     -    0s
H    0     0                    -1100.806007 -3573.4324   225%     -    0s
     0     0 -2579.6070    0   25 -1100.8060 -2579.6070   134%     -    0s
     0     0 -2540.6689    0   26 -1100.8060 -2540.6689   131%     -    0s
     0     0 -2152.7731    0   24 -1100.8060 -2152.7731  95.6%     -    0s
     0     0 -2133.7616    0   24 -1100.8060 -2133.7616  93.8%     -    0s
     0     0 -2129.3364    0   24 -1100.8060 -2129.3364  93.4%     -    0s
     0     0 -2119.6916    0   27 -1100.8060 -2119.6916  92.6%     -    0s
     0     0 -2116.7727    0   28 -1100.8060 -2116.7727  92.3%     -    0s
     0     0 -2087.3653    0   28 -1100.8060 -2087.3653  89.6%     -    0s
H    0     0                    -1522.040485 -2087.3653  37.1%     -    0s
     0     0 -2066.5875    0   29 -1522.0405 -2066.5875  35.8%     -    0s
     0     0 -2000.6821    0    9 -1522.0405 -2000.6821  31.4%     -    0s
H    0     0                    -1524.614600 -2000.6821  31.2%     -    0s
     0     0 -2000.6821    0   10 -1524.6146 -2000.6821  31.2%     -    0s
     0     0 -1808.1543    0   12 -1524.6146 -1808.1543  18.6%     -    0s
     0     0 -1722.8086    0   10 -1524.6146 -1722.8086  13.0%     -    0s
     0     0     cutoff    0      -1524.6146 -1524.6146  0.00%     -    0s

Cutting planes:
  Gomory: 2
  Implied bound: 8
  Flow cover: 5

Explored 1 nodes (231 simplex iterations) in 0.02 seconds
Thread count was 4 (of 4 available processors)

Solution count 5: -1524.61 -1522.04 -1100.81 ... -398.525

Optimal solution found (tolerance 1.00e-04)
Best objective -1.524614599555e+03, best bound -1.524614599555e+03, gap 0.0000%

Gurobi 7.5.2 (linux64) logging started Thu Mar 21 00:32:56 2019

Changed value of parameter LogFile to /home/aniket/python_scripts/Plasmids/exp/2019-03-21__iterative_with_questionable/output/sample_23/1.1.1/nplasmids_1/MILP/m.log
   Prev: gurobi.log  Default: 
Changed value of parameter TimeLimit to 2400.0
   Prev: 1e+100  Min: 0.0  Max: 1e+100  Default: 1e+100
Optimize a model with 862 rows, 252 columns and 2092 nonzeros
Variable types: 70 continuous, 182 integer (90 binary)
Coefficient statistics:
  Matrix range     [8e-02, 1e+06]
  Objective range  [4e-03, 7e+04]
  Bounds range     [1e+00, 1e+00]
  RHS range        [8e-02, 1e+06]
Presolve removed 711 rows and 173 columns
Presolve time: 0.00s
Presolved: 151 rows, 79 columns, 443 nonzeros
Variable types: 22 continuous, 57 integer (36 binary)
Found heuristic solution: objective -359.6115852

Root relaxation: objective -1.523548e+03, 57 iterations, 0.00 seconds

    Nodes    |    Current Node    |     Objective Bounds      |     Work
 Expl Unexpl |  Obj  Depth IntInf | Incumbent    BestBd   Gap | It/Node Time

     0     0 -1523.5482    0   20 -359.61159 -1523.5482   324%     -    0s
H    0     0                    -995.6975794 -1523.5482  53.0%     -    0s
     0     0     cutoff    0      -995.69758 -995.69758  0.00%     -    0s

Explored 1 nodes (61 simplex iterations) in 0.01 seconds
Thread count was 4 (of 4 available processors)

Solution count 2: -995.698 -359.612 

Optimal solution found (tolerance 1.00e-04)
Best objective -9.956975794234e+02, best bound -9.956975794234e+02, gap 0.0000%

Gurobi 7.5.2 (linux64) logging started Thu Mar 21 00:32:56 2019

Changed value of parameter LogFile to /home/aniket/python_scripts/Plasmids/exp/2019-03-21__iterative_with_questionable/output/sample_23/1.1.1/nplasmids_1/MILP/m.log
   Prev: gurobi.log  Default: 
Changed value of parameter TimeLimit to 2400.0
   Prev: 1e+100  Min: 0.0  Max: 1e+100  Default: 1e+100
Optimize a model with 820 rows, 239 columns and 1956 nonzeros
Variable types: 67 continuous, 172 integer (84 binary)
Coefficient statistics:
  Matrix range     [8e-02, 1e+06]
  Objective range  [4e-03, 7e+04]
  Bounds range     [1e+00, 1e+00]
  RHS range        [8e-02, 1e+06]
Presolve removed 698 rows and 173 columns
Presolve time: 0.00s
Presolved: 122 rows, 66 columns, 355 nonzeros
Variable types: 19 continuous, 47 integer (47 binary)
Found heuristic solution: objective -600.9920728

Root relaxation: objective -6.210538e+02, 49 iterations, 0.00 seconds

    Nodes    |    Current Node    |     Objective Bounds      |     Work
 Expl Unexpl |  Obj  Depth IntInf | Incumbent    BestBd   Gap | It/Node Time

     0     0 -621.05384    0    5 -600.99207 -621.05384  3.34%     -    0s
H    0     0                    -604.6296208 -621.05384  2.72%     -    0s
H    0     0                    -607.5757818 -621.05384  2.22%     -    0s
     0     0 -612.78134    0    3 -607.57578 -612.78134  0.86%     -    0s
     0     0 -610.92215    0    4 -607.57578 -610.92215  0.55%     -    0s
H    0     0                    -610.7683222 -610.92215  0.03%     -    0s

Explored 1 nodes (102 simplex iterations) in 0.01 seconds
Thread count was 4 (of 4 available processors)

Solution count 5: -610.768 -607.576 -607.576 ... -600.992

Optimal solution found (tolerance 1.00e-04)
Best objective -6.107683222139e+02, best bound -6.107683222139e+02, gap 0.0000%

Gurobi 7.5.2 (linux64) logging started Thu Mar 21 00:32:56 2019

Changed value of parameter LogFile to /home/aniket/python_scripts/Plasmids/exp/2019-03-21__iterative_with_questionable/output/sample_23/1.1.1/nplasmids_1/MILP/m.log
   Prev: gurobi.log  Default: 
Changed value of parameter TimeLimit to 2400.0
   Prev: 1e+100  Min: 0.0  Max: 1e+100  Default: 1e+100
Optimize a model with 705 rows, 205 columns and 1612 nonzeros
Variable types: 58 continuous, 147 integer (71 binary)
Coefficient statistics:
  Matrix range     [7e-02, 1e+06]
  Objective range  [4e-03, 7e+04]
  Bounds range     [1e+00, 1e+00]
  RHS range        [7e-02, 1e+06]
Presolve removed 642 rows and 168 columns
Presolve time: 0.00s
Presolved: 63 rows, 37 columns, 170 nonzeros
Variable types: 15 continuous, 22 integer (21 binary)
Found heuristic solution: objective 1489.0464104
Found heuristic solution: objective -394.3719123

Root relaxation: objective -4.842360e+02, 20 iterations, 0.00 seconds

    Nodes    |    Current Node    |     Objective Bounds      |     Work
 Expl Unexpl |  Obj  Depth IntInf | Incumbent    BestBd   Gap | It/Node Time

*    0     0               0    -484.2360332 -484.23603  0.00%     -    0s

Explored 0 nodes (20 simplex iterations) in 0.00 seconds
Thread count was 4 (of 4 available processors)

Solution count 3: -484.236 -394.372 1489.05 

Optimal solution found (tolerance 1.00e-04)
Best objective -4.842360321619e+02, best bound -4.842360321619e+02, gap 0.0000%

Gurobi 7.5.2 (linux64) logging started Thu Mar 21 00:32:56 2019

Changed value of parameter LogFile to /home/aniket/python_scripts/Plasmids/exp/2019-03-21__iterative_with_questionable/output/sample_23/1.1.1/nplasmids_1/MILP/m.log
   Prev: gurobi.log  Default: 
Changed value of parameter TimeLimit to 2400.0
   Prev: 1e+100  Min: 0.0  Max: 1e+100  Default: 1e+100
Optimize a model with 188 rows, 56 columns and 349 nonzeros
Variable types: 16 continuous, 40 integer (20 binary)
Coefficient statistics:
  Matrix range     [7e-02, 1e+06]
  Objective range  [4e-02, 3e+03]
  Bounds range     [1e+00, 1e+00]
  RHS range        [7e-02, 1e+06]
Presolve removed 81 rows and 0 columns
Presolve time: 0.00s

Explored 0 nodes (0 simplex iterations) in 0.00 seconds
Thread count was 1 (of 4 available processors)

Solution count 0

Model is infeasible or unbounded
Best objective -, best bound -, gap -
Presolve removed 81 rows and 0 columns
Presolve time: 0.00s

Explored 0 nodes (0 simplex iterations) in 0.00 seconds
Thread count was 1 (of 4 available processors)

Solution count 0

Model is infeasible
Best objective -, best bound -, gap -

Computing Irreducible Inconsistent Subsystem (IIS)...

      Constraints           Bounds       Runtime
     Min       Max       Min      Max
------------------------------------------------
        0      153         0       36         0s
        9        9         0        0         0s

IIS computed: 9 constraints, 0 bounds
IIS runtime: 0.02 seconds
Warning: linear constraint 0 and linear constraint 1 have the same name "extr_ubd"
