Iteration 1
1	deque([(('16', 'h'), ('16', 't'))])

Chosen seed at iteration 1: 1
Chosen chr at iteration 1


Iteration 2
2	deque([(('108', 'h'), ('89', 't')), (('89', 'h'), ('34', 'h')), (('76', 'h'), ('34', 't')), (('76', 't'), ('67', 't')), (('67', 'h'), ('38', 't')), (('38', 'h'), ('87', 't')), (('87', 'h'), ('19', 'h')), (('79', 'h'), ('19', 't')), (('80', 't'), ('79', 't')), (('80', 'h'), ('108', 't'))])

Chosen seed at iteration 2: 1
Chosen chr at iteration 2


Iteration 3
3	deque([(('89', 'h'), ('34', 'h')), (('108', 'h'), ('89', 't')), (('80', 'h'), ('108', 't')), (('104', 't'), ('80', 't')), (('104', 'h'), ('93', 'h')), (('93', 't'), ('18', 't')), (('38', 'h'), ('18', 'h')), (('67', 'h'), ('38', 't')), (('76', 't'), ('67', 't')), (('76', 'h'), ('34', 't'))])
3	deque([(('90', 'h'), ('28', 't')), (('49', 'h'), ('90', 't')), (('28', 'h'), ('49', 't'))])

Chosen seed at iteration 3: 1
Chosen chr at iteration 3


Iteration 4
4	deque([(('97', 't'), ('38', 't')), (('97', 'h'), ('68', 't')), (('95', 'h'), ('68', 'h')), (('95', 't'), ('34', 't')), (('89', 'h'), ('34', 'h')), (('108', 'h'), ('89', 't')), (('80', 'h'), ('108', 't')), (('80', 't'), ('79', 't')), (('79', 'h'), ('19', 't')), (('87', 'h'), ('19', 'h')), (('38', 'h'), ('87', 't'))])

Chosen seed at iteration 4: 1
Chosen chr at iteration 4


Iteration 5
5	deque([(('79', 'h'), ('19', 't')), (('87', 'h'), ('19', 'h')), (('38', 'h'), ('87', 't')), (('67', 'h'), ('38', 't')), (('76', 't'), ('67', 't')), (('76', 'h'), ('34', 't')), (('101', 'h'), ('34', 'h')), (('82', 'h'), ('101', 't')), (('108', 'h'), ('82', 't')), (('80', 'h'), ('108', 't')), (('80', 't'), ('79', 't'))])
5	deque([(('49', 'h'), ('90', 't')), (('28', 'h'), ('49', 't')), (('90', 'h'), ('28', 't'))])

Chosen seed at iteration 5: 1
Chosen chr at iteration 5


Iteration 6
6	deque([(('79', 'h'), ('19', 't')), (('80', 't'), ('79', 't')), (('80', 'h'), ('94', 't')), (('94', 'h'), ('101', 't')), (('101', 'h'), ('34', 'h')), (('76', 'h'), ('34', 't')), (('76', 't'), ('67', 't')), (('67', 'h'), ('38', 't')), (('38', 'h'), ('87', 't')), (('87', 'h'), ('19', 'h'))])

Chosen seed at iteration 6: 1
Chosen chr at iteration 6


Iteration 7
7	deque([(('76', 'h'), ('34', 't')), (('89', 'h'), ('34', 'h')), (('108', 'h'), ('89', 't')), (('80', 'h'), ('108', 't')), (('80', 't'), ('79', 't')), (('79', 'h'), ('19', 't')), (('87', 'h'), ('19', 'h')), (('38', 'h'), ('87', 't')), (('100', 'h'), ('38', 't')), (('100', 't'), ('59', 't')), (('59', 'h'), ('76', 't'))])
7	deque([(('28', 'h'), ('49', 't')), (('90', 'h'), ('28', 't')), (('49', 'h'), ('90', 't'))])

Chosen seed at iteration 7: 2
Chosen chr at iteration 7


Iteration 8
8	deque([(('100', 't'), ('59', 't')), (('59', 'h'), ('76', 't')), (('76', 'h'), ('34', 't')), (('101', 'h'), ('34', 'h')), (('94', 'h'), ('101', 't')), (('80', 'h'), ('94', 't')), (('80', 't'), ('79', 't')), (('79', 'h'), ('19', 't')), (('87', 'h'), ('19', 'h')), (('38', 'h'), ('87', 't')), (('100', 'h'), ('38', 't'))])

Chosen seed at iteration 8: 1
Chosen chr at iteration 8


Iteration 9
9	deque([(('101', 'h'), ('34', 'h')), (('94', 'h'), ('101', 't')), (('80', 'h'), ('94', 't')), (('80', 't'), ('79', 't')), (('79', 'h'), ('19', 't')), (('87', 'h'), ('19', 'h')), (('38', 'h'), ('87', 't')), (('97', 't'), ('38', 't')), (('97', 'h'), ('68', 't')), (('95', 'h'), ('68', 'h')), (('95', 't'), ('34', 't'))])

Chosen seed at iteration 9: 1
Chosen chr at iteration 9


Iteration 10
10	deque([(('76', 'h'), ('34', 't')), (('89', 'h'), ('34', 'h')), (('108', 'h'), ('89', 't')), (('80', 'h'), ('108', 't')), (('104', 't'), ('80', 't')), (('104', 'h'), ('93', 'h')), (('30', 'h'), ('93', 't')), (('46', 'h'), ('30', 't')), (('46', 't'), ('25', 't')), (('105', 'h'), ('25', 'h')), (('86', 'h'), ('105', 't')), (('99', 't'), ('86', 't')), (('99', 'h'), ('38', 'h')), (('67', 'h'), ('38', 't')), (('76', 't'), ('67', 't'))])

Chosen seed at iteration 10: 1
Chosen chr at iteration 10


Iteration 11
11	deque([(('89', 'h'), ('34', 'h')), (('108', 'h'), ('89', 't')), (('80', 'h'), ('108', 't')), (('104', 't'), ('80', 't')), (('104', 'h'), ('93', 'h')), (('93', 't'), ('18', 't')), (('38', 'h'), ('18', 'h')), (('100', 'h'), ('38', 't')), (('100', 't'), ('59', 't')), (('59', 'h'), ('76', 't')), (('76', 'h'), ('34', 't'))])

Chosen seed at iteration 11: 1
Chosen chr at iteration 11


Iteration 12
12	deque([(('76', 't'), ('67', 't')), (('76', 'h'), ('34', 't')), (('101', 'h'), ('34', 'h')), (('82', 'h'), ('101', 't')), (('108', 'h'), ('82', 't')), (('80', 'h'), ('108', 't')), (('104', 't'), ('80', 't')), (('104', 'h'), ('93', 'h')), (('93', 't'), ('18', 't')), (('38', 'h'), ('18', 'h')), (('67', 'h'), ('38', 't'))])
12	deque([(('74', 'h'), ('74', 't'))])

Chosen seed at iteration 12: 1
Chosen chr at iteration 12


Iteration 13
13	deque([(('76', 'h'), ('34', 't')), (('101', 'h'), ('34', 'h')), (('82', 'h'), ('101', 't')), (('108', 'h'), ('82', 't')), (('80', 'h'), ('108', 't')), (('80', 't'), ('79', 't')), (('79', 'h'), ('19', 't')), (('87', 'h'), ('19', 'h')), (('38', 'h'), ('87', 't')), (('100', 'h'), ('38', 't')), (('100', 't'), ('59', 't')), (('59', 'h'), ('76', 't'))])

Chosen seed at iteration 13: 1
Chosen chr at iteration 13


Iteration 14
14	deque([(('108', 'h'), ('89', 't')), (('89', 'h'), ('34', 'h')), (('95', 't'), ('34', 't')), (('95', 'h'), ('68', 'h')), (('97', 'h'), ('68', 't')), (('97', 't'), ('38', 't')), (('38', 'h'), ('18', 'h')), (('93', 't'), ('18', 't')), (('104', 'h'), ('93', 'h')), (('104', 't'), ('80', 't')), (('80', 'h'), ('108', 't'))])

Chosen seed at iteration 14: 1
Chosen chr at iteration 14


Iteration 15
15	deque([(('38', 'h'), ('18', 'h')), (('67', 'h'), ('38', 't')), (('76', 't'), ('67', 't')), (('76', 'h'), ('34', 't')), (('101', 'h'), ('34', 'h')), (('94', 'h'), ('101', 't')), (('80', 'h'), ('94', 't')), (('104', 't'), ('80', 't')), (('104', 'h'), ('93', 'h')), (('93', 't'), ('18', 't'))])

Chosen seed at iteration 15: 1
Chosen chr at iteration 15


Iteration 16
16	deque([(('97', 't'), ('38', 't')), (('97', 'h'), ('68', 't')), (('95', 'h'), ('68', 'h')), (('95', 't'), ('34', 't')), (('101', 'h'), ('34', 'h')), (('82', 'h'), ('101', 't')), (('108', 'h'), ('82', 't')), (('80', 'h'), ('108', 't')), (('80', 't'), ('79', 't')), (('79', 'h'), ('19', 't')), (('87', 'h'), ('19', 'h')), (('38', 'h'), ('87', 't'))])

Chosen seed at iteration 16: 1
Chosen chr at iteration 16


Iteration 17
Iteration 1
1	deque([(('16', 'h'), ('16', 't'))])

Chosen seed at iteration 1: 1
Chosen chr at iteration 1


Iteration 2
2	deque([(('67', 'h'), ('38', 't')), (('38', 'h'), ('18', 'h')), (('93', 't'), ('18', 't')), (('104', 'h'), ('93', 'h')), (('104', 't'), ('80', 't')), (('80', 'h'), ('94', 't')), (('94', 'h'), ('101', 't')), (('101', 'h'), ('34', 'h')), (('76', 'h'), ('34', 't')), (('76', 't'), ('67', 't'))])

Chosen seed at iteration 2: 1
Chosen chr at iteration 2


Iteration 3
Iteration 1
1	deque([(('16', 'h'), ('16', 't'))])

Chosen seed at iteration 1: 1
Chosen chr at iteration 1


Iteration 2
2	deque([(('90', 'h'), ('29', 't')), (('29', 'h'), ('49', 't')), (('49', 'h'), ('90', 't'))])

Chosen seed at iteration 2: 1
Chosen chr at iteration 2


Iteration 3
3	deque([(('46', 'h'), ('30', 't')), (('30', 'h'), ('93', 't')), (('104', 'h'), ('93', 'h')), (('104', 't'), ('80', 't')), (('80', 'h'), ('108', 't')), (('108', 'h'), ('82', 't')), (('82', 'h'), ('101', 't')), (('101', 'h'), ('34', 'h')), (('76', 'h'), ('34', 't')), (('59', 'h'), ('76', 't')), (('100', 't'), ('59', 't')), (('100', 'h'), ('38', 't')), (('99', 'h'), ('38', 'h')), (('99', 't'), ('86', 't')), (('86', 'h'), ('105', 't')), (('105', 'h'), ('25', 'h')), (('46', 't'), ('25', 't'))])
3	deque([(('74', 'h'), ('74', 't'))])

Chosen seed at iteration 3: 2
Chosen chr at iteration 3


Iteration 4
4	deque([(('104', 't'), ('80', 't')), (('80', 'h'), ('108', 't')), (('108', 'h'), ('89', 't')), (('89', 'h'), ('34', 'h')), (('95', 't'), ('34', 't')), (('95', 'h'), ('68', 'h')), (('97', 'h'), ('68', 't')), (('97', 't'), ('38', 't')), (('99', 'h'), ('38', 'h')), (('99', 't'), ('86', 't')), (('86', 'h'), ('105', 't')), (('105', 'h'), ('25', 'h')), (('46', 't'), ('25', 't')), (('46', 'h'), ('30', 't')), (('30', 'h'), ('93', 't')), (('104', 'h'), ('93', 'h'))])

Chosen seed at iteration 4: 1
Chosen chr at iteration 4


Iteration 5
Iteration 1
1	deque([(('16', 'h'), ('16', 't'))])

Chosen seed at iteration 1: 1
Chosen chr at iteration 1


Iteration 2
2	deque([(('90', 'h'), ('33', 't')), (('33', 'h'), ('49', 't')), (('49', 'h'), ('90', 't'))])

Chosen seed at iteration 2: 1
Chosen chr at iteration 2


Iteration 3
Iteration 1
1	deque([(('16', 'h'), ('16', 't'))])

Chosen seed at iteration 1: 1
Chosen chr at iteration 1


Iteration 2
2	deque([(('76', 'h'), ('34', 't')), (('89', 'h'), ('34', 'h')), (('108', 'h'), ('89', 't')), (('80', 'h'), ('108', 't')), (('104', 't'), ('80', 't')), (('104', 'h'), ('93', 'h')), (('30', 'h'), ('93', 't')), (('46', 'h'), ('30', 't')), (('46', 't'), ('23', 't')), (('23', 'h'), ('98', 't')), (('98', 'h'), ('86', 'h')), (('99', 't'), ('86', 't')), (('99', 'h'), ('38', 'h')), (('67', 'h'), ('38', 't')), (('76', 't'), ('67', 't'))])

Chosen seed at iteration 2: 1
Chosen chr at iteration 2


Iteration 3
Iteration 1
1	deque([(('16', 'h'), ('16', 't'))])

Chosen seed at iteration 1: 1
Chosen chr at iteration 1


Iteration 2
Iteration 1
1	deque([(('16', 'h'), ('16', 't'))])

Chosen seed at iteration 1: 1
Chosen chr at iteration 1


Iteration 2
Iteration 1
Iteration 1
