
Gurobi 7.5.2 (linux64, Python) logging started Sat Apr 20 19:31:31 2019

Academic license - for non-commercial use only

Gurobi 7.5.2 (linux64, Python) logging started Sat Apr 20 19:32:58 2019

Academic license - for non-commercial use only

Gurobi 7.5.2 (linux64, Python) logging started Sat Apr 20 19:34:35 2019

Academic license - for non-commercial use only

Gurobi 7.5.2 (linux64, Python) logging started Sat Apr 20 19:35:19 2019

Academic license - for non-commercial use only

Gurobi 7.5.2 (linux64, Python) logging started Sat Apr 20 20:35:18 2019

Academic license - for non-commercial use only

Gurobi 7.5.2 (linux64, Python) logging started Sat Apr 20 20:37:04 2019

Academic license - for non-commercial use only

Gurobi 7.5.2 (linux64, Python) logging started Sat Apr 20 20:38:25 2019

Academic license - for non-commercial use only

Gurobi 7.5.2 (linux64, Python) logging started Sat Apr 20 20:40:13 2019

Academic license - for non-commercial use only

Gurobi 7.5.2 (linux64, Python) logging started Sat Apr 20 20:40:31 2019

Academic license - for non-commercial use only

Gurobi 7.5.2 (linux64, Python) logging started Sat Apr 20 20:42:49 2019

Academic license - for non-commercial use only

Gurobi 7.5.2 (linux64, Python) logging started Sat Apr 20 20:43:30 2019

Academic license - for non-commercial use only

Gurobi 7.5.2 (linux64, Python) logging started Sat Apr 20 20:45:56 2019

Academic license - for non-commercial use only

Gurobi 7.5.2 (linux64, Python) logging started Sat Apr 20 20:46:21 2019

Academic license - for non-commercial use only

Gurobi 7.5.2 (linux64, Python) logging started Mon Apr 22 16:28:13 2019

Academic license - for non-commercial use only

Gurobi 7.5.2 (linux64, Python) logging started Mon Apr 22 16:33:22 2019

Academic license - for non-commercial use only

Gurobi 7.5.2 (linux64, Python) logging started Mon Apr 22 16:35:45 2019

Academic license - for non-commercial use only

Gurobi 7.5.2 (linux64, Python) logging started Mon Apr 22 18:01:29 2019

Academic license - for non-commercial use only

Gurobi 7.5.2 (linux64, Python) logging started Mon Apr 22 18:02:17 2019

Academic license - for non-commercial use only

Gurobi 7.5.2 (linux64, Python) logging started Mon Apr 22 18:10:27 2019

Academic license - for non-commercial use only

Gurobi 7.5.2 (linux64, Python) logging started Mon Apr 22 18:15:22 2019

Academic license - for non-commercial use only

Gurobi 7.5.2 (linux64, Python) logging started Mon Apr 22 18:18:33 2019

Academic license - for non-commercial use only

Gurobi 7.5.2 (linux64, Python) logging started Mon Apr 22 18:41:23 2019

Academic license - for non-commercial use only

Gurobi 7.5.2 (linux64, Python) logging started Mon Apr 22 18:48:56 2019

Academic license - for non-commercial use only

Gurobi 7.5.2 (linux64, Python) logging started Mon Apr 22 20:13:59 2019

Academic license - for non-commercial use only

Gurobi 7.5.2 (linux64, Python) logging started Mon Apr 22 20:16:29 2019

Academic license - for non-commercial use only

Gurobi 7.5.2 (linux64, Python) logging started Mon Apr 22 20:41:10 2019

Academic license - for non-commercial use only

Gurobi 7.5.2 (linux64, Python) logging started Mon Apr 22 20:44:12 2019

Academic license - for non-commercial use only

Gurobi 7.5.2 (linux64, Python) logging started Mon Apr 22 21:18:22 2019

Academic license - for non-commercial use only

Gurobi 7.5.2 (linux64, Python) logging started Mon Apr 22 21:20:45 2019

Academic license - for non-commercial use only

Gurobi 7.5.2 (linux64, Python) logging started Tue Apr 23 17:11:45 2019

Academic license - for non-commercial use only

Gurobi 7.5.2 (linux64, Python) logging started Wed Apr 24 15:52:16 2019

Academic license - for non-commercial use only

Gurobi 7.5.2 (linux64, Python) logging started Wed Apr 24 15:57:52 2019

Academic license - for non-commercial use only

Gurobi 7.5.2 (linux64, Python) logging started Wed Apr 24 16:31:33 2019

Academic license - for non-commercial use only

Gurobi 7.5.2 (linux64, Python) logging started Wed Apr 24 16:33:23 2019

Academic license - for non-commercial use only

Gurobi 7.5.2 (linux64, Python) logging started Wed Apr 24 16:35:11 2019

Academic license - for non-commercial use only

Gurobi 7.5.2 (linux64, Python) logging started Wed Apr 24 16:50:30 2019

Academic license - for non-commercial use only

Gurobi 7.5.2 (linux64, Python) logging started Wed Apr 24 16:57:39 2019

Academic license - for non-commercial use only

Gurobi 7.5.2 (linux64, Python) logging started Wed Apr 24 17:23:20 2019

Academic license - for non-commercial use only

Gurobi 7.5.2 (linux64, Python) logging started Thu Apr 25 13:05:04 2019

Academic license - for non-commercial use only

Gurobi 7.5.2 (linux64, Python) logging started Thu Apr 25 14:06:32 2019

Academic license - for non-commercial use only

Gurobi 7.5.2 (linux64, Python) logging started Thu Apr 25 14:07:05 2019

Academic license - for non-commercial use only

Gurobi 7.5.2 (linux64, Python) logging started Thu Apr 25 14:22:00 2019

Academic license - for non-commercial use only

Gurobi 7.5.2 (linux64, Python) logging started Thu Apr 25 14:30:39 2019

Academic license - for non-commercial use only

Gurobi 7.5.2 (linux64, Python) logging started Thu Apr 25 14:35:05 2019

Academic license - for non-commercial use only

Gurobi 7.5.2 (linux64, Python) logging started Thu Apr 25 14:54:57 2019

Academic license - for non-commercial use only

Gurobi 7.5.2 (linux64, Python) logging started Thu Apr 25 16:09:48 2019

Academic license - for non-commercial use only

Gurobi 7.5.2 (linux64, Python) logging started Thu Apr 25 19:36:08 2019

Academic license - for non-commercial use only

Gurobi 7.5.2 (linux64, Python) logging started Thu Apr 25 20:05:57 2019

Academic license - for non-commercial use only

Gurobi 7.5.2 (linux64, Python) logging started Thu Apr 25 20:07:25 2019

Academic license - for non-commercial use only

Gurobi 7.5.2 (linux64, Python) logging started Thu Apr 25 20:08:19 2019

Academic license - for non-commercial use only

Gurobi 7.5.2 (linux64, Python) logging started Thu Apr 25 20:10:42 2019

Academic license - for non-commercial use only

Gurobi 7.5.2 (linux64, Python) logging started Thu Apr 25 20:11:31 2019

Academic license - for non-commercial use only

Gurobi 7.5.2 (linux64, Python) logging started Thu Apr 25 20:17:57 2019

Academic license - for non-commercial use only

Gurobi 7.5.2 (linux64, Python) logging started Fri Apr 26 10:55:38 2019

Academic license - for non-commercial use only

Gurobi 7.5.2 (linux64, Python) logging started Fri Apr 26 11:07:24 2019

Academic license - for non-commercial use only

Gurobi 7.5.2 (linux64, Python) logging started Fri Apr 26 11:11:29 2019

Academic license - for non-commercial use only

Gurobi 7.5.2 (linux64, Python) logging started Fri Apr 26 11:11:55 2019

Academic license - for non-commercial use only

Gurobi 7.5.2 (linux64, Python) logging started Fri Apr 26 12:02:26 2019

Academic license - for non-commercial use only

Gurobi 7.5.2 (linux64, Python) logging started Fri Apr 26 12:10:32 2019

Academic license - for non-commercial use only

Gurobi 7.5.2 (linux64, Python) logging started Fri Apr 26 12:11:16 2019

Academic license - for non-commercial use only

Gurobi 7.5.2 (linux64, Python) logging started Fri Apr 26 12:11:44 2019

Academic license - for non-commercial use only

Gurobi 7.5.2 (linux64, Python) logging started Fri Apr 26 12:12:09 2019

Academic license - for non-commercial use only

Gurobi 7.5.2 (linux64, Python) logging started Fri Apr 26 12:12:58 2019

Academic license - for non-commercial use only

Gurobi 7.5.2 (linux64, Python) logging started Fri Apr 26 12:13:30 2019

Academic license - for non-commercial use only

Gurobi 7.5.2 (linux64, Python) logging started Fri Apr 26 12:13:50 2019

Academic license - for non-commercial use only

Gurobi 7.5.2 (linux64, Python) logging started Fri Apr 26 12:13:56 2019

Academic license - for non-commercial use only

Gurobi 7.5.2 (linux64, Python) logging started Fri Apr 26 12:15:09 2019

Academic license - for non-commercial use only

Gurobi 7.5.2 (linux64, Python) logging started Fri Apr 26 12:48:32 2019

Academic license - for non-commercial use only

Gurobi 7.5.2 (linux64, Python) logging started Fri Apr 26 12:48:50 2019

Academic license - for non-commercial use only

Gurobi 7.5.2 (linux64, Python) logging started Fri Apr 26 12:49:48 2019

Academic license - for non-commercial use only

Gurobi 7.5.2 (linux64, Python) logging started Fri Apr 26 12:50:47 2019

Academic license - for non-commercial use only

Gurobi 7.5.2 (linux64, Python) logging started Fri Apr 26 12:51:18 2019

Academic license - for non-commercial use only

Gurobi 7.5.2 (linux64, Python) logging started Fri Apr 26 14:10:42 2019

Academic license - for non-commercial use only

Gurobi 7.5.2 (linux64, Python) logging started Fri Apr 26 14:12:12 2019

Academic license - for non-commercial use only

Gurobi 7.5.2 (linux64, Python) logging started Fri Apr 26 14:13:03 2019

Academic license - for non-commercial use only

Gurobi 7.5.2 (linux64, Python) logging started Fri Apr 26 14:24:52 2019

Academic license - for non-commercial use only

Gurobi 7.5.2 (linux64, Python) logging started Sat Apr 27 00:13:42 2019

Academic license - for non-commercial use only

Gurobi 7.5.2 (linux64, Python) logging started Sat Apr 27 00:15:29 2019

Academic license - for non-commercial use only

Gurobi 7.5.2 (linux64, Python) logging started Sat Apr 27 00:56:59 2019

Academic license - for non-commercial use only

Gurobi 7.5.2 (linux64, Python) logging started Sat Apr 27 18:44:45 2019

Academic license - for non-commercial use only

Gurobi 7.5.2 (linux64, Python) logging started Sat Apr 27 18:45:46 2019

Academic license - for non-commercial use only

Gurobi 7.5.2 (linux64, Python) logging started Sat Apr 27 18:48:27 2019

Academic license - for non-commercial use only

Gurobi 7.5.2 (linux64, Python) logging started Sat Apr 27 19:15:38 2019

Academic license - for non-commercial use only

Gurobi 7.5.2 (linux64, Python) logging started Sat Apr 27 22:15:41 2019

Academic license - for non-commercial use only

Gurobi 7.5.2 (linux64, Python) logging started Sat Apr 27 22:16:11 2019

Academic license - for non-commercial use only

Gurobi 7.5.2 (linux64, Python) logging started Sat Apr 27 22:17:45 2019

Academic license - for non-commercial use only

Gurobi 7.5.2 (linux64, Python) logging started Sat Apr 27 22:18:49 2019

Academic license - for non-commercial use only

Gurobi 7.5.2 (linux64, Python) logging started Sat Apr 27 22:22:05 2019

Academic license - for non-commercial use only

Gurobi 7.5.2 (linux64, Python) logging started Sat Apr 27 22:23:18 2019

Academic license - for non-commercial use only

Gurobi 7.5.2 (linux64, Python) logging started Sat Apr 27 22:25:27 2019

Academic license - for non-commercial use only

Gurobi 7.5.2 (linux64, Python) logging started Sat Apr 27 23:02:17 2019

Academic license - for non-commercial use only

Gurobi 7.5.2 (linux64, Python) logging started Sat Apr 27 23:03:51 2019

Academic license - for non-commercial use only

Gurobi 7.5.2 (linux64, Python) logging started Sat Apr 27 23:08:47 2019

Academic license - for non-commercial use only

Gurobi 7.5.2 (linux64, Python) logging started Sat Apr 27 23:12:04 2019

Academic license - for non-commercial use only

Gurobi 7.5.2 (linux64, Python) logging started Sat Apr 27 23:14:45 2019

Academic license - for non-commercial use only

Gurobi 7.5.2 (linux64, Python) logging started Sat Apr 27 23:18:35 2019

Academic license - for non-commercial use only

Gurobi 7.5.2 (linux64, Python) logging started Sat Apr 27 23:24:40 2019

Academic license - for non-commercial use only

Gurobi 7.5.2 (linux64, Python) logging started Tue Apr 30 13:03:17 2019

Academic license - for non-commercial use only

Gurobi 7.5.2 (linux64, Python) logging started Tue Apr 30 13:04:05 2019

Academic license - for non-commercial use only

Gurobi 7.5.2 (linux64, Python) logging started Tue Apr 30 13:04:37 2019

Academic license - for non-commercial use only

Gurobi 7.5.2 (linux64, Python) logging started Tue Apr 30 13:05:12 2019

Academic license - for non-commercial use only

Gurobi 7.5.2 (linux64, Python) logging started Tue Apr 30 13:06:05 2019

Academic license - for non-commercial use only

Gurobi 7.5.2 (linux64, Python) logging started Tue Apr 30 13:06:35 2019

Academic license - for non-commercial use only

Gurobi 7.5.2 (linux64, Python) logging started Tue Apr 30 13:55:32 2019

Academic license - for non-commercial use only

Gurobi 7.5.2 (linux64, Python) logging started Tue Apr 30 14:04:34 2019

Academic license - for non-commercial use only

Gurobi 7.5.2 (linux64, Python) logging started Tue Apr 30 14:19:48 2019

Academic license - for non-commercial use only

Gurobi 7.5.2 (linux64, Python) logging started Tue Apr 30 14:20:20 2019

Academic license - for non-commercial use only

Gurobi 7.5.2 (linux64, Python) logging started Mon May  6 14:10:57 2019

Academic license - for non-commercial use only

Gurobi 7.5.2 (linux64, Python) logging started Mon May  6 14:20:12 2019

Academic license - for non-commercial use only

Gurobi 7.5.2 (linux64, Python) logging started Mon May  6 14:24:05 2019

Academic license - for non-commercial use only

Gurobi 7.5.2 (linux64, Python) logging started Mon May  6 14:25:23 2019

Academic license - for non-commercial use only

Gurobi 7.5.2 (linux64, Python) logging started Mon May  6 14:28:32 2019

Academic license - for non-commercial use only

Gurobi 7.5.2 (linux64, Python) logging started Mon May  6 14:29:15 2019

Academic license - for non-commercial use only

Gurobi 7.5.2 (linux64, Python) logging started Mon May  6 14:29:30 2019

Academic license - for non-commercial use only

Gurobi 7.5.2 (linux64, Python) logging started Mon May  6 14:29:55 2019

Academic license - for non-commercial use only

Gurobi 7.5.2 (linux64, Python) logging started Mon May  6 14:44:47 2019

Academic license - for non-commercial use only

Gurobi 7.5.2 (linux64, Python) logging started Tue May  7 14:32:27 2019


Gurobi 7.5.2 (linux64, Python) logging started Tue May  7 14:34:33 2019


Gurobi 7.5.2 (linux64, Python) logging started Tue May  7 14:34:47 2019

Academic license - for non-commercial use only

Gurobi 7.5.2 (linux64, Python) logging started Tue May  7 14:36:37 2019

Academic license - for non-commercial use only

Gurobi 7.5.2 (linux64, Python) logging started Tue May  7 14:37:39 2019

Academic license - for non-commercial use only

Gurobi 7.5.2 (linux64, Python) logging started Tue May  7 14:38:51 2019

Academic license - for non-commercial use only

Gurobi 7.5.2 (linux64, Python) logging started Tue May  7 14:40:04 2019

Academic license - for non-commercial use only

Gurobi 7.5.2 (linux64, Python) logging started Tue May  7 14:40:33 2019

Academic license - for non-commercial use only

Gurobi 7.5.2 (linux64, Python) logging started Tue May  7 14:44:57 2019

Academic license - for non-commercial use only

Gurobi 7.5.2 (linux64, Python) logging started Tue May  7 14:55:05 2019


Gurobi 7.5.2 (linux64, Python) logging started Tue May  7 14:55:14 2019

Academic license - for non-commercial use only

Gurobi 7.5.2 (linux64, Python) logging started Tue May  7 14:56:41 2019

Academic license - for non-commercial use only

Gurobi 7.5.2 (linux64, Python) logging started Tue May  7 15:00:09 2019

Academic license - for non-commercial use only

Gurobi 7.5.2 (linux64, Python) logging started Tue May  7 15:01:33 2019

Academic license - for non-commercial use only

Gurobi 7.5.2 (linux64, Python) logging started Tue May  7 15:06:41 2019

Academic license - for non-commercial use only

Gurobi 7.5.2 (linux64, Python) logging started Wed May  8 02:05:06 2019

Academic license - for non-commercial use only

Gurobi 7.5.2 (linux64, Python) logging started Wed May  8 02:05:44 2019

Academic license - for non-commercial use only

Gurobi 7.5.2 (linux64, Python) logging started Wed May  8 02:06:17 2019

Academic license - for non-commercial use only

Gurobi 7.5.2 (linux64, Python) logging started Wed May  8 02:06:50 2019

Academic license - for non-commercial use only

Gurobi 7.5.2 (linux64, Python) logging started Wed May  8 02:07:01 2019

Academic license - for non-commercial use only

Gurobi 7.5.2 (linux64, Python) logging started Wed May  8 02:07:09 2019

Academic license - for non-commercial use only

Gurobi 7.5.2 (linux64, Python) logging started Wed May  8 02:16:59 2019

Academic license - for non-commercial use only

Gurobi 7.5.2 (linux64, Python) logging started Wed May  8 02:17:52 2019

Academic license - for non-commercial use only

Gurobi 7.5.2 (linux64, Python) logging started Wed May  8 02:18:00 2019

Academic license - for non-commercial use only

Gurobi 7.5.2 (linux64, Python) logging started Wed May  8 02:18:38 2019

Academic license - for non-commercial use only

Gurobi 7.5.2 (linux64, Python) logging started Wed May  8 02:18:45 2019

Academic license - for non-commercial use only

Gurobi 7.5.2 (linux64, Python) logging started Wed May  8 02:44:40 2019

Academic license - for non-commercial use only

Gurobi 7.5.2 (linux64, Python) logging started Wed May  8 02:46:45 2019

Academic license - for non-commercial use only

Gurobi 7.5.2 (linux64, Python) logging started Wed May  8 02:48:19 2019

Academic license - for non-commercial use only

Gurobi 7.5.2 (linux64, Python) logging started Wed May  8 02:50:25 2019

Academic license - for non-commercial use only

Gurobi 7.5.2 (linux64, Python) logging started Wed May  8 02:55:21 2019

Academic license - for non-commercial use only

Gurobi 7.5.2 (linux64, Python) logging started Wed May  8 02:56:45 2019

Academic license - for non-commercial use only

Gurobi 7.5.2 (linux64, Python) logging started Wed May  8 19:17:53 2019

Academic license - for non-commercial use only

Gurobi 7.5.2 (linux64, Python) logging started Wed May  8 19:49:01 2019

Academic license - for non-commercial use only

Gurobi 7.5.2 (linux64, Python) logging started Wed May  8 19:50:02 2019

Academic license - for non-commercial use only

Gurobi 7.5.2 (linux64, Python) logging started Wed May  8 19:51:39 2019

Academic license - for non-commercial use only

Gurobi 7.5.2 (linux64, Python) logging started Wed May  8 19:55:09 2019

Academic license - for non-commercial use only

Gurobi 7.5.2 (linux64, Python) logging started Wed May  8 19:55:21 2019

Academic license - for non-commercial use only

Gurobi 7.5.2 (linux64, Python) logging started Wed May  8 19:55:33 2019

Academic license - for non-commercial use only

Gurobi 7.5.2 (linux64, Python) logging started Wed May  8 20:04:47 2019

Academic license - for non-commercial use only

Gurobi 7.5.2 (linux64, Python) logging started Wed May  8 20:06:33 2019

Academic license - for non-commercial use only

Gurobi 7.5.2 (linux64, Python) logging started Wed May  8 20:09:56 2019

Academic license - for non-commercial use only

Gurobi 7.5.2 (linux64, Python) logging started Wed May  8 20:35:48 2019

Academic license - for non-commercial use only

Gurobi 7.5.2 (linux64, Python) logging started Wed May  8 20:42:42 2019

Academic license - for non-commercial use only

Gurobi 7.5.2 (linux64, Python) logging started Wed May  8 20:42:58 2019

Academic license - for non-commercial use only

Gurobi 7.5.2 (linux64, Python) logging started Wed May  8 20:44:51 2019

Academic license - for non-commercial use only

Gurobi 7.5.2 (linux64, Python) logging started Wed May  8 20:54:00 2019

Academic license - for non-commercial use only

Gurobi 7.5.2 (linux64, Python) logging started Wed May  8 20:59:34 2019

Academic license - for non-commercial use only

Gurobi 7.5.2 (linux64, Python) logging started Wed May  8 21:52:19 2019

Academic license - for non-commercial use only

Gurobi 7.5.2 (linux64, Python) logging started Wed May  8 23:30:57 2019

Academic license - for non-commercial use only

Gurobi 7.5.2 (linux64, Python) logging started Wed May  8 23:39:25 2019

Academic license - for non-commercial use only

Gurobi 7.5.2 (linux64, Python) logging started Wed May  8 23:44:46 2019

Academic license - for non-commercial use only

Gurobi 7.5.2 (linux64, Python) logging started Wed May  8 23:45:44 2019

Academic license - for non-commercial use only

Gurobi 7.5.2 (linux64, Python) logging started Wed May  8 23:46:03 2019

Academic license - for non-commercial use only

Gurobi 7.5.2 (linux64, Python) logging started Wed May  8 23:51:14 2019

Academic license - for non-commercial use only

Gurobi 7.5.2 (linux64, Python) logging started Wed May  8 23:53:24 2019

Academic license - for non-commercial use only

Gurobi 7.5.2 (linux64, Python) logging started Wed May  8 23:54:27 2019

Academic license - for non-commercial use only

Gurobi 7.5.2 (linux64, Python) logging started Wed May  8 23:55:01 2019

Academic license - for non-commercial use only

Gurobi 7.5.2 (linux64, Python) logging started Thu May  9 00:01:35 2019

Academic license - for non-commercial use only

Gurobi 7.5.2 (linux64, Python) logging started Thu May  9 00:27:28 2019

Academic license - for non-commercial use only

Gurobi 7.5.2 (linux64, Python) logging started Thu May  9 00:28:00 2019

Academic license - for non-commercial use only

Gurobi 7.5.2 (linux64, Python) logging started Thu May  9 00:30:42 2019

Academic license - for non-commercial use only

Gurobi 7.5.2 (linux64, Python) logging started Thu May  9 00:39:01 2019

Academic license - for non-commercial use only

Gurobi 7.5.2 (linux64, Python) logging started Thu May  9 00:40:18 2019

Academic license - for non-commercial use only

Gurobi 7.5.2 (linux64, Python) logging started Thu May  9 00:43:01 2019

Academic license - for non-commercial use only

Gurobi 7.5.2 (linux64, Python) logging started Thu May  9 00:50:14 2019

Academic license - for non-commercial use only

Gurobi 7.5.2 (linux64, Python) logging started Thu May  9 00:50:54 2019

Academic license - for non-commercial use only

Gurobi 7.5.2 (linux64, Python) logging started Thu May  9 00:51:56 2019

Academic license - for non-commercial use only

Gurobi 7.5.2 (linux64, Python) logging started Thu May  9 00:56:25 2019

Academic license - for non-commercial use only

Gurobi 7.5.2 (linux64, Python) logging started Thu May  9 01:07:51 2019

Academic license - for non-commercial use only

Gurobi 7.5.2 (linux64, Python) logging started Thu May  9 01:08:36 2019

Academic license - for non-commercial use only

Gurobi 7.5.2 (linux64, Python) logging started Thu May  9 01:50:18 2019

Academic license - for non-commercial use only

Gurobi 7.5.2 (linux64, Python) logging started Thu May  9 01:51:17 2019

Academic license - for non-commercial use only

Gurobi 7.5.2 (linux64, Python) logging started Thu May  9 01:54:34 2019

Academic license - for non-commercial use only

Gurobi 7.5.2 (linux64, Python) logging started Thu May  9 01:59:36 2019

Academic license - for non-commercial use only

Gurobi 7.5.2 (linux64, Python) logging started Thu May  9 02:01:33 2019

Academic license - for non-commercial use only

Gurobi 7.5.2 (linux64, Python) logging started Thu May  9 02:01:58 2019

Academic license - for non-commercial use only

Gurobi 7.5.2 (linux64, Python) logging started Thu May  9 02:03:17 2019

Academic license - for non-commercial use only

Gurobi 7.5.2 (linux64, Python) logging started Thu May  9 02:10:04 2019

Academic license - for non-commercial use only

Gurobi 7.5.2 (linux64, Python) logging started Thu May  9 02:10:26 2019

Academic license - for non-commercial use only

Gurobi 7.5.2 (linux64, Python) logging started Thu May  9 02:11:12 2019

Academic license - for non-commercial use only

Gurobi 7.5.2 (linux64, Python) logging started Thu May  9 02:19:11 2019

Academic license - for non-commercial use only

Gurobi 7.5.2 (linux64, Python) logging started Thu May  9 02:20:21 2019

Academic license - for non-commercial use only

Gurobi 7.5.2 (linux64, Python) logging started Thu May  9 02:21:30 2019

Academic license - for non-commercial use only

Gurobi 7.5.2 (linux64, Python) logging started Thu May  9 02:22:12 2019

Academic license - for non-commercial use only

Gurobi 7.5.2 (linux64, Python) logging started Thu May  9 02:22:51 2019

Academic license - for non-commercial use only

Gurobi 7.5.2 (linux64, Python) logging started Thu May  9 02:26:05 2019

Academic license - for non-commercial use only

Gurobi 7.5.2 (linux64, Python) logging started Thu May  9 02:28:11 2019

Academic license - for non-commercial use only

Gurobi 7.5.2 (linux64, Python) logging started Thu May  9 02:28:53 2019

Academic license - for non-commercial use only

Gurobi 7.5.2 (linux64, Python) logging started Thu May  9 02:29:08 2019

Academic license - for non-commercial use only

Gurobi 7.5.2 (linux64, Python) logging started Thu May  9 02:30:02 2019

Academic license - for non-commercial use only

Gurobi 7.5.2 (linux64, Python) logging started Thu May  9 02:42:19 2019

Academic license - for non-commercial use only

Gurobi 7.5.2 (linux64, Python) logging started Thu May  9 10:17:34 2019

Academic license - for non-commercial use only

Gurobi 7.5.2 (linux64, Python) logging started Thu May  9 10:23:14 2019

Academic license - for non-commercial use only

Gurobi 7.5.2 (linux64, Python) logging started Thu May  9 10:28:14 2019

Academic license - for non-commercial use only

Gurobi 7.5.2 (linux64, Python) logging started Thu May  9 10:56:38 2019

Academic license - for non-commercial use only

Gurobi 7.5.2 (linux64, Python) logging started Thu May  9 10:59:49 2019

Academic license - for non-commercial use only

Gurobi 7.5.2 (linux64, Python) logging started Thu May  9 11:01:15 2019

Academic license - for non-commercial use only

Gurobi 7.5.2 (linux64, Python) logging started Thu May  9 11:09:09 2019

Academic license - for non-commercial use only

Gurobi 7.5.2 (linux64, Python) logging started Thu May  9 11:09:31 2019

Academic license - for non-commercial use only

Gurobi 7.5.2 (linux64, Python) logging started Thu May  9 11:11:06 2019

Academic license - for non-commercial use only

Gurobi 7.5.2 (linux64, Python) logging started Thu May  9 11:13:59 2019

Academic license - for non-commercial use only

Gurobi 7.5.2 (linux64, Python) logging started Thu May  9 11:16:32 2019

Academic license - for non-commercial use only

Gurobi 7.5.2 (linux64, Python) logging started Thu May  9 11:17:26 2019

Academic license - for non-commercial use only

Gurobi 7.5.2 (linux64, Python) logging started Thu May  9 11:45:56 2019

Academic license - for non-commercial use only

Gurobi 7.5.2 (linux64, Python) logging started Thu May  9 11:48:35 2019

Academic license - for non-commercial use only

Gurobi 7.5.2 (linux64, Python) logging started Thu May  9 11:51:23 2019

Academic license - for non-commercial use only

Gurobi 7.5.2 (linux64, Python) logging started Thu May  9 11:53:14 2019

Academic license - for non-commercial use only

Gurobi 7.5.2 (linux64, Python) logging started Thu May  9 11:53:26 2019

Academic license - for non-commercial use only

Gurobi 7.5.2 (linux64, Python) logging started Thu May  9 11:54:47 2019

Academic license - for non-commercial use only

Gurobi 7.5.2 (linux64, Python) logging started Thu May  9 11:57:29 2019

Academic license - for non-commercial use only

Gurobi 7.5.2 (linux64, Python) logging started Thu May  9 11:59:47 2019

Academic license - for non-commercial use only

Gurobi 7.5.2 (linux64, Python) logging started Thu May  9 12:31:04 2019

Academic license - for non-commercial use only

Gurobi 7.5.2 (linux64, Python) logging started Thu May  9 13:18:47 2019

Academic license - for non-commercial use only

Gurobi 7.5.2 (linux64, Python) logging started Fri May 10 10:30:58 2019

Academic license - for non-commercial use only

Gurobi 7.5.2 (linux64, Python) logging started Fri May 10 10:33:55 2019

Academic license - for non-commercial use only

Gurobi 7.5.2 (linux64, Python) logging started Fri May 10 10:34:23 2019

Academic license - for non-commercial use only

Gurobi 7.5.2 (linux64, Python) logging started Fri May 10 10:34:46 2019

Academic license - for non-commercial use only

Gurobi 7.5.2 (linux64, Python) logging started Fri May 10 10:37:01 2019

Academic license - for non-commercial use only

Gurobi 7.5.2 (linux64, Python) logging started Fri May 10 10:39:07 2019

Academic license - for non-commercial use only

Gurobi 7.5.2 (linux64, Python) logging started Fri May 10 10:41:30 2019

Academic license - for non-commercial use only

Gurobi 7.5.2 (linux64, Python) logging started Fri May 10 10:47:56 2019

Academic license - for non-commercial use only

Gurobi 7.5.2 (linux64, Python) logging started Fri May 10 10:57:46 2019

Academic license - for non-commercial use only

Gurobi 7.5.2 (linux64, Python) logging started Fri May 10 11:01:16 2019

Academic license - for non-commercial use only

Gurobi 7.5.2 (linux64, Python) logging started Fri May 10 11:13:18 2019

Academic license - for non-commercial use only

Gurobi 7.5.2 (linux64, Python) logging started Fri May 10 11:30:02 2019

Academic license - for non-commercial use only

Gurobi 7.5.2 (linux64, Python) logging started Fri May 10 11:31:07 2019

Academic license - for non-commercial use only

Gurobi 7.5.2 (linux64, Python) logging started Fri May 10 11:33:26 2019

Academic license - for non-commercial use only

Gurobi 7.5.2 (linux64, Python) logging started Fri May 10 11:34:13 2019

Academic license - for non-commercial use only

Gurobi 7.5.2 (linux64, Python) logging started Fri May 10 11:45:21 2019

Academic license - for non-commercial use only

Gurobi 7.5.2 (linux64, Python) logging started Fri May 10 11:46:27 2019

Academic license - for non-commercial use only

Gurobi 7.5.2 (linux64, Python) logging started Fri May 10 11:47:42 2019

Academic license - for non-commercial use only

Gurobi 7.5.2 (linux64, Python) logging started Fri May 10 11:49:21 2019

Academic license - for non-commercial use only

Gurobi 7.5.2 (linux64, Python) logging started Fri May 10 11:52:14 2019

Academic license - for non-commercial use only

Gurobi 7.5.2 (linux64, Python) logging started Fri May 10 11:55:38 2019

Academic license - for non-commercial use only

Gurobi 7.5.2 (linux64, Python) logging started Fri May 10 11:56:45 2019

Academic license - for non-commercial use only

Gurobi 7.5.2 (linux64, Python) logging started Fri May 10 11:57:03 2019

Academic license - for non-commercial use only

Gurobi 7.5.2 (linux64, Python) logging started Fri May 10 11:57:16 2019

Academic license - for non-commercial use only

Gurobi 7.5.2 (linux64, Python) logging started Fri May 10 12:11:59 2019

Academic license - for non-commercial use only

Gurobi 7.5.2 (linux64, Python) logging started Fri May 10 12:35:52 2019


Gurobi 7.5.2 (linux64, Python) logging started Fri May 10 12:36:10 2019

Academic license - for non-commercial use only

Gurobi 7.5.2 (linux64, Python) logging started Fri May 10 12:36:27 2019

Academic license - for non-commercial use only

Gurobi 7.5.2 (linux64, Python) logging started Fri May 10 12:39:25 2019

Academic license - for non-commercial use only

Gurobi 7.5.2 (linux64, Python) logging started Fri May 10 12:41:17 2019

Academic license - for non-commercial use only

Gurobi 7.5.2 (linux64, Python) logging started Fri May 10 12:44:25 2019

Academic license - for non-commercial use only

Gurobi 7.5.2 (linux64, Python) logging started Fri May 10 12:47:17 2019

Academic license - for non-commercial use only

Gurobi 7.5.2 (linux64, Python) logging started Fri May 10 12:49:27 2019

Academic license - for non-commercial use only

Gurobi 7.5.2 (linux64, Python) logging started Sat May 11 17:37:01 2019

Academic license - for non-commercial use only

Gurobi 7.5.2 (linux64, Python) logging started Sat May 11 18:22:03 2019

Academic license - for non-commercial use only

Gurobi 7.5.2 (linux64, Python) logging started Sat May 11 18:23:37 2019

Academic license - for non-commercial use only

Gurobi 7.5.2 (linux64, Python) logging started Sat May 11 18:24:28 2019

Academic license - for non-commercial use only

Gurobi 7.5.2 (linux64, Python) logging started Sat May 11 18:25:08 2019

Academic license - for non-commercial use only

Gurobi 7.5.2 (linux64, Python) logging started Sat May 11 18:26:14 2019

Academic license - for non-commercial use only

Gurobi 7.5.2 (linux64, Python) logging started Sat May 11 18:29:54 2019

Academic license - for non-commercial use only

Gurobi 7.5.2 (linux64, Python) logging started Sat May 11 18:30:10 2019

Academic license - for non-commercial use only

Gurobi 7.5.2 (linux64, Python) logging started Sat May 11 23:50:39 2019

Academic license - for non-commercial use only

Gurobi 7.5.2 (linux64, Python) logging started Sat May 11 23:51:09 2019

Academic license - for non-commercial use only

Gurobi 7.5.2 (linux64, Python) logging started Sun May 12 00:01:48 2019

Academic license - for non-commercial use only

Gurobi 7.5.2 (linux64, Python) logging started Sun May 12 00:02:33 2019

Academic license - for non-commercial use only

Gurobi 7.5.2 (linux64, Python) logging started Sun May 12 02:24:33 2019

Academic license - for non-commercial use only

Gurobi 7.5.2 (linux64, Python) logging started Sun May 12 02:25:46 2019

Academic license - for non-commercial use only

Gurobi 7.5.2 (linux64, Python) logging started Sun May 12 02:27:48 2019

Academic license - for non-commercial use only

Gurobi 7.5.2 (linux64, Python) logging started Sun May 12 02:29:42 2019

Academic license - for non-commercial use only

Gurobi 7.5.2 (linux64, Python) logging started Sun May 12 02:30:04 2019

Academic license - for non-commercial use only

Gurobi 7.5.2 (linux64, Python) logging started Sun May 12 03:34:29 2019

Academic license - for non-commercial use only

Gurobi 7.5.2 (linux64, Python) logging started Sun May 12 03:35:39 2019

Academic license - for non-commercial use only

Gurobi 7.5.2 (linux64, Python) logging started Sun May 12 11:21:55 2019

Academic license - for non-commercial use only

Gurobi 7.5.2 (linux64, Python) logging started Sun May 12 11:23:16 2019

Academic license - for non-commercial use only

Gurobi 7.5.2 (linux64, Python) logging started Sun May 12 11:29:02 2019

Academic license - for non-commercial use only

Gurobi 7.5.2 (linux64, Python) logging started Sun May 12 11:30:31 2019

Academic license - for non-commercial use only

Gurobi 7.5.2 (linux64, Python) logging started Sun May 12 11:32:09 2019

Academic license - for non-commercial use only

Gurobi 7.5.2 (linux64, Python) logging started Sun May 12 11:33:13 2019

Academic license - for non-commercial use only

Gurobi 7.5.2 (linux64, Python) logging started Sun May 12 11:33:38 2019

Academic license - for non-commercial use only

Gurobi 7.5.2 (linux64, Python) logging started Sun May 12 11:35:25 2019

Academic license - for non-commercial use only

Gurobi 7.5.2 (linux64, Python) logging started Sun May 12 11:35:45 2019

Academic license - for non-commercial use only

Gurobi 7.5.2 (linux64, Python) logging started Sun May 12 11:38:49 2019

Academic license - for non-commercial use only

Gurobi 7.5.2 (linux64, Python) logging started Sun May 12 12:09:15 2019

Academic license - for non-commercial use only

Gurobi 7.5.2 (linux64, Python) logging started Sun May 12 12:12:27 2019

Academic license - for non-commercial use only

Gurobi 7.5.2 (linux64, Python) logging started Sun May 12 12:14:06 2019

Academic license - for non-commercial use only

Gurobi 7.5.2 (linux64, Python) logging started Sun May 12 12:15:29 2019

Academic license - for non-commercial use only

Gurobi 7.5.2 (linux64, Python) logging started Sun May 12 12:16:15 2019

Academic license - for non-commercial use only

Gurobi 7.5.2 (linux64, Python) logging started Sun May 12 12:18:56 2019

Academic license - for non-commercial use only

Gurobi 7.5.2 (linux64, Python) logging started Sun May 12 12:20:18 2019

Academic license - for non-commercial use only

Gurobi 7.5.2 (linux64, Python) logging started Sun May 12 12:24:12 2019

Academic license - for non-commercial use only

Gurobi 7.5.2 (linux64, Python) logging started Sun May 12 14:03:27 2019

Academic license - for non-commercial use only

Gurobi 7.5.2 (linux64, Python) logging started Sun May 12 14:03:57 2019

Academic license - for non-commercial use only

Gurobi 7.5.2 (linux64, Python) logging started Sun May 12 14:04:22 2019

Academic license - for non-commercial use only

Gurobi 7.5.2 (linux64, Python) logging started Sun May 12 14:06:50 2019

Academic license - for non-commercial use only

Gurobi 7.5.2 (linux64, Python) logging started Sun May 12 14:08:40 2019

Academic license - for non-commercial use only

Gurobi 7.5.2 (linux64, Python) logging started Sun May 12 14:10:11 2019

Academic license - for non-commercial use only

Gurobi 7.5.2 (linux64, Python) logging started Sun May 12 14:10:56 2019

Academic license - for non-commercial use only

Gurobi 7.5.2 (linux64, Python) logging started Sun May 12 14:12:46 2019

Academic license - for non-commercial use only

Gurobi 7.5.2 (linux64, Python) logging started Sun May 12 14:13:54 2019

Academic license - for non-commercial use only

Gurobi 7.5.2 (linux64, Python) logging started Sun May 12 14:15:20 2019

Academic license - for non-commercial use only

Gurobi 7.5.2 (linux64, Python) logging started Sun May 12 14:16:49 2019

Academic license - for non-commercial use only

Gurobi 7.5.2 (linux64, Python) logging started Sun May 12 14:17:31 2019

Academic license - for non-commercial use only

Gurobi 7.5.2 (linux64, Python) logging started Sun May 12 14:18:33 2019

Academic license - for non-commercial use only

Gurobi 7.5.2 (linux64, Python) logging started Sun May 12 14:19:54 2019

Academic license - for non-commercial use only

Gurobi 7.5.2 (linux64, Python) logging started Sun May 12 14:26:23 2019

Academic license - for non-commercial use only

Gurobi 7.5.2 (linux64, Python) logging started Sun May 12 14:26:42 2019

Academic license - for non-commercial use only

Gurobi 7.5.2 (linux64, Python) logging started Sun May 12 14:28:22 2019

Academic license - for non-commercial use only

Gurobi 7.5.2 (linux64, Python) logging started Sun May 12 14:31:28 2019

Academic license - for non-commercial use only

Gurobi 7.5.2 (linux64, Python) logging started Sun May 12 14:32:08 2019

Academic license - for non-commercial use only

Gurobi 7.5.2 (linux64, Python) logging started Sun May 12 14:34:16 2019

Academic license - for non-commercial use only

Gurobi 7.5.2 (linux64, Python) logging started Sun May 12 14:37:56 2019

Academic license - for non-commercial use only

Gurobi 7.5.2 (linux64, Python) logging started Sun May 12 14:38:39 2019

Academic license - for non-commercial use only

Gurobi 7.5.2 (linux64, Python) logging started Sun May 12 14:39:45 2019

Academic license - for non-commercial use only

Gurobi 7.5.2 (linux64, Python) logging started Sun May 12 14:50:41 2019

Academic license - for non-commercial use only

Gurobi 7.5.2 (linux64, Python) logging started Sun May 12 14:52:18 2019

Academic license - for non-commercial use only

Gurobi 7.5.2 (linux64, Python) logging started Sun May 12 14:53:18 2019

Academic license - for non-commercial use only

Gurobi 7.5.2 (linux64, Python) logging started Sun May 12 14:53:43 2019

Academic license - for non-commercial use only

Gurobi 7.5.2 (linux64, Python) logging started Sun May 12 14:54:26 2019

Academic license - for non-commercial use only

Gurobi 7.5.2 (linux64, Python) logging started Sun May 12 14:54:38 2019

Academic license - for non-commercial use only

Gurobi 7.5.2 (linux64, Python) logging started Sun May 12 14:55:37 2019

Academic license - for non-commercial use only

Gurobi 7.5.2 (linux64, Python) logging started Sun May 12 14:57:02 2019

Academic license - for non-commercial use only

Gurobi 7.5.2 (linux64, Python) logging started Sun May 12 14:57:20 2019

Academic license - for non-commercial use only

Gurobi 7.5.2 (linux64, Python) logging started Sun May 12 14:58:11 2019

Academic license - for non-commercial use only

Gurobi 7.5.2 (linux64, Python) logging started Sun May 12 14:59:43 2019

Academic license - for non-commercial use only

Gurobi 7.5.2 (linux64, Python) logging started Sun May 12 15:01:59 2019

Academic license - for non-commercial use only

Gurobi 7.5.2 (linux64, Python) logging started Sun May 12 15:04:24 2019

Academic license - for non-commercial use only

Gurobi 7.5.2 (linux64, Python) logging started Sun May 12 15:08:26 2019

Academic license - for non-commercial use only

Gurobi 7.5.2 (linux64, Python) logging started Sun May 12 15:09:29 2019

Academic license - for non-commercial use only

Gurobi 7.5.2 (linux64, Python) logging started Sun May 12 15:10:46 2019

Academic license - for non-commercial use only

Gurobi 7.5.2 (linux64, Python) logging started Sun May 12 15:12:44 2019

Academic license - for non-commercial use only

Gurobi 7.5.2 (linux64, Python) logging started Sun May 12 15:13:47 2019

Academic license - for non-commercial use only

Gurobi 7.5.2 (linux64, Python) logging started Sun May 12 15:14:58 2019

Academic license - for non-commercial use only

Gurobi 7.5.2 (linux64, Python) logging started Sun May 12 19:18:05 2019

Academic license - for non-commercial use only

Gurobi 7.5.2 (linux64, Python) logging started Sun May 12 19:29:18 2019

Academic license - for non-commercial use only

Gurobi 7.5.2 (linux64, Python) logging started Sun May 12 19:31:35 2019

Academic license - for non-commercial use only

Gurobi 7.5.2 (linux64, Python) logging started Sun May 12 19:34:58 2019

Academic license - for non-commercial use only

Gurobi 7.5.2 (linux64, Python) logging started Sun May 12 19:44:48 2019

Academic license - for non-commercial use only

Gurobi 7.5.2 (linux64, Python) logging started Sun May 12 19:51:11 2019

Academic license - for non-commercial use only

Gurobi 7.5.2 (linux64, Python) logging started Sun May 12 19:55:39 2019

Academic license - for non-commercial use only

Gurobi 7.5.2 (linux64, Python) logging started Sun May 12 19:58:22 2019

Academic license - for non-commercial use only

Gurobi 7.5.2 (linux64, Python) logging started Sun May 12 20:00:09 2019

Academic license - for non-commercial use only

Gurobi 7.5.2 (linux64, Python) logging started Sun May 12 20:01:08 2019

Academic license - for non-commercial use only

Gurobi 7.5.2 (linux64, Python) logging started Sun May 12 20:02:02 2019

Academic license - for non-commercial use only

Gurobi 7.5.2 (linux64, Python) logging started Sun May 12 20:03:39 2019

Academic license - for non-commercial use only

Gurobi 7.5.2 (linux64, Python) logging started Sun May 12 20:03:44 2019

Academic license - for non-commercial use only

Gurobi 7.5.2 (linux64, Python) logging started Sun May 12 22:10:37 2019

Academic license - for non-commercial use only

Gurobi 7.5.2 (linux64, Python) logging started Sun May 12 23:16:20 2019

Academic license - for non-commercial use only

Gurobi 7.5.2 (linux64, Python) logging started Sun May 12 23:26:39 2019

Academic license - for non-commercial use only

Gurobi 7.5.2 (linux64, Python) logging started Sun May 12 23:26:47 2019

Academic license - for non-commercial use only

Gurobi 7.5.2 (linux64, Python) logging started Sun May 12 23:33:42 2019

Academic license - for non-commercial use only

Gurobi 7.5.2 (linux64, Python) logging started Sun May 12 23:34:24 2019

Academic license - for non-commercial use only

Gurobi 7.5.2 (linux64, Python) logging started Sun May 12 23:35:39 2019

Academic license - for non-commercial use only

Gurobi 7.5.2 (linux64, Python) logging started Sun May 12 23:36:50 2019

Academic license - for non-commercial use only

Gurobi 7.5.2 (linux64, Python) logging started Sun May 12 23:44:20 2019

Academic license - for non-commercial use only

Gurobi 7.5.2 (linux64, Python) logging started Sun May 12 23:46:20 2019

Academic license - for non-commercial use only

Gurobi 7.5.2 (linux64, Python) logging started Sun May 12 23:47:11 2019

Academic license - for non-commercial use only

Gurobi 7.5.2 (linux64, Python) logging started Sun May 12 23:47:58 2019

Academic license - for non-commercial use only

Gurobi 7.5.2 (linux64, Python) logging started Sun May 12 23:49:27 2019

Academic license - for non-commercial use only

Gurobi 7.5.2 (linux64, Python) logging started Sun May 12 23:49:47 2019

Academic license - for non-commercial use only

Gurobi 7.5.2 (linux64, Python) logging started Sun May 12 23:51:19 2019

Academic license - for non-commercial use only

Gurobi 7.5.2 (linux64, Python) logging started Sun May 12 23:51:33 2019

Academic license - for non-commercial use only

Gurobi 7.5.2 (linux64, Python) logging started Sun May 12 23:52:30 2019

Academic license - for non-commercial use only

Gurobi 7.5.2 (linux64, Python) logging started Sun May 12 23:52:45 2019

Academic license - for non-commercial use only

Gurobi 7.5.2 (linux64, Python) logging started Sun May 12 23:58:00 2019

Academic license - for non-commercial use only

Gurobi 7.5.2 (linux64, Python) logging started Sun May 12 23:58:10 2019

Academic license - for non-commercial use only

Gurobi 7.5.2 (linux64, Python) logging started Sun May 12 23:58:39 2019

Academic license - for non-commercial use only

Gurobi 7.5.2 (linux64, Python) logging started Mon May 13 13:53:23 2019

Academic license - for non-commercial use only

Gurobi 7.5.2 (linux64, Python) logging started Mon May 13 14:24:17 2019

Academic license - for non-commercial use only

Gurobi 7.5.2 (linux64, Python) logging started Tue May 14 09:03:58 2019

Academic license - for non-commercial use only

Gurobi 7.5.2 (linux64, Python) logging started Tue May 14 09:05:56 2019

Academic license - for non-commercial use only

Gurobi 7.5.2 (linux64, Python) logging started Tue May 14 09:17:36 2019

Academic license - for non-commercial use only

Gurobi 7.5.2 (linux64, Python) logging started Tue May 14 09:19:20 2019

Academic license - for non-commercial use only

Gurobi 7.5.2 (linux64, Python) logging started Tue May 14 09:20:40 2019

Academic license - for non-commercial use only

Gurobi 7.5.2 (linux64, Python) logging started Tue May 14 09:26:34 2019

Academic license - for non-commercial use only

Gurobi 7.5.2 (linux64, Python) logging started Tue May 14 09:28:19 2019

Academic license - for non-commercial use only

Gurobi 7.5.2 (linux64, Python) logging started Tue May 14 09:32:25 2019

Academic license - for non-commercial use only

Gurobi 7.5.2 (linux64, Python) logging started Tue May 14 09:34:28 2019

Academic license - for non-commercial use only

Gurobi 7.5.2 (linux64, Python) logging started Tue May 14 09:35:11 2019

Academic license - for non-commercial use only

Gurobi 7.5.2 (linux64, Python) logging started Tue May 14 09:35:18 2019

Academic license - for non-commercial use only

Gurobi 7.5.2 (linux64, Python) logging started Tue May 14 09:37:03 2019

Academic license - for non-commercial use only

Gurobi 7.5.2 (linux64, Python) logging started Wed May 15 00:26:54 2019

Academic license - for non-commercial use only

Gurobi 7.5.2 (linux64, Python) logging started Wed May 15 00:27:51 2019

Academic license - for non-commercial use only

Gurobi 7.5.2 (linux64, Python) logging started Wed May 15 00:29:34 2019

Academic license - for non-commercial use only

Gurobi 7.5.2 (linux64, Python) logging started Wed May 15 00:30:52 2019

Academic license - for non-commercial use only

Gurobi 7.5.2 (linux64, Python) logging started Wed May 15 00:31:59 2019

Academic license - for non-commercial use only

Gurobi 7.5.2 (linux64, Python) logging started Wed May 15 00:33:18 2019

Academic license - for non-commercial use only

Gurobi 7.5.2 (linux64, Python) logging started Wed May 15 00:34:43 2019

Academic license - for non-commercial use only

Gurobi 7.5.2 (linux64, Python) logging started Wed May 15 00:40:44 2019

Academic license - for non-commercial use only

Gurobi 7.5.2 (linux64, Python) logging started Wed May 15 01:09:50 2019

Academic license - for non-commercial use only

Gurobi 7.5.2 (linux64, Python) logging started Wed May 15 01:10:17 2019

Academic license - for non-commercial use only

Gurobi 7.5.2 (linux64, Python) logging started Wed May 15 01:11:21 2019

Academic license - for non-commercial use only

Gurobi 7.5.2 (linux64, Python) logging started Wed May 15 01:11:58 2019

Academic license - for non-commercial use only

Gurobi 7.5.2 (linux64, Python) logging started Wed May 15 01:12:11 2019

Academic license - for non-commercial use only

Gurobi 7.5.2 (linux64, Python) logging started Wed May 15 01:12:28 2019

Academic license - for non-commercial use only

Gurobi 7.5.2 (linux64, Python) logging started Wed May 15 01:12:49 2019

Academic license - for non-commercial use only

Gurobi 7.5.2 (linux64, Python) logging started Wed May 15 01:16:27 2019

Academic license - for non-commercial use only

Gurobi 7.5.2 (linux64, Python) logging started Wed May 15 01:16:59 2019

Academic license - for non-commercial use only

Gurobi 7.5.2 (linux64, Python) logging started Wed May 15 01:17:22 2019

Academic license - for non-commercial use only

Gurobi 7.5.2 (linux64, Python) logging started Wed May 15 01:17:41 2019

Academic license - for non-commercial use only

Gurobi 7.5.2 (linux64, Python) logging started Wed May 15 01:18:13 2019

Academic license - for non-commercial use only

Gurobi 7.5.2 (linux64, Python) logging started Sun Dec 20 15:32:24 2020


Gurobi 7.5.2 (linux64, Python) logging started Sun Dec 20 15:36:24 2020

Academic license - for non-commercial use only

Gurobi 7.5.2 (linux64, Python) logging started Sun Dec 20 15:40:00 2020

Academic license - for non-commercial use only

Gurobi 7.5.2 (linux64, Python) logging started Sat Jan  2 21:27:40 2021

Academic license - for non-commercial use only

Gurobi 7.5.2 (linux64, Python) logging started Sat Jan  2 21:29:04 2021

Academic license - for non-commercial use only

Gurobi 7.5.2 (linux64, Python) logging started Sat Jan  2 23:53:58 2021

Academic license - for non-commercial use only

Gurobi 7.5.2 (linux64, Python) logging started Sun Jan  3 00:09:03 2021

Academic license - for non-commercial use only

Gurobi 7.5.2 (linux64, Python) logging started Sun Jan  3 00:10:00 2021

Academic license - for non-commercial use only

Gurobi 7.5.2 (linux64, Python) logging started Sun Jan  3 00:12:30 2021

Academic license - for non-commercial use only

Gurobi 7.5.2 (linux64, Python) logging started Sun Jan  3 00:12:45 2021

Academic license - for non-commercial use only

Gurobi 7.5.2 (linux64, Python) logging started Sun Jan  3 00:12:52 2021

Academic license - for non-commercial use only

Gurobi 7.5.2 (linux64, Python) logging started Sun Jan  3 00:12:58 2021

Academic license - for non-commercial use only

Gurobi 7.5.2 (linux64, Python) logging started Sun Jan  3 00:14:46 2021

Academic license - for non-commercial use only

Gurobi 7.5.2 (linux64, Python) logging started Sun Jan  3 00:14:57 2021

Academic license - for non-commercial use only

Gurobi 7.5.2 (linux64, Python) logging started Sun Jan  3 00:15:17 2021

Academic license - for non-commercial use only

Gurobi 7.5.2 (linux64, Python) logging started Sun Jan  3 00:15:26 2021

Academic license - for non-commercial use only

Gurobi 7.5.2 (linux64, Python) logging started Sun Jan  3 00:16:12 2021

Academic license - for non-commercial use only

Gurobi 7.5.2 (linux64, Python) logging started Fri Jan 29 15:57:36 2021

Academic license - for non-commercial use only

Gurobi 7.5.2 (linux64, Python) logging started Mon Feb  1 14:39:19 2021

Academic license - for non-commercial use only

Gurobi 7.5.2 (linux64, Python) logging started Mon Feb  8 11:53:15 2021

Academic license - for non-commercial use only

Gurobi 7.5.2 (linux64, Python) logging started Mon Feb  8 11:54:35 2021

Academic license - for non-commercial use only

Gurobi 7.5.2 (linux64, Python) logging started Mon Feb  8 12:14:19 2021

Academic license - for non-commercial use only

Gurobi 7.5.2 (linux64, Python) logging started Mon Feb  8 12:34:10 2021

Academic license - for non-commercial use only

Gurobi 7.5.2 (linux64, Python) logging started Mon Feb  8 12:53:10 2021

Academic license - for non-commercial use only

Gurobi 7.5.2 (linux64, Python) logging started Mon Feb  8 12:57:54 2021

Academic license - for non-commercial use only

Gurobi 7.5.2 (linux64, Python) logging started Mon Feb  8 12:59:08 2021

Academic license - for non-commercial use only

Gurobi 7.5.2 (linux64, Python) logging started Mon Feb  8 13:09:48 2021

Academic license - for non-commercial use only

Gurobi 7.5.2 (linux64, Python) logging started Mon Feb  8 13:18:15 2021

Academic license - for non-commercial use only

Gurobi 7.5.2 (linux64, Python) logging started Mon Feb  8 13:27:57 2021

Academic license - for non-commercial use only

Gurobi 7.5.2 (linux64, Python) logging started Mon Feb  8 13:29:55 2021

Academic license - for non-commercial use only

Gurobi 7.5.2 (linux64, Python) logging started Mon Feb  8 13:36:17 2021

Academic license - for non-commercial use only

Gurobi 7.5.2 (linux64, Python) logging started Tue Feb  9 10:04:40 2021

Academic license - for non-commercial use only

Gurobi 7.5.2 (linux64, Python) logging started Tue Feb  9 13:27:32 2021

Academic license - for non-commercial use only

Gurobi 7.5.2 (linux64, Python) logging started Mon Feb 22 15:36:16 2021


Gurobi 7.5.2 (linux64, Python) logging started Mon Mar  1 13:38:25 2021

