Iteration 1
1	deque([(('142_3', 'h'), ('73_3', 't')), (('73_3', 'h'), ('142_3', 't'))])
1	deque([(('170_0', 'h'), ('96_11', 't')), (('96_11', 'h'), ('170_0', 't'))])
1	deque([(('142_0', 'h'), ('71_3', 'h')), (('142_0', 't'), ('71_3', 't'))])
1	deque([(('75_8', 'h'), ('75_8', 't'))])
1	deque([(('218_0', 'h'), ('84_3', 't')), (('218_0', 't'), ('199_1', 't')), (('199_1', 'h'), ('84_3', 'h'))])
1	deque([(('129_3', 'h'), ('129_3', 't'))])

Chosen seed at iteration 1: 1
Chosen chr at iteration 1



Chosen seed at iteration 2: 2
Chosen chr at iteration 2



Chosen seed at iteration 3: 3
Chosen chr at iteration 3



Chosen seed at iteration 4: 4
Chosen chr at iteration 4



Chosen seed at iteration 5: 5
Chosen chr at iteration 5



Chosen seed at iteration 6: 6
Chosen chr at iteration 6


Iteration 1
1	deque([(('218_2', 't'), ('199_5', 't')), (('218_2', 'h'), ('84_1', 't')), (('199_5', 'h'), ('84_1', 'h'))])
1	deque([(('170_1', 'h'), ('96_10', 't')), (('96_10', 'h'), ('170_1', 't'))])
1	deque([(('96_8', 'h'), ('61_0', 'h')), (('65_0', 'h'), ('96_8', 't')), (('96_15', 't'), ('65_0', 't')), (('96_15', 'h'), ('61_0', 't'))])
1	deque([(('73_2', 'h'), ('142_2', 't')), (('142_10', 'h'), ('73_2', 't')), (('142_10', 't'), ('71_0', 't')), (('142_2', 'h'), ('71_0', 'h'))])
1	deque([(('214_1', 'h'), ('83_4', 't')), (('83_4', 'h'), ('169_3', 't')), (('169_3', 'h'), ('165_1', 't')), (('165_1', 'h'), ('151_2', 't')), (('151_2', 'h'), ('124_1', 't')), (('161_2', 'h'), ('124_1', 'h')), (('85_2', 'h'), ('161_2', 't')), (('189_26', 'h'), ('85_2', 't')), (('189_26', 't'), ('141_9', 't')), (('141_9', 'h'), ('154_9', 't')), (('154_9', 'h'), ('129_12', 't')), (('129_12', 'h'), ('60_1', 't')), (('60_1', 'h'), ('113_3', 't')), (('113_3', 'h'), ('39_1', 'h')), (('98_1', 't'), ('39_1', 't')), (('98_1', 'h'), ('63_1', 't')), (('98_5', 'h'), ('63_1', 'h')), (('82_1', 'h'), ('98_5', 't')), (('96_6', 't'), ('82_1', 't')), (('96_6', 'h'), ('56_1', 'h')), (('81_3', 't'), ('56_1', 't')), (('81_3', 'h'), ('95_3', 't')), (('95_3', 'h'), ('87_2', 'h')), (('214_1', 't'), ('87_2', 't'))])
1	deque([(('75_7', 'h'), ('75_7', 't'))])

Chosen seed at iteration 1: 1
Chosen chr at iteration 1



Chosen seed at iteration 2: 2
Chosen chr at iteration 2



Chosen seed at iteration 3: 3
Chosen chr at iteration 3



Chosen seed at iteration 4: 4
Chosen chr at iteration 4



Chosen seed at iteration 5: 5
Chosen chr at iteration 5



Chosen seed at iteration 6: 6
Chosen chr at iteration 6


Iteration 1
1	deque([(('107_0', 'h'), ('166_0', 't')), (('180_1', 't'), ('107_0', 't')), (('180_1', 'h'), ('166_9', 't')), (('166_9', 'h'), ('68_0', 'h')), (('203_0', 't'), ('68_0', 't')), (('203_0', 'h'), ('119_5', 't')), (('173_2', 'h'), ('119_5', 'h')), (('140_1', 'h'), ('173_2', 't')), (('159_4', 't'), ('140_1', 't')), (('159_4', 'h'), ('160_15', 't')), (('160_15', 'h'), ('182_9', 't')), (('212_10', 'h'), ('182_9', 'h')), (('212_10', 't'), ('179_1', 't')), (('179_1', 'h'), ('94_4', 'h')), (('145_1', 'h'), ('94_4', 't')), (('109_1', 'h'), ('145_1', 't')), (('106_1', 'h'), ('109_1', 't')), (('193_2', 'h'), ('106_1', 't')), (('189_1', 'h'), ('193_2', 't')), (('189_1', 't'), ('141_1', 't')), (('141_1', 'h'), ('154_18', 't')), (('154_18', 'h'), ('129_14', 't')), (('129_14', 'h'), ('114_0', 'h')), (('149_0', 'h'), ('114_0', 't')), (('78_1', 'h'), ('149_0', 't')), (('166_0', 'h'), ('78_1', 't'))])
1	deque([(('129_10', 'h'), ('129_10', 't'))])
1	deque([(('142_7', 't'), ('71_7', 't')), (('142_1', 'h'), ('71_7', 'h')), (('73_4', 'h'), ('142_1', 't')), (('142_7', 'h'), ('73_4', 't'))])

Chosen seed at iteration 1: 1
Chosen chr at iteration 1



Chosen seed at iteration 2: 2
Chosen chr at iteration 2



Chosen seed at iteration 3: 3
Chosen chr at iteration 3


Iteration 4
4	deque([(('96_9', 'h'), ('43_1', 't')), (('38_1', 'h'), ('96_9', 't')), (('110_0', 't'), ('38_1', 't')), (('110_0', 'h'), ('127_0', 't')), (('158_1', 'h'), ('127_0', 'h')), (('158_1', 't'), ('44_1', 't')), (('44_1', 'h'), ('196_2', 't')), (('196_2', 'h'), ('208_3', 't')), (('208_3', 'h'), ('167_0', 'h')), (('190_1', 'h'), ('167_0', 't')), (('190_1', 't'), ('120_8', 't')), (('201_1', 'h'), ('120_8', 'h')), (('216_5', 'h'), ('201_1', 't')), (('216_5', 't'), ('101_2', 't')), (('101_2', 'h'), ('133_3', 't')), (('133_3', 'h'), ('79_0', 'h')), (('195_1', 't'), ('79_0', 't')), (('195_1', 'h'), ('177_1', 't')), (('177_1', 'h'), ('186_0', 't')), (('186_0', 'h'), ('153_0', 't')), (('153_0', 'h'), ('210_1', 't')), (('210_1', 'h'), ('157_1', 'h')), (('52_0', 'h'), ('157_1', 't')), (('96_13', 't'), ('52_0', 't')), (('96_13', 'h'), ('43_1', 'h'))])
4	deque([(('142_9', 't'), ('71_2', 't')), (('142_9', 'h'), ('71_2', 'h'))])
4	deque([(('73_4', 'h'), ('142_6', 't')), (('142_6', 'h'), ('73_4', 't'))])
4	deque([(('218_1', 't'), ('199_6', 't')), (('199_6', 'h'), ('84_5', 'h')), (('218_1', 'h'), ('84_5', 't'))])
4	deque([(('75_0', 'h'), ('75_0', 't'))])

Chosen seed at iteration 4: 1
Chosen chr at iteration 4



Chosen seed at iteration 5: 2
Chosen chr at iteration 5



Chosen seed at iteration 6: 3
Chosen chr at iteration 6



Chosen seed at iteration 7: 4
Chosen chr at iteration 7



Chosen seed at iteration 8: 5
Chosen chr at iteration 8


Iteration 1
1	deque([(('142_11', 't'), ('71_4', 't')), (('142_11', 'h'), ('71_4', 'h'))])
1	deque([(('73_0', 'h'), ('142_1', 't')), (('142_1', 'h'), ('73_0', 't'))])
1	deque([(('75_5', 'h'), ('75_5', 't'))])

Chosen seed at iteration 1: 1
Chosen chr at iteration 1



Chosen seed at iteration 2: 2
Chosen chr at iteration 2



Chosen seed at iteration 3: 3
Chosen chr at iteration 3


Iteration 4
4	deque([(('142_8', 'h'), ('73_0', 't')), (('73_0', 'h'), ('142_8', 't'))])
4	deque([(('142_11', 't'), ('71_6', 't')), (('142_11', 'h'), ('71_6', 'h'))])
4	deque([(('75_2', 'h'), ('75_2', 't'))])

Chosen seed at iteration 4: 1
Chosen chr at iteration 4



Chosen seed at iteration 5: 2
Chosen chr at iteration 5



Chosen seed at iteration 6: 3
Chosen chr at iteration 6


Iteration 1
1	deque([(('142_7', 't'), ('71_7', 't')), (('142_7', 'h'), ('73_1', 't')), (('73_1', 'h'), ('142_5', 't')), (('142_5', 'h'), ('71_7', 'h'))])
1	deque([(('75_4', 'h'), ('75_4', 't'))])

Chosen seed at iteration 1: 1
Chosen chr at iteration 1



Chosen seed at iteration 2: 2
Chosen chr at iteration 2


Iteration 3
3	deque([(('75_5', 'h'), ('75_5', 't'))])
3	deque([(('142_5', 't'), ('71_4', 't')), (('142_5', 'h'), ('71_4', 'h'))])
3	deque([(('129_28', 'h'), ('129_28', 't'))])
3	deque([(('142_1', 'h'), ('73_1', 't')), (('73_1', 'h'), ('142_1', 't'))])

Chosen seed at iteration 3: 1
Chosen chr at iteration 3



Chosen seed at iteration 4: 2
Chosen chr at iteration 4



Chosen seed at iteration 5: 3
Chosen chr at iteration 5



Chosen seed at iteration 6: 4
Chosen chr at iteration 6


Iteration 1
1	deque([(('154_1', 'h'), ('129_15', 't')), (('129_15', 'h'), ('76_1', 'h')), (('126_0', 'h'), ('76_1', 't')), (('134_0', 't'), ('126_0', 't')), (('134_0', 'h'), ('89_0', 'h')), (('134_2', 'h'), ('89_0', 't')), (('91_1', 'h'), ('134_2', 't')), (('191_5', 'h'), ('91_1', 't')), (('213_1', 't'), ('191_5', 't')), (('213_1', 'h'), ('141_35', 't')), (('141_35', 'h'), ('154_1', 't'))])
1	deque([(('142_7', 't'), ('71_5', 't')), (('142_7', 'h'), ('71_5', 'h'))])
1	deque([(('75_4', 'h'), ('75_4', 't'))])

Chosen seed at iteration 1: 1
Chosen chr at iteration 1



Chosen seed at iteration 2: 2
Chosen chr at iteration 2



Chosen seed at iteration 3: 3
Chosen chr at iteration 3


Iteration 4
4	deque([(('142_7', 't'), ('71_1', 't')), (('142_7', 'h'), ('71_1', 'h'))])
4	deque([(('75_3', 'h'), ('75_3', 't'))])

Chosen seed at iteration 4: 1
Chosen chr at iteration 4



Chosen seed at iteration 5: 2
Chosen chr at iteration 5


Iteration 1
1	deque([(('216_4', 't'), ('101_1', 't')), (('101_1', 'h'), ('133_0', 't')), (('133_0', 'h'), ('79_1', 'h')), (('195_4', 't'), ('79_1', 't')), (('195_4', 'h'), ('177_3', 't')), (('177_3', 'h'), ('186_1', 't')), (('186_1', 'h'), ('153_1', 't')), (('153_1', 'h'), ('210_0', 't')), (('210_0', 'h'), ('157_6', 'h')), (('52_1', 'h'), ('157_6', 't')), (('96_1', 't'), ('52_1', 't')), (('96_1', 'h'), ('43_0', 't')), (('96_12', 'h'), ('43_0', 'h')), (('38_0', 'h'), ('96_12', 't')), (('110_1', 't'), ('38_0', 't')), (('110_1', 'h'), ('128_0', 't')), (('158_0', 'h'), ('128_0', 'h')), (('158_0', 't'), ('44_0', 't')), (('44_0', 'h'), ('196_0', 't')), (('196_0', 'h'), ('208_1', 't')), (('208_1', 'h'), ('167_3', 'h')), (('190_0', 'h'), ('167_3', 't')), (('190_0', 't'), ('120_4', 't')), (('201_0', 'h'), ('120_4', 'h')), (('216_4', 'h'), ('201_0', 't'))])
1	deque([(('142_4', 'h'), ('71_7', 'h')), (('142_4', 't'), ('71_7', 't'))])
1	deque([(('75_1', 'h'), ('75_1', 't'))])

Chosen seed at iteration 1: 1
Chosen chr at iteration 1



Chosen seed at iteration 2: 2
Chosen chr at iteration 2



Chosen seed at iteration 3: 3
Chosen chr at iteration 3


Iteration 4
4	deque([(('158_0', 'h'), ('128_0', 'h')), (('110_1', 'h'), ('128_0', 't')), (('110_1', 't'), ('38_0', 't')), (('38_0', 'h'), ('96_0', 't')), (('96_0', 'h'), ('43_0', 't')), (('96_12', 'h'), ('43_0', 'h')), (('96_12', 't'), ('52_1', 't')), (('52_1', 'h'), ('157_5', 't')), (('210_2', 'h'), ('157_5', 'h')), (('153_1', 'h'), ('210_2', 't')), (('186_1', 'h'), ('153_1', 't')), (('177_0', 'h'), ('186_1', 't')), (('194_2', 'h'), ('177_0', 't')), (('194_2', 't'), ('79_8', 't')), (('133_0', 'h'), ('79_8', 'h')), (('101_6', 'h'), ('133_0', 't')), (('216_0', 't'), ('101_6', 't')), (('216_0', 'h'), ('201_0', 't')), (('201_0', 'h'), ('120_5', 'h')), (('190_0', 't'), ('120_5', 't')), (('190_0', 'h'), ('167_2', 't')), (('208_1', 'h'), ('167_2', 'h')), (('196_0', 'h'), ('208_1', 't')), (('44_0', 'h'), ('196_0', 't')), (('158_0', 't'), ('44_0', 't'))])
4	deque([(('75_4', 'h'), ('75_4', 't'))])
4	deque([(('142_4', 'h'), ('71_5', 'h')), (('142_4', 't'), ('71_5', 't'))])
4	deque([(('129_2', 'h'), ('129_2', 't'))])

Chosen seed at iteration 4: 1
Chosen chr at iteration 4



Chosen seed at iteration 5: 2
Chosen chr at iteration 5



Chosen seed at iteration 6: 3
Chosen chr at iteration 6



Chosen seed at iteration 7: 4
Chosen chr at iteration 7


Iteration 1
1	deque([(('75_6', 'h'), ('75_6', 't'))])

Chosen seed at iteration 1: 1
Chosen chr at iteration 1


Iteration 2
2	deque([(('129_29', 'h'), ('129_29', 't'))])
2	deque([(('75_1', 'h'), ('75_1', 't'))])

Chosen seed at iteration 2: 1
Chosen chr at iteration 2



Chosen seed at iteration 3: 2
Chosen chr at iteration 3


Iteration 4
4	deque([(('129_18', 'h'), ('129_18', 't'))])

Chosen seed at iteration 4: 1
Chosen chr at iteration 4


Iteration 1
1	deque([(('213_1', 't'), ('191_0', 't')), (('213_1', 'h'), ('141_11', 't')), (('141_11', 'h'), ('154_3', 't')), (('154_3', 'h'), ('129_26', 't')), (('129_26', 'h'), ('129_13', 't')), (('129_13', 'h'), ('59_1', 'h')), (('84_6', 't'), ('59_1', 't')), (('84_6', 'h'), ('64_2', 't')), (('191_0', 'h'), ('64_2', 'h'))])
1	deque([(('212_7', 't'), ('26_1', 't')), (('212_7', 'h'), ('182_8', 'h')), (('160_3', 'h'), ('182_8', 't')), (('159_9', 'h'), ('160_3', 't')), (('159_9', 't'), ('140_10', 't')), (('140_10', 'h'), ('172_3', 't')), (('172_3', 'h'), ('119_6', 'h')), (('35_0', 'h'), ('119_6', 't')), (('108_1', 't'), ('35_0', 't')), (('108_1', 'h'), ('87_0', 'h')), (('26_1', 'h'), ('87_0', 't'))])
1	deque([(('75_6', 'h'), ('75_6', 't'))])

Chosen seed at iteration 1: 1
Chosen chr at iteration 1



Chosen seed at iteration 2: 2
Chosen chr at iteration 2



Chosen seed at iteration 3: 3
Chosen chr at iteration 3


Iteration 4
4	deque([(('141_11', 'h'), ('154_7', 't')), (('189_5', 't'), ('141_11', 't')), (('189_5', 'h'), ('58_0', 'h')), (('83_1', 'h'), ('58_0', 't')), (('81_0', 'h'), ('83_1', 't')), (('129_34', 'h'), ('81_0', 't')), (('154_7', 'h'), ('129_34', 't'))])
4	deque([(('108_1', 'h'), ('87_0', 'h')), (('26_0', 'h'), ('87_0', 't')), (('212_7', 't'), ('26_0', 't')), (('212_7', 'h'), ('182_1', 'h')), (('160_3', 'h'), ('182_1', 't')), (('159_9', 'h'), ('160_3', 't')), (('159_9', 't'), ('140_0', 't')), (('140_0', 'h'), ('172_7', 't')), (('172_7', 'h'), ('119_6', 'h')), (('35_1', 'h'), ('119_6', 't')), (('108_1', 't'), ('35_1', 't'))])
4	deque([(('75_1', 'h'), ('75_1', 't'))])

Chosen seed at iteration 4: 1
Chosen chr at iteration 4



Chosen seed at iteration 5: 2
Chosen chr at iteration 5



Chosen seed at iteration 6: 3
Chosen chr at iteration 6


Iteration 1
1	deque([(('129_13', 'h'), ('129_1', 't')), (('129_1', 'h'), ('59_0', 'h')), (('84_4', 't'), ('59_0', 't')), (('84_4', 'h'), ('64_2', 't')), (('191_7', 'h'), ('64_2', 'h')), (('213_9', 't'), ('191_7', 't')), (('213_9', 'h'), ('141_0', 't')), (('141_0', 'h'), ('154_1', 't')), (('154_1', 'h'), ('129_13', 't'))])
1	deque([(('159_10', 't'), ('140_11', 't')), (('159_10', 'h'), ('160_6', 't')), (('160_6', 'h'), ('182_7', 't')), (('212_6', 'h'), ('182_7', 'h')), (('212_6', 't'), ('26_1', 't')), (('26_1', 'h'), ('87_3', 't')), (('108_0', 'h'), ('87_3', 'h')), (('108_0', 't'), ('35_0', 't')), (('35_0', 'h'), ('119_8', 't')), (('172_3', 'h'), ('119_8', 'h')), (('140_11', 'h'), ('172_3', 't'))])
1	deque([(('75_6', 'h'), ('75_6', 't'))])

Chosen seed at iteration 1: 1
Chosen chr at iteration 1



Chosen seed at iteration 2: 2
Chosen chr at iteration 2



Chosen seed at iteration 3: 3
Chosen chr at iteration 3


Iteration 4
4	deque([(('108_2', 'h'), ('87_6', 'h')), (('26_1', 'h'), ('87_6', 't')), (('212_6', 't'), ('26_1', 't')), (('212_6', 'h'), ('182_7', 'h')), (('160_4', 'h'), ('182_7', 't')), (('159_4', 'h'), ('160_4', 't')), (('159_4', 't'), ('140_10', 't')), (('140_10', 'h'), ('172_3', 't')), (('172_3', 'h'), ('119_8', 'h')), (('35_0', 'h'), ('119_8', 't')), (('108_2', 't'), ('35_0', 't'))])

Chosen seed at iteration 4: 1
Chosen chr at iteration 4


Iteration 1
1	deque([(('75_6', 'h'), ('75_6', 't'))])

Chosen seed at iteration 1: 1
Chosen chr at iteration 1


Iteration 2
2	deque([(('129_7', 'h'), ('129_7', 't'))])

Chosen seed at iteration 2: 1
Chosen chr at iteration 2


Iteration 3
3	deque([(('216_6', 'h'), ('202_4', 't')), (('216_6', 't'), ('101_1', 't')), (('101_1', 'h'), ('198_2', 't')), (('198_2', 'h'), ('184_0', 't')), (('184_0', 'h'), ('79_5', 'h')), (('194_3', 't'), ('79_5', 't')), (('194_3', 'h'), ('176_0', 'h')), (('185_3', 't'), ('176_0', 't')), (('185_3', 'h'), ('175_3', 't')), (('175_3', 'h'), ('157_8', 'h')), (('197_2', 'h'), ('157_8', 't')), (('197_2', 't'), ('187_1', 't')), (('187_1', 'h'), ('25_1', 't')), (('25_1', 'h'), ('150_1', 't')), (('150_1', 'h'), ('137_0', 't')), (('137_0', 'h'), ('121_1', 't')), (('183_0', 'h'), ('121_1', 'h')), (('183_0', 't'), ('111_1', 't')), (('111_1', 'h'), ('149_0', 't'))])
3	deque([(('87_9', 't'), ('27_1', 't')), (('27_1', 'h'), ('104_2', 't')), (('104_2', 'h'), ('42_0', 'h')), (('196_1', 't'), ('42_0', 't')), (('196_1', 'h'), ('208_0', 't')), (('208_0', 'h'), ('167_3', 'h')), (('190_4', 'h'), ('167_3', 't')), (('190_4', 't'), ('120_6', 't')), (('202_4', 'h'), ('120_6', 'h'))])
3	deque([(('154_24', 'h'), ('129_24', 't')), (('129_24', 'h'), ('129_4', 't')), (('129_4', 'h'), ('97_1', 'h')), (('166_4', 't'), ('97_1', 't')), (('166_4', 'h'), ('112_0', 'h')), (('191_4', 'h'), ('112_0', 't')), (('213_4', 't'), ('191_4', 't')), (('213_4', 'h'), ('141_4', 't'))])
3	deque([(('32_0', 'h'), ('108_0', 't')), (('108_0', 'h'), ('87_9', 'h'))])
3	deque([(('96_3', 'h'), ('32_0', 't')), (('96_3', 't'), ('23_0', 't')), (('23_0', 'h'), ('154_24', 't'))])
3	deque([(('141_27', 'h'), ('154_32', 't'))])

Chosen seed at iteration 3: 1
Chosen chr at iteration 3



Chosen seed at iteration 4: 2
Chosen chr at iteration 4



Chosen seed at iteration 5: 3
Chosen chr at iteration 5



Chosen seed at iteration 6: 4
Chosen chr at iteration 6



Chosen seed at iteration 7: 5
Chosen chr at iteration 7



Chosen seed at iteration 8: 6
Chosen chr at iteration 8


Iteration 1
1	deque([(('189_12', 'h'), ('90_0', 't')), (('189_12', 't'), ('141_3', 't')), (('141_3', 'h'), ('154_1', 't')), (('154_1', 'h'), ('129_15', 't')), (('129_15', 'h'), ('59_0', 'h')), (('84_8', 't'), ('59_0', 't')), (('199_3', 'h'), ('84_8', 'h')), (('200_1', 't'), ('199_3', 't')), (('200_1', 'h'), ('90_0', 'h'))])
1	deque([(('75_6', 'h'), ('75_6', 't'))])
1	deque([(('129_22', 'h'), ('129_22', 't'))])

Chosen seed at iteration 1: 1
Chosen chr at iteration 1



Chosen seed at iteration 2: 2
Chosen chr at iteration 2



Chosen seed at iteration 3: 3
Chosen chr at iteration 3


Iteration 4
Iteration 1
1	deque([(('75_6', 'h'), ('75_6', 't'))])
1	deque([(('129_8', 'h'), ('129_8', 't'))])

Chosen seed at iteration 1: 1
Chosen chr at iteration 1



Chosen seed at iteration 2: 2
Chosen chr at iteration 2


Iteration 3
Iteration 1
1	deque([(('141_15', 'h'), ('154_33', 't')), (('189_4', 't'), ('141_15', 't')), (('189_4', 'h'), ('88_0', 't')), (('129_20', 'h'), ('88_0', 'h')), (('154_33', 'h'), ('129_20', 't'))])
1	deque([(('129_21', 'h'), ('129_21', 't'))])
1	deque([(('75_6', 'h'), ('75_6', 't'))])

Chosen seed at iteration 1: 1
Chosen chr at iteration 1



Chosen seed at iteration 2: 2
Chosen chr at iteration 2



Chosen seed at iteration 3: 3
Chosen chr at iteration 3


Iteration 4
4	deque([(('129_20', 'h'), ('129_20', 't'))])

Chosen seed at iteration 4: 1
Chosen chr at iteration 4


Iteration 1
1	deque([(('75_6', 'h'), ('75_6', 't'))])

Chosen seed at iteration 1: 1
Chosen chr at iteration 1


Iteration 2
Iteration 1
1	deque([(('75_6', 'h'), ('75_6', 't'))])

Chosen seed at iteration 1: 1
Chosen chr at iteration 1


Iteration 2
Iteration 1
1	deque([(('75_6', 'h'), ('75_6', 't'))])

Chosen seed at iteration 1: 1
Chosen chr at iteration 1


Iteration 2
Iteration 1
1	deque([(('75_6', 'h'), ('75_6', 't'))])

Chosen seed at iteration 1: 1
Chosen chr at iteration 1


Iteration 2
Iteration 1
1	deque([(('75_6', 'h'), ('75_6', 't'))])

Chosen seed at iteration 1: 1
Chosen chr at iteration 1


Iteration 2
Iteration 1
1	deque([(('75_6', 'h'), ('75_6', 't'))])

Chosen seed at iteration 1: 1
Chosen chr at iteration 1


Iteration 2
Iteration 1
1	deque([(('75_6', 'h'), ('75_6', 't'))])

Chosen seed at iteration 1: 1
Chosen chr at iteration 1


Iteration 2
Iteration 1
1	deque([(('75_6', 'h'), ('75_6', 't'))])

Chosen seed at iteration 1: 1
Chosen chr at iteration 1


Iteration 2
Iteration 1
1	deque([(('75_6', 'h'), ('75_6', 't'))])

Chosen seed at iteration 1: 1
Chosen chr at iteration 1


Iteration 2
Iteration 1
1	deque([(('75_6', 'h'), ('75_6', 't'))])

Chosen seed at iteration 1: 1
Chosen chr at iteration 1


Iteration 2
Iteration 1
1	deque([(('75_6', 'h'), ('75_6', 't'))])

Chosen seed at iteration 1: 1
Chosen chr at iteration 1


Iteration 2
Iteration 1
1	deque([(('75_6', 'h'), ('75_6', 't'))])

Chosen seed at iteration 1: 1
Chosen chr at iteration 1


Iteration 2
Iteration 1
1	deque([(('75_6', 'h'), ('75_6', 't'))])

Chosen seed at iteration 1: 1
Chosen chr at iteration 1


Iteration 2
Iteration 1
1	deque([(('75_6', 'h'), ('75_6', 't'))])

Chosen seed at iteration 1: 1
Chosen chr at iteration 1


Iteration 2
Iteration 1
1	deque([(('75_6', 'h'), ('75_6', 't'))])

Chosen seed at iteration 1: 1
Chosen chr at iteration 1


Iteration 2
Iteration 1
1	deque([(('75_6', 'h'), ('75_6', 't'))])

Chosen seed at iteration 1: 1
Chosen chr at iteration 1


Iteration 2
Iteration 1
1	deque([(('75_6', 'h'), ('75_6', 't'))])

Chosen seed at iteration 1: 1
Chosen chr at iteration 1


Iteration 2
Iteration 1
1	deque([(('75_6', 'h'), ('75_6', 't'))])

Chosen seed at iteration 1: 1
Chosen chr at iteration 1


Iteration 2
2	deque([(('140_11', 'h'), ('172_2', 't')), (('172_2', 'h'), ('119_1', 'h'))])

Chosen seed at iteration 2: 1
Chosen chr at iteration 2


Iteration 3
Iteration 1
1	deque([(('75_6', 'h'), ('75_6', 't'))])

Chosen seed at iteration 1: 1
Chosen chr at iteration 1


Iteration 2
Iteration 1
1	deque([(('75_6', 'h'), ('75_6', 't'))])

Chosen seed at iteration 1: 1
Chosen chr at iteration 1


Iteration 2
Iteration 1
1	deque([(('75_6', 'h'), ('75_6', 't'))])

Chosen seed at iteration 1: 1
Chosen chr at iteration 1


Iteration 2
Iteration 1
1	deque([(('75_6', 'h'), ('75_6', 't'))])

Chosen seed at iteration 1: 1
Chosen chr at iteration 1


Iteration 2
Iteration 1
1	deque([(('75_6', 'h'), ('75_6', 't'))])

Chosen seed at iteration 1: 1
Chosen chr at iteration 1


Iteration 2
Iteration 1
1	deque([(('75_6', 'h'), ('75_6', 't'))])

Chosen seed at iteration 1: 1
Chosen chr at iteration 1


Iteration 2
Iteration 1
1	deque([(('75_6', 'h'), ('75_6', 't'))])

Chosen seed at iteration 1: 1
Chosen chr at iteration 1


Iteration 2
Iteration 1
1	deque([(('75_6', 'h'), ('75_6', 't'))])

Chosen seed at iteration 1: 1
Chosen chr at iteration 1


Iteration 2
Iteration 1
1	deque([(('75_6', 'h'), ('75_6', 't'))])

Chosen seed at iteration 1: 1
Chosen chr at iteration 1


Iteration 2
Iteration 1
1	deque([(('75_6', 'h'), ('75_6', 't'))])

Chosen seed at iteration 1: 1
Chosen chr at iteration 1


Iteration 2
Iteration 1
1	deque([(('75_6', 'h'), ('75_6', 't'))])

Chosen seed at iteration 1: 1
Chosen chr at iteration 1


Iteration 2
Iteration 1
1	deque([(('75_6', 'h'), ('75_6', 't'))])

Chosen seed at iteration 1: 1
Chosen chr at iteration 1


Iteration 2
Iteration 1
1	deque([(('75_6', 'h'), ('75_6', 't'))])

Chosen seed at iteration 1: 1
Chosen chr at iteration 1


Iteration 2
Iteration 1
1	deque([(('75_6', 'h'), ('75_6', 't'))])

Chosen seed at iteration 1: 1
Chosen chr at iteration 1


Iteration 2
Iteration 1
1	deque([(('75_6', 'h'), ('75_6', 't'))])

Chosen seed at iteration 1: 1
Chosen chr at iteration 1


Iteration 2
Iteration 1
1	deque([(('75_6', 'h'), ('75_6', 't'))])

Chosen seed at iteration 1: 1
Chosen chr at iteration 1


Iteration 2
Iteration 1
1	deque([(('75_6', 'h'), ('75_6', 't'))])

Chosen seed at iteration 1: 1
Chosen chr at iteration 1


Iteration 2
2	deque([(('183_0', 't'), ('111_0', 't')), (('183_0', 'h'), ('121_2', 'h'))])

Chosen seed at iteration 2: 1
Chosen chr at iteration 2


Iteration 3
Iteration 1
1	deque([(('75_6', 'h'), ('75_6', 't'))])

Chosen seed at iteration 1: 1
Chosen chr at iteration 1


Iteration 2
Iteration 1
1	deque([(('75_6', 'h'), ('75_6', 't'))])

Chosen seed at iteration 1: 1
Chosen chr at iteration 1


Iteration 2
Iteration 1
1	deque([(('75_6', 'h'), ('75_6', 't'))])

Chosen seed at iteration 1: 1
Chosen chr at iteration 1


Iteration 2
Iteration 1
1	deque([(('75_6', 'h'), ('75_6', 't'))])

Chosen seed at iteration 1: 1
Chosen chr at iteration 1


Iteration 2
Iteration 1
1	deque([(('75_6', 'h'), ('75_6', 't'))])

Chosen seed at iteration 1: 1
Chosen chr at iteration 1


Iteration 2
Iteration 1
1	deque([(('75_6', 'h'), ('75_6', 't'))])

Chosen seed at iteration 1: 1
Chosen chr at iteration 1


Iteration 2
Iteration 1
1	deque([(('75_6', 'h'), ('75_6', 't'))])

Chosen seed at iteration 1: 1
Chosen chr at iteration 1


Iteration 2
Iteration 1
1	deque([(('75_6', 'h'), ('75_6', 't'))])

Chosen seed at iteration 1: 1
Chosen chr at iteration 1


Iteration 2
Iteration 1
1	deque([(('75_6', 'h'), ('75_6', 't'))])

Chosen seed at iteration 1: 1
Chosen chr at iteration 1


Iteration 2
Iteration 1
1	deque([(('75_6', 'h'), ('75_6', 't'))])

Chosen seed at iteration 1: 1
Chosen chr at iteration 1


Iteration 2
Iteration 1
1	deque([(('75_6', 'h'), ('75_6', 't'))])

Chosen seed at iteration 1: 1
Chosen chr at iteration 1


Iteration 2
Iteration 1
1	deque([(('75_6', 'h'), ('75_6', 't'))])

Chosen seed at iteration 1: 1
Chosen chr at iteration 1


Iteration 2
Iteration 1
1	deque([(('75_6', 'h'), ('75_6', 't'))])

Chosen seed at iteration 1: 1
Chosen chr at iteration 1


Iteration 2
Iteration 1
1	deque([(('75_6', 'h'), ('75_6', 't'))])

Chosen seed at iteration 1: 1
Chosen chr at iteration 1


Iteration 2
Iteration 1
1	deque([(('75_6', 'h'), ('75_6', 't'))])

Chosen seed at iteration 1: 1
Chosen chr at iteration 1


Iteration 2
Iteration 1
1	deque([(('75_6', 'h'), ('75_6', 't'))])

Chosen seed at iteration 1: 1
Chosen chr at iteration 1


Iteration 2
Iteration 1
1	deque([(('75_6', 'h'), ('75_6', 't'))])

Chosen seed at iteration 1: 1
Chosen chr at iteration 1


Iteration 2
Iteration 1
1	deque([(('75_6', 'h'), ('75_6', 't'))])

Chosen seed at iteration 1: 1
Chosen chr at iteration 1


Iteration 2
Iteration 1
1	deque([(('75_6', 'h'), ('75_6', 't'))])

Chosen seed at iteration 1: 1
Chosen chr at iteration 1


Iteration 2
Iteration 1
Iteration 1
Iteration 1
Iteration 1
Iteration 1
Iteration 1
Iteration 1
