Iteration 1
Iteration 1
1	deque([(('173', 'h'), ('202', 't')), (('202', 'h'), ('150', 't')), (('150', 'h'), ('181', 't')), (('181', 'h'), ('162', 't')), (('162', 'h'), ('50', 'h')), (('50', 't'), ('182', 't')), (('182', 'h'), ('121', 'h')), (('121', 't'), ('124', 't')), (('124', 'h'), ('183', 't')), (('183', 'h'), ('177', 'h')), (('177', 't'), ('54', 'h')), (('54', 't'), ('188', 't')), (('188', 'h'), ('186', 'h')), (('186', 't'), ('120', 'h')), (('120', 't'), ('210', 't')), (('210', 'h'), ('208', 'h')), (('208', 't'), ('212', 't')), (('212', 'h'), ('194', 't')), (('194', 'h'), ('32', 'h')), (('32', 't'), ('137', 't')), (('137', 'h'), ('173', 't'))])
1	deque([(('154', 'h'), ('135', 't')), (('135', 'h'), ('176', 't')), (('176', 'h'), ('49', 't')), (('49', 'h'), ('178', 't')), (('178', 'h'), ('154', 't'))])

Chosen seed at iteration 1: 1
Chosen chr at iteration 1
Iteration 2
2	deque([(('154', 'h'), ('135', 't')), (('135', 'h'), ('176', 't')), (('176', 'h'), ('49', 't')), (('49', 'h'), ('178', 't')), (('178', 'h'), ('154', 't'))])

Chosen seed at iteration 2: 1
Chosen chr at iteration 2
Iteration 3
Iteration 1
1	deque([(('154', 'h'), ('135', 't')), (('135', 'h'), ('176', 't')), (('176', 'h'), ('49', 't')), (('49', 'h'), ('178', 't')), (('178', 'h'), ('154', 't'))])

Chosen seed at iteration 1: 1
Chosen chr at iteration 1
Iteration 2
Iteration 1
1	deque([(('176', 'h'), ('13', 'h')), (('13', 't'), ('175', 't')), (('175', 'h'), ('182', 't')), (('182', 'h'), ('121', 'h')), (('121', 't'), ('199', 't')), (('199', 'h'), ('204', 't')), (('204', 'h'), ('123', 'h')), (('123', 't'), ('167', 'h')), (('167', 't'), ('43', 'h')), (('43', 't'), ('192', 'h')), (('192', 't'), ('212', 'h')), (('212', 't'), ('208', 't')), (('208', 'h'), ('210', 'h')), (('210', 't'), ('120', 't')), (('120', 'h'), ('186', 't')), (('186', 'h'), ('191', 't')), (('191', 'h'), ('147', 't')), (('147', 'h'), ('135', 't')), (('135', 'h'), ('176', 't'))])

Chosen seed at iteration 1: 1
Chosen chr at iteration 1
Iteration 2
2	deque([(('176', 'h'), ('13', 'h')), (('13', 't'), ('175', 't')), (('175', 'h'), ('182', 't')), (('182', 'h'), ('121', 'h')), (('121', 't'), ('199', 't')), (('199', 'h'), ('204', 't')), (('204', 'h'), ('123', 'h')), (('123', 't'), ('167', 'h')), (('167', 't'), ('43', 'h')), (('43', 't'), ('192', 'h')), (('192', 't'), ('212', 'h')), (('212', 't'), ('208', 't')), (('208', 'h'), ('210', 'h')), (('210', 't'), ('120', 't')), (('120', 'h'), ('187', 't')), (('187', 'h'), ('191', 't')), (('191', 'h'), ('147', 't')), (('147', 'h'), ('135', 't')), (('135', 'h'), ('176', 't'))])

Chosen seed at iteration 2: 1
Chosen chr at iteration 2
Iteration 3
3	deque([(('176', 'h'), ('13', 'h')), (('13', 't'), ('175', 't')), (('175', 'h'), ('182', 't')), (('182', 'h'), ('121', 'h')), (('121', 't'), ('199', 't')), (('199', 'h'), ('204', 't')), (('204', 'h'), ('140', 't')), (('140', 'h'), ('206', 't')), (('206', 'h'), ('183', 't')), (('183', 'h'), ('167', 'h')), (('167', 't'), ('43', 'h')), (('43', 't'), ('192', 'h')), (('192', 't'), ('212', 'h')), (('212', 't'), ('208', 't')), (('208', 'h'), ('210', 'h')), (('210', 't'), ('120', 't')), (('120', 'h'), ('186', 't')), (('186', 'h'), ('191', 't')), (('191', 'h'), ('147', 't')), (('147', 'h'), ('135', 't')), (('135', 'h'), ('176', 't'))])

Chosen seed at iteration 3: 1
Chosen chr at iteration 3
Iteration 4
4	deque([(('176', 'h'), ('13', 'h')), (('13', 't'), ('175', 't')), (('175', 'h'), ('182', 't')), (('182', 'h'), ('121', 'h')), (('121', 't'), ('199', 't')), (('199', 'h'), ('204', 't')), (('204', 'h'), ('140', 't')), (('140', 'h'), ('206', 't')), (('206', 'h'), ('183', 't')), (('183', 'h'), ('167', 'h')), (('167', 't'), ('43', 'h')), (('43', 't'), ('192', 'h')), (('192', 't'), ('212', 'h')), (('212', 't'), ('208', 't')), (('208', 'h'), ('210', 'h')), (('210', 't'), ('120', 't')), (('120', 'h'), ('187', 't')), (('187', 'h'), ('191', 't')), (('191', 'h'), ('147', 't')), (('147', 'h'), ('135', 't')), (('135', 'h'), ('176', 't'))])

Chosen seed at iteration 4: 1
Chosen chr at iteration 4
Iteration 5
5	deque([(('176', 'h'), ('13', 'h')), (('13', 't'), ('175', 't')), (('175', 'h'), ('182', 't')), (('182', 'h'), ('121', 'h')), (('121', 't'), ('199', 't')), (('199', 'h'), ('204', 't')), (('204', 'h'), ('140', 't')), (('140', 'h'), ('206', 't')), (('206', 'h'), ('183', 't')), (('183', 'h'), ('177', 'h')), (('177', 't'), ('35', 'h')), (('35', 't'), ('208', 't')), (('208', 'h'), ('210', 'h')), (('210', 't'), ('120', 't')), (('120', 'h'), ('186', 't')), (('186', 'h'), ('191', 't')), (('191', 'h'), ('147', 't')), (('147', 'h'), ('135', 't')), (('135', 'h'), ('176', 't'))])

Chosen seed at iteration 5: 1
Chosen chr at iteration 5
Iteration 6
Iteration 1
1	deque([(('200', 't'), ('87', 't')), (('87', 'h'), ('157', 't')), (('157', 'h'), ('78', 't')), (('78', 'h'), ('108', 'h')), (('108', 't'), ('33', 'h')), (('33', 't'), ('180', 'h')), (('180', 't'), ('94', 'h')), (('94', 't'), ('216', 'h')), (('216', 't'), ('160', 'h')), (('160', 't'), ('166', 'h')), (('166', 't'), ('196', 't')), (('196', 'h'), ('200', 'h'))])
1	deque([(('154', 'h'), ('135', 't')), (('135', 'h'), ('176', 't')), (('176', 'h'), ('49', 't')), (('49', 'h'), ('178', 't')), (('178', 'h'), ('154', 't'))])
1	deque([(('101', 't'), ('63', 't')), (('63', 'h'), ('107', 'h')), (('107', 't'), ('172', 't')), (('172', 'h'), ('159', 't')), (('159', 'h'), ('119', 't')), (('119', 'h'), ('101', 'h'))])

Chosen seed at iteration 1: 1
Chosen chr at iteration 1
Iteration 2
2	deque([(('108', 'h'), ('78', 'h')), (('78', 't'), ('157', 'h')), (('157', 't'), ('87', 'h')), (('87', 't'), ('209', 'h')), (('209', 't'), ('203', 'h')), (('203', 't'), ('141', 't')), (('141', 'h'), ('217', 't')), (('217', 'h'), ('94', 't')), (('94', 'h'), ('180', 't')), (('180', 'h'), ('33', 't')), (('33', 'h'), ('108', 't'))])
2	deque([(('154', 'h'), ('135', 't')), (('135', 'h'), ('176', 't')), (('176', 'h'), ('49', 't')), (('49', 'h'), ('178', 't')), (('178', 'h'), ('154', 't'))])
2	deque([(('101', 't'), ('63', 't')), (('63', 'h'), ('107', 'h')), (('107', 't'), ('172', 't')), (('172', 'h'), ('159', 't')), (('159', 'h'), ('119', 't')), (('119', 'h'), ('101', 'h'))])

Chosen seed at iteration 2: 1
Chosen chr at iteration 2
Iteration 3
3	deque([(('200', 't'), ('87', 't')), (('87', 'h'), ('157', 't')), (('157', 'h'), ('78', 't')), (('78', 'h'), ('108', 'h')), (('108', 't'), ('33', 'h')), (('33', 't'), ('180', 'h')), (('180', 't'), ('94', 'h')), (('94', 't'), ('217', 'h')), (('217', 't'), ('141', 'h')), (('141', 't'), ('214', 't')), (('214', 'h'), ('200', 'h'))])
3	deque([(('154', 'h'), ('135', 't')), (('135', 'h'), ('176', 't')), (('176', 'h'), ('49', 't')), (('49', 'h'), ('178', 't')), (('178', 'h'), ('154', 't'))])
3	deque([(('101', 't'), ('63', 't')), (('63', 'h'), ('107', 'h')), (('107', 't'), ('172', 't')), (('172', 'h'), ('159', 't')), (('159', 'h'), ('119', 't')), (('119', 'h'), ('101', 'h'))])

Chosen seed at iteration 3: 1
Chosen chr at iteration 3
Iteration 4
4	deque([(('108', 'h'), ('78', 'h')), (('78', 't'), ('157', 'h')), (('157', 't'), ('87', 'h')), (('87', 't'), ('209', 'h')), (('209', 't'), ('179', 't')), (('179', 'h'), ('166', 't')), (('166', 'h'), ('160', 't')), (('160', 'h'), ('216', 't')), (('216', 'h'), ('94', 't')), (('94', 'h'), ('180', 't')), (('180', 'h'), ('33', 't')), (('33', 'h'), ('108', 't'))])
4	deque([(('154', 'h'), ('135', 't')), (('135', 'h'), ('176', 't')), (('176', 'h'), ('49', 't')), (('49', 'h'), ('178', 't')), (('178', 'h'), ('154', 't'))])
4	deque([(('101', 't'), ('63', 't')), (('63', 'h'), ('107', 'h')), (('107', 't'), ('172', 't')), (('172', 'h'), ('159', 't')), (('159', 'h'), ('119', 't')), (('119', 'h'), ('101', 'h'))])

Chosen seed at iteration 4: 3
Chosen chr at iteration 4
Iteration 5
5	deque([(('154', 'h'), ('135', 't')), (('135', 'h'), ('176', 't')), (('176', 'h'), ('49', 't')), (('49', 'h'), ('178', 't')), (('178', 'h'), ('154', 't'))])

Chosen seed at iteration 5: 1
Chosen chr at iteration 5
Iteration 6
Iteration 1
1	deque([(('102', 'h'), ('82', 'h')), (('82', 't'), ('189', 'h')), (('189', 't'), ('186', 'h')), (('186', 't'), ('120', 'h')), (('120', 't'), ('210', 't')), (('210', 'h'), ('208', 'h')), (('208', 't'), ('212', 't')), (('212', 'h'), ('193', 't')), (('193', 'h'), ('19', 't')), (('19', 'h'), ('102', 't'))])
1	deque([(('154', 'h'), ('135', 't')), (('135', 'h'), ('176', 't')), (('176', 'h'), ('49', 't')), (('49', 'h'), ('178', 't')), (('178', 'h'), ('154', 't'))])
1	deque([(('101', 't'), ('63', 't')), (('63', 'h'), ('107', 'h')), (('107', 't'), ('172', 't')), (('172', 'h'), ('159', 't')), (('159', 'h'), ('119', 't')), (('119', 'h'), ('101', 'h'))])

Chosen seed at iteration 1: 2
Chosen chr at iteration 1
Iteration 2
2	deque([(('200', 't'), ('87', 't')), (('87', 'h'), ('157', 't')), (('157', 'h'), ('78', 't')), (('78', 'h'), ('108', 'h')), (('108', 't'), ('33', 'h')), (('33', 't'), ('180', 'h')), (('180', 't'), ('94', 'h')), (('94', 't'), ('216', 'h')), (('216', 't'), ('160', 'h')), (('160', 't'), ('166', 'h')), (('166', 't'), ('196', 't')), (('196', 'h'), ('200', 'h'))])
2	deque([(('102', 'h'), ('82', 'h')), (('82', 't'), ('189', 'h')), (('189', 't'), ('186', 'h')), (('186', 't'), ('120', 'h')), (('120', 't'), ('210', 't')), (('210', 'h'), ('208', 'h')), (('208', 't'), ('212', 't')), (('212', 'h'), ('193', 't')), (('193', 'h'), ('19', 't')), (('19', 'h'), ('102', 't'))])
2	deque([(('172', 't'), ('107', 't')), (('107', 'h'), ('63', 'h')), (('63', 't'), ('101', 't')), (('101', 'h'), ('119', 'h')), (('119', 't'), ('159', 'h')), (('159', 't'), ('172', 'h'))])

Chosen seed at iteration 2: 2
Chosen chr at iteration 2
Iteration 3
3	deque([(('200', 't'), ('87', 't')), (('87', 'h'), ('157', 't')), (('157', 'h'), ('78', 't')), (('78', 'h'), ('108', 'h')), (('108', 't'), ('33', 'h')), (('33', 't'), ('180', 'h')), (('180', 't'), ('94', 'h')), (('94', 't'), ('216', 'h')), (('216', 't'), ('160', 'h')), (('160', 't'), ('166', 'h')), (('166', 't'), ('196', 't')), (('196', 'h'), ('200', 'h'))])
3	deque([(('102', 'h'), ('82', 'h')), (('82', 't'), ('189', 'h')), (('189', 't'), ('187', 'h')), (('187', 't'), ('120', 'h')), (('120', 't'), ('210', 't')), (('210', 'h'), ('208', 'h')), (('208', 't'), ('212', 't')), (('212', 'h'), ('193', 't')), (('193', 'h'), ('19', 't')), (('19', 'h'), ('102', 't'))])
3	deque([(('172', 't'), ('107', 't')), (('107', 'h'), ('63', 'h')), (('63', 't'), ('101', 't')), (('101', 'h'), ('119', 'h')), (('119', 't'), ('159', 'h')), (('159', 't'), ('172', 'h'))])

Chosen seed at iteration 3: 1
Chosen chr at iteration 3
Iteration 4
4	deque([(('200', 't'), ('87', 't')), (('87', 'h'), ('157', 't')), (('157', 'h'), ('78', 't')), (('78', 'h'), ('108', 'h')), (('108', 't'), ('33', 'h')), (('33', 't'), ('180', 'h')), (('180', 't'), ('94', 'h')), (('94', 't'), ('217', 'h')), (('217', 't'), ('141', 'h')), (('141', 't'), ('214', 't')), (('214', 'h'), ('200', 'h'))])
4	deque([(('102', 'h'), ('82', 'h')), (('82', 't'), ('189', 'h')), (('189', 't'), ('187', 'h')), (('187', 't'), ('120', 'h')), (('120', 't'), ('210', 't')), (('210', 'h'), ('208', 'h')), (('208', 't'), ('212', 't')), (('212', 'h'), ('193', 't')), (('193', 'h'), ('19', 't')), (('19', 'h'), ('102', 't'))])
4	deque([(('26', 'h'), ('101', 't')), (('101', 'h'), ('119', 'h')), (('119', 't'), ('159', 'h')), (('159', 't'), ('172', 'h')), (('172', 't'), ('107', 't')), (('107', 'h'), ('63', 'h')), (('63', 't'), ('101', 't'))])

Chosen seed at iteration 4: 3
Chosen chr at iteration 4
Iteration 5
5	deque([(('200', 't'), ('87', 't')), (('87', 'h'), ('157', 't')), (('157', 'h'), ('78', 't')), (('78', 'h'), ('108', 'h')), (('108', 't'), ('33', 'h')), (('33', 't'), ('180', 'h')), (('180', 't'), ('94', 'h')), (('94', 't'), ('217', 'h')), (('217', 't'), ('141', 'h')), (('141', 't'), ('214', 't')), (('214', 'h'), ('200', 'h'))])
5	deque([(('102', 'h'), ('82', 'h')), (('82', 't'), ('189', 'h')), (('189', 't'), ('187', 'h')), (('187', 't'), ('120', 'h')), (('120', 't'), ('210', 't')), (('210', 'h'), ('208', 'h')), (('208', 't'), ('212', 't')), (('212', 'h'), ('193', 't')), (('193', 'h'), ('19', 't')), (('19', 'h'), ('102', 't'))])
5	deque([(('101', 't'), ('63', 't')), (('63', 'h'), ('107', 'h')), (('107', 't'), ('172', 't')), (('172', 'h'), ('159', 't')), (('159', 'h'), ('119', 't')), (('119', 'h'), ('101', 'h'))])

Chosen seed at iteration 5: 3
Chosen chr at iteration 5
Iteration 6
6	deque([(('102', 'h'), ('82', 'h')), (('82', 't'), ('189', 'h')), (('189', 't'), ('187', 'h')), (('187', 't'), ('120', 'h')), (('120', 't'), ('210', 't')), (('210', 'h'), ('208', 'h')), (('208', 't'), ('212', 't')), (('212', 'h'), ('193', 't')), (('193', 'h'), ('19', 't')), (('19', 'h'), ('102', 't'))])
6	deque([(('108', 'h'), ('78', 'h')), (('78', 't'), ('157', 'h')), (('157', 't'), ('87', 'h')), (('87', 't'), ('209', 'h')), (('209', 't'), ('203', 'h')), (('203', 't'), ('141', 't')), (('141', 'h'), ('217', 't')), (('217', 'h'), ('94', 't')), (('94', 'h'), ('180', 't')), (('180', 'h'), ('33', 't')), (('33', 'h'), ('108', 't'))])

Chosen seed at iteration 6: 1
Chosen chr at iteration 6
Iteration 7
Iteration 1
1	deque([(('102', 'h'), ('82', 'h')), (('82', 't'), ('189', 'h')), (('189', 't'), ('186', 'h')), (('186', 't'), ('120', 'h')), (('120', 't'), ('210', 't')), (('210', 'h'), ('208', 'h')), (('208', 't'), ('212', 't')), (('212', 'h'), ('193', 't')), (('193', 'h'), ('19', 't')), (('19', 'h'), ('102', 't'))])
1	deque([(('154', 'h'), ('135', 't')), (('135', 'h'), ('176', 't')), (('176', 'h'), ('49', 't')), (('49', 'h'), ('178', 't')), (('178', 'h'), ('154', 't'))])
1	deque([(('172', 't'), ('107', 't')), (('107', 'h'), ('63', 'h')), (('63', 't'), ('101', 't')), (('101', 'h'), ('119', 'h')), (('119', 't'), ('159', 'h')), (('159', 't'), ('172', 'h'))])

Chosen seed at iteration 1: 2
Chosen chr at iteration 1
Iteration 2
2	deque([(('102', 'h'), ('82', 'h')), (('82', 't'), ('189', 'h')), (('189', 't'), ('186', 'h')), (('186', 't'), ('120', 'h')), (('120', 't'), ('210', 't')), (('210', 'h'), ('208', 'h')), (('208', 't'), ('212', 't')), (('212', 'h'), ('193', 't')), (('193', 'h'), ('19', 't')), (('19', 'h'), ('102', 't'))])
2	deque([(('108', 'h'), ('78', 'h')), (('78', 't'), ('157', 'h')), (('157', 't'), ('87', 'h')), (('87', 't'), ('209', 'h')), (('209', 't'), ('203', 'h')), (('203', 't'), ('141', 't')), (('141', 'h'), ('217', 't')), (('217', 'h'), ('94', 't')), (('94', 'h'), ('180', 't')), (('180', 'h'), ('33', 't')), (('33', 'h'), ('108', 't'))])
2	deque([(('101', 't'), ('63', 't')), (('63', 'h'), ('107', 'h')), (('107', 't'), ('172', 't')), (('172', 'h'), ('159', 't')), (('159', 'h'), ('119', 't')), (('119', 'h'), ('101', 'h'))])

Chosen seed at iteration 2: 3
Chosen chr at iteration 2
Iteration 3
3	deque([(('102', 'h'), ('82', 'h')), (('82', 't'), ('189', 'h')), (('189', 't'), ('186', 'h')), (('186', 't'), ('120', 'h')), (('120', 't'), ('210', 't')), (('210', 'h'), ('208', 'h')), (('208', 't'), ('212', 't')), (('212', 'h'), ('193', 't')), (('193', 'h'), ('19', 't')), (('19', 'h'), ('102', 't'))])
3	deque([(('108', 'h'), ('78', 'h')), (('78', 't'), ('157', 'h')), (('157', 't'), ('87', 'h')), (('87', 't'), ('209', 'h')), (('209', 't'), ('203', 'h')), (('203', 't'), ('141', 't')), (('141', 'h'), ('217', 't')), (('217', 'h'), ('94', 't')), (('94', 'h'), ('180', 't')), (('180', 'h'), ('33', 't')), (('33', 'h'), ('108', 't'))])

Chosen seed at iteration 3: 2
Chosen chr at iteration 3
Iteration 4
4	deque([(('200', 't'), ('87', 't')), (('87', 'h'), ('157', 't')), (('157', 'h'), ('78', 't')), (('78', 'h'), ('108', 'h')), (('108', 't'), ('33', 'h')), (('33', 't'), ('180', 'h')), (('180', 't'), ('94', 'h')), (('94', 't'), ('217', 'h')), (('217', 't'), ('141', 'h')), (('141', 't'), ('214', 't')), (('214', 'h'), ('200', 'h'))])
4	deque([(('102', 'h'), ('82', 'h')), (('82', 't'), ('189', 'h')), (('189', 't'), ('186', 'h')), (('186', 't'), ('120', 'h')), (('120', 't'), ('210', 't')), (('210', 'h'), ('208', 'h')), (('208', 't'), ('212', 't')), (('212', 'h'), ('193', 't')), (('193', 'h'), ('19', 't')), (('19', 'h'), ('102', 't'))])

Chosen seed at iteration 4: 2
Chosen chr at iteration 4
Iteration 5
5	deque([(('200', 't'), ('87', 't')), (('87', 'h'), ('157', 't')), (('157', 'h'), ('78', 't')), (('78', 'h'), ('108', 'h')), (('108', 't'), ('33', 'h')), (('33', 't'), ('180', 'h')), (('180', 't'), ('94', 'h')), (('94', 't'), ('217', 'h')), (('217', 't'), ('141', 'h')), (('141', 't'), ('214', 't')), (('214', 'h'), ('200', 'h'))])
5	deque([(('102', 'h'), ('82', 'h')), (('82', 't'), ('189', 'h')), (('189', 't'), ('187', 'h')), (('187', 't'), ('120', 'h')), (('120', 't'), ('210', 't')), (('210', 'h'), ('208', 'h')), (('208', 't'), ('212', 't')), (('212', 'h'), ('193', 't')), (('193', 'h'), ('19', 't')), (('19', 'h'), ('102', 't'))])

Chosen seed at iteration 5: 2
Chosen chr at iteration 5
Iteration 6
6	deque([(('195', 'h'), ('48', 'h')), (('48', 't'), ('159', 'h')), (('159', 't'), ('172', 'h')), (('172', 't'), ('107', 't')), (('107', 'h'), ('63', 'h')), (('63', 't'), ('101', 't')), (('101', 'h'), ('31', 'h')), (('31', 't'), ('201', 'h')), (('201', 't'), ('205', 'h')), (('205', 't'), ('207', 't')), (('207', 'h'), ('94', 'h')), (('94', 't'), ('217', 'h')), (('217', 't'), ('141', 'h')), (('141', 't'), ('203', 't')), (('203', 'h'), ('209', 't')), (('209', 'h'), ('87', 't')), (('87', 'h'), ('149', 't')), (('149', 'h'), ('170', 'h')), (('170', 't'), ('39', 't')), (('39', 'h'), ('191', 'h')), (('191', 't'), ('186', 'h')), (('186', 't'), ('120', 'h')), (('120', 't'), ('210', 't')), (('210', 'h'), ('208', 'h')), (('208', 't'), ('212', 't')), (('212', 'h'), ('195', 't'))])

Chosen seed at iteration 6: 1
Chosen chr at iteration 6
Iteration 7
7	deque([(('200', 't'), ('87', 't')), (('87', 'h'), ('149', 't')), (('149', 'h'), ('170', 'h')), (('170', 't'), ('39', 't')), (('39', 'h'), ('191', 'h')), (('191', 't'), ('186', 'h')), (('186', 't'), ('120', 'h')), (('120', 't'), ('210', 't')), (('210', 'h'), ('208', 'h')), (('208', 't'), ('212', 't')), (('212', 'h'), ('195', 't')), (('195', 'h'), ('48', 'h')), (('48', 't'), ('159', 'h')), (('159', 't'), ('172', 'h')), (('172', 't'), ('107', 't')), (('107', 'h'), ('63', 'h')), (('63', 't'), ('101', 't')), (('101', 'h'), ('31', 'h')), (('31', 't'), ('201', 'h')), (('201', 't'), ('205', 'h')), (('205', 't'), ('207', 't')), (('207', 'h'), ('94', 'h')), (('94', 't'), ('217', 'h')), (('217', 't'), ('141', 'h')), (('141', 't'), ('214', 't')), (('214', 'h'), ('200', 'h'))])

Chosen seed at iteration 7: 1
Chosen chr at iteration 7
Iteration 8
8	deque([(('195', 'h'), ('48', 'h')), (('48', 't'), ('159', 'h')), (('159', 't'), ('172', 'h')), (('172', 't'), ('107', 't')), (('107', 'h'), ('63', 'h')), (('63', 't'), ('101', 't')), (('101', 'h'), ('31', 'h')), (('31', 't'), ('201', 'h')), (('201', 't'), ('205', 'h')), (('205', 't'), ('207', 't')), (('207', 'h'), ('94', 'h')), (('94', 't'), ('216', 'h')), (('216', 't'), ('160', 'h')), (('160', 't'), ('166', 'h')), (('166', 't'), ('179', 'h')), (('179', 't'), ('209', 't')), (('209', 'h'), ('87', 't')), (('87', 'h'), ('149', 't')), (('149', 'h'), ('170', 'h')), (('170', 't'), ('39', 't')), (('39', 'h'), ('191', 'h')), (('191', 't'), ('186', 'h')), (('186', 't'), ('120', 'h')), (('120', 't'), ('210', 't')), (('210', 'h'), ('208', 'h')), (('208', 't'), ('212', 't')), (('212', 'h'), ('195', 't'))])

Chosen seed at iteration 8: 1
Chosen chr at iteration 8
Iteration 9
9	deque([(('195', 'h'), ('48', 'h')), (('48', 't'), ('159', 'h')), (('159', 't'), ('172', 'h')), (('172', 't'), ('107', 't')), (('107', 'h'), ('63', 'h')), (('63', 't'), ('101', 't')), (('101', 'h'), ('31', 'h')), (('31', 't'), ('201', 'h')), (('201', 't'), ('205', 'h')), (('205', 't'), ('207', 't')), (('207', 'h'), ('94', 'h')), (('94', 't'), ('216', 'h')), (('216', 't'), ('185', 'h')), (('185', 't'), ('166', 'h')), (('166', 't'), ('179', 'h')), (('179', 't'), ('209', 't')), (('209', 'h'), ('87', 't')), (('87', 'h'), ('149', 't')), (('149', 'h'), ('170', 'h')), (('170', 't'), ('39', 't')), (('39', 'h'), ('191', 'h')), (('191', 't'), ('186', 'h')), (('186', 't'), ('120', 'h')), (('120', 't'), ('210', 't')), (('210', 'h'), ('208', 'h')), (('208', 't'), ('212', 't')), (('212', 'h'), ('195', 't'))])

Chosen seed at iteration 9: 1
Chosen chr at iteration 9
Iteration 10
10	deque([(('195', 'h'), ('48', 'h')), (('48', 't'), ('159', 'h')), (('159', 't'), ('172', 'h')), (('172', 't'), ('107', 't')), (('107', 'h'), ('63', 'h')), (('63', 't'), ('101', 't')), (('101', 'h'), ('31', 'h')), (('31', 't'), ('201', 'h')), (('201', 't'), ('205', 'h')), (('205', 't'), ('207', 't')), (('207', 'h'), ('94', 'h')), (('94', 't'), ('217', 'h')), (('217', 't'), ('185', 'h')), (('185', 't'), ('166', 'h')), (('166', 't'), ('179', 'h')), (('179', 't'), ('209', 't')), (('209', 'h'), ('87', 't')), (('87', 'h'), ('149', 't')), (('149', 'h'), ('170', 'h')), (('170', 't'), ('39', 't')), (('39', 'h'), ('191', 'h')), (('191', 't'), ('186', 'h')), (('186', 't'), ('120', 'h')), (('120', 't'), ('210', 't')), (('210', 'h'), ('208', 'h')), (('208', 't'), ('212', 't')), (('212', 'h'), ('195', 't'))])

Chosen seed at iteration 10: 1
Chosen chr at iteration 10
Iteration 11
11	deque([(('200', 't'), ('87', 't')), (('87', 'h'), ('149', 't')), (('149', 'h'), ('170', 'h')), (('170', 't'), ('39', 't')), (('39', 'h'), ('191', 'h')), (('191', 't'), ('187', 'h')), (('187', 't'), ('120', 'h')), (('120', 't'), ('210', 't')), (('210', 'h'), ('208', 'h')), (('208', 't'), ('212', 't')), (('212', 'h'), ('195', 't')), (('195', 'h'), ('48', 'h')), (('48', 't'), ('159', 'h')), (('159', 't'), ('172', 'h')), (('172', 't'), ('107', 't')), (('107', 'h'), ('63', 'h')), (('63', 't'), ('101', 't')), (('101', 'h'), ('31', 'h')), (('31', 't'), ('201', 'h')), (('201', 't'), ('205', 'h')), (('205', 't'), ('207', 't')), (('207', 'h'), ('94', 'h')), (('94', 't'), ('217', 'h')), (('217', 't'), ('141', 'h')), (('141', 't'), ('214', 't')), (('214', 'h'), ('200', 'h'))])

Chosen seed at iteration 11: 1
Chosen chr at iteration 11
Iteration 12
12	deque([(('187', 'h'), ('191', 't')), (('191', 'h'), ('39', 'h')), (('39', 't'), ('170', 't')), (('170', 'h'), ('149', 'h')), (('149', 't'), ('87', 'h')), (('87', 't'), ('209', 'h')), (('209', 't'), ('203', 'h')), (('203', 't'), ('141', 't')), (('141', 'h'), ('217', 't')), (('217', 'h'), ('94', 't')), (('94', 'h'), ('207', 'h')), (('207', 't'), ('205', 't')), (('205', 'h'), ('201', 't')), (('201', 'h'), ('31', 't')), (('31', 'h'), ('101', 'h')), (('101', 't'), ('63', 't')), (('63', 'h'), ('107', 'h')), (('107', 't'), ('172', 't')), (('172', 'h'), ('159', 't')), (('159', 'h'), ('48', 't')), (('48', 'h'), ('195', 'h')), (('195', 't'), ('212', 'h')), (('212', 't'), ('208', 't')), (('208', 'h'), ('210', 'h')), (('210', 't'), ('120', 't')), (('120', 'h'), ('187', 't'))])

Chosen seed at iteration 12: 1
Chosen chr at iteration 12
Iteration 13
13	deque([(('187', 'h'), ('191', 't')), (('191', 'h'), ('39', 'h')), (('39', 't'), ('170', 't')), (('170', 'h'), ('149', 'h')), (('149', 't'), ('87', 'h')), (('87', 't'), ('209', 'h')), (('209', 't'), ('179', 't')), (('179', 'h'), ('166', 't')), (('166', 'h'), ('160', 't')), (('160', 'h'), ('216', 't')), (('216', 'h'), ('94', 't')), (('94', 'h'), ('207', 'h')), (('207', 't'), ('205', 't')), (('205', 'h'), ('201', 't')), (('201', 'h'), ('31', 't')), (('31', 'h'), ('101', 'h')), (('101', 't'), ('63', 't')), (('63', 'h'), ('107', 'h')), (('107', 't'), ('172', 't')), (('172', 'h'), ('159', 't')), (('159', 'h'), ('48', 't')), (('48', 'h'), ('195', 'h')), (('195', 't'), ('212', 'h')), (('212', 't'), ('208', 't')), (('208', 'h'), ('210', 'h')), (('210', 't'), ('120', 't')), (('120', 'h'), ('187', 't'))])

Chosen seed at iteration 13: 1
Chosen chr at iteration 13
Iteration 14
14	deque([(('187', 'h'), ('191', 't')), (('191', 'h'), ('39', 'h')), (('39', 't'), ('170', 't')), (('170', 'h'), ('149', 'h')), (('149', 't'), ('87', 'h')), (('87', 't'), ('209', 'h')), (('209', 't'), ('179', 't')), (('179', 'h'), ('166', 't')), (('166', 'h'), ('185', 't')), (('185', 'h'), ('216', 't')), (('216', 'h'), ('94', 't')), (('94', 'h'), ('207', 'h')), (('207', 't'), ('205', 't')), (('205', 'h'), ('201', 't')), (('201', 'h'), ('31', 't')), (('31', 'h'), ('101', 'h')), (('101', 't'), ('63', 't')), (('63', 'h'), ('107', 'h')), (('107', 't'), ('172', 't')), (('172', 'h'), ('159', 't')), (('159', 'h'), ('48', 't')), (('48', 'h'), ('195', 'h')), (('195', 't'), ('212', 'h')), (('212', 't'), ('208', 't')), (('208', 'h'), ('210', 'h')), (('210', 't'), ('120', 't')), (('120', 'h'), ('187', 't'))])

Chosen seed at iteration 14: 1
Chosen chr at iteration 14
Iteration 15
15	deque([(('187', 'h'), ('191', 't')), (('191', 'h'), ('39', 'h')), (('39', 't'), ('170', 't')), (('170', 'h'), ('149', 'h')), (('149', 't'), ('87', 'h')), (('87', 't'), ('209', 'h')), (('209', 't'), ('179', 't')), (('179', 'h'), ('166', 't')), (('166', 'h'), ('185', 't')), (('185', 'h'), ('217', 't')), (('217', 'h'), ('94', 't')), (('94', 'h'), ('207', 'h')), (('207', 't'), ('205', 't')), (('205', 'h'), ('201', 't')), (('201', 'h'), ('31', 't')), (('31', 'h'), ('101', 'h')), (('101', 't'), ('63', 't')), (('63', 'h'), ('107', 'h')), (('107', 't'), ('172', 't')), (('172', 'h'), ('159', 't')), (('159', 'h'), ('48', 't')), (('48', 'h'), ('195', 'h')), (('195', 't'), ('212', 'h')), (('212', 't'), ('208', 't')), (('208', 'h'), ('210', 'h')), (('210', 't'), ('120', 't')), (('120', 'h'), ('187', 't'))])

Chosen seed at iteration 15: 1
Chosen chr at iteration 15
Iteration 16
16	deque([(('192', 'h'), ('29', 't')), (('29', 'h'), ('157', 'h')), (('157', 't'), ('87', 'h')), (('87', 't'), ('209', 'h')), (('209', 't'), ('203', 'h')), (('203', 't'), ('141', 't')), (('141', 'h'), ('217', 't')), (('217', 'h'), ('94', 't')), (('94', 'h'), ('207', 'h')), (('207', 't'), ('205', 't')), (('205', 'h'), ('201', 't')), (('201', 'h'), ('31', 't')), (('31', 'h'), ('101', 'h')), (('101', 't'), ('63', 't')), (('63', 'h'), ('107', 'h')), (('107', 't'), ('172', 't')), (('172', 'h'), ('211', 't')), (('211', 'h'), ('188', 't')), (('188', 'h'), ('186', 'h')), (('186', 't'), ('120', 'h')), (('120', 't'), ('210', 't')), (('210', 'h'), ('208', 'h')), (('208', 't'), ('212', 't')), (('212', 'h'), ('192', 't'))])

Chosen seed at iteration 16: 1
Chosen chr at iteration 16
Iteration 17
17	deque([(('200', 't'), ('87', 't')), (('87', 'h'), ('157', 't')), (('157', 'h'), ('29', 'h')), (('29', 't'), ('192', 'h')), (('192', 't'), ('212', 'h')), (('212', 't'), ('208', 't')), (('208', 'h'), ('210', 'h')), (('210', 't'), ('120', 't')), (('120', 'h'), ('186', 't')), (('186', 'h'), ('188', 'h')), (('188', 't'), ('211', 'h')), (('211', 't'), ('172', 'h')), (('172', 't'), ('107', 't')), (('107', 'h'), ('63', 'h')), (('63', 't'), ('101', 't')), (('101', 'h'), ('31', 'h')), (('31', 't'), ('201', 'h')), (('201', 't'), ('205', 'h')), (('205', 't'), ('207', 't')), (('207', 'h'), ('94', 'h')), (('94', 't'), ('217', 'h')), (('217', 't'), ('141', 'h')), (('141', 't'), ('214', 't')), (('214', 'h'), ('200', 'h'))])

Chosen seed at iteration 17: 1
Chosen chr at iteration 17
Iteration 18
18	deque([(('192', 'h'), ('29', 't')), (('29', 'h'), ('157', 'h')), (('157', 't'), ('87', 'h')), (('87', 't'), ('209', 'h')), (('209', 't'), ('179', 't')), (('179', 'h'), ('166', 't')), (('166', 'h'), ('160', 't')), (('160', 'h'), ('216', 't')), (('216', 'h'), ('94', 't')), (('94', 'h'), ('207', 'h')), (('207', 't'), ('205', 't')), (('205', 'h'), ('201', 't')), (('201', 'h'), ('31', 't')), (('31', 'h'), ('101', 'h')), (('101', 't'), ('63', 't')), (('63', 'h'), ('107', 'h')), (('107', 't'), ('172', 't')), (('172', 'h'), ('211', 't')), (('211', 'h'), ('188', 't')), (('188', 'h'), ('186', 'h')), (('186', 't'), ('120', 'h')), (('120', 't'), ('210', 't')), (('210', 'h'), ('208', 'h')), (('208', 't'), ('212', 't')), (('212', 'h'), ('192', 't'))])

Chosen seed at iteration 18: 1
Chosen chr at iteration 18
Iteration 19
19	deque([(('192', 'h'), ('29', 't')), (('29', 'h'), ('157', 'h')), (('157', 't'), ('87', 'h')), (('87', 't'), ('209', 'h')), (('209', 't'), ('179', 't')), (('179', 'h'), ('166', 't')), (('166', 'h'), ('185', 't')), (('185', 'h'), ('217', 't')), (('217', 'h'), ('94', 't')), (('94', 'h'), ('207', 'h')), (('207', 't'), ('205', 't')), (('205', 'h'), ('201', 't')), (('201', 'h'), ('31', 't')), (('31', 'h'), ('101', 'h')), (('101', 't'), ('63', 't')), (('63', 'h'), ('107', 'h')), (('107', 't'), ('172', 't')), (('172', 'h'), ('211', 't')), (('211', 'h'), ('188', 't')), (('188', 'h'), ('186', 'h')), (('186', 't'), ('120', 'h')), (('120', 't'), ('210', 't')), (('210', 'h'), ('208', 'h')), (('208', 't'), ('212', 't')), (('212', 'h'), ('192', 't'))])

Chosen seed at iteration 19: 1
Chosen chr at iteration 19
Iteration 20
20	deque([(('192', 'h'), ('29', 't')), (('29', 'h'), ('157', 'h')), (('157', 't'), ('87', 'h')), (('87', 't'), ('209', 'h')), (('209', 't'), ('179', 't')), (('179', 'h'), ('166', 't')), (('166', 'h'), ('185', 't')), (('185', 'h'), ('216', 't')), (('216', 'h'), ('94', 't')), (('94', 'h'), ('207', 'h')), (('207', 't'), ('205', 't')), (('205', 'h'), ('201', 't')), (('201', 'h'), ('31', 't')), (('31', 'h'), ('101', 'h')), (('101', 't'), ('63', 't')), (('63', 'h'), ('107', 'h')), (('107', 't'), ('172', 't')), (('172', 'h'), ('211', 't')), (('211', 'h'), ('188', 't')), (('188', 'h'), ('186', 'h')), (('186', 't'), ('120', 'h')), (('120', 't'), ('210', 't')), (('210', 'h'), ('208', 'h')), (('208', 't'), ('212', 't')), (('212', 'h'), ('192', 't'))])

Chosen seed at iteration 20: 1
Chosen chr at iteration 20
Iteration 21
21	deque([(('188', 'h'), ('187', 'h')), (('187', 't'), ('120', 'h')), (('120', 't'), ('210', 't')), (('210', 'h'), ('208', 'h')), (('208', 't'), ('212', 't')), (('212', 'h'), ('192', 't')), (('192', 'h'), ('29', 't')), (('29', 'h'), ('157', 'h')), (('157', 't'), ('87', 'h')), (('87', 't'), ('209', 'h')), (('209', 't'), ('203', 'h')), (('203', 't'), ('141', 't')), (('141', 'h'), ('217', 't')), (('217', 'h'), ('94', 't')), (('94', 'h'), ('207', 'h')), (('207', 't'), ('205', 't')), (('205', 'h'), ('201', 't')), (('201', 'h'), ('31', 't')), (('31', 'h'), ('101', 'h')), (('101', 't'), ('63', 't')), (('63', 'h'), ('107', 'h')), (('107', 't'), ('172', 't')), (('172', 'h'), ('211', 't')), (('211', 'h'), ('188', 't'))])

Chosen seed at iteration 21: 1
Chosen chr at iteration 21
Iteration 22
22	deque([(('188', 'h'), ('187', 'h')), (('187', 't'), ('120', 'h')), (('120', 't'), ('210', 't')), (('210', 'h'), ('208', 'h')), (('208', 't'), ('212', 't')), (('212', 'h'), ('192', 't')), (('192', 'h'), ('29', 't')), (('29', 'h'), ('157', 'h')), (('157', 't'), ('87', 'h')), (('87', 't'), ('200', 't')), (('200', 'h'), ('214', 'h')), (('214', 't'), ('141', 't')), (('141', 'h'), ('217', 't')), (('217', 'h'), ('94', 't')), (('94', 'h'), ('207', 'h')), (('207', 't'), ('205', 't')), (('205', 'h'), ('201', 't')), (('201', 'h'), ('31', 't')), (('31', 'h'), ('101', 'h')), (('101', 't'), ('63', 't')), (('63', 'h'), ('107', 'h')), (('107', 't'), ('172', 't')), (('172', 'h'), ('211', 't')), (('211', 'h'), ('188', 't'))])

Chosen seed at iteration 22: 1
Chosen chr at iteration 22
Iteration 23
23	deque([(('188', 'h'), ('187', 'h')), (('187', 't'), ('120', 'h')), (('120', 't'), ('210', 't')), (('210', 'h'), ('208', 'h')), (('208', 't'), ('212', 't')), (('212', 'h'), ('192', 't')), (('192', 'h'), ('29', 't')), (('29', 'h'), ('157', 'h')), (('157', 't'), ('87', 'h')), (('87', 't'), ('209', 'h')), (('209', 't'), ('179', 't')), (('179', 'h'), ('166', 't')), (('166', 'h'), ('160', 't')), (('160', 'h'), ('216', 't')), (('216', 'h'), ('94', 't')), (('94', 'h'), ('207', 'h')), (('207', 't'), ('205', 't')), (('205', 'h'), ('201', 't')), (('201', 'h'), ('31', 't')), (('31', 'h'), ('101', 'h')), (('101', 't'), ('63', 't')), (('63', 'h'), ('107', 'h')), (('107', 't'), ('172', 't')), (('172', 'h'), ('211', 't')), (('211', 'h'), ('188', 't'))])

Chosen seed at iteration 23: 1
Chosen chr at iteration 23
Iteration 24
24	deque([(('188', 'h'), ('187', 'h')), (('187', 't'), ('120', 'h')), (('120', 't'), ('210', 't')), (('210', 'h'), ('208', 'h')), (('208', 't'), ('212', 't')), (('212', 'h'), ('192', 't')), (('192', 'h'), ('29', 't')), (('29', 'h'), ('157', 'h')), (('157', 't'), ('87', 'h')), (('87', 't'), ('209', 'h')), (('209', 't'), ('179', 't')), (('179', 'h'), ('166', 't')), (('166', 'h'), ('185', 't')), (('185', 'h'), ('216', 't')), (('216', 'h'), ('94', 't')), (('94', 'h'), ('207', 'h')), (('207', 't'), ('205', 't')), (('205', 'h'), ('201', 't')), (('201', 'h'), ('31', 't')), (('31', 'h'), ('101', 'h')), (('101', 't'), ('63', 't')), (('63', 'h'), ('107', 'h')), (('107', 't'), ('172', 't')), (('172', 'h'), ('211', 't')), (('211', 'h'), ('188', 't'))])

Chosen seed at iteration 24: 1
Chosen chr at iteration 24
Iteration 25
25	deque([(('188', 'h'), ('187', 'h')), (('187', 't'), ('120', 'h')), (('120', 't'), ('210', 't')), (('210', 'h'), ('208', 'h')), (('208', 't'), ('212', 't')), (('212', 'h'), ('192', 't')), (('192', 'h'), ('29', 't')), (('29', 'h'), ('157', 'h')), (('157', 't'), ('87', 'h')), (('87', 't'), ('209', 'h')), (('209', 't'), ('179', 't')), (('179', 'h'), ('166', 't')), (('166', 'h'), ('185', 't')), (('185', 'h'), ('217', 't')), (('217', 'h'), ('94', 't')), (('94', 'h'), ('207', 'h')), (('207', 't'), ('205', 't')), (('205', 'h'), ('201', 't')), (('201', 'h'), ('31', 't')), (('31', 'h'), ('101', 'h')), (('101', 't'), ('63', 't')), (('63', 'h'), ('107', 'h')), (('107', 't'), ('172', 't')), (('172', 'h'), ('211', 't')), (('211', 'h'), ('188', 't'))])

Chosen seed at iteration 25: 1
Chosen chr at iteration 25
Iteration 26
26	deque([(('200', 't'), ('87', 't')), (('87', 'h'), ('157', 't')), (('157', 'h'), ('78', 't')), (('78', 'h'), ('108', 'h')), (('108', 't'), ('33', 'h')), (('33', 't'), ('180', 'h')), (('180', 't'), ('94', 'h')), (('94', 't'), ('217', 'h')), (('217', 't'), ('141', 'h')), (('141', 't'), ('214', 't')), (('214', 'h'), ('200', 'h'))])
26	deque([(('102', 'h'), ('82', 'h')), (('82', 't'), ('189', 'h')), (('189', 't'), ('186', 'h')), (('186', 't'), ('120', 'h')), (('120', 't'), ('210', 't')), (('210', 'h'), ('208', 'h')), (('208', 't'), ('212', 't')), (('212', 'h'), ('195', 't')), (('195', 'h'), ('56', 'h')), (('56', 't'), ('102', 't'))])
26	deque([(('90', 'h'), ('153', 't')), (('153', 'h'), ('131', 't')), (('131', 'h'), ('116', 'h'))])
26	deque([(('133', 't'), ('68', 't')), (('68', 'h'), ('90', 't'))])

Chosen seed at iteration 26: 1
Chosen chr at iteration 26
Iteration 27
27	deque([(('102', 'h'), ('82', 'h')), (('82', 't'), ('189', 'h')), (('189', 't'), ('186', 'h')), (('186', 't'), ('120', 'h')), (('120', 't'), ('210', 't')), (('210', 'h'), ('208', 'h')), (('208', 't'), ('212', 't')), (('212', 'h'), ('195', 't')), (('195', 'h'), ('56', 'h')), (('56', 't'), ('102', 't'))])
27	deque([(('108', 'h'), ('78', 'h')), (('78', 't'), ('157', 'h')), (('157', 't'), ('87', 'h')), (('87', 't'), ('209', 'h')), (('209', 't'), ('179', 't')), (('179', 'h'), ('166', 't')), (('166', 'h'), ('160', 't')), (('160', 'h'), ('216', 't')), (('216', 'h'), ('94', 't')), (('94', 'h'), ('180', 't')), (('180', 'h'), ('33', 't')), (('33', 'h'), ('108', 't'))])

Chosen seed at iteration 27: 1
Chosen chr at iteration 27
Iteration 28
28	deque([(('102', 'h'), ('82', 'h')), (('82', 't'), ('189', 'h')), (('189', 't'), ('187', 'h')), (('187', 't'), ('120', 'h')), (('120', 't'), ('210', 't')), (('210', 'h'), ('208', 'h')), (('208', 't'), ('212', 't')), (('212', 'h'), ('195', 't')), (('195', 'h'), ('56', 'h')), (('56', 't'), ('102', 't'))])
28	deque([(('108', 'h'), ('78', 'h')), (('78', 't'), ('157', 'h')), (('157', 't'), ('87', 'h')), (('87', 't'), ('209', 'h')), (('209', 't'), ('179', 't')), (('179', 'h'), ('166', 't')), (('166', 'h'), ('160', 't')), (('160', 'h'), ('216', 't')), (('216', 'h'), ('94', 't')), (('94', 'h'), ('180', 't')), (('180', 'h'), ('33', 't')), (('33', 'h'), ('108', 't'))])

Chosen seed at iteration 28: 2
Chosen chr at iteration 28
Iteration 29
29	deque([(('185', 'h'), ('216', 't')), (('216', 'h'), ('94', 't')), (('94', 'h'), ('180', 't')), (('180', 'h'), ('33', 't')), (('33', 'h'), ('108', 't')), (('108', 'h'), ('78', 'h')), (('78', 't'), ('157', 'h')), (('157', 't'), ('87', 'h')), (('87', 't'), ('209', 'h')), (('209', 't'), ('179', 't')), (('179', 'h'), ('166', 't')), (('166', 'h'), ('185', 't'))])
29	deque([(('102', 'h'), ('82', 'h')), (('82', 't'), ('189', 'h')), (('189', 't'), ('187', 'h')), (('187', 't'), ('120', 'h')), (('120', 't'), ('210', 't')), (('210', 'h'), ('208', 'h')), (('208', 't'), ('212', 't')), (('212', 'h'), ('195', 't')), (('195', 'h'), ('56', 'h')), (('56', 't'), ('102', 't'))])

Chosen seed at iteration 29: 1
Chosen chr at iteration 29
Iteration 30
30	deque([(('102', 'h'), ('82', 'h')), (('82', 't'), ('189', 'h')), (('189', 't'), ('187', 'h')), (('187', 't'), ('120', 'h')), (('120', 't'), ('210', 't')), (('210', 'h'), ('208', 'h')), (('208', 't'), ('212', 't')), (('212', 'h'), ('195', 't')), (('195', 'h'), ('56', 'h')), (('56', 't'), ('102', 't'))])
30	deque([(('108', 'h'), ('78', 'h')), (('78', 't'), ('157', 'h')), (('157', 't'), ('87', 'h')), (('87', 't'), ('209', 'h')), (('209', 't'), ('179', 't')), (('179', 'h'), ('166', 't')), (('166', 'h'), ('185', 't')), (('185', 'h'), ('217', 't')), (('217', 'h'), ('94', 't')), (('94', 'h'), ('180', 't')), (('180', 'h'), ('33', 't')), (('33', 'h'), ('108', 't'))])

Chosen seed at iteration 30: 1
Chosen chr at iteration 30
Iteration 31
31	deque([(('108', 'h'), ('78', 'h')), (('78', 't'), ('157', 'h')), (('157', 't'), ('87', 'h')), (('87', 't'), ('209', 'h')), (('209', 't'), ('179', 't')), (('179', 'h'), ('166', 't')), (('166', 'h'), ('185', 't')), (('185', 'h'), ('217', 't')), (('217', 'h'), ('94', 't')), (('94', 'h'), ('180', 't')), (('180', 'h'), ('33', 't')), (('33', 'h'), ('108', 't'))])
31	deque([(('212', 'h'), ('192', 't')), (('192', 'h'), ('38', 't')), (('38', 'h'), ('102', 'h')), (('102', 't'), ('44', 'h')), (('44', 't'), ('189', 'h')), (('189', 't'), ('186', 'h')), (('186', 't'), ('120', 'h')), (('120', 't'), ('210', 't')), (('210', 'h'), ('208', 'h')), (('208', 't'), ('212', 't'))])

Chosen seed at iteration 31: 1
Chosen chr at iteration 31
Iteration 32
32	deque([(('212', 't'), ('208', 't')), (('208', 'h'), ('210', 'h')), (('210', 't'), ('120', 't')), (('120', 'h'), ('186', 't')), (('186', 'h'), ('189', 't')), (('189', 'h'), ('44', 't')), (('44', 'h'), ('102', 't')), (('102', 'h'), ('38', 'h')), (('38', 't'), ('192', 'h')), (('192', 't'), ('212', 'h'))])

Chosen seed at iteration 32: 1
Chosen chr at iteration 32
Iteration 33
33	deque([(('212', 't'), ('208', 't')), (('208', 'h'), ('210', 'h')), (('210', 't'), ('120', 't')), (('120', 'h'), ('187', 't')), (('187', 'h'), ('189', 't')), (('189', 'h'), ('44', 't')), (('44', 'h'), ('102', 't')), (('102', 'h'), ('38', 'h')), (('38', 't'), ('192', 'h')), (('192', 't'), ('212', 'h'))])

Chosen seed at iteration 33: 1
Chosen chr at iteration 33
Iteration 34
34	deque([(('212', 't'), ('208', 't')), (('208', 'h'), ('210', 'h')), (('210', 't'), ('120', 't')), (('120', 'h'), ('186', 't')), (('186', 'h'), ('189', 't')), (('189', 'h'), ('82', 't')), (('82', 'h'), ('102', 'h')), (('102', 't'), ('74', 'h')), (('74', 't'), ('192', 'h')), (('192', 't'), ('212', 'h'))])

Chosen seed at iteration 34: 1
Chosen chr at iteration 34
Iteration 35
35	deque([(('212', 't'), ('208', 't')), (('208', 'h'), ('210', 'h')), (('210', 't'), ('120', 't')), (('120', 'h'), ('186', 't')), (('186', 'h'), ('189', 't')), (('189', 'h'), ('82', 't')), (('82', 'h'), ('102', 'h')), (('102', 't'), ('115', 'h')), (('115', 't'), ('195', 'h')), (('195', 't'), ('212', 'h'))])

Chosen seed at iteration 35: 1
Chosen chr at iteration 35
Iteration 36
36	deque([(('212', 't'), ('208', 't')), (('208', 'h'), ('210', 'h')), (('210', 't'), ('120', 't')), (('120', 'h'), ('187', 't')), (('187', 'h'), ('189', 't')), (('189', 'h'), ('82', 't')), (('82', 'h'), ('102', 'h')), (('102', 't'), ('74', 'h')), (('74', 't'), ('192', 'h')), (('192', 't'), ('212', 'h'))])

Chosen seed at iteration 36: 1
Chosen chr at iteration 36
Iteration 37
37	deque([(('212', 't'), ('208', 't')), (('208', 'h'), ('210', 'h')), (('210', 't'), ('120', 't')), (('120', 'h'), ('186', 't')), (('186', 'h'), ('189', 't')), (('189', 'h'), ('44', 't')), (('44', 'h'), ('102', 't')), (('102', 'h'), ('64', 't')), (('64', 'h'), ('192', 'h')), (('192', 't'), ('212', 'h'))])

Chosen seed at iteration 37: 1
Chosen chr at iteration 37
Iteration 38
38	deque([(('212', 't'), ('208', 't')), (('208', 'h'), ('210', 'h')), (('210', 't'), ('120', 't')), (('120', 'h'), ('187', 't')), (('187', 'h'), ('189', 't')), (('189', 'h'), ('82', 't')), (('82', 'h'), ('102', 'h')), (('102', 't'), ('115', 'h')), (('115', 't'), ('195', 'h')), (('195', 't'), ('212', 'h'))])

Chosen seed at iteration 38: 1
Chosen chr at iteration 38
Iteration 39
39	deque([(('212', 't'), ('208', 't')), (('208', 'h'), ('210', 'h')), (('210', 't'), ('120', 't')), (('120', 'h'), ('187', 't')), (('187', 'h'), ('189', 't')), (('189', 'h'), ('44', 't')), (('44', 'h'), ('102', 't')), (('102', 'h'), ('64', 't')), (('64', 'h'), ('192', 'h')), (('192', 't'), ('212', 'h'))])

Chosen seed at iteration 39: 1
Chosen chr at iteration 39
Iteration 40
40	deque([(('105', 't'), ('28', 't')), (('28', 'h'), ('195', 'h')), (('195', 't'), ('212', 'h')), (('212', 't'), ('208', 't')), (('208', 'h'), ('210', 'h')), (('210', 't'), ('120', 't')), (('120', 'h'), ('186', 't')), (('186', 'h'), ('190', 'h')), (('190', 't'), ('69', 't')), (('69', 'h'), ('156', 'h')), (('156', 't'), ('139', 'h')), (('139', 't'), ('89', 'h')), (('89', 't'), ('164', 't')), (('164', 'h'), ('92', 't')), (('92', 'h'), ('181', 'h')), (('181', 't'), ('144', 't')), (('144', 'h'), ('137', 'h')), (('137', 't'), ('36', 'h')), (('36', 't'), ('105', 'h'))])

Chosen seed at iteration 40: 1
Chosen chr at iteration 40
Iteration 41
41	deque([(('105', 't'), ('28', 't')), (('28', 'h'), ('195', 'h')), (('195', 't'), ('212', 'h')), (('212', 't'), ('208', 't')), (('208', 'h'), ('210', 'h')), (('210', 't'), ('120', 't')), (('120', 'h'), ('186', 't')), (('186', 'h'), ('190', 'h')), (('190', 't'), ('69', 't')), (('69', 'h'), ('156', 'h')), (('156', 't'), ('138', 'h')), (('138', 't'), ('89', 'h')), (('89', 't'), ('164', 't')), (('164', 'h'), ('92', 't')), (('92', 'h'), ('181', 'h')), (('181', 't'), ('144', 't')), (('144', 'h'), ('137', 'h')), (('137', 't'), ('36', 'h')), (('36', 't'), ('105', 'h'))])

Chosen seed at iteration 41: 1
Chosen chr at iteration 41
Iteration 42
42	deque([(('107', 'h'), ('76', 'h')), (('76', 't'), ('102', 't')), (('102', 'h'), ('38', 'h')), (('38', 't'), ('192', 'h')), (('192', 't'), ('212', 'h')), (('212', 't'), ('208', 't')), (('208', 'h'), ('210', 'h')), (('210', 't'), ('120', 't')), (('120', 'h'), ('186', 't')), (('186', 'h'), ('188', 'h')), (('188', 't'), ('30', 't')), (('30', 'h'), ('100', 't')), (('100', 'h'), ('26', 't')), (('26', 'h'), ('101', 't')), (('101', 'h'), ('119', 'h')), (('119', 't'), ('159', 'h')), (('159', 't'), ('172', 'h')), (('172', 't'), ('107', 't'))])

Chosen seed at iteration 42: 1
Chosen chr at iteration 42
Iteration 43
43	deque([(('105', 't'), ('28', 't')), (('28', 'h'), ('195', 'h')), (('195', 't'), ('212', 'h')), (('212', 't'), ('208', 't')), (('208', 'h'), ('210', 'h')), (('210', 't'), ('120', 't')), (('120', 'h'), ('187', 't')), (('187', 'h'), ('190', 'h')), (('190', 't'), ('69', 't')), (('69', 'h'), ('156', 'h')), (('156', 't'), ('139', 'h')), (('139', 't'), ('89', 'h')), (('89', 't'), ('164', 't')), (('164', 'h'), ('92', 't')), (('92', 'h'), ('181', 'h')), (('181', 't'), ('144', 't')), (('144', 'h'), ('137', 'h')), (('137', 't'), ('36', 'h')), (('36', 't'), ('105', 'h'))])

Chosen seed at iteration 43: 1
Chosen chr at iteration 43
Iteration 44
44	deque([(('105', 't'), ('28', 't')), (('28', 'h'), ('195', 'h')), (('195', 't'), ('212', 'h')), (('212', 't'), ('208', 't')), (('208', 'h'), ('210', 'h')), (('210', 't'), ('120', 't')), (('120', 'h'), ('187', 't')), (('187', 'h'), ('190', 'h')), (('190', 't'), ('69', 't')), (('69', 'h'), ('156', 'h')), (('156', 't'), ('138', 'h')), (('138', 't'), ('89', 'h')), (('89', 't'), ('164', 't')), (('164', 'h'), ('92', 't')), (('92', 'h'), ('181', 'h')), (('181', 't'), ('144', 't')), (('144', 'h'), ('137', 'h')), (('137', 't'), ('36', 'h')), (('36', 't'), ('105', 'h'))])

Chosen seed at iteration 44: 1
Chosen chr at iteration 44
Iteration 45
45	deque([(('188', 'h'), ('187', 'h')), (('187', 't'), ('120', 'h')), (('120', 't'), ('210', 't')), (('210', 'h'), ('208', 'h')), (('208', 't'), ('212', 't')), (('212', 'h'), ('192', 't')), (('192', 'h'), ('38', 't')), (('38', 'h'), ('102', 'h')), (('102', 't'), ('76', 't')), (('76', 'h'), ('107', 'h')), (('107', 't'), ('172', 't')), (('172', 'h'), ('159', 't')), (('159', 'h'), ('119', 't')), (('119', 'h'), ('101', 'h')), (('101', 't'), ('26', 'h')), (('26', 't'), ('100', 'h')), (('100', 't'), ('30', 'h')), (('30', 't'), ('188', 't'))])

Chosen seed at iteration 45: 1
Chosen chr at iteration 45
Iteration 46
46	deque([(('107', 'h'), ('76', 'h')), (('76', 't'), ('102', 't')), (('102', 'h'), ('64', 't')), (('64', 'h'), ('192', 'h')), (('192', 't'), ('212', 'h')), (('212', 't'), ('208', 't')), (('208', 'h'), ('210', 'h')), (('210', 't'), ('120', 't')), (('120', 'h'), ('186', 't')), (('186', 'h'), ('188', 'h')), (('188', 't'), ('30', 't')), (('30', 'h'), ('100', 't')), (('100', 'h'), ('26', 't')), (('26', 'h'), ('101', 't')), (('101', 'h'), ('119', 'h')), (('119', 't'), ('159', 'h')), (('159', 't'), ('172', 'h')), (('172', 't'), ('107', 't'))])

Chosen seed at iteration 46: 1
Chosen chr at iteration 46
Iteration 47
47	deque([(('188', 'h'), ('187', 'h')), (('187', 't'), ('120', 'h')), (('120', 't'), ('210', 't')), (('210', 'h'), ('208', 'h')), (('208', 't'), ('212', 't')), (('212', 'h'), ('192', 't')), (('192', 'h'), ('64', 'h')), (('64', 't'), ('102', 'h')), (('102', 't'), ('76', 't')), (('76', 'h'), ('107', 'h')), (('107', 't'), ('172', 't')), (('172', 'h'), ('159', 't')), (('159', 'h'), ('119', 't')), (('119', 'h'), ('101', 'h')), (('101', 't'), ('26', 'h')), (('26', 't'), ('100', 'h')), (('100', 't'), ('30', 'h')), (('30', 't'), ('188', 't'))])

Chosen seed at iteration 47: 1
Chosen chr at iteration 47
Iteration 48
48	deque([(('107', 'h'), ('76', 'h')), (('76', 't'), ('102', 't')), (('102', 'h'), ('38', 'h')), (('38', 't'), ('192', 'h')), (('192', 't'), ('212', 'h')), (('212', 't'), ('208', 't')), (('208', 'h'), ('210', 'h')), (('210', 't'), ('120', 't')), (('120', 'h'), ('186', 't')), (('186', 'h'), ('188', 'h')), (('188', 't'), ('41', 'h')), (('41', 't'), ('100', 't')), (('100', 'h'), ('26', 't')), (('26', 'h'), ('101', 't')), (('101', 'h'), ('119', 'h')), (('119', 't'), ('159', 'h')), (('159', 't'), ('172', 'h')), (('172', 't'), ('107', 't'))])

Chosen seed at iteration 48: 1
Chosen chr at iteration 48
Iteration 49
49	deque([(('192', 'h'), ('43', 't')), (('43', 'h'), ('167', 't')), (('167', 'h'), ('183', 'h')), (('183', 't'), ('206', 'h')), (('206', 't'), ('136', 'h')), (('136', 't'), ('199', 'h')), (('199', 't'), ('121', 't')), (('121', 'h'), ('152', 't')), (('152', 'h'), ('168', 'h')), (('168', 't'), ('55', 't')), (('55', 'h'), ('102', 'h')), (('102', 't'), ('44', 'h')), (('44', 't'), ('189', 'h')), (('189', 't'), ('186', 'h')), (('186', 't'), ('120', 'h')), (('120', 't'), ('210', 't')), (('210', 'h'), ('208', 'h')), (('208', 't'), ('212', 't')), (('212', 'h'), ('192', 't'))])

Chosen seed at iteration 49: 1
Chosen chr at iteration 49
Iteration 1
1	deque([(('154', 'h'), ('135', 't')), (('135', 'h'), ('176', 't')), (('176', 'h'), ('49', 't')), (('49', 'h'), ('178', 't')), (('178', 'h'), ('154', 't'))])

Chosen seed at iteration 1: 1
Chosen chr at iteration 1
Iteration 2
2	deque([(('108', 'h'), ('78', 'h')), (('78', 't'), ('157', 'h')), (('157', 't'), ('87', 'h')), (('87', 't'), ('209', 'h')), (('209', 't'), ('203', 'h')), (('203', 't'), ('141', 't')), (('141', 'h'), ('217', 't')), (('217', 'h'), ('94', 't')), (('94', 'h'), ('180', 't')), (('180', 'h'), ('33', 't')), (('33', 'h'), ('108', 't'))])
2	deque([(('101', 't'), ('63', 't')), (('63', 'h'), ('107', 'h')), (('107', 't'), ('172', 't')), (('172', 'h'), ('159', 't')), (('159', 'h'), ('119', 't')), (('119', 'h'), ('101', 'h'))])

Chosen seed at iteration 2: 1
Chosen chr at iteration 2
Iteration 3
3	deque([(('200', 't'), ('87', 't')), (('87', 'h'), ('157', 't')), (('157', 'h'), ('78', 't')), (('78', 'h'), ('108', 'h')), (('108', 't'), ('33', 'h')), (('33', 't'), ('180', 'h')), (('180', 't'), ('94', 'h')), (('94', 't'), ('217', 'h')), (('217', 't'), ('141', 'h')), (('141', 't'), ('214', 't')), (('214', 'h'), ('200', 'h'))])
3	deque([(('101', 't'), ('63', 't')), (('63', 'h'), ('107', 'h')), (('107', 't'), ('172', 't')), (('172', 'h'), ('159', 't')), (('159', 'h'), ('119', 't')), (('119', 'h'), ('101', 'h'))])

Chosen seed at iteration 3: 1
Chosen chr at iteration 3
Iteration 4
4	deque([(('108', 'h'), ('78', 'h')), (('78', 't'), ('157', 'h')), (('157', 't'), ('87', 'h')), (('87', 't'), ('209', 'h')), (('209', 't'), ('179', 't')), (('179', 'h'), ('166', 't')), (('166', 'h'), ('160', 't')), (('160', 'h'), ('216', 't')), (('216', 'h'), ('94', 't')), (('94', 'h'), ('180', 't')), (('180', 'h'), ('33', 't')), (('33', 'h'), ('108', 't'))])
4	deque([(('172', 't'), ('107', 't')), (('107', 'h'), ('63', 'h')), (('63', 't'), ('101', 't')), (('101', 'h'), ('119', 'h')), (('119', 't'), ('159', 'h')), (('159', 't'), ('172', 'h'))])

Chosen seed at iteration 4: 2
Chosen chr at iteration 4
Iteration 5
Iteration 1
1	deque([(('154', 'h'), ('135', 't')), (('135', 'h'), ('176', 't')), (('176', 'h'), ('49', 't')), (('49', 'h'), ('178', 't')), (('178', 'h'), ('154', 't'))])
1	deque([(('101', 't'), ('63', 't')), (('63', 'h'), ('107', 'h')), (('107', 't'), ('172', 't')), (('172', 'h'), ('159', 't')), (('159', 'h'), ('119', 't')), (('119', 'h'), ('101', 'h'))])

Chosen seed at iteration 1: 2
Chosen chr at iteration 1
Iteration 2
2	deque([(('135', 'h'), ('176', 't')), (('176', 'h'), ('49', 't')), (('49', 'h'), ('178', 't')), (('178', 'h'), ('154', 't')), (('154', 'h'), ('135', 't'))])

Chosen seed at iteration 2: 1
Chosen chr at iteration 2
Iteration 3
Iteration 1
1	deque([(('154', 'h'), ('135', 't')), (('135', 'h'), ('176', 't')), (('176', 'h'), ('49', 't')), (('49', 'h'), ('178', 't')), (('178', 'h'), ('154', 't'))])
1	deque([(('101', 't'), ('63', 't')), (('63', 'h'), ('107', 'h')), (('107', 't'), ('172', 't')), (('172', 'h'), ('159', 't')), (('159', 'h'), ('119', 't')), (('119', 'h'), ('101', 'h'))])

Chosen seed at iteration 1: 2
Chosen chr at iteration 1
Iteration 2
2	deque([(('135', 'h'), ('176', 't')), (('176', 'h'), ('49', 't')), (('49', 'h'), ('178', 't')), (('178', 'h'), ('154', 't')), (('154', 'h'), ('135', 't'))])

Chosen seed at iteration 2: 1
Chosen chr at iteration 2
Iteration 3
Iteration 1
1	deque([(('154', 'h'), ('135', 't')), (('135', 'h'), ('176', 't')), (('176', 'h'), ('49', 't')), (('49', 'h'), ('178', 't')), (('178', 'h'), ('154', 't'))])
1	deque([(('101', 't'), ('63', 't')), (('63', 'h'), ('107', 'h')), (('107', 't'), ('172', 't')), (('172', 'h'), ('159', 't')), (('159', 'h'), ('119', 't')), (('119', 'h'), ('101', 'h'))])

Chosen seed at iteration 1: 2
Chosen chr at iteration 1
Iteration 2
2	deque([(('135', 'h'), ('176', 't')), (('176', 'h'), ('49', 't')), (('49', 'h'), ('178', 't')), (('178', 'h'), ('154', 't')), (('154', 'h'), ('135', 't'))])

Chosen seed at iteration 2: 1
Chosen chr at iteration 2
Iteration 3
Iteration 1
1	deque([(('154', 'h'), ('135', 't')), (('135', 'h'), ('176', 't')), (('176', 'h'), ('49', 't')), (('49', 'h'), ('178', 't')), (('178', 'h'), ('154', 't'))])
1	deque([(('101', 't'), ('63', 't')), (('63', 'h'), ('107', 'h')), (('107', 't'), ('172', 't')), (('172', 'h'), ('159', 't')), (('159', 'h'), ('119', 't')), (('119', 'h'), ('101', 'h'))])

Chosen seed at iteration 1: 1
Chosen chr at iteration 1
Iteration 2
2	deque([(('159', 'h'), ('119', 't')), (('119', 'h'), ('101', 'h')), (('101', 't'), ('63', 't')), (('63', 'h'), ('107', 'h')), (('107', 't'), ('172', 't')), (('172', 'h'), ('159', 't'))])

Chosen seed at iteration 2: 1
Chosen chr at iteration 2
Iteration 3
Iteration 1
1	deque([(('154', 'h'), ('135', 't')), (('135', 'h'), ('176', 't')), (('176', 'h'), ('49', 't')), (('49', 'h'), ('178', 't')), (('178', 'h'), ('154', 't'))])
1	deque([(('101', 't'), ('63', 't')), (('63', 'h'), ('107', 'h')), (('107', 't'), ('172', 't')), (('172', 'h'), ('159', 't')), (('159', 'h'), ('119', 't')), (('119', 'h'), ('101', 'h'))])

Chosen seed at iteration 1: 1
Chosen chr at iteration 1
Iteration 2
2	deque([(('159', 'h'), ('119', 't')), (('119', 'h'), ('101', 'h')), (('101', 't'), ('63', 't')), (('63', 'h'), ('107', 'h')), (('107', 't'), ('172', 't')), (('172', 'h'), ('159', 't'))])

Chosen seed at iteration 2: 1
Chosen chr at iteration 2
Iteration 3
Iteration 1
1	deque([(('154', 'h'), ('135', 't')), (('135', 'h'), ('176', 't')), (('176', 'h'), ('49', 't')), (('49', 'h'), ('178', 't')), (('178', 'h'), ('154', 't'))])
1	deque([(('101', 't'), ('63', 't')), (('63', 'h'), ('107', 'h')), (('107', 't'), ('172', 't')), (('172', 'h'), ('159', 't')), (('159', 'h'), ('119', 't')), (('119', 'h'), ('101', 'h'))])

Chosen seed at iteration 1: 2
Chosen chr at iteration 1
Iteration 2
2	deque([(('154', 'h'), ('135', 't')), (('135', 'h'), ('176', 't')), (('176', 'h'), ('49', 't')), (('49', 'h'), ('178', 't')), (('178', 'h'), ('154', 't'))])

Chosen seed at iteration 2: 1
Chosen chr at iteration 2
Iteration 3
3	deque([(('212', 't'), ('208', 't')), (('208', 'h'), ('210', 'h')), (('210', 't'), ('120', 't')), (('120', 'h'), ('187', 't')), (('187', 'h'), ('189', 't')), (('189', 'h'), ('82', 't')), (('82', 'h'), ('102', 'h')), (('102', 't'), ('74', 'h')), (('74', 't'), ('192', 'h')), (('192', 't'), ('212', 'h'))])

Chosen seed at iteration 3: 1
Chosen chr at iteration 3
Iteration 4
4	deque([(('212', 't'), ('208', 't')), (('208', 'h'), ('210', 'h')), (('210', 't'), ('120', 't')), (('120', 'h'), ('187', 't')), (('187', 'h'), ('189', 't')), (('189', 'h'), ('82', 't')), (('82', 'h'), ('102', 'h')), (('102', 't'), ('115', 'h')), (('115', 't'), ('195', 'h')), (('195', 't'), ('212', 'h'))])

Chosen seed at iteration 4: 1
Chosen chr at iteration 4
Iteration 5
Iteration 1
1	deque([(('154', 'h'), ('135', 't')), (('135', 'h'), ('176', 't')), (('176', 'h'), ('49', 't')), (('49', 'h'), ('178', 't')), (('178', 'h'), ('154', 't'))])
1	deque([(('101', 't'), ('63', 't')), (('63', 'h'), ('107', 'h')), (('107', 't'), ('172', 't')), (('172', 'h'), ('159', 't')), (('159', 'h'), ('119', 't')), (('119', 'h'), ('101', 'h'))])

Chosen seed at iteration 1: 1
Chosen chr at iteration 1
Iteration 2
2	deque([(('159', 'h'), ('119', 't')), (('119', 'h'), ('101', 'h')), (('101', 't'), ('63', 't')), (('63', 'h'), ('107', 'h')), (('107', 't'), ('172', 't')), (('172', 'h'), ('159', 't'))])

Chosen seed at iteration 2: 1
Chosen chr at iteration 2
Iteration 3
Iteration 1
1	deque([(('154', 'h'), ('135', 't')), (('135', 'h'), ('176', 't')), (('176', 'h'), ('49', 't')), (('49', 'h'), ('178', 't')), (('178', 'h'), ('154', 't'))])

Chosen seed at iteration 1: 1
Chosen chr at iteration 1
Iteration 2
Iteration 1
1	deque([(('154', 'h'), ('135', 't')), (('135', 'h'), ('176', 't')), (('176', 'h'), ('49', 't')), (('49', 'h'), ('178', 't')), (('178', 'h'), ('154', 't'))])
1	deque([(('172', 't'), ('107', 't')), (('107', 'h'), ('63', 'h')), (('63', 't'), ('101', 't')), (('101', 'h'), ('119', 'h')), (('119', 't'), ('159', 'h')), (('159', 't'), ('172', 'h'))])

Chosen seed at iteration 1: 2
Chosen chr at iteration 1
Iteration 2
2	deque([(('154', 'h'), ('135', 't')), (('135', 'h'), ('176', 't')), (('176', 'h'), ('49', 't')), (('49', 'h'), ('178', 't')), (('178', 'h'), ('154', 't'))])

Chosen seed at iteration 2: 1
Chosen chr at iteration 2
Iteration 3
3	deque([(('163', 't'), ('159', 't')), (('159', 'h'), ('119', 't')), (('119', 'h'), ('101', 'h')), (('101', 't'), ('63', 't')), (('63', 'h'), ('107', 'h')), (('107', 't'), ('163', 'h'))])

Chosen seed at iteration 3: 1
Chosen chr at iteration 3
Iteration 4
Iteration 1
1	deque([(('135', 'h'), ('176', 't')), (('176', 'h'), ('49', 't')), (('49', 'h'), ('178', 't')), (('178', 'h'), ('154', 't')), (('154', 'h'), ('135', 't'))])

Chosen seed at iteration 1: 1
Chosen chr at iteration 1
Iteration 2
Iteration 1
1	deque([(('135', 'h'), ('176', 't')), (('176', 'h'), ('49', 't')), (('49', 'h'), ('178', 't')), (('178', 'h'), ('154', 't')), (('154', 'h'), ('135', 't'))])

Chosen seed at iteration 1: 1
Chosen chr at iteration 1
Iteration 2
Iteration 1
Iteration 1
Iteration 1
Iteration 1
Iteration 1
Iteration 1
Iteration 1
Iteration 1
1	deque([(('188', 't'), ('59', 't')), (('59', 'h'), ('189', 'h'))])

Chosen seed at iteration 1: 1
Chosen chr at iteration 1
Iteration 2
Iteration 1
1	deque([(('188', 't'), ('59', 't')), (('59', 'h'), ('189', 'h'))])

Chosen seed at iteration 1: 1
Chosen chr at iteration 1
Iteration 2
Iteration 1
Iteration 1
Iteration 1
1	deque([(('94', 'h'), ('180', 't')), (('180', 'h'), ('33', 't')), (('33', 'h'), ('108', 't')), (('108', 'h'), ('78', 'h')), (('78', 't'), ('157', 'h')), (('157', 't'), ('87', 'h')), (('87', 't'), ('200', 't')), (('200', 'h'), ('214', 'h')), (('214', 't'), ('141', 't')), (('141', 'h'), ('217', 't')), (('217', 'h'), ('94', 't'))])
1	deque([(('188', 't'), ('59', 't')), (('59', 'h'), ('189', 'h'))])

Chosen seed at iteration 1: 2
Chosen chr at iteration 1
Iteration 2
2	deque([(('94', 'h'), ('180', 't')), (('180', 'h'), ('33', 't')), (('33', 'h'), ('108', 't')), (('108', 'h'), ('78', 'h')), (('78', 't'), ('157', 'h')), (('157', 't'), ('87', 'h')), (('87', 't'), ('200', 't')), (('200', 'h'), ('214', 'h')), (('214', 't'), ('141', 't')), (('141', 'h'), ('217', 't')), (('217', 'h'), ('94', 't'))])

Chosen seed at iteration 2: 1
Chosen chr at iteration 2
Iteration 3
3	deque([(('94', 'h'), ('180', 't')), (('180', 'h'), ('33', 't')), (('33', 'h'), ('108', 't')), (('108', 'h'), ('78', 'h')), (('78', 't'), ('157', 'h')), (('157', 't'), ('87', 'h')), (('87', 't'), ('209', 'h')), (('209', 't'), ('203', 'h')), (('203', 't'), ('141', 't')), (('141', 'h'), ('217', 't')), (('217', 'h'), ('94', 't'))])

Chosen seed at iteration 3: 1
Chosen chr at iteration 3
Iteration 4
4	deque([(('94', 'h'), ('180', 't')), (('180', 'h'), ('33', 't')), (('33', 'h'), ('108', 't')), (('108', 'h'), ('78', 'h')), (('78', 't'), ('157', 'h')), (('157', 't'), ('87', 'h')), (('87', 't'), ('209', 'h')), (('209', 't'), ('179', 't')), (('179', 'h'), ('166', 't')), (('166', 'h'), ('160', 't')), (('160', 'h'), ('216', 't')), (('216', 'h'), ('94', 't'))])

Chosen seed at iteration 4: 1
Chosen chr at iteration 4
Iteration 5
5	deque([(('94', 'h'), ('180', 't')), (('180', 'h'), ('33', 't')), (('33', 'h'), ('108', 't')), (('108', 'h'), ('78', 'h')), (('78', 't'), ('157', 'h')), (('157', 't'), ('87', 'h')), (('87', 't'), ('209', 'h')), (('209', 't'), ('179', 't')), (('179', 'h'), ('166', 't')), (('166', 'h'), ('185', 't')), (('185', 'h'), ('217', 't')), (('217', 'h'), ('94', 't'))])

Chosen seed at iteration 5: 1
Chosen chr at iteration 5
Iteration 6
6	deque([(('94', 'h'), ('180', 't')), (('180', 'h'), ('33', 't')), (('33', 'h'), ('108', 't')), (('108', 'h'), ('78', 'h')), (('78', 't'), ('157', 'h')), (('157', 't'), ('87', 'h')), (('87', 't'), ('209', 'h')), (('209', 't'), ('179', 't')), (('179', 'h'), ('166', 't')), (('166', 'h'), ('185', 't')), (('185', 'h'), ('216', 't')), (('216', 'h'), ('94', 't'))])

Chosen seed at iteration 6: 1
Chosen chr at iteration 6
Iteration 7
Iteration 1
1	deque([(('188', 't'), ('59', 't')), (('59', 'h'), ('189', 'h'))])

Chosen seed at iteration 1: 1
Chosen chr at iteration 1
Iteration 2
Iteration 1
1	deque([(('192', 'h'), ('91', 't')), (('91', 'h'), ('192', 'h'))])

Chosen seed at iteration 1: 1
Chosen chr at iteration 1
Iteration 2
Iteration 1
1	deque([(('192', 'h'), ('91', 't')), (('91', 'h'), ('192', 'h'))])

Chosen seed at iteration 1: 1
Chosen chr at iteration 1
Iteration 2
Iteration 1
Iteration 1
Iteration 1
1	deque([(('192', 'h'), ('91', 't')), (('91', 'h'), ('192', 'h'))])

Chosen seed at iteration 1: 1
Chosen chr at iteration 1
Iteration 2
Iteration 1
1	deque([(('192', 'h'), ('91', 't')), (('91', 'h'), ('192', 'h'))])

Chosen seed at iteration 1: 1
Chosen chr at iteration 1
Iteration 2
Iteration 1
Iteration 1
