Iteration 1
1	deque([(('113_3', 'h'), ('45_2', 't')), (('74_1', 'h'), ('113_3', 't')), (('96_0', 't'), ('74_1', 't')), (('96_0', 'h'), ('37_0', 'h')), (('62_3', 't'), ('37_0', 't')), (('62_3', 'h'), ('46_2', 'h')), (('80_4', 't'), ('46_2', 't')), (('80_4', 'h'), ('62_4', 'h')), (('45_2', 'h'), ('62_4', 't'))])
1	deque([(('74_3', 'h'), ('52_0', 't')), (('95_1', 't'), ('74_3', 't')), (('95_1', 'h'), ('88_0', 'h')), (('52_0', 'h'), ('88_0', 't'))])

Chosen seed at iteration 1: 1
Chosen chr at iteration 1



Chosen seed at iteration 2: 2
Chosen chr at iteration 2


Iteration 3
3	deque([(('74_6', 'h'), ('113_0', 't')), (('113_0', 'h'), ('45_2', 't')), (('45_2', 'h'), ('62_3', 't')), (('80_4', 'h'), ('62_3', 'h')), (('80_4', 't'), ('46_2', 't')), (('62_6', 'h'), ('46_2', 'h')), (('62_6', 't'), ('37_0', 't')), (('96_0', 'h'), ('37_0', 'h')), (('96_0', 't'), ('74_1', 't')), (('74_1', 'h'), ('52_2', 't')), (('52_2', 'h'), ('88_0', 't')), (('95_0', 'h'), ('88_0', 'h')), (('95_0', 't'), ('74_6', 't'))])
3	deque([(('69_0', 'h'), ('76_0', 't')), (('76_0', 'h'), ('63_0', 't')), (('70_0', 'h'), ('63_0', 'h')), (('61_2', 'h'), ('70_0', 't')), (('98_0', 't'), ('61_2', 't')), (('98_0', 'h'), ('72_5', 'h')), (('72_5', 't'), ('55_5', 't')), (('55_5', 'h'), ('71_6', 't')), (('71_6', 'h'), ('64_7', 't')), (('64_7', 'h'), ('42_0', 't')), (('42_0', 'h'), ('69_0', 't'))])
3	deque([(('61_1', 't'), ('21_1', 't')), (('61_1', 'h'), ('21_1', 'h'))])

Chosen seed at iteration 3: 1
Chosen chr at iteration 3



Chosen seed at iteration 4: 2
Chosen chr at iteration 4



Chosen seed at iteration 5: 3
Chosen chr at iteration 5


Iteration 1
1	deque([(('52_1', 'h'), ('88_2', 't')), (('95_1', 'h'), ('88_2', 'h')), (('95_1', 't'), ('74_0', 't')), (('74_0', 'h'), ('52_1', 't'))])
1	deque([(('64_0', 'h'), ('116_2', 't')), (('71_0', 'h'), ('64_0', 't')), (('55_4', 'h'), ('71_0', 't')), (('72_3', 't'), ('55_4', 't')), (('72_3', 'h'), ('28_0', 'h')), (('92_1', 't'), ('28_0', 't')), (('92_1', 'h'), ('82_0', 't')), (('82_0', 'h'), ('73_1', 't')), (('75_1', 'h'), ('73_1', 'h')), (('44_0', 'h'), ('75_1', 't')), (('69_2', 't'), ('44_0', 't')), (('69_2', 'h'), ('76_1', 't')), (('76_1', 'h'), ('63_1', 't')), (('63_1', 'h'), ('66_0', 't')), (('116_2', 'h'), ('66_0', 'h'))])
1	deque([(('51_2', 'h'), ('51_2', 't'))])
1	deque([(('47_5', 'h'), ('47_5', 't'))])

Chosen seed at iteration 1: 1
Chosen chr at iteration 1



Chosen seed at iteration 2: 2
Chosen chr at iteration 2



Chosen seed at iteration 3: 3
Chosen chr at iteration 3



Chosen seed at iteration 4: 4
Chosen chr at iteration 4


Iteration 1
1	deque([(('47_1', 'h'), ('47_1', 't'))])
1	deque([(('51_19', 'h'), ('51_19', 't'))])

Chosen seed at iteration 1: 1
Chosen chr at iteration 1



Chosen seed at iteration 2: 2
Chosen chr at iteration 2


Iteration 3
3	deque([(('51_0', 'h'), ('51_0', 't'))])
3	deque([(('47_2', 'h'), ('47_2', 't'))])

Chosen seed at iteration 3: 1
Chosen chr at iteration 3



Chosen seed at iteration 4: 2
Chosen chr at iteration 4


Iteration 1
1	deque([(('103_2', 'h'), ('56_2', 't')), (('56_2', 'h'), ('40_0', 't')), (('64_5', 'h'), ('40_0', 'h')), (('71_2', 'h'), ('64_5', 't')), (('55_0', 'h'), ('71_2', 't')), (('72_0', 't'), ('55_0', 't')), (('72_0', 'h'), ('32_0', 'h')), (('90_3', 't'), ('32_0', 't')), (('90_3', 'h'), ('54_10', 't')), (('54_10', 'h'), ('117_10', 't')), (('117_10', 'h'), ('79_2', 'h')), (('91_5', 'h'), ('79_2', 't')), (('50_9', 'h'), ('91_5', 't')), (('101_2', 't'), ('50_9', 't')), (('101_2', 'h'), ('43_0', 'h')), (('103_2', 't'), ('43_0', 't'))])
1	deque([(('47_11', 'h'), ('47_11', 't'))])
1	deque([(('51_20', 'h'), ('51_20', 't'))])

Chosen seed at iteration 1: 1
Chosen chr at iteration 1



Chosen seed at iteration 2: 2
Chosen chr at iteration 2



Chosen seed at iteration 3: 3
Chosen chr at iteration 3


Iteration 4
4	deque([(('47_8', 'h'), ('47_8', 't'))])
4	deque([(('101_0', 't'), ('50_10', 't')), (('50_10', 'h'), ('91_9', 't')), (('91_9', 'h'), ('79_2', 't')), (('117_0', 'h'), ('79_2', 'h')), (('54_7', 'h'), ('117_0', 't')), (('90_0', 'h'), ('54_7', 't')), (('90_0', 't'), ('32_0', 't')), (('72_7', 'h'), ('32_0', 'h')), (('72_7', 't'), ('55_3', 't')), (('55_3', 'h'), ('71_2', 't')), (('71_2', 'h'), ('64_8', 't')), (('64_8', 'h'), ('40_0', 'h')), (('56_1', 'h'), ('40_0', 't')), (('103_1', 'h'), ('56_1', 't')), (('103_1', 't'), ('43_0', 't')), (('101_0', 'h'), ('43_0', 'h'))])
4	deque([(('51_16', 'h'), ('51_16', 't'))])

Chosen seed at iteration 4: 1
Chosen chr at iteration 4



Chosen seed at iteration 5: 2
Chosen chr at iteration 5



Chosen seed at iteration 6: 3
Chosen chr at iteration 6


Iteration 1
1	deque([(('47_11', 'h'), ('47_11', 't'))])
1	deque([(('61_0', 'h'), ('21_0', 'h')), (('61_0', 't'), ('21_0', 't'))])

Chosen seed at iteration 1: 1
Chosen chr at iteration 1



Chosen seed at iteration 2: 2
Chosen chr at iteration 2


Iteration 3
3	deque([(('47_7', 'h'), ('47_7', 't'))])
3	deque([(('51_6', 'h'), ('51_6', 't'))])

Chosen seed at iteration 3: 1
Chosen chr at iteration 3



Chosen seed at iteration 4: 2
Chosen chr at iteration 4


Iteration 1
1	deque([(('51_3', 'h'), ('51_3', 't'))])
1	deque([(('47_4', 'h'), ('47_4', 't'))])

Chosen seed at iteration 1: 1
Chosen chr at iteration 1



Chosen seed at iteration 2: 2
Chosen chr at iteration 2


Iteration 3
3	deque([(('47_11', 'h'), ('47_11', 't'))])
3	deque([(('51_19', 'h'), ('51_19', 't'))])

Chosen seed at iteration 3: 1
Chosen chr at iteration 3



Chosen seed at iteration 4: 2
Chosen chr at iteration 4


Iteration 1
1	deque([(('51_11', 'h'), ('51_11', 't'))])
1	deque([(('47_10', 'h'), ('47_10', 't'))])

Chosen seed at iteration 1: 1
Chosen chr at iteration 1



Chosen seed at iteration 2: 2
Chosen chr at iteration 2


Iteration 3
3	deque([(('51_7', 'h'), ('51_7', 't'))])
3	deque([(('47_6', 'h'), ('47_6', 't'))])

Chosen seed at iteration 3: 1
Chosen chr at iteration 3



Chosen seed at iteration 4: 2
Chosen chr at iteration 4


Iteration 1
1	deque([(('47_9', 'h'), ('47_9', 't'))])
1	deque([(('51_14', 'h'), ('51_14', 't'))])

Chosen seed at iteration 1: 1
Chosen chr at iteration 1



Chosen seed at iteration 2: 2
Chosen chr at iteration 2


Iteration 3
3	deque([(('51_18', 'h'), ('51_18', 't'))])
3	deque([(('47_1', 'h'), ('47_1', 't'))])

Chosen seed at iteration 3: 1
Chosen chr at iteration 3



Chosen seed at iteration 4: 2
Chosen chr at iteration 4


Iteration 1
1	deque([(('47_3', 'h'), ('47_3', 't'))])
1	deque([(('51_11', 'h'), ('51_11', 't'))])

Chosen seed at iteration 1: 1
Chosen chr at iteration 1



Chosen seed at iteration 2: 2
Chosen chr at iteration 2


Iteration 3
3	deque([(('51_9', 'h'), ('51_9', 't'))])
3	deque([(('47_9', 'h'), ('47_9', 't'))])

Chosen seed at iteration 3: 1
Chosen chr at iteration 3



Chosen seed at iteration 4: 2
Chosen chr at iteration 4


Iteration 1
1	deque([(('47_4', 'h'), ('47_4', 't'))])
1	deque([(('51_5', 'h'), ('51_5', 't'))])

Chosen seed at iteration 1: 1
Chosen chr at iteration 1



Chosen seed at iteration 2: 2
Chosen chr at iteration 2


Iteration 3
3	deque([(('51_15', 'h'), ('51_15', 't'))])
3	deque([(('47_3', 'h'), ('47_3', 't'))])

Chosen seed at iteration 3: 1
Chosen chr at iteration 3



Chosen seed at iteration 4: 2
Chosen chr at iteration 4


Iteration 1
1	deque([(('51_21', 'h'), ('51_21', 't'))])
1	deque([(('47_0', 'h'), ('47_0', 't'))])

Chosen seed at iteration 1: 1
Chosen chr at iteration 1



Chosen seed at iteration 2: 2
Chosen chr at iteration 2


Iteration 3
3	deque([(('51_1', 'h'), ('51_1', 't'))])
3	deque([(('47_10', 'h'), ('47_10', 't'))])

Chosen seed at iteration 3: 1
Chosen chr at iteration 3



Chosen seed at iteration 4: 2
Chosen chr at iteration 4


Iteration 1
1	deque([(('51_8', 'h'), ('51_8', 't'))])
1	deque([(('47_0', 'h'), ('47_0', 't'))])

Chosen seed at iteration 1: 1
Chosen chr at iteration 1



Chosen seed at iteration 2: 2
Chosen chr at iteration 2


Iteration 3
3	deque([(('51_12', 'h'), ('51_12', 't'))])
3	deque([(('47_4', 'h'), ('47_4', 't'))])

Chosen seed at iteration 3: 1
Chosen chr at iteration 3



Chosen seed at iteration 4: 2
Chosen chr at iteration 4


Iteration 1
1	deque([(('51_14', 'h'), ('51_14', 't'))])
1	deque([(('47_0', 'h'), ('47_0', 't'))])

Chosen seed at iteration 1: 1
Chosen chr at iteration 1



Chosen seed at iteration 2: 2
Chosen chr at iteration 2


Iteration 3
3	deque([(('51_4', 'h'), ('51_4', 't'))])

Chosen seed at iteration 3: 1
Chosen chr at iteration 3


Iteration 4
4	deque([(('51_10', 'h'), ('51_10', 't'))])

Chosen seed at iteration 4: 1
Chosen chr at iteration 4


Iteration 1
1	deque([(('47_0', 'h'), ('47_0', 't'))])
1	deque([(('51_20', 'h'), ('51_20', 't'))])

Chosen seed at iteration 1: 1
Chosen chr at iteration 1



Chosen seed at iteration 2: 2
Chosen chr at iteration 2


Iteration 3
3	deque([(('51_21', 'h'), ('51_21', 't'))])

Chosen seed at iteration 3: 1
Chosen chr at iteration 3


Iteration 4
4	deque([(('51_3', 'h'), ('51_3', 't'))])

Chosen seed at iteration 4: 1
Chosen chr at iteration 4


Iteration 1
1	deque([(('51_4', 'h'), ('51_4', 't'))])
1	deque([(('47_0', 'h'), ('47_0', 't'))])

Chosen seed at iteration 1: 1
Chosen chr at iteration 1



Chosen seed at iteration 2: 2
Chosen chr at iteration 2


Iteration 3
3	deque([(('51_14', 'h'), ('51_14', 't'))])

Chosen seed at iteration 3: 1
Chosen chr at iteration 3


Iteration 4
4	deque([(('51_17', 'h'), ('51_17', 't'))])

Chosen seed at iteration 4: 1
Chosen chr at iteration 4


Iteration 1
1	deque([(('47_0', 'h'), ('47_0', 't'))])
1	deque([(('51_8', 'h'), ('51_8', 't'))])

Chosen seed at iteration 1: 1
Chosen chr at iteration 1



Chosen seed at iteration 2: 2
Chosen chr at iteration 2


Iteration 3
3	deque([(('51_13', 'h'), ('51_13', 't'))])

Chosen seed at iteration 3: 1
Chosen chr at iteration 3


Iteration 4
4	deque([(('51_20', 'h'), ('51_20', 't'))])

Chosen seed at iteration 4: 1
Chosen chr at iteration 4


Iteration 1
1	deque([(('51_5', 'h'), ('51_5', 't'))])
1	deque([(('47_0', 'h'), ('47_0', 't'))])

Chosen seed at iteration 1: 1
Chosen chr at iteration 1



Chosen seed at iteration 2: 2
Chosen chr at iteration 2


Iteration 3
3	deque([(('51_4', 'h'), ('51_4', 't'))])

Chosen seed at iteration 3: 1
Chosen chr at iteration 3


Iteration 4
4	deque([(('51_8', 'h'), ('51_8', 't'))])

Chosen seed at iteration 4: 1
Chosen chr at iteration 4


Iteration 1
1	deque([(('51_13', 'h'), ('51_13', 't'))])
1	deque([(('47_0', 'h'), ('47_0', 't'))])

Chosen seed at iteration 1: 1
Chosen chr at iteration 1



Chosen seed at iteration 2: 2
Chosen chr at iteration 2


Iteration 3
3	deque([(('51_14', 'h'), ('51_14', 't'))])

Chosen seed at iteration 3: 1
Chosen chr at iteration 3


Iteration 4
4	deque([(('51_5', 'h'), ('51_5', 't'))])

Chosen seed at iteration 4: 1
Chosen chr at iteration 4


Iteration 1
1	deque([(('47_0', 'h'), ('47_0', 't'))])
1	deque([(('51_13', 'h'), ('51_13', 't'))])

Chosen seed at iteration 1: 1
Chosen chr at iteration 1



Chosen seed at iteration 2: 2
Chosen chr at iteration 2


Iteration 3
3	deque([(('51_11', 'h'), ('51_11', 't'))])

Chosen seed at iteration 3: 1
Chosen chr at iteration 3


Iteration 4
4	deque([(('51_14', 'h'), ('51_14', 't'))])

Chosen seed at iteration 4: 1
Chosen chr at iteration 4


Iteration 1
1	deque([(('47_0', 'h'), ('47_0', 't'))])
1	deque([(('56_0', 't'), ('19_0', 't')), (('110_0', 'h'), ('56_0', 'h')), (('19_0', 'h'), ('110_0', 't'))])
1	deque([(('51_21', 'h'), ('51_21', 't'))])

Chosen seed at iteration 1: 1
Chosen chr at iteration 1



Chosen seed at iteration 2: 2
Chosen chr at iteration 2



Chosen seed at iteration 3: 3
Chosen chr at iteration 3


Iteration 4
4	deque([(('51_13', 'h'), ('51_13', 't'))])

Chosen seed at iteration 4: 1
Chosen chr at iteration 4


Iteration 1
1	deque([(('47_0', 'h'), ('47_0', 't'))])
1	deque([(('19_0', 'h'), ('110_0', 't')), (('56_0', 't'), ('19_0', 't')), (('110_0', 'h'), ('56_0', 'h'))])
1	deque([(('51_21', 'h'), ('51_21', 't'))])

Chosen seed at iteration 1: 1
Chosen chr at iteration 1



Chosen seed at iteration 2: 2
Chosen chr at iteration 2



Chosen seed at iteration 3: 3
Chosen chr at iteration 3


Iteration 4
4	deque([(('51_4', 'h'), ('51_4', 't'))])

Chosen seed at iteration 4: 1
Chosen chr at iteration 4


Iteration 1
1	deque([(('47_0', 'h'), ('47_0', 't'))])
1	deque([(('51_21', 'h'), ('51_21', 't'))])

Chosen seed at iteration 1: 1
Chosen chr at iteration 1



Chosen seed at iteration 2: 2
Chosen chr at iteration 2


Iteration 3
3	deque([(('51_11', 'h'), ('51_11', 't'))])

Chosen seed at iteration 3: 1
Chosen chr at iteration 3


Iteration 4
Iteration 1
1	deque([(('51_21', 'h'), ('51_21', 't'))])
1	deque([(('47_0', 'h'), ('47_0', 't'))])

Chosen seed at iteration 1: 1
Chosen chr at iteration 1



Chosen seed at iteration 2: 2
Chosen chr at iteration 2


Iteration 3
3	deque([(('51_11', 'h'), ('51_11', 't'))])

Chosen seed at iteration 3: 1
Chosen chr at iteration 3


Iteration 4
Iteration 1
1	deque([(('51_11', 'h'), ('51_11', 't'))])
1	deque([(('47_0', 'h'), ('47_0', 't'))])

Chosen seed at iteration 1: 1
Chosen chr at iteration 1



Chosen seed at iteration 2: 2
Chosen chr at iteration 2


Iteration 3
3	deque([(('51_21', 'h'), ('51_21', 't'))])

Chosen seed at iteration 3: 1
Chosen chr at iteration 3


Iteration 4
Iteration 1
1	deque([(('47_0', 'h'), ('47_0', 't'))])
1	deque([(('51_21', 'h'), ('51_21', 't'))])

Chosen seed at iteration 1: 1
Chosen chr at iteration 1



Chosen seed at iteration 2: 2
Chosen chr at iteration 2


Iteration 3
3	deque([(('51_11', 'h'), ('51_11', 't'))])

Chosen seed at iteration 3: 1
Chosen chr at iteration 3


Iteration 4
Iteration 1
1	deque([(('51_11', 'h'), ('51_11', 't'))])
1	deque([(('47_0', 'h'), ('47_0', 't'))])

Chosen seed at iteration 1: 1
Chosen chr at iteration 1



Chosen seed at iteration 2: 2
Chosen chr at iteration 2


Iteration 3
3	deque([(('51_21', 'h'), ('51_21', 't'))])

Chosen seed at iteration 3: 1
Chosen chr at iteration 3


Iteration 4
Iteration 1
1	deque([(('51_11', 'h'), ('51_11', 't'))])

Chosen seed at iteration 1: 1
Chosen chr at iteration 1


Iteration 2
