Iteration 1
1	deque([(('121_0', 'h'), ('204_3', 't')), (('125_4', 't'), ('121_0', 't')), (('250_4', 'h'), ('125_4', 'h')), (('204_3', 'h'), ('250_4', 't'))])
1	deque([(('188_4', 't'), ('41_1', 't')), (('167_10', 'h'), ('41_1', 'h')), (('244_1', 'h'), ('167_10', 't')), (('177_0', 'h'), ('244_1', 't')), (('188_8', 't'), ('177_0', 't')), (('188_8', 'h'), ('205_0', 't')), (('242_3', 'h'), ('205_0', 'h')), (('188_4', 'h'), ('242_3', 't'))])

Chosen seed at iteration 1: 1
Chosen chr at iteration 1



Chosen seed at iteration 2: 2
Chosen chr at iteration 2


Iteration 3
3	deque([(('218_2', 'h'), ('221_1', 't')), (('221_1', 'h'), ('168_2', 't')), (('168_2', 'h'), ('224_0', 't')), (('224_0', 'h'), ('216_0', 't')), (('216_0', 'h'), ('248_1', 't')), (('248_1', 'h'), ('167_7', 't')), (('167_7', 'h'), ('41_1', 'h')), (('188_1', 't'), ('41_1', 't')), (('188_1', 'h'), ('242_2', 't')), (('242_2', 'h'), ('205_0', 'h')), (('188_3', 'h'), ('205_0', 't')), (('188_3', 't'), ('177_0', 't')), (('177_0', 'h'), ('244_0', 't')), (('244_0', 'h'), ('167_8', 't')), (('167_8', 'h'), ('74_0', 'h')), (('172_2', 'h'), ('74_0', 't')), (('172_2', 't'), ('129_0', 't')), (('129_0', 'h'), ('190_2', 't')), (('190_2', 'h'), ('214_1', 't')), (('214_1', 'h'), ('218_2', 't'))])
3	deque([(('121_0', 'h'), ('204_8', 't')), (('125_0', 't'), ('121_0', 't')), (('250_2', 'h'), ('125_0', 'h')), (('204_8', 'h'), ('250_2', 't'))])

Chosen seed at iteration 3: 1
Chosen chr at iteration 3



Chosen seed at iteration 4: 2
Chosen chr at iteration 4


Iteration 1
Iteration 1
1	deque([(('226_103', 'h'), ('219_110', 'h')), (('229_176', 't'), ('219_110', 't')), (('229_176', 'h'), ('206_0', 'h')), (('187_12', 'h'), ('206_0', 't')), (('249_4', 't'), ('187_12', 't')), (('253_5', 'h'), ('249_4', 'h')), (('253_5', 't'), ('36_1', 't')), (('36_1', 'h'), ('228_2', 't')), (('228_2', 'h'), ('181_2', 'h')), (('181_2', 't'), ('4_0', 't')), (('4_0', 'h'), ('254_0', 't')), (('254_0', 'h'), ('233_10', 'h')), (('180_7', 'h'), ('233_10', 't')), (('240_0', 't'), ('180_7', 't')), (('240_0', 'h'), ('211_0', 't')), (('211_0', 'h'), ('99_0', 'h')), (('232_0', 'h'), ('99_0', 't')), (('232_0', 't'), ('191_5', 't')), (('191_5', 'h'), ('235_3', 't')), (('235_3', 'h'), ('95_1', 't')), (('252_72', 'h'), ('95_1', 'h')), (('252_72', 't'), ('226_103', 't'))])
1	deque([(('247_3', 'h'), ('53_0', 't')), (('247_3', 't'), ('178_6', 't')), (('178_6', 'h'), ('53_0', 'h'))])

Chosen seed at iteration 1: 1
Chosen chr at iteration 1



Chosen seed at iteration 2: 2
Chosen chr at iteration 2


Iteration 3
Iteration 1
1	deque([(('247_6', 't'), ('178_2', 't')), (('178_2', 'h'), ('53_0', 'h')), (('247_6', 'h'), ('53_0', 't'))])

Chosen seed at iteration 1: 1
Chosen chr at iteration 1


Iteration 2
2	deque([(('247_3', 't'), ('178_2', 't')), (('178_2', 'h'), ('53_0', 'h')), (('247_3', 'h'), ('53_0', 't'))])

Chosen seed at iteration 2: 1
Chosen chr at iteration 2


Iteration 3
3	deque([(('247_2', 't'), ('178_5', 't')), (('247_2', 'h'), ('53_0', 't')), (('178_5', 'h'), ('53_0', 'h'))])

Chosen seed at iteration 3: 1
Chosen chr at iteration 3


Iteration 4
4	deque([(('229_148', 't'), ('219_178', 't')), (('226_41', 'h'), ('219_178', 'h')), (('231_23', 't'), ('226_41', 't')), (('231_23', 'h'), ('165_1', 't')), (('236_2', 'h'), ('165_1', 'h')), (('236_2', 't'), ('187_4', 't')), (('187_4', 'h'), ('206_1', 't')), (('229_148', 'h'), ('206_1', 'h'))])
4	deque([(('233_5', 'h'), ('46_0', 't')), (('180_1', 'h'), ('233_5', 't')), (('240_2', 't'), ('180_1', 't')), (('240_2', 'h'), ('46_0', 'h'))])
4	deque([(('247_11', 'h'), ('53_0', 't')), (('247_11', 't'), ('178_1', 't')), (('178_1', 'h'), ('53_0', 'h'))])

Chosen seed at iteration 4: 1
Chosen chr at iteration 4



Chosen seed at iteration 5: 2
Chosen chr at iteration 5



Chosen seed at iteration 6: 3
Chosen chr at iteration 6


Iteration 1
Iteration 1
Iteration 1
Iteration 1
Iteration 1
1	deque([(('219_219', 'h'), ('103_1', 'h')), (('241_148', 'h'), ('103_1', 't')), (('229_73', 'h'), ('241_148', 't')), (('229_73', 't'), ('219_219', 't'))])
1	deque([(('161_174', 'h'), ('161_174', 't'))])

Chosen seed at iteration 1: 1
Chosen chr at iteration 1



Chosen seed at iteration 2: 2
Chosen chr at iteration 2


Iteration 3
3	deque([(('219_222', 'h'), ('103_1', 'h')), (('229_235', 't'), ('219_222', 't')), (('229_235', 'h'), ('241_67', 't')), (('241_67', 'h'), ('103_1', 't'))])

Chosen seed at iteration 3: 1
Chosen chr at iteration 3


Iteration 4
4	deque([(('219_156', 'h'), ('103_0', 'h')), (('229_224', 't'), ('219_156', 't')), (('229_224', 'h'), ('241_98', 't')), (('241_98', 'h'), ('103_0', 't'))])

Chosen seed at iteration 4: 1
Chosen chr at iteration 4


Iteration 1
Iteration 1
1	deque([(('219_96', 'h'), ('103_1', 'h')), (('229_122', 't'), ('219_96', 't')), (('229_122', 'h'), ('241_172', 't')), (('241_172', 'h'), ('103_1', 't'))])

Chosen seed at iteration 1: 1
Chosen chr at iteration 1


Iteration 2
2	deque([(('120_128', 'h'), ('120_128', 't'))])
2	deque([(('219_3', 'h'), ('103_1', 'h')), (('229_78', 't'), ('219_3', 't')), (('229_78', 'h'), ('241_86', 't')), (('241_86', 'h'), ('103_1', 't'))])
2	deque([(('161_346', 'h'), ('161_346', 't'))])

Chosen seed at iteration 2: 1
Chosen chr at iteration 2



Chosen seed at iteration 3: 2
Chosen chr at iteration 3



Chosen seed at iteration 4: 3
Chosen chr at iteration 4


Iteration 1
Iteration 1
1	deque([(('229_163', 't'), ('219_185', 't')), (('226_139', 'h'), ('219_185', 'h')), (('252_95', 't'), ('226_139', 't')), (('252_95', 'h'), ('234_6', 'h')), (('234_6', 't'), ('163_0', 't')), (('241_174', 'h'), ('163_0', 'h')), (('229_163', 'h'), ('241_174', 't'))])

Chosen seed at iteration 1: 1
Chosen chr at iteration 1


Iteration 2
2	deque([(('252_34', 't'), ('226_145', 't')), (('252_34', 'h'), ('234_22', 'h')), (('234_22', 't'), ('163_0', 't')), (('241_180', 'h'), ('163_0', 'h')), (('229_40', 'h'), ('241_180', 't')), (('229_40', 't'), ('219_24', 't')), (('226_145', 'h'), ('219_24', 'h'))])

Chosen seed at iteration 2: 1
Chosen chr at iteration 2


Iteration 3
3	deque([(('229_93', 'h'), ('241_152', 't')), (('241_152', 'h'), ('163_0', 'h')), (('234_122', 't'), ('163_0', 't')), (('252_89', 'h'), ('234_122', 'h')), (('252_89', 't'), ('226_56', 't')), (('226_56', 'h'), ('219_191', 'h')), (('229_93', 't'), ('219_191', 't'))])

Chosen seed at iteration 3: 1
Chosen chr at iteration 3


Iteration 4
4	deque([(('252_59', 'h'), ('234_98', 'h')), (('252_59', 't'), ('226_130', 't')), (('226_130', 'h'), ('219_226', 'h')), (('229_175', 't'), ('219_226', 't')), (('229_175', 'h'), ('241_85', 't')), (('241_85', 'h'), ('163_0', 'h')), (('234_98', 't'), ('163_0', 't'))])

Chosen seed at iteration 4: 1
Chosen chr at iteration 4


Iteration 1
Iteration 1
Iteration 1
Iteration 1
Iteration 1
Iteration 1
Iteration 1
Iteration 1
Iteration 1
Iteration 1
Iteration 1
Iteration 1
Iteration 1
Iteration 1
Iteration 1
Iteration 1
Iteration 1
1	deque([(('120_4', 'h'), ('120_4', 't'))])

Chosen seed at iteration 1: 1
Chosen chr at iteration 1


Iteration 2
2	deque([(('120_102', 'h'), ('120_102', 't'))])

Chosen seed at iteration 2: 1
Chosen chr at iteration 2


Iteration 3
3	deque([(('120_18', 'h'), ('120_18', 't'))])

Chosen seed at iteration 3: 1
Chosen chr at iteration 3


Iteration 4
4	deque([(('120_120', 'h'), ('120_120', 't'))])

Chosen seed at iteration 4: 1
Chosen chr at iteration 4


Iteration 1
Iteration 1
Iteration 1
Iteration 1
Iteration 1
Iteration 1
Iteration 1
Iteration 1
Iteration 1
Iteration 1
1	deque([(('120_102', 'h'), ('120_102', 't'))])

Chosen seed at iteration 1: 1
Chosen chr at iteration 1


Iteration 2
2	deque([(('120_58', 'h'), ('120_58', 't'))])

Chosen seed at iteration 2: 1
Chosen chr at iteration 2


Iteration 3
Iteration 1
Iteration 1
Iteration 1
Iteration 1
1	deque([(('120_2', 'h'), ('120_2', 't'))])

Chosen seed at iteration 1: 1
Chosen chr at iteration 1


Iteration 2
Iteration 1
1	deque([(('120_0', 'h'), ('120_0', 't'))])

Chosen seed at iteration 1: 1
Chosen chr at iteration 1


Iteration 2
2	deque([(('120_91', 'h'), ('120_91', 't'))])

Chosen seed at iteration 2: 1
Chosen chr at iteration 2


Iteration 3
3	deque([(('120_3', 'h'), ('120_3', 't'))])

Chosen seed at iteration 3: 1
Chosen chr at iteration 3


Iteration 4
4	deque([(('161_37', 'h'), ('161_37', 't'))])

Chosen seed at iteration 4: 1
Chosen chr at iteration 4


Iteration 1
1	deque([(('120_5', 'h'), ('120_5', 't'))])

Chosen seed at iteration 1: 1
Chosen chr at iteration 1


Iteration 2
2	deque([(('120_123', 'h'), ('120_123', 't'))])

Chosen seed at iteration 2: 1
Chosen chr at iteration 2


Iteration 3
3	deque([(('120_78', 'h'), ('120_78', 't'))])

Chosen seed at iteration 3: 1
Chosen chr at iteration 3


Iteration 4
4	deque([(('120_102', 'h'), ('120_102', 't'))])

Chosen seed at iteration 4: 1
Chosen chr at iteration 4


Iteration 1
1	deque([(('161_0', 'h'), ('161_0', 't'))])

Chosen seed at iteration 1: 1
Chosen chr at iteration 1


Iteration 2
2	deque([(('120_6', 'h'), ('120_6', 't'))])

Chosen seed at iteration 2: 1
Chosen chr at iteration 2


Iteration 3
3	deque([(('120_2', 'h'), ('120_2', 't'))])

Chosen seed at iteration 3: 1
Chosen chr at iteration 3


Iteration 4
4	deque([(('120_31', 'h'), ('120_31', 't'))])

Chosen seed at iteration 4: 1
Chosen chr at iteration 4


Iteration 1
Iteration 1
Iteration 1
Iteration 1
Iteration 1
Iteration 1
Iteration 1
Iteration 1
Iteration 1
Iteration 1
Iteration 1
Iteration 1
Iteration 1
Iteration 1
Iteration 1
Iteration 1
Iteration 1
Iteration 1
Iteration 1
Iteration 1
Iteration 1
Iteration 1
Iteration 1
Iteration 1
Iteration 1
Iteration 1
Iteration 1
Iteration 1
Iteration 1
Iteration 1
Iteration 1
Iteration 1
Iteration 1
Iteration 1
Iteration 1
Iteration 1
Iteration 1
Iteration 1
Iteration 1
Iteration 1
Iteration 1
Iteration 1
Iteration 1
Iteration 1
Iteration 1
Iteration 1
Iteration 1
Iteration 1
Iteration 1
Iteration 1
Iteration 1
Iteration 1
Iteration 1
Iteration 1
Iteration 1
Iteration 1
Iteration 1
Iteration 1
Iteration 1
Iteration 1
Iteration 1
Iteration 1
Iteration 1
Iteration 1
Iteration 1
Iteration 1
Iteration 1
Iteration 1
Iteration 1
Iteration 1
Iteration 1
Iteration 1
Iteration 1
