Iteration 1
1	deque([(('107_3', 't'), ('37_1', 't')), (('107_3', 'h'), ('87_0', 't')), (('87_0', 'h'), ('60_2', 't')), (('119_1', 'h'), ('60_2', 'h')), (('77_1', 'h'), ('119_1', 't')), (('92_2', 'h'), ('77_1', 't')), (('33_1', 'h'), ('92_2', 't')), (('54_1', 't'), ('33_1', 't')), (('54_1', 'h'), ('37_1', 'h'))])

Chosen seed at iteration 1: 1
Chosen chr at iteration 1


Iteration 2
2	deque([(('124_2', 'h'), ('60_0', 't')), (('21_1', 'h'), ('124_2', 't')), (('46_1', 'h'), ('21_1', 't')), (('43_1', 'h'), ('46_1', 't')), (('58_2', 't'), ('43_1', 't')), (('58_2', 'h'), ('48_0', 'h')), (('58_0', 'h'), ('48_0', 't')), (('40_0', 'h'), ('58_0', 't')), (('107_1', 't'), ('40_0', 't')), (('107_1', 'h'), ('87_0', 't')), (('87_0', 'h'), ('60_2', 't')), (('119_0', 'h'), ('60_2', 'h')), (('77_1', 'h'), ('119_0', 't')), (('92_0', 'h'), ('77_1', 't')), (('92_0', 't'), ('27_1', 't')), (('46_2', 'h'), ('27_1', 'h')), (('46_2', 't'), ('35_0', 't')), (('54_2', 'h'), ('35_0', 'h')), (('54_2', 't'), ('33_1', 't')), (('33_1', 'h'), ('92_3', 't')), (('92_3', 'h'), ('122_0', 't')), (('122_0', 'h'), ('109_3', 'h')), (('109_3', 't'), ('83_1', 't')), (('83_1', 'h'), ('60_0', 'h'))])

Chosen seed at iteration 2: 1
Chosen chr at iteration 2


Iteration 3
3	deque([(('54_0', 't'), ('33_0', 't')), (('54_0', 'h'), ('35_1', 'h')), (('46_2', 't'), ('35_1', 't')), (('46_2', 'h'), ('21_1', 't')), (('21_1', 'h'), ('124_1', 't')), (('124_1', 'h'), ('60_0', 't')), (('119_1', 'h'), ('60_0', 'h')), (('77_1', 'h'), ('119_1', 't')), (('92_2', 'h'), ('77_1', 't')), (('33_0', 'h'), ('92_2', 't'))])

Chosen seed at iteration 3: 1
Chosen chr at iteration 3


Iteration 4
4	deque([(('92_2', 'h'), ('77_0', 't')), (('92_2', 't'), ('27_1', 't')), (('46_1', 'h'), ('27_1', 'h')), (('43_1', 'h'), ('46_1', 't')), (('58_4', 't'), ('43_1', 't')), (('58_4', 'h'), ('48_0', 'h')), (('58_5', 'h'), ('48_0', 't')), (('40_0', 'h'), ('58_5', 't')), (('107_3', 't'), ('40_0', 't')), (('107_3', 'h'), ('87_1', 't')), (('87_1', 'h'), ('60_1', 't')), (('83_1', 'h'), ('60_1', 'h')), (('109_0', 't'), ('83_1', 't')), (('122_0', 'h'), ('109_0', 'h')), (('92_1', 'h'), ('122_0', 't')), (('33_1', 'h'), ('92_1', 't')), (('54_1', 't'), ('33_1', 't')), (('54_1', 'h'), ('35_1', 'h')), (('46_2', 't'), ('35_1', 't')), (('46_2', 'h'), ('21_1', 't')), (('21_1', 'h'), ('124_1', 't')), (('124_1', 'h'), ('60_2', 't')), (('119_1', 'h'), ('60_2', 'h')), (('77_0', 'h'), ('119_1', 't'))])

Chosen seed at iteration 4: 1
Chosen chr at iteration 4


Iteration 1
1	deque([(('77_1', 'h'), ('119_0', 't')), (('92_0', 'h'), ('77_1', 't')), (('33_0', 'h'), ('92_0', 't')), (('54_0', 't'), ('33_0', 't')), (('54_0', 'h'), ('35_0', 'h')), (('46_3', 't'), ('35_0', 't')), (('46_3', 'h'), ('21_0', 't')), (('21_0', 'h'), ('124_2', 't')), (('124_2', 'h'), ('60_5', 't')), (('119_0', 'h'), ('60_5', 'h'))])

Chosen seed at iteration 1: 1
Chosen chr at iteration 1


Iteration 2
Iteration 1
Iteration 1
Iteration 1
Iteration 1
Iteration 1
Iteration 1
