Iteration 1
1	deque([(('254_0', 't'), ('237_2', 't')), (('237_2', 'h'), ('129_1', 't')), (('129_1', 'h'), ('83_0', 'h')), (('83_0', 't'), ('43_0', 't')), (('105_1', 'h'), ('43_0', 'h')), (('239_2', 'h'), ('105_1', 't')), (('214_1', 'h'), ('239_2', 't')), (('254_0', 'h'), ('214_1', 't'))])
1	deque([(('54_0', 'h'), ('33_1', 't')), (('93_1', 'h'), ('33_1', 'h')), (('131_0', 't'), ('93_1', 't')), (('131_0', 'h'), ('34_1', 'h')), (('207_1', 'h'), ('34_1', 't')), (('207_1', 't'), ('104_0', 't')), (('104_0', 'h'), ('210_5', 't')), (('210_5', 'h'), ('140_1', 'h')), (('140_1', 't'), ('54_0', 't'))])

Chosen seed at iteration 1: 1
Chosen chr at iteration 1



Chosen seed at iteration 2: 2
Chosen chr at iteration 2


Iteration 3
3	deque([(('173_3', 'h'), ('165_0', 't')), (('165_0', 'h'), ('73_0', 'h')), (('156_0', 't'), ('73_0', 't')), (('156_0', 'h'), ('180_1', 't')), (('180_1', 'h'), ('113_1', 't')), (('113_1', 'h'), ('126_0', 't')), (('126_0', 'h'), ('57_1', 't')), (('57_1', 'h'), ('189_0', 't')), (('189_0', 'h'), ('167_1', 'h')), (('167_1', 't'), ('72_0', 't')), (('72_0', 'h'), ('242_0', 't')), (('242_0', 'h'), ('214_1', 't')), (('214_1', 'h'), ('130_0', 'h')), (('176_0', 'h'), ('130_0', 't')), (('192_0', 't'), ('176_0', 't')), (('192_0', 'h'), ('220_0', 't')), (('220_0', 'h'), ('211_2', 'h')), (('211_2', 't'), ('121_0', 't')), (('121_0', 'h'), ('58_0', 't')), (('117_2', 'h'), ('58_0', 'h')), (('117_2', 't'), ('94_3', 't')), (('94_3', 'h'), ('227_0', 't')), (('227_0', 'h'), ('204_0', 't')), (('204_0', 'h'), ('62_0', 't')), (('69_2', 'h'), ('62_0', 'h')), (('196_0', 'h'), ('69_2', 't')), (('196_0', 't'), ('95_2', 't')), (('95_2', 'h'), ('28_1', 'h')), (('178_0', 't'), ('28_1', 't')), (('178_0', 'h'), ('137_3', 't')), (('137_3', 'h'), ('219_0', 't')), (('219_0', 'h'), ('66_0', 't')), (('190_1', 'h'), ('66_0', 'h')), (('190_1', 't'), ('146_1', 't')), (('146_1', 'h'), ('119_1', 't')), (('119_1', 'h'), ('76_0', 'h')), (('75_1', 'h'), ('76_0', 't')), (('86_3', 't'), ('75_1', 't')), (('86_3', 'h'), ('133_1', 't')), (('133_1', 'h'), ('210_5', 't')), (('210_5', 'h'), ('223_1', 't')), (('223_1', 'h'), ('46_1', 'h')), (('256_4', 't'), ('46_1', 't')), (('256_4', 'h'), ('226_1', 'h')), (('115_2', 'h'), ('226_1', 't')), (('250_0', 'h'), ('115_2', 't')), (('213_0', 'h'), ('250_0', 't')), (('182_5', 'h'), ('213_0', 't')), (('182_5', 't'), ('108_2', 't')), (('238_1', 'h'), ('108_2', 'h')), (('238_1', 't'), ('205_2', 't')), (('205_2', 'h'), ('182_6', 'h')), (('206_1', 'h'), ('182_6', 't')), (('206_1', 't'), ('101_2', 't')), (('101_2', 'h'), ('37_1', 'h')), (('47_3', 't'), ('37_1', 't')), (('47_3', 'h'), ('161_1', 't')), (('161_1', 'h'), ('144_2', 't')), (('144_2', 'h'), ('80_1', 't')), (('89_1', 'h'), ('80_1', 'h')), (('150_0', 't'), ('89_1', 't')), (('150_0', 'h'), ('116_1', 't')), (('141_0', 'h'), ('116_1', 'h')), (('185_0', 'h'), ('141_0', 't')), (('185_0', 't'), ('124_2', 't')), (('124_2', 'h'), ('82_0', 't')), (('82_0', 'h'), ('64_2', 'h')), (('31_3', 'h'), ('64_2', 't')), (('208_1', 'h'), ('31_3', 't')), (('208_1', 't'), ('172_4', 't')), (('172_4', 'h'), ('78_0', 'h')), (('173_3', 't'), ('78_0', 't'))])
3	deque([(('254_2', 't'), ('237_0', 't')), (('254_2', 'h'), ('214_3', 't')), (('214_3', 'h'), ('239_2', 't')), (('239_2', 'h'), ('105_1', 't')), (('105_1', 'h'), ('43_0', 'h')), (('83_2', 't'), ('43_0', 't')), (('129_1', 'h'), ('83_2', 'h')), (('237_0', 'h'), ('129_1', 't'))])
3	deque([(('180_0', 'h'), ('112_0', 'h')), (('126_3', 't'), ('112_0', 't')), (('126_3', 'h'), ('56_0', 'h')), (('189_3', 't'), ('56_0', 't')), (('189_3', 'h'), ('166_0', 't')), (('166_0', 'h'), ('72_2', 't'))])
3	deque([(('131_0', 'h'), ('34_1', 'h')), (('207_2', 'h'), ('34_1', 't')), (('207_2', 't'), ('104_0', 't')), (('104_0', 'h'), ('210_1', 't')), (('210_1', 'h'), ('140_0', 'h')), (('140_0', 't'), ('54_1', 't')), (('54_1', 'h'), ('33_1', 't')), (('93_2', 'h'), ('33_1', 'h')), (('131_0', 't'), ('93_2', 't'))])
3	deque([(('73_1', 'h'), ('164_1', 't')), (('173_2', 'h'), ('164_1', 'h')), (('85_1', 'h'), ('173_2', 't')), (('172_1', 'h'), ('85_1', 't')), (('172_1', 't'), ('111_1', 't')), (('111_1', 'h'), ('31_1', 't')), (('65_0', 'h'), ('31_1', 'h')), (('82_2', 'h'), ('65_0', 't')), (('125_1', 'h'), ('82_2', 't')), (('185_2', 't'), ('125_1', 't')), (('185_2', 'h'), ('142_0', 'h')), (('116_3', 'h'), ('142_0', 't')), (('151_1', 't'), ('116_3', 't')), (('151_1', 'h'), ('89_0', 't')), (('89_0', 'h'), ('81_0', 't')), (('144_0', 'h'), ('81_0', 'h')), (('160_1', 'h'), ('144_0', 't')), (('47_2', 'h'), ('160_1', 't'))])
3	deque([(('180_0', 't'), ('157_2', 't'))])
3	deque([(('157_2', 'h'), ('73_1', 't'))])

Chosen seed at iteration 3: 1
Chosen chr at iteration 3



Chosen seed at iteration 4: 2
Chosen chr at iteration 4



Chosen seed at iteration 5: 3
Chosen chr at iteration 5



Chosen seed at iteration 6: 4
Chosen chr at iteration 6



Chosen seed at iteration 7: 5
Chosen chr at iteration 7



Chosen seed at iteration 8: 6
Chosen chr at iteration 8



Chosen seed at iteration 9: 7
Chosen chr at iteration 9


Iteration 1
1	deque([(('220_1', 'h'), ('211_0', 'h')), (('211_0', 't'), ('120_0', 't')), (('120_0', 'h'), ('58_3', 't')), (('117_4', 'h'), ('58_3', 'h')), (('117_4', 't'), ('94_1', 't')), (('94_1', 'h'), ('227_1', 't')), (('227_1', 'h'), ('204_3', 't')), (('204_3', 'h'), ('62_1', 't')), (('69_1', 'h'), ('62_1', 'h')), (('196_1', 'h'), ('69_1', 't')), (('196_1', 't'), ('95_0', 't')), (('95_0', 'h'), ('28_0', 'h')), (('178_3', 't'), ('28_0', 't')), (('178_3', 'h'), ('137_2', 't')), (('137_2', 'h'), ('219_1', 't')), (('219_1', 'h'), ('66_2', 't')), (('190_0', 'h'), ('66_2', 'h')), (('190_0', 't'), ('146_2', 't')), (('146_2', 'h'), ('119_0', 't')), (('119_0', 'h'), ('76_1', 'h')), (('75_0', 'h'), ('76_1', 't')), (('86_1', 't'), ('75_0', 't')), (('86_1', 'h'), ('133_3', 't')), (('133_3', 'h'), ('210_3', 't')), (('210_3', 'h'), ('140_1', 'h')), (('140_1', 't'), ('54_0', 't')), (('54_0', 'h'), ('33_0', 't')), (('93_0', 'h'), ('33_0', 'h')), (('131_3', 't'), ('93_0', 't')), (('131_3', 'h'), ('34_0', 'h')), (('207_1', 'h'), ('34_0', 't')), (('207_1', 't'), ('104_1', 't')), (('104_1', 'h'), ('210_4', 't')), (('210_4', 'h'), ('223_2', 't')), (('223_2', 'h'), ('45_1', 'h')), (('213_3', 't'), ('45_1', 't')), (('213_3', 'h'), ('250_3', 't')), (('250_3', 'h'), ('115_5', 't')), (('115_5', 'h'), ('226_3', 't')), (('256_3', 'h'), ('226_3', 'h')), (('257_0', 't'), ('256_3', 't')), (('257_0', 'h'), ('205_4', 'h')), (('205_4', 't'), ('97_0', 't')), (('260_3', 'h'), ('97_0', 'h')), (('206_0', 'h'), ('260_3', 't')), (('206_0', 't'), ('101_8', 't')), (('101_8', 'h'), ('37_0', 'h')), (('47_1', 't'), ('37_0', 't')), (('47_1', 'h'), ('160_0', 't')), (('160_0', 'h'), ('144_1', 't')), (('144_1', 'h'), ('80_0', 't')), (('89_2', 'h'), ('80_0', 'h')), (('150_1', 't'), ('89_2', 't')), (('150_1', 'h'), ('116_0', 't')), (('141_1', 'h'), ('116_0', 'h')), (('185_1', 'h'), ('141_1', 't')), (('185_1', 't'), ('125_0', 't')), (('125_0', 'h'), ('82_4', 't')), (('82_4', 'h'), ('64_0', 'h')), (('31_2', 'h'), ('64_0', 't')), (('111_0', 'h'), ('31_2', 't')), (('172_3', 't'), ('111_0', 't')), (('172_3', 'h'), ('78_1', 'h')), (('173_0', 't'), ('78_1', 't')), (('173_0', 'h'), ('165_1', 't')), (('165_1', 'h'), ('73_2', 'h')), (('157_1', 'h'), ('73_2', 't')), (('180_3', 't'), ('157_1', 't')), (('180_3', 'h'), ('112_1', 'h')), (('126_1', 't'), ('112_1', 't')), (('126_1', 'h'), ('56_1', 'h')), (('189_2', 't'), ('56_1', 't')), (('189_2', 'h'), ('166_1', 't')), (('166_1', 'h'), ('72_1', 't')), (('72_1', 'h'), ('242_3', 't')), (('242_3', 'h'), ('214_5', 't')), (('214_5', 'h'), ('239_3', 't')), (('239_3', 'h'), ('105_0', 't')), (('105_0', 'h'), ('43_1', 'h')), (('83_0', 't'), ('43_1', 't')), (('129_0', 'h'), ('83_0', 'h')), (('237_2', 'h'), ('129_0', 't')), (('254_1', 't'), ('237_2', 't')), (('254_1', 'h'), ('214_0', 't')), (('214_0', 'h'), ('130_1', 'h')), (('176_1', 'h'), ('130_1', 't')), (('192_1', 't'), ('176_1', 't')), (('192_1', 'h'), ('220_1', 't'))])
1	deque([(('238_0', 'h'), ('108_3', 'h')), (('182_4', 't'), ('108_3', 't')), (('205_3', 'h'), ('182_4', 'h')), (('238_0', 't'), ('205_3', 't'))])

Chosen seed at iteration 1: 1
Chosen chr at iteration 1



Chosen seed at iteration 2: 2
Chosen chr at iteration 2


Iteration 3
3	deque([(('182_2', 't'), ('108_0', 't')), (('205_3', 'h'), ('182_2', 'h')), (('238_0', 't'), ('205_3', 't')), (('238_0', 'h'), ('108_0', 'h'))])

Chosen seed at iteration 3: 1
Chosen chr at iteration 3


Iteration 4
4	deque([(('237_2', 'h'), ('128_0', 't')), (('254_1', 't'), ('237_2', 't')), (('254_1', 'h'), ('214_0', 't')), (('214_0', 'h'), ('239_0', 't')), (('239_0', 'h'), ('105_3', 't')), (('105_3', 'h'), ('43_1', 'h')), (('83_3', 't'), ('43_1', 't')), (('128_0', 'h'), ('83_3', 'h'))])

Chosen seed at iteration 4: 1
Chosen chr at iteration 4


Iteration 1
1	deque([(('181_1', 'h'), ('207_0', 't')), (('75_2', 'h'), ('181_1', 't')), (('86_0', 't'), ('75_2', 't')), (('86_0', 'h'), ('133_0', 't')), (('133_0', 'h'), ('210_4', 't')), (('210_4', 'h'), ('223_2', 't')), (('223_2', 'h'), ('45_1', 'h')), (('213_3', 't'), ('45_1', 't')), (('213_3', 'h'), ('250_5', 't')), (('250_5', 'h'), ('115_3', 't')), (('115_3', 'h'), ('226_2', 't')), (('226_2', 'h'), ('61_1', 'h')), (('207_0', 'h'), ('61_1', 't'))])
1	deque([(('135_0', 't'), ('39_0', 't')), (('135_0', 'h'), ('224_1', 't')), (('224_1', 'h'), ('93_1', 'h')), (('188_1', 'h'), ('93_1', 't')), (('119_2', 'h'), ('188_1', 't')), (('146_2', 'h'), ('119_2', 't')), (('137_1', 'h'), ('146_2', 't')), (('84_0', 'h'), ('137_1', 't')), (('193_0', 'h'), ('84_0', 't')), (('195_1', 't'), ('193_0', 't')), (('195_1', 'h'), ('99_1', 't')), (('99_1', 'h'), ('199_1', 't')), (('199_1', 'h'), ('39_0', 'h'))])
1	deque([(('117_1', 'h'), ('19_1', 't')), (('90_1', 'h'), ('19_1', 'h')), (('109_0', 't'), ('90_1', 't')), (('109_0', 'h'), ('123_0', 't')), (('258_0', 'h'), ('123_0', 'h')), (('261_0', 'h'), ('258_0', 't')), (('109_1', 'h'), ('261_0', 't')), (('24_0', 'h'), ('109_1', 't')), (('187_0', 'h'), ('24_0', 't')), (('201_0', 'h'), ('187_0', 't')), (('201_0', 't'), ('69_1', 't')), (('186_0', 'h'), ('69_1', 'h')), (('204_1', 'h'), ('186_0', 't')), (('204_1', 't'), ('91_1', 't')), (('91_1', 'h'), ('117_1', 't'))])
1	deque([(('260_0', 'h'), ('108_1', 'h')), (('182_0', 't'), ('108_1', 't')), (('205_1', 'h'), ('182_0', 'h')), (('206_7', 't'), ('205_1', 't')), (('206_7', 'h'), ('41_1', 't')), (('101_8', 'h'), ('41_1', 'h')), (('206_2', 't'), ('101_8', 't')), (('206_2', 'h'), ('260_0', 't'))])

Chosen seed at iteration 1: 1
Chosen chr at iteration 1



Chosen seed at iteration 2: 2
Chosen chr at iteration 2



Chosen seed at iteration 3: 3
Chosen chr at iteration 3



Chosen seed at iteration 4: 4
Chosen chr at iteration 4


Iteration 1
1	deque([(('213_1', 't'), ('45_0', 't')), (('223_3', 'h'), ('45_0', 'h')), (('210_3', 'h'), ('223_3', 't')), (('133_2', 'h'), ('210_3', 't')), (('86_1', 'h'), ('133_2', 't')), (('35_0', 'h'), ('86_1', 't')), (('260_2', 'h'), ('35_0', 't')), (('206_8', 'h'), ('260_2', 't')), (('206_8', 't'), ('101_4', 't')), (('101_4', 'h'), ('41_0', 'h')), (('206_3', 'h'), ('41_0', 't')), (('206_3', 't'), ('205_3', 't')), (('257_0', 'h'), ('205_3', 'h')), (('257_0', 't'), ('256_6', 't')), (('256_6', 'h'), ('226_4', 'h')), (('115_6', 'h'), ('226_4', 't')), (('250_4', 'h'), ('115_6', 't')), (('213_1', 'h'), ('250_4', 't'))])

Chosen seed at iteration 1: 1
Chosen chr at iteration 1


Iteration 2
2	deque([(('206_3', 't'), ('101_5', 't')), (('101_5', 'h'), ('41_0', 'h')), (('206_5', 'h'), ('41_0', 't')), (('206_5', 't'), ('205_3', 't')), (('257_0', 'h'), ('205_3', 'h')), (('257_0', 't'), ('256_0', 't')), (('256_0', 'h'), ('226_0', 'h')), (('115_6', 'h'), ('226_0', 't')), (('250_3', 'h'), ('115_6', 't')), (('213_1', 'h'), ('250_3', 't')), (('213_1', 't'), ('45_0', 't')), (('223_3', 'h'), ('45_0', 'h')), (('210_3', 'h'), ('223_3', 't')), (('133_2', 'h'), ('210_3', 't')), (('86_2', 'h'), ('133_2', 't')), (('35_0', 'h'), ('86_2', 't')), (('260_6', 'h'), ('35_0', 't')), (('206_3', 'h'), ('260_6', 't'))])

Chosen seed at iteration 2: 1
Chosen chr at iteration 2


Iteration 3
3	deque([(('35_1', 'h'), ('86_2', 't')), (('86_2', 'h'), ('133_2', 't')), (('133_2', 'h'), ('210_3', 't')), (('210_3', 'h'), ('223_3', 't')), (('223_3', 'h'), ('45_0', 'h')), (('213_1', 't'), ('45_0', 't')), (('213_1', 'h'), ('250_4', 't')), (('250_4', 'h'), ('115_1', 't')), (('115_1', 'h'), ('226_4', 't')), (('256_1', 'h'), ('226_4', 'h')), (('257_0', 't'), ('256_1', 't')), (('257_0', 'h'), ('205_0', 'h')), (('206_6', 't'), ('205_0', 't')), (('206_6', 'h'), ('41_0', 't')), (('101_7', 'h'), ('41_0', 'h')), (('206_8', 't'), ('101_7', 't')), (('206_8', 'h'), ('260_1', 't')), (('260_1', 'h'), ('35_1', 't'))])

Chosen seed at iteration 3: 1
Chosen chr at iteration 3


Iteration 4
4	deque([(('210_3', 'h'), ('223_3', 't')), (('223_3', 'h'), ('45_0', 'h')), (('213_1', 't'), ('45_0', 't')), (('213_1', 'h'), ('250_3', 't')), (('250_3', 'h'), ('115_1', 't')), (('115_1', 'h'), ('226_4', 't')), (('256_0', 'h'), ('226_4', 'h')), (('257_1', 't'), ('256_0', 't')), (('257_1', 'h'), ('205_3', 'h')), (('206_5', 't'), ('205_3', 't')), (('206_5', 'h'), ('260_4', 't')), (('260_4', 'h'), ('35_0', 't')), (('35_0', 'h'), ('86_2', 't')), (('86_2', 'h'), ('133_2', 't')), (('133_2', 'h'), ('210_3', 't'))])
4	deque([(('206_8', 't'), ('101_3', 't')), (('101_3', 'h'), ('41_0', 'h')), (('206_8', 'h'), ('41_0', 't'))])

Chosen seed at iteration 4: 1
Chosen chr at iteration 4



Chosen seed at iteration 5: 2
Chosen chr at iteration 5


Iteration 1
1	deque([(('206_6', 't'), ('205_4', 't')), (('205_4', 'h'), ('182_1', 'h')), (('182_1', 't'), ('108_0', 't')), (('260_1', 'h'), ('108_0', 'h')), (('206_6', 'h'), ('260_1', 't'))])

Chosen seed at iteration 1: 1
Chosen chr at iteration 1


Iteration 2
2	deque([(('182_1', 't'), ('108_0', 't')), (('260_6', 'h'), ('108_0', 'h')), (('206_3', 'h'), ('260_6', 't')), (('206_3', 't'), ('205_4', 't')), (('205_4', 'h'), ('182_1', 'h'))])

Chosen seed at iteration 2: 1
Chosen chr at iteration 2


Iteration 3
Iteration 1
1	deque([(('260_1', 'h'), ('38_0', 't')), (('206_0', 'h'), ('260_1', 't')), (('206_0', 't'), ('101_0', 't')), (('101_0', 'h'), ('38_0', 'h'))])

Chosen seed at iteration 1: 1
Chosen chr at iteration 1


Iteration 2
2	deque([(('101_1', 'h'), ('38_0', 'h')), (('260_3', 'h'), ('38_0', 't')), (('206_0', 'h'), ('260_3', 't')), (('206_0', 't'), ('101_1', 't'))])

Chosen seed at iteration 2: 1
Chosen chr at iteration 2


Iteration 3
3	deque([(('260_6', 'h'), ('38_0', 't')), (('101_1', 'h'), ('38_0', 'h')), (('206_0', 't'), ('101_1', 't')), (('206_0', 'h'), ('260_6', 't'))])

Chosen seed at iteration 3: 1
Chosen chr at iteration 3


Iteration 4
4	deque([(('260_2', 'h'), ('38_1', 't')), (('206_0', 'h'), ('260_2', 't')), (('206_0', 't'), ('101_0', 't')), (('101_0', 'h'), ('38_1', 'h'))])

Chosen seed at iteration 4: 1
Chosen chr at iteration 4


Iteration 1
Iteration 1
Iteration 1
Iteration 1
Iteration 1
Iteration 1
Iteration 1
Iteration 1
Iteration 1
Iteration 1
Iteration 1
Iteration 1
Iteration 1
Iteration 1
Iteration 1
Iteration 1
Iteration 1
Iteration 1
Iteration 1
Iteration 1
Iteration 1
Iteration 1
Iteration 1
Iteration 1
Iteration 1
Iteration 1
Iteration 1
Iteration 1
Iteration 1
Iteration 1
Iteration 1
